[2022-04-27 10:02:21,381] {taskinstance.py:1043} INFO - Dependencies all met for <TaskInstance: first.process scheduled__2022-04-26T00:00:00+00:00 [queued]>
[2022-04-27 10:02:21,399] {taskinstance.py:1043} INFO - Dependencies all met for <TaskInstance: first.process scheduled__2022-04-26T00:00:00+00:00 [queued]>
[2022-04-27 10:02:21,400] {taskinstance.py:1249} INFO - 
--------------------------------------------------------------------------------
[2022-04-27 10:02:21,401] {taskinstance.py:1250} INFO - Starting attempt 1 of 2
[2022-04-27 10:02:21,401] {taskinstance.py:1251} INFO - 
--------------------------------------------------------------------------------
[2022-04-27 10:02:21,424] {taskinstance.py:1270} INFO - Executing <Task(PythonOperator): process> on 2022-04-26 00:00:00+00:00
[2022-04-27 10:02:21,432] {standard_task_runner.py:52} INFO - Started process 3099 to run task
[2022-04-27 10:02:21,437] {standard_task_runner.py:79} INFO - Running: ['***', 'tasks', 'run', 'first', 'process', 'scheduled__2022-04-26T00:00:00+00:00', '--job-id', '6', '--raw', '--subdir', 'DAGS_FOLDER/first.py', '--cfg-path', '/tmp/tmpgl9yakui', '--error-file', '/tmp/tmpq4b92t7e']
[2022-04-27 10:02:21,437] {standard_task_runner.py:80} INFO - Job 6: Subtask process
[2022-04-27 10:02:21,512] {logging_mixin.py:109} INFO - Running <TaskInstance: first.process scheduled__2022-04-26T00:00:00+00:00 [running]> on host 65467f9f0591
[2022-04-27 10:02:21,600] {taskinstance.py:1448} INFO - Exporting the following env vars:
AIRFLOW_CTX_DAG_EMAIL=***@example.com
AIRFLOW_CTX_DAG_OWNER=***
AIRFLOW_CTX_DAG_ID=first
AIRFLOW_CTX_TASK_ID=process
AIRFLOW_CTX_EXECUTION_DATE=2022-04-26T00:00:00+00:00
AIRFLOW_CTX_DAG_RUN_ID=scheduled__2022-04-26T00:00:00+00:00
[2022-04-27 10:02:21,601] {first.py:25} INFO - performing processing
[2022-04-27 10:02:21,601] {python.py:175} INFO - Done. Returned value was: None
[2022-04-27 10:02:21,618] {taskinstance.py:1288} INFO - Marking task as SUCCESS. dag_id=first, task_id=process, execution_date=20220426T000000, start_date=20220427T100221, end_date=20220427T100221
[2022-04-27 10:02:21,659] {local_task_job.py:154} INFO - Task exited with return code 0
[2022-04-27 10:02:21,701] {local_task_job.py:264} INFO - 1 downstream tasks scheduled from follow-on schedule check
