[2022-05-17 06:58:16,485] {processor.py:163} INFO - Started process (PID=10515) to work on /home/airflow/.local/lib/python3.7/site-packages/airflow/example_dags/example_subdag_operator.py
[2022-05-17 06:58:16,487] {processor.py:642} INFO - Processing file /home/airflow/.local/lib/python3.7/site-packages/airflow/example_dags/example_subdag_operator.py for tasks to queue
[2022-05-17 06:58:16,488] {logging_mixin.py:109} INFO - [2022-05-17 06:58:16,488] {dagbag.py:500} INFO - Filling up the DagBag from /home/airflow/.local/lib/python3.7/site-packages/airflow/example_dags/example_subdag_operator.py
[2022-05-17 06:58:16,566] {processor.py:652} INFO - DAG(s) dict_keys(['example_subdag_operator.section-1', 'example_subdag_operator.section-2', 'example_subdag_operator']) retrieved from /home/airflow/.local/lib/python3.7/site-packages/airflow/example_dags/example_subdag_operator.py
[2022-05-17 06:58:16,815] {logging_mixin.py:109} INFO - [2022-05-17 06:58:16,815] {dag.py:2398} INFO - Sync 3 DAGs
[2022-05-17 06:58:16,831] {logging_mixin.py:109} INFO - [2022-05-17 06:58:16,831] {dag.py:2937} INFO - Setting next_dagrun for example_subdag_operator to 2022-05-15T00:00:00+00:00
[2022-05-17 06:58:16,832] {logging_mixin.py:109} INFO - [2022-05-17 06:58:16,832] {dag.py:2937} INFO - Setting next_dagrun for example_subdag_operator.section-1 to None
[2022-05-17 06:58:16,832] {logging_mixin.py:109} INFO - [2022-05-17 06:58:16,832] {dag.py:2937} INFO - Setting next_dagrun for example_subdag_operator.section-2 to None
[2022-05-17 06:58:16,842] {logging_mixin.py:109} INFO - [2022-05-17 06:58:16,842] {dag.py:2398} INFO - Sync 2 DAGs
[2022-05-17 06:58:16,853] {logging_mixin.py:109} INFO - [2022-05-17 06:58:16,853] {dag.py:2937} INFO - Setting next_dagrun for example_subdag_operator.section-1 to None
[2022-05-17 06:58:16,854] {logging_mixin.py:109} INFO - [2022-05-17 06:58:16,854] {dag.py:2937} INFO - Setting next_dagrun for example_subdag_operator.section-2 to None
[2022-05-17 06:58:16,867] {processor.py:171} INFO - Processing /home/airflow/.local/lib/python3.7/site-packages/airflow/example_dags/example_subdag_operator.py took 0.387 seconds
[2022-05-17 06:58:46,936] {processor.py:163} INFO - Started process (PID=10577) to work on /home/airflow/.local/lib/python3.7/site-packages/airflow/example_dags/example_subdag_operator.py
[2022-05-17 06:58:46,938] {processor.py:642} INFO - Processing file /home/airflow/.local/lib/python3.7/site-packages/airflow/example_dags/example_subdag_operator.py for tasks to queue
[2022-05-17 06:58:46,938] {logging_mixin.py:109} INFO - [2022-05-17 06:58:46,938] {dagbag.py:500} INFO - Filling up the DagBag from /home/airflow/.local/lib/python3.7/site-packages/airflow/example_dags/example_subdag_operator.py
[2022-05-17 06:58:46,968] {processor.py:652} INFO - DAG(s) dict_keys(['example_subdag_operator.section-1', 'example_subdag_operator.section-2', 'example_subdag_operator']) retrieved from /home/airflow/.local/lib/python3.7/site-packages/airflow/example_dags/example_subdag_operator.py
[2022-05-17 06:58:46,979] {logging_mixin.py:109} INFO - [2022-05-17 06:58:46,979] {dag.py:2398} INFO - Sync 3 DAGs
[2022-05-17 06:58:46,992] {logging_mixin.py:109} INFO - [2022-05-17 06:58:46,992] {dag.py:2937} INFO - Setting next_dagrun for example_subdag_operator to 2022-05-15T00:00:00+00:00
[2022-05-17 06:58:46,993] {logging_mixin.py:109} INFO - [2022-05-17 06:58:46,993] {dag.py:2937} INFO - Setting next_dagrun for example_subdag_operator.section-1 to None
[2022-05-17 06:58:46,994] {logging_mixin.py:109} INFO - [2022-05-17 06:58:46,994] {dag.py:2937} INFO - Setting next_dagrun for example_subdag_operator.section-2 to None
[2022-05-17 06:58:47,000] {logging_mixin.py:109} INFO - [2022-05-17 06:58:46,999] {dag.py:2398} INFO - Sync 2 DAGs
[2022-05-17 06:58:47,006] {logging_mixin.py:109} INFO - [2022-05-17 06:58:47,006] {dag.py:2937} INFO - Setting next_dagrun for example_subdag_operator.section-1 to None
[2022-05-17 06:58:47,007] {logging_mixin.py:109} INFO - [2022-05-17 06:58:47,007] {dag.py:2937} INFO - Setting next_dagrun for example_subdag_operator.section-2 to None
[2022-05-17 06:58:47,017] {processor.py:171} INFO - Processing /home/airflow/.local/lib/python3.7/site-packages/airflow/example_dags/example_subdag_operator.py took 0.084 seconds
[2022-05-17 06:59:17,952] {processor.py:163} INFO - Started process (PID=10650) to work on /home/airflow/.local/lib/python3.7/site-packages/airflow/example_dags/example_subdag_operator.py
[2022-05-17 06:59:17,954] {processor.py:642} INFO - Processing file /home/airflow/.local/lib/python3.7/site-packages/airflow/example_dags/example_subdag_operator.py for tasks to queue
[2022-05-17 06:59:17,954] {logging_mixin.py:109} INFO - [2022-05-17 06:59:17,954] {dagbag.py:500} INFO - Filling up the DagBag from /home/airflow/.local/lib/python3.7/site-packages/airflow/example_dags/example_subdag_operator.py
[2022-05-17 06:59:17,987] {processor.py:652} INFO - DAG(s) dict_keys(['example_subdag_operator.section-1', 'example_subdag_operator.section-2', 'example_subdag_operator']) retrieved from /home/airflow/.local/lib/python3.7/site-packages/airflow/example_dags/example_subdag_operator.py
[2022-05-17 06:59:17,997] {logging_mixin.py:109} INFO - [2022-05-17 06:59:17,997] {dag.py:2398} INFO - Sync 3 DAGs
[2022-05-17 06:59:18,014] {logging_mixin.py:109} INFO - [2022-05-17 06:59:18,013] {dag.py:2937} INFO - Setting next_dagrun for example_subdag_operator to 2022-05-15T00:00:00+00:00
[2022-05-17 06:59:18,014] {logging_mixin.py:109} INFO - [2022-05-17 06:59:18,014] {dag.py:2937} INFO - Setting next_dagrun for example_subdag_operator.section-1 to None
[2022-05-17 06:59:18,015] {logging_mixin.py:109} INFO - [2022-05-17 06:59:18,015] {dag.py:2937} INFO - Setting next_dagrun for example_subdag_operator.section-2 to None
[2022-05-17 06:59:18,022] {logging_mixin.py:109} INFO - [2022-05-17 06:59:18,022] {dag.py:2398} INFO - Sync 2 DAGs
[2022-05-17 06:59:18,030] {logging_mixin.py:109} INFO - [2022-05-17 06:59:18,029] {dag.py:2937} INFO - Setting next_dagrun for example_subdag_operator.section-1 to None
[2022-05-17 06:59:18,030] {logging_mixin.py:109} INFO - [2022-05-17 06:59:18,030] {dag.py:2937} INFO - Setting next_dagrun for example_subdag_operator.section-2 to None
[2022-05-17 06:59:18,040] {processor.py:171} INFO - Processing /home/airflow/.local/lib/python3.7/site-packages/airflow/example_dags/example_subdag_operator.py took 0.091 seconds
[2022-05-17 06:59:48,773] {processor.py:163} INFO - Started process (PID=10722) to work on /home/airflow/.local/lib/python3.7/site-packages/airflow/example_dags/example_subdag_operator.py
[2022-05-17 06:59:48,775] {processor.py:642} INFO - Processing file /home/airflow/.local/lib/python3.7/site-packages/airflow/example_dags/example_subdag_operator.py for tasks to queue
[2022-05-17 06:59:48,776] {logging_mixin.py:109} INFO - [2022-05-17 06:59:48,776] {dagbag.py:500} INFO - Filling up the DagBag from /home/airflow/.local/lib/python3.7/site-packages/airflow/example_dags/example_subdag_operator.py
[2022-05-17 06:59:48,810] {processor.py:652} INFO - DAG(s) dict_keys(['example_subdag_operator.section-1', 'example_subdag_operator.section-2', 'example_subdag_operator']) retrieved from /home/airflow/.local/lib/python3.7/site-packages/airflow/example_dags/example_subdag_operator.py
[2022-05-17 06:59:48,821] {logging_mixin.py:109} INFO - [2022-05-17 06:59:48,821] {dag.py:2398} INFO - Sync 3 DAGs
[2022-05-17 06:59:48,840] {logging_mixin.py:109} INFO - [2022-05-17 06:59:48,840] {dag.py:2937} INFO - Setting next_dagrun for example_subdag_operator to 2022-05-15T00:00:00+00:00
[2022-05-17 06:59:48,841] {logging_mixin.py:109} INFO - [2022-05-17 06:59:48,841] {dag.py:2937} INFO - Setting next_dagrun for example_subdag_operator.section-1 to None
[2022-05-17 06:59:48,841] {logging_mixin.py:109} INFO - [2022-05-17 06:59:48,841] {dag.py:2937} INFO - Setting next_dagrun for example_subdag_operator.section-2 to None
[2022-05-17 06:59:48,849] {logging_mixin.py:109} INFO - [2022-05-17 06:59:48,849] {dag.py:2398} INFO - Sync 2 DAGs
[2022-05-17 06:59:48,859] {logging_mixin.py:109} INFO - [2022-05-17 06:59:48,859] {dag.py:2937} INFO - Setting next_dagrun for example_subdag_operator.section-1 to None
[2022-05-17 06:59:48,860] {logging_mixin.py:109} INFO - [2022-05-17 06:59:48,860] {dag.py:2937} INFO - Setting next_dagrun for example_subdag_operator.section-2 to None
[2022-05-17 06:59:48,870] {processor.py:171} INFO - Processing /home/airflow/.local/lib/python3.7/site-packages/airflow/example_dags/example_subdag_operator.py took 0.101 seconds
[2022-05-17 07:00:19,505] {processor.py:163} INFO - Started process (PID=10786) to work on /home/airflow/.local/lib/python3.7/site-packages/airflow/example_dags/example_subdag_operator.py
[2022-05-17 07:00:19,506] {processor.py:642} INFO - Processing file /home/airflow/.local/lib/python3.7/site-packages/airflow/example_dags/example_subdag_operator.py for tasks to queue
[2022-05-17 07:00:19,507] {logging_mixin.py:109} INFO - [2022-05-17 07:00:19,507] {dagbag.py:500} INFO - Filling up the DagBag from /home/airflow/.local/lib/python3.7/site-packages/airflow/example_dags/example_subdag_operator.py
[2022-05-17 07:00:19,539] {processor.py:652} INFO - DAG(s) dict_keys(['example_subdag_operator.section-1', 'example_subdag_operator.section-2', 'example_subdag_operator']) retrieved from /home/airflow/.local/lib/python3.7/site-packages/airflow/example_dags/example_subdag_operator.py
[2022-05-17 07:00:19,553] {logging_mixin.py:109} INFO - [2022-05-17 07:00:19,553] {dag.py:2398} INFO - Sync 3 DAGs
[2022-05-17 07:00:19,569] {logging_mixin.py:109} INFO - [2022-05-17 07:00:19,569] {dag.py:2937} INFO - Setting next_dagrun for example_subdag_operator to 2022-05-15T00:00:00+00:00
[2022-05-17 07:00:19,570] {logging_mixin.py:109} INFO - [2022-05-17 07:00:19,569] {dag.py:2937} INFO - Setting next_dagrun for example_subdag_operator.section-1 to None
[2022-05-17 07:00:19,570] {logging_mixin.py:109} INFO - [2022-05-17 07:00:19,570] {dag.py:2937} INFO - Setting next_dagrun for example_subdag_operator.section-2 to None
[2022-05-17 07:00:19,576] {logging_mixin.py:109} INFO - [2022-05-17 07:00:19,576] {dag.py:2398} INFO - Sync 2 DAGs
[2022-05-17 07:00:19,584] {logging_mixin.py:109} INFO - [2022-05-17 07:00:19,583] {dag.py:2937} INFO - Setting next_dagrun for example_subdag_operator.section-1 to None
[2022-05-17 07:00:19,584] {logging_mixin.py:109} INFO - [2022-05-17 07:00:19,584] {dag.py:2937} INFO - Setting next_dagrun for example_subdag_operator.section-2 to None
[2022-05-17 07:00:19,595] {processor.py:171} INFO - Processing /home/airflow/.local/lib/python3.7/site-packages/airflow/example_dags/example_subdag_operator.py took 0.093 seconds
[2022-05-17 07:00:50,158] {processor.py:163} INFO - Started process (PID=10859) to work on /home/airflow/.local/lib/python3.7/site-packages/airflow/example_dags/example_subdag_operator.py
[2022-05-17 07:00:50,160] {processor.py:642} INFO - Processing file /home/airflow/.local/lib/python3.7/site-packages/airflow/example_dags/example_subdag_operator.py for tasks to queue
[2022-05-17 07:00:50,160] {logging_mixin.py:109} INFO - [2022-05-17 07:00:50,160] {dagbag.py:500} INFO - Filling up the DagBag from /home/airflow/.local/lib/python3.7/site-packages/airflow/example_dags/example_subdag_operator.py
[2022-05-17 07:00:50,187] {processor.py:652} INFO - DAG(s) dict_keys(['example_subdag_operator.section-1', 'example_subdag_operator.section-2', 'example_subdag_operator']) retrieved from /home/airflow/.local/lib/python3.7/site-packages/airflow/example_dags/example_subdag_operator.py
[2022-05-17 07:00:50,196] {logging_mixin.py:109} INFO - [2022-05-17 07:00:50,195] {dag.py:2398} INFO - Sync 3 DAGs
[2022-05-17 07:00:50,207] {logging_mixin.py:109} INFO - [2022-05-17 07:00:50,207] {dag.py:2937} INFO - Setting next_dagrun for example_subdag_operator to 2022-05-15T00:00:00+00:00
[2022-05-17 07:00:50,208] {logging_mixin.py:109} INFO - [2022-05-17 07:00:50,208] {dag.py:2937} INFO - Setting next_dagrun for example_subdag_operator.section-1 to None
[2022-05-17 07:00:50,209] {logging_mixin.py:109} INFO - [2022-05-17 07:00:50,209] {dag.py:2937} INFO - Setting next_dagrun for example_subdag_operator.section-2 to None
[2022-05-17 07:00:50,214] {logging_mixin.py:109} INFO - [2022-05-17 07:00:50,214] {dag.py:2398} INFO - Sync 2 DAGs
[2022-05-17 07:00:50,220] {logging_mixin.py:109} INFO - [2022-05-17 07:00:50,220] {dag.py:2937} INFO - Setting next_dagrun for example_subdag_operator.section-1 to None
[2022-05-17 07:00:50,221] {logging_mixin.py:109} INFO - [2022-05-17 07:00:50,221] {dag.py:2937} INFO - Setting next_dagrun for example_subdag_operator.section-2 to None
[2022-05-17 07:00:50,230] {processor.py:171} INFO - Processing /home/airflow/.local/lib/python3.7/site-packages/airflow/example_dags/example_subdag_operator.py took 0.075 seconds
[2022-05-17 07:01:20,873] {processor.py:163} INFO - Started process (PID=10922) to work on /home/airflow/.local/lib/python3.7/site-packages/airflow/example_dags/example_subdag_operator.py
[2022-05-17 07:01:20,874] {processor.py:642} INFO - Processing file /home/airflow/.local/lib/python3.7/site-packages/airflow/example_dags/example_subdag_operator.py for tasks to queue
[2022-05-17 07:01:20,875] {logging_mixin.py:109} INFO - [2022-05-17 07:01:20,875] {dagbag.py:500} INFO - Filling up the DagBag from /home/airflow/.local/lib/python3.7/site-packages/airflow/example_dags/example_subdag_operator.py
[2022-05-17 07:01:20,902] {processor.py:652} INFO - DAG(s) dict_keys(['example_subdag_operator.section-1', 'example_subdag_operator.section-2', 'example_subdag_operator']) retrieved from /home/airflow/.local/lib/python3.7/site-packages/airflow/example_dags/example_subdag_operator.py
[2022-05-17 07:01:20,911] {logging_mixin.py:109} INFO - [2022-05-17 07:01:20,911] {dag.py:2398} INFO - Sync 3 DAGs
[2022-05-17 07:01:20,928] {logging_mixin.py:109} INFO - [2022-05-17 07:01:20,928] {dag.py:2937} INFO - Setting next_dagrun for example_subdag_operator to 2022-05-15T00:00:00+00:00
[2022-05-17 07:01:20,929] {logging_mixin.py:109} INFO - [2022-05-17 07:01:20,929] {dag.py:2937} INFO - Setting next_dagrun for example_subdag_operator.section-1 to None
[2022-05-17 07:01:20,929] {logging_mixin.py:109} INFO - [2022-05-17 07:01:20,929] {dag.py:2937} INFO - Setting next_dagrun for example_subdag_operator.section-2 to None
[2022-05-17 07:01:20,936] {logging_mixin.py:109} INFO - [2022-05-17 07:01:20,936] {dag.py:2398} INFO - Sync 2 DAGs
[2022-05-17 07:01:20,942] {logging_mixin.py:109} INFO - [2022-05-17 07:01:20,942] {dag.py:2937} INFO - Setting next_dagrun for example_subdag_operator.section-1 to None
[2022-05-17 07:01:20,943] {logging_mixin.py:109} INFO - [2022-05-17 07:01:20,943] {dag.py:2937} INFO - Setting next_dagrun for example_subdag_operator.section-2 to None
[2022-05-17 07:01:20,951] {processor.py:171} INFO - Processing /home/airflow/.local/lib/python3.7/site-packages/airflow/example_dags/example_subdag_operator.py took 0.081 seconds
[2022-05-17 07:01:51,524] {processor.py:163} INFO - Started process (PID=10994) to work on /home/airflow/.local/lib/python3.7/site-packages/airflow/example_dags/example_subdag_operator.py
[2022-05-17 07:01:51,526] {processor.py:642} INFO - Processing file /home/airflow/.local/lib/python3.7/site-packages/airflow/example_dags/example_subdag_operator.py for tasks to queue
[2022-05-17 07:01:51,527] {logging_mixin.py:109} INFO - [2022-05-17 07:01:51,527] {dagbag.py:500} INFO - Filling up the DagBag from /home/airflow/.local/lib/python3.7/site-packages/airflow/example_dags/example_subdag_operator.py
[2022-05-17 07:01:51,562] {processor.py:652} INFO - DAG(s) dict_keys(['example_subdag_operator.section-1', 'example_subdag_operator.section-2', 'example_subdag_operator']) retrieved from /home/airflow/.local/lib/python3.7/site-packages/airflow/example_dags/example_subdag_operator.py
[2022-05-17 07:01:51,573] {logging_mixin.py:109} INFO - [2022-05-17 07:01:51,573] {dag.py:2398} INFO - Sync 3 DAGs
[2022-05-17 07:01:51,586] {logging_mixin.py:109} INFO - [2022-05-17 07:01:51,586] {dag.py:2937} INFO - Setting next_dagrun for example_subdag_operator to 2022-05-15T00:00:00+00:00
[2022-05-17 07:01:51,587] {logging_mixin.py:109} INFO - [2022-05-17 07:01:51,587] {dag.py:2937} INFO - Setting next_dagrun for example_subdag_operator.section-1 to None
[2022-05-17 07:01:51,588] {logging_mixin.py:109} INFO - [2022-05-17 07:01:51,588] {dag.py:2937} INFO - Setting next_dagrun for example_subdag_operator.section-2 to None
[2022-05-17 07:01:51,594] {logging_mixin.py:109} INFO - [2022-05-17 07:01:51,594] {dag.py:2398} INFO - Sync 2 DAGs
[2022-05-17 07:01:51,601] {logging_mixin.py:109} INFO - [2022-05-17 07:01:51,601] {dag.py:2937} INFO - Setting next_dagrun for example_subdag_operator.section-1 to None
[2022-05-17 07:01:51,602] {logging_mixin.py:109} INFO - [2022-05-17 07:01:51,602] {dag.py:2937} INFO - Setting next_dagrun for example_subdag_operator.section-2 to None
[2022-05-17 07:01:51,613] {processor.py:171} INFO - Processing /home/airflow/.local/lib/python3.7/site-packages/airflow/example_dags/example_subdag_operator.py took 0.092 seconds
[2022-05-17 07:02:22,647] {processor.py:163} INFO - Started process (PID=11067) to work on /home/airflow/.local/lib/python3.7/site-packages/airflow/example_dags/example_subdag_operator.py
[2022-05-17 07:02:22,648] {processor.py:642} INFO - Processing file /home/airflow/.local/lib/python3.7/site-packages/airflow/example_dags/example_subdag_operator.py for tasks to queue
[2022-05-17 07:02:22,649] {logging_mixin.py:109} INFO - [2022-05-17 07:02:22,648] {dagbag.py:500} INFO - Filling up the DagBag from /home/airflow/.local/lib/python3.7/site-packages/airflow/example_dags/example_subdag_operator.py
[2022-05-17 07:02:22,677] {processor.py:652} INFO - DAG(s) dict_keys(['example_subdag_operator.section-1', 'example_subdag_operator.section-2', 'example_subdag_operator']) retrieved from /home/airflow/.local/lib/python3.7/site-packages/airflow/example_dags/example_subdag_operator.py
[2022-05-17 07:02:22,688] {logging_mixin.py:109} INFO - [2022-05-17 07:02:22,688] {dag.py:2398} INFO - Sync 3 DAGs
[2022-05-17 07:02:22,703] {logging_mixin.py:109} INFO - [2022-05-17 07:02:22,703] {dag.py:2937} INFO - Setting next_dagrun for example_subdag_operator to 2022-05-15T00:00:00+00:00
[2022-05-17 07:02:22,703] {logging_mixin.py:109} INFO - [2022-05-17 07:02:22,703] {dag.py:2937} INFO - Setting next_dagrun for example_subdag_operator.section-1 to None
[2022-05-17 07:02:22,704] {logging_mixin.py:109} INFO - [2022-05-17 07:02:22,704] {dag.py:2937} INFO - Setting next_dagrun for example_subdag_operator.section-2 to None
[2022-05-17 07:02:22,710] {logging_mixin.py:109} INFO - [2022-05-17 07:02:22,710] {dag.py:2398} INFO - Sync 2 DAGs
[2022-05-17 07:02:22,718] {logging_mixin.py:109} INFO - [2022-05-17 07:02:22,718] {dag.py:2937} INFO - Setting next_dagrun for example_subdag_operator.section-1 to None
[2022-05-17 07:02:22,719] {logging_mixin.py:109} INFO - [2022-05-17 07:02:22,719] {dag.py:2937} INFO - Setting next_dagrun for example_subdag_operator.section-2 to None
[2022-05-17 07:02:22,731] {processor.py:171} INFO - Processing /home/airflow/.local/lib/python3.7/site-packages/airflow/example_dags/example_subdag_operator.py took 0.087 seconds
[2022-05-17 07:02:52,889] {processor.py:163} INFO - Started process (PID=11131) to work on /home/airflow/.local/lib/python3.7/site-packages/airflow/example_dags/example_subdag_operator.py
[2022-05-17 07:02:52,890] {processor.py:642} INFO - Processing file /home/airflow/.local/lib/python3.7/site-packages/airflow/example_dags/example_subdag_operator.py for tasks to queue
[2022-05-17 07:02:52,891] {logging_mixin.py:109} INFO - [2022-05-17 07:02:52,891] {dagbag.py:500} INFO - Filling up the DagBag from /home/airflow/.local/lib/python3.7/site-packages/airflow/example_dags/example_subdag_operator.py
[2022-05-17 07:02:52,917] {processor.py:652} INFO - DAG(s) dict_keys(['example_subdag_operator.section-1', 'example_subdag_operator.section-2', 'example_subdag_operator']) retrieved from /home/airflow/.local/lib/python3.7/site-packages/airflow/example_dags/example_subdag_operator.py
[2022-05-17 07:02:52,926] {logging_mixin.py:109} INFO - [2022-05-17 07:02:52,926] {dag.py:2398} INFO - Sync 3 DAGs
[2022-05-17 07:02:52,939] {logging_mixin.py:109} INFO - [2022-05-17 07:02:52,938] {dag.py:2937} INFO - Setting next_dagrun for example_subdag_operator to 2022-05-15T00:00:00+00:00
[2022-05-17 07:02:52,939] {logging_mixin.py:109} INFO - [2022-05-17 07:02:52,939] {dag.py:2937} INFO - Setting next_dagrun for example_subdag_operator.section-1 to None
[2022-05-17 07:02:52,940] {logging_mixin.py:109} INFO - [2022-05-17 07:02:52,940] {dag.py:2937} INFO - Setting next_dagrun for example_subdag_operator.section-2 to None
[2022-05-17 07:02:52,946] {logging_mixin.py:109} INFO - [2022-05-17 07:02:52,946] {dag.py:2398} INFO - Sync 2 DAGs
[2022-05-17 07:02:52,952] {logging_mixin.py:109} INFO - [2022-05-17 07:02:52,952] {dag.py:2937} INFO - Setting next_dagrun for example_subdag_operator.section-1 to None
[2022-05-17 07:02:52,953] {logging_mixin.py:109} INFO - [2022-05-17 07:02:52,953] {dag.py:2937} INFO - Setting next_dagrun for example_subdag_operator.section-2 to None
[2022-05-17 07:02:52,965] {processor.py:171} INFO - Processing /home/airflow/.local/lib/python3.7/site-packages/airflow/example_dags/example_subdag_operator.py took 0.079 seconds
[2022-05-17 07:03:23,721] {processor.py:163} INFO - Started process (PID=11205) to work on /home/airflow/.local/lib/python3.7/site-packages/airflow/example_dags/example_subdag_operator.py
[2022-05-17 07:03:23,722] {processor.py:642} INFO - Processing file /home/airflow/.local/lib/python3.7/site-packages/airflow/example_dags/example_subdag_operator.py for tasks to queue
[2022-05-17 07:03:23,723] {logging_mixin.py:109} INFO - [2022-05-17 07:03:23,723] {dagbag.py:500} INFO - Filling up the DagBag from /home/airflow/.local/lib/python3.7/site-packages/airflow/example_dags/example_subdag_operator.py
[2022-05-17 07:03:23,753] {processor.py:652} INFO - DAG(s) dict_keys(['example_subdag_operator.section-1', 'example_subdag_operator.section-2', 'example_subdag_operator']) retrieved from /home/airflow/.local/lib/python3.7/site-packages/airflow/example_dags/example_subdag_operator.py
[2022-05-17 07:03:23,762] {logging_mixin.py:109} INFO - [2022-05-17 07:03:23,762] {dag.py:2398} INFO - Sync 3 DAGs
[2022-05-17 07:03:23,777] {logging_mixin.py:109} INFO - [2022-05-17 07:03:23,777] {dag.py:2937} INFO - Setting next_dagrun for example_subdag_operator to 2022-05-15T00:00:00+00:00
[2022-05-17 07:03:23,778] {logging_mixin.py:109} INFO - [2022-05-17 07:03:23,778] {dag.py:2937} INFO - Setting next_dagrun for example_subdag_operator.section-1 to None
[2022-05-17 07:03:23,778] {logging_mixin.py:109} INFO - [2022-05-17 07:03:23,778] {dag.py:2937} INFO - Setting next_dagrun for example_subdag_operator.section-2 to None
[2022-05-17 07:03:23,784] {logging_mixin.py:109} INFO - [2022-05-17 07:03:23,784] {dag.py:2398} INFO - Sync 2 DAGs
[2022-05-17 07:03:23,791] {logging_mixin.py:109} INFO - [2022-05-17 07:03:23,791] {dag.py:2937} INFO - Setting next_dagrun for example_subdag_operator.section-1 to None
[2022-05-17 07:03:23,792] {logging_mixin.py:109} INFO - [2022-05-17 07:03:23,792] {dag.py:2937} INFO - Setting next_dagrun for example_subdag_operator.section-2 to None
[2022-05-17 07:03:23,803] {processor.py:171} INFO - Processing /home/airflow/.local/lib/python3.7/site-packages/airflow/example_dags/example_subdag_operator.py took 0.085 seconds
[2022-05-17 07:03:54,330] {processor.py:163} INFO - Started process (PID=11279) to work on /home/airflow/.local/lib/python3.7/site-packages/airflow/example_dags/example_subdag_operator.py
[2022-05-17 07:03:54,331] {processor.py:642} INFO - Processing file /home/airflow/.local/lib/python3.7/site-packages/airflow/example_dags/example_subdag_operator.py for tasks to queue
[2022-05-17 07:03:54,332] {logging_mixin.py:109} INFO - [2022-05-17 07:03:54,332] {dagbag.py:500} INFO - Filling up the DagBag from /home/airflow/.local/lib/python3.7/site-packages/airflow/example_dags/example_subdag_operator.py
[2022-05-17 07:03:54,359] {processor.py:652} INFO - DAG(s) dict_keys(['example_subdag_operator.section-1', 'example_subdag_operator.section-2', 'example_subdag_operator']) retrieved from /home/airflow/.local/lib/python3.7/site-packages/airflow/example_dags/example_subdag_operator.py
[2022-05-17 07:03:54,370] {logging_mixin.py:109} INFO - [2022-05-17 07:03:54,370] {dag.py:2398} INFO - Sync 3 DAGs
[2022-05-17 07:03:54,385] {logging_mixin.py:109} INFO - [2022-05-17 07:03:54,385] {dag.py:2937} INFO - Setting next_dagrun for example_subdag_operator to 2022-05-15T00:00:00+00:00
[2022-05-17 07:03:54,386] {logging_mixin.py:109} INFO - [2022-05-17 07:03:54,385] {dag.py:2937} INFO - Setting next_dagrun for example_subdag_operator.section-1 to None
[2022-05-17 07:03:54,386] {logging_mixin.py:109} INFO - [2022-05-17 07:03:54,386] {dag.py:2937} INFO - Setting next_dagrun for example_subdag_operator.section-2 to None
[2022-05-17 07:03:54,391] {logging_mixin.py:109} INFO - [2022-05-17 07:03:54,391] {dag.py:2398} INFO - Sync 2 DAGs
[2022-05-17 07:03:54,398] {logging_mixin.py:109} INFO - [2022-05-17 07:03:54,398] {dag.py:2937} INFO - Setting next_dagrun for example_subdag_operator.section-1 to None
[2022-05-17 07:03:54,399] {logging_mixin.py:109} INFO - [2022-05-17 07:03:54,398] {dag.py:2937} INFO - Setting next_dagrun for example_subdag_operator.section-2 to None
[2022-05-17 07:03:54,408] {processor.py:171} INFO - Processing /home/airflow/.local/lib/python3.7/site-packages/airflow/example_dags/example_subdag_operator.py took 0.081 seconds
[2022-05-17 07:04:25,083] {processor.py:163} INFO - Started process (PID=11342) to work on /home/airflow/.local/lib/python3.7/site-packages/airflow/example_dags/example_subdag_operator.py
[2022-05-17 07:04:25,084] {processor.py:642} INFO - Processing file /home/airflow/.local/lib/python3.7/site-packages/airflow/example_dags/example_subdag_operator.py for tasks to queue
[2022-05-17 07:04:25,085] {logging_mixin.py:109} INFO - [2022-05-17 07:04:25,085] {dagbag.py:500} INFO - Filling up the DagBag from /home/airflow/.local/lib/python3.7/site-packages/airflow/example_dags/example_subdag_operator.py
[2022-05-17 07:04:25,112] {processor.py:652} INFO - DAG(s) dict_keys(['example_subdag_operator.section-1', 'example_subdag_operator.section-2', 'example_subdag_operator']) retrieved from /home/airflow/.local/lib/python3.7/site-packages/airflow/example_dags/example_subdag_operator.py
[2022-05-17 07:04:25,122] {logging_mixin.py:109} INFO - [2022-05-17 07:04:25,122] {dag.py:2398} INFO - Sync 3 DAGs
[2022-05-17 07:04:25,134] {logging_mixin.py:109} INFO - [2022-05-17 07:04:25,134] {dag.py:2937} INFO - Setting next_dagrun for example_subdag_operator to 2022-05-15T00:00:00+00:00
[2022-05-17 07:04:25,135] {logging_mixin.py:109} INFO - [2022-05-17 07:04:25,135] {dag.py:2937} INFO - Setting next_dagrun for example_subdag_operator.section-1 to None
[2022-05-17 07:04:25,136] {logging_mixin.py:109} INFO - [2022-05-17 07:04:25,136] {dag.py:2937} INFO - Setting next_dagrun for example_subdag_operator.section-2 to None
[2022-05-17 07:04:25,141] {logging_mixin.py:109} INFO - [2022-05-17 07:04:25,141] {dag.py:2398} INFO - Sync 2 DAGs
[2022-05-17 07:04:25,148] {logging_mixin.py:109} INFO - [2022-05-17 07:04:25,148] {dag.py:2937} INFO - Setting next_dagrun for example_subdag_operator.section-1 to None
[2022-05-17 07:04:25,149] {logging_mixin.py:109} INFO - [2022-05-17 07:04:25,149] {dag.py:2937} INFO - Setting next_dagrun for example_subdag_operator.section-2 to None
[2022-05-17 07:04:25,166] {processor.py:171} INFO - Processing /home/airflow/.local/lib/python3.7/site-packages/airflow/example_dags/example_subdag_operator.py took 0.085 seconds
[2022-05-17 07:04:55,920] {processor.py:163} INFO - Started process (PID=11413) to work on /home/airflow/.local/lib/python3.7/site-packages/airflow/example_dags/example_subdag_operator.py
[2022-05-17 07:04:55,921] {processor.py:642} INFO - Processing file /home/airflow/.local/lib/python3.7/site-packages/airflow/example_dags/example_subdag_operator.py for tasks to queue
[2022-05-17 07:04:55,922] {logging_mixin.py:109} INFO - [2022-05-17 07:04:55,922] {dagbag.py:500} INFO - Filling up the DagBag from /home/airflow/.local/lib/python3.7/site-packages/airflow/example_dags/example_subdag_operator.py
[2022-05-17 07:04:55,952] {processor.py:652} INFO - DAG(s) dict_keys(['example_subdag_operator.section-1', 'example_subdag_operator.section-2', 'example_subdag_operator']) retrieved from /home/airflow/.local/lib/python3.7/site-packages/airflow/example_dags/example_subdag_operator.py
[2022-05-17 07:04:55,963] {logging_mixin.py:109} INFO - [2022-05-17 07:04:55,963] {dag.py:2398} INFO - Sync 3 DAGs
[2022-05-17 07:04:55,977] {logging_mixin.py:109} INFO - [2022-05-17 07:04:55,977] {dag.py:2937} INFO - Setting next_dagrun for example_subdag_operator to 2022-05-15T00:00:00+00:00
[2022-05-17 07:04:55,978] {logging_mixin.py:109} INFO - [2022-05-17 07:04:55,978] {dag.py:2937} INFO - Setting next_dagrun for example_subdag_operator.section-1 to None
[2022-05-17 07:04:55,979] {logging_mixin.py:109} INFO - [2022-05-17 07:04:55,979] {dag.py:2937} INFO - Setting next_dagrun for example_subdag_operator.section-2 to None
[2022-05-17 07:04:55,984] {logging_mixin.py:109} INFO - [2022-05-17 07:04:55,984] {dag.py:2398} INFO - Sync 2 DAGs
[2022-05-17 07:04:55,992] {logging_mixin.py:109} INFO - [2022-05-17 07:04:55,992] {dag.py:2937} INFO - Setting next_dagrun for example_subdag_operator.section-1 to None
[2022-05-17 07:04:55,993] {logging_mixin.py:109} INFO - [2022-05-17 07:04:55,993] {dag.py:2937} INFO - Setting next_dagrun for example_subdag_operator.section-2 to None
[2022-05-17 07:04:56,003] {processor.py:171} INFO - Processing /home/airflow/.local/lib/python3.7/site-packages/airflow/example_dags/example_subdag_operator.py took 0.086 seconds
[2022-05-17 07:05:26,685] {processor.py:163} INFO - Started process (PID=11477) to work on /home/airflow/.local/lib/python3.7/site-packages/airflow/example_dags/example_subdag_operator.py
[2022-05-17 07:05:26,687] {processor.py:642} INFO - Processing file /home/airflow/.local/lib/python3.7/site-packages/airflow/example_dags/example_subdag_operator.py for tasks to queue
[2022-05-17 07:05:26,688] {logging_mixin.py:109} INFO - [2022-05-17 07:05:26,687] {dagbag.py:500} INFO - Filling up the DagBag from /home/airflow/.local/lib/python3.7/site-packages/airflow/example_dags/example_subdag_operator.py
[2022-05-17 07:05:26,718] {processor.py:652} INFO - DAG(s) dict_keys(['example_subdag_operator.section-1', 'example_subdag_operator.section-2', 'example_subdag_operator']) retrieved from /home/airflow/.local/lib/python3.7/site-packages/airflow/example_dags/example_subdag_operator.py
[2022-05-17 07:05:26,728] {logging_mixin.py:109} INFO - [2022-05-17 07:05:26,728] {dag.py:2398} INFO - Sync 3 DAGs
[2022-05-17 07:05:26,743] {logging_mixin.py:109} INFO - [2022-05-17 07:05:26,743] {dag.py:2937} INFO - Setting next_dagrun for example_subdag_operator to 2022-05-15T00:00:00+00:00
[2022-05-17 07:05:26,744] {logging_mixin.py:109} INFO - [2022-05-17 07:05:26,744] {dag.py:2937} INFO - Setting next_dagrun for example_subdag_operator.section-1 to None
[2022-05-17 07:05:26,744] {logging_mixin.py:109} INFO - [2022-05-17 07:05:26,744] {dag.py:2937} INFO - Setting next_dagrun for example_subdag_operator.section-2 to None
[2022-05-17 07:05:26,750] {logging_mixin.py:109} INFO - [2022-05-17 07:05:26,750] {dag.py:2398} INFO - Sync 2 DAGs
[2022-05-17 07:05:26,758] {logging_mixin.py:109} INFO - [2022-05-17 07:05:26,758] {dag.py:2937} INFO - Setting next_dagrun for example_subdag_operator.section-1 to None
[2022-05-17 07:05:26,758] {logging_mixin.py:109} INFO - [2022-05-17 07:05:26,758] {dag.py:2937} INFO - Setting next_dagrun for example_subdag_operator.section-2 to None
[2022-05-17 07:05:26,769] {processor.py:171} INFO - Processing /home/airflow/.local/lib/python3.7/site-packages/airflow/example_dags/example_subdag_operator.py took 0.087 seconds
[2022-05-17 07:05:57,313] {processor.py:163} INFO - Started process (PID=11550) to work on /home/airflow/.local/lib/python3.7/site-packages/airflow/example_dags/example_subdag_operator.py
[2022-05-17 07:05:57,314] {processor.py:642} INFO - Processing file /home/airflow/.local/lib/python3.7/site-packages/airflow/example_dags/example_subdag_operator.py for tasks to queue
[2022-05-17 07:05:57,315] {logging_mixin.py:109} INFO - [2022-05-17 07:05:57,315] {dagbag.py:500} INFO - Filling up the DagBag from /home/airflow/.local/lib/python3.7/site-packages/airflow/example_dags/example_subdag_operator.py
[2022-05-17 07:05:57,345] {processor.py:652} INFO - DAG(s) dict_keys(['example_subdag_operator.section-1', 'example_subdag_operator.section-2', 'example_subdag_operator']) retrieved from /home/airflow/.local/lib/python3.7/site-packages/airflow/example_dags/example_subdag_operator.py
[2022-05-17 07:05:57,355] {logging_mixin.py:109} INFO - [2022-05-17 07:05:57,355] {dag.py:2398} INFO - Sync 3 DAGs
[2022-05-17 07:05:57,368] {logging_mixin.py:109} INFO - [2022-05-17 07:05:57,368] {dag.py:2937} INFO - Setting next_dagrun for example_subdag_operator to 2022-05-15T00:00:00+00:00
[2022-05-17 07:05:57,369] {logging_mixin.py:109} INFO - [2022-05-17 07:05:57,369] {dag.py:2937} INFO - Setting next_dagrun for example_subdag_operator.section-1 to None
[2022-05-17 07:05:57,370] {logging_mixin.py:109} INFO - [2022-05-17 07:05:57,370] {dag.py:2937} INFO - Setting next_dagrun for example_subdag_operator.section-2 to None
[2022-05-17 07:05:57,376] {logging_mixin.py:109} INFO - [2022-05-17 07:05:57,376] {dag.py:2398} INFO - Sync 2 DAGs
[2022-05-17 07:05:57,384] {logging_mixin.py:109} INFO - [2022-05-17 07:05:57,384] {dag.py:2937} INFO - Setting next_dagrun for example_subdag_operator.section-1 to None
[2022-05-17 07:05:57,385] {logging_mixin.py:109} INFO - [2022-05-17 07:05:57,385] {dag.py:2937} INFO - Setting next_dagrun for example_subdag_operator.section-2 to None
[2022-05-17 07:05:57,396] {processor.py:171} INFO - Processing /home/airflow/.local/lib/python3.7/site-packages/airflow/example_dags/example_subdag_operator.py took 0.086 seconds
[2022-05-17 07:06:27,811] {processor.py:163} INFO - Started process (PID=11623) to work on /home/airflow/.local/lib/python3.7/site-packages/airflow/example_dags/example_subdag_operator.py
[2022-05-17 07:06:27,813] {processor.py:642} INFO - Processing file /home/airflow/.local/lib/python3.7/site-packages/airflow/example_dags/example_subdag_operator.py for tasks to queue
[2022-05-17 07:06:27,814] {logging_mixin.py:109} INFO - [2022-05-17 07:06:27,814] {dagbag.py:500} INFO - Filling up the DagBag from /home/airflow/.local/lib/python3.7/site-packages/airflow/example_dags/example_subdag_operator.py
[2022-05-17 07:06:27,857] {processor.py:652} INFO - DAG(s) dict_keys(['example_subdag_operator.section-1', 'example_subdag_operator.section-2', 'example_subdag_operator']) retrieved from /home/airflow/.local/lib/python3.7/site-packages/airflow/example_dags/example_subdag_operator.py
[2022-05-17 07:06:27,872] {logging_mixin.py:109} INFO - [2022-05-17 07:06:27,872] {dag.py:2398} INFO - Sync 3 DAGs
[2022-05-17 07:06:27,897] {logging_mixin.py:109} INFO - [2022-05-17 07:06:27,897] {dag.py:2937} INFO - Setting next_dagrun for example_subdag_operator to 2022-05-15T00:00:00+00:00
[2022-05-17 07:06:27,898] {logging_mixin.py:109} INFO - [2022-05-17 07:06:27,898] {dag.py:2937} INFO - Setting next_dagrun for example_subdag_operator.section-1 to None
[2022-05-17 07:06:27,899] {logging_mixin.py:109} INFO - [2022-05-17 07:06:27,899] {dag.py:2937} INFO - Setting next_dagrun for example_subdag_operator.section-2 to None
[2022-05-17 07:06:27,908] {logging_mixin.py:109} INFO - [2022-05-17 07:06:27,908] {dag.py:2398} INFO - Sync 2 DAGs
[2022-05-17 07:06:27,922] {logging_mixin.py:109} INFO - [2022-05-17 07:06:27,922] {dag.py:2937} INFO - Setting next_dagrun for example_subdag_operator.section-1 to None
[2022-05-17 07:06:27,923] {logging_mixin.py:109} INFO - [2022-05-17 07:06:27,922] {dag.py:2937} INFO - Setting next_dagrun for example_subdag_operator.section-2 to None
[2022-05-17 07:06:27,936] {processor.py:171} INFO - Processing /home/airflow/.local/lib/python3.7/site-packages/airflow/example_dags/example_subdag_operator.py took 0.128 seconds
[2022-05-17 07:06:59,023] {processor.py:163} INFO - Started process (PID=11686) to work on /home/airflow/.local/lib/python3.7/site-packages/airflow/example_dags/example_subdag_operator.py
[2022-05-17 07:06:59,026] {processor.py:642} INFO - Processing file /home/airflow/.local/lib/python3.7/site-packages/airflow/example_dags/example_subdag_operator.py for tasks to queue
[2022-05-17 07:06:59,028] {logging_mixin.py:109} INFO - [2022-05-17 07:06:59,027] {dagbag.py:500} INFO - Filling up the DagBag from /home/airflow/.local/lib/python3.7/site-packages/airflow/example_dags/example_subdag_operator.py
[2022-05-17 07:06:59,096] {processor.py:652} INFO - DAG(s) dict_keys(['example_subdag_operator.section-1', 'example_subdag_operator.section-2', 'example_subdag_operator']) retrieved from /home/airflow/.local/lib/python3.7/site-packages/airflow/example_dags/example_subdag_operator.py
[2022-05-17 07:06:59,122] {logging_mixin.py:109} INFO - [2022-05-17 07:06:59,122] {dag.py:2398} INFO - Sync 3 DAGs
[2022-05-17 07:06:59,148] {logging_mixin.py:109} INFO - [2022-05-17 07:06:59,148] {dag.py:2937} INFO - Setting next_dagrun for example_subdag_operator to 2022-05-15T00:00:00+00:00
[2022-05-17 07:06:59,150] {logging_mixin.py:109} INFO - [2022-05-17 07:06:59,149] {dag.py:2937} INFO - Setting next_dagrun for example_subdag_operator.section-1 to None
[2022-05-17 07:06:59,151] {logging_mixin.py:109} INFO - [2022-05-17 07:06:59,151] {dag.py:2937} INFO - Setting next_dagrun for example_subdag_operator.section-2 to None
[2022-05-17 07:06:59,162] {logging_mixin.py:109} INFO - [2022-05-17 07:06:59,161] {dag.py:2398} INFO - Sync 2 DAGs
[2022-05-17 07:06:59,178] {logging_mixin.py:109} INFO - [2022-05-17 07:06:59,178] {dag.py:2937} INFO - Setting next_dagrun for example_subdag_operator.section-1 to None
[2022-05-17 07:06:59,178] {logging_mixin.py:109} INFO - [2022-05-17 07:06:59,178] {dag.py:2937} INFO - Setting next_dagrun for example_subdag_operator.section-2 to None
[2022-05-17 07:06:59,194] {processor.py:171} INFO - Processing /home/airflow/.local/lib/python3.7/site-packages/airflow/example_dags/example_subdag_operator.py took 0.179 seconds
[2022-05-17 07:07:29,438] {processor.py:163} INFO - Started process (PID=11750) to work on /home/airflow/.local/lib/python3.7/site-packages/airflow/example_dags/example_subdag_operator.py
[2022-05-17 07:07:29,440] {processor.py:642} INFO - Processing file /home/airflow/.local/lib/python3.7/site-packages/airflow/example_dags/example_subdag_operator.py for tasks to queue
[2022-05-17 07:07:29,442] {logging_mixin.py:109} INFO - [2022-05-17 07:07:29,442] {dagbag.py:500} INFO - Filling up the DagBag from /home/airflow/.local/lib/python3.7/site-packages/airflow/example_dags/example_subdag_operator.py
[2022-05-17 07:07:29,486] {processor.py:652} INFO - DAG(s) dict_keys(['example_subdag_operator.section-1', 'example_subdag_operator.section-2', 'example_subdag_operator']) retrieved from /home/airflow/.local/lib/python3.7/site-packages/airflow/example_dags/example_subdag_operator.py
[2022-05-17 07:07:29,502] {logging_mixin.py:109} INFO - [2022-05-17 07:07:29,502] {dag.py:2398} INFO - Sync 3 DAGs
[2022-05-17 07:07:29,525] {logging_mixin.py:109} INFO - [2022-05-17 07:07:29,525] {dag.py:2937} INFO - Setting next_dagrun for example_subdag_operator to 2022-05-15T00:00:00+00:00
[2022-05-17 07:07:29,526] {logging_mixin.py:109} INFO - [2022-05-17 07:07:29,526] {dag.py:2937} INFO - Setting next_dagrun for example_subdag_operator.section-1 to None
[2022-05-17 07:07:29,527] {logging_mixin.py:109} INFO - [2022-05-17 07:07:29,527] {dag.py:2937} INFO - Setting next_dagrun for example_subdag_operator.section-2 to None
[2022-05-17 07:07:29,536] {logging_mixin.py:109} INFO - [2022-05-17 07:07:29,536] {dag.py:2398} INFO - Sync 2 DAGs
[2022-05-17 07:07:29,548] {logging_mixin.py:109} INFO - [2022-05-17 07:07:29,548] {dag.py:2937} INFO - Setting next_dagrun for example_subdag_operator.section-1 to None
[2022-05-17 07:07:29,548] {logging_mixin.py:109} INFO - [2022-05-17 07:07:29,548] {dag.py:2937} INFO - Setting next_dagrun for example_subdag_operator.section-2 to None
[2022-05-17 07:07:29,564] {processor.py:171} INFO - Processing /home/airflow/.local/lib/python3.7/site-packages/airflow/example_dags/example_subdag_operator.py took 0.129 seconds
[2022-05-17 07:08:00,491] {processor.py:163} INFO - Started process (PID=11823) to work on /home/airflow/.local/lib/python3.7/site-packages/airflow/example_dags/example_subdag_operator.py
[2022-05-17 07:08:00,493] {processor.py:642} INFO - Processing file /home/airflow/.local/lib/python3.7/site-packages/airflow/example_dags/example_subdag_operator.py for tasks to queue
[2022-05-17 07:08:00,494] {logging_mixin.py:109} INFO - [2022-05-17 07:08:00,494] {dagbag.py:500} INFO - Filling up the DagBag from /home/airflow/.local/lib/python3.7/site-packages/airflow/example_dags/example_subdag_operator.py
[2022-05-17 07:08:00,537] {processor.py:652} INFO - DAG(s) dict_keys(['example_subdag_operator.section-1', 'example_subdag_operator.section-2', 'example_subdag_operator']) retrieved from /home/airflow/.local/lib/python3.7/site-packages/airflow/example_dags/example_subdag_operator.py
[2022-05-17 07:08:00,559] {logging_mixin.py:109} INFO - [2022-05-17 07:08:00,559] {dag.py:2398} INFO - Sync 3 DAGs
[2022-05-17 07:08:00,606] {logging_mixin.py:109} INFO - [2022-05-17 07:08:00,605] {dag.py:2937} INFO - Setting next_dagrun for example_subdag_operator to 2022-05-15T00:00:00+00:00
[2022-05-17 07:08:00,606] {logging_mixin.py:109} INFO - [2022-05-17 07:08:00,606] {dag.py:2937} INFO - Setting next_dagrun for example_subdag_operator.section-1 to None
[2022-05-17 07:08:00,607] {logging_mixin.py:109} INFO - [2022-05-17 07:08:00,607] {dag.py:2937} INFO - Setting next_dagrun for example_subdag_operator.section-2 to None
[2022-05-17 07:08:00,620] {logging_mixin.py:109} INFO - [2022-05-17 07:08:00,620] {dag.py:2398} INFO - Sync 2 DAGs
[2022-05-17 07:08:00,641] {logging_mixin.py:109} INFO - [2022-05-17 07:08:00,641] {dag.py:2937} INFO - Setting next_dagrun for example_subdag_operator.section-1 to None
[2022-05-17 07:08:00,642] {logging_mixin.py:109} INFO - [2022-05-17 07:08:00,641] {dag.py:2937} INFO - Setting next_dagrun for example_subdag_operator.section-2 to None
[2022-05-17 07:08:00,660] {processor.py:171} INFO - Processing /home/airflow/.local/lib/python3.7/site-packages/airflow/example_dags/example_subdag_operator.py took 0.174 seconds
[2022-05-17 07:08:31,666] {processor.py:163} INFO - Started process (PID=11885) to work on /home/airflow/.local/lib/python3.7/site-packages/airflow/example_dags/example_subdag_operator.py
[2022-05-17 07:08:31,670] {processor.py:642} INFO - Processing file /home/airflow/.local/lib/python3.7/site-packages/airflow/example_dags/example_subdag_operator.py for tasks to queue
[2022-05-17 07:08:31,672] {logging_mixin.py:109} INFO - [2022-05-17 07:08:31,672] {dagbag.py:500} INFO - Filling up the DagBag from /home/airflow/.local/lib/python3.7/site-packages/airflow/example_dags/example_subdag_operator.py
[2022-05-17 07:08:31,725] {processor.py:652} INFO - DAG(s) dict_keys(['example_subdag_operator.section-1', 'example_subdag_operator.section-2', 'example_subdag_operator']) retrieved from /home/airflow/.local/lib/python3.7/site-packages/airflow/example_dags/example_subdag_operator.py
[2022-05-17 07:08:31,743] {logging_mixin.py:109} INFO - [2022-05-17 07:08:31,742] {dag.py:2398} INFO - Sync 3 DAGs
[2022-05-17 07:08:31,766] {logging_mixin.py:109} INFO - [2022-05-17 07:08:31,766] {dag.py:2937} INFO - Setting next_dagrun for example_subdag_operator to 2022-05-15T00:00:00+00:00
[2022-05-17 07:08:31,767] {logging_mixin.py:109} INFO - [2022-05-17 07:08:31,767] {dag.py:2937} INFO - Setting next_dagrun for example_subdag_operator.section-1 to None
[2022-05-17 07:08:31,768] {logging_mixin.py:109} INFO - [2022-05-17 07:08:31,767] {dag.py:2937} INFO - Setting next_dagrun for example_subdag_operator.section-2 to None
[2022-05-17 07:08:31,777] {logging_mixin.py:109} INFO - [2022-05-17 07:08:31,777] {dag.py:2398} INFO - Sync 2 DAGs
[2022-05-17 07:08:31,790] {logging_mixin.py:109} INFO - [2022-05-17 07:08:31,790] {dag.py:2937} INFO - Setting next_dagrun for example_subdag_operator.section-1 to None
[2022-05-17 07:08:31,791] {logging_mixin.py:109} INFO - [2022-05-17 07:08:31,791] {dag.py:2937} INFO - Setting next_dagrun for example_subdag_operator.section-2 to None
[2022-05-17 07:08:31,806] {processor.py:171} INFO - Processing /home/airflow/.local/lib/python3.7/site-packages/airflow/example_dags/example_subdag_operator.py took 0.145 seconds
[2022-05-17 07:09:02,346] {processor.py:163} INFO - Started process (PID=11948) to work on /home/airflow/.local/lib/python3.7/site-packages/airflow/example_dags/example_subdag_operator.py
[2022-05-17 07:09:02,348] {processor.py:642} INFO - Processing file /home/airflow/.local/lib/python3.7/site-packages/airflow/example_dags/example_subdag_operator.py for tasks to queue
[2022-05-17 07:09:02,350] {logging_mixin.py:109} INFO - [2022-05-17 07:09:02,350] {dagbag.py:500} INFO - Filling up the DagBag from /home/airflow/.local/lib/python3.7/site-packages/airflow/example_dags/example_subdag_operator.py
[2022-05-17 07:09:02,401] {processor.py:652} INFO - DAG(s) dict_keys(['example_subdag_operator.section-1', 'example_subdag_operator.section-2', 'example_subdag_operator']) retrieved from /home/airflow/.local/lib/python3.7/site-packages/airflow/example_dags/example_subdag_operator.py
[2022-05-17 07:09:02,417] {logging_mixin.py:109} INFO - [2022-05-17 07:09:02,417] {dag.py:2398} INFO - Sync 3 DAGs
[2022-05-17 07:09:02,448] {logging_mixin.py:109} INFO - [2022-05-17 07:09:02,447] {dag.py:2937} INFO - Setting next_dagrun for example_subdag_operator to 2022-05-15T00:00:00+00:00
[2022-05-17 07:09:02,449] {logging_mixin.py:109} INFO - [2022-05-17 07:09:02,448] {dag.py:2937} INFO - Setting next_dagrun for example_subdag_operator.section-1 to None
[2022-05-17 07:09:02,449] {logging_mixin.py:109} INFO - [2022-05-17 07:09:02,449] {dag.py:2937} INFO - Setting next_dagrun for example_subdag_operator.section-2 to None
[2022-05-17 07:09:02,457] {logging_mixin.py:109} INFO - [2022-05-17 07:09:02,457] {dag.py:2398} INFO - Sync 2 DAGs
[2022-05-17 07:09:02,472] {logging_mixin.py:109} INFO - [2022-05-17 07:09:02,472] {dag.py:2937} INFO - Setting next_dagrun for example_subdag_operator.section-1 to None
[2022-05-17 07:09:02,473] {logging_mixin.py:109} INFO - [2022-05-17 07:09:02,473] {dag.py:2937} INFO - Setting next_dagrun for example_subdag_operator.section-2 to None
[2022-05-17 07:09:02,490] {processor.py:171} INFO - Processing /home/airflow/.local/lib/python3.7/site-packages/airflow/example_dags/example_subdag_operator.py took 0.149 seconds
[2022-05-17 07:09:33,472] {processor.py:163} INFO - Started process (PID=12011) to work on /home/airflow/.local/lib/python3.7/site-packages/airflow/example_dags/example_subdag_operator.py
[2022-05-17 07:09:33,474] {processor.py:642} INFO - Processing file /home/airflow/.local/lib/python3.7/site-packages/airflow/example_dags/example_subdag_operator.py for tasks to queue
[2022-05-17 07:09:33,476] {logging_mixin.py:109} INFO - [2022-05-17 07:09:33,475] {dagbag.py:500} INFO - Filling up the DagBag from /home/airflow/.local/lib/python3.7/site-packages/airflow/example_dags/example_subdag_operator.py
[2022-05-17 07:09:33,526] {processor.py:652} INFO - DAG(s) dict_keys(['example_subdag_operator.section-1', 'example_subdag_operator.section-2', 'example_subdag_operator']) retrieved from /home/airflow/.local/lib/python3.7/site-packages/airflow/example_dags/example_subdag_operator.py
[2022-05-17 07:09:33,544] {logging_mixin.py:109} INFO - [2022-05-17 07:09:33,544] {dag.py:2398} INFO - Sync 3 DAGs
[2022-05-17 07:09:33,568] {logging_mixin.py:109} INFO - [2022-05-17 07:09:33,568] {dag.py:2937} INFO - Setting next_dagrun for example_subdag_operator to 2022-05-15T00:00:00+00:00
[2022-05-17 07:09:33,568] {logging_mixin.py:109} INFO - [2022-05-17 07:09:33,568] {dag.py:2937} INFO - Setting next_dagrun for example_subdag_operator.section-1 to None
[2022-05-17 07:09:33,569] {logging_mixin.py:109} INFO - [2022-05-17 07:09:33,569] {dag.py:2937} INFO - Setting next_dagrun for example_subdag_operator.section-2 to None
[2022-05-17 07:09:33,583] {logging_mixin.py:109} INFO - [2022-05-17 07:09:33,583] {dag.py:2398} INFO - Sync 2 DAGs
[2022-05-17 07:09:33,595] {logging_mixin.py:109} INFO - [2022-05-17 07:09:33,595] {dag.py:2937} INFO - Setting next_dagrun for example_subdag_operator.section-1 to None
[2022-05-17 07:09:33,596] {logging_mixin.py:109} INFO - [2022-05-17 07:09:33,596] {dag.py:2937} INFO - Setting next_dagrun for example_subdag_operator.section-2 to None
[2022-05-17 07:09:33,609] {processor.py:171} INFO - Processing /home/airflow/.local/lib/python3.7/site-packages/airflow/example_dags/example_subdag_operator.py took 0.143 seconds
[2022-05-17 07:10:04,463] {processor.py:163} INFO - Started process (PID=12084) to work on /home/airflow/.local/lib/python3.7/site-packages/airflow/example_dags/example_subdag_operator.py
[2022-05-17 07:10:04,466] {processor.py:642} INFO - Processing file /home/airflow/.local/lib/python3.7/site-packages/airflow/example_dags/example_subdag_operator.py for tasks to queue
[2022-05-17 07:10:04,468] {logging_mixin.py:109} INFO - [2022-05-17 07:10:04,468] {dagbag.py:500} INFO - Filling up the DagBag from /home/airflow/.local/lib/python3.7/site-packages/airflow/example_dags/example_subdag_operator.py
[2022-05-17 07:10:04,512] {processor.py:652} INFO - DAG(s) dict_keys(['example_subdag_operator.section-1', 'example_subdag_operator.section-2', 'example_subdag_operator']) retrieved from /home/airflow/.local/lib/python3.7/site-packages/airflow/example_dags/example_subdag_operator.py
[2022-05-17 07:10:04,529] {logging_mixin.py:109} INFO - [2022-05-17 07:10:04,529] {dag.py:2398} INFO - Sync 3 DAGs
[2022-05-17 07:10:04,552] {logging_mixin.py:109} INFO - [2022-05-17 07:10:04,552] {dag.py:2937} INFO - Setting next_dagrun for example_subdag_operator to 2022-05-15T00:00:00+00:00
[2022-05-17 07:10:04,553] {logging_mixin.py:109} INFO - [2022-05-17 07:10:04,553] {dag.py:2937} INFO - Setting next_dagrun for example_subdag_operator.section-1 to None
[2022-05-17 07:10:04,553] {logging_mixin.py:109} INFO - [2022-05-17 07:10:04,553] {dag.py:2937} INFO - Setting next_dagrun for example_subdag_operator.section-2 to None
[2022-05-17 07:10:04,562] {logging_mixin.py:109} INFO - [2022-05-17 07:10:04,562] {dag.py:2398} INFO - Sync 2 DAGs
[2022-05-17 07:10:04,574] {logging_mixin.py:109} INFO - [2022-05-17 07:10:04,574] {dag.py:2937} INFO - Setting next_dagrun for example_subdag_operator.section-1 to None
[2022-05-17 07:10:04,575] {logging_mixin.py:109} INFO - [2022-05-17 07:10:04,575] {dag.py:2937} INFO - Setting next_dagrun for example_subdag_operator.section-2 to None
[2022-05-17 07:10:04,589] {processor.py:171} INFO - Processing /home/airflow/.local/lib/python3.7/site-packages/airflow/example_dags/example_subdag_operator.py took 0.132 seconds
[2022-05-17 07:10:35,436] {processor.py:163} INFO - Started process (PID=12147) to work on /home/airflow/.local/lib/python3.7/site-packages/airflow/example_dags/example_subdag_operator.py
[2022-05-17 07:10:35,438] {processor.py:642} INFO - Processing file /home/airflow/.local/lib/python3.7/site-packages/airflow/example_dags/example_subdag_operator.py for tasks to queue
[2022-05-17 07:10:35,440] {logging_mixin.py:109} INFO - [2022-05-17 07:10:35,440] {dagbag.py:500} INFO - Filling up the DagBag from /home/airflow/.local/lib/python3.7/site-packages/airflow/example_dags/example_subdag_operator.py
[2022-05-17 07:10:35,533] {processor.py:652} INFO - DAG(s) dict_keys(['example_subdag_operator.section-1', 'example_subdag_operator.section-2', 'example_subdag_operator']) retrieved from /home/airflow/.local/lib/python3.7/site-packages/airflow/example_dags/example_subdag_operator.py
[2022-05-17 07:10:35,570] {logging_mixin.py:109} INFO - [2022-05-17 07:10:35,570] {dag.py:2398} INFO - Sync 3 DAGs
[2022-05-17 07:10:35,624] {logging_mixin.py:109} INFO - [2022-05-17 07:10:35,623] {dag.py:2937} INFO - Setting next_dagrun for example_subdag_operator to 2022-05-15T00:00:00+00:00
[2022-05-17 07:10:35,625] {logging_mixin.py:109} INFO - [2022-05-17 07:10:35,624] {dag.py:2937} INFO - Setting next_dagrun for example_subdag_operator.section-1 to None
[2022-05-17 07:10:35,626] {logging_mixin.py:109} INFO - [2022-05-17 07:10:35,625] {dag.py:2937} INFO - Setting next_dagrun for example_subdag_operator.section-2 to None
[2022-05-17 07:10:35,637] {logging_mixin.py:109} INFO - [2022-05-17 07:10:35,637] {dag.py:2398} INFO - Sync 2 DAGs
[2022-05-17 07:10:35,661] {logging_mixin.py:109} INFO - [2022-05-17 07:10:35,661] {dag.py:2937} INFO - Setting next_dagrun for example_subdag_operator.section-1 to None
[2022-05-17 07:10:35,662] {logging_mixin.py:109} INFO - [2022-05-17 07:10:35,662] {dag.py:2937} INFO - Setting next_dagrun for example_subdag_operator.section-2 to None
[2022-05-17 07:10:35,679] {processor.py:171} INFO - Processing /home/airflow/.local/lib/python3.7/site-packages/airflow/example_dags/example_subdag_operator.py took 0.249 seconds
[2022-05-17 07:11:06,692] {processor.py:163} INFO - Started process (PID=12213) to work on /home/airflow/.local/lib/python3.7/site-packages/airflow/example_dags/example_subdag_operator.py
[2022-05-17 07:11:06,696] {processor.py:642} INFO - Processing file /home/airflow/.local/lib/python3.7/site-packages/airflow/example_dags/example_subdag_operator.py for tasks to queue
[2022-05-17 07:11:06,698] {logging_mixin.py:109} INFO - [2022-05-17 07:11:06,698] {dagbag.py:500} INFO - Filling up the DagBag from /home/airflow/.local/lib/python3.7/site-packages/airflow/example_dags/example_subdag_operator.py
[2022-05-17 07:11:06,760] {processor.py:652} INFO - DAG(s) dict_keys(['example_subdag_operator.section-1', 'example_subdag_operator.section-2', 'example_subdag_operator']) retrieved from /home/airflow/.local/lib/python3.7/site-packages/airflow/example_dags/example_subdag_operator.py
[2022-05-17 07:11:06,784] {logging_mixin.py:109} INFO - [2022-05-17 07:11:06,784] {dag.py:2398} INFO - Sync 3 DAGs
[2022-05-17 07:11:06,813] {logging_mixin.py:109} INFO - [2022-05-17 07:11:06,813] {dag.py:2937} INFO - Setting next_dagrun for example_subdag_operator to 2022-05-15T00:00:00+00:00
[2022-05-17 07:11:06,814] {logging_mixin.py:109} INFO - [2022-05-17 07:11:06,814] {dag.py:2937} INFO - Setting next_dagrun for example_subdag_operator.section-1 to None
[2022-05-17 07:11:06,815] {logging_mixin.py:109} INFO - [2022-05-17 07:11:06,815] {dag.py:2937} INFO - Setting next_dagrun for example_subdag_operator.section-2 to None
[2022-05-17 07:11:06,823] {logging_mixin.py:109} INFO - [2022-05-17 07:11:06,823] {dag.py:2398} INFO - Sync 2 DAGs
[2022-05-17 07:11:06,839] {logging_mixin.py:109} INFO - [2022-05-17 07:11:06,839] {dag.py:2937} INFO - Setting next_dagrun for example_subdag_operator.section-1 to None
[2022-05-17 07:11:06,840] {logging_mixin.py:109} INFO - [2022-05-17 07:11:06,840] {dag.py:2937} INFO - Setting next_dagrun for example_subdag_operator.section-2 to None
[2022-05-17 07:11:06,857] {processor.py:171} INFO - Processing /home/airflow/.local/lib/python3.7/site-packages/airflow/example_dags/example_subdag_operator.py took 0.171 seconds
[2022-05-17 07:11:37,174] {processor.py:163} INFO - Started process (PID=12288) to work on /home/airflow/.local/lib/python3.7/site-packages/airflow/example_dags/example_subdag_operator.py
[2022-05-17 07:11:37,175] {processor.py:642} INFO - Processing file /home/airflow/.local/lib/python3.7/site-packages/airflow/example_dags/example_subdag_operator.py for tasks to queue
[2022-05-17 07:11:37,176] {logging_mixin.py:109} INFO - [2022-05-17 07:11:37,176] {dagbag.py:500} INFO - Filling up the DagBag from /home/airflow/.local/lib/python3.7/site-packages/airflow/example_dags/example_subdag_operator.py
[2022-05-17 07:11:37,233] {processor.py:652} INFO - DAG(s) dict_keys(['example_subdag_operator.section-1', 'example_subdag_operator.section-2', 'example_subdag_operator']) retrieved from /home/airflow/.local/lib/python3.7/site-packages/airflow/example_dags/example_subdag_operator.py
[2022-05-17 07:11:37,251] {logging_mixin.py:109} INFO - [2022-05-17 07:11:37,251] {dag.py:2398} INFO - Sync 3 DAGs
[2022-05-17 07:11:37,283] {logging_mixin.py:109} INFO - [2022-05-17 07:11:37,282] {dag.py:2937} INFO - Setting next_dagrun for example_subdag_operator to 2022-05-15T00:00:00+00:00
[2022-05-17 07:11:37,284] {logging_mixin.py:109} INFO - [2022-05-17 07:11:37,283] {dag.py:2937} INFO - Setting next_dagrun for example_subdag_operator.section-1 to None
[2022-05-17 07:11:37,285] {logging_mixin.py:109} INFO - [2022-05-17 07:11:37,284] {dag.py:2937} INFO - Setting next_dagrun for example_subdag_operator.section-2 to None
[2022-05-17 07:11:37,296] {logging_mixin.py:109} INFO - [2022-05-17 07:11:37,296] {dag.py:2398} INFO - Sync 2 DAGs
[2022-05-17 07:11:37,313] {logging_mixin.py:109} INFO - [2022-05-17 07:11:37,313] {dag.py:2937} INFO - Setting next_dagrun for example_subdag_operator.section-1 to None
[2022-05-17 07:11:37,314] {logging_mixin.py:109} INFO - [2022-05-17 07:11:37,314] {dag.py:2937} INFO - Setting next_dagrun for example_subdag_operator.section-2 to None
[2022-05-17 07:11:37,331] {processor.py:171} INFO - Processing /home/airflow/.local/lib/python3.7/site-packages/airflow/example_dags/example_subdag_operator.py took 0.161 seconds
[2022-05-17 07:12:08,557] {processor.py:163} INFO - Started process (PID=12350) to work on /home/airflow/.local/lib/python3.7/site-packages/airflow/example_dags/example_subdag_operator.py
[2022-05-17 07:12:08,559] {processor.py:642} INFO - Processing file /home/airflow/.local/lib/python3.7/site-packages/airflow/example_dags/example_subdag_operator.py for tasks to queue
[2022-05-17 07:12:08,560] {logging_mixin.py:109} INFO - [2022-05-17 07:12:08,560] {dagbag.py:500} INFO - Filling up the DagBag from /home/airflow/.local/lib/python3.7/site-packages/airflow/example_dags/example_subdag_operator.py
[2022-05-17 07:12:08,619] {processor.py:652} INFO - DAG(s) dict_keys(['example_subdag_operator.section-1', 'example_subdag_operator.section-2', 'example_subdag_operator']) retrieved from /home/airflow/.local/lib/python3.7/site-packages/airflow/example_dags/example_subdag_operator.py
[2022-05-17 07:12:08,640] {logging_mixin.py:109} INFO - [2022-05-17 07:12:08,640] {dag.py:2398} INFO - Sync 3 DAGs
[2022-05-17 07:12:08,669] {logging_mixin.py:109} INFO - [2022-05-17 07:12:08,668] {dag.py:2937} INFO - Setting next_dagrun for example_subdag_operator to 2022-05-15T00:00:00+00:00
[2022-05-17 07:12:08,670] {logging_mixin.py:109} INFO - [2022-05-17 07:12:08,670] {dag.py:2937} INFO - Setting next_dagrun for example_subdag_operator.section-1 to None
[2022-05-17 07:12:08,671] {logging_mixin.py:109} INFO - [2022-05-17 07:12:08,671] {dag.py:2937} INFO - Setting next_dagrun for example_subdag_operator.section-2 to None
[2022-05-17 07:12:08,683] {logging_mixin.py:109} INFO - [2022-05-17 07:12:08,682] {dag.py:2398} INFO - Sync 2 DAGs
[2022-05-17 07:12:08,699] {logging_mixin.py:109} INFO - [2022-05-17 07:12:08,699] {dag.py:2937} INFO - Setting next_dagrun for example_subdag_operator.section-1 to None
[2022-05-17 07:12:08,700] {logging_mixin.py:109} INFO - [2022-05-17 07:12:08,699] {dag.py:2937} INFO - Setting next_dagrun for example_subdag_operator.section-2 to None
[2022-05-17 07:12:08,717] {processor.py:171} INFO - Processing /home/airflow/.local/lib/python3.7/site-packages/airflow/example_dags/example_subdag_operator.py took 0.168 seconds
[2022-05-17 07:12:52,356] {processor.py:163} INFO - Started process (PID=12404) to work on /home/airflow/.local/lib/python3.7/site-packages/airflow/example_dags/example_subdag_operator.py
[2022-05-17 07:12:52,358] {processor.py:642} INFO - Processing file /home/airflow/.local/lib/python3.7/site-packages/airflow/example_dags/example_subdag_operator.py for tasks to queue
[2022-05-17 07:12:52,360] {logging_mixin.py:109} INFO - [2022-05-17 07:12:52,360] {dagbag.py:500} INFO - Filling up the DagBag from /home/airflow/.local/lib/python3.7/site-packages/airflow/example_dags/example_subdag_operator.py
[2022-05-17 07:12:52,399] {processor.py:652} INFO - DAG(s) dict_keys(['example_subdag_operator.section-1', 'example_subdag_operator.section-2', 'example_subdag_operator']) retrieved from /home/airflow/.local/lib/python3.7/site-packages/airflow/example_dags/example_subdag_operator.py
[2022-05-17 07:12:52,412] {logging_mixin.py:109} INFO - [2022-05-17 07:12:52,412] {dag.py:2398} INFO - Sync 3 DAGs
[2022-05-17 07:12:52,434] {logging_mixin.py:109} INFO - [2022-05-17 07:12:52,434] {dag.py:2937} INFO - Setting next_dagrun for example_subdag_operator to 2022-05-15T00:00:00+00:00
[2022-05-17 07:12:52,439] {logging_mixin.py:109} INFO - [2022-05-17 07:12:52,439] {dag.py:2937} INFO - Setting next_dagrun for example_subdag_operator.section-1 to None
[2022-05-17 07:12:52,440] {logging_mixin.py:109} INFO - [2022-05-17 07:12:52,440] {dag.py:2937} INFO - Setting next_dagrun for example_subdag_operator.section-2 to None
[2022-05-17 07:12:52,451] {logging_mixin.py:109} INFO - [2022-05-17 07:12:52,450] {dag.py:2398} INFO - Sync 2 DAGs
[2022-05-17 07:12:52,460] {logging_mixin.py:109} INFO - [2022-05-17 07:12:52,460] {dag.py:2937} INFO - Setting next_dagrun for example_subdag_operator.section-1 to None
[2022-05-17 07:12:52,461] {logging_mixin.py:109} INFO - [2022-05-17 07:12:52,461] {dag.py:2937} INFO - Setting next_dagrun for example_subdag_operator.section-2 to None
[2022-05-17 07:12:52,472] {processor.py:171} INFO - Processing /home/airflow/.local/lib/python3.7/site-packages/airflow/example_dags/example_subdag_operator.py took 0.119 seconds
[2022-05-17 07:13:22,873] {processor.py:163} INFO - Started process (PID=12468) to work on /home/airflow/.local/lib/python3.7/site-packages/airflow/example_dags/example_subdag_operator.py
[2022-05-17 07:13:22,875] {processor.py:642} INFO - Processing file /home/airflow/.local/lib/python3.7/site-packages/airflow/example_dags/example_subdag_operator.py for tasks to queue
[2022-05-17 07:13:22,876] {logging_mixin.py:109} INFO - [2022-05-17 07:13:22,876] {dagbag.py:500} INFO - Filling up the DagBag from /home/airflow/.local/lib/python3.7/site-packages/airflow/example_dags/example_subdag_operator.py
[2022-05-17 07:13:22,907] {processor.py:652} INFO - DAG(s) dict_keys(['example_subdag_operator.section-1', 'example_subdag_operator.section-2', 'example_subdag_operator']) retrieved from /home/airflow/.local/lib/python3.7/site-packages/airflow/example_dags/example_subdag_operator.py
[2022-05-17 07:13:22,919] {logging_mixin.py:109} INFO - [2022-05-17 07:13:22,919] {dag.py:2398} INFO - Sync 3 DAGs
[2022-05-17 07:13:22,934] {logging_mixin.py:109} INFO - [2022-05-17 07:13:22,934] {dag.py:2937} INFO - Setting next_dagrun for example_subdag_operator to 2022-05-15T00:00:00+00:00
[2022-05-17 07:13:22,935] {logging_mixin.py:109} INFO - [2022-05-17 07:13:22,935] {dag.py:2937} INFO - Setting next_dagrun for example_subdag_operator.section-1 to None
[2022-05-17 07:13:22,936] {logging_mixin.py:109} INFO - [2022-05-17 07:13:22,936] {dag.py:2937} INFO - Setting next_dagrun for example_subdag_operator.section-2 to None
[2022-05-17 07:13:22,942] {logging_mixin.py:109} INFO - [2022-05-17 07:13:22,941] {dag.py:2398} INFO - Sync 2 DAGs
[2022-05-17 07:13:22,950] {logging_mixin.py:109} INFO - [2022-05-17 07:13:22,950] {dag.py:2937} INFO - Setting next_dagrun for example_subdag_operator.section-1 to None
[2022-05-17 07:13:22,951] {logging_mixin.py:109} INFO - [2022-05-17 07:13:22,951] {dag.py:2937} INFO - Setting next_dagrun for example_subdag_operator.section-2 to None
[2022-05-17 07:13:22,962] {processor.py:171} INFO - Processing /home/airflow/.local/lib/python3.7/site-packages/airflow/example_dags/example_subdag_operator.py took 0.091 seconds
[2022-05-17 07:13:53,877] {processor.py:163} INFO - Started process (PID=12545) to work on /home/airflow/.local/lib/python3.7/site-packages/airflow/example_dags/example_subdag_operator.py
[2022-05-17 07:13:53,878] {processor.py:642} INFO - Processing file /home/airflow/.local/lib/python3.7/site-packages/airflow/example_dags/example_subdag_operator.py for tasks to queue
[2022-05-17 07:13:53,879] {logging_mixin.py:109} INFO - [2022-05-17 07:13:53,879] {dagbag.py:500} INFO - Filling up the DagBag from /home/airflow/.local/lib/python3.7/site-packages/airflow/example_dags/example_subdag_operator.py
[2022-05-17 07:13:53,908] {processor.py:652} INFO - DAG(s) dict_keys(['example_subdag_operator.section-1', 'example_subdag_operator.section-2', 'example_subdag_operator']) retrieved from /home/airflow/.local/lib/python3.7/site-packages/airflow/example_dags/example_subdag_operator.py
[2022-05-17 07:13:53,918] {logging_mixin.py:109} INFO - [2022-05-17 07:13:53,918] {dag.py:2398} INFO - Sync 3 DAGs
[2022-05-17 07:13:53,932] {logging_mixin.py:109} INFO - [2022-05-17 07:13:53,932] {dag.py:2937} INFO - Setting next_dagrun for example_subdag_operator to 2022-05-15T00:00:00+00:00
[2022-05-17 07:13:53,933] {logging_mixin.py:109} INFO - [2022-05-17 07:13:53,933] {dag.py:2937} INFO - Setting next_dagrun for example_subdag_operator.section-1 to None
[2022-05-17 07:13:53,934] {logging_mixin.py:109} INFO - [2022-05-17 07:13:53,934] {dag.py:2937} INFO - Setting next_dagrun for example_subdag_operator.section-2 to None
[2022-05-17 07:13:53,941] {logging_mixin.py:109} INFO - [2022-05-17 07:13:53,940] {dag.py:2398} INFO - Sync 2 DAGs
[2022-05-17 07:13:53,951] {logging_mixin.py:109} INFO - [2022-05-17 07:13:53,950] {dag.py:2937} INFO - Setting next_dagrun for example_subdag_operator.section-1 to None
[2022-05-17 07:13:53,951] {logging_mixin.py:109} INFO - [2022-05-17 07:13:53,951] {dag.py:2937} INFO - Setting next_dagrun for example_subdag_operator.section-2 to None
[2022-05-17 07:13:53,962] {processor.py:171} INFO - Processing /home/airflow/.local/lib/python3.7/site-packages/airflow/example_dags/example_subdag_operator.py took 0.088 seconds
[2022-05-17 07:14:24,209] {processor.py:163} INFO - Started process (PID=12609) to work on /home/airflow/.local/lib/python3.7/site-packages/airflow/example_dags/example_subdag_operator.py
[2022-05-17 07:14:24,210] {processor.py:642} INFO - Processing file /home/airflow/.local/lib/python3.7/site-packages/airflow/example_dags/example_subdag_operator.py for tasks to queue
[2022-05-17 07:14:24,211] {logging_mixin.py:109} INFO - [2022-05-17 07:14:24,211] {dagbag.py:500} INFO - Filling up the DagBag from /home/airflow/.local/lib/python3.7/site-packages/airflow/example_dags/example_subdag_operator.py
[2022-05-17 07:14:24,244] {processor.py:652} INFO - DAG(s) dict_keys(['example_subdag_operator.section-1', 'example_subdag_operator.section-2', 'example_subdag_operator']) retrieved from /home/airflow/.local/lib/python3.7/site-packages/airflow/example_dags/example_subdag_operator.py
[2022-05-17 07:14:24,254] {logging_mixin.py:109} INFO - [2022-05-17 07:14:24,254] {dag.py:2398} INFO - Sync 3 DAGs
[2022-05-17 07:14:24,268] {logging_mixin.py:109} INFO - [2022-05-17 07:14:24,268] {dag.py:2937} INFO - Setting next_dagrun for example_subdag_operator to 2022-05-15T00:00:00+00:00
[2022-05-17 07:14:24,269] {logging_mixin.py:109} INFO - [2022-05-17 07:14:24,268] {dag.py:2937} INFO - Setting next_dagrun for example_subdag_operator.section-1 to None
[2022-05-17 07:14:24,269] {logging_mixin.py:109} INFO - [2022-05-17 07:14:24,269] {dag.py:2937} INFO - Setting next_dagrun for example_subdag_operator.section-2 to None
[2022-05-17 07:14:24,275] {logging_mixin.py:109} INFO - [2022-05-17 07:14:24,275] {dag.py:2398} INFO - Sync 2 DAGs
[2022-05-17 07:14:24,283] {logging_mixin.py:109} INFO - [2022-05-17 07:14:24,283] {dag.py:2937} INFO - Setting next_dagrun for example_subdag_operator.section-1 to None
[2022-05-17 07:14:24,284] {logging_mixin.py:109} INFO - [2022-05-17 07:14:24,283] {dag.py:2937} INFO - Setting next_dagrun for example_subdag_operator.section-2 to None
[2022-05-17 07:14:24,295] {processor.py:171} INFO - Processing /home/airflow/.local/lib/python3.7/site-packages/airflow/example_dags/example_subdag_operator.py took 0.089 seconds
[2022-05-17 07:14:55,124] {processor.py:163} INFO - Started process (PID=12682) to work on /home/airflow/.local/lib/python3.7/site-packages/airflow/example_dags/example_subdag_operator.py
[2022-05-17 07:14:55,126] {processor.py:642} INFO - Processing file /home/airflow/.local/lib/python3.7/site-packages/airflow/example_dags/example_subdag_operator.py for tasks to queue
[2022-05-17 07:14:55,127] {logging_mixin.py:109} INFO - [2022-05-17 07:14:55,127] {dagbag.py:500} INFO - Filling up the DagBag from /home/airflow/.local/lib/python3.7/site-packages/airflow/example_dags/example_subdag_operator.py
[2022-05-17 07:14:55,158] {processor.py:652} INFO - DAG(s) dict_keys(['example_subdag_operator.section-1', 'example_subdag_operator.section-2', 'example_subdag_operator']) retrieved from /home/airflow/.local/lib/python3.7/site-packages/airflow/example_dags/example_subdag_operator.py
[2022-05-17 07:14:55,168] {logging_mixin.py:109} INFO - [2022-05-17 07:14:55,167] {dag.py:2398} INFO - Sync 3 DAGs
[2022-05-17 07:14:55,182] {logging_mixin.py:109} INFO - [2022-05-17 07:14:55,182] {dag.py:2937} INFO - Setting next_dagrun for example_subdag_operator to 2022-05-15T00:00:00+00:00
[2022-05-17 07:14:55,182] {logging_mixin.py:109} INFO - [2022-05-17 07:14:55,182] {dag.py:2937} INFO - Setting next_dagrun for example_subdag_operator.section-1 to None
[2022-05-17 07:14:55,183] {logging_mixin.py:109} INFO - [2022-05-17 07:14:55,183] {dag.py:2937} INFO - Setting next_dagrun for example_subdag_operator.section-2 to None
[2022-05-17 07:14:55,188] {logging_mixin.py:109} INFO - [2022-05-17 07:14:55,188] {dag.py:2398} INFO - Sync 2 DAGs
[2022-05-17 07:14:55,196] {logging_mixin.py:109} INFO - [2022-05-17 07:14:55,196] {dag.py:2937} INFO - Setting next_dagrun for example_subdag_operator.section-1 to None
[2022-05-17 07:14:55,196] {logging_mixin.py:109} INFO - [2022-05-17 07:14:55,196] {dag.py:2937} INFO - Setting next_dagrun for example_subdag_operator.section-2 to None
[2022-05-17 07:14:55,208] {processor.py:171} INFO - Processing /home/airflow/.local/lib/python3.7/site-packages/airflow/example_dags/example_subdag_operator.py took 0.086 seconds
[2022-05-17 07:15:26,135] {processor.py:163} INFO - Started process (PID=12756) to work on /home/airflow/.local/lib/python3.7/site-packages/airflow/example_dags/example_subdag_operator.py
[2022-05-17 07:15:26,136] {processor.py:642} INFO - Processing file /home/airflow/.local/lib/python3.7/site-packages/airflow/example_dags/example_subdag_operator.py for tasks to queue
[2022-05-17 07:15:26,137] {logging_mixin.py:109} INFO - [2022-05-17 07:15:26,137] {dagbag.py:500} INFO - Filling up the DagBag from /home/airflow/.local/lib/python3.7/site-packages/airflow/example_dags/example_subdag_operator.py
[2022-05-17 07:15:26,173] {processor.py:652} INFO - DAG(s) dict_keys(['example_subdag_operator.section-1', 'example_subdag_operator.section-2', 'example_subdag_operator']) retrieved from /home/airflow/.local/lib/python3.7/site-packages/airflow/example_dags/example_subdag_operator.py
[2022-05-17 07:15:26,186] {logging_mixin.py:109} INFO - [2022-05-17 07:15:26,185] {dag.py:2398} INFO - Sync 3 DAGs
[2022-05-17 07:15:26,205] {logging_mixin.py:109} INFO - [2022-05-17 07:15:26,205] {dag.py:2937} INFO - Setting next_dagrun for example_subdag_operator to 2022-05-15T00:00:00+00:00
[2022-05-17 07:15:26,205] {logging_mixin.py:109} INFO - [2022-05-17 07:15:26,205] {dag.py:2937} INFO - Setting next_dagrun for example_subdag_operator.section-1 to None
[2022-05-17 07:15:26,205] {logging_mixin.py:109} INFO - [2022-05-17 07:15:26,205] {dag.py:2937} INFO - Setting next_dagrun for example_subdag_operator.section-2 to None
[2022-05-17 07:15:26,211] {logging_mixin.py:109} INFO - [2022-05-17 07:15:26,211] {dag.py:2398} INFO - Sync 2 DAGs
[2022-05-17 07:15:26,221] {logging_mixin.py:109} INFO - [2022-05-17 07:15:26,221] {dag.py:2937} INFO - Setting next_dagrun for example_subdag_operator.section-1 to None
[2022-05-17 07:15:26,221] {logging_mixin.py:109} INFO - [2022-05-17 07:15:26,221] {dag.py:2937} INFO - Setting next_dagrun for example_subdag_operator.section-2 to None
[2022-05-17 07:15:26,233] {processor.py:171} INFO - Processing /home/airflow/.local/lib/python3.7/site-packages/airflow/example_dags/example_subdag_operator.py took 0.103 seconds
