[2022-05-17 06:58:16,245] {processor.py:163} INFO - Started process (PID=10512) to work on /home/airflow/.local/lib/python3.7/site-packages/airflow/example_dags/example_trigger_controller_dag.py
[2022-05-17 06:58:16,247] {processor.py:642} INFO - Processing file /home/airflow/.local/lib/python3.7/site-packages/airflow/example_dags/example_trigger_controller_dag.py for tasks to queue
[2022-05-17 06:58:16,252] {logging_mixin.py:109} INFO - [2022-05-17 06:58:16,252] {dagbag.py:500} INFO - Filling up the DagBag from /home/airflow/.local/lib/python3.7/site-packages/airflow/example_dags/example_trigger_controller_dag.py
[2022-05-17 06:58:16,274] {processor.py:652} INFO - DAG(s) dict_keys(['example_trigger_controller_dag']) retrieved from /home/airflow/.local/lib/python3.7/site-packages/airflow/example_dags/example_trigger_controller_dag.py
[2022-05-17 06:58:16,297] {logging_mixin.py:109} INFO - [2022-05-17 06:58:16,297] {dag.py:2398} INFO - Sync 1 DAGs
[2022-05-17 06:58:16,320] {logging_mixin.py:109} INFO - [2022-05-17 06:58:16,320] {dag.py:2937} INFO - Setting next_dagrun for example_trigger_controller_dag to 2021-01-01T00:00:00+00:00
[2022-05-17 06:58:16,343] {processor.py:171} INFO - Processing /home/airflow/.local/lib/python3.7/site-packages/airflow/example_dags/example_trigger_controller_dag.py took 0.103 seconds
[2022-05-17 06:58:46,721] {processor.py:163} INFO - Started process (PID=10574) to work on /home/airflow/.local/lib/python3.7/site-packages/airflow/example_dags/example_trigger_controller_dag.py
[2022-05-17 06:58:46,723] {processor.py:642} INFO - Processing file /home/airflow/.local/lib/python3.7/site-packages/airflow/example_dags/example_trigger_controller_dag.py for tasks to queue
[2022-05-17 06:58:46,723] {logging_mixin.py:109} INFO - [2022-05-17 06:58:46,723] {dagbag.py:500} INFO - Filling up the DagBag from /home/airflow/.local/lib/python3.7/site-packages/airflow/example_dags/example_trigger_controller_dag.py
[2022-05-17 06:58:46,735] {processor.py:652} INFO - DAG(s) dict_keys(['example_trigger_controller_dag']) retrieved from /home/airflow/.local/lib/python3.7/site-packages/airflow/example_dags/example_trigger_controller_dag.py
[2022-05-17 06:58:46,753] {logging_mixin.py:109} INFO - [2022-05-17 06:58:46,753] {dag.py:2398} INFO - Sync 1 DAGs
[2022-05-17 06:58:46,766] {logging_mixin.py:109} INFO - [2022-05-17 06:58:46,765] {dag.py:2937} INFO - Setting next_dagrun for example_trigger_controller_dag to 2021-01-01T00:00:00+00:00
[2022-05-17 06:58:46,778] {processor.py:171} INFO - Processing /home/airflow/.local/lib/python3.7/site-packages/airflow/example_dags/example_trigger_controller_dag.py took 0.060 seconds
[2022-05-17 06:59:17,795] {processor.py:163} INFO - Started process (PID=10647) to work on /home/airflow/.local/lib/python3.7/site-packages/airflow/example_dags/example_trigger_controller_dag.py
[2022-05-17 06:59:17,796] {processor.py:642} INFO - Processing file /home/airflow/.local/lib/python3.7/site-packages/airflow/example_dags/example_trigger_controller_dag.py for tasks to queue
[2022-05-17 06:59:17,797] {logging_mixin.py:109} INFO - [2022-05-17 06:59:17,797] {dagbag.py:500} INFO - Filling up the DagBag from /home/airflow/.local/lib/python3.7/site-packages/airflow/example_dags/example_trigger_controller_dag.py
[2022-05-17 06:59:17,810] {processor.py:652} INFO - DAG(s) dict_keys(['example_trigger_controller_dag']) retrieved from /home/airflow/.local/lib/python3.7/site-packages/airflow/example_dags/example_trigger_controller_dag.py
[2022-05-17 06:59:17,828] {logging_mixin.py:109} INFO - [2022-05-17 06:59:17,828] {dag.py:2398} INFO - Sync 1 DAGs
[2022-05-17 06:59:17,841] {logging_mixin.py:109} INFO - [2022-05-17 06:59:17,841] {dag.py:2937} INFO - Setting next_dagrun for example_trigger_controller_dag to 2021-01-01T00:00:00+00:00
[2022-05-17 06:59:17,853] {processor.py:171} INFO - Processing /home/airflow/.local/lib/python3.7/site-packages/airflow/example_dags/example_trigger_controller_dag.py took 0.062 seconds
[2022-05-17 06:59:48,566] {processor.py:163} INFO - Started process (PID=10719) to work on /home/airflow/.local/lib/python3.7/site-packages/airflow/example_dags/example_trigger_controller_dag.py
[2022-05-17 06:59:48,568] {processor.py:642} INFO - Processing file /home/airflow/.local/lib/python3.7/site-packages/airflow/example_dags/example_trigger_controller_dag.py for tasks to queue
[2022-05-17 06:59:48,569] {logging_mixin.py:109} INFO - [2022-05-17 06:59:48,569] {dagbag.py:500} INFO - Filling up the DagBag from /home/airflow/.local/lib/python3.7/site-packages/airflow/example_dags/example_trigger_controller_dag.py
[2022-05-17 06:59:48,584] {processor.py:652} INFO - DAG(s) dict_keys(['example_trigger_controller_dag']) retrieved from /home/airflow/.local/lib/python3.7/site-packages/airflow/example_dags/example_trigger_controller_dag.py
[2022-05-17 06:59:48,608] {logging_mixin.py:109} INFO - [2022-05-17 06:59:48,608] {dag.py:2398} INFO - Sync 1 DAGs
[2022-05-17 06:59:48,630] {logging_mixin.py:109} INFO - [2022-05-17 06:59:48,629] {dag.py:2937} INFO - Setting next_dagrun for example_trigger_controller_dag to 2021-01-01T00:00:00+00:00
[2022-05-17 06:59:48,650] {processor.py:171} INFO - Processing /home/airflow/.local/lib/python3.7/site-packages/airflow/example_dags/example_trigger_controller_dag.py took 0.088 seconds
[2022-05-17 07:00:19,312] {processor.py:163} INFO - Started process (PID=10783) to work on /home/airflow/.local/lib/python3.7/site-packages/airflow/example_dags/example_trigger_controller_dag.py
[2022-05-17 07:00:19,314] {processor.py:642} INFO - Processing file /home/airflow/.local/lib/python3.7/site-packages/airflow/example_dags/example_trigger_controller_dag.py for tasks to queue
[2022-05-17 07:00:19,315] {logging_mixin.py:109} INFO - [2022-05-17 07:00:19,315] {dagbag.py:500} INFO - Filling up the DagBag from /home/airflow/.local/lib/python3.7/site-packages/airflow/example_dags/example_trigger_controller_dag.py
[2022-05-17 07:00:19,330] {processor.py:652} INFO - DAG(s) dict_keys(['example_trigger_controller_dag']) retrieved from /home/airflow/.local/lib/python3.7/site-packages/airflow/example_dags/example_trigger_controller_dag.py
[2022-05-17 07:00:19,354] {logging_mixin.py:109} INFO - [2022-05-17 07:00:19,354] {dag.py:2398} INFO - Sync 1 DAGs
[2022-05-17 07:00:19,372] {logging_mixin.py:109} INFO - [2022-05-17 07:00:19,371] {dag.py:2937} INFO - Setting next_dagrun for example_trigger_controller_dag to 2021-01-01T00:00:00+00:00
[2022-05-17 07:00:19,384] {processor.py:171} INFO - Processing /home/airflow/.local/lib/python3.7/site-packages/airflow/example_dags/example_trigger_controller_dag.py took 0.075 seconds
[2022-05-17 07:00:49,976] {processor.py:163} INFO - Started process (PID=10856) to work on /home/airflow/.local/lib/python3.7/site-packages/airflow/example_dags/example_trigger_controller_dag.py
[2022-05-17 07:00:49,977] {processor.py:642} INFO - Processing file /home/airflow/.local/lib/python3.7/site-packages/airflow/example_dags/example_trigger_controller_dag.py for tasks to queue
[2022-05-17 07:00:49,978] {logging_mixin.py:109} INFO - [2022-05-17 07:00:49,978] {dagbag.py:500} INFO - Filling up the DagBag from /home/airflow/.local/lib/python3.7/site-packages/airflow/example_dags/example_trigger_controller_dag.py
[2022-05-17 07:00:49,988] {processor.py:652} INFO - DAG(s) dict_keys(['example_trigger_controller_dag']) retrieved from /home/airflow/.local/lib/python3.7/site-packages/airflow/example_dags/example_trigger_controller_dag.py
[2022-05-17 07:00:50,007] {logging_mixin.py:109} INFO - [2022-05-17 07:00:50,007] {dag.py:2398} INFO - Sync 1 DAGs
[2022-05-17 07:00:50,020] {logging_mixin.py:109} INFO - [2022-05-17 07:00:50,020] {dag.py:2937} INFO - Setting next_dagrun for example_trigger_controller_dag to 2021-01-01T00:00:00+00:00
[2022-05-17 07:00:50,034] {processor.py:171} INFO - Processing /home/airflow/.local/lib/python3.7/site-packages/airflow/example_dags/example_trigger_controller_dag.py took 0.061 seconds
[2022-05-17 07:01:20,705] {processor.py:163} INFO - Started process (PID=10919) to work on /home/airflow/.local/lib/python3.7/site-packages/airflow/example_dags/example_trigger_controller_dag.py
[2022-05-17 07:01:20,706] {processor.py:642} INFO - Processing file /home/airflow/.local/lib/python3.7/site-packages/airflow/example_dags/example_trigger_controller_dag.py for tasks to queue
[2022-05-17 07:01:20,708] {logging_mixin.py:109} INFO - [2022-05-17 07:01:20,707] {dagbag.py:500} INFO - Filling up the DagBag from /home/airflow/.local/lib/python3.7/site-packages/airflow/example_dags/example_trigger_controller_dag.py
[2022-05-17 07:01:20,718] {processor.py:652} INFO - DAG(s) dict_keys(['example_trigger_controller_dag']) retrieved from /home/airflow/.local/lib/python3.7/site-packages/airflow/example_dags/example_trigger_controller_dag.py
[2022-05-17 07:01:20,736] {logging_mixin.py:109} INFO - [2022-05-17 07:01:20,736] {dag.py:2398} INFO - Sync 1 DAGs
[2022-05-17 07:01:20,750] {logging_mixin.py:109} INFO - [2022-05-17 07:01:20,749] {dag.py:2937} INFO - Setting next_dagrun for example_trigger_controller_dag to 2021-01-01T00:00:00+00:00
[2022-05-17 07:01:20,761] {processor.py:171} INFO - Processing /home/airflow/.local/lib/python3.7/site-packages/airflow/example_dags/example_trigger_controller_dag.py took 0.059 seconds
[2022-05-17 07:01:51,350] {processor.py:163} INFO - Started process (PID=10991) to work on /home/airflow/.local/lib/python3.7/site-packages/airflow/example_dags/example_trigger_controller_dag.py
[2022-05-17 07:01:51,352] {processor.py:642} INFO - Processing file /home/airflow/.local/lib/python3.7/site-packages/airflow/example_dags/example_trigger_controller_dag.py for tasks to queue
[2022-05-17 07:01:51,353] {logging_mixin.py:109} INFO - [2022-05-17 07:01:51,353] {dagbag.py:500} INFO - Filling up the DagBag from /home/airflow/.local/lib/python3.7/site-packages/airflow/example_dags/example_trigger_controller_dag.py
[2022-05-17 07:01:51,368] {processor.py:652} INFO - DAG(s) dict_keys(['example_trigger_controller_dag']) retrieved from /home/airflow/.local/lib/python3.7/site-packages/airflow/example_dags/example_trigger_controller_dag.py
[2022-05-17 07:01:51,387] {logging_mixin.py:109} INFO - [2022-05-17 07:01:51,387] {dag.py:2398} INFO - Sync 1 DAGs
[2022-05-17 07:01:51,400] {logging_mixin.py:109} INFO - [2022-05-17 07:01:51,400] {dag.py:2937} INFO - Setting next_dagrun for example_trigger_controller_dag to 2021-01-01T00:00:00+00:00
[2022-05-17 07:01:51,411] {processor.py:171} INFO - Processing /home/airflow/.local/lib/python3.7/site-packages/airflow/example_dags/example_trigger_controller_dag.py took 0.065 seconds
[2022-05-17 07:02:22,424] {processor.py:163} INFO - Started process (PID=11064) to work on /home/airflow/.local/lib/python3.7/site-packages/airflow/example_dags/example_trigger_controller_dag.py
[2022-05-17 07:02:22,426] {processor.py:642} INFO - Processing file /home/airflow/.local/lib/python3.7/site-packages/airflow/example_dags/example_trigger_controller_dag.py for tasks to queue
[2022-05-17 07:02:22,426] {logging_mixin.py:109} INFO - [2022-05-17 07:02:22,426] {dagbag.py:500} INFO - Filling up the DagBag from /home/airflow/.local/lib/python3.7/site-packages/airflow/example_dags/example_trigger_controller_dag.py
[2022-05-17 07:02:22,437] {processor.py:652} INFO - DAG(s) dict_keys(['example_trigger_controller_dag']) retrieved from /home/airflow/.local/lib/python3.7/site-packages/airflow/example_dags/example_trigger_controller_dag.py
[2022-05-17 07:02:22,456] {logging_mixin.py:109} INFO - [2022-05-17 07:02:22,456] {dag.py:2398} INFO - Sync 1 DAGs
[2022-05-17 07:02:22,469] {logging_mixin.py:109} INFO - [2022-05-17 07:02:22,469] {dag.py:2937} INFO - Setting next_dagrun for example_trigger_controller_dag to 2021-01-01T00:00:00+00:00
[2022-05-17 07:02:22,481] {processor.py:171} INFO - Processing /home/airflow/.local/lib/python3.7/site-packages/airflow/example_dags/example_trigger_controller_dag.py took 0.059 seconds
[2022-05-17 07:02:52,721] {processor.py:163} INFO - Started process (PID=11128) to work on /home/airflow/.local/lib/python3.7/site-packages/airflow/example_dags/example_trigger_controller_dag.py
[2022-05-17 07:02:52,722] {processor.py:642} INFO - Processing file /home/airflow/.local/lib/python3.7/site-packages/airflow/example_dags/example_trigger_controller_dag.py for tasks to queue
[2022-05-17 07:02:52,723] {logging_mixin.py:109} INFO - [2022-05-17 07:02:52,723] {dagbag.py:500} INFO - Filling up the DagBag from /home/airflow/.local/lib/python3.7/site-packages/airflow/example_dags/example_trigger_controller_dag.py
[2022-05-17 07:02:52,734] {processor.py:652} INFO - DAG(s) dict_keys(['example_trigger_controller_dag']) retrieved from /home/airflow/.local/lib/python3.7/site-packages/airflow/example_dags/example_trigger_controller_dag.py
[2022-05-17 07:02:52,752] {logging_mixin.py:109} INFO - [2022-05-17 07:02:52,752] {dag.py:2398} INFO - Sync 1 DAGs
[2022-05-17 07:02:52,768] {logging_mixin.py:109} INFO - [2022-05-17 07:02:52,768] {dag.py:2937} INFO - Setting next_dagrun for example_trigger_controller_dag to 2021-01-01T00:00:00+00:00
[2022-05-17 07:02:52,781] {processor.py:171} INFO - Processing /home/airflow/.local/lib/python3.7/site-packages/airflow/example_dags/example_trigger_controller_dag.py took 0.063 seconds
[2022-05-17 07:03:23,562] {processor.py:163} INFO - Started process (PID=11202) to work on /home/airflow/.local/lib/python3.7/site-packages/airflow/example_dags/example_trigger_controller_dag.py
[2022-05-17 07:03:23,563] {processor.py:642} INFO - Processing file /home/airflow/.local/lib/python3.7/site-packages/airflow/example_dags/example_trigger_controller_dag.py for tasks to queue
[2022-05-17 07:03:23,564] {logging_mixin.py:109} INFO - [2022-05-17 07:03:23,564] {dagbag.py:500} INFO - Filling up the DagBag from /home/airflow/.local/lib/python3.7/site-packages/airflow/example_dags/example_trigger_controller_dag.py
[2022-05-17 07:03:23,575] {processor.py:652} INFO - DAG(s) dict_keys(['example_trigger_controller_dag']) retrieved from /home/airflow/.local/lib/python3.7/site-packages/airflow/example_dags/example_trigger_controller_dag.py
[2022-05-17 07:03:23,594] {logging_mixin.py:109} INFO - [2022-05-17 07:03:23,594] {dag.py:2398} INFO - Sync 1 DAGs
[2022-05-17 07:03:23,608] {logging_mixin.py:109} INFO - [2022-05-17 07:03:23,608] {dag.py:2937} INFO - Setting next_dagrun for example_trigger_controller_dag to 2021-01-01T00:00:00+00:00
[2022-05-17 07:03:23,621] {processor.py:171} INFO - Processing /home/airflow/.local/lib/python3.7/site-packages/airflow/example_dags/example_trigger_controller_dag.py took 0.062 seconds
[2022-05-17 07:03:54,155] {processor.py:163} INFO - Started process (PID=11274) to work on /home/airflow/.local/lib/python3.7/site-packages/airflow/example_dags/example_trigger_controller_dag.py
[2022-05-17 07:03:54,157] {processor.py:642} INFO - Processing file /home/airflow/.local/lib/python3.7/site-packages/airflow/example_dags/example_trigger_controller_dag.py for tasks to queue
[2022-05-17 07:03:54,158] {logging_mixin.py:109} INFO - [2022-05-17 07:03:54,158] {dagbag.py:500} INFO - Filling up the DagBag from /home/airflow/.local/lib/python3.7/site-packages/airflow/example_dags/example_trigger_controller_dag.py
[2022-05-17 07:03:54,169] {processor.py:652} INFO - DAG(s) dict_keys(['example_trigger_controller_dag']) retrieved from /home/airflow/.local/lib/python3.7/site-packages/airflow/example_dags/example_trigger_controller_dag.py
[2022-05-17 07:03:54,187] {logging_mixin.py:109} INFO - [2022-05-17 07:03:54,187] {dag.py:2398} INFO - Sync 1 DAGs
[2022-05-17 07:03:54,203] {logging_mixin.py:109} INFO - [2022-05-17 07:03:54,203] {dag.py:2937} INFO - Setting next_dagrun for example_trigger_controller_dag to 2021-01-01T00:00:00+00:00
[2022-05-17 07:03:54,216] {processor.py:171} INFO - Processing /home/airflow/.local/lib/python3.7/site-packages/airflow/example_dags/example_trigger_controller_dag.py took 0.063 seconds
[2022-05-17 07:04:24,910] {processor.py:163} INFO - Started process (PID=11339) to work on /home/airflow/.local/lib/python3.7/site-packages/airflow/example_dags/example_trigger_controller_dag.py
[2022-05-17 07:04:24,911] {processor.py:642} INFO - Processing file /home/airflow/.local/lib/python3.7/site-packages/airflow/example_dags/example_trigger_controller_dag.py for tasks to queue
[2022-05-17 07:04:24,912] {logging_mixin.py:109} INFO - [2022-05-17 07:04:24,912] {dagbag.py:500} INFO - Filling up the DagBag from /home/airflow/.local/lib/python3.7/site-packages/airflow/example_dags/example_trigger_controller_dag.py
[2022-05-17 07:04:24,924] {processor.py:652} INFO - DAG(s) dict_keys(['example_trigger_controller_dag']) retrieved from /home/airflow/.local/lib/python3.7/site-packages/airflow/example_dags/example_trigger_controller_dag.py
[2022-05-17 07:04:24,944] {logging_mixin.py:109} INFO - [2022-05-17 07:04:24,944] {dag.py:2398} INFO - Sync 1 DAGs
[2022-05-17 07:04:24,959] {logging_mixin.py:109} INFO - [2022-05-17 07:04:24,959] {dag.py:2937} INFO - Setting next_dagrun for example_trigger_controller_dag to 2021-01-01T00:00:00+00:00
[2022-05-17 07:04:24,971] {processor.py:171} INFO - Processing /home/airflow/.local/lib/python3.7/site-packages/airflow/example_dags/example_trigger_controller_dag.py took 0.065 seconds
[2022-05-17 07:04:55,753] {processor.py:163} INFO - Started process (PID=11410) to work on /home/airflow/.local/lib/python3.7/site-packages/airflow/example_dags/example_trigger_controller_dag.py
[2022-05-17 07:04:55,754] {processor.py:642} INFO - Processing file /home/airflow/.local/lib/python3.7/site-packages/airflow/example_dags/example_trigger_controller_dag.py for tasks to queue
[2022-05-17 07:04:55,755] {logging_mixin.py:109} INFO - [2022-05-17 07:04:55,755] {dagbag.py:500} INFO - Filling up the DagBag from /home/airflow/.local/lib/python3.7/site-packages/airflow/example_dags/example_trigger_controller_dag.py
[2022-05-17 07:04:55,766] {processor.py:652} INFO - DAG(s) dict_keys(['example_trigger_controller_dag']) retrieved from /home/airflow/.local/lib/python3.7/site-packages/airflow/example_dags/example_trigger_controller_dag.py
[2022-05-17 07:04:55,785] {logging_mixin.py:109} INFO - [2022-05-17 07:04:55,785] {dag.py:2398} INFO - Sync 1 DAGs
[2022-05-17 07:04:55,799] {logging_mixin.py:109} INFO - [2022-05-17 07:04:55,799] {dag.py:2937} INFO - Setting next_dagrun for example_trigger_controller_dag to 2021-01-01T00:00:00+00:00
[2022-05-17 07:04:55,811] {processor.py:171} INFO - Processing /home/airflow/.local/lib/python3.7/site-packages/airflow/example_dags/example_trigger_controller_dag.py took 0.061 seconds
[2022-05-17 07:05:26,523] {processor.py:163} INFO - Started process (PID=11474) to work on /home/airflow/.local/lib/python3.7/site-packages/airflow/example_dags/example_trigger_controller_dag.py
[2022-05-17 07:05:26,525] {processor.py:642} INFO - Processing file /home/airflow/.local/lib/python3.7/site-packages/airflow/example_dags/example_trigger_controller_dag.py for tasks to queue
[2022-05-17 07:05:26,526] {logging_mixin.py:109} INFO - [2022-05-17 07:05:26,525] {dagbag.py:500} INFO - Filling up the DagBag from /home/airflow/.local/lib/python3.7/site-packages/airflow/example_dags/example_trigger_controller_dag.py
[2022-05-17 07:05:26,536] {processor.py:652} INFO - DAG(s) dict_keys(['example_trigger_controller_dag']) retrieved from /home/airflow/.local/lib/python3.7/site-packages/airflow/example_dags/example_trigger_controller_dag.py
[2022-05-17 07:05:26,554] {logging_mixin.py:109} INFO - [2022-05-17 07:05:26,554] {dag.py:2398} INFO - Sync 1 DAGs
[2022-05-17 07:05:26,567] {logging_mixin.py:109} INFO - [2022-05-17 07:05:26,567] {dag.py:2937} INFO - Setting next_dagrun for example_trigger_controller_dag to 2021-01-01T00:00:00+00:00
[2022-05-17 07:05:26,580] {processor.py:171} INFO - Processing /home/airflow/.local/lib/python3.7/site-packages/airflow/example_dags/example_trigger_controller_dag.py took 0.060 seconds
[2022-05-17 07:05:57,134] {processor.py:163} INFO - Started process (PID=11547) to work on /home/airflow/.local/lib/python3.7/site-packages/airflow/example_dags/example_trigger_controller_dag.py
[2022-05-17 07:05:57,136] {processor.py:642} INFO - Processing file /home/airflow/.local/lib/python3.7/site-packages/airflow/example_dags/example_trigger_controller_dag.py for tasks to queue
[2022-05-17 07:05:57,137] {logging_mixin.py:109} INFO - [2022-05-17 07:05:57,137] {dagbag.py:500} INFO - Filling up the DagBag from /home/airflow/.local/lib/python3.7/site-packages/airflow/example_dags/example_trigger_controller_dag.py
[2022-05-17 07:05:57,147] {processor.py:652} INFO - DAG(s) dict_keys(['example_trigger_controller_dag']) retrieved from /home/airflow/.local/lib/python3.7/site-packages/airflow/example_dags/example_trigger_controller_dag.py
[2022-05-17 07:05:57,166] {logging_mixin.py:109} INFO - [2022-05-17 07:05:57,166] {dag.py:2398} INFO - Sync 1 DAGs
[2022-05-17 07:05:57,180] {logging_mixin.py:109} INFO - [2022-05-17 07:05:57,180] {dag.py:2937} INFO - Setting next_dagrun for example_trigger_controller_dag to 2021-01-01T00:00:00+00:00
[2022-05-17 07:05:57,192] {processor.py:171} INFO - Processing /home/airflow/.local/lib/python3.7/site-packages/airflow/example_dags/example_trigger_controller_dag.py took 0.061 seconds
[2022-05-17 07:06:27,589] {processor.py:163} INFO - Started process (PID=11620) to work on /home/airflow/.local/lib/python3.7/site-packages/airflow/example_dags/example_trigger_controller_dag.py
[2022-05-17 07:06:27,591] {processor.py:642} INFO - Processing file /home/airflow/.local/lib/python3.7/site-packages/airflow/example_dags/example_trigger_controller_dag.py for tasks to queue
[2022-05-17 07:06:27,592] {logging_mixin.py:109} INFO - [2022-05-17 07:06:27,592] {dagbag.py:500} INFO - Filling up the DagBag from /home/airflow/.local/lib/python3.7/site-packages/airflow/example_dags/example_trigger_controller_dag.py
[2022-05-17 07:06:27,607] {processor.py:652} INFO - DAG(s) dict_keys(['example_trigger_controller_dag']) retrieved from /home/airflow/.local/lib/python3.7/site-packages/airflow/example_dags/example_trigger_controller_dag.py
[2022-05-17 07:06:27,634] {logging_mixin.py:109} INFO - [2022-05-17 07:06:27,634] {dag.py:2398} INFO - Sync 1 DAGs
[2022-05-17 07:06:27,658] {logging_mixin.py:109} INFO - [2022-05-17 07:06:27,658] {dag.py:2937} INFO - Setting next_dagrun for example_trigger_controller_dag to 2021-01-01T00:00:00+00:00
[2022-05-17 07:06:27,678] {processor.py:171} INFO - Processing /home/airflow/.local/lib/python3.7/site-packages/airflow/example_dags/example_trigger_controller_dag.py took 0.093 seconds
[2022-05-17 07:06:58,574] {processor.py:163} INFO - Started process (PID=11683) to work on /home/airflow/.local/lib/python3.7/site-packages/airflow/example_dags/example_trigger_controller_dag.py
[2022-05-17 07:06:58,577] {processor.py:642} INFO - Processing file /home/airflow/.local/lib/python3.7/site-packages/airflow/example_dags/example_trigger_controller_dag.py for tasks to queue
[2022-05-17 07:06:58,578] {logging_mixin.py:109} INFO - [2022-05-17 07:06:58,577] {dagbag.py:500} INFO - Filling up the DagBag from /home/airflow/.local/lib/python3.7/site-packages/airflow/example_dags/example_trigger_controller_dag.py
[2022-05-17 07:06:58,603] {processor.py:652} INFO - DAG(s) dict_keys(['example_trigger_controller_dag']) retrieved from /home/airflow/.local/lib/python3.7/site-packages/airflow/example_dags/example_trigger_controller_dag.py
[2022-05-17 07:06:58,638] {logging_mixin.py:109} INFO - [2022-05-17 07:06:58,638] {dag.py:2398} INFO - Sync 1 DAGs
[2022-05-17 07:06:58,668] {logging_mixin.py:109} INFO - [2022-05-17 07:06:58,668] {dag.py:2937} INFO - Setting next_dagrun for example_trigger_controller_dag to 2021-01-01T00:00:00+00:00
[2022-05-17 07:06:58,685] {processor.py:171} INFO - Processing /home/airflow/.local/lib/python3.7/site-packages/airflow/example_dags/example_trigger_controller_dag.py took 0.115 seconds
[2022-05-17 07:07:29,214] {processor.py:163} INFO - Started process (PID=11747) to work on /home/airflow/.local/lib/python3.7/site-packages/airflow/example_dags/example_trigger_controller_dag.py
[2022-05-17 07:07:29,216] {processor.py:642} INFO - Processing file /home/airflow/.local/lib/python3.7/site-packages/airflow/example_dags/example_trigger_controller_dag.py for tasks to queue
[2022-05-17 07:07:29,217] {logging_mixin.py:109} INFO - [2022-05-17 07:07:29,217] {dagbag.py:500} INFO - Filling up the DagBag from /home/airflow/.local/lib/python3.7/site-packages/airflow/example_dags/example_trigger_controller_dag.py
[2022-05-17 07:07:29,236] {processor.py:652} INFO - DAG(s) dict_keys(['example_trigger_controller_dag']) retrieved from /home/airflow/.local/lib/python3.7/site-packages/airflow/example_dags/example_trigger_controller_dag.py
[2022-05-17 07:07:29,260] {logging_mixin.py:109} INFO - [2022-05-17 07:07:29,259] {dag.py:2398} INFO - Sync 1 DAGs
[2022-05-17 07:07:29,281] {logging_mixin.py:109} INFO - [2022-05-17 07:07:29,281] {dag.py:2937} INFO - Setting next_dagrun for example_trigger_controller_dag to 2021-01-01T00:00:00+00:00
[2022-05-17 07:07:29,296] {processor.py:171} INFO - Processing /home/airflow/.local/lib/python3.7/site-packages/airflow/example_dags/example_trigger_controller_dag.py took 0.087 seconds
[2022-05-17 07:07:59,963] {processor.py:163} INFO - Started process (PID=11817) to work on /home/airflow/.local/lib/python3.7/site-packages/airflow/example_dags/example_trigger_controller_dag.py
[2022-05-17 07:07:59,967] {processor.py:642} INFO - Processing file /home/airflow/.local/lib/python3.7/site-packages/airflow/example_dags/example_trigger_controller_dag.py for tasks to queue
[2022-05-17 07:07:59,968] {logging_mixin.py:109} INFO - [2022-05-17 07:07:59,968] {dagbag.py:500} INFO - Filling up the DagBag from /home/airflow/.local/lib/python3.7/site-packages/airflow/example_dags/example_trigger_controller_dag.py
[2022-05-17 07:08:00,001] {processor.py:652} INFO - DAG(s) dict_keys(['example_trigger_controller_dag']) retrieved from /home/airflow/.local/lib/python3.7/site-packages/airflow/example_dags/example_trigger_controller_dag.py
[2022-05-17 07:08:00,050] {logging_mixin.py:109} INFO - [2022-05-17 07:08:00,050] {dag.py:2398} INFO - Sync 1 DAGs
[2022-05-17 07:08:00,080] {logging_mixin.py:109} INFO - [2022-05-17 07:08:00,079] {dag.py:2937} INFO - Setting next_dagrun for example_trigger_controller_dag to 2021-01-01T00:00:00+00:00
[2022-05-17 07:08:00,097] {processor.py:171} INFO - Processing /home/airflow/.local/lib/python3.7/site-packages/airflow/example_dags/example_trigger_controller_dag.py took 0.146 seconds
[2022-05-17 07:08:31,358] {processor.py:163} INFO - Started process (PID=11882) to work on /home/airflow/.local/lib/python3.7/site-packages/airflow/example_dags/example_trigger_controller_dag.py
[2022-05-17 07:08:31,360] {processor.py:642} INFO - Processing file /home/airflow/.local/lib/python3.7/site-packages/airflow/example_dags/example_trigger_controller_dag.py for tasks to queue
[2022-05-17 07:08:31,361] {logging_mixin.py:109} INFO - [2022-05-17 07:08:31,361] {dagbag.py:500} INFO - Filling up the DagBag from /home/airflow/.local/lib/python3.7/site-packages/airflow/example_dags/example_trigger_controller_dag.py
[2022-05-17 07:08:31,386] {processor.py:652} INFO - DAG(s) dict_keys(['example_trigger_controller_dag']) retrieved from /home/airflow/.local/lib/python3.7/site-packages/airflow/example_dags/example_trigger_controller_dag.py
[2022-05-17 07:08:31,419] {logging_mixin.py:109} INFO - [2022-05-17 07:08:31,418] {dag.py:2398} INFO - Sync 1 DAGs
[2022-05-17 07:08:31,445] {logging_mixin.py:109} INFO - [2022-05-17 07:08:31,445] {dag.py:2937} INFO - Setting next_dagrun for example_trigger_controller_dag to 2021-01-01T00:00:00+00:00
[2022-05-17 07:08:31,466] {processor.py:171} INFO - Processing /home/airflow/.local/lib/python3.7/site-packages/airflow/example_dags/example_trigger_controller_dag.py took 0.113 seconds
[2022-05-17 07:09:02,027] {processor.py:163} INFO - Started process (PID=11945) to work on /home/airflow/.local/lib/python3.7/site-packages/airflow/example_dags/example_trigger_controller_dag.py
[2022-05-17 07:09:02,029] {processor.py:642} INFO - Processing file /home/airflow/.local/lib/python3.7/site-packages/airflow/example_dags/example_trigger_controller_dag.py for tasks to queue
[2022-05-17 07:09:02,031] {logging_mixin.py:109} INFO - [2022-05-17 07:09:02,031] {dagbag.py:500} INFO - Filling up the DagBag from /home/airflow/.local/lib/python3.7/site-packages/airflow/example_dags/example_trigger_controller_dag.py
[2022-05-17 07:09:02,050] {processor.py:652} INFO - DAG(s) dict_keys(['example_trigger_controller_dag']) retrieved from /home/airflow/.local/lib/python3.7/site-packages/airflow/example_dags/example_trigger_controller_dag.py
[2022-05-17 07:09:02,084] {logging_mixin.py:109} INFO - [2022-05-17 07:09:02,083] {dag.py:2398} INFO - Sync 1 DAGs
[2022-05-17 07:09:02,109] {logging_mixin.py:109} INFO - [2022-05-17 07:09:02,109] {dag.py:2937} INFO - Setting next_dagrun for example_trigger_controller_dag to 2021-01-01T00:00:00+00:00
[2022-05-17 07:09:02,125] {processor.py:171} INFO - Processing /home/airflow/.local/lib/python3.7/site-packages/airflow/example_dags/example_trigger_controller_dag.py took 0.102 seconds
[2022-05-17 07:09:33,213] {processor.py:163} INFO - Started process (PID=12008) to work on /home/airflow/.local/lib/python3.7/site-packages/airflow/example_dags/example_trigger_controller_dag.py
[2022-05-17 07:09:33,214] {processor.py:642} INFO - Processing file /home/airflow/.local/lib/python3.7/site-packages/airflow/example_dags/example_trigger_controller_dag.py for tasks to queue
[2022-05-17 07:09:33,215] {logging_mixin.py:109} INFO - [2022-05-17 07:09:33,215] {dagbag.py:500} INFO - Filling up the DagBag from /home/airflow/.local/lib/python3.7/site-packages/airflow/example_dags/example_trigger_controller_dag.py
[2022-05-17 07:09:33,236] {processor.py:652} INFO - DAG(s) dict_keys(['example_trigger_controller_dag']) retrieved from /home/airflow/.local/lib/python3.7/site-packages/airflow/example_dags/example_trigger_controller_dag.py
[2022-05-17 07:09:33,266] {logging_mixin.py:109} INFO - [2022-05-17 07:09:33,266] {dag.py:2398} INFO - Sync 1 DAGs
[2022-05-17 07:09:33,292] {logging_mixin.py:109} INFO - [2022-05-17 07:09:33,291] {dag.py:2937} INFO - Setting next_dagrun for example_trigger_controller_dag to 2021-01-01T00:00:00+00:00
[2022-05-17 07:09:33,310] {processor.py:171} INFO - Processing /home/airflow/.local/lib/python3.7/site-packages/airflow/example_dags/example_trigger_controller_dag.py took 0.101 seconds
[2022-05-17 07:10:03,564] {processor.py:163} INFO - Started process (PID=12080) to work on /home/airflow/.local/lib/python3.7/site-packages/airflow/example_dags/example_trigger_controller_dag.py
[2022-05-17 07:10:03,568] {processor.py:642} INFO - Processing file /home/airflow/.local/lib/python3.7/site-packages/airflow/example_dags/example_trigger_controller_dag.py for tasks to queue
[2022-05-17 07:10:03,570] {logging_mixin.py:109} INFO - [2022-05-17 07:10:03,570] {dagbag.py:500} INFO - Filling up the DagBag from /home/airflow/.local/lib/python3.7/site-packages/airflow/example_dags/example_trigger_controller_dag.py
[2022-05-17 07:10:03,599] {processor.py:652} INFO - DAG(s) dict_keys(['example_trigger_controller_dag']) retrieved from /home/airflow/.local/lib/python3.7/site-packages/airflow/example_dags/example_trigger_controller_dag.py
[2022-05-17 07:10:03,639] {logging_mixin.py:109} INFO - [2022-05-17 07:10:03,639] {dag.py:2398} INFO - Sync 1 DAGs
[2022-05-17 07:10:03,677] {logging_mixin.py:109} INFO - [2022-05-17 07:10:03,677] {dag.py:2937} INFO - Setting next_dagrun for example_trigger_controller_dag to 2021-01-01T00:00:00+00:00
[2022-05-17 07:10:03,705] {processor.py:171} INFO - Processing /home/airflow/.local/lib/python3.7/site-packages/airflow/example_dags/example_trigger_controller_dag.py took 0.147 seconds
[2022-05-17 07:10:34,585] {processor.py:163} INFO - Started process (PID=12143) to work on /home/airflow/.local/lib/python3.7/site-packages/airflow/example_dags/example_trigger_controller_dag.py
[2022-05-17 07:10:34,588] {processor.py:642} INFO - Processing file /home/airflow/.local/lib/python3.7/site-packages/airflow/example_dags/example_trigger_controller_dag.py for tasks to queue
[2022-05-17 07:10:34,589] {logging_mixin.py:109} INFO - [2022-05-17 07:10:34,589] {dagbag.py:500} INFO - Filling up the DagBag from /home/airflow/.local/lib/python3.7/site-packages/airflow/example_dags/example_trigger_controller_dag.py
[2022-05-17 07:10:34,627] {processor.py:652} INFO - DAG(s) dict_keys(['example_trigger_controller_dag']) retrieved from /home/airflow/.local/lib/python3.7/site-packages/airflow/example_dags/example_trigger_controller_dag.py
[2022-05-17 07:10:34,663] {logging_mixin.py:109} INFO - [2022-05-17 07:10:34,663] {dag.py:2398} INFO - Sync 1 DAGs
[2022-05-17 07:10:34,706] {logging_mixin.py:109} INFO - [2022-05-17 07:10:34,706] {dag.py:2937} INFO - Setting next_dagrun for example_trigger_controller_dag to 2021-01-01T00:00:00+00:00
[2022-05-17 07:10:34,726] {processor.py:171} INFO - Processing /home/airflow/.local/lib/python3.7/site-packages/airflow/example_dags/example_trigger_controller_dag.py took 0.149 seconds
[2022-05-17 07:11:06,367] {processor.py:163} INFO - Started process (PID=12210) to work on /home/airflow/.local/lib/python3.7/site-packages/airflow/example_dags/example_trigger_controller_dag.py
[2022-05-17 07:11:06,369] {processor.py:642} INFO - Processing file /home/airflow/.local/lib/python3.7/site-packages/airflow/example_dags/example_trigger_controller_dag.py for tasks to queue
[2022-05-17 07:11:06,371] {logging_mixin.py:109} INFO - [2022-05-17 07:11:06,370] {dagbag.py:500} INFO - Filling up the DagBag from /home/airflow/.local/lib/python3.7/site-packages/airflow/example_dags/example_trigger_controller_dag.py
[2022-05-17 07:11:06,396] {processor.py:652} INFO - DAG(s) dict_keys(['example_trigger_controller_dag']) retrieved from /home/airflow/.local/lib/python3.7/site-packages/airflow/example_dags/example_trigger_controller_dag.py
[2022-05-17 07:11:06,429] {logging_mixin.py:109} INFO - [2022-05-17 07:11:06,429] {dag.py:2398} INFO - Sync 1 DAGs
[2022-05-17 07:11:06,462] {logging_mixin.py:109} INFO - [2022-05-17 07:11:06,462] {dag.py:2937} INFO - Setting next_dagrun for example_trigger_controller_dag to 2021-01-01T00:00:00+00:00
[2022-05-17 07:11:06,484] {processor.py:171} INFO - Processing /home/airflow/.local/lib/python3.7/site-packages/airflow/example_dags/example_trigger_controller_dag.py took 0.125 seconds
[2022-05-17 07:11:36,861] {processor.py:163} INFO - Started process (PID=12285) to work on /home/airflow/.local/lib/python3.7/site-packages/airflow/example_dags/example_trigger_controller_dag.py
[2022-05-17 07:11:36,863] {processor.py:642} INFO - Processing file /home/airflow/.local/lib/python3.7/site-packages/airflow/example_dags/example_trigger_controller_dag.py for tasks to queue
[2022-05-17 07:11:36,865] {logging_mixin.py:109} INFO - [2022-05-17 07:11:36,865] {dagbag.py:500} INFO - Filling up the DagBag from /home/airflow/.local/lib/python3.7/site-packages/airflow/example_dags/example_trigger_controller_dag.py
[2022-05-17 07:11:36,893] {processor.py:652} INFO - DAG(s) dict_keys(['example_trigger_controller_dag']) retrieved from /home/airflow/.local/lib/python3.7/site-packages/airflow/example_dags/example_trigger_controller_dag.py
[2022-05-17 07:11:36,926] {logging_mixin.py:109} INFO - [2022-05-17 07:11:36,926] {dag.py:2398} INFO - Sync 1 DAGs
[2022-05-17 07:11:36,954] {logging_mixin.py:109} INFO - [2022-05-17 07:11:36,954] {dag.py:2937} INFO - Setting next_dagrun for example_trigger_controller_dag to 2021-01-01T00:00:00+00:00
[2022-05-17 07:11:36,977] {processor.py:171} INFO - Processing /home/airflow/.local/lib/python3.7/site-packages/airflow/example_dags/example_trigger_controller_dag.py took 0.122 seconds
[2022-05-17 07:12:07,824] {processor.py:163} INFO - Started process (PID=12347) to work on /home/airflow/.local/lib/python3.7/site-packages/airflow/example_dags/example_trigger_controller_dag.py
[2022-05-17 07:12:07,826] {processor.py:642} INFO - Processing file /home/airflow/.local/lib/python3.7/site-packages/airflow/example_dags/example_trigger_controller_dag.py for tasks to queue
[2022-05-17 07:12:07,827] {logging_mixin.py:109} INFO - [2022-05-17 07:12:07,827] {dagbag.py:500} INFO - Filling up the DagBag from /home/airflow/.local/lib/python3.7/site-packages/airflow/example_dags/example_trigger_controller_dag.py
[2022-05-17 07:12:07,852] {processor.py:652} INFO - DAG(s) dict_keys(['example_trigger_controller_dag']) retrieved from /home/airflow/.local/lib/python3.7/site-packages/airflow/example_dags/example_trigger_controller_dag.py
[2022-05-17 07:12:07,909] {logging_mixin.py:109} INFO - [2022-05-17 07:12:07,909] {dag.py:2398} INFO - Sync 1 DAGs
[2022-05-17 07:12:07,962] {logging_mixin.py:109} INFO - [2022-05-17 07:12:07,962] {dag.py:2937} INFO - Setting next_dagrun for example_trigger_controller_dag to 2021-01-01T00:00:00+00:00
[2022-05-17 07:12:07,999] {processor.py:171} INFO - Processing /home/airflow/.local/lib/python3.7/site-packages/airflow/example_dags/example_trigger_controller_dag.py took 0.181 seconds
[2022-05-17 07:12:52,115] {processor.py:163} INFO - Started process (PID=12401) to work on /home/airflow/.local/lib/python3.7/site-packages/airflow/example_dags/example_trigger_controller_dag.py
[2022-05-17 07:12:52,116] {processor.py:642} INFO - Processing file /home/airflow/.local/lib/python3.7/site-packages/airflow/example_dags/example_trigger_controller_dag.py for tasks to queue
[2022-05-17 07:12:52,117] {logging_mixin.py:109} INFO - [2022-05-17 07:12:52,117] {dagbag.py:500} INFO - Filling up the DagBag from /home/airflow/.local/lib/python3.7/site-packages/airflow/example_dags/example_trigger_controller_dag.py
[2022-05-17 07:12:52,132] {processor.py:652} INFO - DAG(s) dict_keys(['example_trigger_controller_dag']) retrieved from /home/airflow/.local/lib/python3.7/site-packages/airflow/example_dags/example_trigger_controller_dag.py
[2022-05-17 07:12:52,153] {logging_mixin.py:109} INFO - [2022-05-17 07:12:52,153] {dag.py:2398} INFO - Sync 1 DAGs
[2022-05-17 07:12:52,175] {logging_mixin.py:109} INFO - [2022-05-17 07:12:52,175] {dag.py:2937} INFO - Setting next_dagrun for example_trigger_controller_dag to 2021-01-01T00:00:00+00:00
[2022-05-17 07:12:52,192] {processor.py:171} INFO - Processing /home/airflow/.local/lib/python3.7/site-packages/airflow/example_dags/example_trigger_controller_dag.py took 0.081 seconds
[2022-05-17 07:13:22,694] {processor.py:163} INFO - Started process (PID=12465) to work on /home/airflow/.local/lib/python3.7/site-packages/airflow/example_dags/example_trigger_controller_dag.py
[2022-05-17 07:13:22,696] {processor.py:642} INFO - Processing file /home/airflow/.local/lib/python3.7/site-packages/airflow/example_dags/example_trigger_controller_dag.py for tasks to queue
[2022-05-17 07:13:22,697] {logging_mixin.py:109} INFO - [2022-05-17 07:13:22,697] {dagbag.py:500} INFO - Filling up the DagBag from /home/airflow/.local/lib/python3.7/site-packages/airflow/example_dags/example_trigger_controller_dag.py
[2022-05-17 07:13:22,709] {processor.py:652} INFO - DAG(s) dict_keys(['example_trigger_controller_dag']) retrieved from /home/airflow/.local/lib/python3.7/site-packages/airflow/example_dags/example_trigger_controller_dag.py
[2022-05-17 07:13:22,729] {logging_mixin.py:109} INFO - [2022-05-17 07:13:22,729] {dag.py:2398} INFO - Sync 1 DAGs
[2022-05-17 07:13:22,745] {logging_mixin.py:109} INFO - [2022-05-17 07:13:22,745] {dag.py:2937} INFO - Setting next_dagrun for example_trigger_controller_dag to 2021-01-01T00:00:00+00:00
[2022-05-17 07:13:22,761] {processor.py:171} INFO - Processing /home/airflow/.local/lib/python3.7/site-packages/airflow/example_dags/example_trigger_controller_dag.py took 0.070 seconds
[2022-05-17 07:13:53,712] {processor.py:163} INFO - Started process (PID=12542) to work on /home/airflow/.local/lib/python3.7/site-packages/airflow/example_dags/example_trigger_controller_dag.py
[2022-05-17 07:13:53,713] {processor.py:642} INFO - Processing file /home/airflow/.local/lib/python3.7/site-packages/airflow/example_dags/example_trigger_controller_dag.py for tasks to queue
[2022-05-17 07:13:53,714] {logging_mixin.py:109} INFO - [2022-05-17 07:13:53,714] {dagbag.py:500} INFO - Filling up the DagBag from /home/airflow/.local/lib/python3.7/site-packages/airflow/example_dags/example_trigger_controller_dag.py
[2022-05-17 07:13:53,725] {processor.py:652} INFO - DAG(s) dict_keys(['example_trigger_controller_dag']) retrieved from /home/airflow/.local/lib/python3.7/site-packages/airflow/example_dags/example_trigger_controller_dag.py
[2022-05-17 07:13:53,745] {logging_mixin.py:109} INFO - [2022-05-17 07:13:53,745] {dag.py:2398} INFO - Sync 1 DAGs
[2022-05-17 07:13:53,761] {logging_mixin.py:109} INFO - [2022-05-17 07:13:53,761] {dag.py:2937} INFO - Setting next_dagrun for example_trigger_controller_dag to 2021-01-01T00:00:00+00:00
[2022-05-17 07:13:53,773] {processor.py:171} INFO - Processing /home/airflow/.local/lib/python3.7/site-packages/airflow/example_dags/example_trigger_controller_dag.py took 0.064 seconds
[2022-05-17 07:14:24,042] {processor.py:163} INFO - Started process (PID=12606) to work on /home/airflow/.local/lib/python3.7/site-packages/airflow/example_dags/example_trigger_controller_dag.py
[2022-05-17 07:14:24,044] {processor.py:642} INFO - Processing file /home/airflow/.local/lib/python3.7/site-packages/airflow/example_dags/example_trigger_controller_dag.py for tasks to queue
[2022-05-17 07:14:24,045] {logging_mixin.py:109} INFO - [2022-05-17 07:14:24,045] {dagbag.py:500} INFO - Filling up the DagBag from /home/airflow/.local/lib/python3.7/site-packages/airflow/example_dags/example_trigger_controller_dag.py
[2022-05-17 07:14:24,058] {processor.py:652} INFO - DAG(s) dict_keys(['example_trigger_controller_dag']) retrieved from /home/airflow/.local/lib/python3.7/site-packages/airflow/example_dags/example_trigger_controller_dag.py
[2022-05-17 07:14:24,077] {logging_mixin.py:109} INFO - [2022-05-17 07:14:24,077] {dag.py:2398} INFO - Sync 1 DAGs
[2022-05-17 07:14:24,090] {logging_mixin.py:109} INFO - [2022-05-17 07:14:24,090] {dag.py:2937} INFO - Setting next_dagrun for example_trigger_controller_dag to 2021-01-01T00:00:00+00:00
[2022-05-17 07:14:24,101] {processor.py:171} INFO - Processing /home/airflow/.local/lib/python3.7/site-packages/airflow/example_dags/example_trigger_controller_dag.py took 0.063 seconds
[2022-05-17 07:14:54,920] {processor.py:163} INFO - Started process (PID=12679) to work on /home/airflow/.local/lib/python3.7/site-packages/airflow/example_dags/example_trigger_controller_dag.py
[2022-05-17 07:14:54,921] {processor.py:642} INFO - Processing file /home/airflow/.local/lib/python3.7/site-packages/airflow/example_dags/example_trigger_controller_dag.py for tasks to queue
[2022-05-17 07:14:54,922] {logging_mixin.py:109} INFO - [2022-05-17 07:14:54,922] {dagbag.py:500} INFO - Filling up the DagBag from /home/airflow/.local/lib/python3.7/site-packages/airflow/example_dags/example_trigger_controller_dag.py
[2022-05-17 07:14:54,936] {processor.py:652} INFO - DAG(s) dict_keys(['example_trigger_controller_dag']) retrieved from /home/airflow/.local/lib/python3.7/site-packages/airflow/example_dags/example_trigger_controller_dag.py
[2022-05-17 07:14:54,959] {logging_mixin.py:109} INFO - [2022-05-17 07:14:54,959] {dag.py:2398} INFO - Sync 1 DAGs
[2022-05-17 07:14:54,978] {logging_mixin.py:109} INFO - [2022-05-17 07:14:54,977] {dag.py:2937} INFO - Setting next_dagrun for example_trigger_controller_dag to 2021-01-01T00:00:00+00:00
[2022-05-17 07:14:54,996] {processor.py:171} INFO - Processing /home/airflow/.local/lib/python3.7/site-packages/airflow/example_dags/example_trigger_controller_dag.py took 0.079 seconds
[2022-05-17 07:15:25,946] {processor.py:163} INFO - Started process (PID=12753) to work on /home/airflow/.local/lib/python3.7/site-packages/airflow/example_dags/example_trigger_controller_dag.py
[2022-05-17 07:15:25,948] {processor.py:642} INFO - Processing file /home/airflow/.local/lib/python3.7/site-packages/airflow/example_dags/example_trigger_controller_dag.py for tasks to queue
[2022-05-17 07:15:25,949] {logging_mixin.py:109} INFO - [2022-05-17 07:15:25,949] {dagbag.py:500} INFO - Filling up the DagBag from /home/airflow/.local/lib/python3.7/site-packages/airflow/example_dags/example_trigger_controller_dag.py
[2022-05-17 07:15:25,965] {processor.py:652} INFO - DAG(s) dict_keys(['example_trigger_controller_dag']) retrieved from /home/airflow/.local/lib/python3.7/site-packages/airflow/example_dags/example_trigger_controller_dag.py
[2022-05-17 07:15:25,986] {logging_mixin.py:109} INFO - [2022-05-17 07:15:25,986] {dag.py:2398} INFO - Sync 1 DAGs
[2022-05-17 07:15:26,004] {logging_mixin.py:109} INFO - [2022-05-17 07:15:26,004] {dag.py:2937} INFO - Setting next_dagrun for example_trigger_controller_dag to 2021-01-01T00:00:00+00:00
[2022-05-17 07:15:26,016] {processor.py:171} INFO - Processing /home/airflow/.local/lib/python3.7/site-packages/airflow/example_dags/example_trigger_controller_dag.py took 0.073 seconds
