[2022-05-17 06:58:14,952] {processor.py:163} INFO - Started process (PID=10501) to work on /home/airflow/.local/lib/python3.7/site-packages/airflow/example_dags/example_latest_only.py
[2022-05-17 06:58:14,955] {processor.py:642} INFO - Processing file /home/airflow/.local/lib/python3.7/site-packages/airflow/example_dags/example_latest_only.py for tasks to queue
[2022-05-17 06:58:14,956] {logging_mixin.py:109} INFO - [2022-05-17 06:58:14,956] {dagbag.py:500} INFO - Filling up the DagBag from /home/airflow/.local/lib/python3.7/site-packages/airflow/example_dags/example_latest_only.py
[2022-05-17 06:58:14,984] {processor.py:652} INFO - DAG(s) dict_keys(['latest_only']) retrieved from /home/airflow/.local/lib/python3.7/site-packages/airflow/example_dags/example_latest_only.py
[2022-05-17 06:58:15,017] {logging_mixin.py:109} INFO - [2022-05-17 06:58:15,017] {dag.py:2398} INFO - Sync 1 DAGs
[2022-05-17 06:58:15,045] {logging_mixin.py:109} INFO - [2022-05-17 06:58:15,045] {dag.py:2937} INFO - Setting next_dagrun for latest_only to 2022-05-17T02:58:15.045325+00:00
[2022-05-17 06:58:15,072] {processor.py:171} INFO - Processing /home/airflow/.local/lib/python3.7/site-packages/airflow/example_dags/example_latest_only.py took 0.125 seconds
[2022-05-17 06:58:45,123] {processor.py:163} INFO - Started process (PID=10563) to work on /home/airflow/.local/lib/python3.7/site-packages/airflow/example_dags/example_latest_only.py
[2022-05-17 06:58:45,124] {processor.py:642} INFO - Processing file /home/airflow/.local/lib/python3.7/site-packages/airflow/example_dags/example_latest_only.py for tasks to queue
[2022-05-17 06:58:45,125] {logging_mixin.py:109} INFO - [2022-05-17 06:58:45,125] {dagbag.py:500} INFO - Filling up the DagBag from /home/airflow/.local/lib/python3.7/site-packages/airflow/example_dags/example_latest_only.py
[2022-05-17 06:58:45,136] {processor.py:652} INFO - DAG(s) dict_keys(['latest_only']) retrieved from /home/airflow/.local/lib/python3.7/site-packages/airflow/example_dags/example_latest_only.py
[2022-05-17 06:58:45,155] {logging_mixin.py:109} INFO - [2022-05-17 06:58:45,155] {dag.py:2398} INFO - Sync 1 DAGs
[2022-05-17 06:58:45,169] {logging_mixin.py:109} INFO - [2022-05-17 06:58:45,169] {dag.py:2937} INFO - Setting next_dagrun for latest_only to 2022-05-17T02:58:45.169279+00:00
[2022-05-17 06:58:45,182] {processor.py:171} INFO - Processing /home/airflow/.local/lib/python3.7/site-packages/airflow/example_dags/example_latest_only.py took 0.062 seconds
[2022-05-17 06:59:16,136] {processor.py:163} INFO - Started process (PID=10636) to work on /home/airflow/.local/lib/python3.7/site-packages/airflow/example_dags/example_latest_only.py
[2022-05-17 06:59:16,138] {processor.py:642} INFO - Processing file /home/airflow/.local/lib/python3.7/site-packages/airflow/example_dags/example_latest_only.py for tasks to queue
[2022-05-17 06:59:16,139] {logging_mixin.py:109} INFO - [2022-05-17 06:59:16,138] {dagbag.py:500} INFO - Filling up the DagBag from /home/airflow/.local/lib/python3.7/site-packages/airflow/example_dags/example_latest_only.py
[2022-05-17 06:59:16,154] {processor.py:652} INFO - DAG(s) dict_keys(['latest_only']) retrieved from /home/airflow/.local/lib/python3.7/site-packages/airflow/example_dags/example_latest_only.py
[2022-05-17 06:59:16,172] {logging_mixin.py:109} INFO - [2022-05-17 06:59:16,172] {dag.py:2398} INFO - Sync 1 DAGs
[2022-05-17 06:59:16,191] {logging_mixin.py:109} INFO - [2022-05-17 06:59:16,191] {dag.py:2937} INFO - Setting next_dagrun for latest_only to 2022-05-17T02:59:16.191214+00:00
[2022-05-17 06:59:16,206] {processor.py:171} INFO - Processing /home/airflow/.local/lib/python3.7/site-packages/airflow/example_dags/example_latest_only.py took 0.074 seconds
[2022-05-17 06:59:46,630] {processor.py:163} INFO - Started process (PID=10699) to work on /home/airflow/.local/lib/python3.7/site-packages/airflow/example_dags/example_latest_only.py
[2022-05-17 06:59:46,631] {processor.py:642} INFO - Processing file /home/airflow/.local/lib/python3.7/site-packages/airflow/example_dags/example_latest_only.py for tasks to queue
[2022-05-17 06:59:46,632] {logging_mixin.py:109} INFO - [2022-05-17 06:59:46,632] {dagbag.py:500} INFO - Filling up the DagBag from /home/airflow/.local/lib/python3.7/site-packages/airflow/example_dags/example_latest_only.py
[2022-05-17 06:59:46,647] {processor.py:652} INFO - DAG(s) dict_keys(['latest_only']) retrieved from /home/airflow/.local/lib/python3.7/site-packages/airflow/example_dags/example_latest_only.py
[2022-05-17 06:59:46,671] {logging_mixin.py:109} INFO - [2022-05-17 06:59:46,671] {dag.py:2398} INFO - Sync 1 DAGs
[2022-05-17 06:59:46,690] {logging_mixin.py:109} INFO - [2022-05-17 06:59:46,690] {dag.py:2937} INFO - Setting next_dagrun for latest_only to 2022-05-17T02:59:46.689910+00:00
[2022-05-17 06:59:46,706] {processor.py:171} INFO - Processing /home/airflow/.local/lib/python3.7/site-packages/airflow/example_dags/example_latest_only.py took 0.079 seconds
[2022-05-17 07:00:17,670] {processor.py:163} INFO - Started process (PID=10772) to work on /home/airflow/.local/lib/python3.7/site-packages/airflow/example_dags/example_latest_only.py
[2022-05-17 07:00:17,671] {processor.py:642} INFO - Processing file /home/airflow/.local/lib/python3.7/site-packages/airflow/example_dags/example_latest_only.py for tasks to queue
[2022-05-17 07:00:17,672] {logging_mixin.py:109} INFO - [2022-05-17 07:00:17,672] {dagbag.py:500} INFO - Filling up the DagBag from /home/airflow/.local/lib/python3.7/site-packages/airflow/example_dags/example_latest_only.py
[2022-05-17 07:00:17,686] {processor.py:652} INFO - DAG(s) dict_keys(['latest_only']) retrieved from /home/airflow/.local/lib/python3.7/site-packages/airflow/example_dags/example_latest_only.py
[2022-05-17 07:00:17,704] {logging_mixin.py:109} INFO - [2022-05-17 07:00:17,704] {dag.py:2398} INFO - Sync 1 DAGs
[2022-05-17 07:00:17,718] {logging_mixin.py:109} INFO - [2022-05-17 07:00:17,718] {dag.py:2937} INFO - Setting next_dagrun for latest_only to 2022-05-17T03:00:17.718494+00:00
[2022-05-17 07:00:17,729] {processor.py:171} INFO - Processing /home/airflow/.local/lib/python3.7/site-packages/airflow/example_dags/example_latest_only.py took 0.063 seconds
[2022-05-17 07:00:48,367] {processor.py:163} INFO - Started process (PID=10845) to work on /home/airflow/.local/lib/python3.7/site-packages/airflow/example_dags/example_latest_only.py
[2022-05-17 07:00:48,368] {processor.py:642} INFO - Processing file /home/airflow/.local/lib/python3.7/site-packages/airflow/example_dags/example_latest_only.py for tasks to queue
[2022-05-17 07:00:48,369] {logging_mixin.py:109} INFO - [2022-05-17 07:00:48,369] {dagbag.py:500} INFO - Filling up the DagBag from /home/airflow/.local/lib/python3.7/site-packages/airflow/example_dags/example_latest_only.py
[2022-05-17 07:00:48,380] {processor.py:652} INFO - DAG(s) dict_keys(['latest_only']) retrieved from /home/airflow/.local/lib/python3.7/site-packages/airflow/example_dags/example_latest_only.py
[2022-05-17 07:00:48,399] {logging_mixin.py:109} INFO - [2022-05-17 07:00:48,399] {dag.py:2398} INFO - Sync 1 DAGs
[2022-05-17 07:00:48,414] {logging_mixin.py:109} INFO - [2022-05-17 07:00:48,413] {dag.py:2937} INFO - Setting next_dagrun for latest_only to 2022-05-17T03:00:48.413653+00:00
[2022-05-17 07:00:48,429] {processor.py:171} INFO - Processing /home/airflow/.local/lib/python3.7/site-packages/airflow/example_dags/example_latest_only.py took 0.064 seconds
[2022-05-17 07:01:19,106] {processor.py:163} INFO - Started process (PID=10908) to work on /home/airflow/.local/lib/python3.7/site-packages/airflow/example_dags/example_latest_only.py
[2022-05-17 07:01:19,108] {processor.py:642} INFO - Processing file /home/airflow/.local/lib/python3.7/site-packages/airflow/example_dags/example_latest_only.py for tasks to queue
[2022-05-17 07:01:19,109] {logging_mixin.py:109} INFO - [2022-05-17 07:01:19,109] {dagbag.py:500} INFO - Filling up the DagBag from /home/airflow/.local/lib/python3.7/site-packages/airflow/example_dags/example_latest_only.py
[2022-05-17 07:01:19,120] {processor.py:652} INFO - DAG(s) dict_keys(['latest_only']) retrieved from /home/airflow/.local/lib/python3.7/site-packages/airflow/example_dags/example_latest_only.py
[2022-05-17 07:01:19,139] {logging_mixin.py:109} INFO - [2022-05-17 07:01:19,139] {dag.py:2398} INFO - Sync 1 DAGs
[2022-05-17 07:01:19,154] {logging_mixin.py:109} INFO - [2022-05-17 07:01:19,154] {dag.py:2937} INFO - Setting next_dagrun for latest_only to 2022-05-17T03:01:19.153860+00:00
[2022-05-17 07:01:19,165] {processor.py:171} INFO - Processing /home/airflow/.local/lib/python3.7/site-packages/airflow/example_dags/example_latest_only.py took 0.061 seconds
[2022-05-17 07:01:49,752] {processor.py:163} INFO - Started process (PID=10980) to work on /home/airflow/.local/lib/python3.7/site-packages/airflow/example_dags/example_latest_only.py
[2022-05-17 07:01:49,753] {processor.py:642} INFO - Processing file /home/airflow/.local/lib/python3.7/site-packages/airflow/example_dags/example_latest_only.py for tasks to queue
[2022-05-17 07:01:49,754] {logging_mixin.py:109} INFO - [2022-05-17 07:01:49,754] {dagbag.py:500} INFO - Filling up the DagBag from /home/airflow/.local/lib/python3.7/site-packages/airflow/example_dags/example_latest_only.py
[2022-05-17 07:01:49,765] {processor.py:652} INFO - DAG(s) dict_keys(['latest_only']) retrieved from /home/airflow/.local/lib/python3.7/site-packages/airflow/example_dags/example_latest_only.py
[2022-05-17 07:01:49,784] {logging_mixin.py:109} INFO - [2022-05-17 07:01:49,784] {dag.py:2398} INFO - Sync 1 DAGs
[2022-05-17 07:01:49,798] {logging_mixin.py:109} INFO - [2022-05-17 07:01:49,798] {dag.py:2937} INFO - Setting next_dagrun for latest_only to 2022-05-17T03:01:49.798166+00:00
[2022-05-17 07:01:49,811] {processor.py:171} INFO - Processing /home/airflow/.local/lib/python3.7/site-packages/airflow/example_dags/example_latest_only.py took 0.062 seconds
[2022-05-17 07:02:20,511] {processor.py:163} INFO - Started process (PID=11051) to work on /home/airflow/.local/lib/python3.7/site-packages/airflow/example_dags/example_latest_only.py
[2022-05-17 07:02:20,512] {processor.py:642} INFO - Processing file /home/airflow/.local/lib/python3.7/site-packages/airflow/example_dags/example_latest_only.py for tasks to queue
[2022-05-17 07:02:20,513] {logging_mixin.py:109} INFO - [2022-05-17 07:02:20,512] {dagbag.py:500} INFO - Filling up the DagBag from /home/airflow/.local/lib/python3.7/site-packages/airflow/example_dags/example_latest_only.py
[2022-05-17 07:02:20,525] {processor.py:652} INFO - DAG(s) dict_keys(['latest_only']) retrieved from /home/airflow/.local/lib/python3.7/site-packages/airflow/example_dags/example_latest_only.py
[2022-05-17 07:02:20,543] {logging_mixin.py:109} INFO - [2022-05-17 07:02:20,543] {dag.py:2398} INFO - Sync 1 DAGs
[2022-05-17 07:02:20,558] {logging_mixin.py:109} INFO - [2022-05-17 07:02:20,558] {dag.py:2937} INFO - Setting next_dagrun for latest_only to 2022-05-17T03:02:20.558168+00:00
[2022-05-17 07:02:20,571] {processor.py:171} INFO - Processing /home/airflow/.local/lib/python3.7/site-packages/airflow/example_dags/example_latest_only.py took 0.063 seconds
[2022-05-17 07:02:50,744] {processor.py:163} INFO - Started process (PID=11116) to work on /home/airflow/.local/lib/python3.7/site-packages/airflow/example_dags/example_latest_only.py
[2022-05-17 07:02:50,745] {processor.py:642} INFO - Processing file /home/airflow/.local/lib/python3.7/site-packages/airflow/example_dags/example_latest_only.py for tasks to queue
[2022-05-17 07:02:50,746] {logging_mixin.py:109} INFO - [2022-05-17 07:02:50,746] {dagbag.py:500} INFO - Filling up the DagBag from /home/airflow/.local/lib/python3.7/site-packages/airflow/example_dags/example_latest_only.py
[2022-05-17 07:02:50,756] {processor.py:652} INFO - DAG(s) dict_keys(['latest_only']) retrieved from /home/airflow/.local/lib/python3.7/site-packages/airflow/example_dags/example_latest_only.py
[2022-05-17 07:02:50,774] {logging_mixin.py:109} INFO - [2022-05-17 07:02:50,774] {dag.py:2398} INFO - Sync 1 DAGs
[2022-05-17 07:02:50,788] {logging_mixin.py:109} INFO - [2022-05-17 07:02:50,788] {dag.py:2937} INFO - Setting next_dagrun for latest_only to 2022-05-17T03:02:50.787839+00:00
[2022-05-17 07:02:50,800] {processor.py:171} INFO - Processing /home/airflow/.local/lib/python3.7/site-packages/airflow/example_dags/example_latest_only.py took 0.059 seconds
[2022-05-17 07:03:21,962] {processor.py:163} INFO - Started process (PID=11191) to work on /home/airflow/.local/lib/python3.7/site-packages/airflow/example_dags/example_latest_only.py
[2022-05-17 07:03:21,963] {processor.py:642} INFO - Processing file /home/airflow/.local/lib/python3.7/site-packages/airflow/example_dags/example_latest_only.py for tasks to queue
[2022-05-17 07:03:21,964] {logging_mixin.py:109} INFO - [2022-05-17 07:03:21,964] {dagbag.py:500} INFO - Filling up the DagBag from /home/airflow/.local/lib/python3.7/site-packages/airflow/example_dags/example_latest_only.py
[2022-05-17 07:03:21,975] {processor.py:652} INFO - DAG(s) dict_keys(['latest_only']) retrieved from /home/airflow/.local/lib/python3.7/site-packages/airflow/example_dags/example_latest_only.py
[2022-05-17 07:03:21,992] {logging_mixin.py:109} INFO - [2022-05-17 07:03:21,992] {dag.py:2398} INFO - Sync 1 DAGs
[2022-05-17 07:03:22,005] {logging_mixin.py:109} INFO - [2022-05-17 07:03:22,005] {dag.py:2937} INFO - Setting next_dagrun for latest_only to 2022-05-17T03:03:22.005219+00:00
[2022-05-17 07:03:22,018] {processor.py:171} INFO - Processing /home/airflow/.local/lib/python3.7/site-packages/airflow/example_dags/example_latest_only.py took 0.059 seconds
[2022-05-17 07:03:52,501] {processor.py:163} INFO - Started process (PID=11255) to work on /home/airflow/.local/lib/python3.7/site-packages/airflow/example_dags/example_latest_only.py
[2022-05-17 07:03:52,503] {processor.py:642} INFO - Processing file /home/airflow/.local/lib/python3.7/site-packages/airflow/example_dags/example_latest_only.py for tasks to queue
[2022-05-17 07:03:52,504] {logging_mixin.py:109} INFO - [2022-05-17 07:03:52,504] {dagbag.py:500} INFO - Filling up the DagBag from /home/airflow/.local/lib/python3.7/site-packages/airflow/example_dags/example_latest_only.py
[2022-05-17 07:03:52,515] {processor.py:652} INFO - DAG(s) dict_keys(['latest_only']) retrieved from /home/airflow/.local/lib/python3.7/site-packages/airflow/example_dags/example_latest_only.py
[2022-05-17 07:03:52,534] {logging_mixin.py:109} INFO - [2022-05-17 07:03:52,534] {dag.py:2398} INFO - Sync 1 DAGs
[2022-05-17 07:03:52,551] {logging_mixin.py:109} INFO - [2022-05-17 07:03:52,551] {dag.py:2937} INFO - Setting next_dagrun for latest_only to 2022-05-17T03:03:52.550711+00:00
[2022-05-17 07:03:52,564] {processor.py:171} INFO - Processing /home/airflow/.local/lib/python3.7/site-packages/airflow/example_dags/example_latest_only.py took 0.065 seconds
[2022-05-17 07:04:23,306] {processor.py:163} INFO - Started process (PID=11328) to work on /home/airflow/.local/lib/python3.7/site-packages/airflow/example_dags/example_latest_only.py
[2022-05-17 07:04:23,308] {processor.py:642} INFO - Processing file /home/airflow/.local/lib/python3.7/site-packages/airflow/example_dags/example_latest_only.py for tasks to queue
[2022-05-17 07:04:23,309] {logging_mixin.py:109} INFO - [2022-05-17 07:04:23,308] {dagbag.py:500} INFO - Filling up the DagBag from /home/airflow/.local/lib/python3.7/site-packages/airflow/example_dags/example_latest_only.py
[2022-05-17 07:04:23,325] {processor.py:652} INFO - DAG(s) dict_keys(['latest_only']) retrieved from /home/airflow/.local/lib/python3.7/site-packages/airflow/example_dags/example_latest_only.py
[2022-05-17 07:04:23,342] {logging_mixin.py:109} INFO - [2022-05-17 07:04:23,342] {dag.py:2398} INFO - Sync 1 DAGs
[2022-05-17 07:04:23,356] {logging_mixin.py:109} INFO - [2022-05-17 07:04:23,356] {dag.py:2937} INFO - Setting next_dagrun for latest_only to 2022-05-17T03:04:23.356587+00:00
[2022-05-17 07:04:23,367] {processor.py:171} INFO - Processing /home/airflow/.local/lib/python3.7/site-packages/airflow/example_dags/example_latest_only.py took 0.065 seconds
[2022-05-17 07:04:54,153] {processor.py:163} INFO - Started process (PID=11399) to work on /home/airflow/.local/lib/python3.7/site-packages/airflow/example_dags/example_latest_only.py
[2022-05-17 07:04:54,155] {processor.py:642} INFO - Processing file /home/airflow/.local/lib/python3.7/site-packages/airflow/example_dags/example_latest_only.py for tasks to queue
[2022-05-17 07:04:54,156] {logging_mixin.py:109} INFO - [2022-05-17 07:04:54,156] {dagbag.py:500} INFO - Filling up the DagBag from /home/airflow/.local/lib/python3.7/site-packages/airflow/example_dags/example_latest_only.py
[2022-05-17 07:04:54,173] {processor.py:652} INFO - DAG(s) dict_keys(['latest_only']) retrieved from /home/airflow/.local/lib/python3.7/site-packages/airflow/example_dags/example_latest_only.py
[2022-05-17 07:04:54,191] {logging_mixin.py:109} INFO - [2022-05-17 07:04:54,191] {dag.py:2398} INFO - Sync 1 DAGs
[2022-05-17 07:04:54,205] {logging_mixin.py:109} INFO - [2022-05-17 07:04:54,205] {dag.py:2937} INFO - Setting next_dagrun for latest_only to 2022-05-17T03:04:54.205576+00:00
[2022-05-17 07:04:54,216] {processor.py:171} INFO - Processing /home/airflow/.local/lib/python3.7/site-packages/airflow/example_dags/example_latest_only.py took 0.066 seconds
[2022-05-17 07:05:24,892] {processor.py:163} INFO - Started process (PID=11463) to work on /home/airflow/.local/lib/python3.7/site-packages/airflow/example_dags/example_latest_only.py
[2022-05-17 07:05:24,894] {processor.py:642} INFO - Processing file /home/airflow/.local/lib/python3.7/site-packages/airflow/example_dags/example_latest_only.py for tasks to queue
[2022-05-17 07:05:24,895] {logging_mixin.py:109} INFO - [2022-05-17 07:05:24,895] {dagbag.py:500} INFO - Filling up the DagBag from /home/airflow/.local/lib/python3.7/site-packages/airflow/example_dags/example_latest_only.py
[2022-05-17 07:05:24,908] {processor.py:652} INFO - DAG(s) dict_keys(['latest_only']) retrieved from /home/airflow/.local/lib/python3.7/site-packages/airflow/example_dags/example_latest_only.py
[2022-05-17 07:05:24,926] {logging_mixin.py:109} INFO - [2022-05-17 07:05:24,926] {dag.py:2398} INFO - Sync 1 DAGs
[2022-05-17 07:05:24,941] {logging_mixin.py:109} INFO - [2022-05-17 07:05:24,941] {dag.py:2937} INFO - Setting next_dagrun for latest_only to 2022-05-17T03:05:24.941345+00:00
[2022-05-17 07:05:24,955] {processor.py:171} INFO - Processing /home/airflow/.local/lib/python3.7/site-packages/airflow/example_dags/example_latest_only.py took 0.066 seconds
[2022-05-17 07:05:55,371] {processor.py:163} INFO - Started process (PID=11536) to work on /home/airflow/.local/lib/python3.7/site-packages/airflow/example_dags/example_latest_only.py
[2022-05-17 07:05:55,372] {processor.py:642} INFO - Processing file /home/airflow/.local/lib/python3.7/site-packages/airflow/example_dags/example_latest_only.py for tasks to queue
[2022-05-17 07:05:55,373] {logging_mixin.py:109} INFO - [2022-05-17 07:05:55,373] {dagbag.py:500} INFO - Filling up the DagBag from /home/airflow/.local/lib/python3.7/site-packages/airflow/example_dags/example_latest_only.py
[2022-05-17 07:05:55,387] {processor.py:652} INFO - DAG(s) dict_keys(['latest_only']) retrieved from /home/airflow/.local/lib/python3.7/site-packages/airflow/example_dags/example_latest_only.py
[2022-05-17 07:05:55,407] {logging_mixin.py:109} INFO - [2022-05-17 07:05:55,407] {dag.py:2398} INFO - Sync 1 DAGs
[2022-05-17 07:05:55,424] {logging_mixin.py:109} INFO - [2022-05-17 07:05:55,424] {dag.py:2937} INFO - Setting next_dagrun for latest_only to 2022-05-17T03:05:55.424532+00:00
[2022-05-17 07:05:55,441] {processor.py:171} INFO - Processing /home/airflow/.local/lib/python3.7/site-packages/airflow/example_dags/example_latest_only.py took 0.073 seconds
[2022-05-17 07:06:26,569] {processor.py:163} INFO - Started process (PID=11599) to work on /home/airflow/.local/lib/python3.7/site-packages/airflow/example_dags/example_latest_only.py
[2022-05-17 07:06:26,571] {processor.py:642} INFO - Processing file /home/airflow/.local/lib/python3.7/site-packages/airflow/example_dags/example_latest_only.py for tasks to queue
[2022-05-17 07:06:26,572] {logging_mixin.py:109} INFO - [2022-05-17 07:06:26,572] {dagbag.py:500} INFO - Filling up the DagBag from /home/airflow/.local/lib/python3.7/site-packages/airflow/example_dags/example_latest_only.py
[2022-05-17 07:06:26,589] {processor.py:652} INFO - DAG(s) dict_keys(['latest_only']) retrieved from /home/airflow/.local/lib/python3.7/site-packages/airflow/example_dags/example_latest_only.py
[2022-05-17 07:06:26,611] {logging_mixin.py:109} INFO - [2022-05-17 07:06:26,611] {dag.py:2398} INFO - Sync 1 DAGs
[2022-05-17 07:06:26,630] {logging_mixin.py:109} INFO - [2022-05-17 07:06:26,630] {dag.py:2937} INFO - Setting next_dagrun for latest_only to 2022-05-17T03:06:26.630259+00:00
[2022-05-17 07:06:26,643] {processor.py:171} INFO - Processing /home/airflow/.local/lib/python3.7/site-packages/airflow/example_dags/example_latest_only.py took 0.077 seconds
[2022-05-17 07:06:57,578] {processor.py:163} INFO - Started process (PID=11672) to work on /home/airflow/.local/lib/python3.7/site-packages/airflow/example_dags/example_latest_only.py
[2022-05-17 07:06:57,581] {processor.py:642} INFO - Processing file /home/airflow/.local/lib/python3.7/site-packages/airflow/example_dags/example_latest_only.py for tasks to queue
[2022-05-17 07:06:57,582] {logging_mixin.py:109} INFO - [2022-05-17 07:06:57,582] {dagbag.py:500} INFO - Filling up the DagBag from /home/airflow/.local/lib/python3.7/site-packages/airflow/example_dags/example_latest_only.py
[2022-05-17 07:06:57,610] {processor.py:652} INFO - DAG(s) dict_keys(['latest_only']) retrieved from /home/airflow/.local/lib/python3.7/site-packages/airflow/example_dags/example_latest_only.py
[2022-05-17 07:06:57,639] {logging_mixin.py:109} INFO - [2022-05-17 07:06:57,638] {dag.py:2398} INFO - Sync 1 DAGs
[2022-05-17 07:06:57,662] {logging_mixin.py:109} INFO - [2022-05-17 07:06:57,662] {dag.py:2937} INFO - Setting next_dagrun for latest_only to 2022-05-17T03:06:57.661856+00:00
[2022-05-17 07:06:57,679] {processor.py:171} INFO - Processing /home/airflow/.local/lib/python3.7/site-packages/airflow/example_dags/example_latest_only.py took 0.106 seconds
[2022-05-17 07:07:27,761] {processor.py:163} INFO - Started process (PID=11736) to work on /home/airflow/.local/lib/python3.7/site-packages/airflow/example_dags/example_latest_only.py
[2022-05-17 07:07:27,762] {processor.py:642} INFO - Processing file /home/airflow/.local/lib/python3.7/site-packages/airflow/example_dags/example_latest_only.py for tasks to queue
[2022-05-17 07:07:27,763] {logging_mixin.py:109} INFO - [2022-05-17 07:07:27,763] {dagbag.py:500} INFO - Filling up the DagBag from /home/airflow/.local/lib/python3.7/site-packages/airflow/example_dags/example_latest_only.py
[2022-05-17 07:07:27,783] {processor.py:652} INFO - DAG(s) dict_keys(['latest_only']) retrieved from /home/airflow/.local/lib/python3.7/site-packages/airflow/example_dags/example_latest_only.py
[2022-05-17 07:07:27,810] {logging_mixin.py:109} INFO - [2022-05-17 07:07:27,810] {dag.py:2398} INFO - Sync 1 DAGs
[2022-05-17 07:07:27,833] {logging_mixin.py:109} INFO - [2022-05-17 07:07:27,833] {dag.py:2937} INFO - Setting next_dagrun for latest_only to 2022-05-17T03:07:27.831680+00:00
[2022-05-17 07:07:27,848] {processor.py:171} INFO - Processing /home/airflow/.local/lib/python3.7/site-packages/airflow/example_dags/example_latest_only.py took 0.091 seconds
[2022-05-17 07:07:58,268] {processor.py:163} INFO - Started process (PID=11799) to work on /home/airflow/.local/lib/python3.7/site-packages/airflow/example_dags/example_latest_only.py
[2022-05-17 07:07:58,271] {processor.py:642} INFO - Processing file /home/airflow/.local/lib/python3.7/site-packages/airflow/example_dags/example_latest_only.py for tasks to queue
[2022-05-17 07:07:58,272] {logging_mixin.py:109} INFO - [2022-05-17 07:07:58,272] {dagbag.py:500} INFO - Filling up the DagBag from /home/airflow/.local/lib/python3.7/site-packages/airflow/example_dags/example_latest_only.py
[2022-05-17 07:07:58,302] {processor.py:652} INFO - DAG(s) dict_keys(['latest_only']) retrieved from /home/airflow/.local/lib/python3.7/site-packages/airflow/example_dags/example_latest_only.py
[2022-05-17 07:07:58,332] {logging_mixin.py:109} INFO - [2022-05-17 07:07:58,332] {dag.py:2398} INFO - Sync 1 DAGs
[2022-05-17 07:07:58,365] {logging_mixin.py:109} INFO - [2022-05-17 07:07:58,364] {dag.py:2937} INFO - Setting next_dagrun for latest_only to 2022-05-17T03:07:58.364633+00:00
[2022-05-17 07:07:58,383] {processor.py:171} INFO - Processing /home/airflow/.local/lib/python3.7/site-packages/airflow/example_dags/example_latest_only.py took 0.121 seconds
[2022-05-17 07:08:29,607] {processor.py:163} INFO - Started process (PID=11871) to work on /home/airflow/.local/lib/python3.7/site-packages/airflow/example_dags/example_latest_only.py
[2022-05-17 07:08:29,610] {processor.py:642} INFO - Processing file /home/airflow/.local/lib/python3.7/site-packages/airflow/example_dags/example_latest_only.py for tasks to queue
[2022-05-17 07:08:29,611] {logging_mixin.py:109} INFO - [2022-05-17 07:08:29,611] {dagbag.py:500} INFO - Filling up the DagBag from /home/airflow/.local/lib/python3.7/site-packages/airflow/example_dags/example_latest_only.py
[2022-05-17 07:08:29,640] {processor.py:652} INFO - DAG(s) dict_keys(['latest_only']) retrieved from /home/airflow/.local/lib/python3.7/site-packages/airflow/example_dags/example_latest_only.py
[2022-05-17 07:08:29,678] {logging_mixin.py:109} INFO - [2022-05-17 07:08:29,677] {dag.py:2398} INFO - Sync 1 DAGs
[2022-05-17 07:08:29,708] {logging_mixin.py:109} INFO - [2022-05-17 07:08:29,708] {dag.py:2937} INFO - Setting next_dagrun for latest_only to 2022-05-17T03:08:29.708197+00:00
[2022-05-17 07:08:29,734] {processor.py:171} INFO - Processing /home/airflow/.local/lib/python3.7/site-packages/airflow/example_dags/example_latest_only.py took 0.135 seconds
[2022-05-17 07:09:00,616] {processor.py:163} INFO - Started process (PID=11934) to work on /home/airflow/.local/lib/python3.7/site-packages/airflow/example_dags/example_latest_only.py
[2022-05-17 07:09:00,619] {processor.py:642} INFO - Processing file /home/airflow/.local/lib/python3.7/site-packages/airflow/example_dags/example_latest_only.py for tasks to queue
[2022-05-17 07:09:00,622] {logging_mixin.py:109} INFO - [2022-05-17 07:09:00,621] {dagbag.py:500} INFO - Filling up the DagBag from /home/airflow/.local/lib/python3.7/site-packages/airflow/example_dags/example_latest_only.py
[2022-05-17 07:09:00,649] {processor.py:652} INFO - DAG(s) dict_keys(['latest_only']) retrieved from /home/airflow/.local/lib/python3.7/site-packages/airflow/example_dags/example_latest_only.py
[2022-05-17 07:09:00,701] {logging_mixin.py:109} INFO - [2022-05-17 07:09:00,700] {dag.py:2398} INFO - Sync 1 DAGs
[2022-05-17 07:09:00,730] {logging_mixin.py:109} INFO - [2022-05-17 07:09:00,730] {dag.py:2937} INFO - Setting next_dagrun for latest_only to 2022-05-17T03:09:00.729907+00:00
[2022-05-17 07:09:00,753] {processor.py:171} INFO - Processing /home/airflow/.local/lib/python3.7/site-packages/airflow/example_dags/example_latest_only.py took 0.141 seconds
[2022-05-17 07:09:31,005] {processor.py:163} INFO - Started process (PID=11997) to work on /home/airflow/.local/lib/python3.7/site-packages/airflow/example_dags/example_latest_only.py
[2022-05-17 07:09:31,008] {processor.py:642} INFO - Processing file /home/airflow/.local/lib/python3.7/site-packages/airflow/example_dags/example_latest_only.py for tasks to queue
[2022-05-17 07:09:31,009] {logging_mixin.py:109} INFO - [2022-05-17 07:09:31,009] {dagbag.py:500} INFO - Filling up the DagBag from /home/airflow/.local/lib/python3.7/site-packages/airflow/example_dags/example_latest_only.py
[2022-05-17 07:09:31,026] {processor.py:652} INFO - DAG(s) dict_keys(['latest_only']) retrieved from /home/airflow/.local/lib/python3.7/site-packages/airflow/example_dags/example_latest_only.py
[2022-05-17 07:09:31,052] {logging_mixin.py:109} INFO - [2022-05-17 07:09:31,052] {dag.py:2398} INFO - Sync 1 DAGs
[2022-05-17 07:09:31,075] {logging_mixin.py:109} INFO - [2022-05-17 07:09:31,075] {dag.py:2937} INFO - Setting next_dagrun for latest_only to 2022-05-17T03:09:31.075355+00:00
[2022-05-17 07:09:31,093] {processor.py:171} INFO - Processing /home/airflow/.local/lib/python3.7/site-packages/airflow/example_dags/example_latest_only.py took 0.092 seconds
[2022-05-17 07:10:02,007] {processor.py:163} INFO - Started process (PID=12069) to work on /home/airflow/.local/lib/python3.7/site-packages/airflow/example_dags/example_latest_only.py
[2022-05-17 07:10:02,009] {processor.py:642} INFO - Processing file /home/airflow/.local/lib/python3.7/site-packages/airflow/example_dags/example_latest_only.py for tasks to queue
[2022-05-17 07:10:02,011] {logging_mixin.py:109} INFO - [2022-05-17 07:10:02,011] {dagbag.py:500} INFO - Filling up the DagBag from /home/airflow/.local/lib/python3.7/site-packages/airflow/example_dags/example_latest_only.py
[2022-05-17 07:10:02,046] {processor.py:652} INFO - DAG(s) dict_keys(['latest_only']) retrieved from /home/airflow/.local/lib/python3.7/site-packages/airflow/example_dags/example_latest_only.py
[2022-05-17 07:10:02,082] {logging_mixin.py:109} INFO - [2022-05-17 07:10:02,082] {dag.py:2398} INFO - Sync 1 DAGs
[2022-05-17 07:10:02,111] {logging_mixin.py:109} INFO - [2022-05-17 07:10:02,110] {dag.py:2937} INFO - Setting next_dagrun for latest_only to 2022-05-17T03:10:02.110637+00:00
[2022-05-17 07:10:02,131] {processor.py:171} INFO - Processing /home/airflow/.local/lib/python3.7/site-packages/airflow/example_dags/example_latest_only.py took 0.131 seconds
[2022-05-17 07:10:33,124] {processor.py:163} INFO - Started process (PID=12133) to work on /home/airflow/.local/lib/python3.7/site-packages/airflow/example_dags/example_latest_only.py
[2022-05-17 07:10:33,126] {processor.py:642} INFO - Processing file /home/airflow/.local/lib/python3.7/site-packages/airflow/example_dags/example_latest_only.py for tasks to queue
[2022-05-17 07:10:33,127] {logging_mixin.py:109} INFO - [2022-05-17 07:10:33,127] {dagbag.py:500} INFO - Filling up the DagBag from /home/airflow/.local/lib/python3.7/site-packages/airflow/example_dags/example_latest_only.py
[2022-05-17 07:10:33,151] {processor.py:652} INFO - DAG(s) dict_keys(['latest_only']) retrieved from /home/airflow/.local/lib/python3.7/site-packages/airflow/example_dags/example_latest_only.py
[2022-05-17 07:10:33,178] {logging_mixin.py:109} INFO - [2022-05-17 07:10:33,178] {dag.py:2398} INFO - Sync 1 DAGs
[2022-05-17 07:10:33,198] {logging_mixin.py:109} INFO - [2022-05-17 07:10:33,197] {dag.py:2937} INFO - Setting next_dagrun for latest_only to 2022-05-17T03:10:33.197402+00:00
[2022-05-17 07:10:33,212] {processor.py:171} INFO - Processing /home/airflow/.local/lib/python3.7/site-packages/airflow/example_dags/example_latest_only.py took 0.093 seconds
[2022-05-17 07:11:04,682] {processor.py:163} INFO - Started process (PID=12199) to work on /home/airflow/.local/lib/python3.7/site-packages/airflow/example_dags/example_latest_only.py
[2022-05-17 07:11:04,684] {processor.py:642} INFO - Processing file /home/airflow/.local/lib/python3.7/site-packages/airflow/example_dags/example_latest_only.py for tasks to queue
[2022-05-17 07:11:04,685] {logging_mixin.py:109} INFO - [2022-05-17 07:11:04,684] {dagbag.py:500} INFO - Filling up the DagBag from /home/airflow/.local/lib/python3.7/site-packages/airflow/example_dags/example_latest_only.py
[2022-05-17 07:11:04,707] {processor.py:652} INFO - DAG(s) dict_keys(['latest_only']) retrieved from /home/airflow/.local/lib/python3.7/site-packages/airflow/example_dags/example_latest_only.py
[2022-05-17 07:11:04,741] {logging_mixin.py:109} INFO - [2022-05-17 07:11:04,741] {dag.py:2398} INFO - Sync 1 DAGs
[2022-05-17 07:11:04,776] {logging_mixin.py:109} INFO - [2022-05-17 07:11:04,775] {dag.py:2937} INFO - Setting next_dagrun for latest_only to 2022-05-17T03:11:04.775576+00:00
[2022-05-17 07:11:04,794] {processor.py:171} INFO - Processing /home/airflow/.local/lib/python3.7/site-packages/airflow/example_dags/example_latest_only.py took 0.118 seconds
[2022-05-17 07:11:35,569] {processor.py:163} INFO - Started process (PID=12274) to work on /home/airflow/.local/lib/python3.7/site-packages/airflow/example_dags/example_latest_only.py
[2022-05-17 07:11:35,572] {processor.py:642} INFO - Processing file /home/airflow/.local/lib/python3.7/site-packages/airflow/example_dags/example_latest_only.py for tasks to queue
[2022-05-17 07:11:35,574] {logging_mixin.py:109} INFO - [2022-05-17 07:11:35,574] {dagbag.py:500} INFO - Filling up the DagBag from /home/airflow/.local/lib/python3.7/site-packages/airflow/example_dags/example_latest_only.py
[2022-05-17 07:11:35,604] {processor.py:652} INFO - DAG(s) dict_keys(['latest_only']) retrieved from /home/airflow/.local/lib/python3.7/site-packages/airflow/example_dags/example_latest_only.py
[2022-05-17 07:11:35,639] {logging_mixin.py:109} INFO - [2022-05-17 07:11:35,639] {dag.py:2398} INFO - Sync 1 DAGs
[2022-05-17 07:11:35,670] {logging_mixin.py:109} INFO - [2022-05-17 07:11:35,670] {dag.py:2937} INFO - Setting next_dagrun for latest_only to 2022-05-17T03:11:35.670147+00:00
[2022-05-17 07:11:35,692] {processor.py:171} INFO - Processing /home/airflow/.local/lib/python3.7/site-packages/airflow/example_dags/example_latest_only.py took 0.130 seconds
[2022-05-17 07:12:06,509] {processor.py:163} INFO - Started process (PID=12336) to work on /home/airflow/.local/lib/python3.7/site-packages/airflow/example_dags/example_latest_only.py
[2022-05-17 07:12:06,511] {processor.py:642} INFO - Processing file /home/airflow/.local/lib/python3.7/site-packages/airflow/example_dags/example_latest_only.py for tasks to queue
[2022-05-17 07:12:06,515] {logging_mixin.py:109} INFO - [2022-05-17 07:12:06,515] {dagbag.py:500} INFO - Filling up the DagBag from /home/airflow/.local/lib/python3.7/site-packages/airflow/example_dags/example_latest_only.py
[2022-05-17 07:12:06,537] {processor.py:652} INFO - DAG(s) dict_keys(['latest_only']) retrieved from /home/airflow/.local/lib/python3.7/site-packages/airflow/example_dags/example_latest_only.py
[2022-05-17 07:12:06,574] {logging_mixin.py:109} INFO - [2022-05-17 07:12:06,573] {dag.py:2398} INFO - Sync 1 DAGs
[2022-05-17 07:12:06,603] {logging_mixin.py:109} INFO - [2022-05-17 07:12:06,603] {dag.py:2937} INFO - Setting next_dagrun for latest_only to 2022-05-17T03:12:06.603185+00:00
[2022-05-17 07:12:06,626] {processor.py:171} INFO - Processing /home/airflow/.local/lib/python3.7/site-packages/airflow/example_dags/example_latest_only.py took 0.125 seconds
[2022-05-17 07:12:51,267] {processor.py:163} INFO - Started process (PID=12390) to work on /home/airflow/.local/lib/python3.7/site-packages/airflow/example_dags/example_latest_only.py
[2022-05-17 07:12:51,269] {processor.py:642} INFO - Processing file /home/airflow/.local/lib/python3.7/site-packages/airflow/example_dags/example_latest_only.py for tasks to queue
[2022-05-17 07:12:51,270] {logging_mixin.py:109} INFO - [2022-05-17 07:12:51,270] {dagbag.py:500} INFO - Filling up the DagBag from /home/airflow/.local/lib/python3.7/site-packages/airflow/example_dags/example_latest_only.py
[2022-05-17 07:12:51,289] {processor.py:652} INFO - DAG(s) dict_keys(['latest_only']) retrieved from /home/airflow/.local/lib/python3.7/site-packages/airflow/example_dags/example_latest_only.py
[2022-05-17 07:12:51,319] {logging_mixin.py:109} INFO - [2022-05-17 07:12:51,319] {dag.py:2398} INFO - Sync 1 DAGs
[2022-05-17 07:12:51,354] {logging_mixin.py:109} INFO - [2022-05-17 07:12:51,353] {dag.py:2937} INFO - Setting next_dagrun for latest_only to 2022-05-17T03:12:51.353409+00:00
[2022-05-17 07:12:51,380] {processor.py:171} INFO - Processing /home/airflow/.local/lib/python3.7/site-packages/airflow/example_dags/example_latest_only.py took 0.117 seconds
[2022-05-17 07:13:22,041] {processor.py:163} INFO - Started process (PID=12454) to work on /home/airflow/.local/lib/python3.7/site-packages/airflow/example_dags/example_latest_only.py
[2022-05-17 07:13:22,042] {processor.py:642} INFO - Processing file /home/airflow/.local/lib/python3.7/site-packages/airflow/example_dags/example_latest_only.py for tasks to queue
[2022-05-17 07:13:22,043] {logging_mixin.py:109} INFO - [2022-05-17 07:13:22,043] {dagbag.py:500} INFO - Filling up the DagBag from /home/airflow/.local/lib/python3.7/site-packages/airflow/example_dags/example_latest_only.py
[2022-05-17 07:13:22,055] {processor.py:652} INFO - DAG(s) dict_keys(['latest_only']) retrieved from /home/airflow/.local/lib/python3.7/site-packages/airflow/example_dags/example_latest_only.py
[2022-05-17 07:13:22,073] {logging_mixin.py:109} INFO - [2022-05-17 07:13:22,073] {dag.py:2398} INFO - Sync 1 DAGs
[2022-05-17 07:13:22,090] {logging_mixin.py:109} INFO - [2022-05-17 07:13:22,090] {dag.py:2937} INFO - Setting next_dagrun for latest_only to 2022-05-17T03:13:22.089832+00:00
[2022-05-17 07:13:22,102] {processor.py:171} INFO - Processing /home/airflow/.local/lib/python3.7/site-packages/airflow/example_dags/example_latest_only.py took 0.064 seconds
[2022-05-17 07:13:53,109] {processor.py:163} INFO - Started process (PID=12531) to work on /home/airflow/.local/lib/python3.7/site-packages/airflow/example_dags/example_latest_only.py
[2022-05-17 07:13:53,111] {processor.py:642} INFO - Processing file /home/airflow/.local/lib/python3.7/site-packages/airflow/example_dags/example_latest_only.py for tasks to queue
[2022-05-17 07:13:53,112] {logging_mixin.py:109} INFO - [2022-05-17 07:13:53,112] {dagbag.py:500} INFO - Filling up the DagBag from /home/airflow/.local/lib/python3.7/site-packages/airflow/example_dags/example_latest_only.py
[2022-05-17 07:13:53,124] {processor.py:652} INFO - DAG(s) dict_keys(['latest_only']) retrieved from /home/airflow/.local/lib/python3.7/site-packages/airflow/example_dags/example_latest_only.py
[2022-05-17 07:13:53,143] {logging_mixin.py:109} INFO - [2022-05-17 07:13:53,142] {dag.py:2398} INFO - Sync 1 DAGs
[2022-05-17 07:13:53,157] {logging_mixin.py:109} INFO - [2022-05-17 07:13:53,157] {dag.py:2937} INFO - Setting next_dagrun for latest_only to 2022-05-17T03:13:53.157372+00:00
[2022-05-17 07:13:53,171] {processor.py:171} INFO - Processing /home/airflow/.local/lib/python3.7/site-packages/airflow/example_dags/example_latest_only.py took 0.064 seconds
[2022-05-17 07:14:23,435] {processor.py:163} INFO - Started process (PID=12595) to work on /home/airflow/.local/lib/python3.7/site-packages/airflow/example_dags/example_latest_only.py
[2022-05-17 07:14:23,437] {processor.py:642} INFO - Processing file /home/airflow/.local/lib/python3.7/site-packages/airflow/example_dags/example_latest_only.py for tasks to queue
[2022-05-17 07:14:23,437] {logging_mixin.py:109} INFO - [2022-05-17 07:14:23,437] {dagbag.py:500} INFO - Filling up the DagBag from /home/airflow/.local/lib/python3.7/site-packages/airflow/example_dags/example_latest_only.py
[2022-05-17 07:14:23,450] {processor.py:652} INFO - DAG(s) dict_keys(['latest_only']) retrieved from /home/airflow/.local/lib/python3.7/site-packages/airflow/example_dags/example_latest_only.py
[2022-05-17 07:14:23,467] {logging_mixin.py:109} INFO - [2022-05-17 07:14:23,467] {dag.py:2398} INFO - Sync 1 DAGs
[2022-05-17 07:14:23,482] {logging_mixin.py:109} INFO - [2022-05-17 07:14:23,482] {dag.py:2937} INFO - Setting next_dagrun for latest_only to 2022-05-17T03:14:23.481864+00:00
[2022-05-17 07:14:23,494] {processor.py:171} INFO - Processing /home/airflow/.local/lib/python3.7/site-packages/airflow/example_dags/example_latest_only.py took 0.062 seconds
[2022-05-17 07:14:54,284] {processor.py:163} INFO - Started process (PID=12668) to work on /home/airflow/.local/lib/python3.7/site-packages/airflow/example_dags/example_latest_only.py
[2022-05-17 07:14:54,285] {processor.py:642} INFO - Processing file /home/airflow/.local/lib/python3.7/site-packages/airflow/example_dags/example_latest_only.py for tasks to queue
[2022-05-17 07:14:54,286] {logging_mixin.py:109} INFO - [2022-05-17 07:14:54,286] {dagbag.py:500} INFO - Filling up the DagBag from /home/airflow/.local/lib/python3.7/site-packages/airflow/example_dags/example_latest_only.py
[2022-05-17 07:14:54,301] {processor.py:652} INFO - DAG(s) dict_keys(['latest_only']) retrieved from /home/airflow/.local/lib/python3.7/site-packages/airflow/example_dags/example_latest_only.py
[2022-05-17 07:14:54,320] {logging_mixin.py:109} INFO - [2022-05-17 07:14:54,320] {dag.py:2398} INFO - Sync 1 DAGs
[2022-05-17 07:14:54,335] {logging_mixin.py:109} INFO - [2022-05-17 07:14:54,335] {dag.py:2937} INFO - Setting next_dagrun for latest_only to 2022-05-17T03:14:54.335292+00:00
[2022-05-17 07:14:54,349] {processor.py:171} INFO - Processing /home/airflow/.local/lib/python3.7/site-packages/airflow/example_dags/example_latest_only.py took 0.070 seconds
[2022-05-17 07:15:25,059] {processor.py:163} INFO - Started process (PID=12732) to work on /home/airflow/.local/lib/python3.7/site-packages/airflow/example_dags/example_latest_only.py
[2022-05-17 07:15:25,061] {processor.py:642} INFO - Processing file /home/airflow/.local/lib/python3.7/site-packages/airflow/example_dags/example_latest_only.py for tasks to queue
[2022-05-17 07:15:25,062] {logging_mixin.py:109} INFO - [2022-05-17 07:15:25,061] {dagbag.py:500} INFO - Filling up the DagBag from /home/airflow/.local/lib/python3.7/site-packages/airflow/example_dags/example_latest_only.py
[2022-05-17 07:15:25,073] {processor.py:652} INFO - DAG(s) dict_keys(['latest_only']) retrieved from /home/airflow/.local/lib/python3.7/site-packages/airflow/example_dags/example_latest_only.py
[2022-05-17 07:15:25,092] {logging_mixin.py:109} INFO - [2022-05-17 07:15:25,092] {dag.py:2398} INFO - Sync 1 DAGs
[2022-05-17 07:15:25,107] {logging_mixin.py:109} INFO - [2022-05-17 07:15:25,106] {dag.py:2937} INFO - Setting next_dagrun for latest_only to 2022-05-17T03:15:25.106677+00:00
[2022-05-17 07:15:25,119] {processor.py:171} INFO - Processing /home/airflow/.local/lib/python3.7/site-packages/airflow/example_dags/example_latest_only.py took 0.063 seconds
