[2022-05-17 06:58:14,158] {processor.py:163} INFO - Started process (PID=10495) to work on /home/airflow/.local/lib/python3.7/site-packages/airflow/example_dags/example_complex.py
[2022-05-17 06:58:14,159] {processor.py:642} INFO - Processing file /home/airflow/.local/lib/python3.7/site-packages/airflow/example_dags/example_complex.py for tasks to queue
[2022-05-17 06:58:14,160] {logging_mixin.py:109} INFO - [2022-05-17 06:58:14,160] {dagbag.py:500} INFO - Filling up the DagBag from /home/airflow/.local/lib/python3.7/site-packages/airflow/example_dags/example_complex.py
[2022-05-17 06:58:14,190] {processor.py:652} INFO - DAG(s) dict_keys(['example_complex']) retrieved from /home/airflow/.local/lib/python3.7/site-packages/airflow/example_dags/example_complex.py
[2022-05-17 06:58:14,262] {logging_mixin.py:109} INFO - [2022-05-17 06:58:14,262] {dag.py:2398} INFO - Sync 1 DAGs
[2022-05-17 06:58:14,299] {logging_mixin.py:109} INFO - [2022-05-17 06:58:14,299] {dag.py:2937} INFO - Setting next_dagrun for example_complex to None
[2022-05-17 06:58:14,331] {processor.py:171} INFO - Processing /home/airflow/.local/lib/python3.7/site-packages/airflow/example_dags/example_complex.py took 0.177 seconds
[2022-05-17 06:58:44,667] {processor.py:163} INFO - Started process (PID=10557) to work on /home/airflow/.local/lib/python3.7/site-packages/airflow/example_dags/example_complex.py
[2022-05-17 06:58:44,668] {processor.py:642} INFO - Processing file /home/airflow/.local/lib/python3.7/site-packages/airflow/example_dags/example_complex.py for tasks to queue
[2022-05-17 06:58:44,669] {logging_mixin.py:109} INFO - [2022-05-17 06:58:44,669] {dagbag.py:500} INFO - Filling up the DagBag from /home/airflow/.local/lib/python3.7/site-packages/airflow/example_dags/example_complex.py
[2022-05-17 06:58:44,685] {processor.py:652} INFO - DAG(s) dict_keys(['example_complex']) retrieved from /home/airflow/.local/lib/python3.7/site-packages/airflow/example_dags/example_complex.py
[2022-05-17 06:58:44,706] {logging_mixin.py:109} INFO - [2022-05-17 06:58:44,705] {dag.py:2398} INFO - Sync 1 DAGs
[2022-05-17 06:58:44,719] {logging_mixin.py:109} INFO - [2022-05-17 06:58:44,719] {dag.py:2937} INFO - Setting next_dagrun for example_complex to None
[2022-05-17 06:58:44,732] {processor.py:171} INFO - Processing /home/airflow/.local/lib/python3.7/site-packages/airflow/example_dags/example_complex.py took 0.068 seconds
[2022-05-17 06:59:15,771] {processor.py:163} INFO - Started process (PID=10630) to work on /home/airflow/.local/lib/python3.7/site-packages/airflow/example_dags/example_complex.py
[2022-05-17 06:59:15,773] {processor.py:642} INFO - Processing file /home/airflow/.local/lib/python3.7/site-packages/airflow/example_dags/example_complex.py for tasks to queue
[2022-05-17 06:59:15,773] {logging_mixin.py:109} INFO - [2022-05-17 06:59:15,773] {dagbag.py:500} INFO - Filling up the DagBag from /home/airflow/.local/lib/python3.7/site-packages/airflow/example_dags/example_complex.py
[2022-05-17 06:59:15,791] {processor.py:652} INFO - DAG(s) dict_keys(['example_complex']) retrieved from /home/airflow/.local/lib/python3.7/site-packages/airflow/example_dags/example_complex.py
[2022-05-17 06:59:15,814] {logging_mixin.py:109} INFO - [2022-05-17 06:59:15,814] {dag.py:2398} INFO - Sync 1 DAGs
[2022-05-17 06:59:15,831] {logging_mixin.py:109} INFO - [2022-05-17 06:59:15,831] {dag.py:2937} INFO - Setting next_dagrun for example_complex to None
[2022-05-17 06:59:15,842] {processor.py:171} INFO - Processing /home/airflow/.local/lib/python3.7/site-packages/airflow/example_dags/example_complex.py took 0.074 seconds
[2022-05-17 06:59:46,148] {processor.py:163} INFO - Started process (PID=10693) to work on /home/airflow/.local/lib/python3.7/site-packages/airflow/example_dags/example_complex.py
[2022-05-17 06:59:46,149] {processor.py:642} INFO - Processing file /home/airflow/.local/lib/python3.7/site-packages/airflow/example_dags/example_complex.py for tasks to queue
[2022-05-17 06:59:46,150] {logging_mixin.py:109} INFO - [2022-05-17 06:59:46,150] {dagbag.py:500} INFO - Filling up the DagBag from /home/airflow/.local/lib/python3.7/site-packages/airflow/example_dags/example_complex.py
[2022-05-17 06:59:46,167] {processor.py:652} INFO - DAG(s) dict_keys(['example_complex']) retrieved from /home/airflow/.local/lib/python3.7/site-packages/airflow/example_dags/example_complex.py
[2022-05-17 06:59:46,192] {logging_mixin.py:109} INFO - [2022-05-17 06:59:46,191] {dag.py:2398} INFO - Sync 1 DAGs
[2022-05-17 06:59:46,209] {logging_mixin.py:109} INFO - [2022-05-17 06:59:46,209] {dag.py:2937} INFO - Setting next_dagrun for example_complex to None
[2022-05-17 06:59:46,222] {processor.py:171} INFO - Processing /home/airflow/.local/lib/python3.7/site-packages/airflow/example_dags/example_complex.py took 0.078 seconds
[2022-05-17 07:00:17,326] {processor.py:163} INFO - Started process (PID=10766) to work on /home/airflow/.local/lib/python3.7/site-packages/airflow/example_dags/example_complex.py
[2022-05-17 07:00:17,328] {processor.py:642} INFO - Processing file /home/airflow/.local/lib/python3.7/site-packages/airflow/example_dags/example_complex.py for tasks to queue
[2022-05-17 07:00:17,329] {logging_mixin.py:109} INFO - [2022-05-17 07:00:17,329] {dagbag.py:500} INFO - Filling up the DagBag from /home/airflow/.local/lib/python3.7/site-packages/airflow/example_dags/example_complex.py
[2022-05-17 07:00:17,349] {processor.py:652} INFO - DAG(s) dict_keys(['example_complex']) retrieved from /home/airflow/.local/lib/python3.7/site-packages/airflow/example_dags/example_complex.py
[2022-05-17 07:00:17,372] {logging_mixin.py:109} INFO - [2022-05-17 07:00:17,372] {dag.py:2398} INFO - Sync 1 DAGs
[2022-05-17 07:00:17,385] {logging_mixin.py:109} INFO - [2022-05-17 07:00:17,385] {dag.py:2937} INFO - Setting next_dagrun for example_complex to None
[2022-05-17 07:00:17,398] {processor.py:171} INFO - Processing /home/airflow/.local/lib/python3.7/site-packages/airflow/example_dags/example_complex.py took 0.074 seconds
[2022-05-17 07:00:48,029] {processor.py:163} INFO - Started process (PID=10839) to work on /home/airflow/.local/lib/python3.7/site-packages/airflow/example_dags/example_complex.py
[2022-05-17 07:00:48,031] {processor.py:642} INFO - Processing file /home/airflow/.local/lib/python3.7/site-packages/airflow/example_dags/example_complex.py for tasks to queue
[2022-05-17 07:00:48,031] {logging_mixin.py:109} INFO - [2022-05-17 07:00:48,031] {dagbag.py:500} INFO - Filling up the DagBag from /home/airflow/.local/lib/python3.7/site-packages/airflow/example_dags/example_complex.py
[2022-05-17 07:00:48,048] {processor.py:652} INFO - DAG(s) dict_keys(['example_complex']) retrieved from /home/airflow/.local/lib/python3.7/site-packages/airflow/example_dags/example_complex.py
[2022-05-17 07:00:48,070] {logging_mixin.py:109} INFO - [2022-05-17 07:00:48,069] {dag.py:2398} INFO - Sync 1 DAGs
[2022-05-17 07:00:48,083] {logging_mixin.py:109} INFO - [2022-05-17 07:00:48,083] {dag.py:2937} INFO - Setting next_dagrun for example_complex to None
[2022-05-17 07:00:48,098] {processor.py:171} INFO - Processing /home/airflow/.local/lib/python3.7/site-packages/airflow/example_dags/example_complex.py took 0.071 seconds
[2022-05-17 07:01:18,755] {processor.py:163} INFO - Started process (PID=10902) to work on /home/airflow/.local/lib/python3.7/site-packages/airflow/example_dags/example_complex.py
[2022-05-17 07:01:18,756] {processor.py:642} INFO - Processing file /home/airflow/.local/lib/python3.7/site-packages/airflow/example_dags/example_complex.py for tasks to queue
[2022-05-17 07:01:18,757] {logging_mixin.py:109} INFO - [2022-05-17 07:01:18,757] {dagbag.py:500} INFO - Filling up the DagBag from /home/airflow/.local/lib/python3.7/site-packages/airflow/example_dags/example_complex.py
[2022-05-17 07:01:18,775] {processor.py:652} INFO - DAG(s) dict_keys(['example_complex']) retrieved from /home/airflow/.local/lib/python3.7/site-packages/airflow/example_dags/example_complex.py
[2022-05-17 07:01:18,798] {logging_mixin.py:109} INFO - [2022-05-17 07:01:18,798] {dag.py:2398} INFO - Sync 1 DAGs
[2022-05-17 07:01:18,814] {logging_mixin.py:109} INFO - [2022-05-17 07:01:18,814] {dag.py:2937} INFO - Setting next_dagrun for example_complex to None
[2022-05-17 07:01:18,828] {processor.py:171} INFO - Processing /home/airflow/.local/lib/python3.7/site-packages/airflow/example_dags/example_complex.py took 0.075 seconds
[2022-05-17 07:01:49,501] {processor.py:163} INFO - Started process (PID=10974) to work on /home/airflow/.local/lib/python3.7/site-packages/airflow/example_dags/example_complex.py
[2022-05-17 07:01:49,502] {processor.py:642} INFO - Processing file /home/airflow/.local/lib/python3.7/site-packages/airflow/example_dags/example_complex.py for tasks to queue
[2022-05-17 07:01:49,503] {logging_mixin.py:109} INFO - [2022-05-17 07:01:49,503] {dagbag.py:500} INFO - Filling up the DagBag from /home/airflow/.local/lib/python3.7/site-packages/airflow/example_dags/example_complex.py
[2022-05-17 07:01:49,520] {processor.py:652} INFO - DAG(s) dict_keys(['example_complex']) retrieved from /home/airflow/.local/lib/python3.7/site-packages/airflow/example_dags/example_complex.py
[2022-05-17 07:01:49,543] {logging_mixin.py:109} INFO - [2022-05-17 07:01:49,543] {dag.py:2398} INFO - Sync 1 DAGs
[2022-05-17 07:01:49,556] {logging_mixin.py:109} INFO - [2022-05-17 07:01:49,556] {dag.py:2937} INFO - Setting next_dagrun for example_complex to None
[2022-05-17 07:01:49,570] {processor.py:171} INFO - Processing /home/airflow/.local/lib/python3.7/site-packages/airflow/example_dags/example_complex.py took 0.072 seconds
[2022-05-17 07:02:20,172] {processor.py:163} INFO - Started process (PID=11038) to work on /home/airflow/.local/lib/python3.7/site-packages/airflow/example_dags/example_complex.py
[2022-05-17 07:02:20,174] {processor.py:642} INFO - Processing file /home/airflow/.local/lib/python3.7/site-packages/airflow/example_dags/example_complex.py for tasks to queue
[2022-05-17 07:02:20,174] {logging_mixin.py:109} INFO - [2022-05-17 07:02:20,174] {dagbag.py:500} INFO - Filling up the DagBag from /home/airflow/.local/lib/python3.7/site-packages/airflow/example_dags/example_complex.py
[2022-05-17 07:02:20,191] {processor.py:652} INFO - DAG(s) dict_keys(['example_complex']) retrieved from /home/airflow/.local/lib/python3.7/site-packages/airflow/example_dags/example_complex.py
[2022-05-17 07:02:20,213] {logging_mixin.py:109} INFO - [2022-05-17 07:02:20,213] {dag.py:2398} INFO - Sync 1 DAGs
[2022-05-17 07:02:20,226] {logging_mixin.py:109} INFO - [2022-05-17 07:02:20,226] {dag.py:2937} INFO - Setting next_dagrun for example_complex to None
[2022-05-17 07:02:20,239] {processor.py:171} INFO - Processing /home/airflow/.local/lib/python3.7/site-packages/airflow/example_dags/example_complex.py took 0.070 seconds
[2022-05-17 07:02:50,468] {processor.py:163} INFO - Started process (PID=11111) to work on /home/airflow/.local/lib/python3.7/site-packages/airflow/example_dags/example_complex.py
[2022-05-17 07:02:50,470] {processor.py:642} INFO - Processing file /home/airflow/.local/lib/python3.7/site-packages/airflow/example_dags/example_complex.py for tasks to queue
[2022-05-17 07:02:50,470] {logging_mixin.py:109} INFO - [2022-05-17 07:02:50,470] {dagbag.py:500} INFO - Filling up the DagBag from /home/airflow/.local/lib/python3.7/site-packages/airflow/example_dags/example_complex.py
[2022-05-17 07:02:50,486] {processor.py:652} INFO - DAG(s) dict_keys(['example_complex']) retrieved from /home/airflow/.local/lib/python3.7/site-packages/airflow/example_dags/example_complex.py
[2022-05-17 07:02:50,508] {logging_mixin.py:109} INFO - [2022-05-17 07:02:50,508] {dag.py:2398} INFO - Sync 1 DAGs
[2022-05-17 07:02:50,522] {logging_mixin.py:109} INFO - [2022-05-17 07:02:50,522] {dag.py:2937} INFO - Setting next_dagrun for example_complex to None
[2022-05-17 07:02:50,534] {processor.py:171} INFO - Processing /home/airflow/.local/lib/python3.7/site-packages/airflow/example_dags/example_complex.py took 0.069 seconds
[2022-05-17 07:03:21,484] {processor.py:163} INFO - Started process (PID=11185) to work on /home/airflow/.local/lib/python3.7/site-packages/airflow/example_dags/example_complex.py
[2022-05-17 07:03:21,485] {processor.py:642} INFO - Processing file /home/airflow/.local/lib/python3.7/site-packages/airflow/example_dags/example_complex.py for tasks to queue
[2022-05-17 07:03:21,486] {logging_mixin.py:109} INFO - [2022-05-17 07:03:21,486] {dagbag.py:500} INFO - Filling up the DagBag from /home/airflow/.local/lib/python3.7/site-packages/airflow/example_dags/example_complex.py
[2022-05-17 07:03:21,502] {processor.py:652} INFO - DAG(s) dict_keys(['example_complex']) retrieved from /home/airflow/.local/lib/python3.7/site-packages/airflow/example_dags/example_complex.py
[2022-05-17 07:03:21,523] {logging_mixin.py:109} INFO - [2022-05-17 07:03:21,523] {dag.py:2398} INFO - Sync 1 DAGs
[2022-05-17 07:03:21,537] {logging_mixin.py:109} INFO - [2022-05-17 07:03:21,537] {dag.py:2937} INFO - Setting next_dagrun for example_complex to None
[2022-05-17 07:03:21,550] {processor.py:171} INFO - Processing /home/airflow/.local/lib/python3.7/site-packages/airflow/example_dags/example_complex.py took 0.068 seconds
[2022-05-17 07:03:52,170] {processor.py:163} INFO - Started process (PID=11249) to work on /home/airflow/.local/lib/python3.7/site-packages/airflow/example_dags/example_complex.py
[2022-05-17 07:03:52,171] {processor.py:642} INFO - Processing file /home/airflow/.local/lib/python3.7/site-packages/airflow/example_dags/example_complex.py for tasks to queue
[2022-05-17 07:03:52,172] {logging_mixin.py:109} INFO - [2022-05-17 07:03:52,172] {dagbag.py:500} INFO - Filling up the DagBag from /home/airflow/.local/lib/python3.7/site-packages/airflow/example_dags/example_complex.py
[2022-05-17 07:03:52,188] {processor.py:652} INFO - DAG(s) dict_keys(['example_complex']) retrieved from /home/airflow/.local/lib/python3.7/site-packages/airflow/example_dags/example_complex.py
[2022-05-17 07:03:52,210] {logging_mixin.py:109} INFO - [2022-05-17 07:03:52,210] {dag.py:2398} INFO - Sync 1 DAGs
[2022-05-17 07:03:52,223] {logging_mixin.py:109} INFO - [2022-05-17 07:03:52,222] {dag.py:2937} INFO - Setting next_dagrun for example_complex to None
[2022-05-17 07:03:52,234] {processor.py:171} INFO - Processing /home/airflow/.local/lib/python3.7/site-packages/airflow/example_dags/example_complex.py took 0.067 seconds
[2022-05-17 07:04:22,948] {processor.py:163} INFO - Started process (PID=11322) to work on /home/airflow/.local/lib/python3.7/site-packages/airflow/example_dags/example_complex.py
[2022-05-17 07:04:22,949] {processor.py:642} INFO - Processing file /home/airflow/.local/lib/python3.7/site-packages/airflow/example_dags/example_complex.py for tasks to queue
[2022-05-17 07:04:22,950] {logging_mixin.py:109} INFO - [2022-05-17 07:04:22,950] {dagbag.py:500} INFO - Filling up the DagBag from /home/airflow/.local/lib/python3.7/site-packages/airflow/example_dags/example_complex.py
[2022-05-17 07:04:22,967] {processor.py:652} INFO - DAG(s) dict_keys(['example_complex']) retrieved from /home/airflow/.local/lib/python3.7/site-packages/airflow/example_dags/example_complex.py
[2022-05-17 07:04:22,990] {logging_mixin.py:109} INFO - [2022-05-17 07:04:22,990] {dag.py:2398} INFO - Sync 1 DAGs
[2022-05-17 07:04:23,003] {logging_mixin.py:109} INFO - [2022-05-17 07:04:23,003] {dag.py:2937} INFO - Setting next_dagrun for example_complex to None
[2022-05-17 07:04:23,016] {processor.py:171} INFO - Processing /home/airflow/.local/lib/python3.7/site-packages/airflow/example_dags/example_complex.py took 0.071 seconds
[2022-05-17 07:04:53,777] {processor.py:163} INFO - Started process (PID=11393) to work on /home/airflow/.local/lib/python3.7/site-packages/airflow/example_dags/example_complex.py
[2022-05-17 07:04:53,779] {processor.py:642} INFO - Processing file /home/airflow/.local/lib/python3.7/site-packages/airflow/example_dags/example_complex.py for tasks to queue
[2022-05-17 07:04:53,779] {logging_mixin.py:109} INFO - [2022-05-17 07:04:53,779] {dagbag.py:500} INFO - Filling up the DagBag from /home/airflow/.local/lib/python3.7/site-packages/airflow/example_dags/example_complex.py
[2022-05-17 07:04:53,800] {processor.py:652} INFO - DAG(s) dict_keys(['example_complex']) retrieved from /home/airflow/.local/lib/python3.7/site-packages/airflow/example_dags/example_complex.py
[2022-05-17 07:04:53,822] {logging_mixin.py:109} INFO - [2022-05-17 07:04:53,822] {dag.py:2398} INFO - Sync 1 DAGs
[2022-05-17 07:04:53,838] {logging_mixin.py:109} INFO - [2022-05-17 07:04:53,838] {dag.py:2937} INFO - Setting next_dagrun for example_complex to None
[2022-05-17 07:04:53,851] {processor.py:171} INFO - Processing /home/airflow/.local/lib/python3.7/site-packages/airflow/example_dags/example_complex.py took 0.076 seconds
[2022-05-17 07:05:24,532] {processor.py:163} INFO - Started process (PID=11457) to work on /home/airflow/.local/lib/python3.7/site-packages/airflow/example_dags/example_complex.py
[2022-05-17 07:05:24,534] {processor.py:642} INFO - Processing file /home/airflow/.local/lib/python3.7/site-packages/airflow/example_dags/example_complex.py for tasks to queue
[2022-05-17 07:05:24,535] {logging_mixin.py:109} INFO - [2022-05-17 07:05:24,535] {dagbag.py:500} INFO - Filling up the DagBag from /home/airflow/.local/lib/python3.7/site-packages/airflow/example_dags/example_complex.py
[2022-05-17 07:05:24,562] {processor.py:652} INFO - DAG(s) dict_keys(['example_complex']) retrieved from /home/airflow/.local/lib/python3.7/site-packages/airflow/example_dags/example_complex.py
[2022-05-17 07:05:24,591] {logging_mixin.py:109} INFO - [2022-05-17 07:05:24,591] {dag.py:2398} INFO - Sync 1 DAGs
[2022-05-17 07:05:24,606] {logging_mixin.py:109} INFO - [2022-05-17 07:05:24,606] {dag.py:2937} INFO - Setting next_dagrun for example_complex to None
[2022-05-17 07:05:24,621] {processor.py:171} INFO - Processing /home/airflow/.local/lib/python3.7/site-packages/airflow/example_dags/example_complex.py took 0.091 seconds
[2022-05-17 07:05:55,094] {processor.py:163} INFO - Started process (PID=11530) to work on /home/airflow/.local/lib/python3.7/site-packages/airflow/example_dags/example_complex.py
[2022-05-17 07:05:55,095] {processor.py:642} INFO - Processing file /home/airflow/.local/lib/python3.7/site-packages/airflow/example_dags/example_complex.py for tasks to queue
[2022-05-17 07:05:55,096] {logging_mixin.py:109} INFO - [2022-05-17 07:05:55,096] {dagbag.py:500} INFO - Filling up the DagBag from /home/airflow/.local/lib/python3.7/site-packages/airflow/example_dags/example_complex.py
[2022-05-17 07:05:55,117] {processor.py:652} INFO - DAG(s) dict_keys(['example_complex']) retrieved from /home/airflow/.local/lib/python3.7/site-packages/airflow/example_dags/example_complex.py
[2022-05-17 07:05:55,139] {logging_mixin.py:109} INFO - [2022-05-17 07:05:55,139] {dag.py:2398} INFO - Sync 1 DAGs
[2022-05-17 07:05:55,154] {logging_mixin.py:109} INFO - [2022-05-17 07:05:55,154] {dag.py:2937} INFO - Setting next_dagrun for example_complex to None
[2022-05-17 07:05:55,166] {processor.py:171} INFO - Processing /home/airflow/.local/lib/python3.7/site-packages/airflow/example_dags/example_complex.py took 0.076 seconds
[2022-05-17 07:06:26,187] {processor.py:163} INFO - Started process (PID=11593) to work on /home/airflow/.local/lib/python3.7/site-packages/airflow/example_dags/example_complex.py
[2022-05-17 07:06:26,189] {processor.py:642} INFO - Processing file /home/airflow/.local/lib/python3.7/site-packages/airflow/example_dags/example_complex.py for tasks to queue
[2022-05-17 07:06:26,190] {logging_mixin.py:109} INFO - [2022-05-17 07:06:26,189] {dagbag.py:500} INFO - Filling up the DagBag from /home/airflow/.local/lib/python3.7/site-packages/airflow/example_dags/example_complex.py
[2022-05-17 07:06:26,220] {processor.py:652} INFO - DAG(s) dict_keys(['example_complex']) retrieved from /home/airflow/.local/lib/python3.7/site-packages/airflow/example_dags/example_complex.py
[2022-05-17 07:06:26,251] {logging_mixin.py:109} INFO - [2022-05-17 07:06:26,251] {dag.py:2398} INFO - Sync 1 DAGs
[2022-05-17 07:06:26,269] {logging_mixin.py:109} INFO - [2022-05-17 07:06:26,269] {dag.py:2937} INFO - Setting next_dagrun for example_complex to None
[2022-05-17 07:06:26,284] {processor.py:171} INFO - Processing /home/airflow/.local/lib/python3.7/site-packages/airflow/example_dags/example_complex.py took 0.100 seconds
[2022-05-17 07:06:56,949] {processor.py:163} INFO - Started process (PID=11666) to work on /home/airflow/.local/lib/python3.7/site-packages/airflow/example_dags/example_complex.py
[2022-05-17 07:06:56,951] {processor.py:642} INFO - Processing file /home/airflow/.local/lib/python3.7/site-packages/airflow/example_dags/example_complex.py for tasks to queue
[2022-05-17 07:06:56,952] {logging_mixin.py:109} INFO - [2022-05-17 07:06:56,952] {dagbag.py:500} INFO - Filling up the DagBag from /home/airflow/.local/lib/python3.7/site-packages/airflow/example_dags/example_complex.py
[2022-05-17 07:06:56,981] {processor.py:652} INFO - DAG(s) dict_keys(['example_complex']) retrieved from /home/airflow/.local/lib/python3.7/site-packages/airflow/example_dags/example_complex.py
[2022-05-17 07:06:57,017] {logging_mixin.py:109} INFO - [2022-05-17 07:06:57,017] {dag.py:2398} INFO - Sync 1 DAGs
[2022-05-17 07:06:57,040] {logging_mixin.py:109} INFO - [2022-05-17 07:06:57,039] {dag.py:2937} INFO - Setting next_dagrun for example_complex to None
[2022-05-17 07:06:57,058] {processor.py:171} INFO - Processing /home/airflow/.local/lib/python3.7/site-packages/airflow/example_dags/example_complex.py took 0.113 seconds
[2022-05-17 07:07:27,368] {processor.py:163} INFO - Started process (PID=11730) to work on /home/airflow/.local/lib/python3.7/site-packages/airflow/example_dags/example_complex.py
[2022-05-17 07:07:27,370] {processor.py:642} INFO - Processing file /home/airflow/.local/lib/python3.7/site-packages/airflow/example_dags/example_complex.py for tasks to queue
[2022-05-17 07:07:27,371] {logging_mixin.py:109} INFO - [2022-05-17 07:07:27,370] {dagbag.py:500} INFO - Filling up the DagBag from /home/airflow/.local/lib/python3.7/site-packages/airflow/example_dags/example_complex.py
[2022-05-17 07:07:27,400] {processor.py:652} INFO - DAG(s) dict_keys(['example_complex']) retrieved from /home/airflow/.local/lib/python3.7/site-packages/airflow/example_dags/example_complex.py
[2022-05-17 07:07:27,428] {logging_mixin.py:109} INFO - [2022-05-17 07:07:27,428] {dag.py:2398} INFO - Sync 1 DAGs
[2022-05-17 07:07:27,448] {logging_mixin.py:109} INFO - [2022-05-17 07:07:27,448] {dag.py:2937} INFO - Setting next_dagrun for example_complex to None
[2022-05-17 07:07:27,466] {processor.py:171} INFO - Processing /home/airflow/.local/lib/python3.7/site-packages/airflow/example_dags/example_complex.py took 0.103 seconds
[2022-05-17 07:07:57,742] {processor.py:163} INFO - Started process (PID=11794) to work on /home/airflow/.local/lib/python3.7/site-packages/airflow/example_dags/example_complex.py
[2022-05-17 07:07:57,744] {processor.py:642} INFO - Processing file /home/airflow/.local/lib/python3.7/site-packages/airflow/example_dags/example_complex.py for tasks to queue
[2022-05-17 07:07:57,745] {logging_mixin.py:109} INFO - [2022-05-17 07:07:57,745] {dagbag.py:500} INFO - Filling up the DagBag from /home/airflow/.local/lib/python3.7/site-packages/airflow/example_dags/example_complex.py
[2022-05-17 07:07:57,779] {processor.py:652} INFO - DAG(s) dict_keys(['example_complex']) retrieved from /home/airflow/.local/lib/python3.7/site-packages/airflow/example_dags/example_complex.py
[2022-05-17 07:07:57,819] {logging_mixin.py:109} INFO - [2022-05-17 07:07:57,819] {dag.py:2398} INFO - Sync 1 DAGs
[2022-05-17 07:07:57,852] {logging_mixin.py:109} INFO - [2022-05-17 07:07:57,851] {dag.py:2937} INFO - Setting next_dagrun for example_complex to None
[2022-05-17 07:07:57,872] {processor.py:171} INFO - Processing /home/airflow/.local/lib/python3.7/site-packages/airflow/example_dags/example_complex.py took 0.133 seconds
[2022-05-17 07:08:28,929] {processor.py:163} INFO - Started process (PID=11865) to work on /home/airflow/.local/lib/python3.7/site-packages/airflow/example_dags/example_complex.py
[2022-05-17 07:08:28,931] {processor.py:642} INFO - Processing file /home/airflow/.local/lib/python3.7/site-packages/airflow/example_dags/example_complex.py for tasks to queue
[2022-05-17 07:08:28,934] {logging_mixin.py:109} INFO - [2022-05-17 07:08:28,934] {dagbag.py:500} INFO - Filling up the DagBag from /home/airflow/.local/lib/python3.7/site-packages/airflow/example_dags/example_complex.py
[2022-05-17 07:08:28,974] {processor.py:652} INFO - DAG(s) dict_keys(['example_complex']) retrieved from /home/airflow/.local/lib/python3.7/site-packages/airflow/example_dags/example_complex.py
[2022-05-17 07:08:29,022] {logging_mixin.py:109} INFO - [2022-05-17 07:08:29,022] {dag.py:2398} INFO - Sync 1 DAGs
[2022-05-17 07:08:29,052] {logging_mixin.py:109} INFO - [2022-05-17 07:08:29,052] {dag.py:2937} INFO - Setting next_dagrun for example_complex to None
[2022-05-17 07:08:29,074] {processor.py:171} INFO - Processing /home/airflow/.local/lib/python3.7/site-packages/airflow/example_dags/example_complex.py took 0.150 seconds
[2022-05-17 07:08:59,944] {processor.py:163} INFO - Started process (PID=11928) to work on /home/airflow/.local/lib/python3.7/site-packages/airflow/example_dags/example_complex.py
[2022-05-17 07:08:59,948] {processor.py:642} INFO - Processing file /home/airflow/.local/lib/python3.7/site-packages/airflow/example_dags/example_complex.py for tasks to queue
[2022-05-17 07:08:59,950] {logging_mixin.py:109} INFO - [2022-05-17 07:08:59,950] {dagbag.py:500} INFO - Filling up the DagBag from /home/airflow/.local/lib/python3.7/site-packages/airflow/example_dags/example_complex.py
[2022-05-17 07:08:59,987] {processor.py:652} INFO - DAG(s) dict_keys(['example_complex']) retrieved from /home/airflow/.local/lib/python3.7/site-packages/airflow/example_dags/example_complex.py
[2022-05-17 07:09:00,029] {logging_mixin.py:109} INFO - [2022-05-17 07:09:00,029] {dag.py:2398} INFO - Sync 1 DAGs
[2022-05-17 07:09:00,067] {logging_mixin.py:109} INFO - [2022-05-17 07:09:00,067] {dag.py:2937} INFO - Setting next_dagrun for example_complex to None
[2022-05-17 07:09:00,092] {processor.py:171} INFO - Processing /home/airflow/.local/lib/python3.7/site-packages/airflow/example_dags/example_complex.py took 0.152 seconds
[2022-05-17 07:09:30,647] {processor.py:163} INFO - Started process (PID=11991) to work on /home/airflow/.local/lib/python3.7/site-packages/airflow/example_dags/example_complex.py
[2022-05-17 07:09:30,649] {processor.py:642} INFO - Processing file /home/airflow/.local/lib/python3.7/site-packages/airflow/example_dags/example_complex.py for tasks to queue
[2022-05-17 07:09:30,650] {logging_mixin.py:109} INFO - [2022-05-17 07:09:30,650] {dagbag.py:500} INFO - Filling up the DagBag from /home/airflow/.local/lib/python3.7/site-packages/airflow/example_dags/example_complex.py
[2022-05-17 07:09:30,678] {processor.py:652} INFO - DAG(s) dict_keys(['example_complex']) retrieved from /home/airflow/.local/lib/python3.7/site-packages/airflow/example_dags/example_complex.py
[2022-05-17 07:09:30,711] {logging_mixin.py:109} INFO - [2022-05-17 07:09:30,711] {dag.py:2398} INFO - Sync 1 DAGs
[2022-05-17 07:09:30,730] {logging_mixin.py:109} INFO - [2022-05-17 07:09:30,730] {dag.py:2937} INFO - Setting next_dagrun for example_complex to None
[2022-05-17 07:09:30,751] {processor.py:171} INFO - Processing /home/airflow/.local/lib/python3.7/site-packages/airflow/example_dags/example_complex.py took 0.107 seconds
[2022-05-17 07:10:01,582] {processor.py:163} INFO - Started process (PID=12064) to work on /home/airflow/.local/lib/python3.7/site-packages/airflow/example_dags/example_complex.py
[2022-05-17 07:10:01,583] {processor.py:642} INFO - Processing file /home/airflow/.local/lib/python3.7/site-packages/airflow/example_dags/example_complex.py for tasks to queue
[2022-05-17 07:10:01,584] {logging_mixin.py:109} INFO - [2022-05-17 07:10:01,584] {dagbag.py:500} INFO - Filling up the DagBag from /home/airflow/.local/lib/python3.7/site-packages/airflow/example_dags/example_complex.py
[2022-05-17 07:10:01,618] {processor.py:652} INFO - DAG(s) dict_keys(['example_complex']) retrieved from /home/airflow/.local/lib/python3.7/site-packages/airflow/example_dags/example_complex.py
[2022-05-17 07:10:01,657] {logging_mixin.py:109} INFO - [2022-05-17 07:10:01,657] {dag.py:2398} INFO - Sync 1 DAGs
[2022-05-17 07:10:01,684] {logging_mixin.py:109} INFO - [2022-05-17 07:10:01,684] {dag.py:2937} INFO - Setting next_dagrun for example_complex to None
[2022-05-17 07:10:01,706] {processor.py:171} INFO - Processing /home/airflow/.local/lib/python3.7/site-packages/airflow/example_dags/example_complex.py took 0.133 seconds
[2022-05-17 07:10:32,406] {processor.py:163} INFO - Started process (PID=12127) to work on /home/airflow/.local/lib/python3.7/site-packages/airflow/example_dags/example_complex.py
[2022-05-17 07:10:32,408] {processor.py:642} INFO - Processing file /home/airflow/.local/lib/python3.7/site-packages/airflow/example_dags/example_complex.py for tasks to queue
[2022-05-17 07:10:32,410] {logging_mixin.py:109} INFO - [2022-05-17 07:10:32,409] {dagbag.py:500} INFO - Filling up the DagBag from /home/airflow/.local/lib/python3.7/site-packages/airflow/example_dags/example_complex.py
[2022-05-17 07:10:32,449] {processor.py:652} INFO - DAG(s) dict_keys(['example_complex']) retrieved from /home/airflow/.local/lib/python3.7/site-packages/airflow/example_dags/example_complex.py
[2022-05-17 07:10:32,503] {logging_mixin.py:109} INFO - [2022-05-17 07:10:32,503] {dag.py:2398} INFO - Sync 1 DAGs
[2022-05-17 07:10:32,542] {logging_mixin.py:109} INFO - [2022-05-17 07:10:32,542] {dag.py:2937} INFO - Setting next_dagrun for example_complex to None
[2022-05-17 07:10:32,562] {processor.py:171} INFO - Processing /home/airflow/.local/lib/python3.7/site-packages/airflow/example_dags/example_complex.py took 0.159 seconds
[2022-05-17 07:11:03,887] {processor.py:163} INFO - Started process (PID=12193) to work on /home/airflow/.local/lib/python3.7/site-packages/airflow/example_dags/example_complex.py
[2022-05-17 07:11:03,889] {processor.py:642} INFO - Processing file /home/airflow/.local/lib/python3.7/site-packages/airflow/example_dags/example_complex.py for tasks to queue
[2022-05-17 07:11:03,893] {logging_mixin.py:109} INFO - [2022-05-17 07:11:03,892] {dagbag.py:500} INFO - Filling up the DagBag from /home/airflow/.local/lib/python3.7/site-packages/airflow/example_dags/example_complex.py
[2022-05-17 07:11:03,928] {processor.py:652} INFO - DAG(s) dict_keys(['example_complex']) retrieved from /home/airflow/.local/lib/python3.7/site-packages/airflow/example_dags/example_complex.py
[2022-05-17 07:11:03,963] {logging_mixin.py:109} INFO - [2022-05-17 07:11:03,963] {dag.py:2398} INFO - Sync 1 DAGs
[2022-05-17 07:11:03,988] {logging_mixin.py:109} INFO - [2022-05-17 07:11:03,988] {dag.py:2937} INFO - Setting next_dagrun for example_complex to None
[2022-05-17 07:11:04,012] {processor.py:171} INFO - Processing /home/airflow/.local/lib/python3.7/site-packages/airflow/example_dags/example_complex.py took 0.129 seconds
[2022-05-17 07:11:34,961] {processor.py:163} INFO - Started process (PID=12266) to work on /home/airflow/.local/lib/python3.7/site-packages/airflow/example_dags/example_complex.py
[2022-05-17 07:11:34,962] {processor.py:642} INFO - Processing file /home/airflow/.local/lib/python3.7/site-packages/airflow/example_dags/example_complex.py for tasks to queue
[2022-05-17 07:11:34,965] {logging_mixin.py:109} INFO - [2022-05-17 07:11:34,964] {dagbag.py:500} INFO - Filling up the DagBag from /home/airflow/.local/lib/python3.7/site-packages/airflow/example_dags/example_complex.py
[2022-05-17 07:11:35,003] {processor.py:652} INFO - DAG(s) dict_keys(['example_complex']) retrieved from /home/airflow/.local/lib/python3.7/site-packages/airflow/example_dags/example_complex.py
[2022-05-17 07:11:35,050] {logging_mixin.py:109} INFO - [2022-05-17 07:11:35,050] {dag.py:2398} INFO - Sync 1 DAGs
[2022-05-17 07:11:35,080] {logging_mixin.py:109} INFO - [2022-05-17 07:11:35,080] {dag.py:2937} INFO - Setting next_dagrun for example_complex to None
[2022-05-17 07:11:35,099] {processor.py:171} INFO - Processing /home/airflow/.local/lib/python3.7/site-packages/airflow/example_dags/example_complex.py took 0.145 seconds
[2022-05-17 07:12:05,894] {processor.py:163} INFO - Started process (PID=12330) to work on /home/airflow/.local/lib/python3.7/site-packages/airflow/example_dags/example_complex.py
[2022-05-17 07:12:05,896] {processor.py:642} INFO - Processing file /home/airflow/.local/lib/python3.7/site-packages/airflow/example_dags/example_complex.py for tasks to queue
[2022-05-17 07:12:05,898] {logging_mixin.py:109} INFO - [2022-05-17 07:12:05,898] {dagbag.py:500} INFO - Filling up the DagBag from /home/airflow/.local/lib/python3.7/site-packages/airflow/example_dags/example_complex.py
[2022-05-17 07:12:05,932] {processor.py:652} INFO - DAG(s) dict_keys(['example_complex']) retrieved from /home/airflow/.local/lib/python3.7/site-packages/airflow/example_dags/example_complex.py
[2022-05-17 07:12:05,974] {logging_mixin.py:109} INFO - [2022-05-17 07:12:05,974] {dag.py:2398} INFO - Sync 1 DAGs
[2022-05-17 07:12:06,003] {logging_mixin.py:109} INFO - [2022-05-17 07:12:06,003] {dag.py:2937} INFO - Setting next_dagrun for example_complex to None
[2022-05-17 07:12:06,019] {processor.py:171} INFO - Processing /home/airflow/.local/lib/python3.7/site-packages/airflow/example_dags/example_complex.py took 0.129 seconds
[2022-05-17 07:12:50,755] {processor.py:163} INFO - Started process (PID=12384) to work on /home/airflow/.local/lib/python3.7/site-packages/airflow/example_dags/example_complex.py
[2022-05-17 07:12:50,758] {processor.py:642} INFO - Processing file /home/airflow/.local/lib/python3.7/site-packages/airflow/example_dags/example_complex.py for tasks to queue
[2022-05-17 07:12:50,759] {logging_mixin.py:109} INFO - [2022-05-17 07:12:50,759] {dagbag.py:500} INFO - Filling up the DagBag from /home/airflow/.local/lib/python3.7/site-packages/airflow/example_dags/example_complex.py
[2022-05-17 07:12:50,811] {processor.py:652} INFO - DAG(s) dict_keys(['example_complex']) retrieved from /home/airflow/.local/lib/python3.7/site-packages/airflow/example_dags/example_complex.py
[2022-05-17 07:12:50,857] {logging_mixin.py:109} INFO - [2022-05-17 07:12:50,857] {dag.py:2398} INFO - Sync 1 DAGs
[2022-05-17 07:12:50,878] {logging_mixin.py:109} INFO - [2022-05-17 07:12:50,878] {dag.py:2937} INFO - Setting next_dagrun for example_complex to None
[2022-05-17 07:12:50,893] {processor.py:171} INFO - Processing /home/airflow/.local/lib/python3.7/site-packages/airflow/example_dags/example_complex.py took 0.144 seconds
[2022-05-17 07:13:21,663] {processor.py:163} INFO - Started process (PID=12448) to work on /home/airflow/.local/lib/python3.7/site-packages/airflow/example_dags/example_complex.py
[2022-05-17 07:13:21,664] {processor.py:642} INFO - Processing file /home/airflow/.local/lib/python3.7/site-packages/airflow/example_dags/example_complex.py for tasks to queue
[2022-05-17 07:13:21,665] {logging_mixin.py:109} INFO - [2022-05-17 07:13:21,665] {dagbag.py:500} INFO - Filling up the DagBag from /home/airflow/.local/lib/python3.7/site-packages/airflow/example_dags/example_complex.py
[2022-05-17 07:13:21,681] {processor.py:652} INFO - DAG(s) dict_keys(['example_complex']) retrieved from /home/airflow/.local/lib/python3.7/site-packages/airflow/example_dags/example_complex.py
[2022-05-17 07:13:21,704] {logging_mixin.py:109} INFO - [2022-05-17 07:13:21,704] {dag.py:2398} INFO - Sync 1 DAGs
[2022-05-17 07:13:21,718] {logging_mixin.py:109} INFO - [2022-05-17 07:13:21,718] {dag.py:2937} INFO - Setting next_dagrun for example_complex to None
[2022-05-17 07:13:21,733] {processor.py:171} INFO - Processing /home/airflow/.local/lib/python3.7/site-packages/airflow/example_dags/example_complex.py took 0.073 seconds
[2022-05-17 07:13:52,771] {processor.py:163} INFO - Started process (PID=12525) to work on /home/airflow/.local/lib/python3.7/site-packages/airflow/example_dags/example_complex.py
[2022-05-17 07:13:52,773] {processor.py:642} INFO - Processing file /home/airflow/.local/lib/python3.7/site-packages/airflow/example_dags/example_complex.py for tasks to queue
[2022-05-17 07:13:52,774] {logging_mixin.py:109} INFO - [2022-05-17 07:13:52,774] {dagbag.py:500} INFO - Filling up the DagBag from /home/airflow/.local/lib/python3.7/site-packages/airflow/example_dags/example_complex.py
[2022-05-17 07:13:52,792] {processor.py:652} INFO - DAG(s) dict_keys(['example_complex']) retrieved from /home/airflow/.local/lib/python3.7/site-packages/airflow/example_dags/example_complex.py
[2022-05-17 07:13:52,815] {logging_mixin.py:109} INFO - [2022-05-17 07:13:52,815] {dag.py:2398} INFO - Sync 1 DAGs
[2022-05-17 07:13:52,830] {logging_mixin.py:109} INFO - [2022-05-17 07:13:52,830] {dag.py:2937} INFO - Setting next_dagrun for example_complex to None
[2022-05-17 07:13:52,845] {processor.py:171} INFO - Processing /home/airflow/.local/lib/python3.7/site-packages/airflow/example_dags/example_complex.py took 0.076 seconds
[2022-05-17 07:14:23,084] {processor.py:163} INFO - Started process (PID=12589) to work on /home/airflow/.local/lib/python3.7/site-packages/airflow/example_dags/example_complex.py
[2022-05-17 07:14:23,085] {processor.py:642} INFO - Processing file /home/airflow/.local/lib/python3.7/site-packages/airflow/example_dags/example_complex.py for tasks to queue
[2022-05-17 07:14:23,087] {logging_mixin.py:109} INFO - [2022-05-17 07:14:23,086] {dagbag.py:500} INFO - Filling up the DagBag from /home/airflow/.local/lib/python3.7/site-packages/airflow/example_dags/example_complex.py
[2022-05-17 07:14:23,107] {processor.py:652} INFO - DAG(s) dict_keys(['example_complex']) retrieved from /home/airflow/.local/lib/python3.7/site-packages/airflow/example_dags/example_complex.py
[2022-05-17 07:14:23,132] {logging_mixin.py:109} INFO - [2022-05-17 07:14:23,132] {dag.py:2398} INFO - Sync 1 DAGs
[2022-05-17 07:14:23,146] {logging_mixin.py:109} INFO - [2022-05-17 07:14:23,146] {dag.py:2937} INFO - Setting next_dagrun for example_complex to None
[2022-05-17 07:14:23,160] {processor.py:171} INFO - Processing /home/airflow/.local/lib/python3.7/site-packages/airflow/example_dags/example_complex.py took 0.079 seconds
[2022-05-17 07:14:54,011] {processor.py:163} INFO - Started process (PID=12662) to work on /home/airflow/.local/lib/python3.7/site-packages/airflow/example_dags/example_complex.py
[2022-05-17 07:14:54,012] {processor.py:642} INFO - Processing file /home/airflow/.local/lib/python3.7/site-packages/airflow/example_dags/example_complex.py for tasks to queue
[2022-05-17 07:14:54,013] {logging_mixin.py:109} INFO - [2022-05-17 07:14:54,013] {dagbag.py:500} INFO - Filling up the DagBag from /home/airflow/.local/lib/python3.7/site-packages/airflow/example_dags/example_complex.py
[2022-05-17 07:14:54,040] {processor.py:652} INFO - DAG(s) dict_keys(['example_complex']) retrieved from /home/airflow/.local/lib/python3.7/site-packages/airflow/example_dags/example_complex.py
[2022-05-17 07:14:54,067] {logging_mixin.py:109} INFO - [2022-05-17 07:14:54,066] {dag.py:2398} INFO - Sync 1 DAGs
[2022-05-17 07:14:54,082] {logging_mixin.py:109} INFO - [2022-05-17 07:14:54,082] {dag.py:2937} INFO - Setting next_dagrun for example_complex to None
[2022-05-17 07:14:54,096] {processor.py:171} INFO - Processing /home/airflow/.local/lib/python3.7/site-packages/airflow/example_dags/example_complex.py took 0.088 seconds
[2022-05-17 07:15:24,734] {processor.py:163} INFO - Started process (PID=12726) to work on /home/airflow/.local/lib/python3.7/site-packages/airflow/example_dags/example_complex.py
[2022-05-17 07:15:24,735] {processor.py:642} INFO - Processing file /home/airflow/.local/lib/python3.7/site-packages/airflow/example_dags/example_complex.py for tasks to queue
[2022-05-17 07:15:24,736] {logging_mixin.py:109} INFO - [2022-05-17 07:15:24,736] {dagbag.py:500} INFO - Filling up the DagBag from /home/airflow/.local/lib/python3.7/site-packages/airflow/example_dags/example_complex.py
[2022-05-17 07:15:24,752] {processor.py:652} INFO - DAG(s) dict_keys(['example_complex']) retrieved from /home/airflow/.local/lib/python3.7/site-packages/airflow/example_dags/example_complex.py
[2022-05-17 07:15:24,777] {logging_mixin.py:109} INFO - [2022-05-17 07:15:24,777] {dag.py:2398} INFO - Sync 1 DAGs
[2022-05-17 07:15:24,792] {logging_mixin.py:109} INFO - [2022-05-17 07:15:24,792] {dag.py:2937} INFO - Setting next_dagrun for example_complex to None
[2022-05-17 07:15:24,806] {processor.py:171} INFO - Processing /home/airflow/.local/lib/python3.7/site-packages/airflow/example_dags/example_complex.py took 0.075 seconds
