[2022-05-17 06:58:15,003] {processor.py:163} INFO - Started process (PID=10502) to work on /home/airflow/.local/lib/python3.7/site-packages/airflow/example_dags/example_python_operator.py
[2022-05-17 06:58:15,006] {processor.py:642} INFO - Processing file /home/airflow/.local/lib/python3.7/site-packages/airflow/example_dags/example_python_operator.py for tasks to queue
[2022-05-17 06:58:15,007] {logging_mixin.py:109} INFO - [2022-05-17 06:58:15,007] {dagbag.py:500} INFO - Filling up the DagBag from /home/airflow/.local/lib/python3.7/site-packages/airflow/example_dags/example_python_operator.py
[2022-05-17 06:58:15,038] {processor.py:652} INFO - DAG(s) dict_keys(['example_python_operator']) retrieved from /home/airflow/.local/lib/python3.7/site-packages/airflow/example_dags/example_python_operator.py
[2022-05-17 06:58:15,085] {logging_mixin.py:109} INFO - [2022-05-17 06:58:15,085] {dag.py:2398} INFO - Sync 1 DAGs
[2022-05-17 06:58:15,118] {logging_mixin.py:109} INFO - [2022-05-17 06:58:15,118] {dag.py:2937} INFO - Setting next_dagrun for example_python_operator to None
[2022-05-17 06:58:15,152] {processor.py:171} INFO - Processing /home/airflow/.local/lib/python3.7/site-packages/airflow/example_dags/example_python_operator.py took 0.154 seconds
[2022-05-17 06:58:45,209] {processor.py:163} INFO - Started process (PID=10564) to work on /home/airflow/.local/lib/python3.7/site-packages/airflow/example_dags/example_python_operator.py
[2022-05-17 06:58:45,210] {processor.py:642} INFO - Processing file /home/airflow/.local/lib/python3.7/site-packages/airflow/example_dags/example_python_operator.py for tasks to queue
[2022-05-17 06:58:45,211] {logging_mixin.py:109} INFO - [2022-05-17 06:58:45,211] {dagbag.py:500} INFO - Filling up the DagBag from /home/airflow/.local/lib/python3.7/site-packages/airflow/example_dags/example_python_operator.py
[2022-05-17 06:58:45,227] {processor.py:652} INFO - DAG(s) dict_keys(['example_python_operator']) retrieved from /home/airflow/.local/lib/python3.7/site-packages/airflow/example_dags/example_python_operator.py
[2022-05-17 06:58:45,245] {logging_mixin.py:109} INFO - [2022-05-17 06:58:45,245] {dag.py:2398} INFO - Sync 1 DAGs
[2022-05-17 06:58:45,259] {logging_mixin.py:109} INFO - [2022-05-17 06:58:45,259] {dag.py:2937} INFO - Setting next_dagrun for example_python_operator to None
[2022-05-17 06:58:45,270] {processor.py:171} INFO - Processing /home/airflow/.local/lib/python3.7/site-packages/airflow/example_dags/example_python_operator.py took 0.064 seconds
[2022-05-17 06:59:16,230] {processor.py:163} INFO - Started process (PID=10637) to work on /home/airflow/.local/lib/python3.7/site-packages/airflow/example_dags/example_python_operator.py
[2022-05-17 06:59:16,232] {processor.py:642} INFO - Processing file /home/airflow/.local/lib/python3.7/site-packages/airflow/example_dags/example_python_operator.py for tasks to queue
[2022-05-17 06:59:16,233] {logging_mixin.py:109} INFO - [2022-05-17 06:59:16,232] {dagbag.py:500} INFO - Filling up the DagBag from /home/airflow/.local/lib/python3.7/site-packages/airflow/example_dags/example_python_operator.py
[2022-05-17 06:59:16,253] {processor.py:652} INFO - DAG(s) dict_keys(['example_python_operator']) retrieved from /home/airflow/.local/lib/python3.7/site-packages/airflow/example_dags/example_python_operator.py
[2022-05-17 06:59:16,273] {logging_mixin.py:109} INFO - [2022-05-17 06:59:16,273] {dag.py:2398} INFO - Sync 1 DAGs
[2022-05-17 06:59:16,289] {logging_mixin.py:109} INFO - [2022-05-17 06:59:16,289] {dag.py:2937} INFO - Setting next_dagrun for example_python_operator to None
[2022-05-17 06:59:16,302] {processor.py:171} INFO - Processing /home/airflow/.local/lib/python3.7/site-packages/airflow/example_dags/example_python_operator.py took 0.076 seconds
[2022-05-17 06:59:46,727] {processor.py:163} INFO - Started process (PID=10700) to work on /home/airflow/.local/lib/python3.7/site-packages/airflow/example_dags/example_python_operator.py
[2022-05-17 06:59:46,728] {processor.py:642} INFO - Processing file /home/airflow/.local/lib/python3.7/site-packages/airflow/example_dags/example_python_operator.py for tasks to queue
[2022-05-17 06:59:46,729] {logging_mixin.py:109} INFO - [2022-05-17 06:59:46,729] {dagbag.py:500} INFO - Filling up the DagBag from /home/airflow/.local/lib/python3.7/site-packages/airflow/example_dags/example_python_operator.py
[2022-05-17 06:59:46,746] {processor.py:652} INFO - DAG(s) dict_keys(['example_python_operator']) retrieved from /home/airflow/.local/lib/python3.7/site-packages/airflow/example_dags/example_python_operator.py
[2022-05-17 06:59:46,768] {logging_mixin.py:109} INFO - [2022-05-17 06:59:46,768] {dag.py:2398} INFO - Sync 1 DAGs
[2022-05-17 06:59:46,784] {logging_mixin.py:109} INFO - [2022-05-17 06:59:46,784] {dag.py:2937} INFO - Setting next_dagrun for example_python_operator to None
[2022-05-17 06:59:46,799] {processor.py:171} INFO - Processing /home/airflow/.local/lib/python3.7/site-packages/airflow/example_dags/example_python_operator.py took 0.075 seconds
[2022-05-17 07:00:17,676] {processor.py:163} INFO - Started process (PID=10773) to work on /home/airflow/.local/lib/python3.7/site-packages/airflow/example_dags/example_python_operator.py
[2022-05-17 07:00:17,678] {processor.py:642} INFO - Processing file /home/airflow/.local/lib/python3.7/site-packages/airflow/example_dags/example_python_operator.py for tasks to queue
[2022-05-17 07:00:17,679] {logging_mixin.py:109} INFO - [2022-05-17 07:00:17,679] {dagbag.py:500} INFO - Filling up the DagBag from /home/airflow/.local/lib/python3.7/site-packages/airflow/example_dags/example_python_operator.py
[2022-05-17 07:00:17,696] {processor.py:652} INFO - DAG(s) dict_keys(['example_python_operator']) retrieved from /home/airflow/.local/lib/python3.7/site-packages/airflow/example_dags/example_python_operator.py
[2022-05-17 07:00:17,715] {logging_mixin.py:109} INFO - [2022-05-17 07:00:17,715] {dag.py:2398} INFO - Sync 1 DAGs
[2022-05-17 07:00:17,729] {logging_mixin.py:109} INFO - [2022-05-17 07:00:17,728] {dag.py:2937} INFO - Setting next_dagrun for example_python_operator to None
[2022-05-17 07:00:17,741] {processor.py:171} INFO - Processing /home/airflow/.local/lib/python3.7/site-packages/airflow/example_dags/example_python_operator.py took 0.069 seconds
[2022-05-17 07:00:48,427] {processor.py:163} INFO - Started process (PID=10846) to work on /home/airflow/.local/lib/python3.7/site-packages/airflow/example_dags/example_python_operator.py
[2022-05-17 07:00:48,428] {processor.py:642} INFO - Processing file /home/airflow/.local/lib/python3.7/site-packages/airflow/example_dags/example_python_operator.py for tasks to queue
[2022-05-17 07:00:48,429] {logging_mixin.py:109} INFO - [2022-05-17 07:00:48,429] {dagbag.py:500} INFO - Filling up the DagBag from /home/airflow/.local/lib/python3.7/site-packages/airflow/example_dags/example_python_operator.py
[2022-05-17 07:00:48,447] {processor.py:652} INFO - DAG(s) dict_keys(['example_python_operator']) retrieved from /home/airflow/.local/lib/python3.7/site-packages/airflow/example_dags/example_python_operator.py
[2022-05-17 07:00:48,463] {logging_mixin.py:109} INFO - [2022-05-17 07:00:48,463] {dag.py:2398} INFO - Sync 1 DAGs
[2022-05-17 07:00:48,475] {logging_mixin.py:109} INFO - [2022-05-17 07:00:48,475] {dag.py:2937} INFO - Setting next_dagrun for example_python_operator to None
[2022-05-17 07:00:48,489] {processor.py:171} INFO - Processing /home/airflow/.local/lib/python3.7/site-packages/airflow/example_dags/example_python_operator.py took 0.065 seconds
[2022-05-17 07:01:19,173] {processor.py:163} INFO - Started process (PID=10909) to work on /home/airflow/.local/lib/python3.7/site-packages/airflow/example_dags/example_python_operator.py
[2022-05-17 07:01:19,174] {processor.py:642} INFO - Processing file /home/airflow/.local/lib/python3.7/site-packages/airflow/example_dags/example_python_operator.py for tasks to queue
[2022-05-17 07:01:19,175] {logging_mixin.py:109} INFO - [2022-05-17 07:01:19,175] {dagbag.py:500} INFO - Filling up the DagBag from /home/airflow/.local/lib/python3.7/site-packages/airflow/example_dags/example_python_operator.py
[2022-05-17 07:01:19,190] {processor.py:652} INFO - DAG(s) dict_keys(['example_python_operator']) retrieved from /home/airflow/.local/lib/python3.7/site-packages/airflow/example_dags/example_python_operator.py
[2022-05-17 07:01:19,208] {logging_mixin.py:109} INFO - [2022-05-17 07:01:19,208] {dag.py:2398} INFO - Sync 1 DAGs
[2022-05-17 07:01:19,220] {logging_mixin.py:109} INFO - [2022-05-17 07:01:19,220] {dag.py:2937} INFO - Setting next_dagrun for example_python_operator to None
[2022-05-17 07:01:19,233] {processor.py:171} INFO - Processing /home/airflow/.local/lib/python3.7/site-packages/airflow/example_dags/example_python_operator.py took 0.062 seconds
[2022-05-17 07:01:49,832] {processor.py:163} INFO - Started process (PID=10981) to work on /home/airflow/.local/lib/python3.7/site-packages/airflow/example_dags/example_python_operator.py
[2022-05-17 07:01:49,834] {processor.py:642} INFO - Processing file /home/airflow/.local/lib/python3.7/site-packages/airflow/example_dags/example_python_operator.py for tasks to queue
[2022-05-17 07:01:49,835] {logging_mixin.py:109} INFO - [2022-05-17 07:01:49,835] {dagbag.py:500} INFO - Filling up the DagBag from /home/airflow/.local/lib/python3.7/site-packages/airflow/example_dags/example_python_operator.py
[2022-05-17 07:01:49,849] {processor.py:652} INFO - DAG(s) dict_keys(['example_python_operator']) retrieved from /home/airflow/.local/lib/python3.7/site-packages/airflow/example_dags/example_python_operator.py
[2022-05-17 07:01:49,868] {logging_mixin.py:109} INFO - [2022-05-17 07:01:49,868] {dag.py:2398} INFO - Sync 1 DAGs
[2022-05-17 07:01:49,881] {logging_mixin.py:109} INFO - [2022-05-17 07:01:49,881] {dag.py:2937} INFO - Setting next_dagrun for example_python_operator to None
[2022-05-17 07:01:49,894] {processor.py:171} INFO - Processing /home/airflow/.local/lib/python3.7/site-packages/airflow/example_dags/example_python_operator.py took 0.064 seconds
[2022-05-17 07:02:20,592] {processor.py:163} INFO - Started process (PID=11052) to work on /home/airflow/.local/lib/python3.7/site-packages/airflow/example_dags/example_python_operator.py
[2022-05-17 07:02:20,593] {processor.py:642} INFO - Processing file /home/airflow/.local/lib/python3.7/site-packages/airflow/example_dags/example_python_operator.py for tasks to queue
[2022-05-17 07:02:20,594] {logging_mixin.py:109} INFO - [2022-05-17 07:02:20,594] {dagbag.py:500} INFO - Filling up the DagBag from /home/airflow/.local/lib/python3.7/site-packages/airflow/example_dags/example_python_operator.py
[2022-05-17 07:02:20,609] {processor.py:652} INFO - DAG(s) dict_keys(['example_python_operator']) retrieved from /home/airflow/.local/lib/python3.7/site-packages/airflow/example_dags/example_python_operator.py
[2022-05-17 07:02:20,629] {logging_mixin.py:109} INFO - [2022-05-17 07:02:20,629] {dag.py:2398} INFO - Sync 1 DAGs
[2022-05-17 07:02:20,644] {logging_mixin.py:109} INFO - [2022-05-17 07:02:20,644] {dag.py:2937} INFO - Setting next_dagrun for example_python_operator to None
[2022-05-17 07:02:20,658] {processor.py:171} INFO - Processing /home/airflow/.local/lib/python3.7/site-packages/airflow/example_dags/example_python_operator.py took 0.069 seconds
[2022-05-17 07:02:50,836] {processor.py:163} INFO - Started process (PID=11118) to work on /home/airflow/.local/lib/python3.7/site-packages/airflow/example_dags/example_python_operator.py
[2022-05-17 07:02:50,837] {processor.py:642} INFO - Processing file /home/airflow/.local/lib/python3.7/site-packages/airflow/example_dags/example_python_operator.py for tasks to queue
[2022-05-17 07:02:50,838] {logging_mixin.py:109} INFO - [2022-05-17 07:02:50,838] {dagbag.py:500} INFO - Filling up the DagBag from /home/airflow/.local/lib/python3.7/site-packages/airflow/example_dags/example_python_operator.py
[2022-05-17 07:02:50,852] {processor.py:652} INFO - DAG(s) dict_keys(['example_python_operator']) retrieved from /home/airflow/.local/lib/python3.7/site-packages/airflow/example_dags/example_python_operator.py
[2022-05-17 07:02:50,871] {logging_mixin.py:109} INFO - [2022-05-17 07:02:50,871] {dag.py:2398} INFO - Sync 1 DAGs
[2022-05-17 07:02:50,886] {logging_mixin.py:109} INFO - [2022-05-17 07:02:50,886] {dag.py:2937} INFO - Setting next_dagrun for example_python_operator to None
[2022-05-17 07:02:50,899] {processor.py:171} INFO - Processing /home/airflow/.local/lib/python3.7/site-packages/airflow/example_dags/example_python_operator.py took 0.065 seconds
[2022-05-17 07:03:22,045] {processor.py:163} INFO - Started process (PID=11192) to work on /home/airflow/.local/lib/python3.7/site-packages/airflow/example_dags/example_python_operator.py
[2022-05-17 07:03:22,047] {processor.py:642} INFO - Processing file /home/airflow/.local/lib/python3.7/site-packages/airflow/example_dags/example_python_operator.py for tasks to queue
[2022-05-17 07:03:22,048] {logging_mixin.py:109} INFO - [2022-05-17 07:03:22,048] {dagbag.py:500} INFO - Filling up the DagBag from /home/airflow/.local/lib/python3.7/site-packages/airflow/example_dags/example_python_operator.py
[2022-05-17 07:03:22,061] {processor.py:652} INFO - DAG(s) dict_keys(['example_python_operator']) retrieved from /home/airflow/.local/lib/python3.7/site-packages/airflow/example_dags/example_python_operator.py
[2022-05-17 07:03:22,079] {logging_mixin.py:109} INFO - [2022-05-17 07:03:22,079] {dag.py:2398} INFO - Sync 1 DAGs
[2022-05-17 07:03:22,092] {logging_mixin.py:109} INFO - [2022-05-17 07:03:22,092] {dag.py:2937} INFO - Setting next_dagrun for example_python_operator to None
[2022-05-17 07:03:22,105] {processor.py:171} INFO - Processing /home/airflow/.local/lib/python3.7/site-packages/airflow/example_dags/example_python_operator.py took 0.062 seconds
[2022-05-17 07:03:52,561] {processor.py:163} INFO - Started process (PID=11256) to work on /home/airflow/.local/lib/python3.7/site-packages/airflow/example_dags/example_python_operator.py
[2022-05-17 07:03:52,563] {processor.py:642} INFO - Processing file /home/airflow/.local/lib/python3.7/site-packages/airflow/example_dags/example_python_operator.py for tasks to queue
[2022-05-17 07:03:52,564] {logging_mixin.py:109} INFO - [2022-05-17 07:03:52,564] {dagbag.py:500} INFO - Filling up the DagBag from /home/airflow/.local/lib/python3.7/site-packages/airflow/example_dags/example_python_operator.py
[2022-05-17 07:03:52,581] {processor.py:652} INFO - DAG(s) dict_keys(['example_python_operator']) retrieved from /home/airflow/.local/lib/python3.7/site-packages/airflow/example_dags/example_python_operator.py
[2022-05-17 07:03:52,600] {logging_mixin.py:109} INFO - [2022-05-17 07:03:52,600] {dag.py:2398} INFO - Sync 1 DAGs
[2022-05-17 07:03:52,614] {logging_mixin.py:109} INFO - [2022-05-17 07:03:52,614] {dag.py:2937} INFO - Setting next_dagrun for example_python_operator to None
[2022-05-17 07:03:52,627] {processor.py:171} INFO - Processing /home/airflow/.local/lib/python3.7/site-packages/airflow/example_dags/example_python_operator.py took 0.069 seconds
[2022-05-17 07:04:23,394] {processor.py:163} INFO - Started process (PID=11329) to work on /home/airflow/.local/lib/python3.7/site-packages/airflow/example_dags/example_python_operator.py
[2022-05-17 07:04:23,396] {processor.py:642} INFO - Processing file /home/airflow/.local/lib/python3.7/site-packages/airflow/example_dags/example_python_operator.py for tasks to queue
[2022-05-17 07:04:23,396] {logging_mixin.py:109} INFO - [2022-05-17 07:04:23,396] {dagbag.py:500} INFO - Filling up the DagBag from /home/airflow/.local/lib/python3.7/site-packages/airflow/example_dags/example_python_operator.py
[2022-05-17 07:04:23,412] {processor.py:652} INFO - DAG(s) dict_keys(['example_python_operator']) retrieved from /home/airflow/.local/lib/python3.7/site-packages/airflow/example_dags/example_python_operator.py
[2022-05-17 07:04:23,432] {logging_mixin.py:109} INFO - [2022-05-17 07:04:23,432] {dag.py:2398} INFO - Sync 1 DAGs
[2022-05-17 07:04:23,445] {logging_mixin.py:109} INFO - [2022-05-17 07:04:23,445] {dag.py:2937} INFO - Setting next_dagrun for example_python_operator to None
[2022-05-17 07:04:23,459] {processor.py:171} INFO - Processing /home/airflow/.local/lib/python3.7/site-packages/airflow/example_dags/example_python_operator.py took 0.067 seconds
[2022-05-17 07:04:54,197] {processor.py:163} INFO - Started process (PID=11400) to work on /home/airflow/.local/lib/python3.7/site-packages/airflow/example_dags/example_python_operator.py
[2022-05-17 07:04:54,198] {processor.py:642} INFO - Processing file /home/airflow/.local/lib/python3.7/site-packages/airflow/example_dags/example_python_operator.py for tasks to queue
[2022-05-17 07:04:54,199] {logging_mixin.py:109} INFO - [2022-05-17 07:04:54,199] {dagbag.py:500} INFO - Filling up the DagBag from /home/airflow/.local/lib/python3.7/site-packages/airflow/example_dags/example_python_operator.py
[2022-05-17 07:04:54,215] {processor.py:652} INFO - DAG(s) dict_keys(['example_python_operator']) retrieved from /home/airflow/.local/lib/python3.7/site-packages/airflow/example_dags/example_python_operator.py
[2022-05-17 07:04:54,236] {logging_mixin.py:109} INFO - [2022-05-17 07:04:54,236] {dag.py:2398} INFO - Sync 1 DAGs
[2022-05-17 07:04:54,250] {logging_mixin.py:109} INFO - [2022-05-17 07:04:54,250] {dag.py:2937} INFO - Setting next_dagrun for example_python_operator to None
[2022-05-17 07:04:54,262] {processor.py:171} INFO - Processing /home/airflow/.local/lib/python3.7/site-packages/airflow/example_dags/example_python_operator.py took 0.068 seconds
[2022-05-17 07:05:24,926] {processor.py:163} INFO - Started process (PID=11464) to work on /home/airflow/.local/lib/python3.7/site-packages/airflow/example_dags/example_python_operator.py
[2022-05-17 07:05:24,927] {processor.py:642} INFO - Processing file /home/airflow/.local/lib/python3.7/site-packages/airflow/example_dags/example_python_operator.py for tasks to queue
[2022-05-17 07:05:24,928] {logging_mixin.py:109} INFO - [2022-05-17 07:05:24,928] {dagbag.py:500} INFO - Filling up the DagBag from /home/airflow/.local/lib/python3.7/site-packages/airflow/example_dags/example_python_operator.py
[2022-05-17 07:05:24,944] {processor.py:652} INFO - DAG(s) dict_keys(['example_python_operator']) retrieved from /home/airflow/.local/lib/python3.7/site-packages/airflow/example_dags/example_python_operator.py
[2022-05-17 07:05:24,966] {logging_mixin.py:109} INFO - [2022-05-17 07:05:24,966] {dag.py:2398} INFO - Sync 1 DAGs
[2022-05-17 07:05:24,981] {logging_mixin.py:109} INFO - [2022-05-17 07:05:24,981] {dag.py:2937} INFO - Setting next_dagrun for example_python_operator to None
[2022-05-17 07:05:24,993] {processor.py:171} INFO - Processing /home/airflow/.local/lib/python3.7/site-packages/airflow/example_dags/example_python_operator.py took 0.070 seconds
[2022-05-17 07:05:55,469] {processor.py:163} INFO - Started process (PID=11537) to work on /home/airflow/.local/lib/python3.7/site-packages/airflow/example_dags/example_python_operator.py
[2022-05-17 07:05:55,471] {processor.py:642} INFO - Processing file /home/airflow/.local/lib/python3.7/site-packages/airflow/example_dags/example_python_operator.py for tasks to queue
[2022-05-17 07:05:55,472] {logging_mixin.py:109} INFO - [2022-05-17 07:05:55,471] {dagbag.py:500} INFO - Filling up the DagBag from /home/airflow/.local/lib/python3.7/site-packages/airflow/example_dags/example_python_operator.py
[2022-05-17 07:05:55,491] {processor.py:652} INFO - DAG(s) dict_keys(['example_python_operator']) retrieved from /home/airflow/.local/lib/python3.7/site-packages/airflow/example_dags/example_python_operator.py
[2022-05-17 07:05:55,513] {logging_mixin.py:109} INFO - [2022-05-17 07:05:55,513] {dag.py:2398} INFO - Sync 1 DAGs
[2022-05-17 07:05:55,529] {logging_mixin.py:109} INFO - [2022-05-17 07:05:55,529] {dag.py:2937} INFO - Setting next_dagrun for example_python_operator to None
[2022-05-17 07:05:55,546] {processor.py:171} INFO - Processing /home/airflow/.local/lib/python3.7/site-packages/airflow/example_dags/example_python_operator.py took 0.083 seconds
[2022-05-17 07:06:26,607] {processor.py:163} INFO - Started process (PID=11600) to work on /home/airflow/.local/lib/python3.7/site-packages/airflow/example_dags/example_python_operator.py
[2022-05-17 07:06:26,609] {processor.py:642} INFO - Processing file /home/airflow/.local/lib/python3.7/site-packages/airflow/example_dags/example_python_operator.py for tasks to queue
[2022-05-17 07:06:26,609] {logging_mixin.py:109} INFO - [2022-05-17 07:06:26,609] {dagbag.py:500} INFO - Filling up the DagBag from /home/airflow/.local/lib/python3.7/site-packages/airflow/example_dags/example_python_operator.py
[2022-05-17 07:06:26,629] {processor.py:652} INFO - DAG(s) dict_keys(['example_python_operator']) retrieved from /home/airflow/.local/lib/python3.7/site-packages/airflow/example_dags/example_python_operator.py
[2022-05-17 07:06:26,650] {logging_mixin.py:109} INFO - [2022-05-17 07:06:26,650] {dag.py:2398} INFO - Sync 1 DAGs
[2022-05-17 07:06:26,670] {logging_mixin.py:109} INFO - [2022-05-17 07:06:26,669] {dag.py:2937} INFO - Setting next_dagrun for example_python_operator to None
[2022-05-17 07:06:26,681] {processor.py:171} INFO - Processing /home/airflow/.local/lib/python3.7/site-packages/airflow/example_dags/example_python_operator.py took 0.077 seconds
[2022-05-17 07:06:57,642] {processor.py:163} INFO - Started process (PID=11673) to work on /home/airflow/.local/lib/python3.7/site-packages/airflow/example_dags/example_python_operator.py
[2022-05-17 07:06:57,645] {processor.py:642} INFO - Processing file /home/airflow/.local/lib/python3.7/site-packages/airflow/example_dags/example_python_operator.py for tasks to queue
[2022-05-17 07:06:57,646] {logging_mixin.py:109} INFO - [2022-05-17 07:06:57,646] {dagbag.py:500} INFO - Filling up the DagBag from /home/airflow/.local/lib/python3.7/site-packages/airflow/example_dags/example_python_operator.py
[2022-05-17 07:06:57,676] {processor.py:652} INFO - DAG(s) dict_keys(['example_python_operator']) retrieved from /home/airflow/.local/lib/python3.7/site-packages/airflow/example_dags/example_python_operator.py
[2022-05-17 07:06:57,708] {logging_mixin.py:109} INFO - [2022-05-17 07:06:57,707] {dag.py:2398} INFO - Sync 1 DAGs
[2022-05-17 07:06:57,731] {logging_mixin.py:109} INFO - [2022-05-17 07:06:57,730] {dag.py:2937} INFO - Setting next_dagrun for example_python_operator to None
[2022-05-17 07:06:57,747] {processor.py:171} INFO - Processing /home/airflow/.local/lib/python3.7/site-packages/airflow/example_dags/example_python_operator.py took 0.109 seconds
[2022-05-17 07:07:27,886] {processor.py:163} INFO - Started process (PID=11737) to work on /home/airflow/.local/lib/python3.7/site-packages/airflow/example_dags/example_python_operator.py
[2022-05-17 07:07:27,888] {processor.py:642} INFO - Processing file /home/airflow/.local/lib/python3.7/site-packages/airflow/example_dags/example_python_operator.py for tasks to queue
[2022-05-17 07:07:27,890] {logging_mixin.py:109} INFO - [2022-05-17 07:07:27,889] {dagbag.py:500} INFO - Filling up the DagBag from /home/airflow/.local/lib/python3.7/site-packages/airflow/example_dags/example_python_operator.py
[2022-05-17 07:07:27,925] {processor.py:652} INFO - DAG(s) dict_keys(['example_python_operator']) retrieved from /home/airflow/.local/lib/python3.7/site-packages/airflow/example_dags/example_python_operator.py
[2022-05-17 07:07:27,952] {logging_mixin.py:109} INFO - [2022-05-17 07:07:27,952] {dag.py:2398} INFO - Sync 1 DAGs
[2022-05-17 07:07:27,972] {logging_mixin.py:109} INFO - [2022-05-17 07:07:27,972] {dag.py:2937} INFO - Setting next_dagrun for example_python_operator to None
[2022-05-17 07:07:27,988] {processor.py:171} INFO - Processing /home/airflow/.local/lib/python3.7/site-packages/airflow/example_dags/example_python_operator.py took 0.107 seconds
[2022-05-17 07:07:58,907] {processor.py:163} INFO - Started process (PID=11801) to work on /home/airflow/.local/lib/python3.7/site-packages/airflow/example_dags/example_python_operator.py
[2022-05-17 07:07:58,910] {processor.py:642} INFO - Processing file /home/airflow/.local/lib/python3.7/site-packages/airflow/example_dags/example_python_operator.py for tasks to queue
[2022-05-17 07:07:58,911] {logging_mixin.py:109} INFO - [2022-05-17 07:07:58,911] {dagbag.py:500} INFO - Filling up the DagBag from /home/airflow/.local/lib/python3.7/site-packages/airflow/example_dags/example_python_operator.py
[2022-05-17 07:07:58,944] {processor.py:652} INFO - DAG(s) dict_keys(['example_python_operator']) retrieved from /home/airflow/.local/lib/python3.7/site-packages/airflow/example_dags/example_python_operator.py
[2022-05-17 07:07:58,980] {logging_mixin.py:109} INFO - [2022-05-17 07:07:58,980] {dag.py:2398} INFO - Sync 1 DAGs
[2022-05-17 07:07:59,008] {logging_mixin.py:109} INFO - [2022-05-17 07:07:59,007] {dag.py:2937} INFO - Setting next_dagrun for example_python_operator to None
[2022-05-17 07:07:59,028] {processor.py:171} INFO - Processing /home/airflow/.local/lib/python3.7/site-packages/airflow/example_dags/example_python_operator.py took 0.127 seconds
[2022-05-17 07:08:29,774] {processor.py:163} INFO - Started process (PID=11872) to work on /home/airflow/.local/lib/python3.7/site-packages/airflow/example_dags/example_python_operator.py
[2022-05-17 07:08:29,778] {processor.py:642} INFO - Processing file /home/airflow/.local/lib/python3.7/site-packages/airflow/example_dags/example_python_operator.py for tasks to queue
[2022-05-17 07:08:29,780] {logging_mixin.py:109} INFO - [2022-05-17 07:08:29,780] {dagbag.py:500} INFO - Filling up the DagBag from /home/airflow/.local/lib/python3.7/site-packages/airflow/example_dags/example_python_operator.py
[2022-05-17 07:08:29,825] {processor.py:652} INFO - DAG(s) dict_keys(['example_python_operator']) retrieved from /home/airflow/.local/lib/python3.7/site-packages/airflow/example_dags/example_python_operator.py
[2022-05-17 07:08:29,865] {logging_mixin.py:109} INFO - [2022-05-17 07:08:29,864] {dag.py:2398} INFO - Sync 1 DAGs
[2022-05-17 07:08:29,897] {logging_mixin.py:109} INFO - [2022-05-17 07:08:29,897] {dag.py:2937} INFO - Setting next_dagrun for example_python_operator to None
[2022-05-17 07:08:29,918] {processor.py:171} INFO - Processing /home/airflow/.local/lib/python3.7/site-packages/airflow/example_dags/example_python_operator.py took 0.149 seconds
[2022-05-17 07:09:00,794] {processor.py:163} INFO - Started process (PID=11935) to work on /home/airflow/.local/lib/python3.7/site-packages/airflow/example_dags/example_python_operator.py
[2022-05-17 07:09:00,797] {processor.py:642} INFO - Processing file /home/airflow/.local/lib/python3.7/site-packages/airflow/example_dags/example_python_operator.py for tasks to queue
[2022-05-17 07:09:00,798] {logging_mixin.py:109} INFO - [2022-05-17 07:09:00,798] {dagbag.py:500} INFO - Filling up the DagBag from /home/airflow/.local/lib/python3.7/site-packages/airflow/example_dags/example_python_operator.py
[2022-05-17 07:09:00,832] {processor.py:652} INFO - DAG(s) dict_keys(['example_python_operator']) retrieved from /home/airflow/.local/lib/python3.7/site-packages/airflow/example_dags/example_python_operator.py
[2022-05-17 07:09:00,866] {logging_mixin.py:109} INFO - [2022-05-17 07:09:00,866] {dag.py:2398} INFO - Sync 1 DAGs
[2022-05-17 07:09:00,889] {logging_mixin.py:109} INFO - [2022-05-17 07:09:00,889] {dag.py:2937} INFO - Setting next_dagrun for example_python_operator to None
[2022-05-17 07:09:00,910] {processor.py:171} INFO - Processing /home/airflow/.local/lib/python3.7/site-packages/airflow/example_dags/example_python_operator.py took 0.123 seconds
[2022-05-17 07:09:31,131] {processor.py:163} INFO - Started process (PID=11998) to work on /home/airflow/.local/lib/python3.7/site-packages/airflow/example_dags/example_python_operator.py
[2022-05-17 07:09:31,133] {processor.py:642} INFO - Processing file /home/airflow/.local/lib/python3.7/site-packages/airflow/example_dags/example_python_operator.py for tasks to queue
[2022-05-17 07:09:31,135] {logging_mixin.py:109} INFO - [2022-05-17 07:09:31,135] {dagbag.py:500} INFO - Filling up the DagBag from /home/airflow/.local/lib/python3.7/site-packages/airflow/example_dags/example_python_operator.py
[2022-05-17 07:09:31,168] {processor.py:652} INFO - DAG(s) dict_keys(['example_python_operator']) retrieved from /home/airflow/.local/lib/python3.7/site-packages/airflow/example_dags/example_python_operator.py
[2022-05-17 07:09:31,198] {logging_mixin.py:109} INFO - [2022-05-17 07:09:31,198] {dag.py:2398} INFO - Sync 1 DAGs
[2022-05-17 07:09:31,220] {logging_mixin.py:109} INFO - [2022-05-17 07:09:31,220] {dag.py:2937} INFO - Setting next_dagrun for example_python_operator to None
[2022-05-17 07:09:31,235] {processor.py:171} INFO - Processing /home/airflow/.local/lib/python3.7/site-packages/airflow/example_dags/example_python_operator.py took 0.109 seconds
[2022-05-17 07:10:02,168] {processor.py:163} INFO - Started process (PID=12071) to work on /home/airflow/.local/lib/python3.7/site-packages/airflow/example_dags/example_python_operator.py
[2022-05-17 07:10:02,172] {processor.py:642} INFO - Processing file /home/airflow/.local/lib/python3.7/site-packages/airflow/example_dags/example_python_operator.py for tasks to queue
[2022-05-17 07:10:02,173] {logging_mixin.py:109} INFO - [2022-05-17 07:10:02,173] {dagbag.py:500} INFO - Filling up the DagBag from /home/airflow/.local/lib/python3.7/site-packages/airflow/example_dags/example_python_operator.py
[2022-05-17 07:10:02,211] {processor.py:652} INFO - DAG(s) dict_keys(['example_python_operator']) retrieved from /home/airflow/.local/lib/python3.7/site-packages/airflow/example_dags/example_python_operator.py
[2022-05-17 07:10:02,244] {logging_mixin.py:109} INFO - [2022-05-17 07:10:02,244] {dag.py:2398} INFO - Sync 1 DAGs
[2022-05-17 07:10:02,277] {logging_mixin.py:109} INFO - [2022-05-17 07:10:02,277] {dag.py:2937} INFO - Setting next_dagrun for example_python_operator to None
[2022-05-17 07:10:02,298] {processor.py:171} INFO - Processing /home/airflow/.local/lib/python3.7/site-packages/airflow/example_dags/example_python_operator.py took 0.137 seconds
[2022-05-17 07:10:33,237] {processor.py:163} INFO - Started process (PID=12134) to work on /home/airflow/.local/lib/python3.7/site-packages/airflow/example_dags/example_python_operator.py
[2022-05-17 07:10:33,239] {processor.py:642} INFO - Processing file /home/airflow/.local/lib/python3.7/site-packages/airflow/example_dags/example_python_operator.py for tasks to queue
[2022-05-17 07:10:33,239] {logging_mixin.py:109} INFO - [2022-05-17 07:10:33,239] {dagbag.py:500} INFO - Filling up the DagBag from /home/airflow/.local/lib/python3.7/site-packages/airflow/example_dags/example_python_operator.py
[2022-05-17 07:10:33,294] {processor.py:652} INFO - DAG(s) dict_keys(['example_python_operator']) retrieved from /home/airflow/.local/lib/python3.7/site-packages/airflow/example_dags/example_python_operator.py
[2022-05-17 07:10:33,339] {logging_mixin.py:109} INFO - [2022-05-17 07:10:33,339] {dag.py:2398} INFO - Sync 1 DAGs
[2022-05-17 07:10:33,369] {logging_mixin.py:109} INFO - [2022-05-17 07:10:33,369] {dag.py:2937} INFO - Setting next_dagrun for example_python_operator to None
[2022-05-17 07:10:33,389] {processor.py:171} INFO - Processing /home/airflow/.local/lib/python3.7/site-packages/airflow/example_dags/example_python_operator.py took 0.155 seconds
[2022-05-17 07:11:04,849] {processor.py:163} INFO - Started process (PID=12200) to work on /home/airflow/.local/lib/python3.7/site-packages/airflow/example_dags/example_python_operator.py
[2022-05-17 07:11:04,852] {processor.py:642} INFO - Processing file /home/airflow/.local/lib/python3.7/site-packages/airflow/example_dags/example_python_operator.py for tasks to queue
[2022-05-17 07:11:04,854] {logging_mixin.py:109} INFO - [2022-05-17 07:11:04,854] {dagbag.py:500} INFO - Filling up the DagBag from /home/airflow/.local/lib/python3.7/site-packages/airflow/example_dags/example_python_operator.py
[2022-05-17 07:11:04,884] {processor.py:652} INFO - DAG(s) dict_keys(['example_python_operator']) retrieved from /home/airflow/.local/lib/python3.7/site-packages/airflow/example_dags/example_python_operator.py
[2022-05-17 07:11:04,912] {logging_mixin.py:109} INFO - [2022-05-17 07:11:04,912] {dag.py:2398} INFO - Sync 1 DAGs
[2022-05-17 07:11:04,937] {logging_mixin.py:109} INFO - [2022-05-17 07:11:04,937] {dag.py:2937} INFO - Setting next_dagrun for example_python_operator to None
[2022-05-17 07:11:04,955] {processor.py:171} INFO - Processing /home/airflow/.local/lib/python3.7/site-packages/airflow/example_dags/example_python_operator.py took 0.111 seconds
[2022-05-17 07:11:35,727] {processor.py:163} INFO - Started process (PID=12275) to work on /home/airflow/.local/lib/python3.7/site-packages/airflow/example_dags/example_python_operator.py
[2022-05-17 07:11:35,731] {processor.py:642} INFO - Processing file /home/airflow/.local/lib/python3.7/site-packages/airflow/example_dags/example_python_operator.py for tasks to queue
[2022-05-17 07:11:35,732] {logging_mixin.py:109} INFO - [2022-05-17 07:11:35,732] {dagbag.py:500} INFO - Filling up the DagBag from /home/airflow/.local/lib/python3.7/site-packages/airflow/example_dags/example_python_operator.py
[2022-05-17 07:11:35,768] {processor.py:652} INFO - DAG(s) dict_keys(['example_python_operator']) retrieved from /home/airflow/.local/lib/python3.7/site-packages/airflow/example_dags/example_python_operator.py
[2022-05-17 07:11:35,801] {logging_mixin.py:109} INFO - [2022-05-17 07:11:35,801] {dag.py:2398} INFO - Sync 1 DAGs
[2022-05-17 07:11:35,829] {logging_mixin.py:109} INFO - [2022-05-17 07:11:35,829] {dag.py:2937} INFO - Setting next_dagrun for example_python_operator to None
[2022-05-17 07:11:35,849] {processor.py:171} INFO - Processing /home/airflow/.local/lib/python3.7/site-packages/airflow/example_dags/example_python_operator.py took 0.126 seconds
[2022-05-17 07:12:06,656] {processor.py:163} INFO - Started process (PID=12337) to work on /home/airflow/.local/lib/python3.7/site-packages/airflow/example_dags/example_python_operator.py
[2022-05-17 07:12:06,658] {processor.py:642} INFO - Processing file /home/airflow/.local/lib/python3.7/site-packages/airflow/example_dags/example_python_operator.py for tasks to queue
[2022-05-17 07:12:06,659] {logging_mixin.py:109} INFO - [2022-05-17 07:12:06,659] {dagbag.py:500} INFO - Filling up the DagBag from /home/airflow/.local/lib/python3.7/site-packages/airflow/example_dags/example_python_operator.py
[2022-05-17 07:12:06,697] {processor.py:652} INFO - DAG(s) dict_keys(['example_python_operator']) retrieved from /home/airflow/.local/lib/python3.7/site-packages/airflow/example_dags/example_python_operator.py
[2022-05-17 07:12:06,746] {logging_mixin.py:109} INFO - [2022-05-17 07:12:06,746] {dag.py:2398} INFO - Sync 1 DAGs
[2022-05-17 07:12:06,778] {logging_mixin.py:109} INFO - [2022-05-17 07:12:06,778] {dag.py:2937} INFO - Setting next_dagrun for example_python_operator to None
[2022-05-17 07:12:06,800] {processor.py:171} INFO - Processing /home/airflow/.local/lib/python3.7/site-packages/airflow/example_dags/example_python_operator.py took 0.149 seconds
[2022-05-17 07:12:51,324] {processor.py:163} INFO - Started process (PID=12391) to work on /home/airflow/.local/lib/python3.7/site-packages/airflow/example_dags/example_python_operator.py
[2022-05-17 07:12:51,327] {processor.py:642} INFO - Processing file /home/airflow/.local/lib/python3.7/site-packages/airflow/example_dags/example_python_operator.py for tasks to queue
[2022-05-17 07:12:51,328] {logging_mixin.py:109} INFO - [2022-05-17 07:12:51,328] {dagbag.py:500} INFO - Filling up the DagBag from /home/airflow/.local/lib/python3.7/site-packages/airflow/example_dags/example_python_operator.py
[2022-05-17 07:12:51,373] {processor.py:652} INFO - DAG(s) dict_keys(['example_python_operator']) retrieved from /home/airflow/.local/lib/python3.7/site-packages/airflow/example_dags/example_python_operator.py
[2022-05-17 07:12:51,425] {logging_mixin.py:109} INFO - [2022-05-17 07:12:51,425] {dag.py:2398} INFO - Sync 1 DAGs
[2022-05-17 07:12:51,458] {logging_mixin.py:109} INFO - [2022-05-17 07:12:51,458] {dag.py:2937} INFO - Setting next_dagrun for example_python_operator to None
[2022-05-17 07:12:51,478] {processor.py:171} INFO - Processing /home/airflow/.local/lib/python3.7/site-packages/airflow/example_dags/example_python_operator.py took 0.158 seconds
[2022-05-17 07:13:22,092] {processor.py:163} INFO - Started process (PID=12455) to work on /home/airflow/.local/lib/python3.7/site-packages/airflow/example_dags/example_python_operator.py
[2022-05-17 07:13:22,093] {processor.py:642} INFO - Processing file /home/airflow/.local/lib/python3.7/site-packages/airflow/example_dags/example_python_operator.py for tasks to queue
[2022-05-17 07:13:22,094] {logging_mixin.py:109} INFO - [2022-05-17 07:13:22,094] {dagbag.py:500} INFO - Filling up the DagBag from /home/airflow/.local/lib/python3.7/site-packages/airflow/example_dags/example_python_operator.py
[2022-05-17 07:13:22,112] {processor.py:652} INFO - DAG(s) dict_keys(['example_python_operator']) retrieved from /home/airflow/.local/lib/python3.7/site-packages/airflow/example_dags/example_python_operator.py
[2022-05-17 07:13:22,132] {logging_mixin.py:109} INFO - [2022-05-17 07:13:22,131] {dag.py:2398} INFO - Sync 1 DAGs
[2022-05-17 07:13:22,146] {logging_mixin.py:109} INFO - [2022-05-17 07:13:22,146] {dag.py:2937} INFO - Setting next_dagrun for example_python_operator to None
[2022-05-17 07:13:22,160] {processor.py:171} INFO - Processing /home/airflow/.local/lib/python3.7/site-packages/airflow/example_dags/example_python_operator.py took 0.072 seconds
[2022-05-17 07:13:53,172] {processor.py:163} INFO - Started process (PID=12532) to work on /home/airflow/.local/lib/python3.7/site-packages/airflow/example_dags/example_python_operator.py
[2022-05-17 07:13:53,174] {processor.py:642} INFO - Processing file /home/airflow/.local/lib/python3.7/site-packages/airflow/example_dags/example_python_operator.py for tasks to queue
[2022-05-17 07:13:53,175] {logging_mixin.py:109} INFO - [2022-05-17 07:13:53,175] {dagbag.py:500} INFO - Filling up the DagBag from /home/airflow/.local/lib/python3.7/site-packages/airflow/example_dags/example_python_operator.py
[2022-05-17 07:13:53,192] {processor.py:652} INFO - DAG(s) dict_keys(['example_python_operator']) retrieved from /home/airflow/.local/lib/python3.7/site-packages/airflow/example_dags/example_python_operator.py
[2022-05-17 07:13:53,211] {logging_mixin.py:109} INFO - [2022-05-17 07:13:53,211] {dag.py:2398} INFO - Sync 1 DAGs
[2022-05-17 07:13:53,225] {logging_mixin.py:109} INFO - [2022-05-17 07:13:53,225] {dag.py:2937} INFO - Setting next_dagrun for example_python_operator to None
[2022-05-17 07:13:53,237] {processor.py:171} INFO - Processing /home/airflow/.local/lib/python3.7/site-packages/airflow/example_dags/example_python_operator.py took 0.067 seconds
[2022-05-17 07:14:23,467] {processor.py:163} INFO - Started process (PID=12596) to work on /home/airflow/.local/lib/python3.7/site-packages/airflow/example_dags/example_python_operator.py
[2022-05-17 07:14:23,468] {processor.py:642} INFO - Processing file /home/airflow/.local/lib/python3.7/site-packages/airflow/example_dags/example_python_operator.py for tasks to queue
[2022-05-17 07:14:23,469] {logging_mixin.py:109} INFO - [2022-05-17 07:14:23,469] {dagbag.py:500} INFO - Filling up the DagBag from /home/airflow/.local/lib/python3.7/site-packages/airflow/example_dags/example_python_operator.py
[2022-05-17 07:14:23,485] {processor.py:652} INFO - DAG(s) dict_keys(['example_python_operator']) retrieved from /home/airflow/.local/lib/python3.7/site-packages/airflow/example_dags/example_python_operator.py
[2022-05-17 07:14:23,506] {logging_mixin.py:109} INFO - [2022-05-17 07:14:23,506] {dag.py:2398} INFO - Sync 1 DAGs
[2022-05-17 07:14:23,522] {logging_mixin.py:109} INFO - [2022-05-17 07:14:23,522] {dag.py:2937} INFO - Setting next_dagrun for example_python_operator to None
[2022-05-17 07:14:23,534] {processor.py:171} INFO - Processing /home/airflow/.local/lib/python3.7/site-packages/airflow/example_dags/example_python_operator.py took 0.071 seconds
[2022-05-17 07:14:54,303] {processor.py:163} INFO - Started process (PID=12669) to work on /home/airflow/.local/lib/python3.7/site-packages/airflow/example_dags/example_python_operator.py
[2022-05-17 07:14:54,304] {processor.py:642} INFO - Processing file /home/airflow/.local/lib/python3.7/site-packages/airflow/example_dags/example_python_operator.py for tasks to queue
[2022-05-17 07:14:54,305] {logging_mixin.py:109} INFO - [2022-05-17 07:14:54,305] {dagbag.py:500} INFO - Filling up the DagBag from /home/airflow/.local/lib/python3.7/site-packages/airflow/example_dags/example_python_operator.py
[2022-05-17 07:14:54,323] {processor.py:652} INFO - DAG(s) dict_keys(['example_python_operator']) retrieved from /home/airflow/.local/lib/python3.7/site-packages/airflow/example_dags/example_python_operator.py
[2022-05-17 07:14:54,341] {logging_mixin.py:109} INFO - [2022-05-17 07:14:54,341] {dag.py:2398} INFO - Sync 1 DAGs
[2022-05-17 07:14:54,355] {logging_mixin.py:109} INFO - [2022-05-17 07:14:54,355] {dag.py:2937} INFO - Setting next_dagrun for example_python_operator to None
[2022-05-17 07:14:54,370] {processor.py:171} INFO - Processing /home/airflow/.local/lib/python3.7/site-packages/airflow/example_dags/example_python_operator.py took 0.071 seconds
[2022-05-17 07:15:25,143] {processor.py:163} INFO - Started process (PID=12733) to work on /home/airflow/.local/lib/python3.7/site-packages/airflow/example_dags/example_python_operator.py
[2022-05-17 07:15:25,144] {processor.py:642} INFO - Processing file /home/airflow/.local/lib/python3.7/site-packages/airflow/example_dags/example_python_operator.py for tasks to queue
[2022-05-17 07:15:25,145] {logging_mixin.py:109} INFO - [2022-05-17 07:15:25,145] {dagbag.py:500} INFO - Filling up the DagBag from /home/airflow/.local/lib/python3.7/site-packages/airflow/example_dags/example_python_operator.py
[2022-05-17 07:15:25,160] {processor.py:652} INFO - DAG(s) dict_keys(['example_python_operator']) retrieved from /home/airflow/.local/lib/python3.7/site-packages/airflow/example_dags/example_python_operator.py
[2022-05-17 07:15:25,177] {logging_mixin.py:109} INFO - [2022-05-17 07:15:25,177] {dag.py:2398} INFO - Sync 1 DAGs
[2022-05-17 07:15:25,190] {logging_mixin.py:109} INFO - [2022-05-17 07:15:25,190] {dag.py:2937} INFO - Setting next_dagrun for example_python_operator to None
[2022-05-17 07:15:25,202] {processor.py:171} INFO - Processing /home/airflow/.local/lib/python3.7/site-packages/airflow/example_dags/example_python_operator.py took 0.062 seconds
