[2022-05-17 06:58:15,710] {processor.py:163} INFO - Started process (PID=10508) to work on /home/airflow/.local/lib/python3.7/site-packages/airflow/example_dags/example_bash_operator.py
[2022-05-17 06:58:15,714] {processor.py:642} INFO - Processing file /home/airflow/.local/lib/python3.7/site-packages/airflow/example_dags/example_bash_operator.py for tasks to queue
[2022-05-17 06:58:15,716] {logging_mixin.py:109} INFO - [2022-05-17 06:58:15,716] {dagbag.py:500} INFO - Filling up the DagBag from /home/airflow/.local/lib/python3.7/site-packages/airflow/example_dags/example_bash_operator.py
[2022-05-17 06:58:15,761] {processor.py:652} INFO - DAG(s) dict_keys(['example_bash_operator']) retrieved from /home/airflow/.local/lib/python3.7/site-packages/airflow/example_dags/example_bash_operator.py
[2022-05-17 06:58:15,815] {logging_mixin.py:109} INFO - [2022-05-17 06:58:15,814] {dag.py:2398} INFO - Sync 1 DAGs
[2022-05-17 06:58:15,863] {logging_mixin.py:109} INFO - [2022-05-17 06:58:15,863] {dag.py:2937} INFO - Setting next_dagrun for example_bash_operator to 2022-05-16 00:00:00+00:00
[2022-05-17 06:58:15,908] {processor.py:171} INFO - Processing /home/airflow/.local/lib/python3.7/site-packages/airflow/example_dags/example_bash_operator.py took 0.207 seconds
[2022-05-17 06:58:46,549] {processor.py:163} INFO - Started process (PID=10570) to work on /home/airflow/.local/lib/python3.7/site-packages/airflow/example_dags/example_bash_operator.py
[2022-05-17 06:58:46,550] {processor.py:642} INFO - Processing file /home/airflow/.local/lib/python3.7/site-packages/airflow/example_dags/example_bash_operator.py for tasks to queue
[2022-05-17 06:58:46,551] {logging_mixin.py:109} INFO - [2022-05-17 06:58:46,551] {dagbag.py:500} INFO - Filling up the DagBag from /home/airflow/.local/lib/python3.7/site-packages/airflow/example_dags/example_bash_operator.py
[2022-05-17 06:58:46,566] {processor.py:652} INFO - DAG(s) dict_keys(['example_bash_operator']) retrieved from /home/airflow/.local/lib/python3.7/site-packages/airflow/example_dags/example_bash_operator.py
[2022-05-17 06:58:46,586] {logging_mixin.py:109} INFO - [2022-05-17 06:58:46,586] {dag.py:2398} INFO - Sync 1 DAGs
[2022-05-17 06:58:46,601] {logging_mixin.py:109} INFO - [2022-05-17 06:58:46,601] {dag.py:2937} INFO - Setting next_dagrun for example_bash_operator to 2022-05-16 00:00:00+00:00
[2022-05-17 06:58:46,614] {processor.py:171} INFO - Processing /home/airflow/.local/lib/python3.7/site-packages/airflow/example_dags/example_bash_operator.py took 0.068 seconds
[2022-05-17 06:59:17,536] {processor.py:163} INFO - Started process (PID=10643) to work on /home/airflow/.local/lib/python3.7/site-packages/airflow/example_dags/example_bash_operator.py
[2022-05-17 06:59:17,537] {processor.py:642} INFO - Processing file /home/airflow/.local/lib/python3.7/site-packages/airflow/example_dags/example_bash_operator.py for tasks to queue
[2022-05-17 06:59:17,538] {logging_mixin.py:109} INFO - [2022-05-17 06:59:17,538] {dagbag.py:500} INFO - Filling up the DagBag from /home/airflow/.local/lib/python3.7/site-packages/airflow/example_dags/example_bash_operator.py
[2022-05-17 06:59:17,554] {processor.py:652} INFO - DAG(s) dict_keys(['example_bash_operator']) retrieved from /home/airflow/.local/lib/python3.7/site-packages/airflow/example_dags/example_bash_operator.py
[2022-05-17 06:59:17,575] {logging_mixin.py:109} INFO - [2022-05-17 06:59:17,575] {dag.py:2398} INFO - Sync 1 DAGs
[2022-05-17 06:59:17,593] {logging_mixin.py:109} INFO - [2022-05-17 06:59:17,593] {dag.py:2937} INFO - Setting next_dagrun for example_bash_operator to 2022-05-16 00:00:00+00:00
[2022-05-17 06:59:17,606] {processor.py:171} INFO - Processing /home/airflow/.local/lib/python3.7/site-packages/airflow/example_dags/example_bash_operator.py took 0.073 seconds
[2022-05-17 06:59:48,116] {processor.py:163} INFO - Started process (PID=10715) to work on /home/airflow/.local/lib/python3.7/site-packages/airflow/example_dags/example_bash_operator.py
[2022-05-17 06:59:48,117] {processor.py:642} INFO - Processing file /home/airflow/.local/lib/python3.7/site-packages/airflow/example_dags/example_bash_operator.py for tasks to queue
[2022-05-17 06:59:48,118] {logging_mixin.py:109} INFO - [2022-05-17 06:59:48,118] {dagbag.py:500} INFO - Filling up the DagBag from /home/airflow/.local/lib/python3.7/site-packages/airflow/example_dags/example_bash_operator.py
[2022-05-17 06:59:48,137] {processor.py:652} INFO - DAG(s) dict_keys(['example_bash_operator']) retrieved from /home/airflow/.local/lib/python3.7/site-packages/airflow/example_dags/example_bash_operator.py
[2022-05-17 06:59:48,156] {logging_mixin.py:109} INFO - [2022-05-17 06:59:48,156] {dag.py:2398} INFO - Sync 1 DAGs
[2022-05-17 06:59:48,171] {logging_mixin.py:109} INFO - [2022-05-17 06:59:48,171] {dag.py:2937} INFO - Setting next_dagrun for example_bash_operator to 2022-05-16 00:00:00+00:00
[2022-05-17 06:59:48,183] {processor.py:171} INFO - Processing /home/airflow/.local/lib/python3.7/site-packages/airflow/example_dags/example_bash_operator.py took 0.070 seconds
[2022-05-17 07:00:19,065] {processor.py:163} INFO - Started process (PID=10779) to work on /home/airflow/.local/lib/python3.7/site-packages/airflow/example_dags/example_bash_operator.py
[2022-05-17 07:00:19,066] {processor.py:642} INFO - Processing file /home/airflow/.local/lib/python3.7/site-packages/airflow/example_dags/example_bash_operator.py for tasks to queue
[2022-05-17 07:00:19,067] {logging_mixin.py:109} INFO - [2022-05-17 07:00:19,067] {dagbag.py:500} INFO - Filling up the DagBag from /home/airflow/.local/lib/python3.7/site-packages/airflow/example_dags/example_bash_operator.py
[2022-05-17 07:00:19,084] {processor.py:652} INFO - DAG(s) dict_keys(['example_bash_operator']) retrieved from /home/airflow/.local/lib/python3.7/site-packages/airflow/example_dags/example_bash_operator.py
[2022-05-17 07:00:19,104] {logging_mixin.py:109} INFO - [2022-05-17 07:00:19,104] {dag.py:2398} INFO - Sync 1 DAGs
[2022-05-17 07:00:19,123] {logging_mixin.py:109} INFO - [2022-05-17 07:00:19,123] {dag.py:2937} INFO - Setting next_dagrun for example_bash_operator to 2022-05-16 00:00:00+00:00
[2022-05-17 07:00:19,136] {processor.py:171} INFO - Processing /home/airflow/.local/lib/python3.7/site-packages/airflow/example_dags/example_bash_operator.py took 0.075 seconds
[2022-05-17 07:00:49,750] {processor.py:163} INFO - Started process (PID=10852) to work on /home/airflow/.local/lib/python3.7/site-packages/airflow/example_dags/example_bash_operator.py
[2022-05-17 07:00:49,751] {processor.py:642} INFO - Processing file /home/airflow/.local/lib/python3.7/site-packages/airflow/example_dags/example_bash_operator.py for tasks to queue
[2022-05-17 07:00:49,752] {logging_mixin.py:109} INFO - [2022-05-17 07:00:49,752] {dagbag.py:500} INFO - Filling up the DagBag from /home/airflow/.local/lib/python3.7/site-packages/airflow/example_dags/example_bash_operator.py
[2022-05-17 07:00:49,766] {processor.py:652} INFO - DAG(s) dict_keys(['example_bash_operator']) retrieved from /home/airflow/.local/lib/python3.7/site-packages/airflow/example_dags/example_bash_operator.py
[2022-05-17 07:00:49,786] {logging_mixin.py:109} INFO - [2022-05-17 07:00:49,786] {dag.py:2398} INFO - Sync 1 DAGs
[2022-05-17 07:00:49,802] {logging_mixin.py:109} INFO - [2022-05-17 07:00:49,801] {dag.py:2937} INFO - Setting next_dagrun for example_bash_operator to 2022-05-16 00:00:00+00:00
[2022-05-17 07:00:49,814] {processor.py:171} INFO - Processing /home/airflow/.local/lib/python3.7/site-packages/airflow/example_dags/example_bash_operator.py took 0.067 seconds
[2022-05-17 07:01:20,467] {processor.py:163} INFO - Started process (PID=10915) to work on /home/airflow/.local/lib/python3.7/site-packages/airflow/example_dags/example_bash_operator.py
[2022-05-17 07:01:20,469] {processor.py:642} INFO - Processing file /home/airflow/.local/lib/python3.7/site-packages/airflow/example_dags/example_bash_operator.py for tasks to queue
[2022-05-17 07:01:20,470] {logging_mixin.py:109} INFO - [2022-05-17 07:01:20,469] {dagbag.py:500} INFO - Filling up the DagBag from /home/airflow/.local/lib/python3.7/site-packages/airflow/example_dags/example_bash_operator.py
[2022-05-17 07:01:20,485] {processor.py:652} INFO - DAG(s) dict_keys(['example_bash_operator']) retrieved from /home/airflow/.local/lib/python3.7/site-packages/airflow/example_dags/example_bash_operator.py
[2022-05-17 07:01:20,503] {logging_mixin.py:109} INFO - [2022-05-17 07:01:20,503] {dag.py:2398} INFO - Sync 1 DAGs
[2022-05-17 07:01:20,519] {logging_mixin.py:109} INFO - [2022-05-17 07:01:20,519] {dag.py:2937} INFO - Setting next_dagrun for example_bash_operator to 2022-05-16 00:00:00+00:00
[2022-05-17 07:01:20,532] {processor.py:171} INFO - Processing /home/airflow/.local/lib/python3.7/site-packages/airflow/example_dags/example_bash_operator.py took 0.068 seconds
[2022-05-17 07:01:51,122] {processor.py:163} INFO - Started process (PID=10987) to work on /home/airflow/.local/lib/python3.7/site-packages/airflow/example_dags/example_bash_operator.py
[2022-05-17 07:01:51,124] {processor.py:642} INFO - Processing file /home/airflow/.local/lib/python3.7/site-packages/airflow/example_dags/example_bash_operator.py for tasks to queue
[2022-05-17 07:01:51,125] {logging_mixin.py:109} INFO - [2022-05-17 07:01:51,125] {dagbag.py:500} INFO - Filling up the DagBag from /home/airflow/.local/lib/python3.7/site-packages/airflow/example_dags/example_bash_operator.py
[2022-05-17 07:01:51,139] {processor.py:652} INFO - DAG(s) dict_keys(['example_bash_operator']) retrieved from /home/airflow/.local/lib/python3.7/site-packages/airflow/example_dags/example_bash_operator.py
[2022-05-17 07:01:51,160] {logging_mixin.py:109} INFO - [2022-05-17 07:01:51,160] {dag.py:2398} INFO - Sync 1 DAGs
[2022-05-17 07:01:51,175] {logging_mixin.py:109} INFO - [2022-05-17 07:01:51,175] {dag.py:2937} INFO - Setting next_dagrun for example_bash_operator to 2022-05-16 00:00:00+00:00
[2022-05-17 07:01:51,187] {processor.py:171} INFO - Processing /home/airflow/.local/lib/python3.7/site-packages/airflow/example_dags/example_bash_operator.py took 0.068 seconds
[2022-05-17 07:02:22,113] {processor.py:163} INFO - Started process (PID=11060) to work on /home/airflow/.local/lib/python3.7/site-packages/airflow/example_dags/example_bash_operator.py
[2022-05-17 07:02:22,114] {processor.py:642} INFO - Processing file /home/airflow/.local/lib/python3.7/site-packages/airflow/example_dags/example_bash_operator.py for tasks to queue
[2022-05-17 07:02:22,115] {logging_mixin.py:109} INFO - [2022-05-17 07:02:22,115] {dagbag.py:500} INFO - Filling up the DagBag from /home/airflow/.local/lib/python3.7/site-packages/airflow/example_dags/example_bash_operator.py
[2022-05-17 07:02:22,131] {processor.py:652} INFO - DAG(s) dict_keys(['example_bash_operator']) retrieved from /home/airflow/.local/lib/python3.7/site-packages/airflow/example_dags/example_bash_operator.py
[2022-05-17 07:02:22,150] {logging_mixin.py:109} INFO - [2022-05-17 07:02:22,150] {dag.py:2398} INFO - Sync 1 DAGs
[2022-05-17 07:02:22,166] {logging_mixin.py:109} INFO - [2022-05-17 07:02:22,166] {dag.py:2937} INFO - Setting next_dagrun for example_bash_operator to 2022-05-16 00:00:00+00:00
[2022-05-17 07:02:22,184] {processor.py:171} INFO - Processing /home/airflow/.local/lib/python3.7/site-packages/airflow/example_dags/example_bash_operator.py took 0.074 seconds
[2022-05-17 07:02:52,464] {processor.py:163} INFO - Started process (PID=11124) to work on /home/airflow/.local/lib/python3.7/site-packages/airflow/example_dags/example_bash_operator.py
[2022-05-17 07:02:52,465] {processor.py:642} INFO - Processing file /home/airflow/.local/lib/python3.7/site-packages/airflow/example_dags/example_bash_operator.py for tasks to queue
[2022-05-17 07:02:52,465] {logging_mixin.py:109} INFO - [2022-05-17 07:02:52,465] {dagbag.py:500} INFO - Filling up the DagBag from /home/airflow/.local/lib/python3.7/site-packages/airflow/example_dags/example_bash_operator.py
[2022-05-17 07:02:52,480] {processor.py:652} INFO - DAG(s) dict_keys(['example_bash_operator']) retrieved from /home/airflow/.local/lib/python3.7/site-packages/airflow/example_dags/example_bash_operator.py
[2022-05-17 07:02:52,499] {logging_mixin.py:109} INFO - [2022-05-17 07:02:52,499] {dag.py:2398} INFO - Sync 1 DAGs
[2022-05-17 07:02:52,513] {logging_mixin.py:109} INFO - [2022-05-17 07:02:52,513] {dag.py:2937} INFO - Setting next_dagrun for example_bash_operator to 2022-05-16 00:00:00+00:00
[2022-05-17 07:02:52,525] {processor.py:171} INFO - Processing /home/airflow/.local/lib/python3.7/site-packages/airflow/example_dags/example_bash_operator.py took 0.064 seconds
[2022-05-17 07:03:23,318] {processor.py:163} INFO - Started process (PID=11198) to work on /home/airflow/.local/lib/python3.7/site-packages/airflow/example_dags/example_bash_operator.py
[2022-05-17 07:03:23,319] {processor.py:642} INFO - Processing file /home/airflow/.local/lib/python3.7/site-packages/airflow/example_dags/example_bash_operator.py for tasks to queue
[2022-05-17 07:03:23,320] {logging_mixin.py:109} INFO - [2022-05-17 07:03:23,320] {dagbag.py:500} INFO - Filling up the DagBag from /home/airflow/.local/lib/python3.7/site-packages/airflow/example_dags/example_bash_operator.py
[2022-05-17 07:03:23,335] {processor.py:652} INFO - DAG(s) dict_keys(['example_bash_operator']) retrieved from /home/airflow/.local/lib/python3.7/site-packages/airflow/example_dags/example_bash_operator.py
[2022-05-17 07:03:23,354] {logging_mixin.py:109} INFO - [2022-05-17 07:03:23,354] {dag.py:2398} INFO - Sync 1 DAGs
[2022-05-17 07:03:23,373] {logging_mixin.py:109} INFO - [2022-05-17 07:03:23,373] {dag.py:2937} INFO - Setting next_dagrun for example_bash_operator to 2022-05-16 00:00:00+00:00
[2022-05-17 07:03:23,387] {processor.py:171} INFO - Processing /home/airflow/.local/lib/python3.7/site-packages/airflow/example_dags/example_bash_operator.py took 0.071 seconds
[2022-05-17 07:03:53,876] {processor.py:163} INFO - Started process (PID=11262) to work on /home/airflow/.local/lib/python3.7/site-packages/airflow/example_dags/example_bash_operator.py
[2022-05-17 07:03:53,877] {processor.py:642} INFO - Processing file /home/airflow/.local/lib/python3.7/site-packages/airflow/example_dags/example_bash_operator.py for tasks to queue
[2022-05-17 07:03:53,878] {logging_mixin.py:109} INFO - [2022-05-17 07:03:53,878] {dagbag.py:500} INFO - Filling up the DagBag from /home/airflow/.local/lib/python3.7/site-packages/airflow/example_dags/example_bash_operator.py
[2022-05-17 07:03:53,892] {processor.py:652} INFO - DAG(s) dict_keys(['example_bash_operator']) retrieved from /home/airflow/.local/lib/python3.7/site-packages/airflow/example_dags/example_bash_operator.py
[2022-05-17 07:03:53,911] {logging_mixin.py:109} INFO - [2022-05-17 07:03:53,911] {dag.py:2398} INFO - Sync 1 DAGs
[2022-05-17 07:03:53,928] {logging_mixin.py:109} INFO - [2022-05-17 07:03:53,928] {dag.py:2937} INFO - Setting next_dagrun for example_bash_operator to 2022-05-16 00:00:00+00:00
[2022-05-17 07:03:53,943] {processor.py:171} INFO - Processing /home/airflow/.local/lib/python3.7/site-packages/airflow/example_dags/example_bash_operator.py took 0.070 seconds
[2022-05-17 07:04:24,667] {processor.py:163} INFO - Started process (PID=11335) to work on /home/airflow/.local/lib/python3.7/site-packages/airflow/example_dags/example_bash_operator.py
[2022-05-17 07:04:24,668] {processor.py:642} INFO - Processing file /home/airflow/.local/lib/python3.7/site-packages/airflow/example_dags/example_bash_operator.py for tasks to queue
[2022-05-17 07:04:24,669] {logging_mixin.py:109} INFO - [2022-05-17 07:04:24,669] {dagbag.py:500} INFO - Filling up the DagBag from /home/airflow/.local/lib/python3.7/site-packages/airflow/example_dags/example_bash_operator.py
[2022-05-17 07:04:24,683] {processor.py:652} INFO - DAG(s) dict_keys(['example_bash_operator']) retrieved from /home/airflow/.local/lib/python3.7/site-packages/airflow/example_dags/example_bash_operator.py
[2022-05-17 07:04:24,703] {logging_mixin.py:109} INFO - [2022-05-17 07:04:24,703] {dag.py:2398} INFO - Sync 1 DAGs
[2022-05-17 07:04:24,718] {logging_mixin.py:109} INFO - [2022-05-17 07:04:24,718] {dag.py:2937} INFO - Setting next_dagrun for example_bash_operator to 2022-05-16 00:00:00+00:00
[2022-05-17 07:04:24,731] {processor.py:171} INFO - Processing /home/airflow/.local/lib/python3.7/site-packages/airflow/example_dags/example_bash_operator.py took 0.067 seconds
[2022-05-17 07:04:55,524] {processor.py:163} INFO - Started process (PID=11406) to work on /home/airflow/.local/lib/python3.7/site-packages/airflow/example_dags/example_bash_operator.py
[2022-05-17 07:04:55,525] {processor.py:642} INFO - Processing file /home/airflow/.local/lib/python3.7/site-packages/airflow/example_dags/example_bash_operator.py for tasks to queue
[2022-05-17 07:04:55,525] {logging_mixin.py:109} INFO - [2022-05-17 07:04:55,525] {dagbag.py:500} INFO - Filling up the DagBag from /home/airflow/.local/lib/python3.7/site-packages/airflow/example_dags/example_bash_operator.py
[2022-05-17 07:04:55,540] {processor.py:652} INFO - DAG(s) dict_keys(['example_bash_operator']) retrieved from /home/airflow/.local/lib/python3.7/site-packages/airflow/example_dags/example_bash_operator.py
[2022-05-17 07:04:55,560] {logging_mixin.py:109} INFO - [2022-05-17 07:04:55,560] {dag.py:2398} INFO - Sync 1 DAGs
[2022-05-17 07:04:55,575] {logging_mixin.py:109} INFO - [2022-05-17 07:04:55,575] {dag.py:2937} INFO - Setting next_dagrun for example_bash_operator to 2022-05-16 00:00:00+00:00
[2022-05-17 07:04:55,589] {processor.py:171} INFO - Processing /home/airflow/.local/lib/python3.7/site-packages/airflow/example_dags/example_bash_operator.py took 0.068 seconds
[2022-05-17 07:05:26,285] {processor.py:163} INFO - Started process (PID=11470) to work on /home/airflow/.local/lib/python3.7/site-packages/airflow/example_dags/example_bash_operator.py
[2022-05-17 07:05:26,287] {processor.py:642} INFO - Processing file /home/airflow/.local/lib/python3.7/site-packages/airflow/example_dags/example_bash_operator.py for tasks to queue
[2022-05-17 07:05:26,288] {logging_mixin.py:109} INFO - [2022-05-17 07:05:26,288] {dagbag.py:500} INFO - Filling up the DagBag from /home/airflow/.local/lib/python3.7/site-packages/airflow/example_dags/example_bash_operator.py
[2022-05-17 07:05:26,304] {processor.py:652} INFO - DAG(s) dict_keys(['example_bash_operator']) retrieved from /home/airflow/.local/lib/python3.7/site-packages/airflow/example_dags/example_bash_operator.py
[2022-05-17 07:05:26,323] {logging_mixin.py:109} INFO - [2022-05-17 07:05:26,323] {dag.py:2398} INFO - Sync 1 DAGs
[2022-05-17 07:05:26,340] {logging_mixin.py:109} INFO - [2022-05-17 07:05:26,340] {dag.py:2937} INFO - Setting next_dagrun for example_bash_operator to 2022-05-16 00:00:00+00:00
[2022-05-17 07:05:26,352] {processor.py:171} INFO - Processing /home/airflow/.local/lib/python3.7/site-packages/airflow/example_dags/example_bash_operator.py took 0.070 seconds
[2022-05-17 07:05:56,892] {processor.py:163} INFO - Started process (PID=11543) to work on /home/airflow/.local/lib/python3.7/site-packages/airflow/example_dags/example_bash_operator.py
[2022-05-17 07:05:56,893] {processor.py:642} INFO - Processing file /home/airflow/.local/lib/python3.7/site-packages/airflow/example_dags/example_bash_operator.py for tasks to queue
[2022-05-17 07:05:56,894] {logging_mixin.py:109} INFO - [2022-05-17 07:05:56,894] {dagbag.py:500} INFO - Filling up the DagBag from /home/airflow/.local/lib/python3.7/site-packages/airflow/example_dags/example_bash_operator.py
[2022-05-17 07:05:56,911] {processor.py:652} INFO - DAG(s) dict_keys(['example_bash_operator']) retrieved from /home/airflow/.local/lib/python3.7/site-packages/airflow/example_dags/example_bash_operator.py
[2022-05-17 07:05:56,930] {logging_mixin.py:109} INFO - [2022-05-17 07:05:56,930] {dag.py:2398} INFO - Sync 1 DAGs
[2022-05-17 07:05:56,946] {logging_mixin.py:109} INFO - [2022-05-17 07:05:56,946] {dag.py:2937} INFO - Setting next_dagrun for example_bash_operator to 2022-05-16 00:00:00+00:00
[2022-05-17 07:05:56,960] {processor.py:171} INFO - Processing /home/airflow/.local/lib/python3.7/site-packages/airflow/example_dags/example_bash_operator.py took 0.071 seconds
[2022-05-17 07:06:27,118] {processor.py:163} INFO - Started process (PID=11614) to work on /home/airflow/.local/lib/python3.7/site-packages/airflow/example_dags/example_bash_operator.py
[2022-05-17 07:06:27,120] {processor.py:642} INFO - Processing file /home/airflow/.local/lib/python3.7/site-packages/airflow/example_dags/example_bash_operator.py for tasks to queue
[2022-05-17 07:06:27,121] {logging_mixin.py:109} INFO - [2022-05-17 07:06:27,121] {dagbag.py:500} INFO - Filling up the DagBag from /home/airflow/.local/lib/python3.7/site-packages/airflow/example_dags/example_bash_operator.py
[2022-05-17 07:06:27,148] {processor.py:652} INFO - DAG(s) dict_keys(['example_bash_operator']) retrieved from /home/airflow/.local/lib/python3.7/site-packages/airflow/example_dags/example_bash_operator.py
[2022-05-17 07:06:27,173] {logging_mixin.py:109} INFO - [2022-05-17 07:06:27,173] {dag.py:2398} INFO - Sync 1 DAGs
[2022-05-17 07:06:27,192] {logging_mixin.py:109} INFO - [2022-05-17 07:06:27,192] {dag.py:2937} INFO - Setting next_dagrun for example_bash_operator to 2022-05-16 00:00:00+00:00
[2022-05-17 07:06:27,206] {processor.py:171} INFO - Processing /home/airflow/.local/lib/python3.7/site-packages/airflow/example_dags/example_bash_operator.py took 0.091 seconds
[2022-05-17 07:06:58,121] {processor.py:163} INFO - Started process (PID=11679) to work on /home/airflow/.local/lib/python3.7/site-packages/airflow/example_dags/example_bash_operator.py
[2022-05-17 07:06:58,123] {processor.py:642} INFO - Processing file /home/airflow/.local/lib/python3.7/site-packages/airflow/example_dags/example_bash_operator.py for tasks to queue
[2022-05-17 07:06:58,124] {logging_mixin.py:109} INFO - [2022-05-17 07:06:58,124] {dagbag.py:500} INFO - Filling up the DagBag from /home/airflow/.local/lib/python3.7/site-packages/airflow/example_dags/example_bash_operator.py
[2022-05-17 07:06:58,149] {processor.py:652} INFO - DAG(s) dict_keys(['example_bash_operator']) retrieved from /home/airflow/.local/lib/python3.7/site-packages/airflow/example_dags/example_bash_operator.py
[2022-05-17 07:06:58,175] {logging_mixin.py:109} INFO - [2022-05-17 07:06:58,175] {dag.py:2398} INFO - Sync 1 DAGs
[2022-05-17 07:06:58,200] {logging_mixin.py:109} INFO - [2022-05-17 07:06:58,199] {dag.py:2937} INFO - Setting next_dagrun for example_bash_operator to 2022-05-16 00:00:00+00:00
[2022-05-17 07:06:58,216] {processor.py:171} INFO - Processing /home/airflow/.local/lib/python3.7/site-packages/airflow/example_dags/example_bash_operator.py took 0.099 seconds
[2022-05-17 07:07:28,737] {processor.py:163} INFO - Started process (PID=11743) to work on /home/airflow/.local/lib/python3.7/site-packages/airflow/example_dags/example_bash_operator.py
[2022-05-17 07:07:28,739] {processor.py:642} INFO - Processing file /home/airflow/.local/lib/python3.7/site-packages/airflow/example_dags/example_bash_operator.py for tasks to queue
[2022-05-17 07:07:28,739] {logging_mixin.py:109} INFO - [2022-05-17 07:07:28,739] {dagbag.py:500} INFO - Filling up the DagBag from /home/airflow/.local/lib/python3.7/site-packages/airflow/example_dags/example_bash_operator.py
[2022-05-17 07:07:28,764] {processor.py:652} INFO - DAG(s) dict_keys(['example_bash_operator']) retrieved from /home/airflow/.local/lib/python3.7/site-packages/airflow/example_dags/example_bash_operator.py
[2022-05-17 07:07:28,788] {logging_mixin.py:109} INFO - [2022-05-17 07:07:28,788] {dag.py:2398} INFO - Sync 1 DAGs
[2022-05-17 07:07:28,809] {logging_mixin.py:109} INFO - [2022-05-17 07:07:28,809] {dag.py:2937} INFO - Setting next_dagrun for example_bash_operator to 2022-05-16 00:00:00+00:00
[2022-05-17 07:07:28,827] {processor.py:171} INFO - Processing /home/airflow/.local/lib/python3.7/site-packages/airflow/example_dags/example_bash_operator.py took 0.093 seconds
[2022-05-17 07:07:59,597] {processor.py:163} INFO - Started process (PID=11813) to work on /home/airflow/.local/lib/python3.7/site-packages/airflow/example_dags/example_bash_operator.py
[2022-05-17 07:07:59,599] {processor.py:642} INFO - Processing file /home/airflow/.local/lib/python3.7/site-packages/airflow/example_dags/example_bash_operator.py for tasks to queue
[2022-05-17 07:07:59,608] {logging_mixin.py:109} INFO - [2022-05-17 07:07:59,608] {dagbag.py:500} INFO - Filling up the DagBag from /home/airflow/.local/lib/python3.7/site-packages/airflow/example_dags/example_bash_operator.py
[2022-05-17 07:07:59,631] {processor.py:652} INFO - DAG(s) dict_keys(['example_bash_operator']) retrieved from /home/airflow/.local/lib/python3.7/site-packages/airflow/example_dags/example_bash_operator.py
[2022-05-17 07:07:59,658] {logging_mixin.py:109} INFO - [2022-05-17 07:07:59,658] {dag.py:2398} INFO - Sync 1 DAGs
[2022-05-17 07:07:59,689] {logging_mixin.py:109} INFO - [2022-05-17 07:07:59,689] {dag.py:2937} INFO - Setting next_dagrun for example_bash_operator to 2022-05-16 00:00:00+00:00
[2022-05-17 07:07:59,718] {processor.py:171} INFO - Processing /home/airflow/.local/lib/python3.7/site-packages/airflow/example_dags/example_bash_operator.py took 0.128 seconds
[2022-05-17 07:08:30,479] {processor.py:163} INFO - Started process (PID=11878) to work on /home/airflow/.local/lib/python3.7/site-packages/airflow/example_dags/example_bash_operator.py
[2022-05-17 07:08:30,483] {processor.py:642} INFO - Processing file /home/airflow/.local/lib/python3.7/site-packages/airflow/example_dags/example_bash_operator.py for tasks to queue
[2022-05-17 07:08:30,485] {logging_mixin.py:109} INFO - [2022-05-17 07:08:30,484] {dagbag.py:500} INFO - Filling up the DagBag from /home/airflow/.local/lib/python3.7/site-packages/airflow/example_dags/example_bash_operator.py
[2022-05-17 07:08:30,519] {processor.py:652} INFO - DAG(s) dict_keys(['example_bash_operator']) retrieved from /home/airflow/.local/lib/python3.7/site-packages/airflow/example_dags/example_bash_operator.py
[2022-05-17 07:08:30,554] {logging_mixin.py:109} INFO - [2022-05-17 07:08:30,554] {dag.py:2398} INFO - Sync 1 DAGs
[2022-05-17 07:08:30,600] {logging_mixin.py:109} INFO - [2022-05-17 07:08:30,599] {dag.py:2937} INFO - Setting next_dagrun for example_bash_operator to 2022-05-16 00:00:00+00:00
[2022-05-17 07:08:30,885] {processor.py:171} INFO - Processing /home/airflow/.local/lib/python3.7/site-packages/airflow/example_dags/example_bash_operator.py took 0.414 seconds
[2022-05-17 07:09:01,716] {processor.py:163} INFO - Started process (PID=11941) to work on /home/airflow/.local/lib/python3.7/site-packages/airflow/example_dags/example_bash_operator.py
[2022-05-17 07:09:01,719] {processor.py:642} INFO - Processing file /home/airflow/.local/lib/python3.7/site-packages/airflow/example_dags/example_bash_operator.py for tasks to queue
[2022-05-17 07:09:01,720] {logging_mixin.py:109} INFO - [2022-05-17 07:09:01,720] {dagbag.py:500} INFO - Filling up the DagBag from /home/airflow/.local/lib/python3.7/site-packages/airflow/example_dags/example_bash_operator.py
[2022-05-17 07:09:01,750] {processor.py:652} INFO - DAG(s) dict_keys(['example_bash_operator']) retrieved from /home/airflow/.local/lib/python3.7/site-packages/airflow/example_dags/example_bash_operator.py
[2022-05-17 07:09:01,785] {logging_mixin.py:109} INFO - [2022-05-17 07:09:01,784] {dag.py:2398} INFO - Sync 1 DAGs
[2022-05-17 07:09:01,814] {logging_mixin.py:109} INFO - [2022-05-17 07:09:01,813] {dag.py:2937} INFO - Setting next_dagrun for example_bash_operator to 2022-05-16 00:00:00+00:00
[2022-05-17 07:09:01,835] {processor.py:171} INFO - Processing /home/airflow/.local/lib/python3.7/site-packages/airflow/example_dags/example_bash_operator.py took 0.123 seconds
[2022-05-17 07:09:32,770] {processor.py:163} INFO - Started process (PID=12004) to work on /home/airflow/.local/lib/python3.7/site-packages/airflow/example_dags/example_bash_operator.py
[2022-05-17 07:09:32,772] {processor.py:642} INFO - Processing file /home/airflow/.local/lib/python3.7/site-packages/airflow/example_dags/example_bash_operator.py for tasks to queue
[2022-05-17 07:09:32,774] {logging_mixin.py:109} INFO - [2022-05-17 07:09:32,774] {dagbag.py:500} INFO - Filling up the DagBag from /home/airflow/.local/lib/python3.7/site-packages/airflow/example_dags/example_bash_operator.py
[2022-05-17 07:09:32,808] {processor.py:652} INFO - DAG(s) dict_keys(['example_bash_operator']) retrieved from /home/airflow/.local/lib/python3.7/site-packages/airflow/example_dags/example_bash_operator.py
[2022-05-17 07:09:32,844] {logging_mixin.py:109} INFO - [2022-05-17 07:09:32,844] {dag.py:2398} INFO - Sync 1 DAGs
[2022-05-17 07:09:32,881] {logging_mixin.py:109} INFO - [2022-05-17 07:09:32,880] {dag.py:2937} INFO - Setting next_dagrun for example_bash_operator to 2022-05-16 00:00:00+00:00
[2022-05-17 07:09:32,905] {processor.py:171} INFO - Processing /home/airflow/.local/lib/python3.7/site-packages/airflow/example_dags/example_bash_operator.py took 0.140 seconds
[2022-05-17 07:10:03,174] {processor.py:163} INFO - Started process (PID=12077) to work on /home/airflow/.local/lib/python3.7/site-packages/airflow/example_dags/example_bash_operator.py
[2022-05-17 07:10:03,176] {processor.py:642} INFO - Processing file /home/airflow/.local/lib/python3.7/site-packages/airflow/example_dags/example_bash_operator.py for tasks to queue
[2022-05-17 07:10:03,178] {logging_mixin.py:109} INFO - [2022-05-17 07:10:03,178] {dagbag.py:500} INFO - Filling up the DagBag from /home/airflow/.local/lib/python3.7/site-packages/airflow/example_dags/example_bash_operator.py
[2022-05-17 07:10:03,213] {processor.py:652} INFO - DAG(s) dict_keys(['example_bash_operator']) retrieved from /home/airflow/.local/lib/python3.7/site-packages/airflow/example_dags/example_bash_operator.py
[2022-05-17 07:10:03,261] {logging_mixin.py:109} INFO - [2022-05-17 07:10:03,261] {dag.py:2398} INFO - Sync 1 DAGs
[2022-05-17 07:10:03,295] {logging_mixin.py:109} INFO - [2022-05-17 07:10:03,295] {dag.py:2937} INFO - Setting next_dagrun for example_bash_operator to 2022-05-16 00:00:00+00:00
[2022-05-17 07:10:03,316] {processor.py:171} INFO - Processing /home/airflow/.local/lib/python3.7/site-packages/airflow/example_dags/example_bash_operator.py took 0.146 seconds
[2022-05-17 07:10:33,940] {processor.py:163} INFO - Started process (PID=12139) to work on /home/airflow/.local/lib/python3.7/site-packages/airflow/example_dags/example_bash_operator.py
[2022-05-17 07:10:33,941] {processor.py:642} INFO - Processing file /home/airflow/.local/lib/python3.7/site-packages/airflow/example_dags/example_bash_operator.py for tasks to queue
[2022-05-17 07:10:33,942] {logging_mixin.py:109} INFO - [2022-05-17 07:10:33,942] {dagbag.py:500} INFO - Filling up the DagBag from /home/airflow/.local/lib/python3.7/site-packages/airflow/example_dags/example_bash_operator.py
[2022-05-17 07:10:33,985] {processor.py:652} INFO - DAG(s) dict_keys(['example_bash_operator']) retrieved from /home/airflow/.local/lib/python3.7/site-packages/airflow/example_dags/example_bash_operator.py
[2022-05-17 07:10:34,026] {logging_mixin.py:109} INFO - [2022-05-17 07:10:34,026] {dag.py:2398} INFO - Sync 1 DAGs
[2022-05-17 07:10:34,083] {logging_mixin.py:109} INFO - [2022-05-17 07:10:34,082] {dag.py:2937} INFO - Setting next_dagrun for example_bash_operator to 2022-05-16 00:00:00+00:00
[2022-05-17 07:10:34,117] {processor.py:171} INFO - Processing /home/airflow/.local/lib/python3.7/site-packages/airflow/example_dags/example_bash_operator.py took 0.181 seconds
[2022-05-17 07:11:05,354] {processor.py:163} INFO - Started process (PID=12205) to work on /home/airflow/.local/lib/python3.7/site-packages/airflow/example_dags/example_bash_operator.py
[2022-05-17 07:11:05,356] {processor.py:642} INFO - Processing file /home/airflow/.local/lib/python3.7/site-packages/airflow/example_dags/example_bash_operator.py for tasks to queue
[2022-05-17 07:11:05,359] {logging_mixin.py:109} INFO - [2022-05-17 07:11:05,358] {dagbag.py:500} INFO - Filling up the DagBag from /home/airflow/.local/lib/python3.7/site-packages/airflow/example_dags/example_bash_operator.py
[2022-05-17 07:11:05,393] {processor.py:652} INFO - DAG(s) dict_keys(['example_bash_operator']) retrieved from /home/airflow/.local/lib/python3.7/site-packages/airflow/example_dags/example_bash_operator.py
[2022-05-17 07:11:05,430] {logging_mixin.py:109} INFO - [2022-05-17 07:11:05,430] {dag.py:2398} INFO - Sync 1 DAGs
[2022-05-17 07:11:05,465] {logging_mixin.py:109} INFO - [2022-05-17 07:11:05,465] {dag.py:2937} INFO - Setting next_dagrun for example_bash_operator to 2022-05-16 00:00:00+00:00
[2022-05-17 07:11:05,488] {processor.py:171} INFO - Processing /home/airflow/.local/lib/python3.7/site-packages/airflow/example_dags/example_bash_operator.py took 0.140 seconds
[2022-05-17 07:11:36,152] {processor.py:163} INFO - Started process (PID=12280) to work on /home/airflow/.local/lib/python3.7/site-packages/airflow/example_dags/example_bash_operator.py
[2022-05-17 07:11:36,154] {processor.py:642} INFO - Processing file /home/airflow/.local/lib/python3.7/site-packages/airflow/example_dags/example_bash_operator.py for tasks to queue
[2022-05-17 07:11:36,156] {logging_mixin.py:109} INFO - [2022-05-17 07:11:36,156] {dagbag.py:500} INFO - Filling up the DagBag from /home/airflow/.local/lib/python3.7/site-packages/airflow/example_dags/example_bash_operator.py
[2022-05-17 07:11:36,198] {processor.py:652} INFO - DAG(s) dict_keys(['example_bash_operator']) retrieved from /home/airflow/.local/lib/python3.7/site-packages/airflow/example_dags/example_bash_operator.py
[2022-05-17 07:11:36,235] {logging_mixin.py:109} INFO - [2022-05-17 07:11:36,235] {dag.py:2398} INFO - Sync 1 DAGs
[2022-05-17 07:11:36,269] {logging_mixin.py:109} INFO - [2022-05-17 07:11:36,269] {dag.py:2937} INFO - Setting next_dagrun for example_bash_operator to 2022-05-16 00:00:00+00:00
[2022-05-17 07:11:36,291] {processor.py:171} INFO - Processing /home/airflow/.local/lib/python3.7/site-packages/airflow/example_dags/example_bash_operator.py took 0.147 seconds
[2022-05-17 07:12:07,332] {processor.py:163} INFO - Started process (PID=12343) to work on /home/airflow/.local/lib/python3.7/site-packages/airflow/example_dags/example_bash_operator.py
[2022-05-17 07:12:07,335] {processor.py:642} INFO - Processing file /home/airflow/.local/lib/python3.7/site-packages/airflow/example_dags/example_bash_operator.py for tasks to queue
[2022-05-17 07:12:07,338] {logging_mixin.py:109} INFO - [2022-05-17 07:12:07,338] {dagbag.py:500} INFO - Filling up the DagBag from /home/airflow/.local/lib/python3.7/site-packages/airflow/example_dags/example_bash_operator.py
[2022-05-17 07:12:07,387] {processor.py:652} INFO - DAG(s) dict_keys(['example_bash_operator']) retrieved from /home/airflow/.local/lib/python3.7/site-packages/airflow/example_dags/example_bash_operator.py
[2022-05-17 07:12:07,438] {logging_mixin.py:109} INFO - [2022-05-17 07:12:07,438] {dag.py:2398} INFO - Sync 1 DAGs
[2022-05-17 07:12:07,474] {logging_mixin.py:109} INFO - [2022-05-17 07:12:07,474] {dag.py:2937} INFO - Setting next_dagrun for example_bash_operator to 2022-05-16 00:00:00+00:00
[2022-05-17 07:12:07,589] {processor.py:171} INFO - Processing /home/airflow/.local/lib/python3.7/site-packages/airflow/example_dags/example_bash_operator.py took 0.269 seconds
[2022-05-17 07:12:51,857] {processor.py:163} INFO - Started process (PID=12397) to work on /home/airflow/.local/lib/python3.7/site-packages/airflow/example_dags/example_bash_operator.py
[2022-05-17 07:12:51,859] {processor.py:642} INFO - Processing file /home/airflow/.local/lib/python3.7/site-packages/airflow/example_dags/example_bash_operator.py for tasks to queue
[2022-05-17 07:12:51,860] {logging_mixin.py:109} INFO - [2022-05-17 07:12:51,860] {dagbag.py:500} INFO - Filling up the DagBag from /home/airflow/.local/lib/python3.7/site-packages/airflow/example_dags/example_bash_operator.py
[2022-05-17 07:12:51,881] {processor.py:652} INFO - DAG(s) dict_keys(['example_bash_operator']) retrieved from /home/airflow/.local/lib/python3.7/site-packages/airflow/example_dags/example_bash_operator.py
[2022-05-17 07:12:51,905] {logging_mixin.py:109} INFO - [2022-05-17 07:12:51,905] {dag.py:2398} INFO - Sync 1 DAGs
[2022-05-17 07:12:51,926] {logging_mixin.py:109} INFO - [2022-05-17 07:12:51,926] {dag.py:2937} INFO - Setting next_dagrun for example_bash_operator to 2022-05-16 00:00:00+00:00
[2022-05-17 07:12:51,939] {processor.py:171} INFO - Processing /home/airflow/.local/lib/python3.7/site-packages/airflow/example_dags/example_bash_operator.py took 0.086 seconds
[2022-05-17 07:13:22,416] {processor.py:163} INFO - Started process (PID=12461) to work on /home/airflow/.local/lib/python3.7/site-packages/airflow/example_dags/example_bash_operator.py
[2022-05-17 07:13:22,418] {processor.py:642} INFO - Processing file /home/airflow/.local/lib/python3.7/site-packages/airflow/example_dags/example_bash_operator.py for tasks to queue
[2022-05-17 07:13:22,419] {logging_mixin.py:109} INFO - [2022-05-17 07:13:22,419] {dagbag.py:500} INFO - Filling up the DagBag from /home/airflow/.local/lib/python3.7/site-packages/airflow/example_dags/example_bash_operator.py
[2022-05-17 07:13:22,449] {processor.py:652} INFO - DAG(s) dict_keys(['example_bash_operator']) retrieved from /home/airflow/.local/lib/python3.7/site-packages/airflow/example_dags/example_bash_operator.py
[2022-05-17 07:13:22,477] {logging_mixin.py:109} INFO - [2022-05-17 07:13:22,477] {dag.py:2398} INFO - Sync 1 DAGs
[2022-05-17 07:13:22,497] {logging_mixin.py:109} INFO - [2022-05-17 07:13:22,497] {dag.py:2937} INFO - Setting next_dagrun for example_bash_operator to 2022-05-16 00:00:00+00:00
[2022-05-17 07:13:22,512] {processor.py:171} INFO - Processing /home/airflow/.local/lib/python3.7/site-packages/airflow/example_dags/example_bash_operator.py took 0.100 seconds
[2022-05-17 07:13:53,518] {processor.py:163} INFO - Started process (PID=12538) to work on /home/airflow/.local/lib/python3.7/site-packages/airflow/example_dags/example_bash_operator.py
[2022-05-17 07:13:53,519] {processor.py:642} INFO - Processing file /home/airflow/.local/lib/python3.7/site-packages/airflow/example_dags/example_bash_operator.py for tasks to queue
[2022-05-17 07:13:53,520] {logging_mixin.py:109} INFO - [2022-05-17 07:13:53,520] {dagbag.py:500} INFO - Filling up the DagBag from /home/airflow/.local/lib/python3.7/site-packages/airflow/example_dags/example_bash_operator.py
[2022-05-17 07:13:53,540] {processor.py:652} INFO - DAG(s) dict_keys(['example_bash_operator']) retrieved from /home/airflow/.local/lib/python3.7/site-packages/airflow/example_dags/example_bash_operator.py
[2022-05-17 07:13:53,562] {logging_mixin.py:109} INFO - [2022-05-17 07:13:53,561] {dag.py:2398} INFO - Sync 1 DAGs
[2022-05-17 07:13:53,578] {logging_mixin.py:109} INFO - [2022-05-17 07:13:53,578] {dag.py:2937} INFO - Setting next_dagrun for example_bash_operator to 2022-05-16 00:00:00+00:00
[2022-05-17 07:13:53,590] {processor.py:171} INFO - Processing /home/airflow/.local/lib/python3.7/site-packages/airflow/example_dags/example_bash_operator.py took 0.076 seconds
[2022-05-17 07:14:23,782] {processor.py:163} INFO - Started process (PID=12602) to work on /home/airflow/.local/lib/python3.7/site-packages/airflow/example_dags/example_bash_operator.py
[2022-05-17 07:14:23,783] {processor.py:642} INFO - Processing file /home/airflow/.local/lib/python3.7/site-packages/airflow/example_dags/example_bash_operator.py for tasks to queue
[2022-05-17 07:14:23,784] {logging_mixin.py:109} INFO - [2022-05-17 07:14:23,784] {dagbag.py:500} INFO - Filling up the DagBag from /home/airflow/.local/lib/python3.7/site-packages/airflow/example_dags/example_bash_operator.py
[2022-05-17 07:14:23,801] {processor.py:652} INFO - DAG(s) dict_keys(['example_bash_operator']) retrieved from /home/airflow/.local/lib/python3.7/site-packages/airflow/example_dags/example_bash_operator.py
[2022-05-17 07:14:23,820] {logging_mixin.py:109} INFO - [2022-05-17 07:14:23,820] {dag.py:2398} INFO - Sync 1 DAGs
[2022-05-17 07:14:23,834] {logging_mixin.py:109} INFO - [2022-05-17 07:14:23,834] {dag.py:2937} INFO - Setting next_dagrun for example_bash_operator to 2022-05-16 00:00:00+00:00
[2022-05-17 07:14:23,847] {processor.py:171} INFO - Processing /home/airflow/.local/lib/python3.7/site-packages/airflow/example_dags/example_bash_operator.py took 0.068 seconds
[2022-05-17 07:14:54,644] {processor.py:163} INFO - Started process (PID=12675) to work on /home/airflow/.local/lib/python3.7/site-packages/airflow/example_dags/example_bash_operator.py
[2022-05-17 07:14:54,645] {processor.py:642} INFO - Processing file /home/airflow/.local/lib/python3.7/site-packages/airflow/example_dags/example_bash_operator.py for tasks to queue
[2022-05-17 07:14:54,646] {logging_mixin.py:109} INFO - [2022-05-17 07:14:54,646] {dagbag.py:500} INFO - Filling up the DagBag from /home/airflow/.local/lib/python3.7/site-packages/airflow/example_dags/example_bash_operator.py
[2022-05-17 07:14:54,662] {processor.py:652} INFO - DAG(s) dict_keys(['example_bash_operator']) retrieved from /home/airflow/.local/lib/python3.7/site-packages/airflow/example_dags/example_bash_operator.py
[2022-05-17 07:14:54,682] {logging_mixin.py:109} INFO - [2022-05-17 07:14:54,682] {dag.py:2398} INFO - Sync 1 DAGs
[2022-05-17 07:14:54,697] {logging_mixin.py:109} INFO - [2022-05-17 07:14:54,697] {dag.py:2937} INFO - Setting next_dagrun for example_bash_operator to 2022-05-16 00:00:00+00:00
[2022-05-17 07:14:54,713] {processor.py:171} INFO - Processing /home/airflow/.local/lib/python3.7/site-packages/airflow/example_dags/example_bash_operator.py took 0.071 seconds
[2022-05-17 07:15:25,673] {processor.py:163} INFO - Started process (PID=12747) to work on /home/airflow/.local/lib/python3.7/site-packages/airflow/example_dags/example_bash_operator.py
[2022-05-17 07:15:25,674] {processor.py:642} INFO - Processing file /home/airflow/.local/lib/python3.7/site-packages/airflow/example_dags/example_bash_operator.py for tasks to queue
[2022-05-17 07:15:25,675] {logging_mixin.py:109} INFO - [2022-05-17 07:15:25,675] {dagbag.py:500} INFO - Filling up the DagBag from /home/airflow/.local/lib/python3.7/site-packages/airflow/example_dags/example_bash_operator.py
[2022-05-17 07:15:25,691] {processor.py:652} INFO - DAG(s) dict_keys(['example_bash_operator']) retrieved from /home/airflow/.local/lib/python3.7/site-packages/airflow/example_dags/example_bash_operator.py
[2022-05-17 07:15:25,710] {logging_mixin.py:109} INFO - [2022-05-17 07:15:25,709] {dag.py:2398} INFO - Sync 1 DAGs
[2022-05-17 07:15:25,724] {logging_mixin.py:109} INFO - [2022-05-17 07:15:25,724] {dag.py:2937} INFO - Setting next_dagrun for example_bash_operator to 2022-05-16 00:00:00+00:00
[2022-05-17 07:15:25,736] {processor.py:171} INFO - Processing /home/airflow/.local/lib/python3.7/site-packages/airflow/example_dags/example_bash_operator.py took 0.066 seconds
