[2022-05-17 06:58:13,079] {processor.py:163} INFO - Started process (PID=10489) to work on /home/airflow/.local/lib/python3.7/site-packages/airflow/example_dags/example_short_circuit_operator.py
[2022-05-17 06:58:13,081] {processor.py:642} INFO - Processing file /home/airflow/.local/lib/python3.7/site-packages/airflow/example_dags/example_short_circuit_operator.py for tasks to queue
[2022-05-17 06:58:13,083] {logging_mixin.py:109} INFO - [2022-05-17 06:58:13,083] {dagbag.py:500} INFO - Filling up the DagBag from /home/airflow/.local/lib/python3.7/site-packages/airflow/example_dags/example_short_circuit_operator.py
[2022-05-17 06:58:13,132] {processor.py:652} INFO - DAG(s) dict_keys(['example_short_circuit_operator']) retrieved from /home/airflow/.local/lib/python3.7/site-packages/airflow/example_dags/example_short_circuit_operator.py
[2022-05-17 06:58:13,184] {logging_mixin.py:109} INFO - [2022-05-17 06:58:13,184] {dag.py:2398} INFO - Sync 1 DAGs
[2022-05-17 06:58:13,216] {logging_mixin.py:109} INFO - [2022-05-17 06:58:13,216] {dag.py:2937} INFO - Setting next_dagrun for example_short_circuit_operator to 2022-05-16T06:58:13.215853+00:00
[2022-05-17 06:58:13,250] {processor.py:171} INFO - Processing /home/airflow/.local/lib/python3.7/site-packages/airflow/example_dags/example_short_circuit_operator.py took 0.175 seconds
[2022-05-17 06:58:44,091] {processor.py:163} INFO - Started process (PID=10551) to work on /home/airflow/.local/lib/python3.7/site-packages/airflow/example_dags/example_short_circuit_operator.py
[2022-05-17 06:58:44,092] {processor.py:642} INFO - Processing file /home/airflow/.local/lib/python3.7/site-packages/airflow/example_dags/example_short_circuit_operator.py for tasks to queue
[2022-05-17 06:58:44,093] {logging_mixin.py:109} INFO - [2022-05-17 06:58:44,093] {dagbag.py:500} INFO - Filling up the DagBag from /home/airflow/.local/lib/python3.7/site-packages/airflow/example_dags/example_short_circuit_operator.py
[2022-05-17 06:58:44,105] {processor.py:652} INFO - DAG(s) dict_keys(['example_short_circuit_operator']) retrieved from /home/airflow/.local/lib/python3.7/site-packages/airflow/example_dags/example_short_circuit_operator.py
[2022-05-17 06:58:44,124] {logging_mixin.py:109} INFO - [2022-05-17 06:58:44,124] {dag.py:2398} INFO - Sync 1 DAGs
[2022-05-17 06:58:44,138] {logging_mixin.py:109} INFO - [2022-05-17 06:58:44,138] {dag.py:2937} INFO - Setting next_dagrun for example_short_circuit_operator to 2022-05-16T06:58:44.138409+00:00
[2022-05-17 06:58:44,152] {processor.py:171} INFO - Processing /home/airflow/.local/lib/python3.7/site-packages/airflow/example_dags/example_short_circuit_operator.py took 0.063 seconds
[2022-05-17 06:59:14,280] {processor.py:163} INFO - Started process (PID=10624) to work on /home/airflow/.local/lib/python3.7/site-packages/airflow/example_dags/example_short_circuit_operator.py
[2022-05-17 06:59:14,282] {processor.py:642} INFO - Processing file /home/airflow/.local/lib/python3.7/site-packages/airflow/example_dags/example_short_circuit_operator.py for tasks to queue
[2022-05-17 06:59:14,283] {logging_mixin.py:109} INFO - [2022-05-17 06:59:14,283] {dagbag.py:500} INFO - Filling up the DagBag from /home/airflow/.local/lib/python3.7/site-packages/airflow/example_dags/example_short_circuit_operator.py
[2022-05-17 06:59:14,310] {processor.py:652} INFO - DAG(s) dict_keys(['example_short_circuit_operator']) retrieved from /home/airflow/.local/lib/python3.7/site-packages/airflow/example_dags/example_short_circuit_operator.py
[2022-05-17 06:59:14,341] {logging_mixin.py:109} INFO - [2022-05-17 06:59:14,341] {dag.py:2398} INFO - Sync 1 DAGs
[2022-05-17 06:59:14,369] {logging_mixin.py:109} INFO - [2022-05-17 06:59:14,369] {dag.py:2937} INFO - Setting next_dagrun for example_short_circuit_operator to 2022-05-16T06:59:14.369222+00:00
[2022-05-17 06:59:14,385] {processor.py:171} INFO - Processing /home/airflow/.local/lib/python3.7/site-packages/airflow/example_dags/example_short_circuit_operator.py took 0.109 seconds
[2022-05-17 06:59:44,520] {processor.py:163} INFO - Started process (PID=10687) to work on /home/airflow/.local/lib/python3.7/site-packages/airflow/example_dags/example_short_circuit_operator.py
[2022-05-17 06:59:44,522] {processor.py:642} INFO - Processing file /home/airflow/.local/lib/python3.7/site-packages/airflow/example_dags/example_short_circuit_operator.py for tasks to queue
[2022-05-17 06:59:44,522] {logging_mixin.py:109} INFO - [2022-05-17 06:59:44,522] {dagbag.py:500} INFO - Filling up the DagBag from /home/airflow/.local/lib/python3.7/site-packages/airflow/example_dags/example_short_circuit_operator.py
[2022-05-17 06:59:44,536] {processor.py:652} INFO - DAG(s) dict_keys(['example_short_circuit_operator']) retrieved from /home/airflow/.local/lib/python3.7/site-packages/airflow/example_dags/example_short_circuit_operator.py
[2022-05-17 06:59:44,555] {logging_mixin.py:109} INFO - [2022-05-17 06:59:44,555] {dag.py:2398} INFO - Sync 1 DAGs
[2022-05-17 06:59:44,569] {logging_mixin.py:109} INFO - [2022-05-17 06:59:44,569] {dag.py:2937} INFO - Setting next_dagrun for example_short_circuit_operator to 2022-05-16T06:59:44.568944+00:00
[2022-05-17 06:59:44,582] {processor.py:171} INFO - Processing /home/airflow/.local/lib/python3.7/site-packages/airflow/example_dags/example_short_circuit_operator.py took 0.065 seconds
[2022-05-17 07:00:14,865] {processor.py:163} INFO - Started process (PID=10760) to work on /home/airflow/.local/lib/python3.7/site-packages/airflow/example_dags/example_short_circuit_operator.py
[2022-05-17 07:00:14,866] {processor.py:642} INFO - Processing file /home/airflow/.local/lib/python3.7/site-packages/airflow/example_dags/example_short_circuit_operator.py for tasks to queue
[2022-05-17 07:00:14,867] {logging_mixin.py:109} INFO - [2022-05-17 07:00:14,867] {dagbag.py:500} INFO - Filling up the DagBag from /home/airflow/.local/lib/python3.7/site-packages/airflow/example_dags/example_short_circuit_operator.py
[2022-05-17 07:00:14,881] {processor.py:652} INFO - DAG(s) dict_keys(['example_short_circuit_operator']) retrieved from /home/airflow/.local/lib/python3.7/site-packages/airflow/example_dags/example_short_circuit_operator.py
[2022-05-17 07:00:14,900] {logging_mixin.py:109} INFO - [2022-05-17 07:00:14,900] {dag.py:2398} INFO - Sync 1 DAGs
[2022-05-17 07:00:14,914] {logging_mixin.py:109} INFO - [2022-05-17 07:00:14,914] {dag.py:2937} INFO - Setting next_dagrun for example_short_circuit_operator to 2022-05-16T07:00:14.914457+00:00
[2022-05-17 07:00:14,927] {processor.py:171} INFO - Processing /home/airflow/.local/lib/python3.7/site-packages/airflow/example_dags/example_short_circuit_operator.py took 0.065 seconds
[2022-05-17 07:00:45,659] {processor.py:163} INFO - Started process (PID=10823) to work on /home/airflow/.local/lib/python3.7/site-packages/airflow/example_dags/example_short_circuit_operator.py
[2022-05-17 07:00:45,660] {processor.py:642} INFO - Processing file /home/airflow/.local/lib/python3.7/site-packages/airflow/example_dags/example_short_circuit_operator.py for tasks to queue
[2022-05-17 07:00:45,661] {logging_mixin.py:109} INFO - [2022-05-17 07:00:45,661] {dagbag.py:500} INFO - Filling up the DagBag from /home/airflow/.local/lib/python3.7/site-packages/airflow/example_dags/example_short_circuit_operator.py
[2022-05-17 07:00:45,674] {processor.py:652} INFO - DAG(s) dict_keys(['example_short_circuit_operator']) retrieved from /home/airflow/.local/lib/python3.7/site-packages/airflow/example_dags/example_short_circuit_operator.py
[2022-05-17 07:00:45,694] {logging_mixin.py:109} INFO - [2022-05-17 07:00:45,694] {dag.py:2398} INFO - Sync 1 DAGs
[2022-05-17 07:00:45,709] {logging_mixin.py:109} INFO - [2022-05-17 07:00:45,709] {dag.py:2937} INFO - Setting next_dagrun for example_short_circuit_operator to 2022-05-16T07:00:45.708948+00:00
[2022-05-17 07:00:45,723] {processor.py:171} INFO - Processing /home/airflow/.local/lib/python3.7/site-packages/airflow/example_dags/example_short_circuit_operator.py took 0.067 seconds
[2022-05-17 07:01:16,378] {processor.py:163} INFO - Started process (PID=10896) to work on /home/airflow/.local/lib/python3.7/site-packages/airflow/example_dags/example_short_circuit_operator.py
[2022-05-17 07:01:16,379] {processor.py:642} INFO - Processing file /home/airflow/.local/lib/python3.7/site-packages/airflow/example_dags/example_short_circuit_operator.py for tasks to queue
[2022-05-17 07:01:16,380] {logging_mixin.py:109} INFO - [2022-05-17 07:01:16,380] {dagbag.py:500} INFO - Filling up the DagBag from /home/airflow/.local/lib/python3.7/site-packages/airflow/example_dags/example_short_circuit_operator.py
[2022-05-17 07:01:16,393] {processor.py:652} INFO - DAG(s) dict_keys(['example_short_circuit_operator']) retrieved from /home/airflow/.local/lib/python3.7/site-packages/airflow/example_dags/example_short_circuit_operator.py
[2022-05-17 07:01:16,410] {logging_mixin.py:109} INFO - [2022-05-17 07:01:16,410] {dag.py:2398} INFO - Sync 1 DAGs
[2022-05-17 07:01:16,425] {logging_mixin.py:109} INFO - [2022-05-17 07:01:16,425] {dag.py:2937} INFO - Setting next_dagrun for example_short_circuit_operator to 2022-05-16T07:01:16.425391+00:00
[2022-05-17 07:01:16,437] {processor.py:171} INFO - Processing /home/airflow/.local/lib/python3.7/site-packages/airflow/example_dags/example_short_circuit_operator.py took 0.063 seconds
[2022-05-17 07:01:47,126] {processor.py:163} INFO - Started process (PID=10968) to work on /home/airflow/.local/lib/python3.7/site-packages/airflow/example_dags/example_short_circuit_operator.py
[2022-05-17 07:01:47,128] {processor.py:642} INFO - Processing file /home/airflow/.local/lib/python3.7/site-packages/airflow/example_dags/example_short_circuit_operator.py for tasks to queue
[2022-05-17 07:01:47,129] {logging_mixin.py:109} INFO - [2022-05-17 07:01:47,129] {dagbag.py:500} INFO - Filling up the DagBag from /home/airflow/.local/lib/python3.7/site-packages/airflow/example_dags/example_short_circuit_operator.py
[2022-05-17 07:01:47,142] {processor.py:652} INFO - DAG(s) dict_keys(['example_short_circuit_operator']) retrieved from /home/airflow/.local/lib/python3.7/site-packages/airflow/example_dags/example_short_circuit_operator.py
[2022-05-17 07:01:47,161] {logging_mixin.py:109} INFO - [2022-05-17 07:01:47,161] {dag.py:2398} INFO - Sync 1 DAGs
[2022-05-17 07:01:47,175] {logging_mixin.py:109} INFO - [2022-05-17 07:01:47,175] {dag.py:2937} INFO - Setting next_dagrun for example_short_circuit_operator to 2022-05-16T07:01:47.174735+00:00
[2022-05-17 07:01:47,188] {processor.py:171} INFO - Processing /home/airflow/.local/lib/python3.7/site-packages/airflow/example_dags/example_short_circuit_operator.py took 0.065 seconds
[2022-05-17 07:02:17,718] {processor.py:163} INFO - Started process (PID=11032) to work on /home/airflow/.local/lib/python3.7/site-packages/airflow/example_dags/example_short_circuit_operator.py
[2022-05-17 07:02:17,719] {processor.py:642} INFO - Processing file /home/airflow/.local/lib/python3.7/site-packages/airflow/example_dags/example_short_circuit_operator.py for tasks to queue
[2022-05-17 07:02:17,719] {logging_mixin.py:109} INFO - [2022-05-17 07:02:17,719] {dagbag.py:500} INFO - Filling up the DagBag from /home/airflow/.local/lib/python3.7/site-packages/airflow/example_dags/example_short_circuit_operator.py
[2022-05-17 07:02:17,732] {processor.py:652} INFO - DAG(s) dict_keys(['example_short_circuit_operator']) retrieved from /home/airflow/.local/lib/python3.7/site-packages/airflow/example_dags/example_short_circuit_operator.py
[2022-05-17 07:02:17,749] {logging_mixin.py:109} INFO - [2022-05-17 07:02:17,749] {dag.py:2398} INFO - Sync 1 DAGs
[2022-05-17 07:02:17,762] {logging_mixin.py:109} INFO - [2022-05-17 07:02:17,762] {dag.py:2937} INFO - Setting next_dagrun for example_short_circuit_operator to 2022-05-16T07:02:17.761875+00:00
[2022-05-17 07:02:17,775] {processor.py:171} INFO - Processing /home/airflow/.local/lib/python3.7/site-packages/airflow/example_dags/example_short_circuit_operator.py took 0.060 seconds
[2022-05-17 07:02:47,948] {processor.py:163} INFO - Started process (PID=11105) to work on /home/airflow/.local/lib/python3.7/site-packages/airflow/example_dags/example_short_circuit_operator.py
[2022-05-17 07:02:47,949] {processor.py:642} INFO - Processing file /home/airflow/.local/lib/python3.7/site-packages/airflow/example_dags/example_short_circuit_operator.py for tasks to queue
[2022-05-17 07:02:47,950] {logging_mixin.py:109} INFO - [2022-05-17 07:02:47,950] {dagbag.py:500} INFO - Filling up the DagBag from /home/airflow/.local/lib/python3.7/site-packages/airflow/example_dags/example_short_circuit_operator.py
[2022-05-17 07:02:47,965] {processor.py:652} INFO - DAG(s) dict_keys(['example_short_circuit_operator']) retrieved from /home/airflow/.local/lib/python3.7/site-packages/airflow/example_dags/example_short_circuit_operator.py
[2022-05-17 07:02:47,983] {logging_mixin.py:109} INFO - [2022-05-17 07:02:47,983] {dag.py:2398} INFO - Sync 1 DAGs
[2022-05-17 07:02:47,999] {logging_mixin.py:109} INFO - [2022-05-17 07:02:47,999] {dag.py:2937} INFO - Setting next_dagrun for example_short_circuit_operator to 2022-05-16T07:02:47.998789+00:00
[2022-05-17 07:02:48,014] {processor.py:171} INFO - Processing /home/airflow/.local/lib/python3.7/site-packages/airflow/example_dags/example_short_circuit_operator.py took 0.070 seconds
[2022-05-17 07:03:18,115] {processor.py:163} INFO - Started process (PID=11169) to work on /home/airflow/.local/lib/python3.7/site-packages/airflow/example_dags/example_short_circuit_operator.py
[2022-05-17 07:03:18,116] {processor.py:642} INFO - Processing file /home/airflow/.local/lib/python3.7/site-packages/airflow/example_dags/example_short_circuit_operator.py for tasks to queue
[2022-05-17 07:03:18,116] {logging_mixin.py:109} INFO - [2022-05-17 07:03:18,116] {dagbag.py:500} INFO - Filling up the DagBag from /home/airflow/.local/lib/python3.7/site-packages/airflow/example_dags/example_short_circuit_operator.py
[2022-05-17 07:03:18,129] {processor.py:652} INFO - DAG(s) dict_keys(['example_short_circuit_operator']) retrieved from /home/airflow/.local/lib/python3.7/site-packages/airflow/example_dags/example_short_circuit_operator.py
[2022-05-17 07:03:18,146] {logging_mixin.py:109} INFO - [2022-05-17 07:03:18,146] {dag.py:2398} INFO - Sync 1 DAGs
[2022-05-17 07:03:18,160] {logging_mixin.py:109} INFO - [2022-05-17 07:03:18,160] {dag.py:2937} INFO - Setting next_dagrun for example_short_circuit_operator to 2022-05-16T07:03:18.159899+00:00
[2022-05-17 07:03:18,173] {processor.py:171} INFO - Processing /home/airflow/.local/lib/python3.7/site-packages/airflow/example_dags/example_short_circuit_operator.py took 0.061 seconds
[2022-05-17 07:03:48,764] {processor.py:163} INFO - Started process (PID=11243) to work on /home/airflow/.local/lib/python3.7/site-packages/airflow/example_dags/example_short_circuit_operator.py
[2022-05-17 07:03:48,765] {processor.py:642} INFO - Processing file /home/airflow/.local/lib/python3.7/site-packages/airflow/example_dags/example_short_circuit_operator.py for tasks to queue
[2022-05-17 07:03:48,766] {logging_mixin.py:109} INFO - [2022-05-17 07:03:48,766] {dagbag.py:500} INFO - Filling up the DagBag from /home/airflow/.local/lib/python3.7/site-packages/airflow/example_dags/example_short_circuit_operator.py
[2022-05-17 07:03:48,779] {processor.py:652} INFO - DAG(s) dict_keys(['example_short_circuit_operator']) retrieved from /home/airflow/.local/lib/python3.7/site-packages/airflow/example_dags/example_short_circuit_operator.py
[2022-05-17 07:03:48,798] {logging_mixin.py:109} INFO - [2022-05-17 07:03:48,798] {dag.py:2398} INFO - Sync 1 DAGs
[2022-05-17 07:03:48,812] {logging_mixin.py:109} INFO - [2022-05-17 07:03:48,812] {dag.py:2937} INFO - Setting next_dagrun for example_short_circuit_operator to 2022-05-16T07:03:48.812336+00:00
[2022-05-17 07:03:48,825] {processor.py:171} INFO - Processing /home/airflow/.local/lib/python3.7/site-packages/airflow/example_dags/example_short_circuit_operator.py took 0.064 seconds
[2022-05-17 07:04:19,476] {processor.py:163} INFO - Started process (PID=11316) to work on /home/airflow/.local/lib/python3.7/site-packages/airflow/example_dags/example_short_circuit_operator.py
[2022-05-17 07:04:19,477] {processor.py:642} INFO - Processing file /home/airflow/.local/lib/python3.7/site-packages/airflow/example_dags/example_short_circuit_operator.py for tasks to queue
[2022-05-17 07:04:19,478] {logging_mixin.py:109} INFO - [2022-05-17 07:04:19,478] {dagbag.py:500} INFO - Filling up the DagBag from /home/airflow/.local/lib/python3.7/site-packages/airflow/example_dags/example_short_circuit_operator.py
[2022-05-17 07:04:19,490] {processor.py:652} INFO - DAG(s) dict_keys(['example_short_circuit_operator']) retrieved from /home/airflow/.local/lib/python3.7/site-packages/airflow/example_dags/example_short_circuit_operator.py
[2022-05-17 07:04:19,508] {logging_mixin.py:109} INFO - [2022-05-17 07:04:19,507] {dag.py:2398} INFO - Sync 1 DAGs
[2022-05-17 07:04:19,523] {logging_mixin.py:109} INFO - [2022-05-17 07:04:19,523] {dag.py:2937} INFO - Setting next_dagrun for example_short_circuit_operator to 2022-05-16T07:04:19.522783+00:00
[2022-05-17 07:04:19,536] {processor.py:171} INFO - Processing /home/airflow/.local/lib/python3.7/site-packages/airflow/example_dags/example_short_circuit_operator.py took 0.063 seconds
[2022-05-17 07:04:50,350] {processor.py:163} INFO - Started process (PID=11378) to work on /home/airflow/.local/lib/python3.7/site-packages/airflow/example_dags/example_short_circuit_operator.py
[2022-05-17 07:04:50,351] {processor.py:642} INFO - Processing file /home/airflow/.local/lib/python3.7/site-packages/airflow/example_dags/example_short_circuit_operator.py for tasks to queue
[2022-05-17 07:04:50,352] {logging_mixin.py:109} INFO - [2022-05-17 07:04:50,352] {dagbag.py:500} INFO - Filling up the DagBag from /home/airflow/.local/lib/python3.7/site-packages/airflow/example_dags/example_short_circuit_operator.py
[2022-05-17 07:04:50,364] {processor.py:652} INFO - DAG(s) dict_keys(['example_short_circuit_operator']) retrieved from /home/airflow/.local/lib/python3.7/site-packages/airflow/example_dags/example_short_circuit_operator.py
[2022-05-17 07:04:50,381] {logging_mixin.py:109} INFO - [2022-05-17 07:04:50,381] {dag.py:2398} INFO - Sync 1 DAGs
[2022-05-17 07:04:50,395] {logging_mixin.py:109} INFO - [2022-05-17 07:04:50,395] {dag.py:2937} INFO - Setting next_dagrun for example_short_circuit_operator to 2022-05-16T07:04:50.395110+00:00
[2022-05-17 07:04:50,407] {processor.py:171} INFO - Processing /home/airflow/.local/lib/python3.7/site-packages/airflow/example_dags/example_short_circuit_operator.py took 0.060 seconds
[2022-05-17 07:05:21,105] {processor.py:163} INFO - Started process (PID=11451) to work on /home/airflow/.local/lib/python3.7/site-packages/airflow/example_dags/example_short_circuit_operator.py
[2022-05-17 07:05:21,106] {processor.py:642} INFO - Processing file /home/airflow/.local/lib/python3.7/site-packages/airflow/example_dags/example_short_circuit_operator.py for tasks to queue
[2022-05-17 07:05:21,107] {logging_mixin.py:109} INFO - [2022-05-17 07:05:21,107] {dagbag.py:500} INFO - Filling up the DagBag from /home/airflow/.local/lib/python3.7/site-packages/airflow/example_dags/example_short_circuit_operator.py
[2022-05-17 07:05:21,120] {processor.py:652} INFO - DAG(s) dict_keys(['example_short_circuit_operator']) retrieved from /home/airflow/.local/lib/python3.7/site-packages/airflow/example_dags/example_short_circuit_operator.py
[2022-05-17 07:05:21,138] {logging_mixin.py:109} INFO - [2022-05-17 07:05:21,138] {dag.py:2398} INFO - Sync 1 DAGs
[2022-05-17 07:05:21,152] {logging_mixin.py:109} INFO - [2022-05-17 07:05:21,152] {dag.py:2937} INFO - Setting next_dagrun for example_short_circuit_operator to 2022-05-16T07:05:21.152027+00:00
[2022-05-17 07:05:21,166] {processor.py:171} INFO - Processing /home/airflow/.local/lib/python3.7/site-packages/airflow/example_dags/example_short_circuit_operator.py took 0.064 seconds
[2022-05-17 07:05:51,777] {processor.py:163} INFO - Started process (PID=11524) to work on /home/airflow/.local/lib/python3.7/site-packages/airflow/example_dags/example_short_circuit_operator.py
[2022-05-17 07:05:51,778] {processor.py:642} INFO - Processing file /home/airflow/.local/lib/python3.7/site-packages/airflow/example_dags/example_short_circuit_operator.py for tasks to queue
[2022-05-17 07:05:51,779] {logging_mixin.py:109} INFO - [2022-05-17 07:05:51,779] {dagbag.py:500} INFO - Filling up the DagBag from /home/airflow/.local/lib/python3.7/site-packages/airflow/example_dags/example_short_circuit_operator.py
[2022-05-17 07:05:51,797] {processor.py:652} INFO - DAG(s) dict_keys(['example_short_circuit_operator']) retrieved from /home/airflow/.local/lib/python3.7/site-packages/airflow/example_dags/example_short_circuit_operator.py
[2022-05-17 07:05:51,817] {logging_mixin.py:109} INFO - [2022-05-17 07:05:51,816] {dag.py:2398} INFO - Sync 1 DAGs
[2022-05-17 07:05:51,832] {logging_mixin.py:109} INFO - [2022-05-17 07:05:51,832] {dag.py:2937} INFO - Setting next_dagrun for example_short_circuit_operator to 2022-05-16T07:05:51.831859+00:00
[2022-05-17 07:05:51,844] {processor.py:171} INFO - Processing /home/airflow/.local/lib/python3.7/site-packages/airflow/example_dags/example_short_circuit_operator.py took 0.071 seconds
[2022-05-17 07:06:22,584] {processor.py:163} INFO - Started process (PID=11587) to work on /home/airflow/.local/lib/python3.7/site-packages/airflow/example_dags/example_short_circuit_operator.py
[2022-05-17 07:06:22,585] {processor.py:642} INFO - Processing file /home/airflow/.local/lib/python3.7/site-packages/airflow/example_dags/example_short_circuit_operator.py for tasks to queue
[2022-05-17 07:06:22,586] {logging_mixin.py:109} INFO - [2022-05-17 07:06:22,586] {dagbag.py:500} INFO - Filling up the DagBag from /home/airflow/.local/lib/python3.7/site-packages/airflow/example_dags/example_short_circuit_operator.py
[2022-05-17 07:06:22,604] {processor.py:652} INFO - DAG(s) dict_keys(['example_short_circuit_operator']) retrieved from /home/airflow/.local/lib/python3.7/site-packages/airflow/example_dags/example_short_circuit_operator.py
[2022-05-17 07:06:22,625] {logging_mixin.py:109} INFO - [2022-05-17 07:06:22,625] {dag.py:2398} INFO - Sync 1 DAGs
[2022-05-17 07:06:22,642] {logging_mixin.py:109} INFO - [2022-05-17 07:06:22,642] {dag.py:2937} INFO - Setting next_dagrun for example_short_circuit_operator to 2022-05-16T07:06:22.642329+00:00
[2022-05-17 07:06:22,657] {processor.py:171} INFO - Processing /home/airflow/.local/lib/python3.7/site-packages/airflow/example_dags/example_short_circuit_operator.py took 0.078 seconds
[2022-05-17 07:06:53,175] {processor.py:163} INFO - Started process (PID=11658) to work on /home/airflow/.local/lib/python3.7/site-packages/airflow/example_dags/example_short_circuit_operator.py
[2022-05-17 07:06:53,176] {processor.py:642} INFO - Processing file /home/airflow/.local/lib/python3.7/site-packages/airflow/example_dags/example_short_circuit_operator.py for tasks to queue
[2022-05-17 07:06:53,178] {logging_mixin.py:109} INFO - [2022-05-17 07:06:53,178] {dagbag.py:500} INFO - Filling up the DagBag from /home/airflow/.local/lib/python3.7/site-packages/airflow/example_dags/example_short_circuit_operator.py
[2022-05-17 07:06:53,206] {processor.py:652} INFO - DAG(s) dict_keys(['example_short_circuit_operator']) retrieved from /home/airflow/.local/lib/python3.7/site-packages/airflow/example_dags/example_short_circuit_operator.py
[2022-05-17 07:06:53,244] {logging_mixin.py:109} INFO - [2022-05-17 07:06:53,244] {dag.py:2398} INFO - Sync 1 DAGs
[2022-05-17 07:06:53,274] {logging_mixin.py:109} INFO - [2022-05-17 07:06:53,274] {dag.py:2937} INFO - Setting next_dagrun for example_short_circuit_operator to 2022-05-16T07:06:53.273536+00:00
[2022-05-17 07:06:53,296] {processor.py:171} INFO - Processing /home/airflow/.local/lib/python3.7/site-packages/airflow/example_dags/example_short_circuit_operator.py took 0.125 seconds
[2022-05-17 07:07:23,719] {processor.py:163} INFO - Started process (PID=11724) to work on /home/airflow/.local/lib/python3.7/site-packages/airflow/example_dags/example_short_circuit_operator.py
[2022-05-17 07:07:23,722] {processor.py:642} INFO - Processing file /home/airflow/.local/lib/python3.7/site-packages/airflow/example_dags/example_short_circuit_operator.py for tasks to queue
[2022-05-17 07:07:23,724] {logging_mixin.py:109} INFO - [2022-05-17 07:07:23,723] {dagbag.py:500} INFO - Filling up the DagBag from /home/airflow/.local/lib/python3.7/site-packages/airflow/example_dags/example_short_circuit_operator.py
[2022-05-17 07:07:23,754] {processor.py:652} INFO - DAG(s) dict_keys(['example_short_circuit_operator']) retrieved from /home/airflow/.local/lib/python3.7/site-packages/airflow/example_dags/example_short_circuit_operator.py
[2022-05-17 07:07:23,787] {logging_mixin.py:109} INFO - [2022-05-17 07:07:23,787] {dag.py:2398} INFO - Sync 1 DAGs
[2022-05-17 07:07:23,815] {logging_mixin.py:109} INFO - [2022-05-17 07:07:23,815] {dag.py:2937} INFO - Setting next_dagrun for example_short_circuit_operator to 2022-05-16T07:07:23.814674+00:00
[2022-05-17 07:07:23,834] {processor.py:171} INFO - Processing /home/airflow/.local/lib/python3.7/site-packages/airflow/example_dags/example_short_circuit_operator.py took 0.123 seconds
[2022-05-17 07:07:53,993] {processor.py:163} INFO - Started process (PID=11788) to work on /home/airflow/.local/lib/python3.7/site-packages/airflow/example_dags/example_short_circuit_operator.py
[2022-05-17 07:07:53,995] {processor.py:642} INFO - Processing file /home/airflow/.local/lib/python3.7/site-packages/airflow/example_dags/example_short_circuit_operator.py for tasks to queue
[2022-05-17 07:07:53,996] {logging_mixin.py:109} INFO - [2022-05-17 07:07:53,996] {dagbag.py:500} INFO - Filling up the DagBag from /home/airflow/.local/lib/python3.7/site-packages/airflow/example_dags/example_short_circuit_operator.py
[2022-05-17 07:07:54,018] {processor.py:652} INFO - DAG(s) dict_keys(['example_short_circuit_operator']) retrieved from /home/airflow/.local/lib/python3.7/site-packages/airflow/example_dags/example_short_circuit_operator.py
[2022-05-17 07:07:54,044] {logging_mixin.py:109} INFO - [2022-05-17 07:07:54,043] {dag.py:2398} INFO - Sync 1 DAGs
[2022-05-17 07:07:54,062] {logging_mixin.py:109} INFO - [2022-05-17 07:07:54,061] {dag.py:2937} INFO - Setting next_dagrun for example_short_circuit_operator to 2022-05-16T07:07:54.061250+00:00
[2022-05-17 07:07:54,076] {processor.py:171} INFO - Processing /home/airflow/.local/lib/python3.7/site-packages/airflow/example_dags/example_short_circuit_operator.py took 0.087 seconds
[2022-05-17 07:08:24,164] {processor.py:163} INFO - Started process (PID=11850) to work on /home/airflow/.local/lib/python3.7/site-packages/airflow/example_dags/example_short_circuit_operator.py
[2022-05-17 07:08:24,166] {processor.py:642} INFO - Processing file /home/airflow/.local/lib/python3.7/site-packages/airflow/example_dags/example_short_circuit_operator.py for tasks to queue
[2022-05-17 07:08:24,167] {logging_mixin.py:109} INFO - [2022-05-17 07:08:24,167] {dagbag.py:500} INFO - Filling up the DagBag from /home/airflow/.local/lib/python3.7/site-packages/airflow/example_dags/example_short_circuit_operator.py
[2022-05-17 07:08:24,193] {processor.py:652} INFO - DAG(s) dict_keys(['example_short_circuit_operator']) retrieved from /home/airflow/.local/lib/python3.7/site-packages/airflow/example_dags/example_short_circuit_operator.py
[2022-05-17 07:08:24,224] {logging_mixin.py:109} INFO - [2022-05-17 07:08:24,223] {dag.py:2398} INFO - Sync 1 DAGs
[2022-05-17 07:08:24,248] {logging_mixin.py:109} INFO - [2022-05-17 07:08:24,248] {dag.py:2937} INFO - Setting next_dagrun for example_short_circuit_operator to 2022-05-16T07:08:24.247801+00:00
[2022-05-17 07:08:24,265] {processor.py:171} INFO - Processing /home/airflow/.local/lib/python3.7/site-packages/airflow/example_dags/example_short_circuit_operator.py took 0.107 seconds
[2022-05-17 07:08:55,161] {processor.py:163} INFO - Started process (PID=11922) to work on /home/airflow/.local/lib/python3.7/site-packages/airflow/example_dags/example_short_circuit_operator.py
[2022-05-17 07:08:55,163] {processor.py:642} INFO - Processing file /home/airflow/.local/lib/python3.7/site-packages/airflow/example_dags/example_short_circuit_operator.py for tasks to queue
[2022-05-17 07:08:55,164] {logging_mixin.py:109} INFO - [2022-05-17 07:08:55,164] {dagbag.py:500} INFO - Filling up the DagBag from /home/airflow/.local/lib/python3.7/site-packages/airflow/example_dags/example_short_circuit_operator.py
[2022-05-17 07:08:55,190] {processor.py:652} INFO - DAG(s) dict_keys(['example_short_circuit_operator']) retrieved from /home/airflow/.local/lib/python3.7/site-packages/airflow/example_dags/example_short_circuit_operator.py
[2022-05-17 07:08:55,227] {logging_mixin.py:109} INFO - [2022-05-17 07:08:55,227] {dag.py:2398} INFO - Sync 1 DAGs
[2022-05-17 07:08:55,260] {logging_mixin.py:109} INFO - [2022-05-17 07:08:55,260] {dag.py:2937} INFO - Setting next_dagrun for example_short_circuit_operator to 2022-05-16T07:08:55.259840+00:00
[2022-05-17 07:08:55,284] {processor.py:171} INFO - Processing /home/airflow/.local/lib/python3.7/site-packages/airflow/example_dags/example_short_circuit_operator.py took 0.128 seconds
[2022-05-17 07:09:25,918] {processor.py:163} INFO - Started process (PID=11985) to work on /home/airflow/.local/lib/python3.7/site-packages/airflow/example_dags/example_short_circuit_operator.py
[2022-05-17 07:09:25,920] {processor.py:642} INFO - Processing file /home/airflow/.local/lib/python3.7/site-packages/airflow/example_dags/example_short_circuit_operator.py for tasks to queue
[2022-05-17 07:09:25,920] {logging_mixin.py:109} INFO - [2022-05-17 07:09:25,920] {dagbag.py:500} INFO - Filling up the DagBag from /home/airflow/.local/lib/python3.7/site-packages/airflow/example_dags/example_short_circuit_operator.py
[2022-05-17 07:09:25,938] {processor.py:652} INFO - DAG(s) dict_keys(['example_short_circuit_operator']) retrieved from /home/airflow/.local/lib/python3.7/site-packages/airflow/example_dags/example_short_circuit_operator.py
[2022-05-17 07:09:25,964] {logging_mixin.py:109} INFO - [2022-05-17 07:09:25,964] {dag.py:2398} INFO - Sync 1 DAGs
[2022-05-17 07:09:25,984] {logging_mixin.py:109} INFO - [2022-05-17 07:09:25,984] {dag.py:2937} INFO - Setting next_dagrun for example_short_circuit_operator to 2022-05-16T07:09:25.984072+00:00
[2022-05-17 07:09:25,998] {processor.py:171} INFO - Processing /home/airflow/.local/lib/python3.7/site-packages/airflow/example_dags/example_short_circuit_operator.py took 0.083 seconds
[2022-05-17 07:09:56,929] {processor.py:163} INFO - Started process (PID=12049) to work on /home/airflow/.local/lib/python3.7/site-packages/airflow/example_dags/example_short_circuit_operator.py
[2022-05-17 07:09:56,932] {processor.py:642} INFO - Processing file /home/airflow/.local/lib/python3.7/site-packages/airflow/example_dags/example_short_circuit_operator.py for tasks to queue
[2022-05-17 07:09:56,933] {logging_mixin.py:109} INFO - [2022-05-17 07:09:56,933] {dagbag.py:500} INFO - Filling up the DagBag from /home/airflow/.local/lib/python3.7/site-packages/airflow/example_dags/example_short_circuit_operator.py
[2022-05-17 07:09:56,953] {processor.py:652} INFO - DAG(s) dict_keys(['example_short_circuit_operator']) retrieved from /home/airflow/.local/lib/python3.7/site-packages/airflow/example_dags/example_short_circuit_operator.py
[2022-05-17 07:09:56,978] {logging_mixin.py:109} INFO - [2022-05-17 07:09:56,977] {dag.py:2398} INFO - Sync 1 DAGs
[2022-05-17 07:09:56,998] {logging_mixin.py:109} INFO - [2022-05-17 07:09:56,998] {dag.py:2937} INFO - Setting next_dagrun for example_short_circuit_operator to 2022-05-16T07:09:56.998297+00:00
[2022-05-17 07:09:57,016] {processor.py:171} INFO - Processing /home/airflow/.local/lib/python3.7/site-packages/airflow/example_dags/example_short_circuit_operator.py took 0.091 seconds
[2022-05-17 07:10:27,568] {processor.py:163} INFO - Started process (PID=12119) to work on /home/airflow/.local/lib/python3.7/site-packages/airflow/example_dags/example_short_circuit_operator.py
[2022-05-17 07:10:27,569] {processor.py:642} INFO - Processing file /home/airflow/.local/lib/python3.7/site-packages/airflow/example_dags/example_short_circuit_operator.py for tasks to queue
[2022-05-17 07:10:27,570] {logging_mixin.py:109} INFO - [2022-05-17 07:10:27,570] {dagbag.py:500} INFO - Filling up the DagBag from /home/airflow/.local/lib/python3.7/site-packages/airflow/example_dags/example_short_circuit_operator.py
[2022-05-17 07:10:27,590] {processor.py:652} INFO - DAG(s) dict_keys(['example_short_circuit_operator']) retrieved from /home/airflow/.local/lib/python3.7/site-packages/airflow/example_dags/example_short_circuit_operator.py
[2022-05-17 07:10:27,618] {logging_mixin.py:109} INFO - [2022-05-17 07:10:27,618] {dag.py:2398} INFO - Sync 1 DAGs
[2022-05-17 07:10:27,642] {logging_mixin.py:109} INFO - [2022-05-17 07:10:27,642] {dag.py:2937} INFO - Setting next_dagrun for example_short_circuit_operator to 2022-05-16T07:10:27.642130+00:00
[2022-05-17 07:10:27,660] {processor.py:171} INFO - Processing /home/airflow/.local/lib/python3.7/site-packages/airflow/example_dags/example_short_circuit_operator.py took 0.098 seconds
[2022-05-17 07:10:58,008] {processor.py:163} INFO - Started process (PID=12187) to work on /home/airflow/.local/lib/python3.7/site-packages/airflow/example_dags/example_short_circuit_operator.py
[2022-05-17 07:10:58,010] {processor.py:642} INFO - Processing file /home/airflow/.local/lib/python3.7/site-packages/airflow/example_dags/example_short_circuit_operator.py for tasks to queue
[2022-05-17 07:10:58,011] {logging_mixin.py:109} INFO - [2022-05-17 07:10:58,011] {dagbag.py:500} INFO - Filling up the DagBag from /home/airflow/.local/lib/python3.7/site-packages/airflow/example_dags/example_short_circuit_operator.py
[2022-05-17 07:10:58,038] {processor.py:652} INFO - DAG(s) dict_keys(['example_short_circuit_operator']) retrieved from /home/airflow/.local/lib/python3.7/site-packages/airflow/example_dags/example_short_circuit_operator.py
[2022-05-17 07:10:58,077] {logging_mixin.py:109} INFO - [2022-05-17 07:10:58,077] {dag.py:2398} INFO - Sync 1 DAGs
[2022-05-17 07:10:58,107] {logging_mixin.py:109} INFO - [2022-05-17 07:10:58,106] {dag.py:2937} INFO - Setting next_dagrun for example_short_circuit_operator to 2022-05-16T07:10:58.106216+00:00
[2022-05-17 07:10:58,136] {processor.py:171} INFO - Processing /home/airflow/.local/lib/python3.7/site-packages/airflow/example_dags/example_short_circuit_operator.py took 0.132 seconds
[2022-05-17 07:11:28,285] {processor.py:163} INFO - Started process (PID=12253) to work on /home/airflow/.local/lib/python3.7/site-packages/airflow/example_dags/example_short_circuit_operator.py
[2022-05-17 07:11:28,288] {processor.py:642} INFO - Processing file /home/airflow/.local/lib/python3.7/site-packages/airflow/example_dags/example_short_circuit_operator.py for tasks to queue
[2022-05-17 07:11:28,289] {logging_mixin.py:109} INFO - [2022-05-17 07:11:28,289] {dagbag.py:500} INFO - Filling up the DagBag from /home/airflow/.local/lib/python3.7/site-packages/airflow/example_dags/example_short_circuit_operator.py
[2022-05-17 07:11:28,311] {processor.py:652} INFO - DAG(s) dict_keys(['example_short_circuit_operator']) retrieved from /home/airflow/.local/lib/python3.7/site-packages/airflow/example_dags/example_short_circuit_operator.py
[2022-05-17 07:11:28,378] {logging_mixin.py:109} INFO - [2022-05-17 07:11:28,378] {dag.py:2398} INFO - Sync 1 DAGs
[2022-05-17 07:11:28,402] {logging_mixin.py:109} INFO - [2022-05-17 07:11:28,401] {dag.py:2937} INFO - Setting next_dagrun for example_short_circuit_operator to 2022-05-16T07:11:28.401609+00:00
[2022-05-17 07:11:28,419] {processor.py:171} INFO - Processing /home/airflow/.local/lib/python3.7/site-packages/airflow/example_dags/example_short_circuit_operator.py took 0.137 seconds
[2022-05-17 07:11:58,811] {processor.py:163} INFO - Started process (PID=12315) to work on /home/airflow/.local/lib/python3.7/site-packages/airflow/example_dags/example_short_circuit_operator.py
[2022-05-17 07:11:58,813] {processor.py:642} INFO - Processing file /home/airflow/.local/lib/python3.7/site-packages/airflow/example_dags/example_short_circuit_operator.py for tasks to queue
[2022-05-17 07:11:58,815] {logging_mixin.py:109} INFO - [2022-05-17 07:11:58,815] {dagbag.py:500} INFO - Filling up the DagBag from /home/airflow/.local/lib/python3.7/site-packages/airflow/example_dags/example_short_circuit_operator.py
[2022-05-17 07:11:58,842] {processor.py:652} INFO - DAG(s) dict_keys(['example_short_circuit_operator']) retrieved from /home/airflow/.local/lib/python3.7/site-packages/airflow/example_dags/example_short_circuit_operator.py
[2022-05-17 07:11:58,876] {logging_mixin.py:109} INFO - [2022-05-17 07:11:58,876] {dag.py:2398} INFO - Sync 1 DAGs
[2022-05-17 07:11:58,904] {logging_mixin.py:109} INFO - [2022-05-17 07:11:58,903] {dag.py:2937} INFO - Setting next_dagrun for example_short_circuit_operator to 2022-05-16T07:11:58.903456+00:00
[2022-05-17 07:11:58,926] {processor.py:171} INFO - Processing /home/airflow/.local/lib/python3.7/site-packages/airflow/example_dags/example_short_circuit_operator.py took 0.124 seconds
[2022-05-17 07:12:49,990] {processor.py:163} INFO - Started process (PID=12378) to work on /home/airflow/.local/lib/python3.7/site-packages/airflow/example_dags/example_short_circuit_operator.py
[2022-05-17 07:12:49,992] {processor.py:642} INFO - Processing file /home/airflow/.local/lib/python3.7/site-packages/airflow/example_dags/example_short_circuit_operator.py for tasks to queue
[2022-05-17 07:12:49,994] {logging_mixin.py:109} INFO - [2022-05-17 07:12:49,993] {dagbag.py:500} INFO - Filling up the DagBag from /home/airflow/.local/lib/python3.7/site-packages/airflow/example_dags/example_short_circuit_operator.py
[2022-05-17 07:12:50,022] {processor.py:652} INFO - DAG(s) dict_keys(['example_short_circuit_operator']) retrieved from /home/airflow/.local/lib/python3.7/site-packages/airflow/example_dags/example_short_circuit_operator.py
[2022-05-17 07:12:50,058] {logging_mixin.py:109} INFO - [2022-05-17 07:12:50,057] {dag.py:2398} INFO - Sync 1 DAGs
[2022-05-17 07:12:50,092] {logging_mixin.py:109} INFO - [2022-05-17 07:12:50,092] {dag.py:2937} INFO - Setting next_dagrun for example_short_circuit_operator to 2022-05-16T07:12:50.091837+00:00
[2022-05-17 07:12:50,134] {processor.py:171} INFO - Processing /home/airflow/.local/lib/python3.7/site-packages/airflow/example_dags/example_short_circuit_operator.py took 0.149 seconds
[2022-05-17 07:13:20,291] {processor.py:163} INFO - Started process (PID=12442) to work on /home/airflow/.local/lib/python3.7/site-packages/airflow/example_dags/example_short_circuit_operator.py
[2022-05-17 07:13:20,292] {processor.py:642} INFO - Processing file /home/airflow/.local/lib/python3.7/site-packages/airflow/example_dags/example_short_circuit_operator.py for tasks to queue
[2022-05-17 07:13:20,293] {logging_mixin.py:109} INFO - [2022-05-17 07:13:20,293] {dagbag.py:500} INFO - Filling up the DagBag from /home/airflow/.local/lib/python3.7/site-packages/airflow/example_dags/example_short_circuit_operator.py
[2022-05-17 07:13:20,306] {processor.py:652} INFO - DAG(s) dict_keys(['example_short_circuit_operator']) retrieved from /home/airflow/.local/lib/python3.7/site-packages/airflow/example_dags/example_short_circuit_operator.py
[2022-05-17 07:13:20,326] {logging_mixin.py:109} INFO - [2022-05-17 07:13:20,326] {dag.py:2398} INFO - Sync 1 DAGs
[2022-05-17 07:13:20,340] {logging_mixin.py:109} INFO - [2022-05-17 07:13:20,340] {dag.py:2937} INFO - Setting next_dagrun for example_short_circuit_operator to 2022-05-16T07:13:20.340127+00:00
[2022-05-17 07:13:20,357] {processor.py:171} INFO - Processing /home/airflow/.local/lib/python3.7/site-packages/airflow/example_dags/example_short_circuit_operator.py took 0.068 seconds
[2022-05-17 07:13:51,330] {processor.py:163} INFO - Started process (PID=12519) to work on /home/airflow/.local/lib/python3.7/site-packages/airflow/example_dags/example_short_circuit_operator.py
[2022-05-17 07:13:51,331] {processor.py:642} INFO - Processing file /home/airflow/.local/lib/python3.7/site-packages/airflow/example_dags/example_short_circuit_operator.py for tasks to queue
[2022-05-17 07:13:51,332] {logging_mixin.py:109} INFO - [2022-05-17 07:13:51,332] {dagbag.py:500} INFO - Filling up the DagBag from /home/airflow/.local/lib/python3.7/site-packages/airflow/example_dags/example_short_circuit_operator.py
[2022-05-17 07:13:51,348] {processor.py:652} INFO - DAG(s) dict_keys(['example_short_circuit_operator']) retrieved from /home/airflow/.local/lib/python3.7/site-packages/airflow/example_dags/example_short_circuit_operator.py
[2022-05-17 07:13:51,369] {logging_mixin.py:109} INFO - [2022-05-17 07:13:51,369] {dag.py:2398} INFO - Sync 1 DAGs
[2022-05-17 07:13:51,385] {logging_mixin.py:109} INFO - [2022-05-17 07:13:51,385] {dag.py:2937} INFO - Setting next_dagrun for example_short_circuit_operator to 2022-05-16T07:13:51.385350+00:00
[2022-05-17 07:13:51,400] {processor.py:171} INFO - Processing /home/airflow/.local/lib/python3.7/site-packages/airflow/example_dags/example_short_circuit_operator.py took 0.074 seconds
[2022-05-17 07:14:21,655] {processor.py:163} INFO - Started process (PID=12583) to work on /home/airflow/.local/lib/python3.7/site-packages/airflow/example_dags/example_short_circuit_operator.py
[2022-05-17 07:14:21,656] {processor.py:642} INFO - Processing file /home/airflow/.local/lib/python3.7/site-packages/airflow/example_dags/example_short_circuit_operator.py for tasks to queue
[2022-05-17 07:14:21,657] {logging_mixin.py:109} INFO - [2022-05-17 07:14:21,657] {dagbag.py:500} INFO - Filling up the DagBag from /home/airflow/.local/lib/python3.7/site-packages/airflow/example_dags/example_short_circuit_operator.py
[2022-05-17 07:14:21,673] {processor.py:652} INFO - DAG(s) dict_keys(['example_short_circuit_operator']) retrieved from /home/airflow/.local/lib/python3.7/site-packages/airflow/example_dags/example_short_circuit_operator.py
[2022-05-17 07:14:21,692] {logging_mixin.py:109} INFO - [2022-05-17 07:14:21,692] {dag.py:2398} INFO - Sync 1 DAGs
[2022-05-17 07:14:21,708] {logging_mixin.py:109} INFO - [2022-05-17 07:14:21,708] {dag.py:2937} INFO - Setting next_dagrun for example_short_circuit_operator to 2022-05-16T07:14:21.708082+00:00
[2022-05-17 07:14:21,722] {processor.py:171} INFO - Processing /home/airflow/.local/lib/python3.7/site-packages/airflow/example_dags/example_short_circuit_operator.py took 0.070 seconds
[2022-05-17 07:14:52,467] {processor.py:163} INFO - Started process (PID=12656) to work on /home/airflow/.local/lib/python3.7/site-packages/airflow/example_dags/example_short_circuit_operator.py
[2022-05-17 07:14:52,468] {processor.py:642} INFO - Processing file /home/airflow/.local/lib/python3.7/site-packages/airflow/example_dags/example_short_circuit_operator.py for tasks to queue
[2022-05-17 07:14:52,470] {logging_mixin.py:109} INFO - [2022-05-17 07:14:52,469] {dagbag.py:500} INFO - Filling up the DagBag from /home/airflow/.local/lib/python3.7/site-packages/airflow/example_dags/example_short_circuit_operator.py
[2022-05-17 07:14:52,485] {processor.py:652} INFO - DAG(s) dict_keys(['example_short_circuit_operator']) retrieved from /home/airflow/.local/lib/python3.7/site-packages/airflow/example_dags/example_short_circuit_operator.py
[2022-05-17 07:14:52,505] {logging_mixin.py:109} INFO - [2022-05-17 07:14:52,505] {dag.py:2398} INFO - Sync 1 DAGs
[2022-05-17 07:14:52,520] {logging_mixin.py:109} INFO - [2022-05-17 07:14:52,520] {dag.py:2937} INFO - Setting next_dagrun for example_short_circuit_operator to 2022-05-16T07:14:52.520000+00:00
[2022-05-17 07:14:52,534] {processor.py:171} INFO - Processing /home/airflow/.local/lib/python3.7/site-packages/airflow/example_dags/example_short_circuit_operator.py took 0.070 seconds
[2022-05-17 07:15:23,312] {processor.py:163} INFO - Started process (PID=12720) to work on /home/airflow/.local/lib/python3.7/site-packages/airflow/example_dags/example_short_circuit_operator.py
[2022-05-17 07:15:23,314] {processor.py:642} INFO - Processing file /home/airflow/.local/lib/python3.7/site-packages/airflow/example_dags/example_short_circuit_operator.py for tasks to queue
[2022-05-17 07:15:23,315] {logging_mixin.py:109} INFO - [2022-05-17 07:15:23,315] {dagbag.py:500} INFO - Filling up the DagBag from /home/airflow/.local/lib/python3.7/site-packages/airflow/example_dags/example_short_circuit_operator.py
[2022-05-17 07:15:23,332] {processor.py:652} INFO - DAG(s) dict_keys(['example_short_circuit_operator']) retrieved from /home/airflow/.local/lib/python3.7/site-packages/airflow/example_dags/example_short_circuit_operator.py
[2022-05-17 07:15:23,354] {logging_mixin.py:109} INFO - [2022-05-17 07:15:23,354] {dag.py:2398} INFO - Sync 1 DAGs
[2022-05-17 07:15:23,372] {logging_mixin.py:109} INFO - [2022-05-17 07:15:23,372] {dag.py:2937} INFO - Setting next_dagrun for example_short_circuit_operator to 2022-05-16T07:15:23.371807+00:00
[2022-05-17 07:15:23,384] {processor.py:171} INFO - Processing /home/airflow/.local/lib/python3.7/site-packages/airflow/example_dags/example_short_circuit_operator.py took 0.075 seconds
