[2022-05-17 06:58:14,806] {processor.py:163} INFO - Started process (PID=10500) to work on /home/airflow/.local/lib/python3.7/site-packages/airflow/example_dags/example_branch_day_of_week_operator.py
[2022-05-17 06:58:14,808] {processor.py:642} INFO - Processing file /home/airflow/.local/lib/python3.7/site-packages/airflow/example_dags/example_branch_day_of_week_operator.py for tasks to queue
[2022-05-17 06:58:14,809] {logging_mixin.py:109} INFO - [2022-05-17 06:58:14,809] {dagbag.py:500} INFO - Filling up the DagBag from /home/airflow/.local/lib/python3.7/site-packages/airflow/example_dags/example_branch_day_of_week_operator.py
[2022-05-17 06:58:14,840] {processor.py:652} INFO - DAG(s) dict_keys(['example_weekday_branch_operator']) retrieved from /home/airflow/.local/lib/python3.7/site-packages/airflow/example_dags/example_branch_day_of_week_operator.py
[2022-05-17 06:58:14,871] {logging_mixin.py:109} INFO - [2022-05-17 06:58:14,870] {dag.py:2398} INFO - Sync 1 DAGs
[2022-05-17 06:58:14,892] {logging_mixin.py:109} INFO - [2022-05-17 06:58:14,892] {dag.py:2937} INFO - Setting next_dagrun for example_weekday_branch_operator to 2022-05-16 00:00:00+00:00
[2022-05-17 06:58:14,914] {processor.py:171} INFO - Processing /home/airflow/.local/lib/python3.7/site-packages/airflow/example_dags/example_branch_day_of_week_operator.py took 0.118 seconds
[2022-05-17 06:58:45,025] {processor.py:163} INFO - Started process (PID=10562) to work on /home/airflow/.local/lib/python3.7/site-packages/airflow/example_dags/example_branch_day_of_week_operator.py
[2022-05-17 06:58:45,026] {processor.py:642} INFO - Processing file /home/airflow/.local/lib/python3.7/site-packages/airflow/example_dags/example_branch_day_of_week_operator.py for tasks to queue
[2022-05-17 06:58:45,027] {logging_mixin.py:109} INFO - [2022-05-17 06:58:45,027] {dagbag.py:500} INFO - Filling up the DagBag from /home/airflow/.local/lib/python3.7/site-packages/airflow/example_dags/example_branch_day_of_week_operator.py
[2022-05-17 06:58:45,039] {processor.py:652} INFO - DAG(s) dict_keys(['example_weekday_branch_operator']) retrieved from /home/airflow/.local/lib/python3.7/site-packages/airflow/example_dags/example_branch_day_of_week_operator.py
[2022-05-17 06:58:45,058] {logging_mixin.py:109} INFO - [2022-05-17 06:58:45,058] {dag.py:2398} INFO - Sync 1 DAGs
[2022-05-17 06:58:45,073] {logging_mixin.py:109} INFO - [2022-05-17 06:58:45,073] {dag.py:2937} INFO - Setting next_dagrun for example_weekday_branch_operator to 2022-05-16 00:00:00+00:00
[2022-05-17 06:58:45,086] {processor.py:171} INFO - Processing /home/airflow/.local/lib/python3.7/site-packages/airflow/example_dags/example_branch_day_of_week_operator.py took 0.064 seconds
[2022-05-17 06:59:16,037] {processor.py:163} INFO - Started process (PID=10635) to work on /home/airflow/.local/lib/python3.7/site-packages/airflow/example_dags/example_branch_day_of_week_operator.py
[2022-05-17 06:59:16,038] {processor.py:642} INFO - Processing file /home/airflow/.local/lib/python3.7/site-packages/airflow/example_dags/example_branch_day_of_week_operator.py for tasks to queue
[2022-05-17 06:59:16,039] {logging_mixin.py:109} INFO - [2022-05-17 06:59:16,039] {dagbag.py:500} INFO - Filling up the DagBag from /home/airflow/.local/lib/python3.7/site-packages/airflow/example_dags/example_branch_day_of_week_operator.py
[2022-05-17 06:59:16,055] {processor.py:652} INFO - DAG(s) dict_keys(['example_weekday_branch_operator']) retrieved from /home/airflow/.local/lib/python3.7/site-packages/airflow/example_dags/example_branch_day_of_week_operator.py
[2022-05-17 06:59:16,078] {logging_mixin.py:109} INFO - [2022-05-17 06:59:16,078] {dag.py:2398} INFO - Sync 1 DAGs
[2022-05-17 06:59:16,097] {logging_mixin.py:109} INFO - [2022-05-17 06:59:16,097] {dag.py:2937} INFO - Setting next_dagrun for example_weekday_branch_operator to 2022-05-16 00:00:00+00:00
[2022-05-17 06:59:16,113] {processor.py:171} INFO - Processing /home/airflow/.local/lib/python3.7/site-packages/airflow/example_dags/example_branch_day_of_week_operator.py took 0.080 seconds
[2022-05-17 06:59:46,543] {processor.py:163} INFO - Started process (PID=10697) to work on /home/airflow/.local/lib/python3.7/site-packages/airflow/example_dags/example_branch_day_of_week_operator.py
[2022-05-17 06:59:46,544] {processor.py:642} INFO - Processing file /home/airflow/.local/lib/python3.7/site-packages/airflow/example_dags/example_branch_day_of_week_operator.py for tasks to queue
[2022-05-17 06:59:46,545] {logging_mixin.py:109} INFO - [2022-05-17 06:59:46,545] {dagbag.py:500} INFO - Filling up the DagBag from /home/airflow/.local/lib/python3.7/site-packages/airflow/example_dags/example_branch_day_of_week_operator.py
[2022-05-17 06:59:46,565] {processor.py:652} INFO - DAG(s) dict_keys(['example_weekday_branch_operator']) retrieved from /home/airflow/.local/lib/python3.7/site-packages/airflow/example_dags/example_branch_day_of_week_operator.py
[2022-05-17 06:59:46,583] {logging_mixin.py:109} INFO - [2022-05-17 06:59:46,583] {dag.py:2398} INFO - Sync 1 DAGs
[2022-05-17 06:59:46,599] {logging_mixin.py:109} INFO - [2022-05-17 06:59:46,599] {dag.py:2937} INFO - Setting next_dagrun for example_weekday_branch_operator to 2022-05-16 00:00:00+00:00
[2022-05-17 06:59:46,611] {processor.py:171} INFO - Processing /home/airflow/.local/lib/python3.7/site-packages/airflow/example_dags/example_branch_day_of_week_operator.py took 0.073 seconds
[2022-05-17 07:00:17,585] {processor.py:163} INFO - Started process (PID=10771) to work on /home/airflow/.local/lib/python3.7/site-packages/airflow/example_dags/example_branch_day_of_week_operator.py
[2022-05-17 07:00:17,586] {processor.py:642} INFO - Processing file /home/airflow/.local/lib/python3.7/site-packages/airflow/example_dags/example_branch_day_of_week_operator.py for tasks to queue
[2022-05-17 07:00:17,587] {logging_mixin.py:109} INFO - [2022-05-17 07:00:17,587] {dagbag.py:500} INFO - Filling up the DagBag from /home/airflow/.local/lib/python3.7/site-packages/airflow/example_dags/example_branch_day_of_week_operator.py
[2022-05-17 07:00:17,601] {processor.py:652} INFO - DAG(s) dict_keys(['example_weekday_branch_operator']) retrieved from /home/airflow/.local/lib/python3.7/site-packages/airflow/example_dags/example_branch_day_of_week_operator.py
[2022-05-17 07:00:17,619] {logging_mixin.py:109} INFO - [2022-05-17 07:00:17,619] {dag.py:2398} INFO - Sync 1 DAGs
[2022-05-17 07:00:17,636] {logging_mixin.py:109} INFO - [2022-05-17 07:00:17,636] {dag.py:2937} INFO - Setting next_dagrun for example_weekday_branch_operator to 2022-05-16 00:00:00+00:00
[2022-05-17 07:00:17,648] {processor.py:171} INFO - Processing /home/airflow/.local/lib/python3.7/site-packages/airflow/example_dags/example_branch_day_of_week_operator.py took 0.066 seconds
[2022-05-17 07:00:48,284] {processor.py:163} INFO - Started process (PID=10844) to work on /home/airflow/.local/lib/python3.7/site-packages/airflow/example_dags/example_branch_day_of_week_operator.py
[2022-05-17 07:00:48,286] {processor.py:642} INFO - Processing file /home/airflow/.local/lib/python3.7/site-packages/airflow/example_dags/example_branch_day_of_week_operator.py for tasks to queue
[2022-05-17 07:00:48,286] {logging_mixin.py:109} INFO - [2022-05-17 07:00:48,286] {dagbag.py:500} INFO - Filling up the DagBag from /home/airflow/.local/lib/python3.7/site-packages/airflow/example_dags/example_branch_day_of_week_operator.py
[2022-05-17 07:00:48,299] {processor.py:652} INFO - DAG(s) dict_keys(['example_weekday_branch_operator']) retrieved from /home/airflow/.local/lib/python3.7/site-packages/airflow/example_dags/example_branch_day_of_week_operator.py
[2022-05-17 07:00:48,318] {logging_mixin.py:109} INFO - [2022-05-17 07:00:48,318] {dag.py:2398} INFO - Sync 1 DAGs
[2022-05-17 07:00:48,333] {logging_mixin.py:109} INFO - [2022-05-17 07:00:48,333] {dag.py:2937} INFO - Setting next_dagrun for example_weekday_branch_operator to 2022-05-16 00:00:00+00:00
[2022-05-17 07:00:48,345] {processor.py:171} INFO - Processing /home/airflow/.local/lib/python3.7/site-packages/airflow/example_dags/example_branch_day_of_week_operator.py took 0.063 seconds
[2022-05-17 07:01:19,022] {processor.py:163} INFO - Started process (PID=10907) to work on /home/airflow/.local/lib/python3.7/site-packages/airflow/example_dags/example_branch_day_of_week_operator.py
[2022-05-17 07:01:19,023] {processor.py:642} INFO - Processing file /home/airflow/.local/lib/python3.7/site-packages/airflow/example_dags/example_branch_day_of_week_operator.py for tasks to queue
[2022-05-17 07:01:19,024] {logging_mixin.py:109} INFO - [2022-05-17 07:01:19,024] {dagbag.py:500} INFO - Filling up the DagBag from /home/airflow/.local/lib/python3.7/site-packages/airflow/example_dags/example_branch_day_of_week_operator.py
[2022-05-17 07:01:19,037] {processor.py:652} INFO - DAG(s) dict_keys(['example_weekday_branch_operator']) retrieved from /home/airflow/.local/lib/python3.7/site-packages/airflow/example_dags/example_branch_day_of_week_operator.py
[2022-05-17 07:01:19,056] {logging_mixin.py:109} INFO - [2022-05-17 07:01:19,056] {dag.py:2398} INFO - Sync 1 DAGs
[2022-05-17 07:01:19,071] {logging_mixin.py:109} INFO - [2022-05-17 07:01:19,071] {dag.py:2937} INFO - Setting next_dagrun for example_weekday_branch_operator to 2022-05-16 00:00:00+00:00
[2022-05-17 07:01:19,084] {processor.py:171} INFO - Processing /home/airflow/.local/lib/python3.7/site-packages/airflow/example_dags/example_branch_day_of_week_operator.py took 0.064 seconds
[2022-05-17 07:01:49,665] {processor.py:163} INFO - Started process (PID=10978) to work on /home/airflow/.local/lib/python3.7/site-packages/airflow/example_dags/example_branch_day_of_week_operator.py
[2022-05-17 07:01:49,666] {processor.py:642} INFO - Processing file /home/airflow/.local/lib/python3.7/site-packages/airflow/example_dags/example_branch_day_of_week_operator.py for tasks to queue
[2022-05-17 07:01:49,667] {logging_mixin.py:109} INFO - [2022-05-17 07:01:49,667] {dagbag.py:500} INFO - Filling up the DagBag from /home/airflow/.local/lib/python3.7/site-packages/airflow/example_dags/example_branch_day_of_week_operator.py
[2022-05-17 07:01:49,680] {processor.py:652} INFO - DAG(s) dict_keys(['example_weekday_branch_operator']) retrieved from /home/airflow/.local/lib/python3.7/site-packages/airflow/example_dags/example_branch_day_of_week_operator.py
[2022-05-17 07:01:49,699] {logging_mixin.py:109} INFO - [2022-05-17 07:01:49,698] {dag.py:2398} INFO - Sync 1 DAGs
[2022-05-17 07:01:49,716] {logging_mixin.py:109} INFO - [2022-05-17 07:01:49,715] {dag.py:2937} INFO - Setting next_dagrun for example_weekday_branch_operator to 2022-05-16 00:00:00+00:00
[2022-05-17 07:01:49,729] {processor.py:171} INFO - Processing /home/airflow/.local/lib/python3.7/site-packages/airflow/example_dags/example_branch_day_of_week_operator.py took 0.066 seconds
[2022-05-17 07:02:20,374] {processor.py:163} INFO - Started process (PID=11048) to work on /home/airflow/.local/lib/python3.7/site-packages/airflow/example_dags/example_branch_day_of_week_operator.py
[2022-05-17 07:02:20,375] {processor.py:642} INFO - Processing file /home/airflow/.local/lib/python3.7/site-packages/airflow/example_dags/example_branch_day_of_week_operator.py for tasks to queue
[2022-05-17 07:02:20,376] {logging_mixin.py:109} INFO - [2022-05-17 07:02:20,376] {dagbag.py:500} INFO - Filling up the DagBag from /home/airflow/.local/lib/python3.7/site-packages/airflow/example_dags/example_branch_day_of_week_operator.py
[2022-05-17 07:02:20,388] {processor.py:652} INFO - DAG(s) dict_keys(['example_weekday_branch_operator']) retrieved from /home/airflow/.local/lib/python3.7/site-packages/airflow/example_dags/example_branch_day_of_week_operator.py
[2022-05-17 07:02:20,406] {logging_mixin.py:109} INFO - [2022-05-17 07:02:20,406] {dag.py:2398} INFO - Sync 1 DAGs
[2022-05-17 07:02:20,420] {logging_mixin.py:109} INFO - [2022-05-17 07:02:20,420] {dag.py:2937} INFO - Setting next_dagrun for example_weekday_branch_operator to 2022-05-16 00:00:00+00:00
[2022-05-17 07:02:20,434] {processor.py:171} INFO - Processing /home/airflow/.local/lib/python3.7/site-packages/airflow/example_dags/example_branch_day_of_week_operator.py took 0.063 seconds
[2022-05-17 07:02:50,649] {processor.py:163} INFO - Started process (PID=11115) to work on /home/airflow/.local/lib/python3.7/site-packages/airflow/example_dags/example_branch_day_of_week_operator.py
[2022-05-17 07:02:50,650] {processor.py:642} INFO - Processing file /home/airflow/.local/lib/python3.7/site-packages/airflow/example_dags/example_branch_day_of_week_operator.py for tasks to queue
[2022-05-17 07:02:50,651] {logging_mixin.py:109} INFO - [2022-05-17 07:02:50,651] {dagbag.py:500} INFO - Filling up the DagBag from /home/airflow/.local/lib/python3.7/site-packages/airflow/example_dags/example_branch_day_of_week_operator.py
[2022-05-17 07:02:50,664] {processor.py:652} INFO - DAG(s) dict_keys(['example_weekday_branch_operator']) retrieved from /home/airflow/.local/lib/python3.7/site-packages/airflow/example_dags/example_branch_day_of_week_operator.py
[2022-05-17 07:02:50,682] {logging_mixin.py:109} INFO - [2022-05-17 07:02:50,682] {dag.py:2398} INFO - Sync 1 DAGs
[2022-05-17 07:02:50,695] {logging_mixin.py:109} INFO - [2022-05-17 07:02:50,695] {dag.py:2937} INFO - Setting next_dagrun for example_weekday_branch_operator to 2022-05-16 00:00:00+00:00
[2022-05-17 07:02:50,708] {processor.py:171} INFO - Processing /home/airflow/.local/lib/python3.7/site-packages/airflow/example_dags/example_branch_day_of_week_operator.py took 0.062 seconds
[2022-05-17 07:03:21,874] {processor.py:163} INFO - Started process (PID=11190) to work on /home/airflow/.local/lib/python3.7/site-packages/airflow/example_dags/example_branch_day_of_week_operator.py
[2022-05-17 07:03:21,875] {processor.py:642} INFO - Processing file /home/airflow/.local/lib/python3.7/site-packages/airflow/example_dags/example_branch_day_of_week_operator.py for tasks to queue
[2022-05-17 07:03:21,875] {logging_mixin.py:109} INFO - [2022-05-17 07:03:21,875] {dagbag.py:500} INFO - Filling up the DagBag from /home/airflow/.local/lib/python3.7/site-packages/airflow/example_dags/example_branch_day_of_week_operator.py
[2022-05-17 07:03:21,888] {processor.py:652} INFO - DAG(s) dict_keys(['example_weekday_branch_operator']) retrieved from /home/airflow/.local/lib/python3.7/site-packages/airflow/example_dags/example_branch_day_of_week_operator.py
[2022-05-17 07:03:21,906] {logging_mixin.py:109} INFO - [2022-05-17 07:03:21,906] {dag.py:2398} INFO - Sync 1 DAGs
[2022-05-17 07:03:21,921] {logging_mixin.py:109} INFO - [2022-05-17 07:03:21,921] {dag.py:2937} INFO - Setting next_dagrun for example_weekday_branch_operator to 2022-05-16 00:00:00+00:00
[2022-05-17 07:03:21,936] {processor.py:171} INFO - Processing /home/airflow/.local/lib/python3.7/site-packages/airflow/example_dags/example_branch_day_of_week_operator.py took 0.065 seconds
[2022-05-17 07:03:52,417] {processor.py:163} INFO - Started process (PID=11254) to work on /home/airflow/.local/lib/python3.7/site-packages/airflow/example_dags/example_branch_day_of_week_operator.py
[2022-05-17 07:03:52,419] {processor.py:642} INFO - Processing file /home/airflow/.local/lib/python3.7/site-packages/airflow/example_dags/example_branch_day_of_week_operator.py for tasks to queue
[2022-05-17 07:03:52,420] {logging_mixin.py:109} INFO - [2022-05-17 07:03:52,420] {dagbag.py:500} INFO - Filling up the DagBag from /home/airflow/.local/lib/python3.7/site-packages/airflow/example_dags/example_branch_day_of_week_operator.py
[2022-05-17 07:03:52,432] {processor.py:652} INFO - DAG(s) dict_keys(['example_weekday_branch_operator']) retrieved from /home/airflow/.local/lib/python3.7/site-packages/airflow/example_dags/example_branch_day_of_week_operator.py
[2022-05-17 07:03:52,450] {logging_mixin.py:109} INFO - [2022-05-17 07:03:52,450] {dag.py:2398} INFO - Sync 1 DAGs
[2022-05-17 07:03:52,466] {logging_mixin.py:109} INFO - [2022-05-17 07:03:52,466] {dag.py:2937} INFO - Setting next_dagrun for example_weekday_branch_operator to 2022-05-16 00:00:00+00:00
[2022-05-17 07:03:52,479] {processor.py:171} INFO - Processing /home/airflow/.local/lib/python3.7/site-packages/airflow/example_dags/example_branch_day_of_week_operator.py took 0.064 seconds
[2022-05-17 07:04:23,196] {processor.py:163} INFO - Started process (PID=11327) to work on /home/airflow/.local/lib/python3.7/site-packages/airflow/example_dags/example_branch_day_of_week_operator.py
[2022-05-17 07:04:23,197] {processor.py:642} INFO - Processing file /home/airflow/.local/lib/python3.7/site-packages/airflow/example_dags/example_branch_day_of_week_operator.py for tasks to queue
[2022-05-17 07:04:23,198] {logging_mixin.py:109} INFO - [2022-05-17 07:04:23,198] {dagbag.py:500} INFO - Filling up the DagBag from /home/airflow/.local/lib/python3.7/site-packages/airflow/example_dags/example_branch_day_of_week_operator.py
[2022-05-17 07:04:23,211] {processor.py:652} INFO - DAG(s) dict_keys(['example_weekday_branch_operator']) retrieved from /home/airflow/.local/lib/python3.7/site-packages/airflow/example_dags/example_branch_day_of_week_operator.py
[2022-05-17 07:04:23,234] {logging_mixin.py:109} INFO - [2022-05-17 07:04:23,233] {dag.py:2398} INFO - Sync 1 DAGs
[2022-05-17 07:04:23,249] {logging_mixin.py:109} INFO - [2022-05-17 07:04:23,249] {dag.py:2937} INFO - Setting next_dagrun for example_weekday_branch_operator to 2022-05-16 00:00:00+00:00
[2022-05-17 07:04:23,262] {processor.py:171} INFO - Processing /home/airflow/.local/lib/python3.7/site-packages/airflow/example_dags/example_branch_day_of_week_operator.py took 0.069 seconds
[2022-05-17 07:04:54,057] {processor.py:163} INFO - Started process (PID=11398) to work on /home/airflow/.local/lib/python3.7/site-packages/airflow/example_dags/example_branch_day_of_week_operator.py
[2022-05-17 07:04:54,059] {processor.py:642} INFO - Processing file /home/airflow/.local/lib/python3.7/site-packages/airflow/example_dags/example_branch_day_of_week_operator.py for tasks to queue
[2022-05-17 07:04:54,059] {logging_mixin.py:109} INFO - [2022-05-17 07:04:54,059] {dagbag.py:500} INFO - Filling up the DagBag from /home/airflow/.local/lib/python3.7/site-packages/airflow/example_dags/example_branch_day_of_week_operator.py
[2022-05-17 07:04:54,075] {processor.py:652} INFO - DAG(s) dict_keys(['example_weekday_branch_operator']) retrieved from /home/airflow/.local/lib/python3.7/site-packages/airflow/example_dags/example_branch_day_of_week_operator.py
[2022-05-17 07:04:54,096] {logging_mixin.py:109} INFO - [2022-05-17 07:04:54,096] {dag.py:2398} INFO - Sync 1 DAGs
[2022-05-17 07:04:54,121] {logging_mixin.py:109} INFO - [2022-05-17 07:04:54,121] {dag.py:2937} INFO - Setting next_dagrun for example_weekday_branch_operator to 2022-05-16 00:00:00+00:00
[2022-05-17 07:04:54,133] {processor.py:171} INFO - Processing /home/airflow/.local/lib/python3.7/site-packages/airflow/example_dags/example_branch_day_of_week_operator.py took 0.079 seconds
[2022-05-17 07:05:24,810] {processor.py:163} INFO - Started process (PID=11462) to work on /home/airflow/.local/lib/python3.7/site-packages/airflow/example_dags/example_branch_day_of_week_operator.py
[2022-05-17 07:05:24,811] {processor.py:642} INFO - Processing file /home/airflow/.local/lib/python3.7/site-packages/airflow/example_dags/example_branch_day_of_week_operator.py for tasks to queue
[2022-05-17 07:05:24,812] {logging_mixin.py:109} INFO - [2022-05-17 07:05:24,812] {dagbag.py:500} INFO - Filling up the DagBag from /home/airflow/.local/lib/python3.7/site-packages/airflow/example_dags/example_branch_day_of_week_operator.py
[2022-05-17 07:05:24,825] {processor.py:652} INFO - DAG(s) dict_keys(['example_weekday_branch_operator']) retrieved from /home/airflow/.local/lib/python3.7/site-packages/airflow/example_dags/example_branch_day_of_week_operator.py
[2022-05-17 07:05:24,843] {logging_mixin.py:109} INFO - [2022-05-17 07:05:24,843] {dag.py:2398} INFO - Sync 1 DAGs
[2022-05-17 07:05:24,857] {logging_mixin.py:109} INFO - [2022-05-17 07:05:24,857] {dag.py:2937} INFO - Setting next_dagrun for example_weekday_branch_operator to 2022-05-16 00:00:00+00:00
[2022-05-17 07:05:24,869] {processor.py:171} INFO - Processing /home/airflow/.local/lib/python3.7/site-packages/airflow/example_dags/example_branch_day_of_week_operator.py took 0.062 seconds
[2022-05-17 07:05:55,282] {processor.py:163} INFO - Started process (PID=11534) to work on /home/airflow/.local/lib/python3.7/site-packages/airflow/example_dags/example_branch_day_of_week_operator.py
[2022-05-17 07:05:55,284] {processor.py:642} INFO - Processing file /home/airflow/.local/lib/python3.7/site-packages/airflow/example_dags/example_branch_day_of_week_operator.py for tasks to queue
[2022-05-17 07:05:55,285] {logging_mixin.py:109} INFO - [2022-05-17 07:05:55,285] {dagbag.py:500} INFO - Filling up the DagBag from /home/airflow/.local/lib/python3.7/site-packages/airflow/example_dags/example_branch_day_of_week_operator.py
[2022-05-17 07:05:55,299] {processor.py:652} INFO - DAG(s) dict_keys(['example_weekday_branch_operator']) retrieved from /home/airflow/.local/lib/python3.7/site-packages/airflow/example_dags/example_branch_day_of_week_operator.py
[2022-05-17 07:05:55,319] {logging_mixin.py:109} INFO - [2022-05-17 07:05:55,319] {dag.py:2398} INFO - Sync 1 DAGs
[2022-05-17 07:05:55,340] {logging_mixin.py:109} INFO - [2022-05-17 07:05:55,340] {dag.py:2937} INFO - Setting next_dagrun for example_weekday_branch_operator to 2022-05-16 00:00:00+00:00
[2022-05-17 07:05:55,352] {processor.py:171} INFO - Processing /home/airflow/.local/lib/python3.7/site-packages/airflow/example_dags/example_branch_day_of_week_operator.py took 0.074 seconds
[2022-05-17 07:06:26,474] {processor.py:163} INFO - Started process (PID=11598) to work on /home/airflow/.local/lib/python3.7/site-packages/airflow/example_dags/example_branch_day_of_week_operator.py
[2022-05-17 07:06:26,476] {processor.py:642} INFO - Processing file /home/airflow/.local/lib/python3.7/site-packages/airflow/example_dags/example_branch_day_of_week_operator.py for tasks to queue
[2022-05-17 07:06:26,476] {logging_mixin.py:109} INFO - [2022-05-17 07:06:26,476] {dagbag.py:500} INFO - Filling up the DagBag from /home/airflow/.local/lib/python3.7/site-packages/airflow/example_dags/example_branch_day_of_week_operator.py
[2022-05-17 07:06:26,493] {processor.py:652} INFO - DAG(s) dict_keys(['example_weekday_branch_operator']) retrieved from /home/airflow/.local/lib/python3.7/site-packages/airflow/example_dags/example_branch_day_of_week_operator.py
[2022-05-17 07:06:26,515] {logging_mixin.py:109} INFO - [2022-05-17 07:06:26,515] {dag.py:2398} INFO - Sync 1 DAGs
[2022-05-17 07:06:26,533] {logging_mixin.py:109} INFO - [2022-05-17 07:06:26,533] {dag.py:2937} INFO - Setting next_dagrun for example_weekday_branch_operator to 2022-05-16 00:00:00+00:00
[2022-05-17 07:06:26,546] {processor.py:171} INFO - Processing /home/airflow/.local/lib/python3.7/site-packages/airflow/example_dags/example_branch_day_of_week_operator.py took 0.078 seconds
[2022-05-17 07:06:57,390] {processor.py:163} INFO - Started process (PID=11671) to work on /home/airflow/.local/lib/python3.7/site-packages/airflow/example_dags/example_branch_day_of_week_operator.py
[2022-05-17 07:06:57,393] {processor.py:642} INFO - Processing file /home/airflow/.local/lib/python3.7/site-packages/airflow/example_dags/example_branch_day_of_week_operator.py for tasks to queue
[2022-05-17 07:06:57,395] {logging_mixin.py:109} INFO - [2022-05-17 07:06:57,395] {dagbag.py:500} INFO - Filling up the DagBag from /home/airflow/.local/lib/python3.7/site-packages/airflow/example_dags/example_branch_day_of_week_operator.py
[2022-05-17 07:06:57,423] {processor.py:652} INFO - DAG(s) dict_keys(['example_weekday_branch_operator']) retrieved from /home/airflow/.local/lib/python3.7/site-packages/airflow/example_dags/example_branch_day_of_week_operator.py
[2022-05-17 07:06:57,469] {logging_mixin.py:109} INFO - [2022-05-17 07:06:57,469] {dag.py:2398} INFO - Sync 1 DAGs
[2022-05-17 07:06:57,514] {logging_mixin.py:109} INFO - [2022-05-17 07:06:57,514] {dag.py:2937} INFO - Setting next_dagrun for example_weekday_branch_operator to 2022-05-16 00:00:00+00:00
[2022-05-17 07:06:57,538] {processor.py:171} INFO - Processing /home/airflow/.local/lib/python3.7/site-packages/airflow/example_dags/example_branch_day_of_week_operator.py took 0.154 seconds
[2022-05-17 07:07:27,626] {processor.py:163} INFO - Started process (PID=11734) to work on /home/airflow/.local/lib/python3.7/site-packages/airflow/example_dags/example_branch_day_of_week_operator.py
[2022-05-17 07:07:27,628] {processor.py:642} INFO - Processing file /home/airflow/.local/lib/python3.7/site-packages/airflow/example_dags/example_branch_day_of_week_operator.py for tasks to queue
[2022-05-17 07:07:27,629] {logging_mixin.py:109} INFO - [2022-05-17 07:07:27,629] {dagbag.py:500} INFO - Filling up the DagBag from /home/airflow/.local/lib/python3.7/site-packages/airflow/example_dags/example_branch_day_of_week_operator.py
[2022-05-17 07:07:27,649] {processor.py:652} INFO - DAG(s) dict_keys(['example_weekday_branch_operator']) retrieved from /home/airflow/.local/lib/python3.7/site-packages/airflow/example_dags/example_branch_day_of_week_operator.py
[2022-05-17 07:07:27,677] {logging_mixin.py:109} INFO - [2022-05-17 07:07:27,676] {dag.py:2398} INFO - Sync 1 DAGs
[2022-05-17 07:07:27,698] {logging_mixin.py:109} INFO - [2022-05-17 07:07:27,698] {dag.py:2937} INFO - Setting next_dagrun for example_weekday_branch_operator to 2022-05-16 00:00:00+00:00
[2022-05-17 07:07:27,717] {processor.py:171} INFO - Processing /home/airflow/.local/lib/python3.7/site-packages/airflow/example_dags/example_branch_day_of_week_operator.py took 0.095 seconds
[2022-05-17 07:07:58,268] {processor.py:163} INFO - Started process (PID=11798) to work on /home/airflow/.local/lib/python3.7/site-packages/airflow/example_dags/example_branch_day_of_week_operator.py
[2022-05-17 07:07:58,270] {processor.py:642} INFO - Processing file /home/airflow/.local/lib/python3.7/site-packages/airflow/example_dags/example_branch_day_of_week_operator.py for tasks to queue
[2022-05-17 07:07:58,272] {logging_mixin.py:109} INFO - [2022-05-17 07:07:58,272] {dagbag.py:500} INFO - Filling up the DagBag from /home/airflow/.local/lib/python3.7/site-packages/airflow/example_dags/example_branch_day_of_week_operator.py
[2022-05-17 07:07:58,304] {processor.py:652} INFO - DAG(s) dict_keys(['example_weekday_branch_operator']) retrieved from /home/airflow/.local/lib/python3.7/site-packages/airflow/example_dags/example_branch_day_of_week_operator.py
[2022-05-17 07:07:58,339] {logging_mixin.py:109} INFO - [2022-05-17 07:07:58,339] {dag.py:2398} INFO - Sync 1 DAGs
[2022-05-17 07:07:58,371] {logging_mixin.py:109} INFO - [2022-05-17 07:07:58,371] {dag.py:2937} INFO - Setting next_dagrun for example_weekday_branch_operator to 2022-05-16 00:00:00+00:00
[2022-05-17 07:07:58,391] {processor.py:171} INFO - Processing /home/airflow/.local/lib/python3.7/site-packages/airflow/example_dags/example_branch_day_of_week_operator.py took 0.128 seconds
[2022-05-17 07:08:29,413] {processor.py:163} INFO - Started process (PID=11870) to work on /home/airflow/.local/lib/python3.7/site-packages/airflow/example_dags/example_branch_day_of_week_operator.py
[2022-05-17 07:08:29,416] {processor.py:642} INFO - Processing file /home/airflow/.local/lib/python3.7/site-packages/airflow/example_dags/example_branch_day_of_week_operator.py for tasks to queue
[2022-05-17 07:08:29,417] {logging_mixin.py:109} INFO - [2022-05-17 07:08:29,417] {dagbag.py:500} INFO - Filling up the DagBag from /home/airflow/.local/lib/python3.7/site-packages/airflow/example_dags/example_branch_day_of_week_operator.py
[2022-05-17 07:08:29,447] {processor.py:652} INFO - DAG(s) dict_keys(['example_weekday_branch_operator']) retrieved from /home/airflow/.local/lib/python3.7/site-packages/airflow/example_dags/example_branch_day_of_week_operator.py
[2022-05-17 07:08:29,494] {logging_mixin.py:109} INFO - [2022-05-17 07:08:29,494] {dag.py:2398} INFO - Sync 1 DAGs
[2022-05-17 07:08:29,535] {logging_mixin.py:109} INFO - [2022-05-17 07:08:29,535] {dag.py:2937} INFO - Setting next_dagrun for example_weekday_branch_operator to 2022-05-16 00:00:00+00:00
[2022-05-17 07:08:29,561] {processor.py:171} INFO - Processing /home/airflow/.local/lib/python3.7/site-packages/airflow/example_dags/example_branch_day_of_week_operator.py took 0.154 seconds
[2022-05-17 07:09:00,405] {processor.py:163} INFO - Started process (PID=11933) to work on /home/airflow/.local/lib/python3.7/site-packages/airflow/example_dags/example_branch_day_of_week_operator.py
[2022-05-17 07:09:00,408] {processor.py:642} INFO - Processing file /home/airflow/.local/lib/python3.7/site-packages/airflow/example_dags/example_branch_day_of_week_operator.py for tasks to queue
[2022-05-17 07:09:00,410] {logging_mixin.py:109} INFO - [2022-05-17 07:09:00,409] {dagbag.py:500} INFO - Filling up the DagBag from /home/airflow/.local/lib/python3.7/site-packages/airflow/example_dags/example_branch_day_of_week_operator.py
[2022-05-17 07:09:00,437] {processor.py:652} INFO - DAG(s) dict_keys(['example_weekday_branch_operator']) retrieved from /home/airflow/.local/lib/python3.7/site-packages/airflow/example_dags/example_branch_day_of_week_operator.py
[2022-05-17 07:09:00,477] {logging_mixin.py:109} INFO - [2022-05-17 07:09:00,476] {dag.py:2398} INFO - Sync 1 DAGs
[2022-05-17 07:09:00,514] {logging_mixin.py:109} INFO - [2022-05-17 07:09:00,514] {dag.py:2937} INFO - Setting next_dagrun for example_weekday_branch_operator to 2022-05-16 00:00:00+00:00
[2022-05-17 07:09:00,540] {processor.py:171} INFO - Processing /home/airflow/.local/lib/python3.7/site-packages/airflow/example_dags/example_branch_day_of_week_operator.py took 0.140 seconds
[2022-05-17 07:09:30,878] {processor.py:163} INFO - Started process (PID=11995) to work on /home/airflow/.local/lib/python3.7/site-packages/airflow/example_dags/example_branch_day_of_week_operator.py
[2022-05-17 07:09:30,882] {processor.py:642} INFO - Processing file /home/airflow/.local/lib/python3.7/site-packages/airflow/example_dags/example_branch_day_of_week_operator.py for tasks to queue
[2022-05-17 07:09:30,883] {logging_mixin.py:109} INFO - [2022-05-17 07:09:30,883] {dagbag.py:500} INFO - Filling up the DagBag from /home/airflow/.local/lib/python3.7/site-packages/airflow/example_dags/example_branch_day_of_week_operator.py
[2022-05-17 07:09:30,906] {processor.py:652} INFO - DAG(s) dict_keys(['example_weekday_branch_operator']) retrieved from /home/airflow/.local/lib/python3.7/site-packages/airflow/example_dags/example_branch_day_of_week_operator.py
[2022-05-17 07:09:30,935] {logging_mixin.py:109} INFO - [2022-05-17 07:09:30,935] {dag.py:2398} INFO - Sync 1 DAGs
[2022-05-17 07:09:30,960] {logging_mixin.py:109} INFO - [2022-05-17 07:09:30,960] {dag.py:2937} INFO - Setting next_dagrun for example_weekday_branch_operator to 2022-05-16 00:00:00+00:00
[2022-05-17 07:09:30,978] {processor.py:171} INFO - Processing /home/airflow/.local/lib/python3.7/site-packages/airflow/example_dags/example_branch_day_of_week_operator.py took 0.104 seconds
[2022-05-17 07:10:01,903] {processor.py:163} INFO - Started process (PID=12068) to work on /home/airflow/.local/lib/python3.7/site-packages/airflow/example_dags/example_branch_day_of_week_operator.py
[2022-05-17 07:10:01,905] {processor.py:642} INFO - Processing file /home/airflow/.local/lib/python3.7/site-packages/airflow/example_dags/example_branch_day_of_week_operator.py for tasks to queue
[2022-05-17 07:10:01,907] {logging_mixin.py:109} INFO - [2022-05-17 07:10:01,907] {dagbag.py:500} INFO - Filling up the DagBag from /home/airflow/.local/lib/python3.7/site-packages/airflow/example_dags/example_branch_day_of_week_operator.py
[2022-05-17 07:10:01,935] {processor.py:652} INFO - DAG(s) dict_keys(['example_weekday_branch_operator']) retrieved from /home/airflow/.local/lib/python3.7/site-packages/airflow/example_dags/example_branch_day_of_week_operator.py
[2022-05-17 07:10:01,969] {logging_mixin.py:109} INFO - [2022-05-17 07:10:01,969] {dag.py:2398} INFO - Sync 1 DAGs
[2022-05-17 07:10:01,998] {logging_mixin.py:109} INFO - [2022-05-17 07:10:01,998] {dag.py:2937} INFO - Setting next_dagrun for example_weekday_branch_operator to 2022-05-16 00:00:00+00:00
[2022-05-17 07:10:02,019] {processor.py:171} INFO - Processing /home/airflow/.local/lib/python3.7/site-packages/airflow/example_dags/example_branch_day_of_week_operator.py took 0.122 seconds
[2022-05-17 07:10:32,945] {processor.py:163} INFO - Started process (PID=12132) to work on /home/airflow/.local/lib/python3.7/site-packages/airflow/example_dags/example_branch_day_of_week_operator.py
[2022-05-17 07:10:32,954] {processor.py:642} INFO - Processing file /home/airflow/.local/lib/python3.7/site-packages/airflow/example_dags/example_branch_day_of_week_operator.py for tasks to queue
[2022-05-17 07:10:32,956] {logging_mixin.py:109} INFO - [2022-05-17 07:10:32,956] {dagbag.py:500} INFO - Filling up the DagBag from /home/airflow/.local/lib/python3.7/site-packages/airflow/example_dags/example_branch_day_of_week_operator.py
[2022-05-17 07:10:32,995] {processor.py:652} INFO - DAG(s) dict_keys(['example_weekday_branch_operator']) retrieved from /home/airflow/.local/lib/python3.7/site-packages/airflow/example_dags/example_branch_day_of_week_operator.py
[2022-05-17 07:10:33,038] {logging_mixin.py:109} INFO - [2022-05-17 07:10:33,038] {dag.py:2398} INFO - Sync 1 DAGs
[2022-05-17 07:10:33,073] {logging_mixin.py:109} INFO - [2022-05-17 07:10:33,073] {dag.py:2937} INFO - Setting next_dagrun for example_weekday_branch_operator to 2022-05-16 00:00:00+00:00
[2022-05-17 07:10:33,095] {processor.py:171} INFO - Processing /home/airflow/.local/lib/python3.7/site-packages/airflow/example_dags/example_branch_day_of_week_operator.py took 0.156 seconds
[2022-05-17 07:11:04,682] {processor.py:163} INFO - Started process (PID=12198) to work on /home/airflow/.local/lib/python3.7/site-packages/airflow/example_dags/example_branch_day_of_week_operator.py
[2022-05-17 07:11:04,684] {processor.py:642} INFO - Processing file /home/airflow/.local/lib/python3.7/site-packages/airflow/example_dags/example_branch_day_of_week_operator.py for tasks to queue
[2022-05-17 07:11:04,685] {logging_mixin.py:109} INFO - [2022-05-17 07:11:04,685] {dagbag.py:500} INFO - Filling up the DagBag from /home/airflow/.local/lib/python3.7/site-packages/airflow/example_dags/example_branch_day_of_week_operator.py
[2022-05-17 07:11:04,711] {processor.py:652} INFO - DAG(s) dict_keys(['example_weekday_branch_operator']) retrieved from /home/airflow/.local/lib/python3.7/site-packages/airflow/example_dags/example_branch_day_of_week_operator.py
[2022-05-17 07:11:04,747] {logging_mixin.py:109} INFO - [2022-05-17 07:11:04,746] {dag.py:2398} INFO - Sync 1 DAGs
[2022-05-17 07:11:04,779] {logging_mixin.py:109} INFO - [2022-05-17 07:11:04,779] {dag.py:2937} INFO - Setting next_dagrun for example_weekday_branch_operator to 2022-05-16 00:00:00+00:00
[2022-05-17 07:11:04,802] {processor.py:171} INFO - Processing /home/airflow/.local/lib/python3.7/site-packages/airflow/example_dags/example_branch_day_of_week_operator.py took 0.125 seconds
[2022-05-17 07:11:35,405] {processor.py:163} INFO - Started process (PID=12273) to work on /home/airflow/.local/lib/python3.7/site-packages/airflow/example_dags/example_branch_day_of_week_operator.py
[2022-05-17 07:11:35,407] {processor.py:642} INFO - Processing file /home/airflow/.local/lib/python3.7/site-packages/airflow/example_dags/example_branch_day_of_week_operator.py for tasks to queue
[2022-05-17 07:11:35,409] {logging_mixin.py:109} INFO - [2022-05-17 07:11:35,409] {dagbag.py:500} INFO - Filling up the DagBag from /home/airflow/.local/lib/python3.7/site-packages/airflow/example_dags/example_branch_day_of_week_operator.py
[2022-05-17 07:11:35,441] {processor.py:652} INFO - DAG(s) dict_keys(['example_weekday_branch_operator']) retrieved from /home/airflow/.local/lib/python3.7/site-packages/airflow/example_dags/example_branch_day_of_week_operator.py
[2022-05-17 07:11:35,476] {logging_mixin.py:109} INFO - [2022-05-17 07:11:35,475] {dag.py:2398} INFO - Sync 1 DAGs
[2022-05-17 07:11:35,512] {logging_mixin.py:109} INFO - [2022-05-17 07:11:35,512] {dag.py:2937} INFO - Setting next_dagrun for example_weekday_branch_operator to 2022-05-16 00:00:00+00:00
[2022-05-17 07:11:35,532] {processor.py:171} INFO - Processing /home/airflow/.local/lib/python3.7/site-packages/airflow/example_dags/example_branch_day_of_week_operator.py took 0.133 seconds
[2022-05-17 07:12:06,356] {processor.py:163} INFO - Started process (PID=12335) to work on /home/airflow/.local/lib/python3.7/site-packages/airflow/example_dags/example_branch_day_of_week_operator.py
[2022-05-17 07:12:06,359] {processor.py:642} INFO - Processing file /home/airflow/.local/lib/python3.7/site-packages/airflow/example_dags/example_branch_day_of_week_operator.py for tasks to queue
[2022-05-17 07:12:06,361] {logging_mixin.py:109} INFO - [2022-05-17 07:12:06,361] {dagbag.py:500} INFO - Filling up the DagBag from /home/airflow/.local/lib/python3.7/site-packages/airflow/example_dags/example_branch_day_of_week_operator.py
[2022-05-17 07:12:06,388] {processor.py:652} INFO - DAG(s) dict_keys(['example_weekday_branch_operator']) retrieved from /home/airflow/.local/lib/python3.7/site-packages/airflow/example_dags/example_branch_day_of_week_operator.py
[2022-05-17 07:12:06,421] {logging_mixin.py:109} INFO - [2022-05-17 07:12:06,421] {dag.py:2398} INFO - Sync 1 DAGs
[2022-05-17 07:12:06,451] {logging_mixin.py:109} INFO - [2022-05-17 07:12:06,451] {dag.py:2937} INFO - Setting next_dagrun for example_weekday_branch_operator to 2022-05-16 00:00:00+00:00
[2022-05-17 07:12:06,475] {processor.py:171} INFO - Processing /home/airflow/.local/lib/python3.7/site-packages/airflow/example_dags/example_branch_day_of_week_operator.py took 0.124 seconds
[2022-05-17 07:12:51,148] {processor.py:163} INFO - Started process (PID=12389) to work on /home/airflow/.local/lib/python3.7/site-packages/airflow/example_dags/example_branch_day_of_week_operator.py
[2022-05-17 07:12:51,150] {processor.py:642} INFO - Processing file /home/airflow/.local/lib/python3.7/site-packages/airflow/example_dags/example_branch_day_of_week_operator.py for tasks to queue
[2022-05-17 07:12:51,151] {logging_mixin.py:109} INFO - [2022-05-17 07:12:51,151] {dagbag.py:500} INFO - Filling up the DagBag from /home/airflow/.local/lib/python3.7/site-packages/airflow/example_dags/example_branch_day_of_week_operator.py
[2022-05-17 07:12:51,170] {processor.py:652} INFO - DAG(s) dict_keys(['example_weekday_branch_operator']) retrieved from /home/airflow/.local/lib/python3.7/site-packages/airflow/example_dags/example_branch_day_of_week_operator.py
[2022-05-17 07:12:51,200] {logging_mixin.py:109} INFO - [2022-05-17 07:12:51,199] {dag.py:2398} INFO - Sync 1 DAGs
[2022-05-17 07:12:51,222] {logging_mixin.py:109} INFO - [2022-05-17 07:12:51,222] {dag.py:2937} INFO - Setting next_dagrun for example_weekday_branch_operator to 2022-05-16 00:00:00+00:00
[2022-05-17 07:12:51,238] {processor.py:171} INFO - Processing /home/airflow/.local/lib/python3.7/site-packages/airflow/example_dags/example_branch_day_of_week_operator.py took 0.094 seconds
[2022-05-17 07:13:21,936] {processor.py:163} INFO - Started process (PID=12453) to work on /home/airflow/.local/lib/python3.7/site-packages/airflow/example_dags/example_branch_day_of_week_operator.py
[2022-05-17 07:13:21,938] {processor.py:642} INFO - Processing file /home/airflow/.local/lib/python3.7/site-packages/airflow/example_dags/example_branch_day_of_week_operator.py for tasks to queue
[2022-05-17 07:13:21,939] {logging_mixin.py:109} INFO - [2022-05-17 07:13:21,938] {dagbag.py:500} INFO - Filling up the DagBag from /home/airflow/.local/lib/python3.7/site-packages/airflow/example_dags/example_branch_day_of_week_operator.py
[2022-05-17 07:13:21,953] {processor.py:652} INFO - DAG(s) dict_keys(['example_weekday_branch_operator']) retrieved from /home/airflow/.local/lib/python3.7/site-packages/airflow/example_dags/example_branch_day_of_week_operator.py
[2022-05-17 07:13:21,973] {logging_mixin.py:109} INFO - [2022-05-17 07:13:21,973] {dag.py:2398} INFO - Sync 1 DAGs
[2022-05-17 07:13:21,988] {logging_mixin.py:109} INFO - [2022-05-17 07:13:21,988] {dag.py:2937} INFO - Setting next_dagrun for example_weekday_branch_operator to 2022-05-16 00:00:00+00:00
[2022-05-17 07:13:22,005] {processor.py:171} INFO - Processing /home/airflow/.local/lib/python3.7/site-packages/airflow/example_dags/example_branch_day_of_week_operator.py took 0.072 seconds
[2022-05-17 07:13:53,028] {processor.py:163} INFO - Started process (PID=12530) to work on /home/airflow/.local/lib/python3.7/site-packages/airflow/example_dags/example_branch_day_of_week_operator.py
[2022-05-17 07:13:53,029] {processor.py:642} INFO - Processing file /home/airflow/.local/lib/python3.7/site-packages/airflow/example_dags/example_branch_day_of_week_operator.py for tasks to queue
[2022-05-17 07:13:53,030] {logging_mixin.py:109} INFO - [2022-05-17 07:13:53,030] {dagbag.py:500} INFO - Filling up the DagBag from /home/airflow/.local/lib/python3.7/site-packages/airflow/example_dags/example_branch_day_of_week_operator.py
[2022-05-17 07:13:53,043] {processor.py:652} INFO - DAG(s) dict_keys(['example_weekday_branch_operator']) retrieved from /home/airflow/.local/lib/python3.7/site-packages/airflow/example_dags/example_branch_day_of_week_operator.py
[2022-05-17 07:13:53,062] {logging_mixin.py:109} INFO - [2022-05-17 07:13:53,061] {dag.py:2398} INFO - Sync 1 DAGs
[2022-05-17 07:13:53,076] {logging_mixin.py:109} INFO - [2022-05-17 07:13:53,076] {dag.py:2937} INFO - Setting next_dagrun for example_weekday_branch_operator to 2022-05-16 00:00:00+00:00
[2022-05-17 07:13:53,090] {processor.py:171} INFO - Processing /home/airflow/.local/lib/python3.7/site-packages/airflow/example_dags/example_branch_day_of_week_operator.py took 0.065 seconds
[2022-05-17 07:14:23,350] {processor.py:163} INFO - Started process (PID=12594) to work on /home/airflow/.local/lib/python3.7/site-packages/airflow/example_dags/example_branch_day_of_week_operator.py
[2022-05-17 07:14:23,351] {processor.py:642} INFO - Processing file /home/airflow/.local/lib/python3.7/site-packages/airflow/example_dags/example_branch_day_of_week_operator.py for tasks to queue
[2022-05-17 07:14:23,352] {logging_mixin.py:109} INFO - [2022-05-17 07:14:23,352] {dagbag.py:500} INFO - Filling up the DagBag from /home/airflow/.local/lib/python3.7/site-packages/airflow/example_dags/example_branch_day_of_week_operator.py
[2022-05-17 07:14:23,366] {processor.py:652} INFO - DAG(s) dict_keys(['example_weekday_branch_operator']) retrieved from /home/airflow/.local/lib/python3.7/site-packages/airflow/example_dags/example_branch_day_of_week_operator.py
[2022-05-17 07:14:23,386] {logging_mixin.py:109} INFO - [2022-05-17 07:14:23,386] {dag.py:2398} INFO - Sync 1 DAGs
[2022-05-17 07:14:23,400] {logging_mixin.py:109} INFO - [2022-05-17 07:14:23,400] {dag.py:2937} INFO - Setting next_dagrun for example_weekday_branch_operator to 2022-05-16 00:00:00+00:00
[2022-05-17 07:14:23,413] {processor.py:171} INFO - Processing /home/airflow/.local/lib/python3.7/site-packages/airflow/example_dags/example_branch_day_of_week_operator.py took 0.067 seconds
[2022-05-17 07:14:54,211] {processor.py:163} INFO - Started process (PID=12667) to work on /home/airflow/.local/lib/python3.7/site-packages/airflow/example_dags/example_branch_day_of_week_operator.py
[2022-05-17 07:14:54,212] {processor.py:642} INFO - Processing file /home/airflow/.local/lib/python3.7/site-packages/airflow/example_dags/example_branch_day_of_week_operator.py for tasks to queue
[2022-05-17 07:14:54,213] {logging_mixin.py:109} INFO - [2022-05-17 07:14:54,213] {dagbag.py:500} INFO - Filling up the DagBag from /home/airflow/.local/lib/python3.7/site-packages/airflow/example_dags/example_branch_day_of_week_operator.py
[2022-05-17 07:14:54,228] {processor.py:652} INFO - DAG(s) dict_keys(['example_weekday_branch_operator']) retrieved from /home/airflow/.local/lib/python3.7/site-packages/airflow/example_dags/example_branch_day_of_week_operator.py
[2022-05-17 07:14:54,249] {logging_mixin.py:109} INFO - [2022-05-17 07:14:54,249] {dag.py:2398} INFO - Sync 1 DAGs
[2022-05-17 07:14:54,266] {logging_mixin.py:109} INFO - [2022-05-17 07:14:54,266] {dag.py:2937} INFO - Setting next_dagrun for example_weekday_branch_operator to 2022-05-16 00:00:00+00:00
[2022-05-17 07:14:54,281] {processor.py:171} INFO - Processing /home/airflow/.local/lib/python3.7/site-packages/airflow/example_dags/example_branch_day_of_week_operator.py took 0.072 seconds
[2022-05-17 07:15:24,977] {processor.py:163} INFO - Started process (PID=12731) to work on /home/airflow/.local/lib/python3.7/site-packages/airflow/example_dags/example_branch_day_of_week_operator.py
[2022-05-17 07:15:24,978] {processor.py:642} INFO - Processing file /home/airflow/.local/lib/python3.7/site-packages/airflow/example_dags/example_branch_day_of_week_operator.py for tasks to queue
[2022-05-17 07:15:24,979] {logging_mixin.py:109} INFO - [2022-05-17 07:15:24,979] {dagbag.py:500} INFO - Filling up the DagBag from /home/airflow/.local/lib/python3.7/site-packages/airflow/example_dags/example_branch_day_of_week_operator.py
[2022-05-17 07:15:24,995] {processor.py:652} INFO - DAG(s) dict_keys(['example_weekday_branch_operator']) retrieved from /home/airflow/.local/lib/python3.7/site-packages/airflow/example_dags/example_branch_day_of_week_operator.py
[2022-05-17 07:15:25,013] {logging_mixin.py:109} INFO - [2022-05-17 07:15:25,013] {dag.py:2398} INFO - Sync 1 DAGs
[2022-05-17 07:15:25,028] {logging_mixin.py:109} INFO - [2022-05-17 07:15:25,028] {dag.py:2937} INFO - Setting next_dagrun for example_weekday_branch_operator to 2022-05-16 00:00:00+00:00
[2022-05-17 07:15:25,041] {processor.py:171} INFO - Processing /home/airflow/.local/lib/python3.7/site-packages/airflow/example_dags/example_branch_day_of_week_operator.py took 0.067 seconds
