[2022-05-17 06:58:16,368] {processor.py:163} INFO - Started process (PID=10513) to work on /home/airflow/.local/lib/python3.7/site-packages/airflow/example_dags/example_latest_only_with_trigger.py
[2022-05-17 06:58:16,369] {processor.py:642} INFO - Processing file /home/airflow/.local/lib/python3.7/site-packages/airflow/example_dags/example_latest_only_with_trigger.py for tasks to queue
[2022-05-17 06:58:16,371] {logging_mixin.py:109} INFO - [2022-05-17 06:58:16,370] {dagbag.py:500} INFO - Filling up the DagBag from /home/airflow/.local/lib/python3.7/site-packages/airflow/example_dags/example_latest_only_with_trigger.py
[2022-05-17 06:58:16,391] {processor.py:652} INFO - DAG(s) dict_keys(['latest_only_with_trigger']) retrieved from /home/airflow/.local/lib/python3.7/site-packages/airflow/example_dags/example_latest_only_with_trigger.py
[2022-05-17 06:58:16,415] {logging_mixin.py:109} INFO - [2022-05-17 06:58:16,415] {dag.py:2398} INFO - Sync 1 DAGs
[2022-05-17 06:58:16,442] {logging_mixin.py:109} INFO - [2022-05-17 06:58:16,442] {dag.py:2937} INFO - Setting next_dagrun for latest_only_with_trigger to 2022-05-17T02:58:16.441921+00:00
[2022-05-17 06:58:16,457] {processor.py:171} INFO - Processing /home/airflow/.local/lib/python3.7/site-packages/airflow/example_dags/example_latest_only_with_trigger.py took 0.093 seconds
[2022-05-17 06:58:46,799] {processor.py:163} INFO - Started process (PID=10575) to work on /home/airflow/.local/lib/python3.7/site-packages/airflow/example_dags/example_latest_only_with_trigger.py
[2022-05-17 06:58:46,800] {processor.py:642} INFO - Processing file /home/airflow/.local/lib/python3.7/site-packages/airflow/example_dags/example_latest_only_with_trigger.py for tasks to queue
[2022-05-17 06:58:46,801] {logging_mixin.py:109} INFO - [2022-05-17 06:58:46,801] {dagbag.py:500} INFO - Filling up the DagBag from /home/airflow/.local/lib/python3.7/site-packages/airflow/example_dags/example_latest_only_with_trigger.py
[2022-05-17 06:58:46,812] {processor.py:652} INFO - DAG(s) dict_keys(['latest_only_with_trigger']) retrieved from /home/airflow/.local/lib/python3.7/site-packages/airflow/example_dags/example_latest_only_with_trigger.py
[2022-05-17 06:58:46,832] {logging_mixin.py:109} INFO - [2022-05-17 06:58:46,832] {dag.py:2398} INFO - Sync 1 DAGs
[2022-05-17 06:58:46,845] {logging_mixin.py:109} INFO - [2022-05-17 06:58:46,845] {dag.py:2937} INFO - Setting next_dagrun for latest_only_with_trigger to 2022-05-17T02:58:46.845627+00:00
[2022-05-17 06:58:46,859] {processor.py:171} INFO - Processing /home/airflow/.local/lib/python3.7/site-packages/airflow/example_dags/example_latest_only_with_trigger.py took 0.062 seconds
[2022-05-17 06:59:17,870] {processor.py:163} INFO - Started process (PID=10648) to work on /home/airflow/.local/lib/python3.7/site-packages/airflow/example_dags/example_latest_only_with_trigger.py
[2022-05-17 06:59:17,871] {processor.py:642} INFO - Processing file /home/airflow/.local/lib/python3.7/site-packages/airflow/example_dags/example_latest_only_with_trigger.py for tasks to queue
[2022-05-17 06:59:17,872] {logging_mixin.py:109} INFO - [2022-05-17 06:59:17,872] {dagbag.py:500} INFO - Filling up the DagBag from /home/airflow/.local/lib/python3.7/site-packages/airflow/example_dags/example_latest_only_with_trigger.py
[2022-05-17 06:59:17,886] {processor.py:652} INFO - DAG(s) dict_keys(['latest_only_with_trigger']) retrieved from /home/airflow/.local/lib/python3.7/site-packages/airflow/example_dags/example_latest_only_with_trigger.py
[2022-05-17 06:59:17,908] {logging_mixin.py:109} INFO - [2022-05-17 06:59:17,908] {dag.py:2398} INFO - Sync 1 DAGs
[2022-05-17 06:59:17,922] {logging_mixin.py:109} INFO - [2022-05-17 06:59:17,922] {dag.py:2937} INFO - Setting next_dagrun for latest_only_with_trigger to 2022-05-17T02:59:17.922391+00:00
[2022-05-17 06:59:17,934] {processor.py:171} INFO - Processing /home/airflow/.local/lib/python3.7/site-packages/airflow/example_dags/example_latest_only_with_trigger.py took 0.067 seconds
[2022-05-17 06:59:48,566] {processor.py:163} INFO - Started process (PID=10720) to work on /home/airflow/.local/lib/python3.7/site-packages/airflow/example_dags/example_latest_only_with_trigger.py
[2022-05-17 06:59:48,568] {processor.py:642} INFO - Processing file /home/airflow/.local/lib/python3.7/site-packages/airflow/example_dags/example_latest_only_with_trigger.py for tasks to queue
[2022-05-17 06:59:48,569] {logging_mixin.py:109} INFO - [2022-05-17 06:59:48,569] {dagbag.py:500} INFO - Filling up the DagBag from /home/airflow/.local/lib/python3.7/site-packages/airflow/example_dags/example_latest_only_with_trigger.py
[2022-05-17 06:59:48,589] {processor.py:652} INFO - DAG(s) dict_keys(['latest_only_with_trigger']) retrieved from /home/airflow/.local/lib/python3.7/site-packages/airflow/example_dags/example_latest_only_with_trigger.py
[2022-05-17 06:59:48,615] {logging_mixin.py:109} INFO - [2022-05-17 06:59:48,615] {dag.py:2398} INFO - Sync 1 DAGs
[2022-05-17 06:59:48,638] {logging_mixin.py:109} INFO - [2022-05-17 06:59:48,638] {dag.py:2937} INFO - Setting next_dagrun for latest_only_with_trigger to 2022-05-17T02:59:48.637544+00:00
[2022-05-17 06:59:48,653] {processor.py:171} INFO - Processing /home/airflow/.local/lib/python3.7/site-packages/airflow/example_dags/example_latest_only_with_trigger.py took 0.091 seconds
[2022-05-17 07:00:19,406] {processor.py:163} INFO - Started process (PID=10784) to work on /home/airflow/.local/lib/python3.7/site-packages/airflow/example_dags/example_latest_only_with_trigger.py
[2022-05-17 07:00:19,408] {processor.py:642} INFO - Processing file /home/airflow/.local/lib/python3.7/site-packages/airflow/example_dags/example_latest_only_with_trigger.py for tasks to queue
[2022-05-17 07:00:19,409] {logging_mixin.py:109} INFO - [2022-05-17 07:00:19,409] {dagbag.py:500} INFO - Filling up the DagBag from /home/airflow/.local/lib/python3.7/site-packages/airflow/example_dags/example_latest_only_with_trigger.py
[2022-05-17 07:00:19,430] {processor.py:652} INFO - DAG(s) dict_keys(['latest_only_with_trigger']) retrieved from /home/airflow/.local/lib/python3.7/site-packages/airflow/example_dags/example_latest_only_with_trigger.py
[2022-05-17 07:00:19,455] {logging_mixin.py:109} INFO - [2022-05-17 07:00:19,454] {dag.py:2398} INFO - Sync 1 DAGs
[2022-05-17 07:00:19,475] {logging_mixin.py:109} INFO - [2022-05-17 07:00:19,474] {dag.py:2937} INFO - Setting next_dagrun for latest_only_with_trigger to 2022-05-17T03:00:19.474731+00:00
[2022-05-17 07:00:19,487] {processor.py:171} INFO - Processing /home/airflow/.local/lib/python3.7/site-packages/airflow/example_dags/example_latest_only_with_trigger.py took 0.085 seconds
[2022-05-17 07:00:50,071] {processor.py:163} INFO - Started process (PID=10857) to work on /home/airflow/.local/lib/python3.7/site-packages/airflow/example_dags/example_latest_only_with_trigger.py
[2022-05-17 07:00:50,072] {processor.py:642} INFO - Processing file /home/airflow/.local/lib/python3.7/site-packages/airflow/example_dags/example_latest_only_with_trigger.py for tasks to queue
[2022-05-17 07:00:50,072] {logging_mixin.py:109} INFO - [2022-05-17 07:00:50,072] {dagbag.py:500} INFO - Filling up the DagBag from /home/airflow/.local/lib/python3.7/site-packages/airflow/example_dags/example_latest_only_with_trigger.py
[2022-05-17 07:00:50,084] {processor.py:652} INFO - DAG(s) dict_keys(['latest_only_with_trigger']) retrieved from /home/airflow/.local/lib/python3.7/site-packages/airflow/example_dags/example_latest_only_with_trigger.py
[2022-05-17 07:00:50,104] {logging_mixin.py:109} INFO - [2022-05-17 07:00:50,103] {dag.py:2398} INFO - Sync 1 DAGs
[2022-05-17 07:00:50,118] {logging_mixin.py:109} INFO - [2022-05-17 07:00:50,118] {dag.py:2937} INFO - Setting next_dagrun for latest_only_with_trigger to 2022-05-17T03:00:50.117814+00:00
[2022-05-17 07:00:50,130] {processor.py:171} INFO - Processing /home/airflow/.local/lib/python3.7/site-packages/airflow/example_dags/example_latest_only_with_trigger.py took 0.062 seconds
[2022-05-17 07:01:20,784] {processor.py:163} INFO - Started process (PID=10920) to work on /home/airflow/.local/lib/python3.7/site-packages/airflow/example_dags/example_latest_only_with_trigger.py
[2022-05-17 07:01:20,785] {processor.py:642} INFO - Processing file /home/airflow/.local/lib/python3.7/site-packages/airflow/example_dags/example_latest_only_with_trigger.py for tasks to queue
[2022-05-17 07:01:20,786] {logging_mixin.py:109} INFO - [2022-05-17 07:01:20,786] {dagbag.py:500} INFO - Filling up the DagBag from /home/airflow/.local/lib/python3.7/site-packages/airflow/example_dags/example_latest_only_with_trigger.py
[2022-05-17 07:01:20,797] {processor.py:652} INFO - DAG(s) dict_keys(['latest_only_with_trigger']) retrieved from /home/airflow/.local/lib/python3.7/site-packages/airflow/example_dags/example_latest_only_with_trigger.py
[2022-05-17 07:01:20,816] {logging_mixin.py:109} INFO - [2022-05-17 07:01:20,816] {dag.py:2398} INFO - Sync 1 DAGs
[2022-05-17 07:01:20,829] {logging_mixin.py:109} INFO - [2022-05-17 07:01:20,829] {dag.py:2937} INFO - Setting next_dagrun for latest_only_with_trigger to 2022-05-17T03:01:20.829134+00:00
[2022-05-17 07:01:20,841] {processor.py:171} INFO - Processing /home/airflow/.local/lib/python3.7/site-packages/airflow/example_dags/example_latest_only_with_trigger.py took 0.060 seconds
[2022-05-17 07:01:51,439] {processor.py:163} INFO - Started process (PID=10992) to work on /home/airflow/.local/lib/python3.7/site-packages/airflow/example_dags/example_latest_only_with_trigger.py
[2022-05-17 07:01:51,440] {processor.py:642} INFO - Processing file /home/airflow/.local/lib/python3.7/site-packages/airflow/example_dags/example_latest_only_with_trigger.py for tasks to queue
[2022-05-17 07:01:51,441] {logging_mixin.py:109} INFO - [2022-05-17 07:01:51,441] {dagbag.py:500} INFO - Filling up the DagBag from /home/airflow/.local/lib/python3.7/site-packages/airflow/example_dags/example_latest_only_with_trigger.py
[2022-05-17 07:01:51,454] {processor.py:652} INFO - DAG(s) dict_keys(['latest_only_with_trigger']) retrieved from /home/airflow/.local/lib/python3.7/site-packages/airflow/example_dags/example_latest_only_with_trigger.py
[2022-05-17 07:01:51,473] {logging_mixin.py:109} INFO - [2022-05-17 07:01:51,473] {dag.py:2398} INFO - Sync 1 DAGs
[2022-05-17 07:01:51,488] {logging_mixin.py:109} INFO - [2022-05-17 07:01:51,488] {dag.py:2937} INFO - Setting next_dagrun for latest_only_with_trigger to 2022-05-17T03:01:51.487894+00:00
[2022-05-17 07:01:51,500] {processor.py:171} INFO - Processing /home/airflow/.local/lib/python3.7/site-packages/airflow/example_dags/example_latest_only_with_trigger.py took 0.064 seconds
[2022-05-17 07:02:22,505] {processor.py:163} INFO - Started process (PID=11065) to work on /home/airflow/.local/lib/python3.7/site-packages/airflow/example_dags/example_latest_only_with_trigger.py
[2022-05-17 07:02:22,507] {processor.py:642} INFO - Processing file /home/airflow/.local/lib/python3.7/site-packages/airflow/example_dags/example_latest_only_with_trigger.py for tasks to queue
[2022-05-17 07:02:22,507] {logging_mixin.py:109} INFO - [2022-05-17 07:02:22,507] {dagbag.py:500} INFO - Filling up the DagBag from /home/airflow/.local/lib/python3.7/site-packages/airflow/example_dags/example_latest_only_with_trigger.py
[2022-05-17 07:02:22,518] {processor.py:652} INFO - DAG(s) dict_keys(['latest_only_with_trigger']) retrieved from /home/airflow/.local/lib/python3.7/site-packages/airflow/example_dags/example_latest_only_with_trigger.py
[2022-05-17 07:02:22,539] {logging_mixin.py:109} INFO - [2022-05-17 07:02:22,539] {dag.py:2398} INFO - Sync 1 DAGs
[2022-05-17 07:02:22,553] {logging_mixin.py:109} INFO - [2022-05-17 07:02:22,553] {dag.py:2937} INFO - Setting next_dagrun for latest_only_with_trigger to 2022-05-17T03:02:22.553261+00:00
[2022-05-17 07:02:22,566] {processor.py:171} INFO - Processing /home/airflow/.local/lib/python3.7/site-packages/airflow/example_dags/example_latest_only_with_trigger.py took 0.063 seconds
[2022-05-17 07:02:52,798] {processor.py:163} INFO - Started process (PID=11129) to work on /home/airflow/.local/lib/python3.7/site-packages/airflow/example_dags/example_latest_only_with_trigger.py
[2022-05-17 07:02:52,799] {processor.py:642} INFO - Processing file /home/airflow/.local/lib/python3.7/site-packages/airflow/example_dags/example_latest_only_with_trigger.py for tasks to queue
[2022-05-17 07:02:52,800] {logging_mixin.py:109} INFO - [2022-05-17 07:02:52,800] {dagbag.py:500} INFO - Filling up the DagBag from /home/airflow/.local/lib/python3.7/site-packages/airflow/example_dags/example_latest_only_with_trigger.py
[2022-05-17 07:02:52,811] {processor.py:652} INFO - DAG(s) dict_keys(['latest_only_with_trigger']) retrieved from /home/airflow/.local/lib/python3.7/site-packages/airflow/example_dags/example_latest_only_with_trigger.py
[2022-05-17 07:02:52,831] {logging_mixin.py:109} INFO - [2022-05-17 07:02:52,831] {dag.py:2398} INFO - Sync 1 DAGs
[2022-05-17 07:02:52,845] {logging_mixin.py:109} INFO - [2022-05-17 07:02:52,845] {dag.py:2937} INFO - Setting next_dagrun for latest_only_with_trigger to 2022-05-17T03:02:52.845224+00:00
[2022-05-17 07:02:52,859] {processor.py:171} INFO - Processing /home/airflow/.local/lib/python3.7/site-packages/airflow/example_dags/example_latest_only_with_trigger.py took 0.063 seconds
[2022-05-17 07:03:23,641] {processor.py:163} INFO - Started process (PID=11203) to work on /home/airflow/.local/lib/python3.7/site-packages/airflow/example_dags/example_latest_only_with_trigger.py
[2022-05-17 07:03:23,643] {processor.py:642} INFO - Processing file /home/airflow/.local/lib/python3.7/site-packages/airflow/example_dags/example_latest_only_with_trigger.py for tasks to queue
[2022-05-17 07:03:23,643] {logging_mixin.py:109} INFO - [2022-05-17 07:03:23,643] {dagbag.py:500} INFO - Filling up the DagBag from /home/airflow/.local/lib/python3.7/site-packages/airflow/example_dags/example_latest_only_with_trigger.py
[2022-05-17 07:03:23,656] {processor.py:652} INFO - DAG(s) dict_keys(['latest_only_with_trigger']) retrieved from /home/airflow/.local/lib/python3.7/site-packages/airflow/example_dags/example_latest_only_with_trigger.py
[2022-05-17 07:03:23,677] {logging_mixin.py:109} INFO - [2022-05-17 07:03:23,677] {dag.py:2398} INFO - Sync 1 DAGs
[2022-05-17 07:03:23,692] {logging_mixin.py:109} INFO - [2022-05-17 07:03:23,692] {dag.py:2937} INFO - Setting next_dagrun for latest_only_with_trigger to 2022-05-17T03:03:23.692565+00:00
[2022-05-17 07:03:23,703] {processor.py:171} INFO - Processing /home/airflow/.local/lib/python3.7/site-packages/airflow/example_dags/example_latest_only_with_trigger.py took 0.064 seconds
[2022-05-17 07:03:54,244] {processor.py:163} INFO - Started process (PID=11275) to work on /home/airflow/.local/lib/python3.7/site-packages/airflow/example_dags/example_latest_only_with_trigger.py
[2022-05-17 07:03:54,245] {processor.py:642} INFO - Processing file /home/airflow/.local/lib/python3.7/site-packages/airflow/example_dags/example_latest_only_with_trigger.py for tasks to queue
[2022-05-17 07:03:54,246] {logging_mixin.py:109} INFO - [2022-05-17 07:03:54,246] {dagbag.py:500} INFO - Filling up the DagBag from /home/airflow/.local/lib/python3.7/site-packages/airflow/example_dags/example_latest_only_with_trigger.py
[2022-05-17 07:03:54,260] {processor.py:652} INFO - DAG(s) dict_keys(['latest_only_with_trigger']) retrieved from /home/airflow/.local/lib/python3.7/site-packages/airflow/example_dags/example_latest_only_with_trigger.py
[2022-05-17 07:03:54,280] {logging_mixin.py:109} INFO - [2022-05-17 07:03:54,280] {dag.py:2398} INFO - Sync 1 DAGs
[2022-05-17 07:03:54,298] {logging_mixin.py:109} INFO - [2022-05-17 07:03:54,298] {dag.py:2937} INFO - Setting next_dagrun for latest_only_with_trigger to 2022-05-17T03:03:54.298149+00:00
[2022-05-17 07:03:54,311] {processor.py:171} INFO - Processing /home/airflow/.local/lib/python3.7/site-packages/airflow/example_dags/example_latest_only_with_trigger.py took 0.070 seconds
[2022-05-17 07:04:24,990] {processor.py:163} INFO - Started process (PID=11340) to work on /home/airflow/.local/lib/python3.7/site-packages/airflow/example_dags/example_latest_only_with_trigger.py
[2022-05-17 07:04:24,992] {processor.py:642} INFO - Processing file /home/airflow/.local/lib/python3.7/site-packages/airflow/example_dags/example_latest_only_with_trigger.py for tasks to queue
[2022-05-17 07:04:24,993] {logging_mixin.py:109} INFO - [2022-05-17 07:04:24,993] {dagbag.py:500} INFO - Filling up the DagBag from /home/airflow/.local/lib/python3.7/site-packages/airflow/example_dags/example_latest_only_with_trigger.py
[2022-05-17 07:04:25,004] {processor.py:652} INFO - DAG(s) dict_keys(['latest_only_with_trigger']) retrieved from /home/airflow/.local/lib/python3.7/site-packages/airflow/example_dags/example_latest_only_with_trigger.py
[2022-05-17 07:04:25,025] {logging_mixin.py:109} INFO - [2022-05-17 07:04:25,024] {dag.py:2398} INFO - Sync 1 DAGs
[2022-05-17 07:04:25,039] {logging_mixin.py:109} INFO - [2022-05-17 07:04:25,039] {dag.py:2937} INFO - Setting next_dagrun for latest_only_with_trigger to 2022-05-17T03:04:25.038925+00:00
[2022-05-17 07:04:25,053] {processor.py:171} INFO - Processing /home/airflow/.local/lib/python3.7/site-packages/airflow/example_dags/example_latest_only_with_trigger.py took 0.066 seconds
[2022-05-17 07:04:55,834] {processor.py:163} INFO - Started process (PID=11411) to work on /home/airflow/.local/lib/python3.7/site-packages/airflow/example_dags/example_latest_only_with_trigger.py
[2022-05-17 07:04:55,836] {processor.py:642} INFO - Processing file /home/airflow/.local/lib/python3.7/site-packages/airflow/example_dags/example_latest_only_with_trigger.py for tasks to queue
[2022-05-17 07:04:55,837] {logging_mixin.py:109} INFO - [2022-05-17 07:04:55,837] {dagbag.py:500} INFO - Filling up the DagBag from /home/airflow/.local/lib/python3.7/site-packages/airflow/example_dags/example_latest_only_with_trigger.py
[2022-05-17 07:04:55,850] {processor.py:652} INFO - DAG(s) dict_keys(['latest_only_with_trigger']) retrieved from /home/airflow/.local/lib/python3.7/site-packages/airflow/example_dags/example_latest_only_with_trigger.py
[2022-05-17 07:04:55,870] {logging_mixin.py:109} INFO - [2022-05-17 07:04:55,870] {dag.py:2398} INFO - Sync 1 DAGs
[2022-05-17 07:04:55,884] {logging_mixin.py:109} INFO - [2022-05-17 07:04:55,884] {dag.py:2937} INFO - Setting next_dagrun for latest_only_with_trigger to 2022-05-17T03:04:55.884146+00:00
[2022-05-17 07:04:55,897] {processor.py:171} INFO - Processing /home/airflow/.local/lib/python3.7/site-packages/airflow/example_dags/example_latest_only_with_trigger.py took 0.066 seconds
[2022-05-17 07:05:26,601] {processor.py:163} INFO - Started process (PID=11475) to work on /home/airflow/.local/lib/python3.7/site-packages/airflow/example_dags/example_latest_only_with_trigger.py
[2022-05-17 07:05:26,603] {processor.py:642} INFO - Processing file /home/airflow/.local/lib/python3.7/site-packages/airflow/example_dags/example_latest_only_with_trigger.py for tasks to queue
[2022-05-17 07:05:26,604] {logging_mixin.py:109} INFO - [2022-05-17 07:05:26,604] {dagbag.py:500} INFO - Filling up the DagBag from /home/airflow/.local/lib/python3.7/site-packages/airflow/example_dags/example_latest_only_with_trigger.py
[2022-05-17 07:05:26,616] {processor.py:652} INFO - DAG(s) dict_keys(['latest_only_with_trigger']) retrieved from /home/airflow/.local/lib/python3.7/site-packages/airflow/example_dags/example_latest_only_with_trigger.py
[2022-05-17 07:05:26,636] {logging_mixin.py:109} INFO - [2022-05-17 07:05:26,636] {dag.py:2398} INFO - Sync 1 DAGs
[2022-05-17 07:05:26,650] {logging_mixin.py:109} INFO - [2022-05-17 07:05:26,650] {dag.py:2937} INFO - Setting next_dagrun for latest_only_with_trigger to 2022-05-17T03:05:26.650052+00:00
[2022-05-17 07:05:26,663] {processor.py:171} INFO - Processing /home/airflow/.local/lib/python3.7/site-packages/airflow/example_dags/example_latest_only_with_trigger.py took 0.065 seconds
[2022-05-17 07:05:57,225] {processor.py:163} INFO - Started process (PID=11548) to work on /home/airflow/.local/lib/python3.7/site-packages/airflow/example_dags/example_latest_only_with_trigger.py
[2022-05-17 07:05:57,226] {processor.py:642} INFO - Processing file /home/airflow/.local/lib/python3.7/site-packages/airflow/example_dags/example_latest_only_with_trigger.py for tasks to queue
[2022-05-17 07:05:57,227] {logging_mixin.py:109} INFO - [2022-05-17 07:05:57,226] {dagbag.py:500} INFO - Filling up the DagBag from /home/airflow/.local/lib/python3.7/site-packages/airflow/example_dags/example_latest_only_with_trigger.py
[2022-05-17 07:05:57,237] {processor.py:652} INFO - DAG(s) dict_keys(['latest_only_with_trigger']) retrieved from /home/airflow/.local/lib/python3.7/site-packages/airflow/example_dags/example_latest_only_with_trigger.py
[2022-05-17 07:05:57,256] {logging_mixin.py:109} INFO - [2022-05-17 07:05:57,256] {dag.py:2398} INFO - Sync 1 DAGs
[2022-05-17 07:05:57,269] {logging_mixin.py:109} INFO - [2022-05-17 07:05:57,268] {dag.py:2937} INFO - Setting next_dagrun for latest_only_with_trigger to 2022-05-17T03:05:57.268790+00:00
[2022-05-17 07:05:57,281] {processor.py:171} INFO - Processing /home/airflow/.local/lib/python3.7/site-packages/airflow/example_dags/example_latest_only_with_trigger.py took 0.059 seconds
[2022-05-17 07:06:27,703] {processor.py:163} INFO - Started process (PID=11621) to work on /home/airflow/.local/lib/python3.7/site-packages/airflow/example_dags/example_latest_only_with_trigger.py
[2022-05-17 07:06:27,705] {processor.py:642} INFO - Processing file /home/airflow/.local/lib/python3.7/site-packages/airflow/example_dags/example_latest_only_with_trigger.py for tasks to queue
[2022-05-17 07:06:27,706] {logging_mixin.py:109} INFO - [2022-05-17 07:06:27,706] {dagbag.py:500} INFO - Filling up the DagBag from /home/airflow/.local/lib/python3.7/site-packages/airflow/example_dags/example_latest_only_with_trigger.py
[2022-05-17 07:06:27,727] {processor.py:652} INFO - DAG(s) dict_keys(['latest_only_with_trigger']) retrieved from /home/airflow/.local/lib/python3.7/site-packages/airflow/example_dags/example_latest_only_with_trigger.py
[2022-05-17 07:06:27,753] {logging_mixin.py:109} INFO - [2022-05-17 07:06:27,753] {dag.py:2398} INFO - Sync 1 DAGs
[2022-05-17 07:06:27,771] {logging_mixin.py:109} INFO - [2022-05-17 07:06:27,771] {dag.py:2937} INFO - Setting next_dagrun for latest_only_with_trigger to 2022-05-17T03:06:27.771003+00:00
[2022-05-17 07:06:27,788] {processor.py:171} INFO - Processing /home/airflow/.local/lib/python3.7/site-packages/airflow/example_dags/example_latest_only_with_trigger.py took 0.089 seconds
[2022-05-17 07:06:58,708] {processor.py:163} INFO - Started process (PID=11684) to work on /home/airflow/.local/lib/python3.7/site-packages/airflow/example_dags/example_latest_only_with_trigger.py
[2022-05-17 07:06:58,710] {processor.py:642} INFO - Processing file /home/airflow/.local/lib/python3.7/site-packages/airflow/example_dags/example_latest_only_with_trigger.py for tasks to queue
[2022-05-17 07:06:58,714] {logging_mixin.py:109} INFO - [2022-05-17 07:06:58,714] {dagbag.py:500} INFO - Filling up the DagBag from /home/airflow/.local/lib/python3.7/site-packages/airflow/example_dags/example_latest_only_with_trigger.py
[2022-05-17 07:06:58,742] {processor.py:652} INFO - DAG(s) dict_keys(['latest_only_with_trigger']) retrieved from /home/airflow/.local/lib/python3.7/site-packages/airflow/example_dags/example_latest_only_with_trigger.py
[2022-05-17 07:06:58,770] {logging_mixin.py:109} INFO - [2022-05-17 07:06:58,770] {dag.py:2398} INFO - Sync 1 DAGs
[2022-05-17 07:06:58,804] {logging_mixin.py:109} INFO - [2022-05-17 07:06:58,803] {dag.py:2937} INFO - Setting next_dagrun for latest_only_with_trigger to 2022-05-17T03:06:58.803502+00:00
[2022-05-17 07:06:58,818] {processor.py:171} INFO - Processing /home/airflow/.local/lib/python3.7/site-packages/airflow/example_dags/example_latest_only_with_trigger.py took 0.114 seconds
[2022-05-17 07:07:29,323] {processor.py:163} INFO - Started process (PID=11748) to work on /home/airflow/.local/lib/python3.7/site-packages/airflow/example_dags/example_latest_only_with_trigger.py
[2022-05-17 07:07:29,325] {processor.py:642} INFO - Processing file /home/airflow/.local/lib/python3.7/site-packages/airflow/example_dags/example_latest_only_with_trigger.py for tasks to queue
[2022-05-17 07:07:29,326] {logging_mixin.py:109} INFO - [2022-05-17 07:07:29,326] {dagbag.py:500} INFO - Filling up the DagBag from /home/airflow/.local/lib/python3.7/site-packages/airflow/example_dags/example_latest_only_with_trigger.py
[2022-05-17 07:07:29,347] {processor.py:652} INFO - DAG(s) dict_keys(['latest_only_with_trigger']) retrieved from /home/airflow/.local/lib/python3.7/site-packages/airflow/example_dags/example_latest_only_with_trigger.py
[2022-05-17 07:07:29,373] {logging_mixin.py:109} INFO - [2022-05-17 07:07:29,373] {dag.py:2398} INFO - Sync 1 DAGs
[2022-05-17 07:07:29,396] {logging_mixin.py:109} INFO - [2022-05-17 07:07:29,396] {dag.py:2937} INFO - Setting next_dagrun for latest_only_with_trigger to 2022-05-17T03:07:29.395849+00:00
[2022-05-17 07:07:29,411] {processor.py:171} INFO - Processing /home/airflow/.local/lib/python3.7/site-packages/airflow/example_dags/example_latest_only_with_trigger.py took 0.093 seconds
[2022-05-17 07:08:00,307] {processor.py:163} INFO - Started process (PID=11821) to work on /home/airflow/.local/lib/python3.7/site-packages/airflow/example_dags/example_latest_only_with_trigger.py
[2022-05-17 07:08:00,308] {processor.py:642} INFO - Processing file /home/airflow/.local/lib/python3.7/site-packages/airflow/example_dags/example_latest_only_with_trigger.py for tasks to queue
[2022-05-17 07:08:00,310] {logging_mixin.py:109} INFO - [2022-05-17 07:08:00,309] {dagbag.py:500} INFO - Filling up the DagBag from /home/airflow/.local/lib/python3.7/site-packages/airflow/example_dags/example_latest_only_with_trigger.py
[2022-05-17 07:08:00,337] {processor.py:652} INFO - DAG(s) dict_keys(['latest_only_with_trigger']) retrieved from /home/airflow/.local/lib/python3.7/site-packages/airflow/example_dags/example_latest_only_with_trigger.py
[2022-05-17 07:08:00,384] {logging_mixin.py:109} INFO - [2022-05-17 07:08:00,384] {dag.py:2398} INFO - Sync 1 DAGs
[2022-05-17 07:08:00,409] {logging_mixin.py:109} INFO - [2022-05-17 07:08:00,409] {dag.py:2937} INFO - Setting next_dagrun for latest_only_with_trigger to 2022-05-17T03:08:00.408703+00:00
[2022-05-17 07:08:00,427] {processor.py:171} INFO - Processing /home/airflow/.local/lib/python3.7/site-packages/airflow/example_dags/example_latest_only_with_trigger.py took 0.126 seconds
[2022-05-17 07:08:31,494] {processor.py:163} INFO - Started process (PID=11883) to work on /home/airflow/.local/lib/python3.7/site-packages/airflow/example_dags/example_latest_only_with_trigger.py
[2022-05-17 07:08:31,496] {processor.py:642} INFO - Processing file /home/airflow/.local/lib/python3.7/site-packages/airflow/example_dags/example_latest_only_with_trigger.py for tasks to queue
[2022-05-17 07:08:31,498] {logging_mixin.py:109} INFO - [2022-05-17 07:08:31,498] {dagbag.py:500} INFO - Filling up the DagBag from /home/airflow/.local/lib/python3.7/site-packages/airflow/example_dags/example_latest_only_with_trigger.py
[2022-05-17 07:08:31,525] {processor.py:652} INFO - DAG(s) dict_keys(['latest_only_with_trigger']) retrieved from /home/airflow/.local/lib/python3.7/site-packages/airflow/example_dags/example_latest_only_with_trigger.py
[2022-05-17 07:08:31,556] {logging_mixin.py:109} INFO - [2022-05-17 07:08:31,556] {dag.py:2398} INFO - Sync 1 DAGs
[2022-05-17 07:08:31,581] {logging_mixin.py:109} INFO - [2022-05-17 07:08:31,581] {dag.py:2937} INFO - Setting next_dagrun for latest_only_with_trigger to 2022-05-17T03:08:31.580604+00:00
[2022-05-17 07:08:31,600] {processor.py:171} INFO - Processing /home/airflow/.local/lib/python3.7/site-packages/airflow/example_dags/example_latest_only_with_trigger.py took 0.111 seconds
[2022-05-17 07:09:02,160] {processor.py:163} INFO - Started process (PID=11946) to work on /home/airflow/.local/lib/python3.7/site-packages/airflow/example_dags/example_latest_only_with_trigger.py
[2022-05-17 07:09:02,164] {processor.py:642} INFO - Processing file /home/airflow/.local/lib/python3.7/site-packages/airflow/example_dags/example_latest_only_with_trigger.py for tasks to queue
[2022-05-17 07:09:02,165] {logging_mixin.py:109} INFO - [2022-05-17 07:09:02,165] {dagbag.py:500} INFO - Filling up the DagBag from /home/airflow/.local/lib/python3.7/site-packages/airflow/example_dags/example_latest_only_with_trigger.py
[2022-05-17 07:09:02,189] {processor.py:652} INFO - DAG(s) dict_keys(['latest_only_with_trigger']) retrieved from /home/airflow/.local/lib/python3.7/site-packages/airflow/example_dags/example_latest_only_with_trigger.py
[2022-05-17 07:09:02,222] {logging_mixin.py:109} INFO - [2022-05-17 07:09:02,222] {dag.py:2398} INFO - Sync 1 DAGs
[2022-05-17 07:09:02,248] {logging_mixin.py:109} INFO - [2022-05-17 07:09:02,248] {dag.py:2937} INFO - Setting next_dagrun for latest_only_with_trigger to 2022-05-17T03:09:02.247962+00:00
[2022-05-17 07:09:02,269] {processor.py:171} INFO - Processing /home/airflow/.local/lib/python3.7/site-packages/airflow/example_dags/example_latest_only_with_trigger.py took 0.113 seconds
[2022-05-17 07:09:33,337] {processor.py:163} INFO - Started process (PID=12009) to work on /home/airflow/.local/lib/python3.7/site-packages/airflow/example_dags/example_latest_only_with_trigger.py
[2022-05-17 07:09:33,340] {processor.py:642} INFO - Processing file /home/airflow/.local/lib/python3.7/site-packages/airflow/example_dags/example_latest_only_with_trigger.py for tasks to queue
[2022-05-17 07:09:33,341] {logging_mixin.py:109} INFO - [2022-05-17 07:09:33,341] {dagbag.py:500} INFO - Filling up the DagBag from /home/airflow/.local/lib/python3.7/site-packages/airflow/example_dags/example_latest_only_with_trigger.py
[2022-05-17 07:09:33,364] {processor.py:652} INFO - DAG(s) dict_keys(['latest_only_with_trigger']) retrieved from /home/airflow/.local/lib/python3.7/site-packages/airflow/example_dags/example_latest_only_with_trigger.py
[2022-05-17 07:09:33,397] {logging_mixin.py:109} INFO - [2022-05-17 07:09:33,397] {dag.py:2398} INFO - Sync 1 DAGs
[2022-05-17 07:09:33,424] {logging_mixin.py:109} INFO - [2022-05-17 07:09:33,424] {dag.py:2937} INFO - Setting next_dagrun for latest_only_with_trigger to 2022-05-17T03:09:33.424544+00:00
[2022-05-17 07:09:33,446] {processor.py:171} INFO - Processing /home/airflow/.local/lib/python3.7/site-packages/airflow/example_dags/example_latest_only_with_trigger.py took 0.113 seconds
[2022-05-17 07:10:04,312] {processor.py:163} INFO - Started process (PID=12082) to work on /home/airflow/.local/lib/python3.7/site-packages/airflow/example_dags/example_latest_only_with_trigger.py
[2022-05-17 07:10:04,314] {processor.py:642} INFO - Processing file /home/airflow/.local/lib/python3.7/site-packages/airflow/example_dags/example_latest_only_with_trigger.py for tasks to queue
[2022-05-17 07:10:04,316] {logging_mixin.py:109} INFO - [2022-05-17 07:10:04,316] {dagbag.py:500} INFO - Filling up the DagBag from /home/airflow/.local/lib/python3.7/site-packages/airflow/example_dags/example_latest_only_with_trigger.py
[2022-05-17 07:10:04,339] {processor.py:652} INFO - DAG(s) dict_keys(['latest_only_with_trigger']) retrieved from /home/airflow/.local/lib/python3.7/site-packages/airflow/example_dags/example_latest_only_with_trigger.py
[2022-05-17 07:10:04,368] {logging_mixin.py:109} INFO - [2022-05-17 07:10:04,367] {dag.py:2398} INFO - Sync 1 DAGs
[2022-05-17 07:10:04,396] {logging_mixin.py:109} INFO - [2022-05-17 07:10:04,396] {dag.py:2937} INFO - Setting next_dagrun for latest_only_with_trigger to 2022-05-17T03:10:04.395088+00:00
[2022-05-17 07:10:04,421] {processor.py:171} INFO - Processing /home/airflow/.local/lib/python3.7/site-packages/airflow/example_dags/example_latest_only_with_trigger.py took 0.114 seconds
[2022-05-17 07:10:35,276] {processor.py:163} INFO - Started process (PID=12145) to work on /home/airflow/.local/lib/python3.7/site-packages/airflow/example_dags/example_latest_only_with_trigger.py
[2022-05-17 07:10:35,278] {processor.py:642} INFO - Processing file /home/airflow/.local/lib/python3.7/site-packages/airflow/example_dags/example_latest_only_with_trigger.py for tasks to queue
[2022-05-17 07:10:35,281] {logging_mixin.py:109} INFO - [2022-05-17 07:10:35,280] {dagbag.py:500} INFO - Filling up the DagBag from /home/airflow/.local/lib/python3.7/site-packages/airflow/example_dags/example_latest_only_with_trigger.py
[2022-05-17 07:10:35,303] {processor.py:652} INFO - DAG(s) dict_keys(['latest_only_with_trigger']) retrieved from /home/airflow/.local/lib/python3.7/site-packages/airflow/example_dags/example_latest_only_with_trigger.py
[2022-05-17 07:10:35,336] {logging_mixin.py:109} INFO - [2022-05-17 07:10:35,336] {dag.py:2398} INFO - Sync 1 DAGs
[2022-05-17 07:10:35,366] {logging_mixin.py:109} INFO - [2022-05-17 07:10:35,365] {dag.py:2937} INFO - Setting next_dagrun for latest_only_with_trigger to 2022-05-17T03:10:35.365396+00:00
[2022-05-17 07:10:35,384] {processor.py:171} INFO - Processing /home/airflow/.local/lib/python3.7/site-packages/airflow/example_dags/example_latest_only_with_trigger.py took 0.113 seconds
[2022-05-17 07:11:06,515] {processor.py:163} INFO - Started process (PID=12211) to work on /home/airflow/.local/lib/python3.7/site-packages/airflow/example_dags/example_latest_only_with_trigger.py
[2022-05-17 07:11:06,517] {processor.py:642} INFO - Processing file /home/airflow/.local/lib/python3.7/site-packages/airflow/example_dags/example_latest_only_with_trigger.py for tasks to queue
[2022-05-17 07:11:06,519] {logging_mixin.py:109} INFO - [2022-05-17 07:11:06,518] {dagbag.py:500} INFO - Filling up the DagBag from /home/airflow/.local/lib/python3.7/site-packages/airflow/example_dags/example_latest_only_with_trigger.py
[2022-05-17 07:11:06,547] {processor.py:652} INFO - DAG(s) dict_keys(['latest_only_with_trigger']) retrieved from /home/airflow/.local/lib/python3.7/site-packages/airflow/example_dags/example_latest_only_with_trigger.py
[2022-05-17 07:11:06,584] {logging_mixin.py:109} INFO - [2022-05-17 07:11:06,584] {dag.py:2398} INFO - Sync 1 DAGs
[2022-05-17 07:11:06,617] {logging_mixin.py:109} INFO - [2022-05-17 07:11:06,617] {dag.py:2937} INFO - Setting next_dagrun for latest_only_with_trigger to 2022-05-17T03:11:06.617017+00:00
[2022-05-17 07:11:06,637] {processor.py:171} INFO - Processing /home/airflow/.local/lib/python3.7/site-packages/airflow/example_dags/example_latest_only_with_trigger.py took 0.128 seconds
[2022-05-17 07:11:37,023] {processor.py:163} INFO - Started process (PID=12286) to work on /home/airflow/.local/lib/python3.7/site-packages/airflow/example_dags/example_latest_only_with_trigger.py
[2022-05-17 07:11:37,026] {processor.py:642} INFO - Processing file /home/airflow/.local/lib/python3.7/site-packages/airflow/example_dags/example_latest_only_with_trigger.py for tasks to queue
[2022-05-17 07:11:37,027] {logging_mixin.py:109} INFO - [2022-05-17 07:11:37,027] {dagbag.py:500} INFO - Filling up the DagBag from /home/airflow/.local/lib/python3.7/site-packages/airflow/example_dags/example_latest_only_with_trigger.py
[2022-05-17 07:11:37,051] {processor.py:652} INFO - DAG(s) dict_keys(['latest_only_with_trigger']) retrieved from /home/airflow/.local/lib/python3.7/site-packages/airflow/example_dags/example_latest_only_with_trigger.py
[2022-05-17 07:11:37,092] {logging_mixin.py:109} INFO - [2022-05-17 07:11:37,091] {dag.py:2398} INFO - Sync 1 DAGs
[2022-05-17 07:11:37,122] {logging_mixin.py:109} INFO - [2022-05-17 07:11:37,122] {dag.py:2937} INFO - Setting next_dagrun for latest_only_with_trigger to 2022-05-17T03:11:37.121870+00:00
[2022-05-17 07:11:37,138] {processor.py:171} INFO - Processing /home/airflow/.local/lib/python3.7/site-packages/airflow/example_dags/example_latest_only_with_trigger.py took 0.119 seconds
[2022-05-17 07:12:08,240] {processor.py:163} INFO - Started process (PID=12348) to work on /home/airflow/.local/lib/python3.7/site-packages/airflow/example_dags/example_latest_only_with_trigger.py
[2022-05-17 07:12:08,243] {processor.py:642} INFO - Processing file /home/airflow/.local/lib/python3.7/site-packages/airflow/example_dags/example_latest_only_with_trigger.py for tasks to queue
[2022-05-17 07:12:08,245] {logging_mixin.py:109} INFO - [2022-05-17 07:12:08,245] {dagbag.py:500} INFO - Filling up the DagBag from /home/airflow/.local/lib/python3.7/site-packages/airflow/example_dags/example_latest_only_with_trigger.py
[2022-05-17 07:12:08,285] {processor.py:652} INFO - DAG(s) dict_keys(['latest_only_with_trigger']) retrieved from /home/airflow/.local/lib/python3.7/site-packages/airflow/example_dags/example_latest_only_with_trigger.py
[2022-05-17 07:12:08,337] {logging_mixin.py:109} INFO - [2022-05-17 07:12:08,336] {dag.py:2398} INFO - Sync 1 DAGs
[2022-05-17 07:12:08,376] {logging_mixin.py:109} INFO - [2022-05-17 07:12:08,376] {dag.py:2937} INFO - Setting next_dagrun for latest_only_with_trigger to 2022-05-17T03:12:08.375979+00:00
[2022-05-17 07:12:08,505] {processor.py:171} INFO - Processing /home/airflow/.local/lib/python3.7/site-packages/airflow/example_dags/example_latest_only_with_trigger.py took 0.272 seconds
[2022-05-17 07:12:52,219] {processor.py:163} INFO - Started process (PID=12402) to work on /home/airflow/.local/lib/python3.7/site-packages/airflow/example_dags/example_latest_only_with_trigger.py
[2022-05-17 07:12:52,222] {processor.py:642} INFO - Processing file /home/airflow/.local/lib/python3.7/site-packages/airflow/example_dags/example_latest_only_with_trigger.py for tasks to queue
[2022-05-17 07:12:52,224] {logging_mixin.py:109} INFO - [2022-05-17 07:12:52,224] {dagbag.py:500} INFO - Filling up the DagBag from /home/airflow/.local/lib/python3.7/site-packages/airflow/example_dags/example_latest_only_with_trigger.py
[2022-05-17 07:12:52,251] {processor.py:652} INFO - DAG(s) dict_keys(['latest_only_with_trigger']) retrieved from /home/airflow/.local/lib/python3.7/site-packages/airflow/example_dags/example_latest_only_with_trigger.py
[2022-05-17 07:12:52,284] {logging_mixin.py:109} INFO - [2022-05-17 07:12:52,284] {dag.py:2398} INFO - Sync 1 DAGs
[2022-05-17 07:12:52,316] {logging_mixin.py:109} INFO - [2022-05-17 07:12:52,316] {dag.py:2937} INFO - Setting next_dagrun for latest_only_with_trigger to 2022-05-17T03:12:52.315845+00:00
[2022-05-17 07:12:52,334] {processor.py:171} INFO - Processing /home/airflow/.local/lib/python3.7/site-packages/airflow/example_dags/example_latest_only_with_trigger.py took 0.121 seconds
[2022-05-17 07:13:22,784] {processor.py:163} INFO - Started process (PID=12466) to work on /home/airflow/.local/lib/python3.7/site-packages/airflow/example_dags/example_latest_only_with_trigger.py
[2022-05-17 07:13:22,787] {processor.py:642} INFO - Processing file /home/airflow/.local/lib/python3.7/site-packages/airflow/example_dags/example_latest_only_with_trigger.py for tasks to queue
[2022-05-17 07:13:22,788] {logging_mixin.py:109} INFO - [2022-05-17 07:13:22,788] {dagbag.py:500} INFO - Filling up the DagBag from /home/airflow/.local/lib/python3.7/site-packages/airflow/example_dags/example_latest_only_with_trigger.py
[2022-05-17 07:13:22,802] {processor.py:652} INFO - DAG(s) dict_keys(['latest_only_with_trigger']) retrieved from /home/airflow/.local/lib/python3.7/site-packages/airflow/example_dags/example_latest_only_with_trigger.py
[2022-05-17 07:13:22,824] {logging_mixin.py:109} INFO - [2022-05-17 07:13:22,824] {dag.py:2398} INFO - Sync 1 DAGs
[2022-05-17 07:13:22,839] {logging_mixin.py:109} INFO - [2022-05-17 07:13:22,839] {dag.py:2937} INFO - Setting next_dagrun for latest_only_with_trigger to 2022-05-17T03:13:22.839137+00:00
[2022-05-17 07:13:22,853] {processor.py:171} INFO - Processing /home/airflow/.local/lib/python3.7/site-packages/airflow/example_dags/example_latest_only_with_trigger.py took 0.072 seconds
[2022-05-17 07:13:53,792] {processor.py:163} INFO - Started process (PID=12543) to work on /home/airflow/.local/lib/python3.7/site-packages/airflow/example_dags/example_latest_only_with_trigger.py
[2022-05-17 07:13:53,794] {processor.py:642} INFO - Processing file /home/airflow/.local/lib/python3.7/site-packages/airflow/example_dags/example_latest_only_with_trigger.py for tasks to queue
[2022-05-17 07:13:53,794] {logging_mixin.py:109} INFO - [2022-05-17 07:13:53,794] {dagbag.py:500} INFO - Filling up the DagBag from /home/airflow/.local/lib/python3.7/site-packages/airflow/example_dags/example_latest_only_with_trigger.py
[2022-05-17 07:13:53,811] {processor.py:652} INFO - DAG(s) dict_keys(['latest_only_with_trigger']) retrieved from /home/airflow/.local/lib/python3.7/site-packages/airflow/example_dags/example_latest_only_with_trigger.py
[2022-05-17 07:13:53,830] {logging_mixin.py:109} INFO - [2022-05-17 07:13:53,830] {dag.py:2398} INFO - Sync 1 DAGs
[2022-05-17 07:13:53,844] {logging_mixin.py:109} INFO - [2022-05-17 07:13:53,844] {dag.py:2937} INFO - Setting next_dagrun for latest_only_with_trigger to 2022-05-17T03:13:53.843931+00:00
[2022-05-17 07:13:53,857] {processor.py:171} INFO - Processing /home/airflow/.local/lib/python3.7/site-packages/airflow/example_dags/example_latest_only_with_trigger.py took 0.067 seconds
[2022-05-17 07:14:24,124] {processor.py:163} INFO - Started process (PID=12607) to work on /home/airflow/.local/lib/python3.7/site-packages/airflow/example_dags/example_latest_only_with_trigger.py
[2022-05-17 07:14:24,126] {processor.py:642} INFO - Processing file /home/airflow/.local/lib/python3.7/site-packages/airflow/example_dags/example_latest_only_with_trigger.py for tasks to queue
[2022-05-17 07:14:24,127] {logging_mixin.py:109} INFO - [2022-05-17 07:14:24,127] {dagbag.py:500} INFO - Filling up the DagBag from /home/airflow/.local/lib/python3.7/site-packages/airflow/example_dags/example_latest_only_with_trigger.py
[2022-05-17 07:14:24,139] {processor.py:652} INFO - DAG(s) dict_keys(['latest_only_with_trigger']) retrieved from /home/airflow/.local/lib/python3.7/site-packages/airflow/example_dags/example_latest_only_with_trigger.py
[2022-05-17 07:14:24,155] {logging_mixin.py:109} INFO - [2022-05-17 07:14:24,155] {dag.py:2398} INFO - Sync 1 DAGs
[2022-05-17 07:14:24,169] {logging_mixin.py:109} INFO - [2022-05-17 07:14:24,169] {dag.py:2937} INFO - Setting next_dagrun for latest_only_with_trigger to 2022-05-17T03:14:24.169452+00:00
[2022-05-17 07:14:24,185] {processor.py:171} INFO - Processing /home/airflow/.local/lib/python3.7/site-packages/airflow/example_dags/example_latest_only_with_trigger.py took 0.064 seconds
[2022-05-17 07:14:55,021] {processor.py:163} INFO - Started process (PID=12680) to work on /home/airflow/.local/lib/python3.7/site-packages/airflow/example_dags/example_latest_only_with_trigger.py
[2022-05-17 07:14:55,023] {processor.py:642} INFO - Processing file /home/airflow/.local/lib/python3.7/site-packages/airflow/example_dags/example_latest_only_with_trigger.py for tasks to queue
[2022-05-17 07:14:55,023] {logging_mixin.py:109} INFO - [2022-05-17 07:14:55,023] {dagbag.py:500} INFO - Filling up the DagBag from /home/airflow/.local/lib/python3.7/site-packages/airflow/example_dags/example_latest_only_with_trigger.py
[2022-05-17 07:14:55,041] {processor.py:652} INFO - DAG(s) dict_keys(['latest_only_with_trigger']) retrieved from /home/airflow/.local/lib/python3.7/site-packages/airflow/example_dags/example_latest_only_with_trigger.py
[2022-05-17 07:14:55,065] {logging_mixin.py:109} INFO - [2022-05-17 07:14:55,065] {dag.py:2398} INFO - Sync 1 DAGs
[2022-05-17 07:14:55,085] {logging_mixin.py:109} INFO - [2022-05-17 07:14:55,085] {dag.py:2937} INFO - Setting next_dagrun for latest_only_with_trigger to 2022-05-17T03:14:55.085396+00:00
[2022-05-17 07:14:55,102] {processor.py:171} INFO - Processing /home/airflow/.local/lib/python3.7/site-packages/airflow/example_dags/example_latest_only_with_trigger.py took 0.085 seconds
[2022-05-17 07:15:26,034] {processor.py:163} INFO - Started process (PID=12754) to work on /home/airflow/.local/lib/python3.7/site-packages/airflow/example_dags/example_latest_only_with_trigger.py
[2022-05-17 07:15:26,036] {processor.py:642} INFO - Processing file /home/airflow/.local/lib/python3.7/site-packages/airflow/example_dags/example_latest_only_with_trigger.py for tasks to queue
[2022-05-17 07:15:26,037] {logging_mixin.py:109} INFO - [2022-05-17 07:15:26,036] {dagbag.py:500} INFO - Filling up the DagBag from /home/airflow/.local/lib/python3.7/site-packages/airflow/example_dags/example_latest_only_with_trigger.py
[2022-05-17 07:15:26,052] {processor.py:652} INFO - DAG(s) dict_keys(['latest_only_with_trigger']) retrieved from /home/airflow/.local/lib/python3.7/site-packages/airflow/example_dags/example_latest_only_with_trigger.py
[2022-05-17 07:15:26,075] {logging_mixin.py:109} INFO - [2022-05-17 07:15:26,075] {dag.py:2398} INFO - Sync 1 DAGs
[2022-05-17 07:15:26,095] {logging_mixin.py:109} INFO - [2022-05-17 07:15:26,095] {dag.py:2937} INFO - Setting next_dagrun for latest_only_with_trigger to 2022-05-17T03:15:26.094749+00:00
[2022-05-17 07:15:26,110] {processor.py:171} INFO - Processing /home/airflow/.local/lib/python3.7/site-packages/airflow/example_dags/example_latest_only_with_trigger.py took 0.078 seconds
