[2022-05-17 06:58:16,442] {processor.py:163} INFO - Started process (PID=10514) to work on /home/airflow/.local/lib/python3.7/site-packages/airflow/example_dags/example_trigger_target_dag.py
[2022-05-17 06:58:16,444] {processor.py:642} INFO - Processing file /home/airflow/.local/lib/python3.7/site-packages/airflow/example_dags/example_trigger_target_dag.py for tasks to queue
[2022-05-17 06:58:16,445] {logging_mixin.py:109} INFO - [2022-05-17 06:58:16,445] {dagbag.py:500} INFO - Filling up the DagBag from /home/airflow/.local/lib/python3.7/site-packages/airflow/example_dags/example_trigger_target_dag.py
[2022-05-17 06:58:16,472] {processor.py:652} INFO - DAG(s) dict_keys(['example_trigger_target_dag']) retrieved from /home/airflow/.local/lib/python3.7/site-packages/airflow/example_dags/example_trigger_target_dag.py
[2022-05-17 06:58:16,514] {logging_mixin.py:109} INFO - [2022-05-17 06:58:16,513] {dag.py:2398} INFO - Sync 1 DAGs
[2022-05-17 06:58:16,539] {logging_mixin.py:109} INFO - [2022-05-17 06:58:16,538] {dag.py:2937} INFO - Setting next_dagrun for example_trigger_target_dag to None
[2022-05-17 06:58:16,556] {processor.py:171} INFO - Processing /home/airflow/.local/lib/python3.7/site-packages/airflow/example_dags/example_trigger_target_dag.py took 0.117 seconds
[2022-05-17 06:58:46,881] {processor.py:163} INFO - Started process (PID=10576) to work on /home/airflow/.local/lib/python3.7/site-packages/airflow/example_dags/example_trigger_target_dag.py
[2022-05-17 06:58:46,882] {processor.py:642} INFO - Processing file /home/airflow/.local/lib/python3.7/site-packages/airflow/example_dags/example_trigger_target_dag.py for tasks to queue
[2022-05-17 06:58:46,883] {logging_mixin.py:109} INFO - [2022-05-17 06:58:46,883] {dagbag.py:500} INFO - Filling up the DagBag from /home/airflow/.local/lib/python3.7/site-packages/airflow/example_dags/example_trigger_target_dag.py
[2022-05-17 06:58:46,897] {processor.py:652} INFO - DAG(s) dict_keys(['example_trigger_target_dag']) retrieved from /home/airflow/.local/lib/python3.7/site-packages/airflow/example_dags/example_trigger_target_dag.py
[2022-05-17 06:58:46,916] {logging_mixin.py:109} INFO - [2022-05-17 06:58:46,916] {dag.py:2398} INFO - Sync 1 DAGs
[2022-05-17 06:58:46,930] {logging_mixin.py:109} INFO - [2022-05-17 06:58:46,930] {dag.py:2937} INFO - Setting next_dagrun for example_trigger_target_dag to None
[2022-05-17 06:58:46,941] {processor.py:171} INFO - Processing /home/airflow/.local/lib/python3.7/site-packages/airflow/example_dags/example_trigger_target_dag.py took 0.063 seconds
[2022-05-17 06:59:17,902] {processor.py:163} INFO - Started process (PID=10649) to work on /home/airflow/.local/lib/python3.7/site-packages/airflow/example_dags/example_trigger_target_dag.py
[2022-05-17 06:59:17,904] {processor.py:642} INFO - Processing file /home/airflow/.local/lib/python3.7/site-packages/airflow/example_dags/example_trigger_target_dag.py for tasks to queue
[2022-05-17 06:59:17,904] {logging_mixin.py:109} INFO - [2022-05-17 06:59:17,904] {dagbag.py:500} INFO - Filling up the DagBag from /home/airflow/.local/lib/python3.7/site-packages/airflow/example_dags/example_trigger_target_dag.py
[2022-05-17 06:59:17,920] {processor.py:652} INFO - DAG(s) dict_keys(['example_trigger_target_dag']) retrieved from /home/airflow/.local/lib/python3.7/site-packages/airflow/example_dags/example_trigger_target_dag.py
[2022-05-17 06:59:17,937] {logging_mixin.py:109} INFO - [2022-05-17 06:59:17,937] {dag.py:2398} INFO - Sync 1 DAGs
[2022-05-17 06:59:17,953] {logging_mixin.py:109} INFO - [2022-05-17 06:59:17,952] {dag.py:2937} INFO - Setting next_dagrun for example_trigger_target_dag to None
[2022-05-17 06:59:17,964] {processor.py:171} INFO - Processing /home/airflow/.local/lib/python3.7/site-packages/airflow/example_dags/example_trigger_target_dag.py took 0.065 seconds
[2022-05-17 06:59:48,678] {processor.py:163} INFO - Started process (PID=10721) to work on /home/airflow/.local/lib/python3.7/site-packages/airflow/example_dags/example_trigger_target_dag.py
[2022-05-17 06:59:48,680] {processor.py:642} INFO - Processing file /home/airflow/.local/lib/python3.7/site-packages/airflow/example_dags/example_trigger_target_dag.py for tasks to queue
[2022-05-17 06:59:48,681] {logging_mixin.py:109} INFO - [2022-05-17 06:59:48,681] {dagbag.py:500} INFO - Filling up the DagBag from /home/airflow/.local/lib/python3.7/site-packages/airflow/example_dags/example_trigger_target_dag.py
[2022-05-17 06:59:48,699] {processor.py:652} INFO - DAG(s) dict_keys(['example_trigger_target_dag']) retrieved from /home/airflow/.local/lib/python3.7/site-packages/airflow/example_dags/example_trigger_target_dag.py
[2022-05-17 06:59:48,722] {logging_mixin.py:109} INFO - [2022-05-17 06:59:48,722] {dag.py:2398} INFO - Sync 1 DAGs
[2022-05-17 06:59:48,738] {logging_mixin.py:109} INFO - [2022-05-17 06:59:48,737] {dag.py:2937} INFO - Setting next_dagrun for example_trigger_target_dag to None
[2022-05-17 06:59:48,750] {processor.py:171} INFO - Processing /home/airflow/.local/lib/python3.7/site-packages/airflow/example_dags/example_trigger_target_dag.py took 0.075 seconds
[2022-05-17 07:00:19,471] {processor.py:163} INFO - Started process (PID=10785) to work on /home/airflow/.local/lib/python3.7/site-packages/airflow/example_dags/example_trigger_target_dag.py
[2022-05-17 07:00:19,473] {processor.py:642} INFO - Processing file /home/airflow/.local/lib/python3.7/site-packages/airflow/example_dags/example_trigger_target_dag.py for tasks to queue
[2022-05-17 07:00:19,474] {logging_mixin.py:109} INFO - [2022-05-17 07:00:19,474] {dagbag.py:500} INFO - Filling up the DagBag from /home/airflow/.local/lib/python3.7/site-packages/airflow/example_dags/example_trigger_target_dag.py
[2022-05-17 07:00:19,492] {processor.py:652} INFO - DAG(s) dict_keys(['example_trigger_target_dag']) retrieved from /home/airflow/.local/lib/python3.7/site-packages/airflow/example_dags/example_trigger_target_dag.py
[2022-05-17 07:00:19,512] {logging_mixin.py:109} INFO - [2022-05-17 07:00:19,512] {dag.py:2398} INFO - Sync 1 DAGs
[2022-05-17 07:00:19,526] {logging_mixin.py:109} INFO - [2022-05-17 07:00:19,526] {dag.py:2937} INFO - Setting next_dagrun for example_trigger_target_dag to None
[2022-05-17 07:00:19,538] {processor.py:171} INFO - Processing /home/airflow/.local/lib/python3.7/site-packages/airflow/example_dags/example_trigger_target_dag.py took 0.069 seconds
[2022-05-17 07:00:50,072] {processor.py:163} INFO - Started process (PID=10858) to work on /home/airflow/.local/lib/python3.7/site-packages/airflow/example_dags/example_trigger_target_dag.py
[2022-05-17 07:00:50,074] {processor.py:642} INFO - Processing file /home/airflow/.local/lib/python3.7/site-packages/airflow/example_dags/example_trigger_target_dag.py for tasks to queue
[2022-05-17 07:00:50,074] {logging_mixin.py:109} INFO - [2022-05-17 07:00:50,074] {dagbag.py:500} INFO - Filling up the DagBag from /home/airflow/.local/lib/python3.7/site-packages/airflow/example_dags/example_trigger_target_dag.py
[2022-05-17 07:00:50,090] {processor.py:652} INFO - DAG(s) dict_keys(['example_trigger_target_dag']) retrieved from /home/airflow/.local/lib/python3.7/site-packages/airflow/example_dags/example_trigger_target_dag.py
[2022-05-17 07:00:50,108] {logging_mixin.py:109} INFO - [2022-05-17 07:00:50,108] {dag.py:2398} INFO - Sync 1 DAGs
[2022-05-17 07:00:50,121] {logging_mixin.py:109} INFO - [2022-05-17 07:00:50,121] {dag.py:2937} INFO - Setting next_dagrun for example_trigger_target_dag to None
[2022-05-17 07:00:50,134] {processor.py:171} INFO - Processing /home/airflow/.local/lib/python3.7/site-packages/airflow/example_dags/example_trigger_target_dag.py took 0.065 seconds
[2022-05-17 07:01:20,787] {processor.py:163} INFO - Started process (PID=10921) to work on /home/airflow/.local/lib/python3.7/site-packages/airflow/example_dags/example_trigger_target_dag.py
[2022-05-17 07:01:20,789] {processor.py:642} INFO - Processing file /home/airflow/.local/lib/python3.7/site-packages/airflow/example_dags/example_trigger_target_dag.py for tasks to queue
[2022-05-17 07:01:20,790] {logging_mixin.py:109} INFO - [2022-05-17 07:01:20,790] {dagbag.py:500} INFO - Filling up the DagBag from /home/airflow/.local/lib/python3.7/site-packages/airflow/example_dags/example_trigger_target_dag.py
[2022-05-17 07:01:20,804] {processor.py:652} INFO - DAG(s) dict_keys(['example_trigger_target_dag']) retrieved from /home/airflow/.local/lib/python3.7/site-packages/airflow/example_dags/example_trigger_target_dag.py
[2022-05-17 07:01:20,821] {logging_mixin.py:109} INFO - [2022-05-17 07:01:20,821] {dag.py:2398} INFO - Sync 1 DAGs
[2022-05-17 07:01:20,834] {logging_mixin.py:109} INFO - [2022-05-17 07:01:20,834] {dag.py:2937} INFO - Setting next_dagrun for example_trigger_target_dag to None
[2022-05-17 07:01:20,846] {processor.py:171} INFO - Processing /home/airflow/.local/lib/python3.7/site-packages/airflow/example_dags/example_trigger_target_dag.py took 0.062 seconds
[2022-05-17 07:01:51,464] {processor.py:163} INFO - Started process (PID=10993) to work on /home/airflow/.local/lib/python3.7/site-packages/airflow/example_dags/example_trigger_target_dag.py
[2022-05-17 07:01:51,466] {processor.py:642} INFO - Processing file /home/airflow/.local/lib/python3.7/site-packages/airflow/example_dags/example_trigger_target_dag.py for tasks to queue
[2022-05-17 07:01:51,466] {logging_mixin.py:109} INFO - [2022-05-17 07:01:51,466] {dagbag.py:500} INFO - Filling up the DagBag from /home/airflow/.local/lib/python3.7/site-packages/airflow/example_dags/example_trigger_target_dag.py
[2022-05-17 07:01:51,480] {processor.py:652} INFO - DAG(s) dict_keys(['example_trigger_target_dag']) retrieved from /home/airflow/.local/lib/python3.7/site-packages/airflow/example_dags/example_trigger_target_dag.py
[2022-05-17 07:01:51,499] {logging_mixin.py:109} INFO - [2022-05-17 07:01:51,499] {dag.py:2398} INFO - Sync 1 DAGs
[2022-05-17 07:01:51,514] {logging_mixin.py:109} INFO - [2022-05-17 07:01:51,514] {dag.py:2937} INFO - Setting next_dagrun for example_trigger_target_dag to None
[2022-05-17 07:01:51,528] {processor.py:171} INFO - Processing /home/airflow/.local/lib/python3.7/site-packages/airflow/example_dags/example_trigger_target_dag.py took 0.066 seconds
[2022-05-17 07:02:22,505] {processor.py:163} INFO - Started process (PID=11066) to work on /home/airflow/.local/lib/python3.7/site-packages/airflow/example_dags/example_trigger_target_dag.py
[2022-05-17 07:02:22,507] {processor.py:642} INFO - Processing file /home/airflow/.local/lib/python3.7/site-packages/airflow/example_dags/example_trigger_target_dag.py for tasks to queue
[2022-05-17 07:02:22,507] {logging_mixin.py:109} INFO - [2022-05-17 07:02:22,507] {dagbag.py:500} INFO - Filling up the DagBag from /home/airflow/.local/lib/python3.7/site-packages/airflow/example_dags/example_trigger_target_dag.py
[2022-05-17 07:02:22,522] {processor.py:652} INFO - DAG(s) dict_keys(['example_trigger_target_dag']) retrieved from /home/airflow/.local/lib/python3.7/site-packages/airflow/example_dags/example_trigger_target_dag.py
[2022-05-17 07:02:22,542] {logging_mixin.py:109} INFO - [2022-05-17 07:02:22,542] {dag.py:2398} INFO - Sync 1 DAGs
[2022-05-17 07:02:22,555] {logging_mixin.py:109} INFO - [2022-05-17 07:02:22,555] {dag.py:2937} INFO - Setting next_dagrun for example_trigger_target_dag to None
[2022-05-17 07:02:22,569] {processor.py:171} INFO - Processing /home/airflow/.local/lib/python3.7/site-packages/airflow/example_dags/example_trigger_target_dag.py took 0.066 seconds
[2022-05-17 07:02:52,799] {processor.py:163} INFO - Started process (PID=11130) to work on /home/airflow/.local/lib/python3.7/site-packages/airflow/example_dags/example_trigger_target_dag.py
[2022-05-17 07:02:52,801] {processor.py:642} INFO - Processing file /home/airflow/.local/lib/python3.7/site-packages/airflow/example_dags/example_trigger_target_dag.py for tasks to queue
[2022-05-17 07:02:52,801] {logging_mixin.py:109} INFO - [2022-05-17 07:02:52,801] {dagbag.py:500} INFO - Filling up the DagBag from /home/airflow/.local/lib/python3.7/site-packages/airflow/example_dags/example_trigger_target_dag.py
[2022-05-17 07:02:52,815] {processor.py:652} INFO - DAG(s) dict_keys(['example_trigger_target_dag']) retrieved from /home/airflow/.local/lib/python3.7/site-packages/airflow/example_dags/example_trigger_target_dag.py
[2022-05-17 07:02:52,834] {logging_mixin.py:109} INFO - [2022-05-17 07:02:52,834] {dag.py:2398} INFO - Sync 1 DAGs
[2022-05-17 07:02:52,848] {logging_mixin.py:109} INFO - [2022-05-17 07:02:52,848] {dag.py:2937} INFO - Setting next_dagrun for example_trigger_target_dag to None
[2022-05-17 07:02:52,862] {processor.py:171} INFO - Processing /home/airflow/.local/lib/python3.7/site-packages/airflow/example_dags/example_trigger_target_dag.py took 0.065 seconds
[2022-05-17 07:03:23,648] {processor.py:163} INFO - Started process (PID=11204) to work on /home/airflow/.local/lib/python3.7/site-packages/airflow/example_dags/example_trigger_target_dag.py
[2022-05-17 07:03:23,650] {processor.py:642} INFO - Processing file /home/airflow/.local/lib/python3.7/site-packages/airflow/example_dags/example_trigger_target_dag.py for tasks to queue
[2022-05-17 07:03:23,651] {logging_mixin.py:109} INFO - [2022-05-17 07:03:23,651] {dagbag.py:500} INFO - Filling up the DagBag from /home/airflow/.local/lib/python3.7/site-packages/airflow/example_dags/example_trigger_target_dag.py
[2022-05-17 07:03:23,667] {processor.py:652} INFO - DAG(s) dict_keys(['example_trigger_target_dag']) retrieved from /home/airflow/.local/lib/python3.7/site-packages/airflow/example_dags/example_trigger_target_dag.py
[2022-05-17 07:03:23,685] {logging_mixin.py:109} INFO - [2022-05-17 07:03:23,685] {dag.py:2398} INFO - Sync 1 DAGs
[2022-05-17 07:03:23,700] {logging_mixin.py:109} INFO - [2022-05-17 07:03:23,700] {dag.py:2937} INFO - Setting next_dagrun for example_trigger_target_dag to None
[2022-05-17 07:03:23,710] {processor.py:171} INFO - Processing /home/airflow/.local/lib/python3.7/site-packages/airflow/example_dags/example_trigger_target_dag.py took 0.065 seconds
[2022-05-17 07:03:54,301] {processor.py:163} INFO - Started process (PID=11278) to work on /home/airflow/.local/lib/python3.7/site-packages/airflow/example_dags/example_trigger_target_dag.py
[2022-05-17 07:03:54,302] {processor.py:642} INFO - Processing file /home/airflow/.local/lib/python3.7/site-packages/airflow/example_dags/example_trigger_target_dag.py for tasks to queue
[2022-05-17 07:03:54,303] {logging_mixin.py:109} INFO - [2022-05-17 07:03:54,303] {dagbag.py:500} INFO - Filling up the DagBag from /home/airflow/.local/lib/python3.7/site-packages/airflow/example_dags/example_trigger_target_dag.py
[2022-05-17 07:03:54,319] {processor.py:652} INFO - DAG(s) dict_keys(['example_trigger_target_dag']) retrieved from /home/airflow/.local/lib/python3.7/site-packages/airflow/example_dags/example_trigger_target_dag.py
[2022-05-17 07:03:54,339] {logging_mixin.py:109} INFO - [2022-05-17 07:03:54,339] {dag.py:2398} INFO - Sync 1 DAGs
[2022-05-17 07:03:54,353] {logging_mixin.py:109} INFO - [2022-05-17 07:03:54,353] {dag.py:2937} INFO - Setting next_dagrun for example_trigger_target_dag to None
[2022-05-17 07:03:54,364] {processor.py:171} INFO - Processing /home/airflow/.local/lib/python3.7/site-packages/airflow/example_dags/example_trigger_target_dag.py took 0.065 seconds
[2022-05-17 07:04:24,990] {processor.py:163} INFO - Started process (PID=11341) to work on /home/airflow/.local/lib/python3.7/site-packages/airflow/example_dags/example_trigger_target_dag.py
[2022-05-17 07:04:24,992] {processor.py:642} INFO - Processing file /home/airflow/.local/lib/python3.7/site-packages/airflow/example_dags/example_trigger_target_dag.py for tasks to queue
[2022-05-17 07:04:24,993] {logging_mixin.py:109} INFO - [2022-05-17 07:04:24,993] {dagbag.py:500} INFO - Filling up the DagBag from /home/airflow/.local/lib/python3.7/site-packages/airflow/example_dags/example_trigger_target_dag.py
[2022-05-17 07:04:25,007] {processor.py:652} INFO - DAG(s) dict_keys(['example_trigger_target_dag']) retrieved from /home/airflow/.local/lib/python3.7/site-packages/airflow/example_dags/example_trigger_target_dag.py
[2022-05-17 07:04:25,027] {logging_mixin.py:109} INFO - [2022-05-17 07:04:25,027] {dag.py:2398} INFO - Sync 1 DAGs
[2022-05-17 07:04:25,040] {logging_mixin.py:109} INFO - [2022-05-17 07:04:25,040] {dag.py:2937} INFO - Setting next_dagrun for example_trigger_target_dag to None
[2022-05-17 07:04:25,056] {processor.py:171} INFO - Processing /home/airflow/.local/lib/python3.7/site-packages/airflow/example_dags/example_trigger_target_dag.py took 0.069 seconds
[2022-05-17 07:04:55,849] {processor.py:163} INFO - Started process (PID=11412) to work on /home/airflow/.local/lib/python3.7/site-packages/airflow/example_dags/example_trigger_target_dag.py
[2022-05-17 07:04:55,851] {processor.py:642} INFO - Processing file /home/airflow/.local/lib/python3.7/site-packages/airflow/example_dags/example_trigger_target_dag.py for tasks to queue
[2022-05-17 07:04:55,852] {logging_mixin.py:109} INFO - [2022-05-17 07:04:55,852] {dagbag.py:500} INFO - Filling up the DagBag from /home/airflow/.local/lib/python3.7/site-packages/airflow/example_dags/example_trigger_target_dag.py
[2022-05-17 07:04:55,867] {processor.py:652} INFO - DAG(s) dict_keys(['example_trigger_target_dag']) retrieved from /home/airflow/.local/lib/python3.7/site-packages/airflow/example_dags/example_trigger_target_dag.py
[2022-05-17 07:04:55,886] {logging_mixin.py:109} INFO - [2022-05-17 07:04:55,886] {dag.py:2398} INFO - Sync 1 DAGs
[2022-05-17 07:04:55,899] {logging_mixin.py:109} INFO - [2022-05-17 07:04:55,899] {dag.py:2937} INFO - Setting next_dagrun for example_trigger_target_dag to None
[2022-05-17 07:04:55,913] {processor.py:171} INFO - Processing /home/airflow/.local/lib/python3.7/site-packages/airflow/example_dags/example_trigger_target_dag.py took 0.066 seconds
[2022-05-17 07:05:26,614] {processor.py:163} INFO - Started process (PID=11476) to work on /home/airflow/.local/lib/python3.7/site-packages/airflow/example_dags/example_trigger_target_dag.py
[2022-05-17 07:05:26,615] {processor.py:642} INFO - Processing file /home/airflow/.local/lib/python3.7/site-packages/airflow/example_dags/example_trigger_target_dag.py for tasks to queue
[2022-05-17 07:05:26,616] {logging_mixin.py:109} INFO - [2022-05-17 07:05:26,616] {dagbag.py:500} INFO - Filling up the DagBag from /home/airflow/.local/lib/python3.7/site-packages/airflow/example_dags/example_trigger_target_dag.py
[2022-05-17 07:05:26,632] {processor.py:652} INFO - DAG(s) dict_keys(['example_trigger_target_dag']) retrieved from /home/airflow/.local/lib/python3.7/site-packages/airflow/example_dags/example_trigger_target_dag.py
[2022-05-17 07:05:26,650] {logging_mixin.py:109} INFO - [2022-05-17 07:05:26,650] {dag.py:2398} INFO - Sync 1 DAGs
[2022-05-17 07:05:26,663] {logging_mixin.py:109} INFO - [2022-05-17 07:05:26,663] {dag.py:2937} INFO - Setting next_dagrun for example_trigger_target_dag to None
[2022-05-17 07:05:26,676] {processor.py:171} INFO - Processing /home/airflow/.local/lib/python3.7/site-packages/airflow/example_dags/example_trigger_target_dag.py took 0.065 seconds
[2022-05-17 07:05:57,312] {processor.py:163} INFO - Started process (PID=11549) to work on /home/airflow/.local/lib/python3.7/site-packages/airflow/example_dags/example_trigger_target_dag.py
[2022-05-17 07:05:57,313] {processor.py:642} INFO - Processing file /home/airflow/.local/lib/python3.7/site-packages/airflow/example_dags/example_trigger_target_dag.py for tasks to queue
[2022-05-17 07:05:57,314] {logging_mixin.py:109} INFO - [2022-05-17 07:05:57,314] {dagbag.py:500} INFO - Filling up the DagBag from /home/airflow/.local/lib/python3.7/site-packages/airflow/example_dags/example_trigger_target_dag.py
[2022-05-17 07:05:57,330] {processor.py:652} INFO - DAG(s) dict_keys(['example_trigger_target_dag']) retrieved from /home/airflow/.local/lib/python3.7/site-packages/airflow/example_dags/example_trigger_target_dag.py
[2022-05-17 07:05:57,349] {logging_mixin.py:109} INFO - [2022-05-17 07:05:57,349] {dag.py:2398} INFO - Sync 1 DAGs
[2022-05-17 07:05:57,362] {logging_mixin.py:109} INFO - [2022-05-17 07:05:57,362] {dag.py:2937} INFO - Setting next_dagrun for example_trigger_target_dag to None
[2022-05-17 07:05:57,374] {processor.py:171} INFO - Processing /home/airflow/.local/lib/python3.7/site-packages/airflow/example_dags/example_trigger_target_dag.py took 0.065 seconds
[2022-05-17 07:06:27,730] {processor.py:163} INFO - Started process (PID=11622) to work on /home/airflow/.local/lib/python3.7/site-packages/airflow/example_dags/example_trigger_target_dag.py
[2022-05-17 07:06:27,733] {processor.py:642} INFO - Processing file /home/airflow/.local/lib/python3.7/site-packages/airflow/example_dags/example_trigger_target_dag.py for tasks to queue
[2022-05-17 07:06:27,734] {logging_mixin.py:109} INFO - [2022-05-17 07:06:27,734] {dagbag.py:500} INFO - Filling up the DagBag from /home/airflow/.local/lib/python3.7/site-packages/airflow/example_dags/example_trigger_target_dag.py
[2022-05-17 07:06:27,758] {processor.py:652} INFO - DAG(s) dict_keys(['example_trigger_target_dag']) retrieved from /home/airflow/.local/lib/python3.7/site-packages/airflow/example_dags/example_trigger_target_dag.py
[2022-05-17 07:06:27,784] {logging_mixin.py:109} INFO - [2022-05-17 07:06:27,784] {dag.py:2398} INFO - Sync 1 DAGs
[2022-05-17 07:06:27,811] {logging_mixin.py:109} INFO - [2022-05-17 07:06:27,810] {dag.py:2937} INFO - Setting next_dagrun for example_trigger_target_dag to None
[2022-05-17 07:06:27,826] {processor.py:171} INFO - Processing /home/airflow/.local/lib/python3.7/site-packages/airflow/example_dags/example_trigger_target_dag.py took 0.099 seconds
[2022-05-17 07:06:58,863] {processor.py:163} INFO - Started process (PID=11685) to work on /home/airflow/.local/lib/python3.7/site-packages/airflow/example_dags/example_trigger_target_dag.py
[2022-05-17 07:06:58,865] {processor.py:642} INFO - Processing file /home/airflow/.local/lib/python3.7/site-packages/airflow/example_dags/example_trigger_target_dag.py for tasks to queue
[2022-05-17 07:06:58,866] {logging_mixin.py:109} INFO - [2022-05-17 07:06:58,866] {dagbag.py:500} INFO - Filling up the DagBag from /home/airflow/.local/lib/python3.7/site-packages/airflow/example_dags/example_trigger_target_dag.py
[2022-05-17 07:06:58,892] {processor.py:652} INFO - DAG(s) dict_keys(['example_trigger_target_dag']) retrieved from /home/airflow/.local/lib/python3.7/site-packages/airflow/example_dags/example_trigger_target_dag.py
[2022-05-17 07:06:58,921] {logging_mixin.py:109} INFO - [2022-05-17 07:06:58,921] {dag.py:2398} INFO - Sync 1 DAGs
[2022-05-17 07:06:58,945] {logging_mixin.py:109} INFO - [2022-05-17 07:06:58,945] {dag.py:2937} INFO - Setting next_dagrun for example_trigger_target_dag to None
[2022-05-17 07:06:58,960] {processor.py:171} INFO - Processing /home/airflow/.local/lib/python3.7/site-packages/airflow/example_dags/example_trigger_target_dag.py took 0.104 seconds
[2022-05-17 07:07:29,345] {processor.py:163} INFO - Started process (PID=11749) to work on /home/airflow/.local/lib/python3.7/site-packages/airflow/example_dags/example_trigger_target_dag.py
[2022-05-17 07:07:29,347] {processor.py:642} INFO - Processing file /home/airflow/.local/lib/python3.7/site-packages/airflow/example_dags/example_trigger_target_dag.py for tasks to queue
[2022-05-17 07:07:29,348] {logging_mixin.py:109} INFO - [2022-05-17 07:07:29,348] {dagbag.py:500} INFO - Filling up the DagBag from /home/airflow/.local/lib/python3.7/site-packages/airflow/example_dags/example_trigger_target_dag.py
[2022-05-17 07:07:29,378] {processor.py:652} INFO - DAG(s) dict_keys(['example_trigger_target_dag']) retrieved from /home/airflow/.local/lib/python3.7/site-packages/airflow/example_dags/example_trigger_target_dag.py
[2022-05-17 07:07:29,404] {logging_mixin.py:109} INFO - [2022-05-17 07:07:29,403] {dag.py:2398} INFO - Sync 1 DAGs
[2022-05-17 07:07:29,426] {logging_mixin.py:109} INFO - [2022-05-17 07:07:29,426] {dag.py:2937} INFO - Setting next_dagrun for example_trigger_target_dag to None
[2022-05-17 07:07:29,442] {processor.py:171} INFO - Processing /home/airflow/.local/lib/python3.7/site-packages/airflow/example_dags/example_trigger_target_dag.py took 0.101 seconds
[2022-05-17 07:08:00,477] {processor.py:163} INFO - Started process (PID=11822) to work on /home/airflow/.local/lib/python3.7/site-packages/airflow/example_dags/example_trigger_target_dag.py
[2022-05-17 07:08:00,479] {processor.py:642} INFO - Processing file /home/airflow/.local/lib/python3.7/site-packages/airflow/example_dags/example_trigger_target_dag.py for tasks to queue
[2022-05-17 07:08:00,480] {logging_mixin.py:109} INFO - [2022-05-17 07:08:00,480] {dagbag.py:500} INFO - Filling up the DagBag from /home/airflow/.local/lib/python3.7/site-packages/airflow/example_dags/example_trigger_target_dag.py
[2022-05-17 07:08:00,508] {processor.py:652} INFO - DAG(s) dict_keys(['example_trigger_target_dag']) retrieved from /home/airflow/.local/lib/python3.7/site-packages/airflow/example_dags/example_trigger_target_dag.py
[2022-05-17 07:08:00,536] {logging_mixin.py:109} INFO - [2022-05-17 07:08:00,536] {dag.py:2398} INFO - Sync 1 DAGs
[2022-05-17 07:08:00,576] {logging_mixin.py:109} INFO - [2022-05-17 07:08:00,576] {dag.py:2937} INFO - Setting next_dagrun for example_trigger_target_dag to None
[2022-05-17 07:08:00,604] {processor.py:171} INFO - Processing /home/airflow/.local/lib/python3.7/site-packages/airflow/example_dags/example_trigger_target_dag.py took 0.132 seconds
[2022-05-17 07:08:31,634] {processor.py:163} INFO - Started process (PID=11884) to work on /home/airflow/.local/lib/python3.7/site-packages/airflow/example_dags/example_trigger_target_dag.py
[2022-05-17 07:08:31,635] {processor.py:642} INFO - Processing file /home/airflow/.local/lib/python3.7/site-packages/airflow/example_dags/example_trigger_target_dag.py for tasks to queue
[2022-05-17 07:08:31,636] {logging_mixin.py:109} INFO - [2022-05-17 07:08:31,636] {dagbag.py:500} INFO - Filling up the DagBag from /home/airflow/.local/lib/python3.7/site-packages/airflow/example_dags/example_trigger_target_dag.py
[2022-05-17 07:08:31,670] {processor.py:652} INFO - DAG(s) dict_keys(['example_trigger_target_dag']) retrieved from /home/airflow/.local/lib/python3.7/site-packages/airflow/example_dags/example_trigger_target_dag.py
[2022-05-17 07:08:31,705] {logging_mixin.py:109} INFO - [2022-05-17 07:08:31,705] {dag.py:2398} INFO - Sync 1 DAGs
[2022-05-17 07:08:31,732] {logging_mixin.py:109} INFO - [2022-05-17 07:08:31,731] {dag.py:2937} INFO - Setting next_dagrun for example_trigger_target_dag to None
[2022-05-17 07:08:31,750] {processor.py:171} INFO - Processing /home/airflow/.local/lib/python3.7/site-packages/airflow/example_dags/example_trigger_target_dag.py took 0.122 seconds
[2022-05-17 07:09:02,311] {processor.py:163} INFO - Started process (PID=11947) to work on /home/airflow/.local/lib/python3.7/site-packages/airflow/example_dags/example_trigger_target_dag.py
[2022-05-17 07:09:02,313] {processor.py:642} INFO - Processing file /home/airflow/.local/lib/python3.7/site-packages/airflow/example_dags/example_trigger_target_dag.py for tasks to queue
[2022-05-17 07:09:02,314] {logging_mixin.py:109} INFO - [2022-05-17 07:09:02,314] {dagbag.py:500} INFO - Filling up the DagBag from /home/airflow/.local/lib/python3.7/site-packages/airflow/example_dags/example_trigger_target_dag.py
[2022-05-17 07:09:02,348] {processor.py:652} INFO - DAG(s) dict_keys(['example_trigger_target_dag']) retrieved from /home/airflow/.local/lib/python3.7/site-packages/airflow/example_dags/example_trigger_target_dag.py
[2022-05-17 07:09:02,381] {logging_mixin.py:109} INFO - [2022-05-17 07:09:02,380] {dag.py:2398} INFO - Sync 1 DAGs
[2022-05-17 07:09:02,406] {logging_mixin.py:109} INFO - [2022-05-17 07:09:02,406] {dag.py:2937} INFO - Setting next_dagrun for example_trigger_target_dag to None
[2022-05-17 07:09:02,425] {processor.py:171} INFO - Processing /home/airflow/.local/lib/python3.7/site-packages/airflow/example_dags/example_trigger_target_dag.py took 0.120 seconds
[2022-05-17 07:09:33,394] {processor.py:163} INFO - Started process (PID=12010) to work on /home/airflow/.local/lib/python3.7/site-packages/airflow/example_dags/example_trigger_target_dag.py
[2022-05-17 07:09:33,396] {processor.py:642} INFO - Processing file /home/airflow/.local/lib/python3.7/site-packages/airflow/example_dags/example_trigger_target_dag.py for tasks to queue
[2022-05-17 07:09:33,397] {logging_mixin.py:109} INFO - [2022-05-17 07:09:33,397] {dagbag.py:500} INFO - Filling up the DagBag from /home/airflow/.local/lib/python3.7/site-packages/airflow/example_dags/example_trigger_target_dag.py
[2022-05-17 07:09:33,428] {processor.py:652} INFO - DAG(s) dict_keys(['example_trigger_target_dag']) retrieved from /home/airflow/.local/lib/python3.7/site-packages/airflow/example_dags/example_trigger_target_dag.py
[2022-05-17 07:09:33,457] {logging_mixin.py:109} INFO - [2022-05-17 07:09:33,457] {dag.py:2398} INFO - Sync 1 DAGs
[2022-05-17 07:09:33,481] {logging_mixin.py:109} INFO - [2022-05-17 07:09:33,481] {dag.py:2937} INFO - Setting next_dagrun for example_trigger_target_dag to None
[2022-05-17 07:09:33,495] {processor.py:171} INFO - Processing /home/airflow/.local/lib/python3.7/site-packages/airflow/example_dags/example_trigger_target_dag.py took 0.106 seconds
[2022-05-17 07:10:04,312] {processor.py:163} INFO - Started process (PID=12083) to work on /home/airflow/.local/lib/python3.7/site-packages/airflow/example_dags/example_trigger_target_dag.py
[2022-05-17 07:10:04,314] {processor.py:642} INFO - Processing file /home/airflow/.local/lib/python3.7/site-packages/airflow/example_dags/example_trigger_target_dag.py for tasks to queue
[2022-05-17 07:10:04,316] {logging_mixin.py:109} INFO - [2022-05-17 07:10:04,316] {dagbag.py:500} INFO - Filling up the DagBag from /home/airflow/.local/lib/python3.7/site-packages/airflow/example_dags/example_trigger_target_dag.py
[2022-05-17 07:10:04,342] {processor.py:652} INFO - DAG(s) dict_keys(['example_trigger_target_dag']) retrieved from /home/airflow/.local/lib/python3.7/site-packages/airflow/example_dags/example_trigger_target_dag.py
[2022-05-17 07:10:04,372] {logging_mixin.py:109} INFO - [2022-05-17 07:10:04,372] {dag.py:2398} INFO - Sync 1 DAGs
[2022-05-17 07:10:04,399] {logging_mixin.py:109} INFO - [2022-05-17 07:10:04,399] {dag.py:2937} INFO - Setting next_dagrun for example_trigger_target_dag to None
[2022-05-17 07:10:04,423] {processor.py:171} INFO - Processing /home/airflow/.local/lib/python3.7/site-packages/airflow/example_dags/example_trigger_target_dag.py took 0.117 seconds
[2022-05-17 07:10:35,277] {processor.py:163} INFO - Started process (PID=12146) to work on /home/airflow/.local/lib/python3.7/site-packages/airflow/example_dags/example_trigger_target_dag.py
[2022-05-17 07:10:35,279] {processor.py:642} INFO - Processing file /home/airflow/.local/lib/python3.7/site-packages/airflow/example_dags/example_trigger_target_dag.py for tasks to queue
[2022-05-17 07:10:35,284] {logging_mixin.py:109} INFO - [2022-05-17 07:10:35,283] {dagbag.py:500} INFO - Filling up the DagBag from /home/airflow/.local/lib/python3.7/site-packages/airflow/example_dags/example_trigger_target_dag.py
[2022-05-17 07:10:35,311] {processor.py:652} INFO - DAG(s) dict_keys(['example_trigger_target_dag']) retrieved from /home/airflow/.local/lib/python3.7/site-packages/airflow/example_dags/example_trigger_target_dag.py
[2022-05-17 07:10:35,339] {logging_mixin.py:109} INFO - [2022-05-17 07:10:35,339] {dag.py:2398} INFO - Sync 1 DAGs
[2022-05-17 07:10:35,365] {logging_mixin.py:109} INFO - [2022-05-17 07:10:35,365] {dag.py:2937} INFO - Setting next_dagrun for example_trigger_target_dag to None
[2022-05-17 07:10:35,382] {processor.py:171} INFO - Processing /home/airflow/.local/lib/python3.7/site-packages/airflow/example_dags/example_trigger_target_dag.py took 0.110 seconds
[2022-05-17 07:11:06,544] {processor.py:163} INFO - Started process (PID=12212) to work on /home/airflow/.local/lib/python3.7/site-packages/airflow/example_dags/example_trigger_target_dag.py
[2022-05-17 07:11:06,546] {processor.py:642} INFO - Processing file /home/airflow/.local/lib/python3.7/site-packages/airflow/example_dags/example_trigger_target_dag.py for tasks to queue
[2022-05-17 07:11:06,547] {logging_mixin.py:109} INFO - [2022-05-17 07:11:06,547] {dagbag.py:500} INFO - Filling up the DagBag from /home/airflow/.local/lib/python3.7/site-packages/airflow/example_dags/example_trigger_target_dag.py
[2022-05-17 07:11:06,586] {processor.py:652} INFO - DAG(s) dict_keys(['example_trigger_target_dag']) retrieved from /home/airflow/.local/lib/python3.7/site-packages/airflow/example_dags/example_trigger_target_dag.py
[2022-05-17 07:11:06,628] {logging_mixin.py:109} INFO - [2022-05-17 07:11:06,627] {dag.py:2398} INFO - Sync 1 DAGs
[2022-05-17 07:11:06,662] {logging_mixin.py:109} INFO - [2022-05-17 07:11:06,662] {dag.py:2937} INFO - Setting next_dagrun for example_trigger_target_dag to None
[2022-05-17 07:11:06,685] {processor.py:171} INFO - Processing /home/airflow/.local/lib/python3.7/site-packages/airflow/example_dags/example_trigger_target_dag.py took 0.146 seconds
[2022-05-17 07:11:37,098] {processor.py:163} INFO - Started process (PID=12287) to work on /home/airflow/.local/lib/python3.7/site-packages/airflow/example_dags/example_trigger_target_dag.py
[2022-05-17 07:11:37,100] {processor.py:642} INFO - Processing file /home/airflow/.local/lib/python3.7/site-packages/airflow/example_dags/example_trigger_target_dag.py for tasks to queue
[2022-05-17 07:11:37,101] {logging_mixin.py:109} INFO - [2022-05-17 07:11:37,101] {dagbag.py:500} INFO - Filling up the DagBag from /home/airflow/.local/lib/python3.7/site-packages/airflow/example_dags/example_trigger_target_dag.py
[2022-05-17 07:11:37,138] {processor.py:652} INFO - DAG(s) dict_keys(['example_trigger_target_dag']) retrieved from /home/airflow/.local/lib/python3.7/site-packages/airflow/example_dags/example_trigger_target_dag.py
[2022-05-17 07:11:37,170] {logging_mixin.py:109} INFO - [2022-05-17 07:11:37,170] {dag.py:2398} INFO - Sync 1 DAGs
[2022-05-17 07:11:37,198] {logging_mixin.py:109} INFO - [2022-05-17 07:11:37,198] {dag.py:2937} INFO - Setting next_dagrun for example_trigger_target_dag to None
[2022-05-17 07:11:37,217] {processor.py:171} INFO - Processing /home/airflow/.local/lib/python3.7/site-packages/airflow/example_dags/example_trigger_target_dag.py took 0.125 seconds
[2022-05-17 07:12:08,380] {processor.py:163} INFO - Started process (PID=12349) to work on /home/airflow/.local/lib/python3.7/site-packages/airflow/example_dags/example_trigger_target_dag.py
[2022-05-17 07:12:08,383] {processor.py:642} INFO - Processing file /home/airflow/.local/lib/python3.7/site-packages/airflow/example_dags/example_trigger_target_dag.py for tasks to queue
[2022-05-17 07:12:08,384] {logging_mixin.py:109} INFO - [2022-05-17 07:12:08,384] {dagbag.py:500} INFO - Filling up the DagBag from /home/airflow/.local/lib/python3.7/site-packages/airflow/example_dags/example_trigger_target_dag.py
[2022-05-17 07:12:08,419] {processor.py:652} INFO - DAG(s) dict_keys(['example_trigger_target_dag']) retrieved from /home/airflow/.local/lib/python3.7/site-packages/airflow/example_dags/example_trigger_target_dag.py
[2022-05-17 07:12:08,452] {logging_mixin.py:109} INFO - [2022-05-17 07:12:08,452] {dag.py:2398} INFO - Sync 1 DAGs
[2022-05-17 07:12:08,482] {logging_mixin.py:109} INFO - [2022-05-17 07:12:08,482] {dag.py:2937} INFO - Setting next_dagrun for example_trigger_target_dag to None
[2022-05-17 07:12:08,510] {processor.py:171} INFO - Processing /home/airflow/.local/lib/python3.7/site-packages/airflow/example_dags/example_trigger_target_dag.py took 0.139 seconds
[2022-05-17 07:12:52,338] {processor.py:163} INFO - Started process (PID=12403) to work on /home/airflow/.local/lib/python3.7/site-packages/airflow/example_dags/example_trigger_target_dag.py
[2022-05-17 07:12:52,340] {processor.py:642} INFO - Processing file /home/airflow/.local/lib/python3.7/site-packages/airflow/example_dags/example_trigger_target_dag.py for tasks to queue
[2022-05-17 07:12:52,341] {logging_mixin.py:109} INFO - [2022-05-17 07:12:52,341] {dagbag.py:500} INFO - Filling up the DagBag from /home/airflow/.local/lib/python3.7/site-packages/airflow/example_dags/example_trigger_target_dag.py
[2022-05-17 07:12:52,362] {processor.py:652} INFO - DAG(s) dict_keys(['example_trigger_target_dag']) retrieved from /home/airflow/.local/lib/python3.7/site-packages/airflow/example_dags/example_trigger_target_dag.py
[2022-05-17 07:12:52,386] {logging_mixin.py:109} INFO - [2022-05-17 07:12:52,386] {dag.py:2398} INFO - Sync 1 DAGs
[2022-05-17 07:12:52,404] {logging_mixin.py:109} INFO - [2022-05-17 07:12:52,404] {dag.py:2937} INFO - Setting next_dagrun for example_trigger_target_dag to None
[2022-05-17 07:12:52,417] {processor.py:171} INFO - Processing /home/airflow/.local/lib/python3.7/site-packages/airflow/example_dags/example_trigger_target_dag.py took 0.083 seconds
[2022-05-17 07:13:22,823] {processor.py:163} INFO - Started process (PID=12467) to work on /home/airflow/.local/lib/python3.7/site-packages/airflow/example_dags/example_trigger_target_dag.py
[2022-05-17 07:13:22,824] {processor.py:642} INFO - Processing file /home/airflow/.local/lib/python3.7/site-packages/airflow/example_dags/example_trigger_target_dag.py for tasks to queue
[2022-05-17 07:13:22,825] {logging_mixin.py:109} INFO - [2022-05-17 07:13:22,825] {dagbag.py:500} INFO - Filling up the DagBag from /home/airflow/.local/lib/python3.7/site-packages/airflow/example_dags/example_trigger_target_dag.py
[2022-05-17 07:13:22,843] {processor.py:652} INFO - DAG(s) dict_keys(['example_trigger_target_dag']) retrieved from /home/airflow/.local/lib/python3.7/site-packages/airflow/example_dags/example_trigger_target_dag.py
[2022-05-17 07:13:22,866] {logging_mixin.py:109} INFO - [2022-05-17 07:13:22,865] {dag.py:2398} INFO - Sync 1 DAGs
[2022-05-17 07:13:22,882] {logging_mixin.py:109} INFO - [2022-05-17 07:13:22,882] {dag.py:2937} INFO - Setting next_dagrun for example_trigger_target_dag to None
[2022-05-17 07:13:22,895] {processor.py:171} INFO - Processing /home/airflow/.local/lib/python3.7/site-packages/airflow/example_dags/example_trigger_target_dag.py took 0.076 seconds
[2022-05-17 07:13:53,866] {processor.py:163} INFO - Started process (PID=12544) to work on /home/airflow/.local/lib/python3.7/site-packages/airflow/example_dags/example_trigger_target_dag.py
[2022-05-17 07:13:53,867] {processor.py:642} INFO - Processing file /home/airflow/.local/lib/python3.7/site-packages/airflow/example_dags/example_trigger_target_dag.py for tasks to queue
[2022-05-17 07:13:53,869] {logging_mixin.py:109} INFO - [2022-05-17 07:13:53,868] {dagbag.py:500} INFO - Filling up the DagBag from /home/airflow/.local/lib/python3.7/site-packages/airflow/example_dags/example_trigger_target_dag.py
[2022-05-17 07:13:53,886] {processor.py:652} INFO - DAG(s) dict_keys(['example_trigger_target_dag']) retrieved from /home/airflow/.local/lib/python3.7/site-packages/airflow/example_dags/example_trigger_target_dag.py
[2022-05-17 07:13:53,908] {logging_mixin.py:109} INFO - [2022-05-17 07:13:53,908] {dag.py:2398} INFO - Sync 1 DAGs
[2022-05-17 07:13:53,924] {logging_mixin.py:109} INFO - [2022-05-17 07:13:53,924] {dag.py:2937} INFO - Setting next_dagrun for example_trigger_target_dag to None
[2022-05-17 07:13:53,938] {processor.py:171} INFO - Processing /home/airflow/.local/lib/python3.7/site-packages/airflow/example_dags/example_trigger_target_dag.py took 0.075 seconds
[2022-05-17 07:14:24,149] {processor.py:163} INFO - Started process (PID=12608) to work on /home/airflow/.local/lib/python3.7/site-packages/airflow/example_dags/example_trigger_target_dag.py
[2022-05-17 07:14:24,150] {processor.py:642} INFO - Processing file /home/airflow/.local/lib/python3.7/site-packages/airflow/example_dags/example_trigger_target_dag.py for tasks to queue
[2022-05-17 07:14:24,151] {logging_mixin.py:109} INFO - [2022-05-17 07:14:24,151] {dagbag.py:500} INFO - Filling up the DagBag from /home/airflow/.local/lib/python3.7/site-packages/airflow/example_dags/example_trigger_target_dag.py
[2022-05-17 07:14:24,165] {processor.py:652} INFO - DAG(s) dict_keys(['example_trigger_target_dag']) retrieved from /home/airflow/.local/lib/python3.7/site-packages/airflow/example_dags/example_trigger_target_dag.py
[2022-05-17 07:14:24,185] {logging_mixin.py:109} INFO - [2022-05-17 07:14:24,185] {dag.py:2398} INFO - Sync 1 DAGs
[2022-05-17 07:14:24,201] {logging_mixin.py:109} INFO - [2022-05-17 07:14:24,201] {dag.py:2937} INFO - Setting next_dagrun for example_trigger_target_dag to None
[2022-05-17 07:14:24,215] {processor.py:171} INFO - Processing /home/airflow/.local/lib/python3.7/site-packages/airflow/example_dags/example_trigger_target_dag.py took 0.069 seconds
[2022-05-17 07:14:55,035] {processor.py:163} INFO - Started process (PID=12681) to work on /home/airflow/.local/lib/python3.7/site-packages/airflow/example_dags/example_trigger_target_dag.py
[2022-05-17 07:14:55,036] {processor.py:642} INFO - Processing file /home/airflow/.local/lib/python3.7/site-packages/airflow/example_dags/example_trigger_target_dag.py for tasks to queue
[2022-05-17 07:14:55,037] {logging_mixin.py:109} INFO - [2022-05-17 07:14:55,037] {dagbag.py:500} INFO - Filling up the DagBag from /home/airflow/.local/lib/python3.7/site-packages/airflow/example_dags/example_trigger_target_dag.py
[2022-05-17 07:14:55,059] {processor.py:652} INFO - DAG(s) dict_keys(['example_trigger_target_dag']) retrieved from /home/airflow/.local/lib/python3.7/site-packages/airflow/example_dags/example_trigger_target_dag.py
[2022-05-17 07:14:55,083] {logging_mixin.py:109} INFO - [2022-05-17 07:14:55,083] {dag.py:2398} INFO - Sync 1 DAGs
[2022-05-17 07:14:55,098] {logging_mixin.py:109} INFO - [2022-05-17 07:14:55,098] {dag.py:2937} INFO - Setting next_dagrun for example_trigger_target_dag to None
[2022-05-17 07:14:55,113] {processor.py:171} INFO - Processing /home/airflow/.local/lib/python3.7/site-packages/airflow/example_dags/example_trigger_target_dag.py took 0.081 seconds
[2022-05-17 07:15:26,055] {processor.py:163} INFO - Started process (PID=12755) to work on /home/airflow/.local/lib/python3.7/site-packages/airflow/example_dags/example_trigger_target_dag.py
[2022-05-17 07:15:26,058] {processor.py:642} INFO - Processing file /home/airflow/.local/lib/python3.7/site-packages/airflow/example_dags/example_trigger_target_dag.py for tasks to queue
[2022-05-17 07:15:26,059] {logging_mixin.py:109} INFO - [2022-05-17 07:15:26,059] {dagbag.py:500} INFO - Filling up the DagBag from /home/airflow/.local/lib/python3.7/site-packages/airflow/example_dags/example_trigger_target_dag.py
[2022-05-17 07:15:26,079] {processor.py:652} INFO - DAG(s) dict_keys(['example_trigger_target_dag']) retrieved from /home/airflow/.local/lib/python3.7/site-packages/airflow/example_dags/example_trigger_target_dag.py
[2022-05-17 07:15:26,103] {logging_mixin.py:109} INFO - [2022-05-17 07:15:26,103] {dag.py:2398} INFO - Sync 1 DAGs
[2022-05-17 07:15:26,122] {logging_mixin.py:109} INFO - [2022-05-17 07:15:26,121] {dag.py:2937} INFO - Setting next_dagrun for example_trigger_target_dag to None
[2022-05-17 07:15:26,136] {processor.py:171} INFO - Processing /home/airflow/.local/lib/python3.7/site-packages/airflow/example_dags/example_trigger_target_dag.py took 0.084 seconds
