[2022-05-17 06:58:15,180] {processor.py:163} INFO - Started process (PID=10504) to work on /home/airflow/.local/lib/python3.7/site-packages/airflow/example_dags/tutorial_taskflow_api_etl_virtualenv.py
[2022-05-17 06:58:15,183] {processor.py:642} INFO - Processing file /home/airflow/.local/lib/python3.7/site-packages/airflow/example_dags/tutorial_taskflow_api_etl_virtualenv.py for tasks to queue
[2022-05-17 06:58:15,185] {logging_mixin.py:109} INFO - [2022-05-17 06:58:15,185] {dagbag.py:500} INFO - Filling up the DagBag from /home/airflow/.local/lib/python3.7/site-packages/airflow/example_dags/tutorial_taskflow_api_etl_virtualenv.py
[2022-05-17 06:58:15,233] {processor.py:652} INFO - DAG(s) dict_keys(['tutorial_taskflow_api_etl_virtualenv']) retrieved from /home/airflow/.local/lib/python3.7/site-packages/airflow/example_dags/tutorial_taskflow_api_etl_virtualenv.py
[2022-05-17 06:58:15,617] {logging_mixin.py:109} INFO - [2022-05-17 06:58:15,617] {dag.py:2398} INFO - Sync 1 DAGs
[2022-05-17 06:58:15,642] {logging_mixin.py:109} INFO - [2022-05-17 06:58:15,642] {dag.py:2937} INFO - Setting next_dagrun for tutorial_taskflow_api_etl_virtualenv to None
[2022-05-17 06:58:15,663] {processor.py:171} INFO - Processing /home/airflow/.local/lib/python3.7/site-packages/airflow/example_dags/tutorial_taskflow_api_etl_virtualenv.py took 0.487 seconds
[2022-05-17 06:58:46,295] {processor.py:163} INFO - Started process (PID=10566) to work on /home/airflow/.local/lib/python3.7/site-packages/airflow/example_dags/tutorial_taskflow_api_etl_virtualenv.py
[2022-05-17 06:58:46,297] {processor.py:642} INFO - Processing file /home/airflow/.local/lib/python3.7/site-packages/airflow/example_dags/tutorial_taskflow_api_etl_virtualenv.py for tasks to queue
[2022-05-17 06:58:46,297] {logging_mixin.py:109} INFO - [2022-05-17 06:58:46,297] {dagbag.py:500} INFO - Filling up the DagBag from /home/airflow/.local/lib/python3.7/site-packages/airflow/example_dags/tutorial_taskflow_api_etl_virtualenv.py
[2022-05-17 06:58:46,311] {processor.py:652} INFO - DAG(s) dict_keys(['tutorial_taskflow_api_etl_virtualenv']) retrieved from /home/airflow/.local/lib/python3.7/site-packages/airflow/example_dags/tutorial_taskflow_api_etl_virtualenv.py
[2022-05-17 06:58:46,474] {logging_mixin.py:109} INFO - [2022-05-17 06:58:46,474] {dag.py:2398} INFO - Sync 1 DAGs
[2022-05-17 06:58:46,486] {logging_mixin.py:109} INFO - [2022-05-17 06:58:46,486] {dag.py:2937} INFO - Setting next_dagrun for tutorial_taskflow_api_etl_virtualenv to None
[2022-05-17 06:58:46,499] {processor.py:171} INFO - Processing /home/airflow/.local/lib/python3.7/site-packages/airflow/example_dags/tutorial_taskflow_api_etl_virtualenv.py took 0.206 seconds
[2022-05-17 06:59:17,248] {processor.py:163} INFO - Started process (PID=10639) to work on /home/airflow/.local/lib/python3.7/site-packages/airflow/example_dags/tutorial_taskflow_api_etl_virtualenv.py
[2022-05-17 06:59:17,249] {processor.py:642} INFO - Processing file /home/airflow/.local/lib/python3.7/site-packages/airflow/example_dags/tutorial_taskflow_api_etl_virtualenv.py for tasks to queue
[2022-05-17 06:59:17,251] {logging_mixin.py:109} INFO - [2022-05-17 06:59:17,251] {dagbag.py:500} INFO - Filling up the DagBag from /home/airflow/.local/lib/python3.7/site-packages/airflow/example_dags/tutorial_taskflow_api_etl_virtualenv.py
[2022-05-17 06:59:17,271] {processor.py:652} INFO - DAG(s) dict_keys(['tutorial_taskflow_api_etl_virtualenv']) retrieved from /home/airflow/.local/lib/python3.7/site-packages/airflow/example_dags/tutorial_taskflow_api_etl_virtualenv.py
[2022-05-17 06:59:17,473] {logging_mixin.py:109} INFO - [2022-05-17 06:59:17,473] {dag.py:2398} INFO - Sync 1 DAGs
[2022-05-17 06:59:17,486] {logging_mixin.py:109} INFO - [2022-05-17 06:59:17,486] {dag.py:2937} INFO - Setting next_dagrun for tutorial_taskflow_api_etl_virtualenv to None
[2022-05-17 06:59:17,499] {processor.py:171} INFO - Processing /home/airflow/.local/lib/python3.7/site-packages/airflow/example_dags/tutorial_taskflow_api_etl_virtualenv.py took 0.254 seconds
[2022-05-17 06:59:47,842] {processor.py:163} INFO - Started process (PID=10711) to work on /home/airflow/.local/lib/python3.7/site-packages/airflow/example_dags/tutorial_taskflow_api_etl_virtualenv.py
[2022-05-17 06:59:47,843] {processor.py:642} INFO - Processing file /home/airflow/.local/lib/python3.7/site-packages/airflow/example_dags/tutorial_taskflow_api_etl_virtualenv.py for tasks to queue
[2022-05-17 06:59:47,844] {logging_mixin.py:109} INFO - [2022-05-17 06:59:47,844] {dagbag.py:500} INFO - Filling up the DagBag from /home/airflow/.local/lib/python3.7/site-packages/airflow/example_dags/tutorial_taskflow_api_etl_virtualenv.py
[2022-05-17 06:59:47,859] {processor.py:652} INFO - DAG(s) dict_keys(['tutorial_taskflow_api_etl_virtualenv']) retrieved from /home/airflow/.local/lib/python3.7/site-packages/airflow/example_dags/tutorial_taskflow_api_etl_virtualenv.py
[2022-05-17 06:59:48,054] {logging_mixin.py:109} INFO - [2022-05-17 06:59:48,054] {dag.py:2398} INFO - Sync 1 DAGs
[2022-05-17 06:59:48,069] {logging_mixin.py:109} INFO - [2022-05-17 06:59:48,069] {dag.py:2937} INFO - Setting next_dagrun for tutorial_taskflow_api_etl_virtualenv to None
[2022-05-17 06:59:48,084] {processor.py:171} INFO - Processing /home/airflow/.local/lib/python3.7/site-packages/airflow/example_dags/tutorial_taskflow_api_etl_virtualenv.py took 0.245 seconds
[2022-05-17 07:00:18,779] {processor.py:163} INFO - Started process (PID=10775) to work on /home/airflow/.local/lib/python3.7/site-packages/airflow/example_dags/tutorial_taskflow_api_etl_virtualenv.py
[2022-05-17 07:00:18,780] {processor.py:642} INFO - Processing file /home/airflow/.local/lib/python3.7/site-packages/airflow/example_dags/tutorial_taskflow_api_etl_virtualenv.py for tasks to queue
[2022-05-17 07:00:18,781] {logging_mixin.py:109} INFO - [2022-05-17 07:00:18,781] {dagbag.py:500} INFO - Filling up the DagBag from /home/airflow/.local/lib/python3.7/site-packages/airflow/example_dags/tutorial_taskflow_api_etl_virtualenv.py
[2022-05-17 07:00:18,802] {processor.py:652} INFO - DAG(s) dict_keys(['tutorial_taskflow_api_etl_virtualenv']) retrieved from /home/airflow/.local/lib/python3.7/site-packages/airflow/example_dags/tutorial_taskflow_api_etl_virtualenv.py
[2022-05-17 07:00:18,979] {logging_mixin.py:109} INFO - [2022-05-17 07:00:18,978] {dag.py:2398} INFO - Sync 1 DAGs
[2022-05-17 07:00:18,993] {logging_mixin.py:109} INFO - [2022-05-17 07:00:18,993] {dag.py:2937} INFO - Setting next_dagrun for tutorial_taskflow_api_etl_virtualenv to None
[2022-05-17 07:00:19,008] {processor.py:171} INFO - Processing /home/airflow/.local/lib/python3.7/site-packages/airflow/example_dags/tutorial_taskflow_api_etl_virtualenv.py took 0.232 seconds
[2022-05-17 07:00:49,489] {processor.py:163} INFO - Started process (PID=10848) to work on /home/airflow/.local/lib/python3.7/site-packages/airflow/example_dags/tutorial_taskflow_api_etl_virtualenv.py
[2022-05-17 07:00:49,490] {processor.py:642} INFO - Processing file /home/airflow/.local/lib/python3.7/site-packages/airflow/example_dags/tutorial_taskflow_api_etl_virtualenv.py for tasks to queue
[2022-05-17 07:00:49,490] {logging_mixin.py:109} INFO - [2022-05-17 07:00:49,490] {dagbag.py:500} INFO - Filling up the DagBag from /home/airflow/.local/lib/python3.7/site-packages/airflow/example_dags/tutorial_taskflow_api_etl_virtualenv.py
[2022-05-17 07:00:49,506] {processor.py:652} INFO - DAG(s) dict_keys(['tutorial_taskflow_api_etl_virtualenv']) retrieved from /home/airflow/.local/lib/python3.7/site-packages/airflow/example_dags/tutorial_taskflow_api_etl_virtualenv.py
[2022-05-17 07:00:49,673] {logging_mixin.py:109} INFO - [2022-05-17 07:00:49,673] {dag.py:2398} INFO - Sync 1 DAGs
[2022-05-17 07:00:49,685] {logging_mixin.py:109} INFO - [2022-05-17 07:00:49,685] {dag.py:2937} INFO - Setting next_dagrun for tutorial_taskflow_api_etl_virtualenv to None
[2022-05-17 07:00:49,699] {processor.py:171} INFO - Processing /home/airflow/.local/lib/python3.7/site-packages/airflow/example_dags/tutorial_taskflow_api_etl_virtualenv.py took 0.213 seconds
[2022-05-17 07:01:20,222] {processor.py:163} INFO - Started process (PID=10911) to work on /home/airflow/.local/lib/python3.7/site-packages/airflow/example_dags/tutorial_taskflow_api_etl_virtualenv.py
[2022-05-17 07:01:20,223] {processor.py:642} INFO - Processing file /home/airflow/.local/lib/python3.7/site-packages/airflow/example_dags/tutorial_taskflow_api_etl_virtualenv.py for tasks to queue
[2022-05-17 07:01:20,224] {logging_mixin.py:109} INFO - [2022-05-17 07:01:20,224] {dagbag.py:500} INFO - Filling up the DagBag from /home/airflow/.local/lib/python3.7/site-packages/airflow/example_dags/tutorial_taskflow_api_etl_virtualenv.py
[2022-05-17 07:01:20,238] {processor.py:652} INFO - DAG(s) dict_keys(['tutorial_taskflow_api_etl_virtualenv']) retrieved from /home/airflow/.local/lib/python3.7/site-packages/airflow/example_dags/tutorial_taskflow_api_etl_virtualenv.py
[2022-05-17 07:01:20,402] {logging_mixin.py:109} INFO - [2022-05-17 07:01:20,402] {dag.py:2398} INFO - Sync 1 DAGs
[2022-05-17 07:01:20,414] {logging_mixin.py:109} INFO - [2022-05-17 07:01:20,414] {dag.py:2937} INFO - Setting next_dagrun for tutorial_taskflow_api_etl_virtualenv to None
[2022-05-17 07:01:20,428] {processor.py:171} INFO - Processing /home/airflow/.local/lib/python3.7/site-packages/airflow/example_dags/tutorial_taskflow_api_etl_virtualenv.py took 0.209 seconds
[2022-05-17 07:01:50,865] {processor.py:163} INFO - Started process (PID=10983) to work on /home/airflow/.local/lib/python3.7/site-packages/airflow/example_dags/tutorial_taskflow_api_etl_virtualenv.py
[2022-05-17 07:01:50,866] {processor.py:642} INFO - Processing file /home/airflow/.local/lib/python3.7/site-packages/airflow/example_dags/tutorial_taskflow_api_etl_virtualenv.py for tasks to queue
[2022-05-17 07:01:50,867] {logging_mixin.py:109} INFO - [2022-05-17 07:01:50,867] {dagbag.py:500} INFO - Filling up the DagBag from /home/airflow/.local/lib/python3.7/site-packages/airflow/example_dags/tutorial_taskflow_api_etl_virtualenv.py
[2022-05-17 07:01:50,881] {processor.py:652} INFO - DAG(s) dict_keys(['tutorial_taskflow_api_etl_virtualenv']) retrieved from /home/airflow/.local/lib/python3.7/site-packages/airflow/example_dags/tutorial_taskflow_api_etl_virtualenv.py
[2022-05-17 07:01:51,041] {logging_mixin.py:109} INFO - [2022-05-17 07:01:51,041] {dag.py:2398} INFO - Sync 1 DAGs
[2022-05-17 07:01:51,052] {logging_mixin.py:109} INFO - [2022-05-17 07:01:51,052] {dag.py:2937} INFO - Setting next_dagrun for tutorial_taskflow_api_etl_virtualenv to None
[2022-05-17 07:01:51,066] {processor.py:171} INFO - Processing /home/airflow/.local/lib/python3.7/site-packages/airflow/example_dags/tutorial_taskflow_api_etl_virtualenv.py took 0.204 seconds
[2022-05-17 07:02:21,745] {processor.py:163} INFO - Started process (PID=11056) to work on /home/airflow/.local/lib/python3.7/site-packages/airflow/example_dags/tutorial_taskflow_api_etl_virtualenv.py
[2022-05-17 07:02:21,746] {processor.py:642} INFO - Processing file /home/airflow/.local/lib/python3.7/site-packages/airflow/example_dags/tutorial_taskflow_api_etl_virtualenv.py for tasks to queue
[2022-05-17 07:02:21,747] {logging_mixin.py:109} INFO - [2022-05-17 07:02:21,747] {dagbag.py:500} INFO - Filling up the DagBag from /home/airflow/.local/lib/python3.7/site-packages/airflow/example_dags/tutorial_taskflow_api_etl_virtualenv.py
[2022-05-17 07:02:21,771] {processor.py:652} INFO - DAG(s) dict_keys(['tutorial_taskflow_api_etl_virtualenv']) retrieved from /home/airflow/.local/lib/python3.7/site-packages/airflow/example_dags/tutorial_taskflow_api_etl_virtualenv.py
[2022-05-17 07:02:21,968] {logging_mixin.py:109} INFO - [2022-05-17 07:02:21,968] {dag.py:2398} INFO - Sync 1 DAGs
[2022-05-17 07:02:21,983] {logging_mixin.py:109} INFO - [2022-05-17 07:02:21,983] {dag.py:2937} INFO - Setting next_dagrun for tutorial_taskflow_api_etl_virtualenv to None
[2022-05-17 07:02:21,998] {processor.py:171} INFO - Processing /home/airflow/.local/lib/python3.7/site-packages/airflow/example_dags/tutorial_taskflow_api_etl_virtualenv.py took 0.257 seconds
[2022-05-17 07:02:52,067] {processor.py:163} INFO - Started process (PID=11121) to work on /home/airflow/.local/lib/python3.7/site-packages/airflow/example_dags/tutorial_taskflow_api_etl_virtualenv.py
[2022-05-17 07:02:52,068] {processor.py:642} INFO - Processing file /home/airflow/.local/lib/python3.7/site-packages/airflow/example_dags/tutorial_taskflow_api_etl_virtualenv.py for tasks to queue
[2022-05-17 07:02:52,069] {logging_mixin.py:109} INFO - [2022-05-17 07:02:52,069] {dagbag.py:500} INFO - Filling up the DagBag from /home/airflow/.local/lib/python3.7/site-packages/airflow/example_dags/tutorial_taskflow_api_etl_virtualenv.py
[2022-05-17 07:02:52,085] {processor.py:652} INFO - DAG(s) dict_keys(['tutorial_taskflow_api_etl_virtualenv']) retrieved from /home/airflow/.local/lib/python3.7/site-packages/airflow/example_dags/tutorial_taskflow_api_etl_virtualenv.py
[2022-05-17 07:02:52,321] {logging_mixin.py:109} INFO - [2022-05-17 07:02:52,321] {dag.py:2398} INFO - Sync 1 DAGs
[2022-05-17 07:02:52,332] {logging_mixin.py:109} INFO - [2022-05-17 07:02:52,332] {dag.py:2937} INFO - Setting next_dagrun for tutorial_taskflow_api_etl_virtualenv to None
[2022-05-17 07:02:52,345] {processor.py:171} INFO - Processing /home/airflow/.local/lib/python3.7/site-packages/airflow/example_dags/tutorial_taskflow_api_etl_virtualenv.py took 0.282 seconds
[2022-05-17 07:03:23,159] {processor.py:163} INFO - Started process (PID=11195) to work on /home/airflow/.local/lib/python3.7/site-packages/airflow/example_dags/tutorial_taskflow_api_etl_virtualenv.py
[2022-05-17 07:03:23,160] {processor.py:642} INFO - Processing file /home/airflow/.local/lib/python3.7/site-packages/airflow/example_dags/tutorial_taskflow_api_etl_virtualenv.py for tasks to queue
[2022-05-17 07:03:23,161] {logging_mixin.py:109} INFO - [2022-05-17 07:03:23,161] {dagbag.py:500} INFO - Filling up the DagBag from /home/airflow/.local/lib/python3.7/site-packages/airflow/example_dags/tutorial_taskflow_api_etl_virtualenv.py
[2022-05-17 07:03:23,175] {processor.py:652} INFO - DAG(s) dict_keys(['tutorial_taskflow_api_etl_virtualenv']) retrieved from /home/airflow/.local/lib/python3.7/site-packages/airflow/example_dags/tutorial_taskflow_api_etl_virtualenv.py
[2022-05-17 07:03:23,338] {logging_mixin.py:109} INFO - [2022-05-17 07:03:23,337] {dag.py:2398} INFO - Sync 1 DAGs
[2022-05-17 07:03:23,350] {logging_mixin.py:109} INFO - [2022-05-17 07:03:23,350] {dag.py:2937} INFO - Setting next_dagrun for tutorial_taskflow_api_etl_virtualenv to None
[2022-05-17 07:03:23,365] {processor.py:171} INFO - Processing /home/airflow/.local/lib/python3.7/site-packages/airflow/example_dags/tutorial_taskflow_api_etl_virtualenv.py took 0.208 seconds
[2022-05-17 07:03:53,712] {processor.py:163} INFO - Started process (PID=11259) to work on /home/airflow/.local/lib/python3.7/site-packages/airflow/example_dags/tutorial_taskflow_api_etl_virtualenv.py
[2022-05-17 07:03:53,713] {processor.py:642} INFO - Processing file /home/airflow/.local/lib/python3.7/site-packages/airflow/example_dags/tutorial_taskflow_api_etl_virtualenv.py for tasks to queue
[2022-05-17 07:03:53,714] {logging_mixin.py:109} INFO - [2022-05-17 07:03:53,714] {dagbag.py:500} INFO - Filling up the DagBag from /home/airflow/.local/lib/python3.7/site-packages/airflow/example_dags/tutorial_taskflow_api_etl_virtualenv.py
[2022-05-17 07:03:53,730] {processor.py:652} INFO - DAG(s) dict_keys(['tutorial_taskflow_api_etl_virtualenv']) retrieved from /home/airflow/.local/lib/python3.7/site-packages/airflow/example_dags/tutorial_taskflow_api_etl_virtualenv.py
[2022-05-17 07:03:53,892] {logging_mixin.py:109} INFO - [2022-05-17 07:03:53,892] {dag.py:2398} INFO - Sync 1 DAGs
[2022-05-17 07:03:53,906] {logging_mixin.py:109} INFO - [2022-05-17 07:03:53,906] {dag.py:2937} INFO - Setting next_dagrun for tutorial_taskflow_api_etl_virtualenv to None
[2022-05-17 07:03:53,920] {processor.py:171} INFO - Processing /home/airflow/.local/lib/python3.7/site-packages/airflow/example_dags/tutorial_taskflow_api_etl_virtualenv.py took 0.211 seconds
[2022-05-17 07:04:24,497] {processor.py:163} INFO - Started process (PID=11332) to work on /home/airflow/.local/lib/python3.7/site-packages/airflow/example_dags/tutorial_taskflow_api_etl_virtualenv.py
[2022-05-17 07:04:24,499] {processor.py:642} INFO - Processing file /home/airflow/.local/lib/python3.7/site-packages/airflow/example_dags/tutorial_taskflow_api_etl_virtualenv.py for tasks to queue
[2022-05-17 07:04:24,499] {logging_mixin.py:109} INFO - [2022-05-17 07:04:24,499] {dagbag.py:500} INFO - Filling up the DagBag from /home/airflow/.local/lib/python3.7/site-packages/airflow/example_dags/tutorial_taskflow_api_etl_virtualenv.py
[2022-05-17 07:04:24,514] {processor.py:652} INFO - DAG(s) dict_keys(['tutorial_taskflow_api_etl_virtualenv']) retrieved from /home/airflow/.local/lib/python3.7/site-packages/airflow/example_dags/tutorial_taskflow_api_etl_virtualenv.py
[2022-05-17 07:04:24,686] {logging_mixin.py:109} INFO - [2022-05-17 07:04:24,686] {dag.py:2398} INFO - Sync 1 DAGs
[2022-05-17 07:04:24,700] {logging_mixin.py:109} INFO - [2022-05-17 07:04:24,699] {dag.py:2937} INFO - Setting next_dagrun for tutorial_taskflow_api_etl_virtualenv to None
[2022-05-17 07:04:24,714] {processor.py:171} INFO - Processing /home/airflow/.local/lib/python3.7/site-packages/airflow/example_dags/tutorial_taskflow_api_etl_virtualenv.py took 0.220 seconds
[2022-05-17 07:04:55,360] {processor.py:163} INFO - Started process (PID=11403) to work on /home/airflow/.local/lib/python3.7/site-packages/airflow/example_dags/tutorial_taskflow_api_etl_virtualenv.py
[2022-05-17 07:04:55,361] {processor.py:642} INFO - Processing file /home/airflow/.local/lib/python3.7/site-packages/airflow/example_dags/tutorial_taskflow_api_etl_virtualenv.py for tasks to queue
[2022-05-17 07:04:55,362] {logging_mixin.py:109} INFO - [2022-05-17 07:04:55,362] {dagbag.py:500} INFO - Filling up the DagBag from /home/airflow/.local/lib/python3.7/site-packages/airflow/example_dags/tutorial_taskflow_api_etl_virtualenv.py
[2022-05-17 07:04:55,375] {processor.py:652} INFO - DAG(s) dict_keys(['tutorial_taskflow_api_etl_virtualenv']) retrieved from /home/airflow/.local/lib/python3.7/site-packages/airflow/example_dags/tutorial_taskflow_api_etl_virtualenv.py
[2022-05-17 07:04:55,536] {logging_mixin.py:109} INFO - [2022-05-17 07:04:55,536] {dag.py:2398} INFO - Sync 1 DAGs
[2022-05-17 07:04:55,550] {logging_mixin.py:109} INFO - [2022-05-17 07:04:55,550] {dag.py:2937} INFO - Setting next_dagrun for tutorial_taskflow_api_etl_virtualenv to None
[2022-05-17 07:04:55,564] {processor.py:171} INFO - Processing /home/airflow/.local/lib/python3.7/site-packages/airflow/example_dags/tutorial_taskflow_api_etl_virtualenv.py took 0.206 seconds
[2022-05-17 07:05:26,117] {processor.py:163} INFO - Started process (PID=11467) to work on /home/airflow/.local/lib/python3.7/site-packages/airflow/example_dags/tutorial_taskflow_api_etl_virtualenv.py
[2022-05-17 07:05:26,119] {processor.py:642} INFO - Processing file /home/airflow/.local/lib/python3.7/site-packages/airflow/example_dags/tutorial_taskflow_api_etl_virtualenv.py for tasks to queue
[2022-05-17 07:05:26,119] {logging_mixin.py:109} INFO - [2022-05-17 07:05:26,119] {dagbag.py:500} INFO - Filling up the DagBag from /home/airflow/.local/lib/python3.7/site-packages/airflow/example_dags/tutorial_taskflow_api_etl_virtualenv.py
[2022-05-17 07:05:26,134] {processor.py:652} INFO - DAG(s) dict_keys(['tutorial_taskflow_api_etl_virtualenv']) retrieved from /home/airflow/.local/lib/python3.7/site-packages/airflow/example_dags/tutorial_taskflow_api_etl_virtualenv.py
[2022-05-17 07:05:26,296] {logging_mixin.py:109} INFO - [2022-05-17 07:05:26,296] {dag.py:2398} INFO - Sync 1 DAGs
[2022-05-17 07:05:26,308] {logging_mixin.py:109} INFO - [2022-05-17 07:05:26,308] {dag.py:2937} INFO - Setting next_dagrun for tutorial_taskflow_api_etl_virtualenv to None
[2022-05-17 07:05:26,323] {processor.py:171} INFO - Processing /home/airflow/.local/lib/python3.7/site-packages/airflow/example_dags/tutorial_taskflow_api_etl_virtualenv.py took 0.208 seconds
[2022-05-17 07:05:56,728] {processor.py:163} INFO - Started process (PID=11540) to work on /home/airflow/.local/lib/python3.7/site-packages/airflow/example_dags/tutorial_taskflow_api_etl_virtualenv.py
[2022-05-17 07:05:56,730] {processor.py:642} INFO - Processing file /home/airflow/.local/lib/python3.7/site-packages/airflow/example_dags/tutorial_taskflow_api_etl_virtualenv.py for tasks to queue
[2022-05-17 07:05:56,730] {logging_mixin.py:109} INFO - [2022-05-17 07:05:56,730] {dagbag.py:500} INFO - Filling up the DagBag from /home/airflow/.local/lib/python3.7/site-packages/airflow/example_dags/tutorial_taskflow_api_etl_virtualenv.py
[2022-05-17 07:05:56,744] {processor.py:652} INFO - DAG(s) dict_keys(['tutorial_taskflow_api_etl_virtualenv']) retrieved from /home/airflow/.local/lib/python3.7/site-packages/airflow/example_dags/tutorial_taskflow_api_etl_virtualenv.py
[2022-05-17 07:05:56,906] {logging_mixin.py:109} INFO - [2022-05-17 07:05:56,906] {dag.py:2398} INFO - Sync 1 DAGs
[2022-05-17 07:05:56,919] {logging_mixin.py:109} INFO - [2022-05-17 07:05:56,919] {dag.py:2937} INFO - Setting next_dagrun for tutorial_taskflow_api_etl_virtualenv to None
[2022-05-17 07:05:56,934] {processor.py:171} INFO - Processing /home/airflow/.local/lib/python3.7/site-packages/airflow/example_dags/tutorial_taskflow_api_etl_virtualenv.py took 0.209 seconds
[2022-05-17 07:06:27,120] {processor.py:163} INFO - Started process (PID=11613) to work on /home/airflow/.local/lib/python3.7/site-packages/airflow/example_dags/tutorial_taskflow_api_etl_virtualenv.py
[2022-05-17 07:06:27,121] {processor.py:642} INFO - Processing file /home/airflow/.local/lib/python3.7/site-packages/airflow/example_dags/tutorial_taskflow_api_etl_virtualenv.py for tasks to queue
[2022-05-17 07:06:27,122] {logging_mixin.py:109} INFO - [2022-05-17 07:06:27,122] {dagbag.py:500} INFO - Filling up the DagBag from /home/airflow/.local/lib/python3.7/site-packages/airflow/example_dags/tutorial_taskflow_api_etl_virtualenv.py
[2022-05-17 07:06:27,147] {processor.py:652} INFO - DAG(s) dict_keys(['tutorial_taskflow_api_etl_virtualenv']) retrieved from /home/airflow/.local/lib/python3.7/site-packages/airflow/example_dags/tutorial_taskflow_api_etl_virtualenv.py
[2022-05-17 07:06:27,405] {logging_mixin.py:109} INFO - [2022-05-17 07:06:27,405] {dag.py:2398} INFO - Sync 1 DAGs
[2022-05-17 07:06:27,426] {logging_mixin.py:109} INFO - [2022-05-17 07:06:27,426] {dag.py:2937} INFO - Setting next_dagrun for tutorial_taskflow_api_etl_virtualenv to None
[2022-05-17 07:06:27,441] {processor.py:171} INFO - Processing /home/airflow/.local/lib/python3.7/site-packages/airflow/example_dags/tutorial_taskflow_api_etl_virtualenv.py took 0.325 seconds
[2022-05-17 07:06:57,956] {processor.py:163} INFO - Started process (PID=11677) to work on /home/airflow/.local/lib/python3.7/site-packages/airflow/example_dags/tutorial_taskflow_api_etl_virtualenv.py
[2022-05-17 07:06:57,960] {processor.py:642} INFO - Processing file /home/airflow/.local/lib/python3.7/site-packages/airflow/example_dags/tutorial_taskflow_api_etl_virtualenv.py for tasks to queue
[2022-05-17 07:06:57,961] {logging_mixin.py:109} INFO - [2022-05-17 07:06:57,961] {dagbag.py:500} INFO - Filling up the DagBag from /home/airflow/.local/lib/python3.7/site-packages/airflow/example_dags/tutorial_taskflow_api_etl_virtualenv.py
[2022-05-17 07:06:57,988] {processor.py:652} INFO - DAG(s) dict_keys(['tutorial_taskflow_api_etl_virtualenv']) retrieved from /home/airflow/.local/lib/python3.7/site-packages/airflow/example_dags/tutorial_taskflow_api_etl_virtualenv.py
[2022-05-17 07:06:58,296] {logging_mixin.py:109} INFO - [2022-05-17 07:06:58,295] {dag.py:2398} INFO - Sync 1 DAGs
[2022-05-17 07:06:58,324] {logging_mixin.py:109} INFO - [2022-05-17 07:06:58,324] {dag.py:2937} INFO - Setting next_dagrun for tutorial_taskflow_api_etl_virtualenv to None
[2022-05-17 07:06:58,347] {processor.py:171} INFO - Processing /home/airflow/.local/lib/python3.7/site-packages/airflow/example_dags/tutorial_taskflow_api_etl_virtualenv.py took 0.395 seconds
[2022-05-17 07:07:28,419] {processor.py:163} INFO - Started process (PID=11742) to work on /home/airflow/.local/lib/python3.7/site-packages/airflow/example_dags/tutorial_taskflow_api_etl_virtualenv.py
[2022-05-17 07:07:28,421] {processor.py:642} INFO - Processing file /home/airflow/.local/lib/python3.7/site-packages/airflow/example_dags/tutorial_taskflow_api_etl_virtualenv.py for tasks to queue
[2022-05-17 07:07:28,423] {logging_mixin.py:109} INFO - [2022-05-17 07:07:28,422] {dagbag.py:500} INFO - Filling up the DagBag from /home/airflow/.local/lib/python3.7/site-packages/airflow/example_dags/tutorial_taskflow_api_etl_virtualenv.py
[2022-05-17 07:07:28,445] {processor.py:652} INFO - DAG(s) dict_keys(['tutorial_taskflow_api_etl_virtualenv']) retrieved from /home/airflow/.local/lib/python3.7/site-packages/airflow/example_dags/tutorial_taskflow_api_etl_virtualenv.py
[2022-05-17 07:07:28,666] {logging_mixin.py:109} INFO - [2022-05-17 07:07:28,665] {dag.py:2398} INFO - Sync 1 DAGs
[2022-05-17 07:07:28,690] {logging_mixin.py:109} INFO - [2022-05-17 07:07:28,690] {dag.py:2937} INFO - Setting next_dagrun for tutorial_taskflow_api_etl_virtualenv to None
[2022-05-17 07:07:28,707] {processor.py:171} INFO - Processing /home/airflow/.local/lib/python3.7/site-packages/airflow/example_dags/tutorial_taskflow_api_etl_virtualenv.py took 0.291 seconds
[2022-05-17 07:07:59,359] {processor.py:163} INFO - Started process (PID=11805) to work on /home/airflow/.local/lib/python3.7/site-packages/airflow/example_dags/tutorial_taskflow_api_etl_virtualenv.py
[2022-05-17 07:07:59,361] {processor.py:642} INFO - Processing file /home/airflow/.local/lib/python3.7/site-packages/airflow/example_dags/tutorial_taskflow_api_etl_virtualenv.py for tasks to queue
[2022-05-17 07:07:59,362] {logging_mixin.py:109} INFO - [2022-05-17 07:07:59,362] {dagbag.py:500} INFO - Filling up the DagBag from /home/airflow/.local/lib/python3.7/site-packages/airflow/example_dags/tutorial_taskflow_api_etl_virtualenv.py
[2022-05-17 07:07:59,399] {processor.py:652} INFO - DAG(s) dict_keys(['tutorial_taskflow_api_etl_virtualenv']) retrieved from /home/airflow/.local/lib/python3.7/site-packages/airflow/example_dags/tutorial_taskflow_api_etl_virtualenv.py
[2022-05-17 07:07:59,817] {logging_mixin.py:109} INFO - [2022-05-17 07:07:59,817] {dag.py:2398} INFO - Sync 1 DAGs
[2022-05-17 07:07:59,848] {logging_mixin.py:109} INFO - [2022-05-17 07:07:59,847] {dag.py:2937} INFO - Setting next_dagrun for tutorial_taskflow_api_etl_virtualenv to None
[2022-05-17 07:07:59,878] {processor.py:171} INFO - Processing /home/airflow/.local/lib/python3.7/site-packages/airflow/example_dags/tutorial_taskflow_api_etl_virtualenv.py took 0.523 seconds
[2022-05-17 07:08:30,089] {processor.py:163} INFO - Started process (PID=11875) to work on /home/airflow/.local/lib/python3.7/site-packages/airflow/example_dags/tutorial_taskflow_api_etl_virtualenv.py
[2022-05-17 07:08:30,091] {processor.py:642} INFO - Processing file /home/airflow/.local/lib/python3.7/site-packages/airflow/example_dags/tutorial_taskflow_api_etl_virtualenv.py for tasks to queue
[2022-05-17 07:08:30,094] {logging_mixin.py:109} INFO - [2022-05-17 07:08:30,094] {dagbag.py:500} INFO - Filling up the DagBag from /home/airflow/.local/lib/python3.7/site-packages/airflow/example_dags/tutorial_taskflow_api_etl_virtualenv.py
[2022-05-17 07:08:30,129] {processor.py:652} INFO - DAG(s) dict_keys(['tutorial_taskflow_api_etl_virtualenv']) retrieved from /home/airflow/.local/lib/python3.7/site-packages/airflow/example_dags/tutorial_taskflow_api_etl_virtualenv.py
[2022-05-17 07:08:30,534] {logging_mixin.py:109} INFO - [2022-05-17 07:08:30,534] {dag.py:2398} INFO - Sync 1 DAGs
[2022-05-17 07:08:30,563] {logging_mixin.py:109} INFO - [2022-05-17 07:08:30,563] {dag.py:2937} INFO - Setting next_dagrun for tutorial_taskflow_api_etl_virtualenv to None
[2022-05-17 07:08:30,874] {processor.py:171} INFO - Processing /home/airflow/.local/lib/python3.7/site-packages/airflow/example_dags/tutorial_taskflow_api_etl_virtualenv.py took 0.791 seconds
[2022-05-17 07:09:01,117] {processor.py:163} INFO - Started process (PID=11938) to work on /home/airflow/.local/lib/python3.7/site-packages/airflow/example_dags/tutorial_taskflow_api_etl_virtualenv.py
[2022-05-17 07:09:01,119] {processor.py:642} INFO - Processing file /home/airflow/.local/lib/python3.7/site-packages/airflow/example_dags/tutorial_taskflow_api_etl_virtualenv.py for tasks to queue
[2022-05-17 07:09:01,120] {logging_mixin.py:109} INFO - [2022-05-17 07:09:01,120] {dagbag.py:500} INFO - Filling up the DagBag from /home/airflow/.local/lib/python3.7/site-packages/airflow/example_dags/tutorial_taskflow_api_etl_virtualenv.py
[2022-05-17 07:09:01,150] {processor.py:652} INFO - DAG(s) dict_keys(['tutorial_taskflow_api_etl_virtualenv']) retrieved from /home/airflow/.local/lib/python3.7/site-packages/airflow/example_dags/tutorial_taskflow_api_etl_virtualenv.py
[2022-05-17 07:09:01,488] {logging_mixin.py:109} INFO - [2022-05-17 07:09:01,488] {dag.py:2398} INFO - Sync 1 DAGs
[2022-05-17 07:09:01,514] {logging_mixin.py:109} INFO - [2022-05-17 07:09:01,514] {dag.py:2937} INFO - Setting next_dagrun for tutorial_taskflow_api_etl_virtualenv to None
[2022-05-17 07:09:01,533] {processor.py:171} INFO - Processing /home/airflow/.local/lib/python3.7/site-packages/airflow/example_dags/tutorial_taskflow_api_etl_virtualenv.py took 0.420 seconds
[2022-05-17 07:09:32,436] {processor.py:163} INFO - Started process (PID=12001) to work on /home/airflow/.local/lib/python3.7/site-packages/airflow/example_dags/tutorial_taskflow_api_etl_virtualenv.py
[2022-05-17 07:09:32,438] {processor.py:642} INFO - Processing file /home/airflow/.local/lib/python3.7/site-packages/airflow/example_dags/tutorial_taskflow_api_etl_virtualenv.py for tasks to queue
[2022-05-17 07:09:32,439] {logging_mixin.py:109} INFO - [2022-05-17 07:09:32,439] {dagbag.py:500} INFO - Filling up the DagBag from /home/airflow/.local/lib/python3.7/site-packages/airflow/example_dags/tutorial_taskflow_api_etl_virtualenv.py
[2022-05-17 07:09:32,480] {processor.py:652} INFO - DAG(s) dict_keys(['tutorial_taskflow_api_etl_virtualenv']) retrieved from /home/airflow/.local/lib/python3.7/site-packages/airflow/example_dags/tutorial_taskflow_api_etl_virtualenv.py
[2022-05-17 07:09:32,860] {logging_mixin.py:109} INFO - [2022-05-17 07:09:32,860] {dag.py:2398} INFO - Sync 1 DAGs
[2022-05-17 07:09:32,892] {logging_mixin.py:109} INFO - [2022-05-17 07:09:32,889] {dag.py:2937} INFO - Setting next_dagrun for tutorial_taskflow_api_etl_virtualenv to None
[2022-05-17 07:09:32,912] {processor.py:171} INFO - Processing /home/airflow/.local/lib/python3.7/site-packages/airflow/example_dags/tutorial_taskflow_api_etl_virtualenv.py took 0.482 seconds
[2022-05-17 07:10:03,010] {processor.py:163} INFO - Started process (PID=12075) to work on /home/airflow/.local/lib/python3.7/site-packages/airflow/example_dags/tutorial_taskflow_api_etl_virtualenv.py
[2022-05-17 07:10:03,013] {processor.py:642} INFO - Processing file /home/airflow/.local/lib/python3.7/site-packages/airflow/example_dags/tutorial_taskflow_api_etl_virtualenv.py for tasks to queue
[2022-05-17 07:10:03,014] {logging_mixin.py:109} INFO - [2022-05-17 07:10:03,014] {dagbag.py:500} INFO - Filling up the DagBag from /home/airflow/.local/lib/python3.7/site-packages/airflow/example_dags/tutorial_taskflow_api_etl_virtualenv.py
[2022-05-17 07:10:03,053] {processor.py:652} INFO - DAG(s) dict_keys(['tutorial_taskflow_api_etl_virtualenv']) retrieved from /home/airflow/.local/lib/python3.7/site-packages/airflow/example_dags/tutorial_taskflow_api_etl_virtualenv.py
[2022-05-17 07:10:03,478] {logging_mixin.py:109} INFO - [2022-05-17 07:10:03,478] {dag.py:2398} INFO - Sync 1 DAGs
[2022-05-17 07:10:03,505] {logging_mixin.py:109} INFO - [2022-05-17 07:10:03,505] {dag.py:2937} INFO - Setting next_dagrun for tutorial_taskflow_api_etl_virtualenv to None
[2022-05-17 07:10:03,532] {processor.py:171} INFO - Processing /home/airflow/.local/lib/python3.7/site-packages/airflow/example_dags/tutorial_taskflow_api_etl_virtualenv.py took 0.529 seconds
[2022-05-17 07:10:34,187] {processor.py:163} INFO - Started process (PID=12140) to work on /home/airflow/.local/lib/python3.7/site-packages/airflow/example_dags/tutorial_taskflow_api_etl_virtualenv.py
[2022-05-17 07:10:34,189] {processor.py:642} INFO - Processing file /home/airflow/.local/lib/python3.7/site-packages/airflow/example_dags/tutorial_taskflow_api_etl_virtualenv.py for tasks to queue
[2022-05-17 07:10:34,190] {logging_mixin.py:109} INFO - [2022-05-17 07:10:34,190] {dagbag.py:500} INFO - Filling up the DagBag from /home/airflow/.local/lib/python3.7/site-packages/airflow/example_dags/tutorial_taskflow_api_etl_virtualenv.py
[2022-05-17 07:10:34,231] {processor.py:652} INFO - DAG(s) dict_keys(['tutorial_taskflow_api_etl_virtualenv']) retrieved from /home/airflow/.local/lib/python3.7/site-packages/airflow/example_dags/tutorial_taskflow_api_etl_virtualenv.py
[2022-05-17 07:10:34,687] {logging_mixin.py:109} INFO - [2022-05-17 07:10:34,686] {dag.py:2398} INFO - Sync 1 DAGs
[2022-05-17 07:10:34,715] {logging_mixin.py:109} INFO - [2022-05-17 07:10:34,714] {dag.py:2937} INFO - Setting next_dagrun for tutorial_taskflow_api_etl_virtualenv to None
[2022-05-17 07:10:34,737] {processor.py:171} INFO - Processing /home/airflow/.local/lib/python3.7/site-packages/airflow/example_dags/tutorial_taskflow_api_etl_virtualenv.py took 0.554 seconds
[2022-05-17 07:11:05,534] {processor.py:163} INFO - Started process (PID=12206) to work on /home/airflow/.local/lib/python3.7/site-packages/airflow/example_dags/tutorial_taskflow_api_etl_virtualenv.py
[2022-05-17 07:11:05,536] {processor.py:642} INFO - Processing file /home/airflow/.local/lib/python3.7/site-packages/airflow/example_dags/tutorial_taskflow_api_etl_virtualenv.py for tasks to queue
[2022-05-17 07:11:05,538] {logging_mixin.py:109} INFO - [2022-05-17 07:11:05,537] {dagbag.py:500} INFO - Filling up the DagBag from /home/airflow/.local/lib/python3.7/site-packages/airflow/example_dags/tutorial_taskflow_api_etl_virtualenv.py
[2022-05-17 07:11:05,573] {processor.py:652} INFO - DAG(s) dict_keys(['tutorial_taskflow_api_etl_virtualenv']) retrieved from /home/airflow/.local/lib/python3.7/site-packages/airflow/example_dags/tutorial_taskflow_api_etl_virtualenv.py
[2022-05-17 07:11:05,920] {logging_mixin.py:109} INFO - [2022-05-17 07:11:05,920] {dag.py:2398} INFO - Sync 1 DAGs
[2022-05-17 07:11:05,946] {logging_mixin.py:109} INFO - [2022-05-17 07:11:05,946] {dag.py:2937} INFO - Setting next_dagrun for tutorial_taskflow_api_etl_virtualenv to None
[2022-05-17 07:11:05,966] {processor.py:171} INFO - Processing /home/airflow/.local/lib/python3.7/site-packages/airflow/example_dags/tutorial_taskflow_api_etl_virtualenv.py took 0.439 seconds
[2022-05-17 07:11:36,206] {processor.py:163} INFO - Started process (PID=12281) to work on /home/airflow/.local/lib/python3.7/site-packages/airflow/example_dags/tutorial_taskflow_api_etl_virtualenv.py
[2022-05-17 07:11:36,208] {processor.py:642} INFO - Processing file /home/airflow/.local/lib/python3.7/site-packages/airflow/example_dags/tutorial_taskflow_api_etl_virtualenv.py for tasks to queue
[2022-05-17 07:11:36,210] {logging_mixin.py:109} INFO - [2022-05-17 07:11:36,209] {dagbag.py:500} INFO - Filling up the DagBag from /home/airflow/.local/lib/python3.7/site-packages/airflow/example_dags/tutorial_taskflow_api_etl_virtualenv.py
[2022-05-17 07:11:36,243] {processor.py:652} INFO - DAG(s) dict_keys(['tutorial_taskflow_api_etl_virtualenv']) retrieved from /home/airflow/.local/lib/python3.7/site-packages/airflow/example_dags/tutorial_taskflow_api_etl_virtualenv.py
[2022-05-17 07:11:36,625] {logging_mixin.py:109} INFO - [2022-05-17 07:11:36,625] {dag.py:2398} INFO - Sync 1 DAGs
[2022-05-17 07:11:36,653] {logging_mixin.py:109} INFO - [2022-05-17 07:11:36,652] {dag.py:2937} INFO - Setting next_dagrun for tutorial_taskflow_api_etl_virtualenv to None
[2022-05-17 07:11:36,674] {processor.py:171} INFO - Processing /home/airflow/.local/lib/python3.7/site-packages/airflow/example_dags/tutorial_taskflow_api_etl_virtualenv.py took 0.473 seconds
[2022-05-17 07:12:06,914] {processor.py:163} INFO - Started process (PID=12340) to work on /home/airflow/.local/lib/python3.7/site-packages/airflow/example_dags/tutorial_taskflow_api_etl_virtualenv.py
[2022-05-17 07:12:06,917] {processor.py:642} INFO - Processing file /home/airflow/.local/lib/python3.7/site-packages/airflow/example_dags/tutorial_taskflow_api_etl_virtualenv.py for tasks to queue
[2022-05-17 07:12:06,918] {logging_mixin.py:109} INFO - [2022-05-17 07:12:06,918] {dagbag.py:500} INFO - Filling up the DagBag from /home/airflow/.local/lib/python3.7/site-packages/airflow/example_dags/tutorial_taskflow_api_etl_virtualenv.py
[2022-05-17 07:12:06,950] {processor.py:652} INFO - DAG(s) dict_keys(['tutorial_taskflow_api_etl_virtualenv']) retrieved from /home/airflow/.local/lib/python3.7/site-packages/airflow/example_dags/tutorial_taskflow_api_etl_virtualenv.py
[2022-05-17 07:12:07,334] {logging_mixin.py:109} INFO - [2022-05-17 07:12:07,334] {dag.py:2398} INFO - Sync 1 DAGs
[2022-05-17 07:12:07,366] {logging_mixin.py:109} INFO - [2022-05-17 07:12:07,365] {dag.py:2937} INFO - Setting next_dagrun for tutorial_taskflow_api_etl_virtualenv to None
[2022-05-17 07:12:07,433] {processor.py:171} INFO - Processing /home/airflow/.local/lib/python3.7/site-packages/airflow/example_dags/tutorial_taskflow_api_etl_virtualenv.py took 0.524 seconds
[2022-05-17 07:12:51,517] {processor.py:163} INFO - Started process (PID=12393) to work on /home/airflow/.local/lib/python3.7/site-packages/airflow/example_dags/tutorial_taskflow_api_etl_virtualenv.py
[2022-05-17 07:12:51,519] {processor.py:642} INFO - Processing file /home/airflow/.local/lib/python3.7/site-packages/airflow/example_dags/tutorial_taskflow_api_etl_virtualenv.py for tasks to queue
[2022-05-17 07:12:51,520] {logging_mixin.py:109} INFO - [2022-05-17 07:12:51,520] {dagbag.py:500} INFO - Filling up the DagBag from /home/airflow/.local/lib/python3.7/site-packages/airflow/example_dags/tutorial_taskflow_api_etl_virtualenv.py
[2022-05-17 07:12:51,547] {processor.py:652} INFO - DAG(s) dict_keys(['tutorial_taskflow_api_etl_virtualenv']) retrieved from /home/airflow/.local/lib/python3.7/site-packages/airflow/example_dags/tutorial_taskflow_api_etl_virtualenv.py
[2022-05-17 07:12:51,799] {logging_mixin.py:109} INFO - [2022-05-17 07:12:51,799] {dag.py:2398} INFO - Sync 1 DAGs
[2022-05-17 07:12:51,818] {logging_mixin.py:109} INFO - [2022-05-17 07:12:51,818] {dag.py:2937} INFO - Setting next_dagrun for tutorial_taskflow_api_etl_virtualenv to None
[2022-05-17 07:12:51,833] {processor.py:171} INFO - Processing /home/airflow/.local/lib/python3.7/site-packages/airflow/example_dags/tutorial_taskflow_api_etl_virtualenv.py took 0.321 seconds
[2022-05-17 07:13:22,180] {processor.py:163} INFO - Started process (PID=12457) to work on /home/airflow/.local/lib/python3.7/site-packages/airflow/example_dags/tutorial_taskflow_api_etl_virtualenv.py
[2022-05-17 07:13:22,182] {processor.py:642} INFO - Processing file /home/airflow/.local/lib/python3.7/site-packages/airflow/example_dags/tutorial_taskflow_api_etl_virtualenv.py for tasks to queue
[2022-05-17 07:13:22,183] {logging_mixin.py:109} INFO - [2022-05-17 07:13:22,183] {dagbag.py:500} INFO - Filling up the DagBag from /home/airflow/.local/lib/python3.7/site-packages/airflow/example_dags/tutorial_taskflow_api_etl_virtualenv.py
[2022-05-17 07:13:22,199] {processor.py:652} INFO - DAG(s) dict_keys(['tutorial_taskflow_api_etl_virtualenv']) retrieved from /home/airflow/.local/lib/python3.7/site-packages/airflow/example_dags/tutorial_taskflow_api_etl_virtualenv.py
[2022-05-17 07:13:22,363] {logging_mixin.py:109} INFO - [2022-05-17 07:13:22,363] {dag.py:2398} INFO - Sync 1 DAGs
[2022-05-17 07:13:22,377] {logging_mixin.py:109} INFO - [2022-05-17 07:13:22,377] {dag.py:2937} INFO - Setting next_dagrun for tutorial_taskflow_api_etl_virtualenv to None
[2022-05-17 07:13:22,393] {processor.py:171} INFO - Processing /home/airflow/.local/lib/python3.7/site-packages/airflow/example_dags/tutorial_taskflow_api_etl_virtualenv.py took 0.216 seconds
[2022-05-17 07:13:53,258] {processor.py:163} INFO - Started process (PID=12534) to work on /home/airflow/.local/lib/python3.7/site-packages/airflow/example_dags/tutorial_taskflow_api_etl_virtualenv.py
[2022-05-17 07:13:53,260] {processor.py:642} INFO - Processing file /home/airflow/.local/lib/python3.7/site-packages/airflow/example_dags/tutorial_taskflow_api_etl_virtualenv.py for tasks to queue
[2022-05-17 07:13:53,261] {logging_mixin.py:109} INFO - [2022-05-17 07:13:53,261] {dagbag.py:500} INFO - Filling up the DagBag from /home/airflow/.local/lib/python3.7/site-packages/airflow/example_dags/tutorial_taskflow_api_etl_virtualenv.py
[2022-05-17 07:13:53,283] {processor.py:652} INFO - DAG(s) dict_keys(['tutorial_taskflow_api_etl_virtualenv']) retrieved from /home/airflow/.local/lib/python3.7/site-packages/airflow/example_dags/tutorial_taskflow_api_etl_virtualenv.py
[2022-05-17 07:13:53,458] {logging_mixin.py:109} INFO - [2022-05-17 07:13:53,458] {dag.py:2398} INFO - Sync 1 DAGs
[2022-05-17 07:13:53,472] {logging_mixin.py:109} INFO - [2022-05-17 07:13:53,472] {dag.py:2937} INFO - Setting next_dagrun for tutorial_taskflow_api_etl_virtualenv to None
[2022-05-17 07:13:53,487] {processor.py:171} INFO - Processing /home/airflow/.local/lib/python3.7/site-packages/airflow/example_dags/tutorial_taskflow_api_etl_virtualenv.py took 0.232 seconds
[2022-05-17 07:14:23,659] {processor.py:163} INFO - Started process (PID=12600) to work on /home/airflow/.local/lib/python3.7/site-packages/airflow/example_dags/tutorial_taskflow_api_etl_virtualenv.py
[2022-05-17 07:14:23,660] {processor.py:642} INFO - Processing file /home/airflow/.local/lib/python3.7/site-packages/airflow/example_dags/tutorial_taskflow_api_etl_virtualenv.py for tasks to queue
[2022-05-17 07:14:23,661] {logging_mixin.py:109} INFO - [2022-05-17 07:14:23,661] {dagbag.py:500} INFO - Filling up the DagBag from /home/airflow/.local/lib/python3.7/site-packages/airflow/example_dags/tutorial_taskflow_api_etl_virtualenv.py
[2022-05-17 07:14:23,677] {processor.py:652} INFO - DAG(s) dict_keys(['tutorial_taskflow_api_etl_virtualenv']) retrieved from /home/airflow/.local/lib/python3.7/site-packages/airflow/example_dags/tutorial_taskflow_api_etl_virtualenv.py
[2022-05-17 07:14:23,842] {logging_mixin.py:109} INFO - [2022-05-17 07:14:23,842] {dag.py:2398} INFO - Sync 1 DAGs
[2022-05-17 07:14:23,856] {logging_mixin.py:109} INFO - [2022-05-17 07:14:23,856] {dag.py:2937} INFO - Setting next_dagrun for tutorial_taskflow_api_etl_virtualenv to None
[2022-05-17 07:14:23,870] {processor.py:171} INFO - Processing /home/airflow/.local/lib/python3.7/site-packages/airflow/example_dags/tutorial_taskflow_api_etl_virtualenv.py took 0.214 seconds
[2022-05-17 07:14:54,400] {processor.py:163} INFO - Started process (PID=12671) to work on /home/airflow/.local/lib/python3.7/site-packages/airflow/example_dags/tutorial_taskflow_api_etl_virtualenv.py
[2022-05-17 07:14:54,401] {processor.py:642} INFO - Processing file /home/airflow/.local/lib/python3.7/site-packages/airflow/example_dags/tutorial_taskflow_api_etl_virtualenv.py for tasks to queue
[2022-05-17 07:14:54,402] {logging_mixin.py:109} INFO - [2022-05-17 07:14:54,402] {dagbag.py:500} INFO - Filling up the DagBag from /home/airflow/.local/lib/python3.7/site-packages/airflow/example_dags/tutorial_taskflow_api_etl_virtualenv.py
[2022-05-17 07:14:54,418] {processor.py:652} INFO - DAG(s) dict_keys(['tutorial_taskflow_api_etl_virtualenv']) retrieved from /home/airflow/.local/lib/python3.7/site-packages/airflow/example_dags/tutorial_taskflow_api_etl_virtualenv.py
[2022-05-17 07:14:54,594] {logging_mixin.py:109} INFO - [2022-05-17 07:14:54,594] {dag.py:2398} INFO - Sync 1 DAGs
[2022-05-17 07:14:54,607] {logging_mixin.py:109} INFO - [2022-05-17 07:14:54,607] {dag.py:2937} INFO - Setting next_dagrun for tutorial_taskflow_api_etl_virtualenv to None
[2022-05-17 07:14:54,623] {processor.py:171} INFO - Processing /home/airflow/.local/lib/python3.7/site-packages/airflow/example_dags/tutorial_taskflow_api_etl_virtualenv.py took 0.226 seconds
[2022-05-17 07:15:25,323] {processor.py:163} INFO - Started process (PID=12735) to work on /home/airflow/.local/lib/python3.7/site-packages/airflow/example_dags/tutorial_taskflow_api_etl_virtualenv.py
[2022-05-17 07:15:25,324] {processor.py:642} INFO - Processing file /home/airflow/.local/lib/python3.7/site-packages/airflow/example_dags/tutorial_taskflow_api_etl_virtualenv.py for tasks to queue
[2022-05-17 07:15:25,325] {logging_mixin.py:109} INFO - [2022-05-17 07:15:25,325] {dagbag.py:500} INFO - Filling up the DagBag from /home/airflow/.local/lib/python3.7/site-packages/airflow/example_dags/tutorial_taskflow_api_etl_virtualenv.py
[2022-05-17 07:15:25,339] {processor.py:652} INFO - DAG(s) dict_keys(['tutorial_taskflow_api_etl_virtualenv']) retrieved from /home/airflow/.local/lib/python3.7/site-packages/airflow/example_dags/tutorial_taskflow_api_etl_virtualenv.py
[2022-05-17 07:15:25,615] {logging_mixin.py:109} INFO - [2022-05-17 07:15:25,615] {dag.py:2398} INFO - Sync 1 DAGs
[2022-05-17 07:15:25,631] {logging_mixin.py:109} INFO - [2022-05-17 07:15:25,631] {dag.py:2937} INFO - Setting next_dagrun for tutorial_taskflow_api_etl_virtualenv to None
[2022-05-17 07:15:25,646] {processor.py:171} INFO - Processing /home/airflow/.local/lib/python3.7/site-packages/airflow/example_dags/tutorial_taskflow_api_etl_virtualenv.py took 0.326 seconds
