[2022-05-17 06:58:14,641] {processor.py:163} INFO - Started process (PID=10499) to work on /home/airflow/.local/lib/python3.7/site-packages/airflow/example_dags/tutorial.py
[2022-05-17 06:58:14,643] {processor.py:642} INFO - Processing file /home/airflow/.local/lib/python3.7/site-packages/airflow/example_dags/tutorial.py for tasks to queue
[2022-05-17 06:58:14,644] {logging_mixin.py:109} INFO - [2022-05-17 06:58:14,644] {dagbag.py:500} INFO - Filling up the DagBag from /home/airflow/.local/lib/python3.7/site-packages/airflow/example_dags/tutorial.py
[2022-05-17 06:58:14,679] {processor.py:652} INFO - DAG(s) dict_keys(['tutorial']) retrieved from /home/airflow/.local/lib/python3.7/site-packages/airflow/example_dags/tutorial.py
[2022-05-17 06:58:14,722] {logging_mixin.py:109} INFO - [2022-05-17 06:58:14,722] {dag.py:2398} INFO - Sync 1 DAGs
[2022-05-17 06:58:14,755] {logging_mixin.py:109} INFO - [2022-05-17 06:58:14,755] {dag.py:2937} INFO - Setting next_dagrun for tutorial to 2022-05-16T06:58:14.754833+00:00
[2022-05-17 06:58:14,774] {processor.py:171} INFO - Processing /home/airflow/.local/lib/python3.7/site-packages/airflow/example_dags/tutorial.py took 0.142 seconds
[2022-05-17 06:58:44,930] {processor.py:163} INFO - Started process (PID=10560) to work on /home/airflow/.local/lib/python3.7/site-packages/airflow/example_dags/tutorial.py
[2022-05-17 06:58:44,932] {processor.py:642} INFO - Processing file /home/airflow/.local/lib/python3.7/site-packages/airflow/example_dags/tutorial.py for tasks to queue
[2022-05-17 06:58:44,932] {logging_mixin.py:109} INFO - [2022-05-17 06:58:44,932] {dagbag.py:500} INFO - Filling up the DagBag from /home/airflow/.local/lib/python3.7/site-packages/airflow/example_dags/tutorial.py
[2022-05-17 06:58:44,943] {processor.py:652} INFO - DAG(s) dict_keys(['tutorial']) retrieved from /home/airflow/.local/lib/python3.7/site-packages/airflow/example_dags/tutorial.py
[2022-05-17 06:58:44,961] {logging_mixin.py:109} INFO - [2022-05-17 06:58:44,961] {dag.py:2398} INFO - Sync 1 DAGs
[2022-05-17 06:58:44,973] {logging_mixin.py:109} INFO - [2022-05-17 06:58:44,973] {dag.py:2937} INFO - Setting next_dagrun for tutorial to 2022-05-16T06:58:44.973315+00:00
[2022-05-17 06:58:44,987] {processor.py:171} INFO - Processing /home/airflow/.local/lib/python3.7/site-packages/airflow/example_dags/tutorial.py took 0.060 seconds
[2022-05-17 06:59:15,950] {processor.py:163} INFO - Started process (PID=10634) to work on /home/airflow/.local/lib/python3.7/site-packages/airflow/example_dags/tutorial.py
[2022-05-17 06:59:15,952] {processor.py:642} INFO - Processing file /home/airflow/.local/lib/python3.7/site-packages/airflow/example_dags/tutorial.py for tasks to queue
[2022-05-17 06:59:15,952] {logging_mixin.py:109} INFO - [2022-05-17 06:59:15,952] {dagbag.py:500} INFO - Filling up the DagBag from /home/airflow/.local/lib/python3.7/site-packages/airflow/example_dags/tutorial.py
[2022-05-17 06:59:15,967] {processor.py:652} INFO - DAG(s) dict_keys(['tutorial']) retrieved from /home/airflow/.local/lib/python3.7/site-packages/airflow/example_dags/tutorial.py
[2022-05-17 06:59:15,985] {logging_mixin.py:109} INFO - [2022-05-17 06:59:15,985] {dag.py:2398} INFO - Sync 1 DAGs
[2022-05-17 06:59:16,004] {logging_mixin.py:109} INFO - [2022-05-17 06:59:16,004] {dag.py:2937} INFO - Setting next_dagrun for tutorial to 2022-05-16T06:59:16.004147+00:00
[2022-05-17 06:59:16,018] {processor.py:171} INFO - Processing /home/airflow/.local/lib/python3.7/site-packages/airflow/example_dags/tutorial.py took 0.071 seconds
[2022-05-17 06:59:46,534] {processor.py:163} INFO - Started process (PID=10696) to work on /home/airflow/.local/lib/python3.7/site-packages/airflow/example_dags/tutorial.py
[2022-05-17 06:59:46,536] {processor.py:642} INFO - Processing file /home/airflow/.local/lib/python3.7/site-packages/airflow/example_dags/tutorial.py for tasks to queue
[2022-05-17 06:59:46,537] {logging_mixin.py:109} INFO - [2022-05-17 06:59:46,537] {dagbag.py:500} INFO - Filling up the DagBag from /home/airflow/.local/lib/python3.7/site-packages/airflow/example_dags/tutorial.py
[2022-05-17 06:59:46,554] {processor.py:652} INFO - DAG(s) dict_keys(['tutorial']) retrieved from /home/airflow/.local/lib/python3.7/site-packages/airflow/example_dags/tutorial.py
[2022-05-17 06:59:46,571] {logging_mixin.py:109} INFO - [2022-05-17 06:59:46,571] {dag.py:2398} INFO - Sync 1 DAGs
[2022-05-17 06:59:46,585] {logging_mixin.py:109} INFO - [2022-05-17 06:59:46,585] {dag.py:2937} INFO - Setting next_dagrun for tutorial to 2022-05-16T06:59:46.585145+00:00
[2022-05-17 06:59:46,598] {processor.py:171} INFO - Processing /home/airflow/.local/lib/python3.7/site-packages/airflow/example_dags/tutorial.py took 0.069 seconds
[2022-05-17 07:00:17,492] {processor.py:163} INFO - Started process (PID=10770) to work on /home/airflow/.local/lib/python3.7/site-packages/airflow/example_dags/tutorial.py
[2022-05-17 07:00:17,493] {processor.py:642} INFO - Processing file /home/airflow/.local/lib/python3.7/site-packages/airflow/example_dags/tutorial.py for tasks to queue
[2022-05-17 07:00:17,494] {logging_mixin.py:109} INFO - [2022-05-17 07:00:17,494] {dagbag.py:500} INFO - Filling up the DagBag from /home/airflow/.local/lib/python3.7/site-packages/airflow/example_dags/tutorial.py
[2022-05-17 07:00:17,509] {processor.py:652} INFO - DAG(s) dict_keys(['tutorial']) retrieved from /home/airflow/.local/lib/python3.7/site-packages/airflow/example_dags/tutorial.py
[2022-05-17 07:00:17,528] {logging_mixin.py:109} INFO - [2022-05-17 07:00:17,528] {dag.py:2398} INFO - Sync 1 DAGs
[2022-05-17 07:00:17,544] {logging_mixin.py:109} INFO - [2022-05-17 07:00:17,544] {dag.py:2937} INFO - Setting next_dagrun for tutorial to 2022-05-16T07:00:17.544066+00:00
[2022-05-17 07:00:17,560] {processor.py:171} INFO - Processing /home/airflow/.local/lib/python3.7/site-packages/airflow/example_dags/tutorial.py took 0.071 seconds
[2022-05-17 07:00:48,200] {processor.py:163} INFO - Started process (PID=10843) to work on /home/airflow/.local/lib/python3.7/site-packages/airflow/example_dags/tutorial.py
[2022-05-17 07:00:48,201] {processor.py:642} INFO - Processing file /home/airflow/.local/lib/python3.7/site-packages/airflow/example_dags/tutorial.py for tasks to queue
[2022-05-17 07:00:48,201] {logging_mixin.py:109} INFO - [2022-05-17 07:00:48,201] {dagbag.py:500} INFO - Filling up the DagBag from /home/airflow/.local/lib/python3.7/site-packages/airflow/example_dags/tutorial.py
[2022-05-17 07:00:48,213] {processor.py:652} INFO - DAG(s) dict_keys(['tutorial']) retrieved from /home/airflow/.local/lib/python3.7/site-packages/airflow/example_dags/tutorial.py
[2022-05-17 07:00:48,233] {logging_mixin.py:109} INFO - [2022-05-17 07:00:48,233] {dag.py:2398} INFO - Sync 1 DAGs
[2022-05-17 07:00:48,247] {logging_mixin.py:109} INFO - [2022-05-17 07:00:48,246] {dag.py:2937} INFO - Setting next_dagrun for tutorial to 2022-05-16T07:00:48.246725+00:00
[2022-05-17 07:00:48,259] {processor.py:171} INFO - Processing /home/airflow/.local/lib/python3.7/site-packages/airflow/example_dags/tutorial.py took 0.062 seconds
[2022-05-17 07:01:18,938] {processor.py:163} INFO - Started process (PID=10906) to work on /home/airflow/.local/lib/python3.7/site-packages/airflow/example_dags/tutorial.py
[2022-05-17 07:01:18,939] {processor.py:642} INFO - Processing file /home/airflow/.local/lib/python3.7/site-packages/airflow/example_dags/tutorial.py for tasks to queue
[2022-05-17 07:01:18,940] {logging_mixin.py:109} INFO - [2022-05-17 07:01:18,940] {dagbag.py:500} INFO - Filling up the DagBag from /home/airflow/.local/lib/python3.7/site-packages/airflow/example_dags/tutorial.py
[2022-05-17 07:01:18,952] {processor.py:652} INFO - DAG(s) dict_keys(['tutorial']) retrieved from /home/airflow/.local/lib/python3.7/site-packages/airflow/example_dags/tutorial.py
[2022-05-17 07:01:18,972] {logging_mixin.py:109} INFO - [2022-05-17 07:01:18,972] {dag.py:2398} INFO - Sync 1 DAGs
[2022-05-17 07:01:18,987] {logging_mixin.py:109} INFO - [2022-05-17 07:01:18,987] {dag.py:2937} INFO - Setting next_dagrun for tutorial to 2022-05-16T07:01:18.987381+00:00
[2022-05-17 07:01:18,999] {processor.py:171} INFO - Processing /home/airflow/.local/lib/python3.7/site-packages/airflow/example_dags/tutorial.py took 0.064 seconds
[2022-05-17 07:01:49,589] {processor.py:163} INFO - Started process (PID=10977) to work on /home/airflow/.local/lib/python3.7/site-packages/airflow/example_dags/tutorial.py
[2022-05-17 07:01:49,591] {processor.py:642} INFO - Processing file /home/airflow/.local/lib/python3.7/site-packages/airflow/example_dags/tutorial.py for tasks to queue
[2022-05-17 07:01:49,591] {logging_mixin.py:109} INFO - [2022-05-17 07:01:49,591] {dagbag.py:500} INFO - Filling up the DagBag from /home/airflow/.local/lib/python3.7/site-packages/airflow/example_dags/tutorial.py
[2022-05-17 07:01:49,605] {processor.py:652} INFO - DAG(s) dict_keys(['tutorial']) retrieved from /home/airflow/.local/lib/python3.7/site-packages/airflow/example_dags/tutorial.py
[2022-05-17 07:01:49,624] {logging_mixin.py:109} INFO - [2022-05-17 07:01:49,624] {dag.py:2398} INFO - Sync 1 DAGs
[2022-05-17 07:01:49,638] {logging_mixin.py:109} INFO - [2022-05-17 07:01:49,638] {dag.py:2937} INFO - Setting next_dagrun for tutorial to 2022-05-16T07:01:49.637770+00:00
[2022-05-17 07:01:49,651] {processor.py:171} INFO - Processing /home/airflow/.local/lib/python3.7/site-packages/airflow/example_dags/tutorial.py took 0.064 seconds
[2022-05-17 07:02:20,257] {processor.py:163} INFO - Started process (PID=11041) to work on /home/airflow/.local/lib/python3.7/site-packages/airflow/example_dags/tutorial.py
[2022-05-17 07:02:20,258] {processor.py:642} INFO - Processing file /home/airflow/.local/lib/python3.7/site-packages/airflow/example_dags/tutorial.py for tasks to queue
[2022-05-17 07:02:20,259] {logging_mixin.py:109} INFO - [2022-05-17 07:02:20,259] {dagbag.py:500} INFO - Filling up the DagBag from /home/airflow/.local/lib/python3.7/site-packages/airflow/example_dags/tutorial.py
[2022-05-17 07:02:20,273] {processor.py:652} INFO - DAG(s) dict_keys(['tutorial']) retrieved from /home/airflow/.local/lib/python3.7/site-packages/airflow/example_dags/tutorial.py
[2022-05-17 07:02:20,289] {logging_mixin.py:109} INFO - [2022-05-17 07:02:20,289] {dag.py:2398} INFO - Sync 1 DAGs
[2022-05-17 07:02:20,302] {logging_mixin.py:109} INFO - [2022-05-17 07:02:20,302] {dag.py:2937} INFO - Setting next_dagrun for tutorial to 2022-05-16T07:02:20.302093+00:00
[2022-05-17 07:02:20,316] {processor.py:171} INFO - Processing /home/airflow/.local/lib/python3.7/site-packages/airflow/example_dags/tutorial.py took 0.062 seconds
[2022-05-17 07:02:50,553] {processor.py:163} INFO - Started process (PID=11114) to work on /home/airflow/.local/lib/python3.7/site-packages/airflow/example_dags/tutorial.py
[2022-05-17 07:02:50,554] {processor.py:642} INFO - Processing file /home/airflow/.local/lib/python3.7/site-packages/airflow/example_dags/tutorial.py for tasks to queue
[2022-05-17 07:02:50,555] {logging_mixin.py:109} INFO - [2022-05-17 07:02:50,555] {dagbag.py:500} INFO - Filling up the DagBag from /home/airflow/.local/lib/python3.7/site-packages/airflow/example_dags/tutorial.py
[2022-05-17 07:02:50,566] {processor.py:652} INFO - DAG(s) dict_keys(['tutorial']) retrieved from /home/airflow/.local/lib/python3.7/site-packages/airflow/example_dags/tutorial.py
[2022-05-17 07:02:50,585] {logging_mixin.py:109} INFO - [2022-05-17 07:02:50,584] {dag.py:2398} INFO - Sync 1 DAGs
[2022-05-17 07:02:50,599] {logging_mixin.py:109} INFO - [2022-05-17 07:02:50,599] {dag.py:2937} INFO - Setting next_dagrun for tutorial to 2022-05-16T07:02:50.599244+00:00
[2022-05-17 07:02:50,613] {processor.py:171} INFO - Processing /home/airflow/.local/lib/python3.7/site-packages/airflow/example_dags/tutorial.py took 0.063 seconds
[2022-05-17 07:03:21,874] {processor.py:163} INFO - Started process (PID=11189) to work on /home/airflow/.local/lib/python3.7/site-packages/airflow/example_dags/tutorial.py
[2022-05-17 07:03:21,875] {processor.py:642} INFO - Processing file /home/airflow/.local/lib/python3.7/site-packages/airflow/example_dags/tutorial.py for tasks to queue
[2022-05-17 07:03:21,875] {logging_mixin.py:109} INFO - [2022-05-17 07:03:21,875] {dagbag.py:500} INFO - Filling up the DagBag from /home/airflow/.local/lib/python3.7/site-packages/airflow/example_dags/tutorial.py
[2022-05-17 07:03:21,887] {processor.py:652} INFO - DAG(s) dict_keys(['tutorial']) retrieved from /home/airflow/.local/lib/python3.7/site-packages/airflow/example_dags/tutorial.py
[2022-05-17 07:03:21,906] {logging_mixin.py:109} INFO - [2022-05-17 07:03:21,906] {dag.py:2398} INFO - Sync 1 DAGs
[2022-05-17 07:03:21,920] {logging_mixin.py:109} INFO - [2022-05-17 07:03:21,920] {dag.py:2937} INFO - Setting next_dagrun for tutorial to 2022-05-16T07:03:21.920024+00:00
[2022-05-17 07:03:21,934] {processor.py:171} INFO - Processing /home/airflow/.local/lib/python3.7/site-packages/airflow/example_dags/tutorial.py took 0.063 seconds
[2022-05-17 07:03:52,341] {processor.py:163} INFO - Started process (PID=11253) to work on /home/airflow/.local/lib/python3.7/site-packages/airflow/example_dags/tutorial.py
[2022-05-17 07:03:52,342] {processor.py:642} INFO - Processing file /home/airflow/.local/lib/python3.7/site-packages/airflow/example_dags/tutorial.py for tasks to queue
[2022-05-17 07:03:52,343] {logging_mixin.py:109} INFO - [2022-05-17 07:03:52,343] {dagbag.py:500} INFO - Filling up the DagBag from /home/airflow/.local/lib/python3.7/site-packages/airflow/example_dags/tutorial.py
[2022-05-17 07:03:52,354] {processor.py:652} INFO - DAG(s) dict_keys(['tutorial']) retrieved from /home/airflow/.local/lib/python3.7/site-packages/airflow/example_dags/tutorial.py
[2022-05-17 07:03:52,372] {logging_mixin.py:109} INFO - [2022-05-17 07:03:52,372] {dag.py:2398} INFO - Sync 1 DAGs
[2022-05-17 07:03:52,385] {logging_mixin.py:109} INFO - [2022-05-17 07:03:52,385] {dag.py:2937} INFO - Setting next_dagrun for tutorial to 2022-05-16T07:03:52.385226+00:00
[2022-05-17 07:03:52,397] {processor.py:171} INFO - Processing /home/airflow/.local/lib/python3.7/site-packages/airflow/example_dags/tutorial.py took 0.059 seconds
[2022-05-17 07:04:23,114] {processor.py:163} INFO - Started process (PID=11326) to work on /home/airflow/.local/lib/python3.7/site-packages/airflow/example_dags/tutorial.py
[2022-05-17 07:04:23,115] {processor.py:642} INFO - Processing file /home/airflow/.local/lib/python3.7/site-packages/airflow/example_dags/tutorial.py for tasks to queue
[2022-05-17 07:04:23,116] {logging_mixin.py:109} INFO - [2022-05-17 07:04:23,116] {dagbag.py:500} INFO - Filling up the DagBag from /home/airflow/.local/lib/python3.7/site-packages/airflow/example_dags/tutorial.py
[2022-05-17 07:04:23,129] {processor.py:652} INFO - DAG(s) dict_keys(['tutorial']) retrieved from /home/airflow/.local/lib/python3.7/site-packages/airflow/example_dags/tutorial.py
[2022-05-17 07:04:23,149] {logging_mixin.py:109} INFO - [2022-05-17 07:04:23,148] {dag.py:2398} INFO - Sync 1 DAGs
[2022-05-17 07:04:23,164] {logging_mixin.py:109} INFO - [2022-05-17 07:04:23,164] {dag.py:2937} INFO - Setting next_dagrun for tutorial to 2022-05-16T07:04:23.164244+00:00
[2022-05-17 07:04:23,178] {processor.py:171} INFO - Processing /home/airflow/.local/lib/python3.7/site-packages/airflow/example_dags/tutorial.py took 0.067 seconds
[2022-05-17 07:04:53,964] {processor.py:163} INFO - Started process (PID=11397) to work on /home/airflow/.local/lib/python3.7/site-packages/airflow/example_dags/tutorial.py
[2022-05-17 07:04:53,966] {processor.py:642} INFO - Processing file /home/airflow/.local/lib/python3.7/site-packages/airflow/example_dags/tutorial.py for tasks to queue
[2022-05-17 07:04:53,967] {logging_mixin.py:109} INFO - [2022-05-17 07:04:53,967] {dagbag.py:500} INFO - Filling up the DagBag from /home/airflow/.local/lib/python3.7/site-packages/airflow/example_dags/tutorial.py
[2022-05-17 07:04:53,981] {processor.py:652} INFO - DAG(s) dict_keys(['tutorial']) retrieved from /home/airflow/.local/lib/python3.7/site-packages/airflow/example_dags/tutorial.py
[2022-05-17 07:04:54,005] {logging_mixin.py:109} INFO - [2022-05-17 07:04:54,005] {dag.py:2398} INFO - Sync 1 DAGs
[2022-05-17 07:04:54,022] {logging_mixin.py:109} INFO - [2022-05-17 07:04:54,022] {dag.py:2937} INFO - Setting next_dagrun for tutorial to 2022-05-16T07:04:54.021924+00:00
[2022-05-17 07:04:54,037] {processor.py:171} INFO - Processing /home/airflow/.local/lib/python3.7/site-packages/airflow/example_dags/tutorial.py took 0.076 seconds
[2022-05-17 07:05:24,728] {processor.py:163} INFO - Started process (PID=11461) to work on /home/airflow/.local/lib/python3.7/site-packages/airflow/example_dags/tutorial.py
[2022-05-17 07:05:24,730] {processor.py:642} INFO - Processing file /home/airflow/.local/lib/python3.7/site-packages/airflow/example_dags/tutorial.py for tasks to queue
[2022-05-17 07:05:24,731] {logging_mixin.py:109} INFO - [2022-05-17 07:05:24,731] {dagbag.py:500} INFO - Filling up the DagBag from /home/airflow/.local/lib/python3.7/site-packages/airflow/example_dags/tutorial.py
[2022-05-17 07:05:24,742] {processor.py:652} INFO - DAG(s) dict_keys(['tutorial']) retrieved from /home/airflow/.local/lib/python3.7/site-packages/airflow/example_dags/tutorial.py
[2022-05-17 07:05:24,762] {logging_mixin.py:109} INFO - [2022-05-17 07:05:24,762] {dag.py:2398} INFO - Sync 1 DAGs
[2022-05-17 07:05:24,776] {logging_mixin.py:109} INFO - [2022-05-17 07:05:24,776] {dag.py:2937} INFO - Setting next_dagrun for tutorial to 2022-05-16T07:05:24.775921+00:00
[2022-05-17 07:05:24,789] {processor.py:171} INFO - Processing /home/airflow/.local/lib/python3.7/site-packages/airflow/example_dags/tutorial.py took 0.064 seconds
[2022-05-17 07:05:55,267] {processor.py:163} INFO - Started process (PID=11533) to work on /home/airflow/.local/lib/python3.7/site-packages/airflow/example_dags/tutorial.py
[2022-05-17 07:05:55,268] {processor.py:642} INFO - Processing file /home/airflow/.local/lib/python3.7/site-packages/airflow/example_dags/tutorial.py for tasks to queue
[2022-05-17 07:05:55,269] {logging_mixin.py:109} INFO - [2022-05-17 07:05:55,269] {dagbag.py:500} INFO - Filling up the DagBag from /home/airflow/.local/lib/python3.7/site-packages/airflow/example_dags/tutorial.py
[2022-05-17 07:05:55,282] {processor.py:652} INFO - DAG(s) dict_keys(['tutorial']) retrieved from /home/airflow/.local/lib/python3.7/site-packages/airflow/example_dags/tutorial.py
[2022-05-17 07:05:55,302] {logging_mixin.py:109} INFO - [2022-05-17 07:05:55,302] {dag.py:2398} INFO - Sync 1 DAGs
[2022-05-17 07:05:55,317] {logging_mixin.py:109} INFO - [2022-05-17 07:05:55,317] {dag.py:2937} INFO - Setting next_dagrun for tutorial to 2022-05-16T07:05:55.316881+00:00
[2022-05-17 07:05:55,333] {processor.py:171} INFO - Processing /home/airflow/.local/lib/python3.7/site-packages/airflow/example_dags/tutorial.py took 0.069 seconds
[2022-05-17 07:06:26,376] {processor.py:163} INFO - Started process (PID=11597) to work on /home/airflow/.local/lib/python3.7/site-packages/airflow/example_dags/tutorial.py
[2022-05-17 07:06:26,377] {processor.py:642} INFO - Processing file /home/airflow/.local/lib/python3.7/site-packages/airflow/example_dags/tutorial.py for tasks to queue
[2022-05-17 07:06:26,378] {logging_mixin.py:109} INFO - [2022-05-17 07:06:26,378] {dagbag.py:500} INFO - Filling up the DagBag from /home/airflow/.local/lib/python3.7/site-packages/airflow/example_dags/tutorial.py
[2022-05-17 07:06:26,397] {processor.py:652} INFO - DAG(s) dict_keys(['tutorial']) retrieved from /home/airflow/.local/lib/python3.7/site-packages/airflow/example_dags/tutorial.py
[2022-05-17 07:06:26,417] {logging_mixin.py:109} INFO - [2022-05-17 07:06:26,417] {dag.py:2398} INFO - Sync 1 DAGs
[2022-05-17 07:06:26,437] {logging_mixin.py:109} INFO - [2022-05-17 07:06:26,437] {dag.py:2937} INFO - Setting next_dagrun for tutorial to 2022-05-16T07:06:26.437064+00:00
[2022-05-17 07:06:26,450] {processor.py:171} INFO - Processing /home/airflow/.local/lib/python3.7/site-packages/airflow/example_dags/tutorial.py took 0.078 seconds
[2022-05-17 07:06:57,191] {processor.py:163} INFO - Started process (PID=11670) to work on /home/airflow/.local/lib/python3.7/site-packages/airflow/example_dags/tutorial.py
[2022-05-17 07:06:57,193] {processor.py:642} INFO - Processing file /home/airflow/.local/lib/python3.7/site-packages/airflow/example_dags/tutorial.py for tasks to queue
[2022-05-17 07:06:57,195] {logging_mixin.py:109} INFO - [2022-05-17 07:06:57,195] {dagbag.py:500} INFO - Filling up the DagBag from /home/airflow/.local/lib/python3.7/site-packages/airflow/example_dags/tutorial.py
[2022-05-17 07:06:57,229] {processor.py:652} INFO - DAG(s) dict_keys(['tutorial']) retrieved from /home/airflow/.local/lib/python3.7/site-packages/airflow/example_dags/tutorial.py
[2022-05-17 07:06:57,275] {logging_mixin.py:109} INFO - [2022-05-17 07:06:57,275] {dag.py:2398} INFO - Sync 1 DAGs
[2022-05-17 07:06:57,320] {logging_mixin.py:109} INFO - [2022-05-17 07:06:57,320] {dag.py:2937} INFO - Setting next_dagrun for tutorial to 2022-05-16T07:06:57.319052+00:00
[2022-05-17 07:06:57,352] {processor.py:171} INFO - Processing /home/airflow/.local/lib/python3.7/site-packages/airflow/example_dags/tutorial.py took 0.165 seconds
[2022-05-17 07:07:27,506] {processor.py:163} INFO - Started process (PID=11733) to work on /home/airflow/.local/lib/python3.7/site-packages/airflow/example_dags/tutorial.py
[2022-05-17 07:07:27,508] {processor.py:642} INFO - Processing file /home/airflow/.local/lib/python3.7/site-packages/airflow/example_dags/tutorial.py for tasks to queue
[2022-05-17 07:07:27,508] {logging_mixin.py:109} INFO - [2022-05-17 07:07:27,508] {dagbag.py:500} INFO - Filling up the DagBag from /home/airflow/.local/lib/python3.7/site-packages/airflow/example_dags/tutorial.py
[2022-05-17 07:07:27,528] {processor.py:652} INFO - DAG(s) dict_keys(['tutorial']) retrieved from /home/airflow/.local/lib/python3.7/site-packages/airflow/example_dags/tutorial.py
[2022-05-17 07:07:27,556] {logging_mixin.py:109} INFO - [2022-05-17 07:07:27,556] {dag.py:2398} INFO - Sync 1 DAGs
[2022-05-17 07:07:27,577] {logging_mixin.py:109} INFO - [2022-05-17 07:07:27,577] {dag.py:2937} INFO - Setting next_dagrun for tutorial to 2022-05-16T07:07:27.577334+00:00
[2022-05-17 07:07:27,594] {processor.py:171} INFO - Processing /home/airflow/.local/lib/python3.7/site-packages/airflow/example_dags/tutorial.py took 0.093 seconds
[2022-05-17 07:07:58,066] {processor.py:163} INFO - Started process (PID=11797) to work on /home/airflow/.local/lib/python3.7/site-packages/airflow/example_dags/tutorial.py
[2022-05-17 07:07:58,069] {processor.py:642} INFO - Processing file /home/airflow/.local/lib/python3.7/site-packages/airflow/example_dags/tutorial.py for tasks to queue
[2022-05-17 07:07:58,070] {logging_mixin.py:109} INFO - [2022-05-17 07:07:58,070] {dagbag.py:500} INFO - Filling up the DagBag from /home/airflow/.local/lib/python3.7/site-packages/airflow/example_dags/tutorial.py
[2022-05-17 07:07:58,102] {processor.py:652} INFO - DAG(s) dict_keys(['tutorial']) retrieved from /home/airflow/.local/lib/python3.7/site-packages/airflow/example_dags/tutorial.py
[2022-05-17 07:07:58,140] {logging_mixin.py:109} INFO - [2022-05-17 07:07:58,140] {dag.py:2398} INFO - Sync 1 DAGs
[2022-05-17 07:07:58,180] {logging_mixin.py:109} INFO - [2022-05-17 07:07:58,180] {dag.py:2937} INFO - Setting next_dagrun for tutorial to 2022-05-16T07:07:58.179452+00:00
[2022-05-17 07:07:58,201] {processor.py:171} INFO - Processing /home/airflow/.local/lib/python3.7/site-packages/airflow/example_dags/tutorial.py took 0.142 seconds
[2022-05-17 07:08:29,236] {processor.py:163} INFO - Started process (PID=11868) to work on /home/airflow/.local/lib/python3.7/site-packages/airflow/example_dags/tutorial.py
[2022-05-17 07:08:29,238] {processor.py:642} INFO - Processing file /home/airflow/.local/lib/python3.7/site-packages/airflow/example_dags/tutorial.py for tasks to queue
[2022-05-17 07:08:29,240] {logging_mixin.py:109} INFO - [2022-05-17 07:08:29,239] {dagbag.py:500} INFO - Filling up the DagBag from /home/airflow/.local/lib/python3.7/site-packages/airflow/example_dags/tutorial.py
[2022-05-17 07:08:29,271] {processor.py:652} INFO - DAG(s) dict_keys(['tutorial']) retrieved from /home/airflow/.local/lib/python3.7/site-packages/airflow/example_dags/tutorial.py
[2022-05-17 07:08:29,308] {logging_mixin.py:109} INFO - [2022-05-17 07:08:29,308] {dag.py:2398} INFO - Sync 1 DAGs
[2022-05-17 07:08:29,339] {logging_mixin.py:109} INFO - [2022-05-17 07:08:29,339] {dag.py:2937} INFO - Setting next_dagrun for tutorial to 2022-05-16T07:08:29.338664+00:00
[2022-05-17 07:08:29,363] {processor.py:171} INFO - Processing /home/airflow/.local/lib/python3.7/site-packages/airflow/example_dags/tutorial.py took 0.132 seconds
[2022-05-17 07:09:00,243] {processor.py:163} INFO - Started process (PID=11931) to work on /home/airflow/.local/lib/python3.7/site-packages/airflow/example_dags/tutorial.py
[2022-05-17 07:09:00,244] {processor.py:642} INFO - Processing file /home/airflow/.local/lib/python3.7/site-packages/airflow/example_dags/tutorial.py for tasks to queue
[2022-05-17 07:09:00,245] {logging_mixin.py:109} INFO - [2022-05-17 07:09:00,245] {dagbag.py:500} INFO - Filling up the DagBag from /home/airflow/.local/lib/python3.7/site-packages/airflow/example_dags/tutorial.py
[2022-05-17 07:09:00,271] {processor.py:652} INFO - DAG(s) dict_keys(['tutorial']) retrieved from /home/airflow/.local/lib/python3.7/site-packages/airflow/example_dags/tutorial.py
[2022-05-17 07:09:00,308] {logging_mixin.py:109} INFO - [2022-05-17 07:09:00,308] {dag.py:2398} INFO - Sync 1 DAGs
[2022-05-17 07:09:00,338] {logging_mixin.py:109} INFO - [2022-05-17 07:09:00,338] {dag.py:2937} INFO - Setting next_dagrun for tutorial to 2022-05-16T07:09:00.338112+00:00
[2022-05-17 07:09:00,358] {processor.py:171} INFO - Processing /home/airflow/.local/lib/python3.7/site-packages/airflow/example_dags/tutorial.py took 0.122 seconds
[2022-05-17 07:09:30,777] {processor.py:163} INFO - Started process (PID=11994) to work on /home/airflow/.local/lib/python3.7/site-packages/airflow/example_dags/tutorial.py
[2022-05-17 07:09:30,780] {processor.py:642} INFO - Processing file /home/airflow/.local/lib/python3.7/site-packages/airflow/example_dags/tutorial.py for tasks to queue
[2022-05-17 07:09:30,781] {logging_mixin.py:109} INFO - [2022-05-17 07:09:30,780] {dagbag.py:500} INFO - Filling up the DagBag from /home/airflow/.local/lib/python3.7/site-packages/airflow/example_dags/tutorial.py
[2022-05-17 07:09:30,800] {processor.py:652} INFO - DAG(s) dict_keys(['tutorial']) retrieved from /home/airflow/.local/lib/python3.7/site-packages/airflow/example_dags/tutorial.py
[2022-05-17 07:09:30,828] {logging_mixin.py:109} INFO - [2022-05-17 07:09:30,828] {dag.py:2398} INFO - Sync 1 DAGs
[2022-05-17 07:09:30,851] {logging_mixin.py:109} INFO - [2022-05-17 07:09:30,851] {dag.py:2937} INFO - Setting next_dagrun for tutorial to 2022-05-16T07:09:30.850962+00:00
[2022-05-17 07:09:30,872] {processor.py:171} INFO - Processing /home/airflow/.local/lib/python3.7/site-packages/airflow/example_dags/tutorial.py took 0.099 seconds
[2022-05-17 07:10:01,856] {processor.py:163} INFO - Started process (PID=12067) to work on /home/airflow/.local/lib/python3.7/site-packages/airflow/example_dags/tutorial.py
[2022-05-17 07:10:01,859] {processor.py:642} INFO - Processing file /home/airflow/.local/lib/python3.7/site-packages/airflow/example_dags/tutorial.py for tasks to queue
[2022-05-17 07:10:01,860] {logging_mixin.py:109} INFO - [2022-05-17 07:10:01,860] {dagbag.py:500} INFO - Filling up the DagBag from /home/airflow/.local/lib/python3.7/site-packages/airflow/example_dags/tutorial.py
[2022-05-17 07:10:01,891] {processor.py:652} INFO - DAG(s) dict_keys(['tutorial']) retrieved from /home/airflow/.local/lib/python3.7/site-packages/airflow/example_dags/tutorial.py
[2022-05-17 07:10:01,926] {logging_mixin.py:109} INFO - [2022-05-17 07:10:01,925] {dag.py:2398} INFO - Sync 1 DAGs
[2022-05-17 07:10:01,953] {logging_mixin.py:109} INFO - [2022-05-17 07:10:01,953] {dag.py:2937} INFO - Setting next_dagrun for tutorial to 2022-05-16T07:10:01.953055+00:00
[2022-05-17 07:10:01,976] {processor.py:171} INFO - Processing /home/airflow/.local/lib/python3.7/site-packages/airflow/example_dags/tutorial.py took 0.124 seconds
[2022-05-17 07:10:32,765] {processor.py:163} INFO - Started process (PID=12131) to work on /home/airflow/.local/lib/python3.7/site-packages/airflow/example_dags/tutorial.py
[2022-05-17 07:10:32,767] {processor.py:642} INFO - Processing file /home/airflow/.local/lib/python3.7/site-packages/airflow/example_dags/tutorial.py for tasks to queue
[2022-05-17 07:10:32,769] {logging_mixin.py:109} INFO - [2022-05-17 07:10:32,769] {dagbag.py:500} INFO - Filling up the DagBag from /home/airflow/.local/lib/python3.7/site-packages/airflow/example_dags/tutorial.py
[2022-05-17 07:10:32,795] {processor.py:652} INFO - DAG(s) dict_keys(['tutorial']) retrieved from /home/airflow/.local/lib/python3.7/site-packages/airflow/example_dags/tutorial.py
[2022-05-17 07:10:32,845] {logging_mixin.py:109} INFO - [2022-05-17 07:10:32,845] {dag.py:2398} INFO - Sync 1 DAGs
[2022-05-17 07:10:32,870] {logging_mixin.py:109} INFO - [2022-05-17 07:10:32,870] {dag.py:2937} INFO - Setting next_dagrun for tutorial to 2022-05-16T07:10:32.869859+00:00
[2022-05-17 07:10:32,905] {processor.py:171} INFO - Processing /home/airflow/.local/lib/python3.7/site-packages/airflow/example_dags/tutorial.py took 0.145 seconds
[2022-05-17 07:11:04,043] {processor.py:163} INFO - Started process (PID=12196) to work on /home/airflow/.local/lib/python3.7/site-packages/airflow/example_dags/tutorial.py
[2022-05-17 07:11:04,045] {processor.py:642} INFO - Processing file /home/airflow/.local/lib/python3.7/site-packages/airflow/example_dags/tutorial.py for tasks to queue
[2022-05-17 07:11:04,046] {logging_mixin.py:109} INFO - [2022-05-17 07:11:04,046] {dagbag.py:500} INFO - Filling up the DagBag from /home/airflow/.local/lib/python3.7/site-packages/airflow/example_dags/tutorial.py
[2022-05-17 07:11:04,077] {processor.py:652} INFO - DAG(s) dict_keys(['tutorial']) retrieved from /home/airflow/.local/lib/python3.7/site-packages/airflow/example_dags/tutorial.py
[2022-05-17 07:11:04,110] {logging_mixin.py:109} INFO - [2022-05-17 07:11:04,110] {dag.py:2398} INFO - Sync 1 DAGs
[2022-05-17 07:11:04,140] {logging_mixin.py:109} INFO - [2022-05-17 07:11:04,140] {dag.py:2937} INFO - Setting next_dagrun for tutorial to 2022-05-16T07:11:04.140497+00:00
[2022-05-17 07:11:04,162] {processor.py:171} INFO - Processing /home/airflow/.local/lib/python3.7/site-packages/airflow/example_dags/tutorial.py took 0.125 seconds
[2022-05-17 07:11:35,239] {processor.py:163} INFO - Started process (PID=12271) to work on /home/airflow/.local/lib/python3.7/site-packages/airflow/example_dags/tutorial.py
[2022-05-17 07:11:35,242] {processor.py:642} INFO - Processing file /home/airflow/.local/lib/python3.7/site-packages/airflow/example_dags/tutorial.py for tasks to queue
[2022-05-17 07:11:35,243] {logging_mixin.py:109} INFO - [2022-05-17 07:11:35,243] {dagbag.py:500} INFO - Filling up the DagBag from /home/airflow/.local/lib/python3.7/site-packages/airflow/example_dags/tutorial.py
[2022-05-17 07:11:35,276] {processor.py:652} INFO - DAG(s) dict_keys(['tutorial']) retrieved from /home/airflow/.local/lib/python3.7/site-packages/airflow/example_dags/tutorial.py
[2022-05-17 07:11:35,315] {logging_mixin.py:109} INFO - [2022-05-17 07:11:35,315] {dag.py:2398} INFO - Sync 1 DAGs
[2022-05-17 07:11:35,347] {logging_mixin.py:109} INFO - [2022-05-17 07:11:35,347] {dag.py:2937} INFO - Setting next_dagrun for tutorial to 2022-05-16T07:11:35.346698+00:00
[2022-05-17 07:11:35,371] {processor.py:171} INFO - Processing /home/airflow/.local/lib/python3.7/site-packages/airflow/example_dags/tutorial.py took 0.138 seconds
[2022-05-17 07:12:06,226] {processor.py:163} INFO - Started process (PID=12334) to work on /home/airflow/.local/lib/python3.7/site-packages/airflow/example_dags/tutorial.py
[2022-05-17 07:12:06,228] {processor.py:642} INFO - Processing file /home/airflow/.local/lib/python3.7/site-packages/airflow/example_dags/tutorial.py for tasks to queue
[2022-05-17 07:12:06,229] {logging_mixin.py:109} INFO - [2022-05-17 07:12:06,229] {dagbag.py:500} INFO - Filling up the DagBag from /home/airflow/.local/lib/python3.7/site-packages/airflow/example_dags/tutorial.py
[2022-05-17 07:12:06,252] {processor.py:652} INFO - DAG(s) dict_keys(['tutorial']) retrieved from /home/airflow/.local/lib/python3.7/site-packages/airflow/example_dags/tutorial.py
[2022-05-17 07:12:06,285] {logging_mixin.py:109} INFO - [2022-05-17 07:12:06,285] {dag.py:2398} INFO - Sync 1 DAGs
[2022-05-17 07:12:06,308] {logging_mixin.py:109} INFO - [2022-05-17 07:12:06,308] {dag.py:2937} INFO - Setting next_dagrun for tutorial to 2022-05-16T07:12:06.308070+00:00
[2022-05-17 07:12:06,327] {processor.py:171} INFO - Processing /home/airflow/.local/lib/python3.7/site-packages/airflow/example_dags/tutorial.py took 0.109 seconds
[2022-05-17 07:12:51,033] {processor.py:163} INFO - Started process (PID=12388) to work on /home/airflow/.local/lib/python3.7/site-packages/airflow/example_dags/tutorial.py
[2022-05-17 07:12:51,035] {processor.py:642} INFO - Processing file /home/airflow/.local/lib/python3.7/site-packages/airflow/example_dags/tutorial.py for tasks to queue
[2022-05-17 07:12:51,036] {logging_mixin.py:109} INFO - [2022-05-17 07:12:51,036] {dagbag.py:500} INFO - Filling up the DagBag from /home/airflow/.local/lib/python3.7/site-packages/airflow/example_dags/tutorial.py
[2022-05-17 07:12:51,056] {processor.py:652} INFO - DAG(s) dict_keys(['tutorial']) retrieved from /home/airflow/.local/lib/python3.7/site-packages/airflow/example_dags/tutorial.py
[2022-05-17 07:12:51,084] {logging_mixin.py:109} INFO - [2022-05-17 07:12:51,084] {dag.py:2398} INFO - Sync 1 DAGs
[2022-05-17 07:12:51,108] {logging_mixin.py:109} INFO - [2022-05-17 07:12:51,108] {dag.py:2937} INFO - Setting next_dagrun for tutorial to 2022-05-16T07:12:51.107718+00:00
[2022-05-17 07:12:51,124] {processor.py:171} INFO - Processing /home/airflow/.local/lib/python3.7/site-packages/airflow/example_dags/tutorial.py took 0.096 seconds
[2022-05-17 07:13:21,848] {processor.py:163} INFO - Started process (PID=12452) to work on /home/airflow/.local/lib/python3.7/site-packages/airflow/example_dags/tutorial.py
[2022-05-17 07:13:21,849] {processor.py:642} INFO - Processing file /home/airflow/.local/lib/python3.7/site-packages/airflow/example_dags/tutorial.py for tasks to queue
[2022-05-17 07:13:21,850] {logging_mixin.py:109} INFO - [2022-05-17 07:13:21,849] {dagbag.py:500} INFO - Filling up the DagBag from /home/airflow/.local/lib/python3.7/site-packages/airflow/example_dags/tutorial.py
[2022-05-17 07:13:21,863] {processor.py:652} INFO - DAG(s) dict_keys(['tutorial']) retrieved from /home/airflow/.local/lib/python3.7/site-packages/airflow/example_dags/tutorial.py
[2022-05-17 07:13:21,883] {logging_mixin.py:109} INFO - [2022-05-17 07:13:21,883] {dag.py:2398} INFO - Sync 1 DAGs
[2022-05-17 07:13:21,898] {logging_mixin.py:109} INFO - [2022-05-17 07:13:21,898] {dag.py:2937} INFO - Setting next_dagrun for tutorial to 2022-05-16T07:13:21.898588+00:00
[2022-05-17 07:13:21,914] {processor.py:171} INFO - Processing /home/airflow/.local/lib/python3.7/site-packages/airflow/example_dags/tutorial.py took 0.069 seconds
[2022-05-17 07:13:52,949] {processor.py:163} INFO - Started process (PID=12529) to work on /home/airflow/.local/lib/python3.7/site-packages/airflow/example_dags/tutorial.py
[2022-05-17 07:13:52,951] {processor.py:642} INFO - Processing file /home/airflow/.local/lib/python3.7/site-packages/airflow/example_dags/tutorial.py for tasks to queue
[2022-05-17 07:13:52,952] {logging_mixin.py:109} INFO - [2022-05-17 07:13:52,951] {dagbag.py:500} INFO - Filling up the DagBag from /home/airflow/.local/lib/python3.7/site-packages/airflow/example_dags/tutorial.py
[2022-05-17 07:13:52,964] {processor.py:652} INFO - DAG(s) dict_keys(['tutorial']) retrieved from /home/airflow/.local/lib/python3.7/site-packages/airflow/example_dags/tutorial.py
[2022-05-17 07:13:52,982] {logging_mixin.py:109} INFO - [2022-05-17 07:13:52,982] {dag.py:2398} INFO - Sync 1 DAGs
[2022-05-17 07:13:52,995] {logging_mixin.py:109} INFO - [2022-05-17 07:13:52,995] {dag.py:2937} INFO - Setting next_dagrun for tutorial to 2022-05-16T07:13:52.995405+00:00
[2022-05-17 07:13:53,008] {processor.py:171} INFO - Processing /home/airflow/.local/lib/python3.7/site-packages/airflow/example_dags/tutorial.py took 0.062 seconds
[2022-05-17 07:14:23,268] {processor.py:163} INFO - Started process (PID=12593) to work on /home/airflow/.local/lib/python3.7/site-packages/airflow/example_dags/tutorial.py
[2022-05-17 07:14:23,269] {processor.py:642} INFO - Processing file /home/airflow/.local/lib/python3.7/site-packages/airflow/example_dags/tutorial.py for tasks to queue
[2022-05-17 07:14:23,270] {logging_mixin.py:109} INFO - [2022-05-17 07:14:23,270] {dagbag.py:500} INFO - Filling up the DagBag from /home/airflow/.local/lib/python3.7/site-packages/airflow/example_dags/tutorial.py
[2022-05-17 07:14:23,282] {processor.py:652} INFO - DAG(s) dict_keys(['tutorial']) retrieved from /home/airflow/.local/lib/python3.7/site-packages/airflow/example_dags/tutorial.py
[2022-05-17 07:14:23,302] {logging_mixin.py:109} INFO - [2022-05-17 07:14:23,301] {dag.py:2398} INFO - Sync 1 DAGs
[2022-05-17 07:14:23,315] {logging_mixin.py:109} INFO - [2022-05-17 07:14:23,315] {dag.py:2937} INFO - Setting next_dagrun for tutorial to 2022-05-16T07:14:23.315606+00:00
[2022-05-17 07:14:23,328] {processor.py:171} INFO - Processing /home/airflow/.local/lib/python3.7/site-packages/airflow/example_dags/tutorial.py took 0.064 seconds
[2022-05-17 07:14:54,195] {processor.py:163} INFO - Started process (PID=12666) to work on /home/airflow/.local/lib/python3.7/site-packages/airflow/example_dags/tutorial.py
[2022-05-17 07:14:54,198] {processor.py:642} INFO - Processing file /home/airflow/.local/lib/python3.7/site-packages/airflow/example_dags/tutorial.py for tasks to queue
[2022-05-17 07:14:54,199] {logging_mixin.py:109} INFO - [2022-05-17 07:14:54,199] {dagbag.py:500} INFO - Filling up the DagBag from /home/airflow/.local/lib/python3.7/site-packages/airflow/example_dags/tutorial.py
[2022-05-17 07:14:54,212] {processor.py:652} INFO - DAG(s) dict_keys(['tutorial']) retrieved from /home/airflow/.local/lib/python3.7/site-packages/airflow/example_dags/tutorial.py
[2022-05-17 07:14:54,229] {logging_mixin.py:109} INFO - [2022-05-17 07:14:54,229] {dag.py:2398} INFO - Sync 1 DAGs
[2022-05-17 07:14:54,245] {logging_mixin.py:109} INFO - [2022-05-17 07:14:54,245] {dag.py:2937} INFO - Setting next_dagrun for tutorial to 2022-05-16T07:14:54.245263+00:00
[2022-05-17 07:14:54,261] {processor.py:171} INFO - Processing /home/airflow/.local/lib/python3.7/site-packages/airflow/example_dags/tutorial.py took 0.068 seconds
[2022-05-17 07:15:24,903] {processor.py:163} INFO - Started process (PID=12730) to work on /home/airflow/.local/lib/python3.7/site-packages/airflow/example_dags/tutorial.py
[2022-05-17 07:15:24,904] {processor.py:642} INFO - Processing file /home/airflow/.local/lib/python3.7/site-packages/airflow/example_dags/tutorial.py for tasks to queue
[2022-05-17 07:15:24,905] {logging_mixin.py:109} INFO - [2022-05-17 07:15:24,904] {dagbag.py:500} INFO - Filling up the DagBag from /home/airflow/.local/lib/python3.7/site-packages/airflow/example_dags/tutorial.py
[2022-05-17 07:15:24,916] {processor.py:652} INFO - DAG(s) dict_keys(['tutorial']) retrieved from /home/airflow/.local/lib/python3.7/site-packages/airflow/example_dags/tutorial.py
[2022-05-17 07:15:24,933] {logging_mixin.py:109} INFO - [2022-05-17 07:15:24,933] {dag.py:2398} INFO - Sync 1 DAGs
[2022-05-17 07:15:24,948] {logging_mixin.py:109} INFO - [2022-05-17 07:15:24,947] {dag.py:2937} INFO - Setting next_dagrun for tutorial to 2022-05-16T07:15:24.947740+00:00
[2022-05-17 07:15:24,959] {processor.py:171} INFO - Processing /home/airflow/.local/lib/python3.7/site-packages/airflow/example_dags/tutorial.py took 0.060 seconds
