[2022-04-27 07:25:10,530] {taskinstance.py:1043} INFO - Dependencies all met for <TaskInstance: example_bash_operator.run_after_loop scheduled__2022-04-26T00:00:00+00:00 [queued]>
[2022-04-27 07:25:10,562] {taskinstance.py:1043} INFO - Dependencies all met for <TaskInstance: example_bash_operator.run_after_loop scheduled__2022-04-26T00:00:00+00:00 [queued]>
[2022-04-27 07:25:10,562] {taskinstance.py:1249} INFO - 
--------------------------------------------------------------------------------
[2022-04-27 07:25:10,563] {taskinstance.py:1250} INFO - Starting attempt 1 of 1
[2022-04-27 07:25:10,563] {taskinstance.py:1251} INFO - 
--------------------------------------------------------------------------------
[2022-04-27 07:25:10,605] {taskinstance.py:1270} INFO - Executing <Task(BashOperator): run_after_loop> on 2022-04-26 00:00:00+00:00
[2022-04-27 07:25:11,098] {standard_task_runner.py:52} INFO - Started process 6745 to run task
[2022-04-27 07:25:11,131] {standard_task_runner.py:79} INFO - Running: ['***', 'tasks', 'run', 'example_bash_operator', 'run_after_loop', 'scheduled__2022-04-26T00:00:00+00:00', '--job-id', '20', '--raw', '--subdir', '/home/***/.local/lib/python3.7/site-packages/***/example_dags/example_bash_operator.py', '--cfg-path', '/tmp/tmpumckzc4i', '--error-file', '/tmp/tmpqtgz05uw']
[2022-04-27 07:25:11,146] {standard_task_runner.py:80} INFO - Job 20: Subtask run_after_loop
[2022-04-27 07:25:11,363] {logging_mixin.py:109} INFO - Running <TaskInstance: example_bash_operator.run_after_loop scheduled__2022-04-26T00:00:00+00:00 [running]> on host c6f211ee236a
[2022-04-27 07:25:11,580] {taskinstance.py:1448} INFO - Exporting the following env vars:
AIRFLOW_CTX_DAG_OWNER=***
AIRFLOW_CTX_DAG_ID=example_bash_operator
AIRFLOW_CTX_TASK_ID=run_after_loop
AIRFLOW_CTX_EXECUTION_DATE=2022-04-26T00:00:00+00:00
AIRFLOW_CTX_DAG_RUN_ID=scheduled__2022-04-26T00:00:00+00:00
[2022-04-27 07:25:11,586] {subprocess.py:62} INFO - Tmp dir root location: 
 /tmp
[2022-04-27 07:25:11,588] {subprocess.py:74} INFO - Running command: ['bash', '-c', 'echo 1']
[2022-04-27 07:25:11,690] {subprocess.py:85} INFO - Output:
[2022-04-27 07:25:11,716] {subprocess.py:89} INFO - 1
[2022-04-27 07:25:11,717] {subprocess.py:93} INFO - Command exited with return code 0
[2022-04-27 07:25:11,865] {taskinstance.py:1288} INFO - Marking task as SUCCESS. dag_id=example_bash_operator, task_id=run_after_loop, execution_date=20220426T000000, start_date=20220427T072510, end_date=20220427T072511
[2022-04-27 07:25:12,002] {local_task_job.py:154} INFO - Task exited with return code 0
[2022-04-27 07:25:12,144] {local_task_job.py:264} INFO - 0 downstream tasks scheduled from follow-on schedule check
