[2022-05-11 06:56:02,452] {processor.py:163} INFO - Started process (PID=28867) to work on /home/airflow/.local/lib/python3.7/site-packages/airflow/example_dags/example_bash_operator.py
[2022-05-11 06:56:02,462] {processor.py:642} INFO - Processing file /home/airflow/.local/lib/python3.7/site-packages/airflow/example_dags/example_bash_operator.py for tasks to queue
[2022-05-11 06:56:02,467] {logging_mixin.py:109} INFO - [2022-05-11 06:56:02,466] {dagbag.py:500} INFO - Filling up the DagBag from /home/airflow/.local/lib/python3.7/site-packages/airflow/example_dags/example_bash_operator.py
[2022-05-11 06:56:02,521] {processor.py:652} INFO - DAG(s) dict_keys(['example_bash_operator']) retrieved from /home/airflow/.local/lib/python3.7/site-packages/airflow/example_dags/example_bash_operator.py
[2022-05-11 06:56:02,592] {logging_mixin.py:109} INFO - [2022-05-11 06:56:02,592] {dag.py:2398} INFO - Sync 1 DAGs
[2022-05-11 06:56:02,631] {logging_mixin.py:109} INFO - [2022-05-11 06:56:02,631] {dag.py:2937} INFO - Setting next_dagrun for example_bash_operator to 2022-05-10 00:00:00+00:00
[2022-05-11 06:56:02,682] {processor.py:171} INFO - Processing /home/airflow/.local/lib/python3.7/site-packages/airflow/example_dags/example_bash_operator.py took 0.234 seconds
[2022-05-11 06:56:33,281] {processor.py:163} INFO - Started process (PID=28941) to work on /home/airflow/.local/lib/python3.7/site-packages/airflow/example_dags/example_bash_operator.py
[2022-05-11 06:56:33,283] {processor.py:642} INFO - Processing file /home/airflow/.local/lib/python3.7/site-packages/airflow/example_dags/example_bash_operator.py for tasks to queue
[2022-05-11 06:56:33,284] {logging_mixin.py:109} INFO - [2022-05-11 06:56:33,284] {dagbag.py:500} INFO - Filling up the DagBag from /home/airflow/.local/lib/python3.7/site-packages/airflow/example_dags/example_bash_operator.py
[2022-05-11 06:56:33,305] {processor.py:652} INFO - DAG(s) dict_keys(['example_bash_operator']) retrieved from /home/airflow/.local/lib/python3.7/site-packages/airflow/example_dags/example_bash_operator.py
[2022-05-11 06:56:33,332] {logging_mixin.py:109} INFO - [2022-05-11 06:56:33,331] {dag.py:2398} INFO - Sync 1 DAGs
[2022-05-11 06:56:33,350] {logging_mixin.py:109} INFO - [2022-05-11 06:56:33,349] {dag.py:2937} INFO - Setting next_dagrun for example_bash_operator to 2022-05-10 00:00:00+00:00
[2022-05-11 06:56:33,364] {processor.py:171} INFO - Processing /home/airflow/.local/lib/python3.7/site-packages/airflow/example_dags/example_bash_operator.py took 0.086 seconds
[2022-05-11 06:57:04,409] {processor.py:163} INFO - Started process (PID=29003) to work on /home/airflow/.local/lib/python3.7/site-packages/airflow/example_dags/example_bash_operator.py
[2022-05-11 06:57:04,411] {processor.py:642} INFO - Processing file /home/airflow/.local/lib/python3.7/site-packages/airflow/example_dags/example_bash_operator.py for tasks to queue
[2022-05-11 06:57:04,411] {logging_mixin.py:109} INFO - [2022-05-11 06:57:04,411] {dagbag.py:500} INFO - Filling up the DagBag from /home/airflow/.local/lib/python3.7/site-packages/airflow/example_dags/example_bash_operator.py
[2022-05-11 06:57:04,432] {processor.py:652} INFO - DAG(s) dict_keys(['example_bash_operator']) retrieved from /home/airflow/.local/lib/python3.7/site-packages/airflow/example_dags/example_bash_operator.py
[2022-05-11 06:57:04,459] {logging_mixin.py:109} INFO - [2022-05-11 06:57:04,458] {dag.py:2398} INFO - Sync 1 DAGs
[2022-05-11 06:57:04,478] {logging_mixin.py:109} INFO - [2022-05-11 06:57:04,478] {dag.py:2937} INFO - Setting next_dagrun for example_bash_operator to 2022-05-10 00:00:00+00:00
[2022-05-11 06:57:04,494] {processor.py:171} INFO - Processing /home/airflow/.local/lib/python3.7/site-packages/airflow/example_dags/example_bash_operator.py took 0.088 seconds
[2022-05-11 06:57:34,896] {processor.py:163} INFO - Started process (PID=29076) to work on /home/airflow/.local/lib/python3.7/site-packages/airflow/example_dags/example_bash_operator.py
[2022-05-11 06:57:34,897] {processor.py:642} INFO - Processing file /home/airflow/.local/lib/python3.7/site-packages/airflow/example_dags/example_bash_operator.py for tasks to queue
[2022-05-11 06:57:34,899] {logging_mixin.py:109} INFO - [2022-05-11 06:57:34,899] {dagbag.py:500} INFO - Filling up the DagBag from /home/airflow/.local/lib/python3.7/site-packages/airflow/example_dags/example_bash_operator.py
[2022-05-11 06:57:34,924] {processor.py:652} INFO - DAG(s) dict_keys(['example_bash_operator']) retrieved from /home/airflow/.local/lib/python3.7/site-packages/airflow/example_dags/example_bash_operator.py
[2022-05-11 06:57:34,947] {logging_mixin.py:109} INFO - [2022-05-11 06:57:34,947] {dag.py:2398} INFO - Sync 1 DAGs
[2022-05-11 06:57:34,963] {logging_mixin.py:109} INFO - [2022-05-11 06:57:34,963] {dag.py:2937} INFO - Setting next_dagrun for example_bash_operator to 2022-05-10 00:00:00+00:00
[2022-05-11 06:57:34,977] {processor.py:171} INFO - Processing /home/airflow/.local/lib/python3.7/site-packages/airflow/example_dags/example_bash_operator.py took 0.085 seconds
[2022-05-11 06:58:05,253] {processor.py:163} INFO - Started process (PID=29140) to work on /home/airflow/.local/lib/python3.7/site-packages/airflow/example_dags/example_bash_operator.py
[2022-05-11 06:58:05,255] {processor.py:642} INFO - Processing file /home/airflow/.local/lib/python3.7/site-packages/airflow/example_dags/example_bash_operator.py for tasks to queue
[2022-05-11 06:58:05,256] {logging_mixin.py:109} INFO - [2022-05-11 06:58:05,256] {dagbag.py:500} INFO - Filling up the DagBag from /home/airflow/.local/lib/python3.7/site-packages/airflow/example_dags/example_bash_operator.py
[2022-05-11 06:58:05,273] {processor.py:652} INFO - DAG(s) dict_keys(['example_bash_operator']) retrieved from /home/airflow/.local/lib/python3.7/site-packages/airflow/example_dags/example_bash_operator.py
[2022-05-11 06:58:05,292] {logging_mixin.py:109} INFO - [2022-05-11 06:58:05,292] {dag.py:2398} INFO - Sync 1 DAGs
[2022-05-11 06:58:05,306] {logging_mixin.py:109} INFO - [2022-05-11 06:58:05,306] {dag.py:2937} INFO - Setting next_dagrun for example_bash_operator to 2022-05-10 00:00:00+00:00
[2022-05-11 06:58:05,319] {processor.py:171} INFO - Processing /home/airflow/.local/lib/python3.7/site-packages/airflow/example_dags/example_bash_operator.py took 0.070 seconds
[2022-05-11 06:58:35,797] {processor.py:163} INFO - Started process (PID=29213) to work on /home/airflow/.local/lib/python3.7/site-packages/airflow/example_dags/example_bash_operator.py
[2022-05-11 06:58:35,798] {processor.py:642} INFO - Processing file /home/airflow/.local/lib/python3.7/site-packages/airflow/example_dags/example_bash_operator.py for tasks to queue
[2022-05-11 06:58:35,799] {logging_mixin.py:109} INFO - [2022-05-11 06:58:35,799] {dagbag.py:500} INFO - Filling up the DagBag from /home/airflow/.local/lib/python3.7/site-packages/airflow/example_dags/example_bash_operator.py
[2022-05-11 06:58:35,816] {processor.py:652} INFO - DAG(s) dict_keys(['example_bash_operator']) retrieved from /home/airflow/.local/lib/python3.7/site-packages/airflow/example_dags/example_bash_operator.py
[2022-05-11 06:58:35,837] {logging_mixin.py:109} INFO - [2022-05-11 06:58:35,837] {dag.py:2398} INFO - Sync 1 DAGs
[2022-05-11 06:58:35,851] {logging_mixin.py:109} INFO - [2022-05-11 06:58:35,851] {dag.py:2937} INFO - Setting next_dagrun for example_bash_operator to 2022-05-10 00:00:00+00:00
[2022-05-11 06:58:35,865] {processor.py:171} INFO - Processing /home/airflow/.local/lib/python3.7/site-packages/airflow/example_dags/example_bash_operator.py took 0.072 seconds
[2022-05-11 06:59:06,211] {processor.py:163} INFO - Started process (PID=29275) to work on /home/airflow/.local/lib/python3.7/site-packages/airflow/example_dags/example_bash_operator.py
[2022-05-11 06:59:06,213] {processor.py:642} INFO - Processing file /home/airflow/.local/lib/python3.7/site-packages/airflow/example_dags/example_bash_operator.py for tasks to queue
[2022-05-11 06:59:06,214] {logging_mixin.py:109} INFO - [2022-05-11 06:59:06,214] {dagbag.py:500} INFO - Filling up the DagBag from /home/airflow/.local/lib/python3.7/site-packages/airflow/example_dags/example_bash_operator.py
[2022-05-11 06:59:06,239] {processor.py:652} INFO - DAG(s) dict_keys(['example_bash_operator']) retrieved from /home/airflow/.local/lib/python3.7/site-packages/airflow/example_dags/example_bash_operator.py
[2022-05-11 06:59:06,263] {logging_mixin.py:109} INFO - [2022-05-11 06:59:06,263] {dag.py:2398} INFO - Sync 1 DAGs
[2022-05-11 06:59:06,278] {logging_mixin.py:109} INFO - [2022-05-11 06:59:06,278] {dag.py:2937} INFO - Setting next_dagrun for example_bash_operator to 2022-05-10 00:00:00+00:00
[2022-05-11 06:59:06,294] {processor.py:171} INFO - Processing /home/airflow/.local/lib/python3.7/site-packages/airflow/example_dags/example_bash_operator.py took 0.087 seconds
[2022-05-11 06:59:36,905] {processor.py:163} INFO - Started process (PID=29348) to work on /home/airflow/.local/lib/python3.7/site-packages/airflow/example_dags/example_bash_operator.py
[2022-05-11 06:59:36,907] {processor.py:642} INFO - Processing file /home/airflow/.local/lib/python3.7/site-packages/airflow/example_dags/example_bash_operator.py for tasks to queue
[2022-05-11 06:59:36,908] {logging_mixin.py:109} INFO - [2022-05-11 06:59:36,907] {dagbag.py:500} INFO - Filling up the DagBag from /home/airflow/.local/lib/python3.7/site-packages/airflow/example_dags/example_bash_operator.py
[2022-05-11 06:59:36,925] {processor.py:652} INFO - DAG(s) dict_keys(['example_bash_operator']) retrieved from /home/airflow/.local/lib/python3.7/site-packages/airflow/example_dags/example_bash_operator.py
[2022-05-11 06:59:36,946] {logging_mixin.py:109} INFO - [2022-05-11 06:59:36,946] {dag.py:2398} INFO - Sync 1 DAGs
[2022-05-11 06:59:36,963] {logging_mixin.py:109} INFO - [2022-05-11 06:59:36,962] {dag.py:2937} INFO - Setting next_dagrun for example_bash_operator to 2022-05-10 00:00:00+00:00
[2022-05-11 06:59:36,976] {processor.py:171} INFO - Processing /home/airflow/.local/lib/python3.7/site-packages/airflow/example_dags/example_bash_operator.py took 0.074 seconds
[2022-05-11 07:00:07,750] {processor.py:163} INFO - Started process (PID=29412) to work on /home/airflow/.local/lib/python3.7/site-packages/airflow/example_dags/example_bash_operator.py
[2022-05-11 07:00:07,752] {processor.py:642} INFO - Processing file /home/airflow/.local/lib/python3.7/site-packages/airflow/example_dags/example_bash_operator.py for tasks to queue
[2022-05-11 07:00:07,753] {logging_mixin.py:109} INFO - [2022-05-11 07:00:07,753] {dagbag.py:500} INFO - Filling up the DagBag from /home/airflow/.local/lib/python3.7/site-packages/airflow/example_dags/example_bash_operator.py
[2022-05-11 07:00:07,770] {processor.py:652} INFO - DAG(s) dict_keys(['example_bash_operator']) retrieved from /home/airflow/.local/lib/python3.7/site-packages/airflow/example_dags/example_bash_operator.py
[2022-05-11 07:00:07,793] {logging_mixin.py:109} INFO - [2022-05-11 07:00:07,792] {dag.py:2398} INFO - Sync 1 DAGs
[2022-05-11 07:00:07,813] {logging_mixin.py:109} INFO - [2022-05-11 07:00:07,813] {dag.py:2937} INFO - Setting next_dagrun for example_bash_operator to 2022-05-10 00:00:00+00:00
[2022-05-11 07:00:07,828] {processor.py:171} INFO - Processing /home/airflow/.local/lib/python3.7/site-packages/airflow/example_dags/example_bash_operator.py took 0.081 seconds
[2022-05-11 07:00:38,199] {processor.py:163} INFO - Started process (PID=29486) to work on /home/airflow/.local/lib/python3.7/site-packages/airflow/example_dags/example_bash_operator.py
[2022-05-11 07:00:38,201] {processor.py:642} INFO - Processing file /home/airflow/.local/lib/python3.7/site-packages/airflow/example_dags/example_bash_operator.py for tasks to queue
[2022-05-11 07:00:38,202] {logging_mixin.py:109} INFO - [2022-05-11 07:00:38,202] {dagbag.py:500} INFO - Filling up the DagBag from /home/airflow/.local/lib/python3.7/site-packages/airflow/example_dags/example_bash_operator.py
[2022-05-11 07:00:38,220] {processor.py:652} INFO - DAG(s) dict_keys(['example_bash_operator']) retrieved from /home/airflow/.local/lib/python3.7/site-packages/airflow/example_dags/example_bash_operator.py
[2022-05-11 07:00:38,241] {logging_mixin.py:109} INFO - [2022-05-11 07:00:38,240] {dag.py:2398} INFO - Sync 1 DAGs
[2022-05-11 07:00:38,256] {logging_mixin.py:109} INFO - [2022-05-11 07:00:38,256] {dag.py:2937} INFO - Setting next_dagrun for example_bash_operator to 2022-05-10 00:00:00+00:00
[2022-05-11 07:00:38,269] {processor.py:171} INFO - Processing /home/airflow/.local/lib/python3.7/site-packages/airflow/example_dags/example_bash_operator.py took 0.074 seconds
[2022-05-11 07:01:08,657] {processor.py:163} INFO - Started process (PID=29549) to work on /home/airflow/.local/lib/python3.7/site-packages/airflow/example_dags/example_bash_operator.py
[2022-05-11 07:01:08,658] {processor.py:642} INFO - Processing file /home/airflow/.local/lib/python3.7/site-packages/airflow/example_dags/example_bash_operator.py for tasks to queue
[2022-05-11 07:01:08,660] {logging_mixin.py:109} INFO - [2022-05-11 07:01:08,659] {dagbag.py:500} INFO - Filling up the DagBag from /home/airflow/.local/lib/python3.7/site-packages/airflow/example_dags/example_bash_operator.py
[2022-05-11 07:01:08,677] {processor.py:652} INFO - DAG(s) dict_keys(['example_bash_operator']) retrieved from /home/airflow/.local/lib/python3.7/site-packages/airflow/example_dags/example_bash_operator.py
[2022-05-11 07:01:08,695] {logging_mixin.py:109} INFO - [2022-05-11 07:01:08,695] {dag.py:2398} INFO - Sync 1 DAGs
[2022-05-11 07:01:08,711] {logging_mixin.py:109} INFO - [2022-05-11 07:01:08,710] {dag.py:2937} INFO - Setting next_dagrun for example_bash_operator to 2022-05-10 00:00:00+00:00
[2022-05-11 07:01:08,723] {processor.py:171} INFO - Processing /home/airflow/.local/lib/python3.7/site-packages/airflow/example_dags/example_bash_operator.py took 0.070 seconds
[2022-05-11 07:01:38,973] {processor.py:163} INFO - Started process (PID=29621) to work on /home/airflow/.local/lib/python3.7/site-packages/airflow/example_dags/example_bash_operator.py
[2022-05-11 07:01:38,975] {processor.py:642} INFO - Processing file /home/airflow/.local/lib/python3.7/site-packages/airflow/example_dags/example_bash_operator.py for tasks to queue
[2022-05-11 07:01:38,977] {logging_mixin.py:109} INFO - [2022-05-11 07:01:38,977] {dagbag.py:500} INFO - Filling up the DagBag from /home/airflow/.local/lib/python3.7/site-packages/airflow/example_dags/example_bash_operator.py
[2022-05-11 07:01:38,993] {processor.py:652} INFO - DAG(s) dict_keys(['example_bash_operator']) retrieved from /home/airflow/.local/lib/python3.7/site-packages/airflow/example_dags/example_bash_operator.py
[2022-05-11 07:01:39,012] {logging_mixin.py:109} INFO - [2022-05-11 07:01:39,011] {dag.py:2398} INFO - Sync 1 DAGs
[2022-05-11 07:01:39,027] {logging_mixin.py:109} INFO - [2022-05-11 07:01:39,027] {dag.py:2937} INFO - Setting next_dagrun for example_bash_operator to 2022-05-10 00:00:00+00:00
[2022-05-11 07:01:39,045] {processor.py:171} INFO - Processing /home/airflow/.local/lib/python3.7/site-packages/airflow/example_dags/example_bash_operator.py took 0.075 seconds
[2022-05-11 07:02:09,552] {processor.py:163} INFO - Started process (PID=29695) to work on /home/airflow/.local/lib/python3.7/site-packages/airflow/example_dags/example_bash_operator.py
[2022-05-11 07:02:09,554] {processor.py:642} INFO - Processing file /home/airflow/.local/lib/python3.7/site-packages/airflow/example_dags/example_bash_operator.py for tasks to queue
[2022-05-11 07:02:09,555] {logging_mixin.py:109} INFO - [2022-05-11 07:02:09,555] {dagbag.py:500} INFO - Filling up the DagBag from /home/airflow/.local/lib/python3.7/site-packages/airflow/example_dags/example_bash_operator.py
[2022-05-11 07:02:09,572] {processor.py:652} INFO - DAG(s) dict_keys(['example_bash_operator']) retrieved from /home/airflow/.local/lib/python3.7/site-packages/airflow/example_dags/example_bash_operator.py
[2022-05-11 07:02:09,594] {logging_mixin.py:109} INFO - [2022-05-11 07:02:09,594] {dag.py:2398} INFO - Sync 1 DAGs
[2022-05-11 07:02:09,611] {logging_mixin.py:109} INFO - [2022-05-11 07:02:09,611] {dag.py:2937} INFO - Setting next_dagrun for example_bash_operator to 2022-05-10 00:00:00+00:00
[2022-05-11 07:02:09,624] {processor.py:171} INFO - Processing /home/airflow/.local/lib/python3.7/site-packages/airflow/example_dags/example_bash_operator.py took 0.076 seconds
[2022-05-11 07:02:40,171] {processor.py:163} INFO - Started process (PID=29759) to work on /home/airflow/.local/lib/python3.7/site-packages/airflow/example_dags/example_bash_operator.py
[2022-05-11 07:02:40,174] {processor.py:642} INFO - Processing file /home/airflow/.local/lib/python3.7/site-packages/airflow/example_dags/example_bash_operator.py for tasks to queue
[2022-05-11 07:02:40,175] {logging_mixin.py:109} INFO - [2022-05-11 07:02:40,175] {dagbag.py:500} INFO - Filling up the DagBag from /home/airflow/.local/lib/python3.7/site-packages/airflow/example_dags/example_bash_operator.py
[2022-05-11 07:02:40,192] {processor.py:652} INFO - DAG(s) dict_keys(['example_bash_operator']) retrieved from /home/airflow/.local/lib/python3.7/site-packages/airflow/example_dags/example_bash_operator.py
[2022-05-11 07:02:40,214] {logging_mixin.py:109} INFO - [2022-05-11 07:02:40,214] {dag.py:2398} INFO - Sync 1 DAGs
[2022-05-11 07:02:40,231] {logging_mixin.py:109} INFO - [2022-05-11 07:02:40,231] {dag.py:2937} INFO - Setting next_dagrun for example_bash_operator to 2022-05-10 00:00:00+00:00
[2022-05-11 07:02:40,246] {processor.py:171} INFO - Processing /home/airflow/.local/lib/python3.7/site-packages/airflow/example_dags/example_bash_operator.py took 0.078 seconds
[2022-05-11 07:03:10,685] {processor.py:163} INFO - Started process (PID=29831) to work on /home/airflow/.local/lib/python3.7/site-packages/airflow/example_dags/example_bash_operator.py
[2022-05-11 07:03:10,687] {processor.py:642} INFO - Processing file /home/airflow/.local/lib/python3.7/site-packages/airflow/example_dags/example_bash_operator.py for tasks to queue
[2022-05-11 07:03:10,688] {logging_mixin.py:109} INFO - [2022-05-11 07:03:10,688] {dagbag.py:500} INFO - Filling up the DagBag from /home/airflow/.local/lib/python3.7/site-packages/airflow/example_dags/example_bash_operator.py
[2022-05-11 07:03:10,705] {processor.py:652} INFO - DAG(s) dict_keys(['example_bash_operator']) retrieved from /home/airflow/.local/lib/python3.7/site-packages/airflow/example_dags/example_bash_operator.py
[2022-05-11 07:03:10,726] {logging_mixin.py:109} INFO - [2022-05-11 07:03:10,726] {dag.py:2398} INFO - Sync 1 DAGs
[2022-05-11 07:03:10,742] {logging_mixin.py:109} INFO - [2022-05-11 07:03:10,742] {dag.py:2937} INFO - Setting next_dagrun for example_bash_operator to 2022-05-10 00:00:00+00:00
[2022-05-11 07:03:10,757] {processor.py:171} INFO - Processing /home/airflow/.local/lib/python3.7/site-packages/airflow/example_dags/example_bash_operator.py took 0.075 seconds
[2022-05-11 07:03:41,471] {processor.py:163} INFO - Started process (PID=29893) to work on /home/airflow/.local/lib/python3.7/site-packages/airflow/example_dags/example_bash_operator.py
[2022-05-11 07:03:41,473] {processor.py:642} INFO - Processing file /home/airflow/.local/lib/python3.7/site-packages/airflow/example_dags/example_bash_operator.py for tasks to queue
[2022-05-11 07:03:41,474] {logging_mixin.py:109} INFO - [2022-05-11 07:03:41,474] {dagbag.py:500} INFO - Filling up the DagBag from /home/airflow/.local/lib/python3.7/site-packages/airflow/example_dags/example_bash_operator.py
[2022-05-11 07:03:41,489] {processor.py:652} INFO - DAG(s) dict_keys(['example_bash_operator']) retrieved from /home/airflow/.local/lib/python3.7/site-packages/airflow/example_dags/example_bash_operator.py
[2022-05-11 07:03:41,509] {logging_mixin.py:109} INFO - [2022-05-11 07:03:41,509] {dag.py:2398} INFO - Sync 1 DAGs
[2022-05-11 07:03:41,527] {logging_mixin.py:109} INFO - [2022-05-11 07:03:41,527] {dag.py:2937} INFO - Setting next_dagrun for example_bash_operator to 2022-05-10 00:00:00+00:00
[2022-05-11 07:03:41,541] {processor.py:171} INFO - Processing /home/airflow/.local/lib/python3.7/site-packages/airflow/example_dags/example_bash_operator.py took 0.074 seconds
[2022-05-11 07:04:12,094] {processor.py:163} INFO - Started process (PID=29966) to work on /home/airflow/.local/lib/python3.7/site-packages/airflow/example_dags/example_bash_operator.py
[2022-05-11 07:04:12,096] {processor.py:642} INFO - Processing file /home/airflow/.local/lib/python3.7/site-packages/airflow/example_dags/example_bash_operator.py for tasks to queue
[2022-05-11 07:04:12,097] {logging_mixin.py:109} INFO - [2022-05-11 07:04:12,097] {dagbag.py:500} INFO - Filling up the DagBag from /home/airflow/.local/lib/python3.7/site-packages/airflow/example_dags/example_bash_operator.py
[2022-05-11 07:04:12,112] {processor.py:652} INFO - DAG(s) dict_keys(['example_bash_operator']) retrieved from /home/airflow/.local/lib/python3.7/site-packages/airflow/example_dags/example_bash_operator.py
[2022-05-11 07:04:12,134] {logging_mixin.py:109} INFO - [2022-05-11 07:04:12,133] {dag.py:2398} INFO - Sync 1 DAGs
[2022-05-11 07:04:12,150] {logging_mixin.py:109} INFO - [2022-05-11 07:04:12,150] {dag.py:2937} INFO - Setting next_dagrun for example_bash_operator to 2022-05-10 00:00:00+00:00
[2022-05-11 07:04:12,165] {processor.py:171} INFO - Processing /home/airflow/.local/lib/python3.7/site-packages/airflow/example_dags/example_bash_operator.py took 0.074 seconds
[2022-05-11 07:04:42,577] {processor.py:163} INFO - Started process (PID=30029) to work on /home/airflow/.local/lib/python3.7/site-packages/airflow/example_dags/example_bash_operator.py
[2022-05-11 07:04:42,580] {processor.py:642} INFO - Processing file /home/airflow/.local/lib/python3.7/site-packages/airflow/example_dags/example_bash_operator.py for tasks to queue
[2022-05-11 07:04:42,581] {logging_mixin.py:109} INFO - [2022-05-11 07:04:42,581] {dagbag.py:500} INFO - Filling up the DagBag from /home/airflow/.local/lib/python3.7/site-packages/airflow/example_dags/example_bash_operator.py
[2022-05-11 07:04:42,602] {processor.py:652} INFO - DAG(s) dict_keys(['example_bash_operator']) retrieved from /home/airflow/.local/lib/python3.7/site-packages/airflow/example_dags/example_bash_operator.py
[2022-05-11 07:04:42,626] {logging_mixin.py:109} INFO - [2022-05-11 07:04:42,626] {dag.py:2398} INFO - Sync 1 DAGs
[2022-05-11 07:04:42,646] {logging_mixin.py:109} INFO - [2022-05-11 07:04:42,646] {dag.py:2937} INFO - Setting next_dagrun for example_bash_operator to 2022-05-10 00:00:00+00:00
[2022-05-11 07:04:42,660] {processor.py:171} INFO - Processing /home/airflow/.local/lib/python3.7/site-packages/airflow/example_dags/example_bash_operator.py took 0.086 seconds
[2022-05-11 07:05:13,102] {processor.py:163} INFO - Started process (PID=30103) to work on /home/airflow/.local/lib/python3.7/site-packages/airflow/example_dags/example_bash_operator.py
[2022-05-11 07:05:13,105] {processor.py:642} INFO - Processing file /home/airflow/.local/lib/python3.7/site-packages/airflow/example_dags/example_bash_operator.py for tasks to queue
[2022-05-11 07:05:13,106] {logging_mixin.py:109} INFO - [2022-05-11 07:05:13,106] {dagbag.py:500} INFO - Filling up the DagBag from /home/airflow/.local/lib/python3.7/site-packages/airflow/example_dags/example_bash_operator.py
[2022-05-11 07:05:13,121] {processor.py:652} INFO - DAG(s) dict_keys(['example_bash_operator']) retrieved from /home/airflow/.local/lib/python3.7/site-packages/airflow/example_dags/example_bash_operator.py
[2022-05-11 07:05:13,141] {logging_mixin.py:109} INFO - [2022-05-11 07:05:13,141] {dag.py:2398} INFO - Sync 1 DAGs
[2022-05-11 07:05:13,159] {logging_mixin.py:109} INFO - [2022-05-11 07:05:13,159] {dag.py:2937} INFO - Setting next_dagrun for example_bash_operator to 2022-05-10 00:00:00+00:00
[2022-05-11 07:05:13,172] {processor.py:171} INFO - Processing /home/airflow/.local/lib/python3.7/site-packages/airflow/example_dags/example_bash_operator.py took 0.073 seconds
[2022-05-11 07:05:43,526] {processor.py:163} INFO - Started process (PID=30167) to work on /home/airflow/.local/lib/python3.7/site-packages/airflow/example_dags/example_bash_operator.py
[2022-05-11 07:05:43,527] {processor.py:642} INFO - Processing file /home/airflow/.local/lib/python3.7/site-packages/airflow/example_dags/example_bash_operator.py for tasks to queue
[2022-05-11 07:05:43,529] {logging_mixin.py:109} INFO - [2022-05-11 07:05:43,528] {dagbag.py:500} INFO - Filling up the DagBag from /home/airflow/.local/lib/python3.7/site-packages/airflow/example_dags/example_bash_operator.py
[2022-05-11 07:05:43,550] {processor.py:652} INFO - DAG(s) dict_keys(['example_bash_operator']) retrieved from /home/airflow/.local/lib/python3.7/site-packages/airflow/example_dags/example_bash_operator.py
[2022-05-11 07:05:43,570] {logging_mixin.py:109} INFO - [2022-05-11 07:05:43,570] {dag.py:2398} INFO - Sync 1 DAGs
[2022-05-11 07:05:43,587] {logging_mixin.py:109} INFO - [2022-05-11 07:05:43,587] {dag.py:2937} INFO - Setting next_dagrun for example_bash_operator to 2022-05-10 00:00:00+00:00
[2022-05-11 07:05:43,600] {processor.py:171} INFO - Processing /home/airflow/.local/lib/python3.7/site-packages/airflow/example_dags/example_bash_operator.py took 0.078 seconds
[2022-05-11 07:06:13,923] {processor.py:163} INFO - Started process (PID=30238) to work on /home/airflow/.local/lib/python3.7/site-packages/airflow/example_dags/example_bash_operator.py
[2022-05-11 07:06:13,925] {processor.py:642} INFO - Processing file /home/airflow/.local/lib/python3.7/site-packages/airflow/example_dags/example_bash_operator.py for tasks to queue
[2022-05-11 07:06:13,926] {logging_mixin.py:109} INFO - [2022-05-11 07:06:13,926] {dagbag.py:500} INFO - Filling up the DagBag from /home/airflow/.local/lib/python3.7/site-packages/airflow/example_dags/example_bash_operator.py
[2022-05-11 07:06:13,946] {processor.py:652} INFO - DAG(s) dict_keys(['example_bash_operator']) retrieved from /home/airflow/.local/lib/python3.7/site-packages/airflow/example_dags/example_bash_operator.py
[2022-05-11 07:06:13,966] {logging_mixin.py:109} INFO - [2022-05-11 07:06:13,965] {dag.py:2398} INFO - Sync 1 DAGs
[2022-05-11 07:06:13,980] {logging_mixin.py:109} INFO - [2022-05-11 07:06:13,980] {dag.py:2937} INFO - Setting next_dagrun for example_bash_operator to 2022-05-10 00:00:00+00:00
[2022-05-11 07:06:13,994] {processor.py:171} INFO - Processing /home/airflow/.local/lib/python3.7/site-packages/airflow/example_dags/example_bash_operator.py took 0.073 seconds
[2022-05-11 07:06:44,390] {processor.py:163} INFO - Started process (PID=30309) to work on /home/airflow/.local/lib/python3.7/site-packages/airflow/example_dags/example_bash_operator.py
[2022-05-11 07:06:44,392] {processor.py:642} INFO - Processing file /home/airflow/.local/lib/python3.7/site-packages/airflow/example_dags/example_bash_operator.py for tasks to queue
[2022-05-11 07:06:44,393] {logging_mixin.py:109} INFO - [2022-05-11 07:06:44,393] {dagbag.py:500} INFO - Filling up the DagBag from /home/airflow/.local/lib/python3.7/site-packages/airflow/example_dags/example_bash_operator.py
[2022-05-11 07:06:44,412] {processor.py:652} INFO - DAG(s) dict_keys(['example_bash_operator']) retrieved from /home/airflow/.local/lib/python3.7/site-packages/airflow/example_dags/example_bash_operator.py
[2022-05-11 07:06:44,431] {logging_mixin.py:109} INFO - [2022-05-11 07:06:44,431] {dag.py:2398} INFO - Sync 1 DAGs
[2022-05-11 07:06:44,448] {logging_mixin.py:109} INFO - [2022-05-11 07:06:44,448] {dag.py:2937} INFO - Setting next_dagrun for example_bash_operator to 2022-05-10 00:00:00+00:00
[2022-05-11 07:06:44,466] {processor.py:171} INFO - Processing /home/airflow/.local/lib/python3.7/site-packages/airflow/example_dags/example_bash_operator.py took 0.079 seconds
[2022-05-11 07:07:15,040] {processor.py:163} INFO - Started process (PID=30371) to work on /home/airflow/.local/lib/python3.7/site-packages/airflow/example_dags/example_bash_operator.py
[2022-05-11 07:07:15,042] {processor.py:642} INFO - Processing file /home/airflow/.local/lib/python3.7/site-packages/airflow/example_dags/example_bash_operator.py for tasks to queue
[2022-05-11 07:07:15,044] {logging_mixin.py:109} INFO - [2022-05-11 07:07:15,043] {dagbag.py:500} INFO - Filling up the DagBag from /home/airflow/.local/lib/python3.7/site-packages/airflow/example_dags/example_bash_operator.py
[2022-05-11 07:07:15,059] {processor.py:652} INFO - DAG(s) dict_keys(['example_bash_operator']) retrieved from /home/airflow/.local/lib/python3.7/site-packages/airflow/example_dags/example_bash_operator.py
[2022-05-11 07:07:15,078] {logging_mixin.py:109} INFO - [2022-05-11 07:07:15,078] {dag.py:2398} INFO - Sync 1 DAGs
[2022-05-11 07:07:15,093] {logging_mixin.py:109} INFO - [2022-05-11 07:07:15,093] {dag.py:2937} INFO - Setting next_dagrun for example_bash_operator to 2022-05-10 00:00:00+00:00
[2022-05-11 07:07:15,106] {processor.py:171} INFO - Processing /home/airflow/.local/lib/python3.7/site-packages/airflow/example_dags/example_bash_operator.py took 0.070 seconds
[2022-05-11 07:07:45,215] {processor.py:163} INFO - Started process (PID=30444) to work on /home/airflow/.local/lib/python3.7/site-packages/airflow/example_dags/example_bash_operator.py
[2022-05-11 07:07:45,217] {processor.py:642} INFO - Processing file /home/airflow/.local/lib/python3.7/site-packages/airflow/example_dags/example_bash_operator.py for tasks to queue
[2022-05-11 07:07:45,218] {logging_mixin.py:109} INFO - [2022-05-11 07:07:45,218] {dagbag.py:500} INFO - Filling up the DagBag from /home/airflow/.local/lib/python3.7/site-packages/airflow/example_dags/example_bash_operator.py
[2022-05-11 07:07:45,239] {processor.py:652} INFO - DAG(s) dict_keys(['example_bash_operator']) retrieved from /home/airflow/.local/lib/python3.7/site-packages/airflow/example_dags/example_bash_operator.py
[2022-05-11 07:07:45,261] {logging_mixin.py:109} INFO - [2022-05-11 07:07:45,260] {dag.py:2398} INFO - Sync 1 DAGs
[2022-05-11 07:07:45,276] {logging_mixin.py:109} INFO - [2022-05-11 07:07:45,276] {dag.py:2937} INFO - Setting next_dagrun for example_bash_operator to 2022-05-10 00:00:00+00:00
[2022-05-11 07:07:45,288] {processor.py:171} INFO - Processing /home/airflow/.local/lib/python3.7/site-packages/airflow/example_dags/example_bash_operator.py took 0.078 seconds
[2022-05-11 07:08:15,559] {processor.py:163} INFO - Started process (PID=30507) to work on /home/airflow/.local/lib/python3.7/site-packages/airflow/example_dags/example_bash_operator.py
[2022-05-11 07:08:15,560] {processor.py:642} INFO - Processing file /home/airflow/.local/lib/python3.7/site-packages/airflow/example_dags/example_bash_operator.py for tasks to queue
[2022-05-11 07:08:15,561] {logging_mixin.py:109} INFO - [2022-05-11 07:08:15,561] {dagbag.py:500} INFO - Filling up the DagBag from /home/airflow/.local/lib/python3.7/site-packages/airflow/example_dags/example_bash_operator.py
[2022-05-11 07:08:15,577] {processor.py:652} INFO - DAG(s) dict_keys(['example_bash_operator']) retrieved from /home/airflow/.local/lib/python3.7/site-packages/airflow/example_dags/example_bash_operator.py
[2022-05-11 07:08:15,599] {logging_mixin.py:109} INFO - [2022-05-11 07:08:15,599] {dag.py:2398} INFO - Sync 1 DAGs
[2022-05-11 07:08:15,614] {logging_mixin.py:109} INFO - [2022-05-11 07:08:15,614] {dag.py:2937} INFO - Setting next_dagrun for example_bash_operator to 2022-05-10 00:00:00+00:00
[2022-05-11 07:08:15,628] {processor.py:171} INFO - Processing /home/airflow/.local/lib/python3.7/site-packages/airflow/example_dags/example_bash_operator.py took 0.072 seconds
[2022-05-11 07:08:46,031] {processor.py:163} INFO - Started process (PID=30579) to work on /home/airflow/.local/lib/python3.7/site-packages/airflow/example_dags/example_bash_operator.py
[2022-05-11 07:08:46,033] {processor.py:642} INFO - Processing file /home/airflow/.local/lib/python3.7/site-packages/airflow/example_dags/example_bash_operator.py for tasks to queue
[2022-05-11 07:08:46,034] {logging_mixin.py:109} INFO - [2022-05-11 07:08:46,034] {dagbag.py:500} INFO - Filling up the DagBag from /home/airflow/.local/lib/python3.7/site-packages/airflow/example_dags/example_bash_operator.py
[2022-05-11 07:08:46,050] {processor.py:652} INFO - DAG(s) dict_keys(['example_bash_operator']) retrieved from /home/airflow/.local/lib/python3.7/site-packages/airflow/example_dags/example_bash_operator.py
[2022-05-11 07:08:46,076] {logging_mixin.py:109} INFO - [2022-05-11 07:08:46,076] {dag.py:2398} INFO - Sync 1 DAGs
[2022-05-11 07:08:46,098] {logging_mixin.py:109} INFO - [2022-05-11 07:08:46,097] {dag.py:2937} INFO - Setting next_dagrun for example_bash_operator to 2022-05-10 00:00:00+00:00
[2022-05-11 07:08:46,113] {processor.py:171} INFO - Processing /home/airflow/.local/lib/python3.7/site-packages/airflow/example_dags/example_bash_operator.py took 0.084 seconds
[2022-05-11 07:09:16,735] {processor.py:163} INFO - Started process (PID=30642) to work on /home/airflow/.local/lib/python3.7/site-packages/airflow/example_dags/example_bash_operator.py
[2022-05-11 07:09:16,736] {processor.py:642} INFO - Processing file /home/airflow/.local/lib/python3.7/site-packages/airflow/example_dags/example_bash_operator.py for tasks to queue
[2022-05-11 07:09:16,737] {logging_mixin.py:109} INFO - [2022-05-11 07:09:16,737] {dagbag.py:500} INFO - Filling up the DagBag from /home/airflow/.local/lib/python3.7/site-packages/airflow/example_dags/example_bash_operator.py
[2022-05-11 07:09:16,753] {processor.py:652} INFO - DAG(s) dict_keys(['example_bash_operator']) retrieved from /home/airflow/.local/lib/python3.7/site-packages/airflow/example_dags/example_bash_operator.py
[2022-05-11 07:09:16,774] {logging_mixin.py:109} INFO - [2022-05-11 07:09:16,774] {dag.py:2398} INFO - Sync 1 DAGs
[2022-05-11 07:09:16,789] {logging_mixin.py:109} INFO - [2022-05-11 07:09:16,789] {dag.py:2937} INFO - Setting next_dagrun for example_bash_operator to 2022-05-10 00:00:00+00:00
[2022-05-11 07:09:16,803] {processor.py:171} INFO - Processing /home/airflow/.local/lib/python3.7/site-packages/airflow/example_dags/example_bash_operator.py took 0.072 seconds
[2022-05-11 07:09:47,177] {processor.py:163} INFO - Started process (PID=30713) to work on /home/airflow/.local/lib/python3.7/site-packages/airflow/example_dags/example_bash_operator.py
[2022-05-11 07:09:47,179] {processor.py:642} INFO - Processing file /home/airflow/.local/lib/python3.7/site-packages/airflow/example_dags/example_bash_operator.py for tasks to queue
[2022-05-11 07:09:47,179] {logging_mixin.py:109} INFO - [2022-05-11 07:09:47,179] {dagbag.py:500} INFO - Filling up the DagBag from /home/airflow/.local/lib/python3.7/site-packages/airflow/example_dags/example_bash_operator.py
[2022-05-11 07:09:47,198] {processor.py:652} INFO - DAG(s) dict_keys(['example_bash_operator']) retrieved from /home/airflow/.local/lib/python3.7/site-packages/airflow/example_dags/example_bash_operator.py
[2022-05-11 07:09:47,219] {logging_mixin.py:109} INFO - [2022-05-11 07:09:47,219] {dag.py:2398} INFO - Sync 1 DAGs
[2022-05-11 07:09:47,234] {logging_mixin.py:109} INFO - [2022-05-11 07:09:47,234] {dag.py:2937} INFO - Setting next_dagrun for example_bash_operator to 2022-05-10 00:00:00+00:00
[2022-05-11 07:09:47,247] {processor.py:171} INFO - Processing /home/airflow/.local/lib/python3.7/site-packages/airflow/example_dags/example_bash_operator.py took 0.073 seconds
[2022-05-11 07:10:17,730] {processor.py:163} INFO - Started process (PID=30776) to work on /home/airflow/.local/lib/python3.7/site-packages/airflow/example_dags/example_bash_operator.py
[2022-05-11 07:10:17,731] {processor.py:642} INFO - Processing file /home/airflow/.local/lib/python3.7/site-packages/airflow/example_dags/example_bash_operator.py for tasks to queue
[2022-05-11 07:10:17,732] {logging_mixin.py:109} INFO - [2022-05-11 07:10:17,732] {dagbag.py:500} INFO - Filling up the DagBag from /home/airflow/.local/lib/python3.7/site-packages/airflow/example_dags/example_bash_operator.py
[2022-05-11 07:10:17,749] {processor.py:652} INFO - DAG(s) dict_keys(['example_bash_operator']) retrieved from /home/airflow/.local/lib/python3.7/site-packages/airflow/example_dags/example_bash_operator.py
[2022-05-11 07:10:17,770] {logging_mixin.py:109} INFO - [2022-05-11 07:10:17,770] {dag.py:2398} INFO - Sync 1 DAGs
[2022-05-11 07:10:17,792] {logging_mixin.py:109} INFO - [2022-05-11 07:10:17,792] {dag.py:2937} INFO - Setting next_dagrun for example_bash_operator to 2022-05-10 00:00:00+00:00
[2022-05-11 07:10:17,808] {processor.py:171} INFO - Processing /home/airflow/.local/lib/python3.7/site-packages/airflow/example_dags/example_bash_operator.py took 0.081 seconds
[2022-05-11 07:10:48,491] {processor.py:163} INFO - Started process (PID=30849) to work on /home/airflow/.local/lib/python3.7/site-packages/airflow/example_dags/example_bash_operator.py
[2022-05-11 07:10:48,493] {processor.py:642} INFO - Processing file /home/airflow/.local/lib/python3.7/site-packages/airflow/example_dags/example_bash_operator.py for tasks to queue
[2022-05-11 07:10:48,495] {logging_mixin.py:109} INFO - [2022-05-11 07:10:48,495] {dagbag.py:500} INFO - Filling up the DagBag from /home/airflow/.local/lib/python3.7/site-packages/airflow/example_dags/example_bash_operator.py
[2022-05-11 07:10:48,517] {processor.py:652} INFO - DAG(s) dict_keys(['example_bash_operator']) retrieved from /home/airflow/.local/lib/python3.7/site-packages/airflow/example_dags/example_bash_operator.py
[2022-05-11 07:10:48,542] {logging_mixin.py:109} INFO - [2022-05-11 07:10:48,542] {dag.py:2398} INFO - Sync 1 DAGs
[2022-05-11 07:10:48,561] {logging_mixin.py:109} INFO - [2022-05-11 07:10:48,560] {dag.py:2937} INFO - Setting next_dagrun for example_bash_operator to 2022-05-10 00:00:00+00:00
[2022-05-11 07:10:48,576] {processor.py:171} INFO - Processing /home/airflow/.local/lib/python3.7/site-packages/airflow/example_dags/example_bash_operator.py took 0.088 seconds
[2022-05-11 07:11:19,213] {processor.py:163} INFO - Started process (PID=30921) to work on /home/airflow/.local/lib/python3.7/site-packages/airflow/example_dags/example_bash_operator.py
[2022-05-11 07:11:19,215] {processor.py:642} INFO - Processing file /home/airflow/.local/lib/python3.7/site-packages/airflow/example_dags/example_bash_operator.py for tasks to queue
[2022-05-11 07:11:19,216] {logging_mixin.py:109} INFO - [2022-05-11 07:11:19,216] {dagbag.py:500} INFO - Filling up the DagBag from /home/airflow/.local/lib/python3.7/site-packages/airflow/example_dags/example_bash_operator.py
[2022-05-11 07:11:19,239] {processor.py:652} INFO - DAG(s) dict_keys(['example_bash_operator']) retrieved from /home/airflow/.local/lib/python3.7/site-packages/airflow/example_dags/example_bash_operator.py
[2022-05-11 07:11:19,265] {logging_mixin.py:109} INFO - [2022-05-11 07:11:19,265] {dag.py:2398} INFO - Sync 1 DAGs
[2022-05-11 07:11:19,283] {logging_mixin.py:109} INFO - [2022-05-11 07:11:19,283] {dag.py:2937} INFO - Setting next_dagrun for example_bash_operator to 2022-05-10 00:00:00+00:00
[2022-05-11 07:11:19,298] {processor.py:171} INFO - Processing /home/airflow/.local/lib/python3.7/site-packages/airflow/example_dags/example_bash_operator.py took 0.090 seconds
[2022-05-11 07:11:49,963] {processor.py:163} INFO - Started process (PID=30985) to work on /home/airflow/.local/lib/python3.7/site-packages/airflow/example_dags/example_bash_operator.py
[2022-05-11 07:11:49,964] {processor.py:642} INFO - Processing file /home/airflow/.local/lib/python3.7/site-packages/airflow/example_dags/example_bash_operator.py for tasks to queue
[2022-05-11 07:11:49,965] {logging_mixin.py:109} INFO - [2022-05-11 07:11:49,965] {dagbag.py:500} INFO - Filling up the DagBag from /home/airflow/.local/lib/python3.7/site-packages/airflow/example_dags/example_bash_operator.py
[2022-05-11 07:11:49,983] {processor.py:652} INFO - DAG(s) dict_keys(['example_bash_operator']) retrieved from /home/airflow/.local/lib/python3.7/site-packages/airflow/example_dags/example_bash_operator.py
[2022-05-11 07:11:50,005] {logging_mixin.py:109} INFO - [2022-05-11 07:11:50,005] {dag.py:2398} INFO - Sync 1 DAGs
[2022-05-11 07:11:50,020] {logging_mixin.py:109} INFO - [2022-05-11 07:11:50,020] {dag.py:2937} INFO - Setting next_dagrun for example_bash_operator to 2022-05-10 00:00:00+00:00
[2022-05-11 07:11:50,035] {processor.py:171} INFO - Processing /home/airflow/.local/lib/python3.7/site-packages/airflow/example_dags/example_bash_operator.py took 0.075 seconds
[2022-05-11 07:12:20,637] {processor.py:163} INFO - Started process (PID=31058) to work on /home/airflow/.local/lib/python3.7/site-packages/airflow/example_dags/example_bash_operator.py
[2022-05-11 07:12:20,639] {processor.py:642} INFO - Processing file /home/airflow/.local/lib/python3.7/site-packages/airflow/example_dags/example_bash_operator.py for tasks to queue
[2022-05-11 07:12:20,641] {logging_mixin.py:109} INFO - [2022-05-11 07:12:20,640] {dagbag.py:500} INFO - Filling up the DagBag from /home/airflow/.local/lib/python3.7/site-packages/airflow/example_dags/example_bash_operator.py
[2022-05-11 07:12:20,667] {processor.py:652} INFO - DAG(s) dict_keys(['example_bash_operator']) retrieved from /home/airflow/.local/lib/python3.7/site-packages/airflow/example_dags/example_bash_operator.py
[2022-05-11 07:12:20,690] {logging_mixin.py:109} INFO - [2022-05-11 07:12:20,690] {dag.py:2398} INFO - Sync 1 DAGs
[2022-05-11 07:12:20,708] {logging_mixin.py:109} INFO - [2022-05-11 07:12:20,707] {dag.py:2937} INFO - Setting next_dagrun for example_bash_operator to 2022-05-10 00:00:00+00:00
[2022-05-11 07:12:20,723] {processor.py:171} INFO - Processing /home/airflow/.local/lib/python3.7/site-packages/airflow/example_dags/example_bash_operator.py took 0.090 seconds
[2022-05-11 07:12:51,201] {processor.py:163} INFO - Started process (PID=31122) to work on /home/airflow/.local/lib/python3.7/site-packages/airflow/example_dags/example_bash_operator.py
[2022-05-11 07:12:51,202] {processor.py:642} INFO - Processing file /home/airflow/.local/lib/python3.7/site-packages/airflow/example_dags/example_bash_operator.py for tasks to queue
[2022-05-11 07:12:51,202] {logging_mixin.py:109} INFO - [2022-05-11 07:12:51,202] {dagbag.py:500} INFO - Filling up the DagBag from /home/airflow/.local/lib/python3.7/site-packages/airflow/example_dags/example_bash_operator.py
[2022-05-11 07:12:51,222] {processor.py:652} INFO - DAG(s) dict_keys(['example_bash_operator']) retrieved from /home/airflow/.local/lib/python3.7/site-packages/airflow/example_dags/example_bash_operator.py
[2022-05-11 07:12:51,244] {logging_mixin.py:109} INFO - [2022-05-11 07:12:51,243] {dag.py:2398} INFO - Sync 1 DAGs
[2022-05-11 07:12:51,261] {logging_mixin.py:109} INFO - [2022-05-11 07:12:51,261] {dag.py:2937} INFO - Setting next_dagrun for example_bash_operator to 2022-05-10 00:00:00+00:00
[2022-05-11 07:12:51,276] {processor.py:171} INFO - Processing /home/airflow/.local/lib/python3.7/site-packages/airflow/example_dags/example_bash_operator.py took 0.078 seconds
[2022-05-11 07:13:22,028] {processor.py:163} INFO - Started process (PID=31195) to work on /home/airflow/.local/lib/python3.7/site-packages/airflow/example_dags/example_bash_operator.py
[2022-05-11 07:13:22,029] {processor.py:642} INFO - Processing file /home/airflow/.local/lib/python3.7/site-packages/airflow/example_dags/example_bash_operator.py for tasks to queue
[2022-05-11 07:13:22,030] {logging_mixin.py:109} INFO - [2022-05-11 07:13:22,030] {dagbag.py:500} INFO - Filling up the DagBag from /home/airflow/.local/lib/python3.7/site-packages/airflow/example_dags/example_bash_operator.py
[2022-05-11 07:13:22,054] {processor.py:652} INFO - DAG(s) dict_keys(['example_bash_operator']) retrieved from /home/airflow/.local/lib/python3.7/site-packages/airflow/example_dags/example_bash_operator.py
[2022-05-11 07:13:22,076] {logging_mixin.py:109} INFO - [2022-05-11 07:13:22,076] {dag.py:2398} INFO - Sync 1 DAGs
[2022-05-11 07:13:22,095] {logging_mixin.py:109} INFO - [2022-05-11 07:13:22,095] {dag.py:2937} INFO - Setting next_dagrun for example_bash_operator to 2022-05-10 00:00:00+00:00
[2022-05-11 07:13:22,108] {processor.py:171} INFO - Processing /home/airflow/.local/lib/python3.7/site-packages/airflow/example_dags/example_bash_operator.py took 0.083 seconds
[2022-05-11 07:13:52,217] {processor.py:163} INFO - Started process (PID=31258) to work on /home/airflow/.local/lib/python3.7/site-packages/airflow/example_dags/example_bash_operator.py
[2022-05-11 07:13:52,219] {processor.py:642} INFO - Processing file /home/airflow/.local/lib/python3.7/site-packages/airflow/example_dags/example_bash_operator.py for tasks to queue
[2022-05-11 07:13:52,220] {logging_mixin.py:109} INFO - [2022-05-11 07:13:52,220] {dagbag.py:500} INFO - Filling up the DagBag from /home/airflow/.local/lib/python3.7/site-packages/airflow/example_dags/example_bash_operator.py
[2022-05-11 07:13:52,239] {processor.py:652} INFO - DAG(s) dict_keys(['example_bash_operator']) retrieved from /home/airflow/.local/lib/python3.7/site-packages/airflow/example_dags/example_bash_operator.py
[2022-05-11 07:13:52,260] {logging_mixin.py:109} INFO - [2022-05-11 07:13:52,260] {dag.py:2398} INFO - Sync 1 DAGs
[2022-05-11 07:13:52,280] {logging_mixin.py:109} INFO - [2022-05-11 07:13:52,280] {dag.py:2937} INFO - Setting next_dagrun for example_bash_operator to 2022-05-10 00:00:00+00:00
[2022-05-11 07:13:52,294] {processor.py:171} INFO - Processing /home/airflow/.local/lib/python3.7/site-packages/airflow/example_dags/example_bash_operator.py took 0.079 seconds
[2022-05-11 07:14:22,763] {processor.py:163} INFO - Started process (PID=31330) to work on /home/airflow/.local/lib/python3.7/site-packages/airflow/example_dags/example_bash_operator.py
[2022-05-11 07:14:22,764] {processor.py:642} INFO - Processing file /home/airflow/.local/lib/python3.7/site-packages/airflow/example_dags/example_bash_operator.py for tasks to queue
[2022-05-11 07:14:22,765] {logging_mixin.py:109} INFO - [2022-05-11 07:14:22,765] {dagbag.py:500} INFO - Filling up the DagBag from /home/airflow/.local/lib/python3.7/site-packages/airflow/example_dags/example_bash_operator.py
[2022-05-11 07:14:22,786] {processor.py:652} INFO - DAG(s) dict_keys(['example_bash_operator']) retrieved from /home/airflow/.local/lib/python3.7/site-packages/airflow/example_dags/example_bash_operator.py
[2022-05-11 07:14:22,810] {logging_mixin.py:109} INFO - [2022-05-11 07:14:22,810] {dag.py:2398} INFO - Sync 1 DAGs
[2022-05-11 07:14:22,825] {logging_mixin.py:109} INFO - [2022-05-11 07:14:22,825] {dag.py:2937} INFO - Setting next_dagrun for example_bash_operator to 2022-05-10 00:00:00+00:00
[2022-05-11 07:14:22,840] {processor.py:171} INFO - Processing /home/airflow/.local/lib/python3.7/site-packages/airflow/example_dags/example_bash_operator.py took 0.080 seconds
[2022-05-11 07:14:53,235] {processor.py:163} INFO - Started process (PID=31393) to work on /home/airflow/.local/lib/python3.7/site-packages/airflow/example_dags/example_bash_operator.py
[2022-05-11 07:14:53,236] {processor.py:642} INFO - Processing file /home/airflow/.local/lib/python3.7/site-packages/airflow/example_dags/example_bash_operator.py for tasks to queue
[2022-05-11 07:14:53,237] {logging_mixin.py:109} INFO - [2022-05-11 07:14:53,237] {dagbag.py:500} INFO - Filling up the DagBag from /home/airflow/.local/lib/python3.7/site-packages/airflow/example_dags/example_bash_operator.py
[2022-05-11 07:14:53,255] {processor.py:652} INFO - DAG(s) dict_keys(['example_bash_operator']) retrieved from /home/airflow/.local/lib/python3.7/site-packages/airflow/example_dags/example_bash_operator.py
[2022-05-11 07:14:53,278] {logging_mixin.py:109} INFO - [2022-05-11 07:14:53,278] {dag.py:2398} INFO - Sync 1 DAGs
[2022-05-11 07:14:53,300] {logging_mixin.py:109} INFO - [2022-05-11 07:14:53,300] {dag.py:2937} INFO - Setting next_dagrun for example_bash_operator to 2022-05-10 00:00:00+00:00
[2022-05-11 07:14:53,314] {processor.py:171} INFO - Processing /home/airflow/.local/lib/python3.7/site-packages/airflow/example_dags/example_bash_operator.py took 0.082 seconds
[2022-05-11 07:15:23,406] {processor.py:163} INFO - Started process (PID=31467) to work on /home/airflow/.local/lib/python3.7/site-packages/airflow/example_dags/example_bash_operator.py
[2022-05-11 07:15:23,407] {processor.py:642} INFO - Processing file /home/airflow/.local/lib/python3.7/site-packages/airflow/example_dags/example_bash_operator.py for tasks to queue
[2022-05-11 07:15:23,408] {logging_mixin.py:109} INFO - [2022-05-11 07:15:23,408] {dagbag.py:500} INFO - Filling up the DagBag from /home/airflow/.local/lib/python3.7/site-packages/airflow/example_dags/example_bash_operator.py
[2022-05-11 07:15:23,426] {processor.py:652} INFO - DAG(s) dict_keys(['example_bash_operator']) retrieved from /home/airflow/.local/lib/python3.7/site-packages/airflow/example_dags/example_bash_operator.py
[2022-05-11 07:15:23,452] {logging_mixin.py:109} INFO - [2022-05-11 07:15:23,452] {dag.py:2398} INFO - Sync 1 DAGs
[2022-05-11 07:15:23,466] {logging_mixin.py:109} INFO - [2022-05-11 07:15:23,466] {dag.py:2937} INFO - Setting next_dagrun for example_bash_operator to 2022-05-10 00:00:00+00:00
[2022-05-11 07:15:23,483] {processor.py:171} INFO - Processing /home/airflow/.local/lib/python3.7/site-packages/airflow/example_dags/example_bash_operator.py took 0.080 seconds
[2022-05-11 07:15:53,850] {processor.py:163} INFO - Started process (PID=31531) to work on /home/airflow/.local/lib/python3.7/site-packages/airflow/example_dags/example_bash_operator.py
[2022-05-11 07:15:53,852] {processor.py:642} INFO - Processing file /home/airflow/.local/lib/python3.7/site-packages/airflow/example_dags/example_bash_operator.py for tasks to queue
[2022-05-11 07:15:53,853] {logging_mixin.py:109} INFO - [2022-05-11 07:15:53,853] {dagbag.py:500} INFO - Filling up the DagBag from /home/airflow/.local/lib/python3.7/site-packages/airflow/example_dags/example_bash_operator.py
[2022-05-11 07:15:53,870] {processor.py:652} INFO - DAG(s) dict_keys(['example_bash_operator']) retrieved from /home/airflow/.local/lib/python3.7/site-packages/airflow/example_dags/example_bash_operator.py
[2022-05-11 07:15:53,894] {logging_mixin.py:109} INFO - [2022-05-11 07:15:53,894] {dag.py:2398} INFO - Sync 1 DAGs
[2022-05-11 07:15:53,912] {logging_mixin.py:109} INFO - [2022-05-11 07:15:53,911] {dag.py:2937} INFO - Setting next_dagrun for example_bash_operator to 2022-05-10 00:00:00+00:00
[2022-05-11 07:15:53,927] {processor.py:171} INFO - Processing /home/airflow/.local/lib/python3.7/site-packages/airflow/example_dags/example_bash_operator.py took 0.079 seconds
[2022-05-11 07:16:24,495] {processor.py:163} INFO - Started process (PID=31604) to work on /home/airflow/.local/lib/python3.7/site-packages/airflow/example_dags/example_bash_operator.py
[2022-05-11 07:16:24,497] {processor.py:642} INFO - Processing file /home/airflow/.local/lib/python3.7/site-packages/airflow/example_dags/example_bash_operator.py for tasks to queue
[2022-05-11 07:16:24,498] {logging_mixin.py:109} INFO - [2022-05-11 07:16:24,498] {dagbag.py:500} INFO - Filling up the DagBag from /home/airflow/.local/lib/python3.7/site-packages/airflow/example_dags/example_bash_operator.py
[2022-05-11 07:16:24,517] {processor.py:652} INFO - DAG(s) dict_keys(['example_bash_operator']) retrieved from /home/airflow/.local/lib/python3.7/site-packages/airflow/example_dags/example_bash_operator.py
[2022-05-11 07:16:24,547] {logging_mixin.py:109} INFO - [2022-05-11 07:16:24,547] {dag.py:2398} INFO - Sync 1 DAGs
[2022-05-11 07:16:24,566] {logging_mixin.py:109} INFO - [2022-05-11 07:16:24,566] {dag.py:2937} INFO - Setting next_dagrun for example_bash_operator to 2022-05-10 00:00:00+00:00
[2022-05-11 07:16:24,583] {processor.py:171} INFO - Processing /home/airflow/.local/lib/python3.7/site-packages/airflow/example_dags/example_bash_operator.py took 0.091 seconds
[2022-05-11 07:16:55,016] {processor.py:163} INFO - Started process (PID=31668) to work on /home/airflow/.local/lib/python3.7/site-packages/airflow/example_dags/example_bash_operator.py
[2022-05-11 07:16:55,021] {processor.py:642} INFO - Processing file /home/airflow/.local/lib/python3.7/site-packages/airflow/example_dags/example_bash_operator.py for tasks to queue
[2022-05-11 07:16:55,022] {logging_mixin.py:109} INFO - [2022-05-11 07:16:55,022] {dagbag.py:500} INFO - Filling up the DagBag from /home/airflow/.local/lib/python3.7/site-packages/airflow/example_dags/example_bash_operator.py
[2022-05-11 07:16:55,048] {processor.py:652} INFO - DAG(s) dict_keys(['example_bash_operator']) retrieved from /home/airflow/.local/lib/python3.7/site-packages/airflow/example_dags/example_bash_operator.py
[2022-05-11 07:16:55,074] {logging_mixin.py:109} INFO - [2022-05-11 07:16:55,074] {dag.py:2398} INFO - Sync 1 DAGs
[2022-05-11 07:16:55,106] {logging_mixin.py:109} INFO - [2022-05-11 07:16:55,106] {dag.py:2937} INFO - Setting next_dagrun for example_bash_operator to 2022-05-10 00:00:00+00:00
[2022-05-11 07:16:55,128] {processor.py:171} INFO - Processing /home/airflow/.local/lib/python3.7/site-packages/airflow/example_dags/example_bash_operator.py took 0.116 seconds
[2022-05-11 07:17:25,573] {processor.py:163} INFO - Started process (PID=31740) to work on /home/airflow/.local/lib/python3.7/site-packages/airflow/example_dags/example_bash_operator.py
[2022-05-11 07:17:25,575] {processor.py:642} INFO - Processing file /home/airflow/.local/lib/python3.7/site-packages/airflow/example_dags/example_bash_operator.py for tasks to queue
[2022-05-11 07:17:25,576] {logging_mixin.py:109} INFO - [2022-05-11 07:17:25,576] {dagbag.py:500} INFO - Filling up the DagBag from /home/airflow/.local/lib/python3.7/site-packages/airflow/example_dags/example_bash_operator.py
[2022-05-11 07:17:25,603] {processor.py:652} INFO - DAG(s) dict_keys(['example_bash_operator']) retrieved from /home/airflow/.local/lib/python3.7/site-packages/airflow/example_dags/example_bash_operator.py
[2022-05-11 07:17:25,635] {logging_mixin.py:109} INFO - [2022-05-11 07:17:25,635] {dag.py:2398} INFO - Sync 1 DAGs
[2022-05-11 07:17:25,658] {logging_mixin.py:109} INFO - [2022-05-11 07:17:25,658] {dag.py:2937} INFO - Setting next_dagrun for example_bash_operator to 2022-05-10 00:00:00+00:00
[2022-05-11 07:17:25,676] {processor.py:171} INFO - Processing /home/airflow/.local/lib/python3.7/site-packages/airflow/example_dags/example_bash_operator.py took 0.107 seconds
[2022-05-11 07:17:55,766] {processor.py:163} INFO - Started process (PID=31804) to work on /home/airflow/.local/lib/python3.7/site-packages/airflow/example_dags/example_bash_operator.py
[2022-05-11 07:17:55,777] {processor.py:642} INFO - Processing file /home/airflow/.local/lib/python3.7/site-packages/airflow/example_dags/example_bash_operator.py for tasks to queue
[2022-05-11 07:17:55,779] {logging_mixin.py:109} INFO - [2022-05-11 07:17:55,779] {dagbag.py:500} INFO - Filling up the DagBag from /home/airflow/.local/lib/python3.7/site-packages/airflow/example_dags/example_bash_operator.py
[2022-05-11 07:17:55,828] {processor.py:652} INFO - DAG(s) dict_keys(['example_bash_operator']) retrieved from /home/airflow/.local/lib/python3.7/site-packages/airflow/example_dags/example_bash_operator.py
[2022-05-11 07:17:55,925] {logging_mixin.py:109} INFO - [2022-05-11 07:17:55,925] {dag.py:2398} INFO - Sync 1 DAGs
[2022-05-11 07:17:55,959] {logging_mixin.py:109} INFO - [2022-05-11 07:17:55,959] {dag.py:2937} INFO - Setting next_dagrun for example_bash_operator to 2022-05-10 00:00:00+00:00
[2022-05-11 07:17:55,982] {processor.py:171} INFO - Processing /home/airflow/.local/lib/python3.7/site-packages/airflow/example_dags/example_bash_operator.py took 0.224 seconds
[2022-05-11 07:18:26,458] {processor.py:163} INFO - Started process (PID=31876) to work on /home/airflow/.local/lib/python3.7/site-packages/airflow/example_dags/example_bash_operator.py
[2022-05-11 07:18:26,461] {processor.py:642} INFO - Processing file /home/airflow/.local/lib/python3.7/site-packages/airflow/example_dags/example_bash_operator.py for tasks to queue
[2022-05-11 07:18:26,463] {logging_mixin.py:109} INFO - [2022-05-11 07:18:26,463] {dagbag.py:500} INFO - Filling up the DagBag from /home/airflow/.local/lib/python3.7/site-packages/airflow/example_dags/example_bash_operator.py
[2022-05-11 07:18:26,487] {processor.py:652} INFO - DAG(s) dict_keys(['example_bash_operator']) retrieved from /home/airflow/.local/lib/python3.7/site-packages/airflow/example_dags/example_bash_operator.py
[2022-05-11 07:18:26,518] {logging_mixin.py:109} INFO - [2022-05-11 07:18:26,517] {dag.py:2398} INFO - Sync 1 DAGs
[2022-05-11 07:18:26,544] {logging_mixin.py:109} INFO - [2022-05-11 07:18:26,543] {dag.py:2937} INFO - Setting next_dagrun for example_bash_operator to 2022-05-10 00:00:00+00:00
[2022-05-11 07:18:26,560] {processor.py:171} INFO - Processing /home/airflow/.local/lib/python3.7/site-packages/airflow/example_dags/example_bash_operator.py took 0.109 seconds
[2022-05-11 07:18:57,621] {processor.py:163} INFO - Started process (PID=31939) to work on /home/airflow/.local/lib/python3.7/site-packages/airflow/example_dags/example_bash_operator.py
[2022-05-11 07:18:57,623] {processor.py:642} INFO - Processing file /home/airflow/.local/lib/python3.7/site-packages/airflow/example_dags/example_bash_operator.py for tasks to queue
[2022-05-11 07:18:57,624] {logging_mixin.py:109} INFO - [2022-05-11 07:18:57,624] {dagbag.py:500} INFO - Filling up the DagBag from /home/airflow/.local/lib/python3.7/site-packages/airflow/example_dags/example_bash_operator.py
[2022-05-11 07:18:57,647] {processor.py:652} INFO - DAG(s) dict_keys(['example_bash_operator']) retrieved from /home/airflow/.local/lib/python3.7/site-packages/airflow/example_dags/example_bash_operator.py
[2022-05-11 07:18:57,671] {logging_mixin.py:109} INFO - [2022-05-11 07:18:57,671] {dag.py:2398} INFO - Sync 1 DAGs
[2022-05-11 07:18:57,687] {logging_mixin.py:109} INFO - [2022-05-11 07:18:57,687] {dag.py:2937} INFO - Setting next_dagrun for example_bash_operator to 2022-05-10 00:00:00+00:00
[2022-05-11 07:18:57,704] {processor.py:171} INFO - Processing /home/airflow/.local/lib/python3.7/site-packages/airflow/example_dags/example_bash_operator.py took 0.088 seconds
[2022-05-11 07:19:29,398] {processor.py:163} INFO - Started process (PID=32011) to work on /home/airflow/.local/lib/python3.7/site-packages/airflow/example_dags/example_bash_operator.py
[2022-05-11 07:19:29,400] {processor.py:642} INFO - Processing file /home/airflow/.local/lib/python3.7/site-packages/airflow/example_dags/example_bash_operator.py for tasks to queue
[2022-05-11 07:19:29,401] {logging_mixin.py:109} INFO - [2022-05-11 07:19:29,401] {dagbag.py:500} INFO - Filling up the DagBag from /home/airflow/.local/lib/python3.7/site-packages/airflow/example_dags/example_bash_operator.py
[2022-05-11 07:19:29,433] {processor.py:652} INFO - DAG(s) dict_keys(['example_bash_operator']) retrieved from /home/airflow/.local/lib/python3.7/site-packages/airflow/example_dags/example_bash_operator.py
[2022-05-11 07:19:29,469] {logging_mixin.py:109} INFO - [2022-05-11 07:19:29,469] {dag.py:2398} INFO - Sync 1 DAGs
[2022-05-11 07:19:29,499] {logging_mixin.py:109} INFO - [2022-05-11 07:19:29,498] {dag.py:2937} INFO - Setting next_dagrun for example_bash_operator to 2022-05-10 00:00:00+00:00
[2022-05-11 07:19:29,518] {processor.py:171} INFO - Processing /home/airflow/.local/lib/python3.7/site-packages/airflow/example_dags/example_bash_operator.py took 0.125 seconds
[2022-05-11 07:20:00,391] {processor.py:163} INFO - Started process (PID=32073) to work on /home/airflow/.local/lib/python3.7/site-packages/airflow/example_dags/example_bash_operator.py
[2022-05-11 07:20:00,393] {processor.py:642} INFO - Processing file /home/airflow/.local/lib/python3.7/site-packages/airflow/example_dags/example_bash_operator.py for tasks to queue
[2022-05-11 07:20:00,394] {logging_mixin.py:109} INFO - [2022-05-11 07:20:00,394] {dagbag.py:500} INFO - Filling up the DagBag from /home/airflow/.local/lib/python3.7/site-packages/airflow/example_dags/example_bash_operator.py
[2022-05-11 07:20:00,420] {processor.py:652} INFO - DAG(s) dict_keys(['example_bash_operator']) retrieved from /home/airflow/.local/lib/python3.7/site-packages/airflow/example_dags/example_bash_operator.py
[2022-05-11 07:20:00,444] {logging_mixin.py:109} INFO - [2022-05-11 07:20:00,444] {dag.py:2398} INFO - Sync 1 DAGs
[2022-05-11 07:20:00,465] {logging_mixin.py:109} INFO - [2022-05-11 07:20:00,464] {dag.py:2937} INFO - Setting next_dagrun for example_bash_operator to 2022-05-10 00:00:00+00:00
[2022-05-11 07:20:00,480] {processor.py:171} INFO - Processing /home/airflow/.local/lib/python3.7/site-packages/airflow/example_dags/example_bash_operator.py took 0.093 seconds
[2022-05-11 07:20:30,778] {processor.py:163} INFO - Started process (PID=32146) to work on /home/airflow/.local/lib/python3.7/site-packages/airflow/example_dags/example_bash_operator.py
[2022-05-11 07:20:30,782] {processor.py:642} INFO - Processing file /home/airflow/.local/lib/python3.7/site-packages/airflow/example_dags/example_bash_operator.py for tasks to queue
[2022-05-11 07:20:30,784] {logging_mixin.py:109} INFO - [2022-05-11 07:20:30,784] {dagbag.py:500} INFO - Filling up the DagBag from /home/airflow/.local/lib/python3.7/site-packages/airflow/example_dags/example_bash_operator.py
[2022-05-11 07:20:30,814] {processor.py:652} INFO - DAG(s) dict_keys(['example_bash_operator']) retrieved from /home/airflow/.local/lib/python3.7/site-packages/airflow/example_dags/example_bash_operator.py
[2022-05-11 07:20:30,876] {logging_mixin.py:109} INFO - [2022-05-11 07:20:30,876] {dag.py:2398} INFO - Sync 1 DAGs
[2022-05-11 07:20:30,904] {logging_mixin.py:109} INFO - [2022-05-11 07:20:30,904] {dag.py:2937} INFO - Setting next_dagrun for example_bash_operator to 2022-05-10 00:00:00+00:00
[2022-05-11 07:20:30,924] {processor.py:171} INFO - Processing /home/airflow/.local/lib/python3.7/site-packages/airflow/example_dags/example_bash_operator.py took 0.151 seconds
[2022-05-11 07:21:02,073] {processor.py:163} INFO - Started process (PID=32209) to work on /home/airflow/.local/lib/python3.7/site-packages/airflow/example_dags/example_bash_operator.py
[2022-05-11 07:21:02,075] {processor.py:642} INFO - Processing file /home/airflow/.local/lib/python3.7/site-packages/airflow/example_dags/example_bash_operator.py for tasks to queue
[2022-05-11 07:21:02,076] {logging_mixin.py:109} INFO - [2022-05-11 07:21:02,075] {dagbag.py:500} INFO - Filling up the DagBag from /home/airflow/.local/lib/python3.7/site-packages/airflow/example_dags/example_bash_operator.py
[2022-05-11 07:21:02,105] {processor.py:652} INFO - DAG(s) dict_keys(['example_bash_operator']) retrieved from /home/airflow/.local/lib/python3.7/site-packages/airflow/example_dags/example_bash_operator.py
[2022-05-11 07:21:02,134] {logging_mixin.py:109} INFO - [2022-05-11 07:21:02,134] {dag.py:2398} INFO - Sync 1 DAGs
[2022-05-11 07:21:02,155] {logging_mixin.py:109} INFO - [2022-05-11 07:21:02,155] {dag.py:2937} INFO - Setting next_dagrun for example_bash_operator to 2022-05-10 00:00:00+00:00
[2022-05-11 07:21:02,175] {processor.py:171} INFO - Processing /home/airflow/.local/lib/python3.7/site-packages/airflow/example_dags/example_bash_operator.py took 0.107 seconds
[2022-05-11 07:21:33,334] {processor.py:163} INFO - Started process (PID=32281) to work on /home/airflow/.local/lib/python3.7/site-packages/airflow/example_dags/example_bash_operator.py
[2022-05-11 07:21:33,335] {processor.py:642} INFO - Processing file /home/airflow/.local/lib/python3.7/site-packages/airflow/example_dags/example_bash_operator.py for tasks to queue
[2022-05-11 07:21:33,336] {logging_mixin.py:109} INFO - [2022-05-11 07:21:33,336] {dagbag.py:500} INFO - Filling up the DagBag from /home/airflow/.local/lib/python3.7/site-packages/airflow/example_dags/example_bash_operator.py
[2022-05-11 07:21:33,357] {processor.py:652} INFO - DAG(s) dict_keys(['example_bash_operator']) retrieved from /home/airflow/.local/lib/python3.7/site-packages/airflow/example_dags/example_bash_operator.py
[2022-05-11 07:21:33,380] {logging_mixin.py:109} INFO - [2022-05-11 07:21:33,380] {dag.py:2398} INFO - Sync 1 DAGs
[2022-05-11 07:21:33,399] {logging_mixin.py:109} INFO - [2022-05-11 07:21:33,399] {dag.py:2937} INFO - Setting next_dagrun for example_bash_operator to 2022-05-10 00:00:00+00:00
[2022-05-11 07:21:33,412] {processor.py:171} INFO - Processing /home/airflow/.local/lib/python3.7/site-packages/airflow/example_dags/example_bash_operator.py took 0.081 seconds
[2022-05-11 07:22:05,007] {processor.py:163} INFO - Started process (PID=32354) to work on /home/airflow/.local/lib/python3.7/site-packages/airflow/example_dags/example_bash_operator.py
[2022-05-11 07:22:05,010] {processor.py:642} INFO - Processing file /home/airflow/.local/lib/python3.7/site-packages/airflow/example_dags/example_bash_operator.py for tasks to queue
[2022-05-11 07:22:05,016] {logging_mixin.py:109} INFO - [2022-05-11 07:22:05,016] {dagbag.py:500} INFO - Filling up the DagBag from /home/airflow/.local/lib/python3.7/site-packages/airflow/example_dags/example_bash_operator.py
[2022-05-11 07:22:05,064] {processor.py:652} INFO - DAG(s) dict_keys(['example_bash_operator']) retrieved from /home/airflow/.local/lib/python3.7/site-packages/airflow/example_dags/example_bash_operator.py
[2022-05-11 07:22:05,097] {logging_mixin.py:109} INFO - [2022-05-11 07:22:05,097] {dag.py:2398} INFO - Sync 1 DAGs
[2022-05-11 07:22:05,127] {logging_mixin.py:109} INFO - [2022-05-11 07:22:05,127] {dag.py:2937} INFO - Setting next_dagrun for example_bash_operator to 2022-05-10 00:00:00+00:00
[2022-05-11 07:22:05,150] {processor.py:171} INFO - Processing /home/airflow/.local/lib/python3.7/site-packages/airflow/example_dags/example_bash_operator.py took 0.149 seconds
[2022-05-11 07:22:36,028] {processor.py:163} INFO - Started process (PID=32417) to work on /home/airflow/.local/lib/python3.7/site-packages/airflow/example_dags/example_bash_operator.py
[2022-05-11 07:22:36,030] {processor.py:642} INFO - Processing file /home/airflow/.local/lib/python3.7/site-packages/airflow/example_dags/example_bash_operator.py for tasks to queue
[2022-05-11 07:22:36,031] {logging_mixin.py:109} INFO - [2022-05-11 07:22:36,031] {dagbag.py:500} INFO - Filling up the DagBag from /home/airflow/.local/lib/python3.7/site-packages/airflow/example_dags/example_bash_operator.py
[2022-05-11 07:22:36,057] {processor.py:652} INFO - DAG(s) dict_keys(['example_bash_operator']) retrieved from /home/airflow/.local/lib/python3.7/site-packages/airflow/example_dags/example_bash_operator.py
[2022-05-11 07:22:36,086] {logging_mixin.py:109} INFO - [2022-05-11 07:22:36,086] {dag.py:2398} INFO - Sync 1 DAGs
[2022-05-11 07:22:36,104] {logging_mixin.py:109} INFO - [2022-05-11 07:22:36,104] {dag.py:2937} INFO - Setting next_dagrun for example_bash_operator to 2022-05-10 00:00:00+00:00
[2022-05-11 07:22:36,120] {processor.py:171} INFO - Processing /home/airflow/.local/lib/python3.7/site-packages/airflow/example_dags/example_bash_operator.py took 0.094 seconds
[2022-05-11 07:23:07,579] {processor.py:163} INFO - Started process (PID=32491) to work on /home/airflow/.local/lib/python3.7/site-packages/airflow/example_dags/example_bash_operator.py
[2022-05-11 07:23:07,580] {processor.py:642} INFO - Processing file /home/airflow/.local/lib/python3.7/site-packages/airflow/example_dags/example_bash_operator.py for tasks to queue
[2022-05-11 07:23:07,582] {logging_mixin.py:109} INFO - [2022-05-11 07:23:07,582] {dagbag.py:500} INFO - Filling up the DagBag from /home/airflow/.local/lib/python3.7/site-packages/airflow/example_dags/example_bash_operator.py
[2022-05-11 07:23:07,605] {processor.py:652} INFO - DAG(s) dict_keys(['example_bash_operator']) retrieved from /home/airflow/.local/lib/python3.7/site-packages/airflow/example_dags/example_bash_operator.py
[2022-05-11 07:23:07,631] {logging_mixin.py:109} INFO - [2022-05-11 07:23:07,630] {dag.py:2398} INFO - Sync 1 DAGs
[2022-05-11 07:23:07,648] {logging_mixin.py:109} INFO - [2022-05-11 07:23:07,648] {dag.py:2937} INFO - Setting next_dagrun for example_bash_operator to 2022-05-10 00:00:00+00:00
[2022-05-11 07:23:07,663] {processor.py:171} INFO - Processing /home/airflow/.local/lib/python3.7/site-packages/airflow/example_dags/example_bash_operator.py took 0.087 seconds
[2022-05-11 07:23:38,153] {processor.py:163} INFO - Started process (PID=32554) to work on /home/airflow/.local/lib/python3.7/site-packages/airflow/example_dags/example_bash_operator.py
[2022-05-11 07:23:38,155] {processor.py:642} INFO - Processing file /home/airflow/.local/lib/python3.7/site-packages/airflow/example_dags/example_bash_operator.py for tasks to queue
[2022-05-11 07:23:38,156] {logging_mixin.py:109} INFO - [2022-05-11 07:23:38,156] {dagbag.py:500} INFO - Filling up the DagBag from /home/airflow/.local/lib/python3.7/site-packages/airflow/example_dags/example_bash_operator.py
[2022-05-11 07:23:38,182] {processor.py:652} INFO - DAG(s) dict_keys(['example_bash_operator']) retrieved from /home/airflow/.local/lib/python3.7/site-packages/airflow/example_dags/example_bash_operator.py
[2022-05-11 07:23:38,207] {logging_mixin.py:109} INFO - [2022-05-11 07:23:38,207] {dag.py:2398} INFO - Sync 1 DAGs
[2022-05-11 07:23:38,223] {logging_mixin.py:109} INFO - [2022-05-11 07:23:38,223] {dag.py:2937} INFO - Setting next_dagrun for example_bash_operator to 2022-05-10 00:00:00+00:00
[2022-05-11 07:23:38,241] {processor.py:171} INFO - Processing /home/airflow/.local/lib/python3.7/site-packages/airflow/example_dags/example_bash_operator.py took 0.092 seconds
[2022-05-11 07:24:09,665] {processor.py:163} INFO - Started process (PID=32626) to work on /home/airflow/.local/lib/python3.7/site-packages/airflow/example_dags/example_bash_operator.py
[2022-05-11 07:24:09,666] {processor.py:642} INFO - Processing file /home/airflow/.local/lib/python3.7/site-packages/airflow/example_dags/example_bash_operator.py for tasks to queue
[2022-05-11 07:24:09,667] {logging_mixin.py:109} INFO - [2022-05-11 07:24:09,667] {dagbag.py:500} INFO - Filling up the DagBag from /home/airflow/.local/lib/python3.7/site-packages/airflow/example_dags/example_bash_operator.py
[2022-05-11 07:24:09,687] {processor.py:652} INFO - DAG(s) dict_keys(['example_bash_operator']) retrieved from /home/airflow/.local/lib/python3.7/site-packages/airflow/example_dags/example_bash_operator.py
[2022-05-11 07:24:09,712] {logging_mixin.py:109} INFO - [2022-05-11 07:24:09,712] {dag.py:2398} INFO - Sync 1 DAGs
[2022-05-11 07:24:09,731] {logging_mixin.py:109} INFO - [2022-05-11 07:24:09,730] {dag.py:2937} INFO - Setting next_dagrun for example_bash_operator to 2022-05-10 00:00:00+00:00
[2022-05-11 07:24:09,745] {processor.py:171} INFO - Processing /home/airflow/.local/lib/python3.7/site-packages/airflow/example_dags/example_bash_operator.py took 0.084 seconds
[2022-05-11 07:24:40,163] {processor.py:163} INFO - Started process (PID=32690) to work on /home/airflow/.local/lib/python3.7/site-packages/airflow/example_dags/example_bash_operator.py
[2022-05-11 07:24:40,165] {processor.py:642} INFO - Processing file /home/airflow/.local/lib/python3.7/site-packages/airflow/example_dags/example_bash_operator.py for tasks to queue
[2022-05-11 07:24:40,167] {logging_mixin.py:109} INFO - [2022-05-11 07:24:40,166] {dagbag.py:500} INFO - Filling up the DagBag from /home/airflow/.local/lib/python3.7/site-packages/airflow/example_dags/example_bash_operator.py
[2022-05-11 07:24:40,189] {processor.py:652} INFO - DAG(s) dict_keys(['example_bash_operator']) retrieved from /home/airflow/.local/lib/python3.7/site-packages/airflow/example_dags/example_bash_operator.py
[2022-05-11 07:24:40,214] {logging_mixin.py:109} INFO - [2022-05-11 07:24:40,214] {dag.py:2398} INFO - Sync 1 DAGs
[2022-05-11 07:24:40,231] {logging_mixin.py:109} INFO - [2022-05-11 07:24:40,231] {dag.py:2937} INFO - Setting next_dagrun for example_bash_operator to 2022-05-10 00:00:00+00:00
[2022-05-11 07:24:40,247] {processor.py:171} INFO - Processing /home/airflow/.local/lib/python3.7/site-packages/airflow/example_dags/example_bash_operator.py took 0.087 seconds
[2022-05-11 07:25:10,754] {processor.py:163} INFO - Started process (PID=32763) to work on /home/airflow/.local/lib/python3.7/site-packages/airflow/example_dags/example_bash_operator.py
[2022-05-11 07:25:10,757] {processor.py:642} INFO - Processing file /home/airflow/.local/lib/python3.7/site-packages/airflow/example_dags/example_bash_operator.py for tasks to queue
[2022-05-11 07:25:10,759] {logging_mixin.py:109} INFO - [2022-05-11 07:25:10,759] {dagbag.py:500} INFO - Filling up the DagBag from /home/airflow/.local/lib/python3.7/site-packages/airflow/example_dags/example_bash_operator.py
[2022-05-11 07:25:10,784] {processor.py:652} INFO - DAG(s) dict_keys(['example_bash_operator']) retrieved from /home/airflow/.local/lib/python3.7/site-packages/airflow/example_dags/example_bash_operator.py
[2022-05-11 07:25:10,810] {logging_mixin.py:109} INFO - [2022-05-11 07:25:10,809] {dag.py:2398} INFO - Sync 1 DAGs
[2022-05-11 07:25:10,833] {logging_mixin.py:109} INFO - [2022-05-11 07:25:10,833] {dag.py:2937} INFO - Setting next_dagrun for example_bash_operator to 2022-05-10 00:00:00+00:00
[2022-05-11 07:25:10,851] {processor.py:171} INFO - Processing /home/airflow/.local/lib/python3.7/site-packages/airflow/example_dags/example_bash_operator.py took 0.099 seconds
[2022-05-11 07:25:41,101] {processor.py:163} INFO - Started process (PID=357) to work on /home/airflow/.local/lib/python3.7/site-packages/airflow/example_dags/example_bash_operator.py
[2022-05-11 07:25:41,103] {processor.py:642} INFO - Processing file /home/airflow/.local/lib/python3.7/site-packages/airflow/example_dags/example_bash_operator.py for tasks to queue
[2022-05-11 07:25:41,103] {logging_mixin.py:109} INFO - [2022-05-11 07:25:41,103] {dagbag.py:500} INFO - Filling up the DagBag from /home/airflow/.local/lib/python3.7/site-packages/airflow/example_dags/example_bash_operator.py
[2022-05-11 07:25:41,121] {processor.py:652} INFO - DAG(s) dict_keys(['example_bash_operator']) retrieved from /home/airflow/.local/lib/python3.7/site-packages/airflow/example_dags/example_bash_operator.py
[2022-05-11 07:25:41,142] {logging_mixin.py:109} INFO - [2022-05-11 07:25:41,142] {dag.py:2398} INFO - Sync 1 DAGs
[2022-05-11 07:25:41,158] {logging_mixin.py:109} INFO - [2022-05-11 07:25:41,157] {dag.py:2937} INFO - Setting next_dagrun for example_bash_operator to 2022-05-10 00:00:00+00:00
[2022-05-11 07:25:41,175] {processor.py:171} INFO - Processing /home/airflow/.local/lib/python3.7/site-packages/airflow/example_dags/example_bash_operator.py took 0.076 seconds
[2022-05-11 07:26:11,433] {processor.py:163} INFO - Started process (PID=431) to work on /home/airflow/.local/lib/python3.7/site-packages/airflow/example_dags/example_bash_operator.py
[2022-05-11 07:26:11,435] {processor.py:642} INFO - Processing file /home/airflow/.local/lib/python3.7/site-packages/airflow/example_dags/example_bash_operator.py for tasks to queue
[2022-05-11 07:26:11,435] {logging_mixin.py:109} INFO - [2022-05-11 07:26:11,435] {dagbag.py:500} INFO - Filling up the DagBag from /home/airflow/.local/lib/python3.7/site-packages/airflow/example_dags/example_bash_operator.py
[2022-05-11 07:26:11,452] {processor.py:652} INFO - DAG(s) dict_keys(['example_bash_operator']) retrieved from /home/airflow/.local/lib/python3.7/site-packages/airflow/example_dags/example_bash_operator.py
[2022-05-11 07:26:11,470] {logging_mixin.py:109} INFO - [2022-05-11 07:26:11,470] {dag.py:2398} INFO - Sync 1 DAGs
[2022-05-11 07:26:11,485] {logging_mixin.py:109} INFO - [2022-05-11 07:26:11,485] {dag.py:2937} INFO - Setting next_dagrun for example_bash_operator to 2022-05-10 00:00:00+00:00
[2022-05-11 07:26:11,498] {processor.py:171} INFO - Processing /home/airflow/.local/lib/python3.7/site-packages/airflow/example_dags/example_bash_operator.py took 0.068 seconds
[2022-05-11 07:26:42,322] {processor.py:163} INFO - Started process (PID=495) to work on /home/airflow/.local/lib/python3.7/site-packages/airflow/example_dags/example_bash_operator.py
[2022-05-11 07:26:42,323] {processor.py:642} INFO - Processing file /home/airflow/.local/lib/python3.7/site-packages/airflow/example_dags/example_bash_operator.py for tasks to queue
[2022-05-11 07:26:42,324] {logging_mixin.py:109} INFO - [2022-05-11 07:26:42,324] {dagbag.py:500} INFO - Filling up the DagBag from /home/airflow/.local/lib/python3.7/site-packages/airflow/example_dags/example_bash_operator.py
[2022-05-11 07:26:42,345] {processor.py:652} INFO - DAG(s) dict_keys(['example_bash_operator']) retrieved from /home/airflow/.local/lib/python3.7/site-packages/airflow/example_dags/example_bash_operator.py
[2022-05-11 07:26:42,362] {logging_mixin.py:109} INFO - [2022-05-11 07:26:42,362] {dag.py:2398} INFO - Sync 1 DAGs
[2022-05-11 07:26:42,376] {logging_mixin.py:109} INFO - [2022-05-11 07:26:42,376] {dag.py:2937} INFO - Setting next_dagrun for example_bash_operator to 2022-05-10 00:00:00+00:00
[2022-05-11 07:26:42,391] {processor.py:171} INFO - Processing /home/airflow/.local/lib/python3.7/site-packages/airflow/example_dags/example_bash_operator.py took 0.073 seconds
[2022-05-11 07:27:13,073] {processor.py:163} INFO - Started process (PID=568) to work on /home/airflow/.local/lib/python3.7/site-packages/airflow/example_dags/example_bash_operator.py
[2022-05-11 07:27:13,075] {processor.py:642} INFO - Processing file /home/airflow/.local/lib/python3.7/site-packages/airflow/example_dags/example_bash_operator.py for tasks to queue
[2022-05-11 07:27:13,075] {logging_mixin.py:109} INFO - [2022-05-11 07:27:13,075] {dagbag.py:500} INFO - Filling up the DagBag from /home/airflow/.local/lib/python3.7/site-packages/airflow/example_dags/example_bash_operator.py
[2022-05-11 07:27:13,092] {processor.py:652} INFO - DAG(s) dict_keys(['example_bash_operator']) retrieved from /home/airflow/.local/lib/python3.7/site-packages/airflow/example_dags/example_bash_operator.py
[2022-05-11 07:27:13,110] {logging_mixin.py:109} INFO - [2022-05-11 07:27:13,110] {dag.py:2398} INFO - Sync 1 DAGs
[2022-05-11 07:27:13,124] {logging_mixin.py:109} INFO - [2022-05-11 07:27:13,124] {dag.py:2937} INFO - Setting next_dagrun for example_bash_operator to 2022-05-10 00:00:00+00:00
[2022-05-11 07:27:13,136] {processor.py:171} INFO - Processing /home/airflow/.local/lib/python3.7/site-packages/airflow/example_dags/example_bash_operator.py took 0.066 seconds
[2022-05-11 07:27:44,277] {processor.py:163} INFO - Started process (PID=642) to work on /home/airflow/.local/lib/python3.7/site-packages/airflow/example_dags/example_bash_operator.py
[2022-05-11 07:27:44,279] {processor.py:642} INFO - Processing file /home/airflow/.local/lib/python3.7/site-packages/airflow/example_dags/example_bash_operator.py for tasks to queue
[2022-05-11 07:27:44,280] {logging_mixin.py:109} INFO - [2022-05-11 07:27:44,280] {dagbag.py:500} INFO - Filling up the DagBag from /home/airflow/.local/lib/python3.7/site-packages/airflow/example_dags/example_bash_operator.py
[2022-05-11 07:27:44,306] {processor.py:652} INFO - DAG(s) dict_keys(['example_bash_operator']) retrieved from /home/airflow/.local/lib/python3.7/site-packages/airflow/example_dags/example_bash_operator.py
[2022-05-11 07:27:44,328] {logging_mixin.py:109} INFO - [2022-05-11 07:27:44,328] {dag.py:2398} INFO - Sync 1 DAGs
[2022-05-11 07:27:44,345] {logging_mixin.py:109} INFO - [2022-05-11 07:27:44,344] {dag.py:2937} INFO - Setting next_dagrun for example_bash_operator to 2022-05-10 00:00:00+00:00
[2022-05-11 07:27:44,358] {processor.py:171} INFO - Processing /home/airflow/.local/lib/python3.7/site-packages/airflow/example_dags/example_bash_operator.py took 0.085 seconds
