[2022-05-11 06:56:01,669] {processor.py:163} INFO - Started process (PID=28864) to work on /home/airflow/.local/lib/python3.7/site-packages/airflow/example_dags/example_branch_operator.py
[2022-05-11 06:56:01,682] {processor.py:642} INFO - Processing file /home/airflow/.local/lib/python3.7/site-packages/airflow/example_dags/example_branch_operator.py for tasks to queue
[2022-05-11 06:56:01,693] {logging_mixin.py:109} INFO - [2022-05-11 06:56:01,693] {dagbag.py:500} INFO - Filling up the DagBag from /home/airflow/.local/lib/python3.7/site-packages/airflow/example_dags/example_branch_operator.py
[2022-05-11 06:56:01,752] {processor.py:652} INFO - DAG(s) dict_keys(['example_branch_operator']) retrieved from /home/airflow/.local/lib/python3.7/site-packages/airflow/example_dags/example_branch_operator.py
[2022-05-11 06:56:01,805] {logging_mixin.py:109} INFO - [2022-05-11 06:56:01,804] {dag.py:2398} INFO - Sync 1 DAGs
[2022-05-11 06:56:01,866] {logging_mixin.py:109} INFO - [2022-05-11 06:56:01,866] {dag.py:2937} INFO - Setting next_dagrun for example_branch_operator to 2022-05-10 00:00:00+00:00
[2022-05-11 06:56:01,898] {processor.py:171} INFO - Processing /home/airflow/.local/lib/python3.7/site-packages/airflow/example_dags/example_branch_operator.py took 0.233 seconds
[2022-05-11 06:56:32,067] {processor.py:163} INFO - Started process (PID=28928) to work on /home/airflow/.local/lib/python3.7/site-packages/airflow/example_dags/example_branch_operator.py
[2022-05-11 06:56:32,069] {processor.py:642} INFO - Processing file /home/airflow/.local/lib/python3.7/site-packages/airflow/example_dags/example_branch_operator.py for tasks to queue
[2022-05-11 06:56:32,070] {logging_mixin.py:109} INFO - [2022-05-11 06:56:32,070] {dagbag.py:500} INFO - Filling up the DagBag from /home/airflow/.local/lib/python3.7/site-packages/airflow/example_dags/example_branch_operator.py
[2022-05-11 06:56:32,086] {processor.py:652} INFO - DAG(s) dict_keys(['example_branch_operator']) retrieved from /home/airflow/.local/lib/python3.7/site-packages/airflow/example_dags/example_branch_operator.py
[2022-05-11 06:56:32,108] {logging_mixin.py:109} INFO - [2022-05-11 06:56:32,108] {dag.py:2398} INFO - Sync 1 DAGs
[2022-05-11 06:56:32,122] {logging_mixin.py:109} INFO - [2022-05-11 06:56:32,122] {dag.py:2937} INFO - Setting next_dagrun for example_branch_operator to 2022-05-10 00:00:00+00:00
[2022-05-11 06:56:32,136] {processor.py:171} INFO - Processing /home/airflow/.local/lib/python3.7/site-packages/airflow/example_dags/example_branch_operator.py took 0.073 seconds
[2022-05-11 06:57:02,362] {processor.py:163} INFO - Started process (PID=29000) to work on /home/airflow/.local/lib/python3.7/site-packages/airflow/example_dags/example_branch_operator.py
[2022-05-11 06:57:02,364] {processor.py:642} INFO - Processing file /home/airflow/.local/lib/python3.7/site-packages/airflow/example_dags/example_branch_operator.py for tasks to queue
[2022-05-11 06:57:02,365] {logging_mixin.py:109} INFO - [2022-05-11 06:57:02,365] {dagbag.py:500} INFO - Filling up the DagBag from /home/airflow/.local/lib/python3.7/site-packages/airflow/example_dags/example_branch_operator.py
[2022-05-11 06:57:02,384] {processor.py:652} INFO - DAG(s) dict_keys(['example_branch_operator']) retrieved from /home/airflow/.local/lib/python3.7/site-packages/airflow/example_dags/example_branch_operator.py
[2022-05-11 06:57:02,406] {logging_mixin.py:109} INFO - [2022-05-11 06:57:02,406] {dag.py:2398} INFO - Sync 1 DAGs
[2022-05-11 06:57:02,420] {logging_mixin.py:109} INFO - [2022-05-11 06:57:02,420] {dag.py:2937} INFO - Setting next_dagrun for example_branch_operator to 2022-05-10 00:00:00+00:00
[2022-05-11 06:57:02,433] {processor.py:171} INFO - Processing /home/airflow/.local/lib/python3.7/site-packages/airflow/example_dags/example_branch_operator.py took 0.075 seconds
[2022-05-11 06:57:32,740] {processor.py:163} INFO - Started process (PID=29064) to work on /home/airflow/.local/lib/python3.7/site-packages/airflow/example_dags/example_branch_operator.py
[2022-05-11 06:57:32,742] {processor.py:642} INFO - Processing file /home/airflow/.local/lib/python3.7/site-packages/airflow/example_dags/example_branch_operator.py for tasks to queue
[2022-05-11 06:57:32,743] {logging_mixin.py:109} INFO - [2022-05-11 06:57:32,743] {dagbag.py:500} INFO - Filling up the DagBag from /home/airflow/.local/lib/python3.7/site-packages/airflow/example_dags/example_branch_operator.py
[2022-05-11 06:57:32,760] {processor.py:652} INFO - DAG(s) dict_keys(['example_branch_operator']) retrieved from /home/airflow/.local/lib/python3.7/site-packages/airflow/example_dags/example_branch_operator.py
[2022-05-11 06:57:32,780] {logging_mixin.py:109} INFO - [2022-05-11 06:57:32,780] {dag.py:2398} INFO - Sync 1 DAGs
[2022-05-11 06:57:32,795] {logging_mixin.py:109} INFO - [2022-05-11 06:57:32,795] {dag.py:2937} INFO - Setting next_dagrun for example_branch_operator to 2022-05-10 00:00:00+00:00
[2022-05-11 06:57:32,808] {processor.py:171} INFO - Processing /home/airflow/.local/lib/python3.7/site-packages/airflow/example_dags/example_branch_operator.py took 0.072 seconds
[2022-05-11 06:58:03,192] {processor.py:163} INFO - Started process (PID=29137) to work on /home/airflow/.local/lib/python3.7/site-packages/airflow/example_dags/example_branch_operator.py
[2022-05-11 06:58:03,193] {processor.py:642} INFO - Processing file /home/airflow/.local/lib/python3.7/site-packages/airflow/example_dags/example_branch_operator.py for tasks to queue
[2022-05-11 06:58:03,194] {logging_mixin.py:109} INFO - [2022-05-11 06:58:03,194] {dagbag.py:500} INFO - Filling up the DagBag from /home/airflow/.local/lib/python3.7/site-packages/airflow/example_dags/example_branch_operator.py
[2022-05-11 06:58:03,212] {processor.py:652} INFO - DAG(s) dict_keys(['example_branch_operator']) retrieved from /home/airflow/.local/lib/python3.7/site-packages/airflow/example_dags/example_branch_operator.py
[2022-05-11 06:58:03,233] {logging_mixin.py:109} INFO - [2022-05-11 06:58:03,233] {dag.py:2398} INFO - Sync 1 DAGs
[2022-05-11 06:58:03,249] {logging_mixin.py:109} INFO - [2022-05-11 06:58:03,249] {dag.py:2937} INFO - Setting next_dagrun for example_branch_operator to 2022-05-10 00:00:00+00:00
[2022-05-11 06:58:03,264] {processor.py:171} INFO - Processing /home/airflow/.local/lib/python3.7/site-packages/airflow/example_dags/example_branch_operator.py took 0.077 seconds
[2022-05-11 06:58:33,626] {processor.py:163} INFO - Started process (PID=29209) to work on /home/airflow/.local/lib/python3.7/site-packages/airflow/example_dags/example_branch_operator.py
[2022-05-11 06:58:33,627] {processor.py:642} INFO - Processing file /home/airflow/.local/lib/python3.7/site-packages/airflow/example_dags/example_branch_operator.py for tasks to queue
[2022-05-11 06:58:33,628] {logging_mixin.py:109} INFO - [2022-05-11 06:58:33,628] {dagbag.py:500} INFO - Filling up the DagBag from /home/airflow/.local/lib/python3.7/site-packages/airflow/example_dags/example_branch_operator.py
[2022-05-11 06:58:33,650] {processor.py:652} INFO - DAG(s) dict_keys(['example_branch_operator']) retrieved from /home/airflow/.local/lib/python3.7/site-packages/airflow/example_dags/example_branch_operator.py
[2022-05-11 06:58:33,672] {logging_mixin.py:109} INFO - [2022-05-11 06:58:33,672] {dag.py:2398} INFO - Sync 1 DAGs
[2022-05-11 06:58:33,691] {logging_mixin.py:109} INFO - [2022-05-11 06:58:33,691] {dag.py:2937} INFO - Setting next_dagrun for example_branch_operator to 2022-05-10 00:00:00+00:00
[2022-05-11 06:58:33,706] {processor.py:171} INFO - Processing /home/airflow/.local/lib/python3.7/site-packages/airflow/example_dags/example_branch_operator.py took 0.083 seconds
[2022-05-11 06:59:03,968] {processor.py:163} INFO - Started process (PID=29271) to work on /home/airflow/.local/lib/python3.7/site-packages/airflow/example_dags/example_branch_operator.py
[2022-05-11 06:59:03,971] {processor.py:642} INFO - Processing file /home/airflow/.local/lib/python3.7/site-packages/airflow/example_dags/example_branch_operator.py for tasks to queue
[2022-05-11 06:59:03,972] {logging_mixin.py:109} INFO - [2022-05-11 06:59:03,972] {dagbag.py:500} INFO - Filling up the DagBag from /home/airflow/.local/lib/python3.7/site-packages/airflow/example_dags/example_branch_operator.py
[2022-05-11 06:59:03,990] {processor.py:652} INFO - DAG(s) dict_keys(['example_branch_operator']) retrieved from /home/airflow/.local/lib/python3.7/site-packages/airflow/example_dags/example_branch_operator.py
[2022-05-11 06:59:04,016] {logging_mixin.py:109} INFO - [2022-05-11 06:59:04,016] {dag.py:2398} INFO - Sync 1 DAGs
[2022-05-11 06:59:04,038] {logging_mixin.py:109} INFO - [2022-05-11 06:59:04,037] {dag.py:2937} INFO - Setting next_dagrun for example_branch_operator to 2022-05-10 00:00:00+00:00
[2022-05-11 06:59:04,053] {processor.py:171} INFO - Processing /home/airflow/.local/lib/python3.7/site-packages/airflow/example_dags/example_branch_operator.py took 0.087 seconds
[2022-05-11 06:59:34,836] {processor.py:163} INFO - Started process (PID=29344) to work on /home/airflow/.local/lib/python3.7/site-packages/airflow/example_dags/example_branch_operator.py
[2022-05-11 06:59:34,838] {processor.py:642} INFO - Processing file /home/airflow/.local/lib/python3.7/site-packages/airflow/example_dags/example_branch_operator.py for tasks to queue
[2022-05-11 06:59:34,840] {logging_mixin.py:109} INFO - [2022-05-11 06:59:34,840] {dagbag.py:500} INFO - Filling up the DagBag from /home/airflow/.local/lib/python3.7/site-packages/airflow/example_dags/example_branch_operator.py
[2022-05-11 06:59:34,863] {processor.py:652} INFO - DAG(s) dict_keys(['example_branch_operator']) retrieved from /home/airflow/.local/lib/python3.7/site-packages/airflow/example_dags/example_branch_operator.py
[2022-05-11 06:59:34,886] {logging_mixin.py:109} INFO - [2022-05-11 06:59:34,886] {dag.py:2398} INFO - Sync 1 DAGs
[2022-05-11 06:59:34,906] {logging_mixin.py:109} INFO - [2022-05-11 06:59:34,906] {dag.py:2937} INFO - Setting next_dagrun for example_branch_operator to 2022-05-10 00:00:00+00:00
[2022-05-11 06:59:34,925] {processor.py:171} INFO - Processing /home/airflow/.local/lib/python3.7/site-packages/airflow/example_dags/example_branch_operator.py took 0.092 seconds
[2022-05-11 07:00:05,587] {processor.py:163} INFO - Started process (PID=29408) to work on /home/airflow/.local/lib/python3.7/site-packages/airflow/example_dags/example_branch_operator.py
[2022-05-11 07:00:05,590] {processor.py:642} INFO - Processing file /home/airflow/.local/lib/python3.7/site-packages/airflow/example_dags/example_branch_operator.py for tasks to queue
[2022-05-11 07:00:05,591] {logging_mixin.py:109} INFO - [2022-05-11 07:00:05,591] {dagbag.py:500} INFO - Filling up the DagBag from /home/airflow/.local/lib/python3.7/site-packages/airflow/example_dags/example_branch_operator.py
[2022-05-11 07:00:05,608] {processor.py:652} INFO - DAG(s) dict_keys(['example_branch_operator']) retrieved from /home/airflow/.local/lib/python3.7/site-packages/airflow/example_dags/example_branch_operator.py
[2022-05-11 07:00:05,627] {logging_mixin.py:109} INFO - [2022-05-11 07:00:05,626] {dag.py:2398} INFO - Sync 1 DAGs
[2022-05-11 07:00:05,640] {logging_mixin.py:109} INFO - [2022-05-11 07:00:05,639] {dag.py:2937} INFO - Setting next_dagrun for example_branch_operator to 2022-05-10 00:00:00+00:00
[2022-05-11 07:00:05,654] {processor.py:171} INFO - Processing /home/airflow/.local/lib/python3.7/site-packages/airflow/example_dags/example_branch_operator.py took 0.070 seconds
[2022-05-11 07:00:36,040] {processor.py:163} INFO - Started process (PID=29482) to work on /home/airflow/.local/lib/python3.7/site-packages/airflow/example_dags/example_branch_operator.py
[2022-05-11 07:00:36,041] {processor.py:642} INFO - Processing file /home/airflow/.local/lib/python3.7/site-packages/airflow/example_dags/example_branch_operator.py for tasks to queue
[2022-05-11 07:00:36,042] {logging_mixin.py:109} INFO - [2022-05-11 07:00:36,042] {dagbag.py:500} INFO - Filling up the DagBag from /home/airflow/.local/lib/python3.7/site-packages/airflow/example_dags/example_branch_operator.py
[2022-05-11 07:00:36,060] {processor.py:652} INFO - DAG(s) dict_keys(['example_branch_operator']) retrieved from /home/airflow/.local/lib/python3.7/site-packages/airflow/example_dags/example_branch_operator.py
[2022-05-11 07:00:36,080] {logging_mixin.py:109} INFO - [2022-05-11 07:00:36,080] {dag.py:2398} INFO - Sync 1 DAGs
[2022-05-11 07:00:36,100] {logging_mixin.py:109} INFO - [2022-05-11 07:00:36,100] {dag.py:2937} INFO - Setting next_dagrun for example_branch_operator to 2022-05-10 00:00:00+00:00
[2022-05-11 07:00:36,111] {processor.py:171} INFO - Processing /home/airflow/.local/lib/python3.7/site-packages/airflow/example_dags/example_branch_operator.py took 0.076 seconds
[2022-05-11 07:01:06,380] {processor.py:163} INFO - Started process (PID=29544) to work on /home/airflow/.local/lib/python3.7/site-packages/airflow/example_dags/example_branch_operator.py
[2022-05-11 07:01:06,382] {processor.py:642} INFO - Processing file /home/airflow/.local/lib/python3.7/site-packages/airflow/example_dags/example_branch_operator.py for tasks to queue
[2022-05-11 07:01:06,383] {logging_mixin.py:109} INFO - [2022-05-11 07:01:06,383] {dagbag.py:500} INFO - Filling up the DagBag from /home/airflow/.local/lib/python3.7/site-packages/airflow/example_dags/example_branch_operator.py
[2022-05-11 07:01:06,406] {processor.py:652} INFO - DAG(s) dict_keys(['example_branch_operator']) retrieved from /home/airflow/.local/lib/python3.7/site-packages/airflow/example_dags/example_branch_operator.py
[2022-05-11 07:01:06,504] {logging_mixin.py:109} INFO - [2022-05-11 07:01:06,504] {dag.py:2398} INFO - Sync 1 DAGs
[2022-05-11 07:01:06,523] {logging_mixin.py:109} INFO - [2022-05-11 07:01:06,523] {dag.py:2937} INFO - Setting next_dagrun for example_branch_operator to 2022-05-10 00:00:00+00:00
[2022-05-11 07:01:06,537] {processor.py:171} INFO - Processing /home/airflow/.local/lib/python3.7/site-packages/airflow/example_dags/example_branch_operator.py took 0.160 seconds
[2022-05-11 07:01:36,625] {processor.py:163} INFO - Started process (PID=29617) to work on /home/airflow/.local/lib/python3.7/site-packages/airflow/example_dags/example_branch_operator.py
[2022-05-11 07:01:36,627] {processor.py:642} INFO - Processing file /home/airflow/.local/lib/python3.7/site-packages/airflow/example_dags/example_branch_operator.py for tasks to queue
[2022-05-11 07:01:36,628] {logging_mixin.py:109} INFO - [2022-05-11 07:01:36,628] {dagbag.py:500} INFO - Filling up the DagBag from /home/airflow/.local/lib/python3.7/site-packages/airflow/example_dags/example_branch_operator.py
[2022-05-11 07:01:36,644] {processor.py:652} INFO - DAG(s) dict_keys(['example_branch_operator']) retrieved from /home/airflow/.local/lib/python3.7/site-packages/airflow/example_dags/example_branch_operator.py
[2022-05-11 07:01:36,665] {logging_mixin.py:109} INFO - [2022-05-11 07:01:36,665] {dag.py:2398} INFO - Sync 1 DAGs
[2022-05-11 07:01:36,681] {logging_mixin.py:109} INFO - [2022-05-11 07:01:36,681] {dag.py:2937} INFO - Setting next_dagrun for example_branch_operator to 2022-05-10 00:00:00+00:00
[2022-05-11 07:01:36,696] {processor.py:171} INFO - Processing /home/airflow/.local/lib/python3.7/site-packages/airflow/example_dags/example_branch_operator.py took 0.075 seconds
[2022-05-11 07:02:07,252] {processor.py:163} INFO - Started process (PID=29680) to work on /home/airflow/.local/lib/python3.7/site-packages/airflow/example_dags/example_branch_operator.py
[2022-05-11 07:02:07,253] {processor.py:642} INFO - Processing file /home/airflow/.local/lib/python3.7/site-packages/airflow/example_dags/example_branch_operator.py for tasks to queue
[2022-05-11 07:02:07,254] {logging_mixin.py:109} INFO - [2022-05-11 07:02:07,254] {dagbag.py:500} INFO - Filling up the DagBag from /home/airflow/.local/lib/python3.7/site-packages/airflow/example_dags/example_branch_operator.py
[2022-05-11 07:02:07,271] {processor.py:652} INFO - DAG(s) dict_keys(['example_branch_operator']) retrieved from /home/airflow/.local/lib/python3.7/site-packages/airflow/example_dags/example_branch_operator.py
[2022-05-11 07:02:07,297] {logging_mixin.py:109} INFO - [2022-05-11 07:02:07,297] {dag.py:2398} INFO - Sync 1 DAGs
[2022-05-11 07:02:07,310] {logging_mixin.py:109} INFO - [2022-05-11 07:02:07,310] {dag.py:2937} INFO - Setting next_dagrun for example_branch_operator to 2022-05-10 00:00:00+00:00
[2022-05-11 07:02:07,326] {processor.py:171} INFO - Processing /home/airflow/.local/lib/python3.7/site-packages/airflow/example_dags/example_branch_operator.py took 0.078 seconds
[2022-05-11 07:02:37,857] {processor.py:163} INFO - Started process (PID=29754) to work on /home/airflow/.local/lib/python3.7/site-packages/airflow/example_dags/example_branch_operator.py
[2022-05-11 07:02:37,859] {processor.py:642} INFO - Processing file /home/airflow/.local/lib/python3.7/site-packages/airflow/example_dags/example_branch_operator.py for tasks to queue
[2022-05-11 07:02:37,860] {logging_mixin.py:109} INFO - [2022-05-11 07:02:37,860] {dagbag.py:500} INFO - Filling up the DagBag from /home/airflow/.local/lib/python3.7/site-packages/airflow/example_dags/example_branch_operator.py
[2022-05-11 07:02:37,879] {processor.py:652} INFO - DAG(s) dict_keys(['example_branch_operator']) retrieved from /home/airflow/.local/lib/python3.7/site-packages/airflow/example_dags/example_branch_operator.py
[2022-05-11 07:02:37,911] {logging_mixin.py:109} INFO - [2022-05-11 07:02:37,911] {dag.py:2398} INFO - Sync 1 DAGs
[2022-05-11 07:02:37,927] {logging_mixin.py:109} INFO - [2022-05-11 07:02:37,927] {dag.py:2937} INFO - Setting next_dagrun for example_branch_operator to 2022-05-10 00:00:00+00:00
[2022-05-11 07:02:37,944] {processor.py:171} INFO - Processing /home/airflow/.local/lib/python3.7/site-packages/airflow/example_dags/example_branch_operator.py took 0.091 seconds
[2022-05-11 07:03:08,390] {processor.py:163} INFO - Started process (PID=29817) to work on /home/airflow/.local/lib/python3.7/site-packages/airflow/example_dags/example_branch_operator.py
[2022-05-11 07:03:08,391] {processor.py:642} INFO - Processing file /home/airflow/.local/lib/python3.7/site-packages/airflow/example_dags/example_branch_operator.py for tasks to queue
[2022-05-11 07:03:08,392] {logging_mixin.py:109} INFO - [2022-05-11 07:03:08,392] {dagbag.py:500} INFO - Filling up the DagBag from /home/airflow/.local/lib/python3.7/site-packages/airflow/example_dags/example_branch_operator.py
[2022-05-11 07:03:08,414] {processor.py:652} INFO - DAG(s) dict_keys(['example_branch_operator']) retrieved from /home/airflow/.local/lib/python3.7/site-packages/airflow/example_dags/example_branch_operator.py
[2022-05-11 07:03:08,434] {logging_mixin.py:109} INFO - [2022-05-11 07:03:08,433] {dag.py:2398} INFO - Sync 1 DAGs
[2022-05-11 07:03:08,447] {logging_mixin.py:109} INFO - [2022-05-11 07:03:08,447] {dag.py:2937} INFO - Setting next_dagrun for example_branch_operator to 2022-05-10 00:00:00+00:00
[2022-05-11 07:03:08,459] {processor.py:171} INFO - Processing /home/airflow/.local/lib/python3.7/site-packages/airflow/example_dags/example_branch_operator.py took 0.072 seconds
[2022-05-11 07:03:39,068] {processor.py:163} INFO - Started process (PID=29888) to work on /home/airflow/.local/lib/python3.7/site-packages/airflow/example_dags/example_branch_operator.py
[2022-05-11 07:03:39,070] {processor.py:642} INFO - Processing file /home/airflow/.local/lib/python3.7/site-packages/airflow/example_dags/example_branch_operator.py for tasks to queue
[2022-05-11 07:03:39,071] {logging_mixin.py:109} INFO - [2022-05-11 07:03:39,071] {dagbag.py:500} INFO - Filling up the DagBag from /home/airflow/.local/lib/python3.7/site-packages/airflow/example_dags/example_branch_operator.py
[2022-05-11 07:03:39,092] {processor.py:652} INFO - DAG(s) dict_keys(['example_branch_operator']) retrieved from /home/airflow/.local/lib/python3.7/site-packages/airflow/example_dags/example_branch_operator.py
[2022-05-11 07:03:39,122] {logging_mixin.py:109} INFO - [2022-05-11 07:03:39,122] {dag.py:2398} INFO - Sync 1 DAGs
[2022-05-11 07:03:39,144] {logging_mixin.py:109} INFO - [2022-05-11 07:03:39,144] {dag.py:2937} INFO - Setting next_dagrun for example_branch_operator to 2022-05-10 00:00:00+00:00
[2022-05-11 07:03:39,160] {processor.py:171} INFO - Processing /home/airflow/.local/lib/python3.7/site-packages/airflow/example_dags/example_branch_operator.py took 0.095 seconds
[2022-05-11 07:04:09,812] {processor.py:163} INFO - Started process (PID=29959) to work on /home/airflow/.local/lib/python3.7/site-packages/airflow/example_dags/example_branch_operator.py
[2022-05-11 07:04:09,814] {processor.py:642} INFO - Processing file /home/airflow/.local/lib/python3.7/site-packages/airflow/example_dags/example_branch_operator.py for tasks to queue
[2022-05-11 07:04:09,815] {logging_mixin.py:109} INFO - [2022-05-11 07:04:09,815] {dagbag.py:500} INFO - Filling up the DagBag from /home/airflow/.local/lib/python3.7/site-packages/airflow/example_dags/example_branch_operator.py
[2022-05-11 07:04:09,834] {processor.py:652} INFO - DAG(s) dict_keys(['example_branch_operator']) retrieved from /home/airflow/.local/lib/python3.7/site-packages/airflow/example_dags/example_branch_operator.py
[2022-05-11 07:04:09,856] {logging_mixin.py:109} INFO - [2022-05-11 07:04:09,856] {dag.py:2398} INFO - Sync 1 DAGs
[2022-05-11 07:04:09,874] {logging_mixin.py:109} INFO - [2022-05-11 07:04:09,874] {dag.py:2937} INFO - Setting next_dagrun for example_branch_operator to 2022-05-10 00:00:00+00:00
[2022-05-11 07:04:09,888] {processor.py:171} INFO - Processing /home/airflow/.local/lib/python3.7/site-packages/airflow/example_dags/example_branch_operator.py took 0.079 seconds
[2022-05-11 07:04:40,245] {processor.py:163} INFO - Started process (PID=30024) to work on /home/airflow/.local/lib/python3.7/site-packages/airflow/example_dags/example_branch_operator.py
[2022-05-11 07:04:40,246] {processor.py:642} INFO - Processing file /home/airflow/.local/lib/python3.7/site-packages/airflow/example_dags/example_branch_operator.py for tasks to queue
[2022-05-11 07:04:40,247] {logging_mixin.py:109} INFO - [2022-05-11 07:04:40,247] {dagbag.py:500} INFO - Filling up the DagBag from /home/airflow/.local/lib/python3.7/site-packages/airflow/example_dags/example_branch_operator.py
[2022-05-11 07:04:40,264] {processor.py:652} INFO - DAG(s) dict_keys(['example_branch_operator']) retrieved from /home/airflow/.local/lib/python3.7/site-packages/airflow/example_dags/example_branch_operator.py
[2022-05-11 07:04:40,286] {logging_mixin.py:109} INFO - [2022-05-11 07:04:40,286] {dag.py:2398} INFO - Sync 1 DAGs
[2022-05-11 07:04:40,300] {logging_mixin.py:109} INFO - [2022-05-11 07:04:40,300] {dag.py:2937} INFO - Setting next_dagrun for example_branch_operator to 2022-05-10 00:00:00+00:00
[2022-05-11 07:04:40,315] {processor.py:171} INFO - Processing /home/airflow/.local/lib/python3.7/site-packages/airflow/example_dags/example_branch_operator.py took 0.073 seconds
[2022-05-11 07:05:10,775] {processor.py:163} INFO - Started process (PID=30098) to work on /home/airflow/.local/lib/python3.7/site-packages/airflow/example_dags/example_branch_operator.py
[2022-05-11 07:05:10,777] {processor.py:642} INFO - Processing file /home/airflow/.local/lib/python3.7/site-packages/airflow/example_dags/example_branch_operator.py for tasks to queue
[2022-05-11 07:05:10,778] {logging_mixin.py:109} INFO - [2022-05-11 07:05:10,778] {dagbag.py:500} INFO - Filling up the DagBag from /home/airflow/.local/lib/python3.7/site-packages/airflow/example_dags/example_branch_operator.py
[2022-05-11 07:05:10,797] {processor.py:652} INFO - DAG(s) dict_keys(['example_branch_operator']) retrieved from /home/airflow/.local/lib/python3.7/site-packages/airflow/example_dags/example_branch_operator.py
[2022-05-11 07:05:10,820] {logging_mixin.py:109} INFO - [2022-05-11 07:05:10,820] {dag.py:2398} INFO - Sync 1 DAGs
[2022-05-11 07:05:10,835] {logging_mixin.py:109} INFO - [2022-05-11 07:05:10,835] {dag.py:2937} INFO - Setting next_dagrun for example_branch_operator to 2022-05-10 00:00:00+00:00
[2022-05-11 07:05:10,846] {processor.py:171} INFO - Processing /home/airflow/.local/lib/python3.7/site-packages/airflow/example_dags/example_branch_operator.py took 0.075 seconds
[2022-05-11 07:05:41,206] {processor.py:163} INFO - Started process (PID=30162) to work on /home/airflow/.local/lib/python3.7/site-packages/airflow/example_dags/example_branch_operator.py
[2022-05-11 07:05:41,208] {processor.py:642} INFO - Processing file /home/airflow/.local/lib/python3.7/site-packages/airflow/example_dags/example_branch_operator.py for tasks to queue
[2022-05-11 07:05:41,209] {logging_mixin.py:109} INFO - [2022-05-11 07:05:41,209] {dagbag.py:500} INFO - Filling up the DagBag from /home/airflow/.local/lib/python3.7/site-packages/airflow/example_dags/example_branch_operator.py
[2022-05-11 07:05:41,224] {processor.py:652} INFO - DAG(s) dict_keys(['example_branch_operator']) retrieved from /home/airflow/.local/lib/python3.7/site-packages/airflow/example_dags/example_branch_operator.py
[2022-05-11 07:05:41,244] {logging_mixin.py:109} INFO - [2022-05-11 07:05:41,244] {dag.py:2398} INFO - Sync 1 DAGs
[2022-05-11 07:05:41,259] {logging_mixin.py:109} INFO - [2022-05-11 07:05:41,259] {dag.py:2937} INFO - Setting next_dagrun for example_branch_operator to 2022-05-10 00:00:00+00:00
[2022-05-11 07:05:41,274] {processor.py:171} INFO - Processing /home/airflow/.local/lib/python3.7/site-packages/airflow/example_dags/example_branch_operator.py took 0.072 seconds
[2022-05-11 07:06:11,685] {processor.py:163} INFO - Started process (PID=30234) to work on /home/airflow/.local/lib/python3.7/site-packages/airflow/example_dags/example_branch_operator.py
[2022-05-11 07:06:11,687] {processor.py:642} INFO - Processing file /home/airflow/.local/lib/python3.7/site-packages/airflow/example_dags/example_branch_operator.py for tasks to queue
[2022-05-11 07:06:11,688] {logging_mixin.py:109} INFO - [2022-05-11 07:06:11,688] {dagbag.py:500} INFO - Filling up the DagBag from /home/airflow/.local/lib/python3.7/site-packages/airflow/example_dags/example_branch_operator.py
[2022-05-11 07:06:11,702] {processor.py:652} INFO - DAG(s) dict_keys(['example_branch_operator']) retrieved from /home/airflow/.local/lib/python3.7/site-packages/airflow/example_dags/example_branch_operator.py
[2022-05-11 07:06:11,729] {logging_mixin.py:109} INFO - [2022-05-11 07:06:11,729] {dag.py:2398} INFO - Sync 1 DAGs
[2022-05-11 07:06:11,745] {logging_mixin.py:109} INFO - [2022-05-11 07:06:11,745] {dag.py:2937} INFO - Setting next_dagrun for example_branch_operator to 2022-05-10 00:00:00+00:00
[2022-05-11 07:06:11,758] {processor.py:171} INFO - Processing /home/airflow/.local/lib/python3.7/site-packages/airflow/example_dags/example_branch_operator.py took 0.076 seconds
[2022-05-11 07:06:42,157] {processor.py:163} INFO - Started process (PID=30296) to work on /home/airflow/.local/lib/python3.7/site-packages/airflow/example_dags/example_branch_operator.py
[2022-05-11 07:06:42,159] {processor.py:642} INFO - Processing file /home/airflow/.local/lib/python3.7/site-packages/airflow/example_dags/example_branch_operator.py for tasks to queue
[2022-05-11 07:06:42,160] {logging_mixin.py:109} INFO - [2022-05-11 07:06:42,160] {dagbag.py:500} INFO - Filling up the DagBag from /home/airflow/.local/lib/python3.7/site-packages/airflow/example_dags/example_branch_operator.py
[2022-05-11 07:06:42,174] {processor.py:652} INFO - DAG(s) dict_keys(['example_branch_operator']) retrieved from /home/airflow/.local/lib/python3.7/site-packages/airflow/example_dags/example_branch_operator.py
[2022-05-11 07:06:42,193] {logging_mixin.py:109} INFO - [2022-05-11 07:06:42,193] {dag.py:2398} INFO - Sync 1 DAGs
[2022-05-11 07:06:42,207] {logging_mixin.py:109} INFO - [2022-05-11 07:06:42,207] {dag.py:2937} INFO - Setting next_dagrun for example_branch_operator to 2022-05-10 00:00:00+00:00
[2022-05-11 07:06:42,220] {processor.py:171} INFO - Processing /home/airflow/.local/lib/python3.7/site-packages/airflow/example_dags/example_branch_operator.py took 0.066 seconds
[2022-05-11 07:07:12,805] {processor.py:163} INFO - Started process (PID=30367) to work on /home/airflow/.local/lib/python3.7/site-packages/airflow/example_dags/example_branch_operator.py
[2022-05-11 07:07:12,807] {processor.py:642} INFO - Processing file /home/airflow/.local/lib/python3.7/site-packages/airflow/example_dags/example_branch_operator.py for tasks to queue
[2022-05-11 07:07:12,808] {logging_mixin.py:109} INFO - [2022-05-11 07:07:12,808] {dagbag.py:500} INFO - Filling up the DagBag from /home/airflow/.local/lib/python3.7/site-packages/airflow/example_dags/example_branch_operator.py
[2022-05-11 07:07:12,825] {processor.py:652} INFO - DAG(s) dict_keys(['example_branch_operator']) retrieved from /home/airflow/.local/lib/python3.7/site-packages/airflow/example_dags/example_branch_operator.py
[2022-05-11 07:07:12,849] {logging_mixin.py:109} INFO - [2022-05-11 07:07:12,849] {dag.py:2398} INFO - Sync 1 DAGs
[2022-05-11 07:07:12,869] {logging_mixin.py:109} INFO - [2022-05-11 07:07:12,869] {dag.py:2937} INFO - Setting next_dagrun for example_branch_operator to 2022-05-10 00:00:00+00:00
[2022-05-11 07:07:12,885] {processor.py:171} INFO - Processing /home/airflow/.local/lib/python3.7/site-packages/airflow/example_dags/example_branch_operator.py took 0.083 seconds
[2022-05-11 07:07:43,801] {processor.py:163} INFO - Started process (PID=30440) to work on /home/airflow/.local/lib/python3.7/site-packages/airflow/example_dags/example_branch_operator.py
[2022-05-11 07:07:43,803] {processor.py:642} INFO - Processing file /home/airflow/.local/lib/python3.7/site-packages/airflow/example_dags/example_branch_operator.py for tasks to queue
[2022-05-11 07:07:43,804] {logging_mixin.py:109} INFO - [2022-05-11 07:07:43,804] {dagbag.py:500} INFO - Filling up the DagBag from /home/airflow/.local/lib/python3.7/site-packages/airflow/example_dags/example_branch_operator.py
[2022-05-11 07:07:43,819] {processor.py:652} INFO - DAG(s) dict_keys(['example_branch_operator']) retrieved from /home/airflow/.local/lib/python3.7/site-packages/airflow/example_dags/example_branch_operator.py
[2022-05-11 07:07:43,839] {logging_mixin.py:109} INFO - [2022-05-11 07:07:43,839] {dag.py:2398} INFO - Sync 1 DAGs
[2022-05-11 07:07:43,853] {logging_mixin.py:109} INFO - [2022-05-11 07:07:43,853] {dag.py:2937} INFO - Setting next_dagrun for example_branch_operator to 2022-05-10 00:00:00+00:00
[2022-05-11 07:07:43,867] {processor.py:171} INFO - Processing /home/airflow/.local/lib/python3.7/site-packages/airflow/example_dags/example_branch_operator.py took 0.069 seconds
[2022-05-11 07:08:14,236] {processor.py:163} INFO - Started process (PID=30503) to work on /home/airflow/.local/lib/python3.7/site-packages/airflow/example_dags/example_branch_operator.py
[2022-05-11 07:08:14,238] {processor.py:642} INFO - Processing file /home/airflow/.local/lib/python3.7/site-packages/airflow/example_dags/example_branch_operator.py for tasks to queue
[2022-05-11 07:08:14,239] {logging_mixin.py:109} INFO - [2022-05-11 07:08:14,239] {dagbag.py:500} INFO - Filling up the DagBag from /home/airflow/.local/lib/python3.7/site-packages/airflow/example_dags/example_branch_operator.py
[2022-05-11 07:08:14,257] {processor.py:652} INFO - DAG(s) dict_keys(['example_branch_operator']) retrieved from /home/airflow/.local/lib/python3.7/site-packages/airflow/example_dags/example_branch_operator.py
[2022-05-11 07:08:14,279] {logging_mixin.py:109} INFO - [2022-05-11 07:08:14,279] {dag.py:2398} INFO - Sync 1 DAGs
[2022-05-11 07:08:14,295] {logging_mixin.py:109} INFO - [2022-05-11 07:08:14,294] {dag.py:2937} INFO - Setting next_dagrun for example_branch_operator to 2022-05-10 00:00:00+00:00
[2022-05-11 07:08:14,309] {processor.py:171} INFO - Processing /home/airflow/.local/lib/python3.7/site-packages/airflow/example_dags/example_branch_operator.py took 0.077 seconds
[2022-05-11 07:08:44,748] {processor.py:163} INFO - Started process (PID=30575) to work on /home/airflow/.local/lib/python3.7/site-packages/airflow/example_dags/example_branch_operator.py
[2022-05-11 07:08:44,750] {processor.py:642} INFO - Processing file /home/airflow/.local/lib/python3.7/site-packages/airflow/example_dags/example_branch_operator.py for tasks to queue
[2022-05-11 07:08:44,751] {logging_mixin.py:109} INFO - [2022-05-11 07:08:44,751] {dagbag.py:500} INFO - Filling up the DagBag from /home/airflow/.local/lib/python3.7/site-packages/airflow/example_dags/example_branch_operator.py
[2022-05-11 07:08:44,768] {processor.py:652} INFO - DAG(s) dict_keys(['example_branch_operator']) retrieved from /home/airflow/.local/lib/python3.7/site-packages/airflow/example_dags/example_branch_operator.py
[2022-05-11 07:08:44,791] {logging_mixin.py:109} INFO - [2022-05-11 07:08:44,791] {dag.py:2398} INFO - Sync 1 DAGs
[2022-05-11 07:08:44,806] {logging_mixin.py:109} INFO - [2022-05-11 07:08:44,805] {dag.py:2937} INFO - Setting next_dagrun for example_branch_operator to 2022-05-10 00:00:00+00:00
[2022-05-11 07:08:44,820] {processor.py:171} INFO - Processing /home/airflow/.local/lib/python3.7/site-packages/airflow/example_dags/example_branch_operator.py took 0.074 seconds
[2022-05-11 07:09:15,443] {processor.py:163} INFO - Started process (PID=30638) to work on /home/airflow/.local/lib/python3.7/site-packages/airflow/example_dags/example_branch_operator.py
[2022-05-11 07:09:15,445] {processor.py:642} INFO - Processing file /home/airflow/.local/lib/python3.7/site-packages/airflow/example_dags/example_branch_operator.py for tasks to queue
[2022-05-11 07:09:15,446] {logging_mixin.py:109} INFO - [2022-05-11 07:09:15,446] {dagbag.py:500} INFO - Filling up the DagBag from /home/airflow/.local/lib/python3.7/site-packages/airflow/example_dags/example_branch_operator.py
[2022-05-11 07:09:15,463] {processor.py:652} INFO - DAG(s) dict_keys(['example_branch_operator']) retrieved from /home/airflow/.local/lib/python3.7/site-packages/airflow/example_dags/example_branch_operator.py
[2022-05-11 07:09:15,486] {logging_mixin.py:109} INFO - [2022-05-11 07:09:15,486] {dag.py:2398} INFO - Sync 1 DAGs
[2022-05-11 07:09:15,501] {logging_mixin.py:109} INFO - [2022-05-11 07:09:15,501] {dag.py:2937} INFO - Setting next_dagrun for example_branch_operator to 2022-05-10 00:00:00+00:00
[2022-05-11 07:09:15,515] {processor.py:171} INFO - Processing /home/airflow/.local/lib/python3.7/site-packages/airflow/example_dags/example_branch_operator.py took 0.075 seconds
[2022-05-11 07:09:45,977] {processor.py:163} INFO - Started process (PID=30709) to work on /home/airflow/.local/lib/python3.7/site-packages/airflow/example_dags/example_branch_operator.py
[2022-05-11 07:09:45,978] {processor.py:642} INFO - Processing file /home/airflow/.local/lib/python3.7/site-packages/airflow/example_dags/example_branch_operator.py for tasks to queue
[2022-05-11 07:09:45,979] {logging_mixin.py:109} INFO - [2022-05-11 07:09:45,979] {dagbag.py:500} INFO - Filling up the DagBag from /home/airflow/.local/lib/python3.7/site-packages/airflow/example_dags/example_branch_operator.py
[2022-05-11 07:09:45,996] {processor.py:652} INFO - DAG(s) dict_keys(['example_branch_operator']) retrieved from /home/airflow/.local/lib/python3.7/site-packages/airflow/example_dags/example_branch_operator.py
[2022-05-11 07:09:46,015] {logging_mixin.py:109} INFO - [2022-05-11 07:09:46,014] {dag.py:2398} INFO - Sync 1 DAGs
[2022-05-11 07:09:46,027] {logging_mixin.py:109} INFO - [2022-05-11 07:09:46,027] {dag.py:2937} INFO - Setting next_dagrun for example_branch_operator to 2022-05-10 00:00:00+00:00
[2022-05-11 07:09:46,041] {processor.py:171} INFO - Processing /home/airflow/.local/lib/python3.7/site-packages/airflow/example_dags/example_branch_operator.py took 0.067 seconds
[2022-05-11 07:10:16,458] {processor.py:163} INFO - Started process (PID=30772) to work on /home/airflow/.local/lib/python3.7/site-packages/airflow/example_dags/example_branch_operator.py
[2022-05-11 07:10:16,460] {processor.py:642} INFO - Processing file /home/airflow/.local/lib/python3.7/site-packages/airflow/example_dags/example_branch_operator.py for tasks to queue
[2022-05-11 07:10:16,461] {logging_mixin.py:109} INFO - [2022-05-11 07:10:16,461] {dagbag.py:500} INFO - Filling up the DagBag from /home/airflow/.local/lib/python3.7/site-packages/airflow/example_dags/example_branch_operator.py
[2022-05-11 07:10:16,477] {processor.py:652} INFO - DAG(s) dict_keys(['example_branch_operator']) retrieved from /home/airflow/.local/lib/python3.7/site-packages/airflow/example_dags/example_branch_operator.py
[2022-05-11 07:10:16,498] {logging_mixin.py:109} INFO - [2022-05-11 07:10:16,498] {dag.py:2398} INFO - Sync 1 DAGs
[2022-05-11 07:10:16,513] {logging_mixin.py:109} INFO - [2022-05-11 07:10:16,512] {dag.py:2937} INFO - Setting next_dagrun for example_branch_operator to 2022-05-10 00:00:00+00:00
[2022-05-11 07:10:16,524] {processor.py:171} INFO - Processing /home/airflow/.local/lib/python3.7/site-packages/airflow/example_dags/example_branch_operator.py took 0.070 seconds
[2022-05-11 07:10:46,831] {processor.py:163} INFO - Started process (PID=30845) to work on /home/airflow/.local/lib/python3.7/site-packages/airflow/example_dags/example_branch_operator.py
[2022-05-11 07:10:46,832] {processor.py:642} INFO - Processing file /home/airflow/.local/lib/python3.7/site-packages/airflow/example_dags/example_branch_operator.py for tasks to queue
[2022-05-11 07:10:46,833] {logging_mixin.py:109} INFO - [2022-05-11 07:10:46,833] {dagbag.py:500} INFO - Filling up the DagBag from /home/airflow/.local/lib/python3.7/site-packages/airflow/example_dags/example_branch_operator.py
[2022-05-11 07:10:46,848] {processor.py:652} INFO - DAG(s) dict_keys(['example_branch_operator']) retrieved from /home/airflow/.local/lib/python3.7/site-packages/airflow/example_dags/example_branch_operator.py
[2022-05-11 07:10:46,871] {logging_mixin.py:109} INFO - [2022-05-11 07:10:46,871] {dag.py:2398} INFO - Sync 1 DAGs
[2022-05-11 07:10:46,886] {logging_mixin.py:109} INFO - [2022-05-11 07:10:46,886] {dag.py:2937} INFO - Setting next_dagrun for example_branch_operator to 2022-05-10 00:00:00+00:00
[2022-05-11 07:10:46,899] {processor.py:171} INFO - Processing /home/airflow/.local/lib/python3.7/site-packages/airflow/example_dags/example_branch_operator.py took 0.071 seconds
[2022-05-11 07:11:16,981] {processor.py:163} INFO - Started process (PID=30908) to work on /home/airflow/.local/lib/python3.7/site-packages/airflow/example_dags/example_branch_operator.py
[2022-05-11 07:11:16,983] {processor.py:642} INFO - Processing file /home/airflow/.local/lib/python3.7/site-packages/airflow/example_dags/example_branch_operator.py for tasks to queue
[2022-05-11 07:11:16,984] {logging_mixin.py:109} INFO - [2022-05-11 07:11:16,984] {dagbag.py:500} INFO - Filling up the DagBag from /home/airflow/.local/lib/python3.7/site-packages/airflow/example_dags/example_branch_operator.py
[2022-05-11 07:11:17,002] {processor.py:652} INFO - DAG(s) dict_keys(['example_branch_operator']) retrieved from /home/airflow/.local/lib/python3.7/site-packages/airflow/example_dags/example_branch_operator.py
[2022-05-11 07:11:17,031] {logging_mixin.py:109} INFO - [2022-05-11 07:11:17,031] {dag.py:2398} INFO - Sync 1 DAGs
[2022-05-11 07:11:17,051] {logging_mixin.py:109} INFO - [2022-05-11 07:11:17,051] {dag.py:2937} INFO - Setting next_dagrun for example_branch_operator to 2022-05-10 00:00:00+00:00
[2022-05-11 07:11:17,067] {processor.py:171} INFO - Processing /home/airflow/.local/lib/python3.7/site-packages/airflow/example_dags/example_branch_operator.py took 0.090 seconds
[2022-05-11 07:11:47,618] {processor.py:163} INFO - Started process (PID=30981) to work on /home/airflow/.local/lib/python3.7/site-packages/airflow/example_dags/example_branch_operator.py
[2022-05-11 07:11:47,619] {processor.py:642} INFO - Processing file /home/airflow/.local/lib/python3.7/site-packages/airflow/example_dags/example_branch_operator.py for tasks to queue
[2022-05-11 07:11:47,620] {logging_mixin.py:109} INFO - [2022-05-11 07:11:47,620] {dagbag.py:500} INFO - Filling up the DagBag from /home/airflow/.local/lib/python3.7/site-packages/airflow/example_dags/example_branch_operator.py
[2022-05-11 07:11:47,639] {processor.py:652} INFO - DAG(s) dict_keys(['example_branch_operator']) retrieved from /home/airflow/.local/lib/python3.7/site-packages/airflow/example_dags/example_branch_operator.py
[2022-05-11 07:11:47,659] {logging_mixin.py:109} INFO - [2022-05-11 07:11:47,659] {dag.py:2398} INFO - Sync 1 DAGs
[2022-05-11 07:11:47,675] {logging_mixin.py:109} INFO - [2022-05-11 07:11:47,675] {dag.py:2937} INFO - Setting next_dagrun for example_branch_operator to 2022-05-10 00:00:00+00:00
[2022-05-11 07:11:47,688] {processor.py:171} INFO - Processing /home/airflow/.local/lib/python3.7/site-packages/airflow/example_dags/example_branch_operator.py took 0.073 seconds
[2022-05-11 07:12:18,155] {processor.py:163} INFO - Started process (PID=31044) to work on /home/airflow/.local/lib/python3.7/site-packages/airflow/example_dags/example_branch_operator.py
[2022-05-11 07:12:18,157] {processor.py:642} INFO - Processing file /home/airflow/.local/lib/python3.7/site-packages/airflow/example_dags/example_branch_operator.py for tasks to queue
[2022-05-11 07:12:18,157] {logging_mixin.py:109} INFO - [2022-05-11 07:12:18,157] {dagbag.py:500} INFO - Filling up the DagBag from /home/airflow/.local/lib/python3.7/site-packages/airflow/example_dags/example_branch_operator.py
[2022-05-11 07:12:18,178] {processor.py:652} INFO - DAG(s) dict_keys(['example_branch_operator']) retrieved from /home/airflow/.local/lib/python3.7/site-packages/airflow/example_dags/example_branch_operator.py
[2022-05-11 07:12:18,202] {logging_mixin.py:109} INFO - [2022-05-11 07:12:18,202] {dag.py:2398} INFO - Sync 1 DAGs
[2022-05-11 07:12:18,221] {logging_mixin.py:109} INFO - [2022-05-11 07:12:18,221] {dag.py:2937} INFO - Setting next_dagrun for example_branch_operator to 2022-05-10 00:00:00+00:00
[2022-05-11 07:12:18,235] {processor.py:171} INFO - Processing /home/airflow/.local/lib/python3.7/site-packages/airflow/example_dags/example_branch_operator.py took 0.083 seconds
[2022-05-11 07:12:48,444] {processor.py:163} INFO - Started process (PID=31117) to work on /home/airflow/.local/lib/python3.7/site-packages/airflow/example_dags/example_branch_operator.py
[2022-05-11 07:12:48,446] {processor.py:642} INFO - Processing file /home/airflow/.local/lib/python3.7/site-packages/airflow/example_dags/example_branch_operator.py for tasks to queue
[2022-05-11 07:12:48,447] {logging_mixin.py:109} INFO - [2022-05-11 07:12:48,447] {dagbag.py:500} INFO - Filling up the DagBag from /home/airflow/.local/lib/python3.7/site-packages/airflow/example_dags/example_branch_operator.py
[2022-05-11 07:12:48,467] {processor.py:652} INFO - DAG(s) dict_keys(['example_branch_operator']) retrieved from /home/airflow/.local/lib/python3.7/site-packages/airflow/example_dags/example_branch_operator.py
[2022-05-11 07:12:48,495] {logging_mixin.py:109} INFO - [2022-05-11 07:12:48,495] {dag.py:2398} INFO - Sync 1 DAGs
[2022-05-11 07:12:48,515] {logging_mixin.py:109} INFO - [2022-05-11 07:12:48,514] {dag.py:2937} INFO - Setting next_dagrun for example_branch_operator to 2022-05-10 00:00:00+00:00
[2022-05-11 07:12:48,530] {processor.py:171} INFO - Processing /home/airflow/.local/lib/python3.7/site-packages/airflow/example_dags/example_branch_operator.py took 0.089 seconds
[2022-05-11 07:13:19,736] {processor.py:163} INFO - Started process (PID=31191) to work on /home/airflow/.local/lib/python3.7/site-packages/airflow/example_dags/example_branch_operator.py
[2022-05-11 07:13:19,737] {processor.py:642} INFO - Processing file /home/airflow/.local/lib/python3.7/site-packages/airflow/example_dags/example_branch_operator.py for tasks to queue
[2022-05-11 07:13:19,738] {logging_mixin.py:109} INFO - [2022-05-11 07:13:19,738] {dagbag.py:500} INFO - Filling up the DagBag from /home/airflow/.local/lib/python3.7/site-packages/airflow/example_dags/example_branch_operator.py
[2022-05-11 07:13:19,760] {processor.py:652} INFO - DAG(s) dict_keys(['example_branch_operator']) retrieved from /home/airflow/.local/lib/python3.7/site-packages/airflow/example_dags/example_branch_operator.py
[2022-05-11 07:13:19,869] {logging_mixin.py:109} INFO - [2022-05-11 07:13:19,869] {dag.py:2398} INFO - Sync 1 DAGs
[2022-05-11 07:13:19,898] {logging_mixin.py:109} INFO - [2022-05-11 07:13:19,898] {dag.py:2937} INFO - Setting next_dagrun for example_branch_operator to 2022-05-10 00:00:00+00:00
[2022-05-11 07:13:19,913] {processor.py:171} INFO - Processing /home/airflow/.local/lib/python3.7/site-packages/airflow/example_dags/example_branch_operator.py took 0.181 seconds
[2022-05-11 07:13:50,160] {processor.py:163} INFO - Started process (PID=31255) to work on /home/airflow/.local/lib/python3.7/site-packages/airflow/example_dags/example_branch_operator.py
[2022-05-11 07:13:50,162] {processor.py:642} INFO - Processing file /home/airflow/.local/lib/python3.7/site-packages/airflow/example_dags/example_branch_operator.py for tasks to queue
[2022-05-11 07:13:50,163] {logging_mixin.py:109} INFO - [2022-05-11 07:13:50,163] {dagbag.py:500} INFO - Filling up the DagBag from /home/airflow/.local/lib/python3.7/site-packages/airflow/example_dags/example_branch_operator.py
[2022-05-11 07:13:50,183] {processor.py:652} INFO - DAG(s) dict_keys(['example_branch_operator']) retrieved from /home/airflow/.local/lib/python3.7/site-packages/airflow/example_dags/example_branch_operator.py
[2022-05-11 07:13:50,206] {logging_mixin.py:109} INFO - [2022-05-11 07:13:50,206] {dag.py:2398} INFO - Sync 1 DAGs
[2022-05-11 07:13:50,222] {logging_mixin.py:109} INFO - [2022-05-11 07:13:50,222] {dag.py:2937} INFO - Setting next_dagrun for example_branch_operator to 2022-05-10 00:00:00+00:00
[2022-05-11 07:13:50,237] {processor.py:171} INFO - Processing /home/airflow/.local/lib/python3.7/site-packages/airflow/example_dags/example_branch_operator.py took 0.081 seconds
[2022-05-11 07:14:20,616] {processor.py:163} INFO - Started process (PID=31327) to work on /home/airflow/.local/lib/python3.7/site-packages/airflow/example_dags/example_branch_operator.py
[2022-05-11 07:14:20,618] {processor.py:642} INFO - Processing file /home/airflow/.local/lib/python3.7/site-packages/airflow/example_dags/example_branch_operator.py for tasks to queue
[2022-05-11 07:14:20,620] {logging_mixin.py:109} INFO - [2022-05-11 07:14:20,619] {dagbag.py:500} INFO - Filling up the DagBag from /home/airflow/.local/lib/python3.7/site-packages/airflow/example_dags/example_branch_operator.py
[2022-05-11 07:14:20,640] {processor.py:652} INFO - DAG(s) dict_keys(['example_branch_operator']) retrieved from /home/airflow/.local/lib/python3.7/site-packages/airflow/example_dags/example_branch_operator.py
[2022-05-11 07:14:20,661] {logging_mixin.py:109} INFO - [2022-05-11 07:14:20,661] {dag.py:2398} INFO - Sync 1 DAGs
[2022-05-11 07:14:20,678] {logging_mixin.py:109} INFO - [2022-05-11 07:14:20,678] {dag.py:2937} INFO - Setting next_dagrun for example_branch_operator to 2022-05-10 00:00:00+00:00
[2022-05-11 07:14:20,695] {processor.py:171} INFO - Processing /home/airflow/.local/lib/python3.7/site-packages/airflow/example_dags/example_branch_operator.py took 0.082 seconds
[2022-05-11 07:14:51,078] {processor.py:163} INFO - Started process (PID=31390) to work on /home/airflow/.local/lib/python3.7/site-packages/airflow/example_dags/example_branch_operator.py
[2022-05-11 07:14:51,079] {processor.py:642} INFO - Processing file /home/airflow/.local/lib/python3.7/site-packages/airflow/example_dags/example_branch_operator.py for tasks to queue
[2022-05-11 07:14:51,080] {logging_mixin.py:109} INFO - [2022-05-11 07:14:51,080] {dagbag.py:500} INFO - Filling up the DagBag from /home/airflow/.local/lib/python3.7/site-packages/airflow/example_dags/example_branch_operator.py
[2022-05-11 07:14:51,100] {processor.py:652} INFO - DAG(s) dict_keys(['example_branch_operator']) retrieved from /home/airflow/.local/lib/python3.7/site-packages/airflow/example_dags/example_branch_operator.py
[2022-05-11 07:14:51,122] {logging_mixin.py:109} INFO - [2022-05-11 07:14:51,122] {dag.py:2398} INFO - Sync 1 DAGs
[2022-05-11 07:14:51,140] {logging_mixin.py:109} INFO - [2022-05-11 07:14:51,140] {dag.py:2937} INFO - Setting next_dagrun for example_branch_operator to 2022-05-10 00:00:00+00:00
[2022-05-11 07:14:51,154] {processor.py:171} INFO - Processing /home/airflow/.local/lib/python3.7/site-packages/airflow/example_dags/example_branch_operator.py took 0.079 seconds
[2022-05-11 07:15:22,251] {processor.py:163} INFO - Started process (PID=31464) to work on /home/airflow/.local/lib/python3.7/site-packages/airflow/example_dags/example_branch_operator.py
[2022-05-11 07:15:22,252] {processor.py:642} INFO - Processing file /home/airflow/.local/lib/python3.7/site-packages/airflow/example_dags/example_branch_operator.py for tasks to queue
[2022-05-11 07:15:22,253] {logging_mixin.py:109} INFO - [2022-05-11 07:15:22,253] {dagbag.py:500} INFO - Filling up the DagBag from /home/airflow/.local/lib/python3.7/site-packages/airflow/example_dags/example_branch_operator.py
[2022-05-11 07:15:22,276] {processor.py:652} INFO - DAG(s) dict_keys(['example_branch_operator']) retrieved from /home/airflow/.local/lib/python3.7/site-packages/airflow/example_dags/example_branch_operator.py
[2022-05-11 07:15:22,298] {logging_mixin.py:109} INFO - [2022-05-11 07:15:22,298] {dag.py:2398} INFO - Sync 1 DAGs
[2022-05-11 07:15:22,319] {logging_mixin.py:109} INFO - [2022-05-11 07:15:22,319] {dag.py:2937} INFO - Setting next_dagrun for example_branch_operator to 2022-05-10 00:00:00+00:00
[2022-05-11 07:15:22,337] {processor.py:171} INFO - Processing /home/airflow/.local/lib/python3.7/site-packages/airflow/example_dags/example_branch_operator.py took 0.090 seconds
[2022-05-11 07:15:52,716] {processor.py:163} INFO - Started process (PID=31528) to work on /home/airflow/.local/lib/python3.7/site-packages/airflow/example_dags/example_branch_operator.py
[2022-05-11 07:15:52,718] {processor.py:642} INFO - Processing file /home/airflow/.local/lib/python3.7/site-packages/airflow/example_dags/example_branch_operator.py for tasks to queue
[2022-05-11 07:15:52,718] {logging_mixin.py:109} INFO - [2022-05-11 07:15:52,718] {dagbag.py:500} INFO - Filling up the DagBag from /home/airflow/.local/lib/python3.7/site-packages/airflow/example_dags/example_branch_operator.py
[2022-05-11 07:15:52,735] {processor.py:652} INFO - DAG(s) dict_keys(['example_branch_operator']) retrieved from /home/airflow/.local/lib/python3.7/site-packages/airflow/example_dags/example_branch_operator.py
[2022-05-11 07:15:52,762] {logging_mixin.py:109} INFO - [2022-05-11 07:15:52,762] {dag.py:2398} INFO - Sync 1 DAGs
[2022-05-11 07:15:52,778] {logging_mixin.py:109} INFO - [2022-05-11 07:15:52,777] {dag.py:2937} INFO - Setting next_dagrun for example_branch_operator to 2022-05-10 00:00:00+00:00
[2022-05-11 07:15:52,794] {processor.py:171} INFO - Processing /home/airflow/.local/lib/python3.7/site-packages/airflow/example_dags/example_branch_operator.py took 0.081 seconds
[2022-05-11 07:16:23,109] {processor.py:163} INFO - Started process (PID=31601) to work on /home/airflow/.local/lib/python3.7/site-packages/airflow/example_dags/example_branch_operator.py
[2022-05-11 07:16:23,111] {processor.py:642} INFO - Processing file /home/airflow/.local/lib/python3.7/site-packages/airflow/example_dags/example_branch_operator.py for tasks to queue
[2022-05-11 07:16:23,112] {logging_mixin.py:109} INFO - [2022-05-11 07:16:23,112] {dagbag.py:500} INFO - Filling up the DagBag from /home/airflow/.local/lib/python3.7/site-packages/airflow/example_dags/example_branch_operator.py
[2022-05-11 07:16:23,133] {processor.py:652} INFO - DAG(s) dict_keys(['example_branch_operator']) retrieved from /home/airflow/.local/lib/python3.7/site-packages/airflow/example_dags/example_branch_operator.py
[2022-05-11 07:16:23,158] {logging_mixin.py:109} INFO - [2022-05-11 07:16:23,158] {dag.py:2398} INFO - Sync 1 DAGs
[2022-05-11 07:16:23,178] {logging_mixin.py:109} INFO - [2022-05-11 07:16:23,177] {dag.py:2937} INFO - Setting next_dagrun for example_branch_operator to 2022-05-10 00:00:00+00:00
[2022-05-11 07:16:23,192] {processor.py:171} INFO - Processing /home/airflow/.local/lib/python3.7/site-packages/airflow/example_dags/example_branch_operator.py took 0.086 seconds
[2022-05-11 07:16:53,328] {processor.py:163} INFO - Started process (PID=31664) to work on /home/airflow/.local/lib/python3.7/site-packages/airflow/example_dags/example_branch_operator.py
[2022-05-11 07:16:53,332] {processor.py:642} INFO - Processing file /home/airflow/.local/lib/python3.7/site-packages/airflow/example_dags/example_branch_operator.py for tasks to queue
[2022-05-11 07:16:53,333] {logging_mixin.py:109} INFO - [2022-05-11 07:16:53,333] {dagbag.py:500} INFO - Filling up the DagBag from /home/airflow/.local/lib/python3.7/site-packages/airflow/example_dags/example_branch_operator.py
[2022-05-11 07:16:53,357] {processor.py:652} INFO - DAG(s) dict_keys(['example_branch_operator']) retrieved from /home/airflow/.local/lib/python3.7/site-packages/airflow/example_dags/example_branch_operator.py
[2022-05-11 07:16:53,382] {logging_mixin.py:109} INFO - [2022-05-11 07:16:53,382] {dag.py:2398} INFO - Sync 1 DAGs
[2022-05-11 07:16:53,401] {logging_mixin.py:109} INFO - [2022-05-11 07:16:53,401] {dag.py:2937} INFO - Setting next_dagrun for example_branch_operator to 2022-05-10 00:00:00+00:00
[2022-05-11 07:16:53,418] {processor.py:171} INFO - Processing /home/airflow/.local/lib/python3.7/site-packages/airflow/example_dags/example_branch_operator.py took 0.096 seconds
[2022-05-11 07:17:23,896] {processor.py:163} INFO - Started process (PID=31736) to work on /home/airflow/.local/lib/python3.7/site-packages/airflow/example_dags/example_branch_operator.py
[2022-05-11 07:17:23,900] {processor.py:642} INFO - Processing file /home/airflow/.local/lib/python3.7/site-packages/airflow/example_dags/example_branch_operator.py for tasks to queue
[2022-05-11 07:17:23,901] {logging_mixin.py:109} INFO - [2022-05-11 07:17:23,901] {dagbag.py:500} INFO - Filling up the DagBag from /home/airflow/.local/lib/python3.7/site-packages/airflow/example_dags/example_branch_operator.py
[2022-05-11 07:17:23,919] {processor.py:652} INFO - DAG(s) dict_keys(['example_branch_operator']) retrieved from /home/airflow/.local/lib/python3.7/site-packages/airflow/example_dags/example_branch_operator.py
[2022-05-11 07:17:23,946] {logging_mixin.py:109} INFO - [2022-05-11 07:17:23,946] {dag.py:2398} INFO - Sync 1 DAGs
[2022-05-11 07:17:23,968] {logging_mixin.py:109} INFO - [2022-05-11 07:17:23,968] {dag.py:2937} INFO - Setting next_dagrun for example_branch_operator to 2022-05-10 00:00:00+00:00
[2022-05-11 07:17:23,989] {processor.py:171} INFO - Processing /home/airflow/.local/lib/python3.7/site-packages/airflow/example_dags/example_branch_operator.py took 0.100 seconds
[2022-05-11 07:17:54,172] {processor.py:163} INFO - Started process (PID=31799) to work on /home/airflow/.local/lib/python3.7/site-packages/airflow/example_dags/example_branch_operator.py
[2022-05-11 07:17:54,174] {processor.py:642} INFO - Processing file /home/airflow/.local/lib/python3.7/site-packages/airflow/example_dags/example_branch_operator.py for tasks to queue
[2022-05-11 07:17:54,175] {logging_mixin.py:109} INFO - [2022-05-11 07:17:54,175] {dagbag.py:500} INFO - Filling up the DagBag from /home/airflow/.local/lib/python3.7/site-packages/airflow/example_dags/example_branch_operator.py
[2022-05-11 07:17:54,195] {processor.py:652} INFO - DAG(s) dict_keys(['example_branch_operator']) retrieved from /home/airflow/.local/lib/python3.7/site-packages/airflow/example_dags/example_branch_operator.py
[2022-05-11 07:17:54,220] {logging_mixin.py:109} INFO - [2022-05-11 07:17:54,219] {dag.py:2398} INFO - Sync 1 DAGs
[2022-05-11 07:17:54,240] {logging_mixin.py:109} INFO - [2022-05-11 07:17:54,240] {dag.py:2937} INFO - Setting next_dagrun for example_branch_operator to 2022-05-10 00:00:00+00:00
[2022-05-11 07:17:54,263] {processor.py:171} INFO - Processing /home/airflow/.local/lib/python3.7/site-packages/airflow/example_dags/example_branch_operator.py took 0.097 seconds
[2022-05-11 07:18:24,897] {processor.py:163} INFO - Started process (PID=31871) to work on /home/airflow/.local/lib/python3.7/site-packages/airflow/example_dags/example_branch_operator.py
[2022-05-11 07:18:24,899] {processor.py:642} INFO - Processing file /home/airflow/.local/lib/python3.7/site-packages/airflow/example_dags/example_branch_operator.py for tasks to queue
[2022-05-11 07:18:24,900] {logging_mixin.py:109} INFO - [2022-05-11 07:18:24,900] {dagbag.py:500} INFO - Filling up the DagBag from /home/airflow/.local/lib/python3.7/site-packages/airflow/example_dags/example_branch_operator.py
[2022-05-11 07:18:24,925] {processor.py:652} INFO - DAG(s) dict_keys(['example_branch_operator']) retrieved from /home/airflow/.local/lib/python3.7/site-packages/airflow/example_dags/example_branch_operator.py
[2022-05-11 07:18:24,947] {logging_mixin.py:109} INFO - [2022-05-11 07:18:24,946] {dag.py:2398} INFO - Sync 1 DAGs
[2022-05-11 07:18:24,967] {logging_mixin.py:109} INFO - [2022-05-11 07:18:24,967] {dag.py:2937} INFO - Setting next_dagrun for example_branch_operator to 2022-05-10 00:00:00+00:00
[2022-05-11 07:18:24,982] {processor.py:171} INFO - Processing /home/airflow/.local/lib/python3.7/site-packages/airflow/example_dags/example_branch_operator.py took 0.088 seconds
[2022-05-11 07:18:55,171] {processor.py:163} INFO - Started process (PID=31934) to work on /home/airflow/.local/lib/python3.7/site-packages/airflow/example_dags/example_branch_operator.py
[2022-05-11 07:18:55,173] {processor.py:642} INFO - Processing file /home/airflow/.local/lib/python3.7/site-packages/airflow/example_dags/example_branch_operator.py for tasks to queue
[2022-05-11 07:18:55,174] {logging_mixin.py:109} INFO - [2022-05-11 07:18:55,174] {dagbag.py:500} INFO - Filling up the DagBag from /home/airflow/.local/lib/python3.7/site-packages/airflow/example_dags/example_branch_operator.py
[2022-05-11 07:18:55,192] {processor.py:652} INFO - DAG(s) dict_keys(['example_branch_operator']) retrieved from /home/airflow/.local/lib/python3.7/site-packages/airflow/example_dags/example_branch_operator.py
[2022-05-11 07:18:55,218] {logging_mixin.py:109} INFO - [2022-05-11 07:18:55,217] {dag.py:2398} INFO - Sync 1 DAGs
[2022-05-11 07:18:55,234] {logging_mixin.py:109} INFO - [2022-05-11 07:18:55,234] {dag.py:2937} INFO - Setting next_dagrun for example_branch_operator to 2022-05-10 00:00:00+00:00
[2022-05-11 07:18:55,251] {processor.py:171} INFO - Processing /home/airflow/.local/lib/python3.7/site-packages/airflow/example_dags/example_branch_operator.py took 0.084 seconds
[2022-05-11 07:19:25,398] {processor.py:163} INFO - Started process (PID=31997) to work on /home/airflow/.local/lib/python3.7/site-packages/airflow/example_dags/example_branch_operator.py
[2022-05-11 07:19:25,400] {processor.py:642} INFO - Processing file /home/airflow/.local/lib/python3.7/site-packages/airflow/example_dags/example_branch_operator.py for tasks to queue
[2022-05-11 07:19:25,401] {logging_mixin.py:109} INFO - [2022-05-11 07:19:25,401] {dagbag.py:500} INFO - Filling up the DagBag from /home/airflow/.local/lib/python3.7/site-packages/airflow/example_dags/example_branch_operator.py
[2022-05-11 07:19:25,417] {processor.py:652} INFO - DAG(s) dict_keys(['example_branch_operator']) retrieved from /home/airflow/.local/lib/python3.7/site-packages/airflow/example_dags/example_branch_operator.py
[2022-05-11 07:19:25,443] {logging_mixin.py:109} INFO - [2022-05-11 07:19:25,442] {dag.py:2398} INFO - Sync 1 DAGs
[2022-05-11 07:19:25,458] {logging_mixin.py:109} INFO - [2022-05-11 07:19:25,458] {dag.py:2937} INFO - Setting next_dagrun for example_branch_operator to 2022-05-10 00:00:00+00:00
[2022-05-11 07:19:25,475] {processor.py:171} INFO - Processing /home/airflow/.local/lib/python3.7/site-packages/airflow/example_dags/example_branch_operator.py took 0.080 seconds
[2022-05-11 07:19:55,618] {processor.py:163} INFO - Started process (PID=32068) to work on /home/airflow/.local/lib/python3.7/site-packages/airflow/example_dags/example_branch_operator.py
[2022-05-11 07:19:55,621] {processor.py:642} INFO - Processing file /home/airflow/.local/lib/python3.7/site-packages/airflow/example_dags/example_branch_operator.py for tasks to queue
[2022-05-11 07:19:55,622] {logging_mixin.py:109} INFO - [2022-05-11 07:19:55,622] {dagbag.py:500} INFO - Filling up the DagBag from /home/airflow/.local/lib/python3.7/site-packages/airflow/example_dags/example_branch_operator.py
[2022-05-11 07:19:55,646] {processor.py:652} INFO - DAG(s) dict_keys(['example_branch_operator']) retrieved from /home/airflow/.local/lib/python3.7/site-packages/airflow/example_dags/example_branch_operator.py
[2022-05-11 07:19:55,681] {logging_mixin.py:109} INFO - [2022-05-11 07:19:55,680] {dag.py:2398} INFO - Sync 1 DAGs
[2022-05-11 07:19:55,710] {logging_mixin.py:109} INFO - [2022-05-11 07:19:55,709] {dag.py:2937} INFO - Setting next_dagrun for example_branch_operator to 2022-05-10 00:00:00+00:00
[2022-05-11 07:19:55,727] {processor.py:171} INFO - Processing /home/airflow/.local/lib/python3.7/site-packages/airflow/example_dags/example_branch_operator.py took 0.114 seconds
[2022-05-11 07:20:26,123] {processor.py:163} INFO - Started process (PID=32131) to work on /home/airflow/.local/lib/python3.7/site-packages/airflow/example_dags/example_branch_operator.py
[2022-05-11 07:20:26,124] {processor.py:642} INFO - Processing file /home/airflow/.local/lib/python3.7/site-packages/airflow/example_dags/example_branch_operator.py for tasks to queue
[2022-05-11 07:20:26,125] {logging_mixin.py:109} INFO - [2022-05-11 07:20:26,125] {dagbag.py:500} INFO - Filling up the DagBag from /home/airflow/.local/lib/python3.7/site-packages/airflow/example_dags/example_branch_operator.py
[2022-05-11 07:20:26,144] {processor.py:652} INFO - DAG(s) dict_keys(['example_branch_operator']) retrieved from /home/airflow/.local/lib/python3.7/site-packages/airflow/example_dags/example_branch_operator.py
[2022-05-11 07:20:26,166] {logging_mixin.py:109} INFO - [2022-05-11 07:20:26,166] {dag.py:2398} INFO - Sync 1 DAGs
[2022-05-11 07:20:26,184] {logging_mixin.py:109} INFO - [2022-05-11 07:20:26,184] {dag.py:2937} INFO - Setting next_dagrun for example_branch_operator to 2022-05-10 00:00:00+00:00
[2022-05-11 07:20:26,201] {processor.py:171} INFO - Processing /home/airflow/.local/lib/python3.7/site-packages/airflow/example_dags/example_branch_operator.py took 0.081 seconds
[2022-05-11 07:20:56,357] {processor.py:163} INFO - Started process (PID=32204) to work on /home/airflow/.local/lib/python3.7/site-packages/airflow/example_dags/example_branch_operator.py
[2022-05-11 07:20:56,360] {processor.py:642} INFO - Processing file /home/airflow/.local/lib/python3.7/site-packages/airflow/example_dags/example_branch_operator.py for tasks to queue
[2022-05-11 07:20:56,361] {logging_mixin.py:109} INFO - [2022-05-11 07:20:56,361] {dagbag.py:500} INFO - Filling up the DagBag from /home/airflow/.local/lib/python3.7/site-packages/airflow/example_dags/example_branch_operator.py
[2022-05-11 07:20:56,378] {processor.py:652} INFO - DAG(s) dict_keys(['example_branch_operator']) retrieved from /home/airflow/.local/lib/python3.7/site-packages/airflow/example_dags/example_branch_operator.py
[2022-05-11 07:20:56,406] {logging_mixin.py:109} INFO - [2022-05-11 07:20:56,406] {dag.py:2398} INFO - Sync 1 DAGs
[2022-05-11 07:20:56,429] {logging_mixin.py:109} INFO - [2022-05-11 07:20:56,429] {dag.py:2937} INFO - Setting next_dagrun for example_branch_operator to 2022-05-10 00:00:00+00:00
[2022-05-11 07:20:56,448] {processor.py:171} INFO - Processing /home/airflow/.local/lib/python3.7/site-packages/airflow/example_dags/example_branch_operator.py took 0.095 seconds
[2022-05-11 07:21:26,825] {processor.py:163} INFO - Started process (PID=32267) to work on /home/airflow/.local/lib/python3.7/site-packages/airflow/example_dags/example_branch_operator.py
[2022-05-11 07:21:26,826] {processor.py:642} INFO - Processing file /home/airflow/.local/lib/python3.7/site-packages/airflow/example_dags/example_branch_operator.py for tasks to queue
[2022-05-11 07:21:26,827] {logging_mixin.py:109} INFO - [2022-05-11 07:21:26,827] {dagbag.py:500} INFO - Filling up the DagBag from /home/airflow/.local/lib/python3.7/site-packages/airflow/example_dags/example_branch_operator.py
[2022-05-11 07:21:26,844] {processor.py:652} INFO - DAG(s) dict_keys(['example_branch_operator']) retrieved from /home/airflow/.local/lib/python3.7/site-packages/airflow/example_dags/example_branch_operator.py
[2022-05-11 07:21:26,868] {logging_mixin.py:109} INFO - [2022-05-11 07:21:26,868] {dag.py:2398} INFO - Sync 1 DAGs
[2022-05-11 07:21:26,885] {logging_mixin.py:109} INFO - [2022-05-11 07:21:26,885] {dag.py:2937} INFO - Setting next_dagrun for example_branch_operator to 2022-05-10 00:00:00+00:00
[2022-05-11 07:21:26,907] {processor.py:171} INFO - Processing /home/airflow/.local/lib/python3.7/site-packages/airflow/example_dags/example_branch_operator.py took 0.085 seconds
[2022-05-11 07:21:57,053] {processor.py:163} INFO - Started process (PID=32339) to work on /home/airflow/.local/lib/python3.7/site-packages/airflow/example_dags/example_branch_operator.py
[2022-05-11 07:21:57,055] {processor.py:642} INFO - Processing file /home/airflow/.local/lib/python3.7/site-packages/airflow/example_dags/example_branch_operator.py for tasks to queue
[2022-05-11 07:21:57,056] {logging_mixin.py:109} INFO - [2022-05-11 07:21:57,056] {dagbag.py:500} INFO - Filling up the DagBag from /home/airflow/.local/lib/python3.7/site-packages/airflow/example_dags/example_branch_operator.py
[2022-05-11 07:21:57,076] {processor.py:652} INFO - DAG(s) dict_keys(['example_branch_operator']) retrieved from /home/airflow/.local/lib/python3.7/site-packages/airflow/example_dags/example_branch_operator.py
[2022-05-11 07:21:57,100] {logging_mixin.py:109} INFO - [2022-05-11 07:21:57,099] {dag.py:2398} INFO - Sync 1 DAGs
[2022-05-11 07:21:57,117] {logging_mixin.py:109} INFO - [2022-05-11 07:21:57,117] {dag.py:2937} INFO - Setting next_dagrun for example_branch_operator to 2022-05-10 00:00:00+00:00
[2022-05-11 07:21:57,136] {processor.py:171} INFO - Processing /home/airflow/.local/lib/python3.7/site-packages/airflow/example_dags/example_branch_operator.py took 0.085 seconds
[2022-05-11 07:22:27,453] {processor.py:163} INFO - Started process (PID=32403) to work on /home/airflow/.local/lib/python3.7/site-packages/airflow/example_dags/example_branch_operator.py
[2022-05-11 07:22:27,455] {processor.py:642} INFO - Processing file /home/airflow/.local/lib/python3.7/site-packages/airflow/example_dags/example_branch_operator.py for tasks to queue
[2022-05-11 07:22:27,456] {logging_mixin.py:109} INFO - [2022-05-11 07:22:27,456] {dagbag.py:500} INFO - Filling up the DagBag from /home/airflow/.local/lib/python3.7/site-packages/airflow/example_dags/example_branch_operator.py
[2022-05-11 07:22:27,472] {processor.py:652} INFO - DAG(s) dict_keys(['example_branch_operator']) retrieved from /home/airflow/.local/lib/python3.7/site-packages/airflow/example_dags/example_branch_operator.py
[2022-05-11 07:22:27,498] {logging_mixin.py:109} INFO - [2022-05-11 07:22:27,498] {dag.py:2398} INFO - Sync 1 DAGs
[2022-05-11 07:22:27,513] {logging_mixin.py:109} INFO - [2022-05-11 07:22:27,513] {dag.py:2937} INFO - Setting next_dagrun for example_branch_operator to 2022-05-10 00:00:00+00:00
[2022-05-11 07:22:27,532] {processor.py:171} INFO - Processing /home/airflow/.local/lib/python3.7/site-packages/airflow/example_dags/example_branch_operator.py took 0.082 seconds
[2022-05-11 07:22:57,760] {processor.py:163} INFO - Started process (PID=32476) to work on /home/airflow/.local/lib/python3.7/site-packages/airflow/example_dags/example_branch_operator.py
[2022-05-11 07:22:57,762] {processor.py:642} INFO - Processing file /home/airflow/.local/lib/python3.7/site-packages/airflow/example_dags/example_branch_operator.py for tasks to queue
[2022-05-11 07:22:57,763] {logging_mixin.py:109} INFO - [2022-05-11 07:22:57,763] {dagbag.py:500} INFO - Filling up the DagBag from /home/airflow/.local/lib/python3.7/site-packages/airflow/example_dags/example_branch_operator.py
[2022-05-11 07:22:57,786] {processor.py:652} INFO - DAG(s) dict_keys(['example_branch_operator']) retrieved from /home/airflow/.local/lib/python3.7/site-packages/airflow/example_dags/example_branch_operator.py
[2022-05-11 07:22:57,817] {logging_mixin.py:109} INFO - [2022-05-11 07:22:57,817] {dag.py:2398} INFO - Sync 1 DAGs
[2022-05-11 07:22:57,843] {logging_mixin.py:109} INFO - [2022-05-11 07:22:57,843] {dag.py:2937} INFO - Setting next_dagrun for example_branch_operator to 2022-05-10 00:00:00+00:00
[2022-05-11 07:22:57,862] {processor.py:171} INFO - Processing /home/airflow/.local/lib/python3.7/site-packages/airflow/example_dags/example_branch_operator.py took 0.106 seconds
[2022-05-11 07:23:28,427] {processor.py:163} INFO - Started process (PID=32538) to work on /home/airflow/.local/lib/python3.7/site-packages/airflow/example_dags/example_branch_operator.py
[2022-05-11 07:23:28,430] {processor.py:642} INFO - Processing file /home/airflow/.local/lib/python3.7/site-packages/airflow/example_dags/example_branch_operator.py for tasks to queue
[2022-05-11 07:23:28,431] {logging_mixin.py:109} INFO - [2022-05-11 07:23:28,431] {dagbag.py:500} INFO - Filling up the DagBag from /home/airflow/.local/lib/python3.7/site-packages/airflow/example_dags/example_branch_operator.py
[2022-05-11 07:23:28,448] {processor.py:652} INFO - DAG(s) dict_keys(['example_branch_operator']) retrieved from /home/airflow/.local/lib/python3.7/site-packages/airflow/example_dags/example_branch_operator.py
[2022-05-11 07:23:28,471] {logging_mixin.py:109} INFO - [2022-05-11 07:23:28,471] {dag.py:2398} INFO - Sync 1 DAGs
[2022-05-11 07:23:28,489] {logging_mixin.py:109} INFO - [2022-05-11 07:23:28,489] {dag.py:2937} INFO - Setting next_dagrun for example_branch_operator to 2022-05-10 00:00:00+00:00
[2022-05-11 07:23:28,504] {processor.py:171} INFO - Processing /home/airflow/.local/lib/python3.7/site-packages/airflow/example_dags/example_branch_operator.py took 0.080 seconds
[2022-05-11 07:23:58,743] {processor.py:163} INFO - Started process (PID=32610) to work on /home/airflow/.local/lib/python3.7/site-packages/airflow/example_dags/example_branch_operator.py
[2022-05-11 07:23:58,745] {processor.py:642} INFO - Processing file /home/airflow/.local/lib/python3.7/site-packages/airflow/example_dags/example_branch_operator.py for tasks to queue
[2022-05-11 07:23:58,746] {logging_mixin.py:109} INFO - [2022-05-11 07:23:58,745] {dagbag.py:500} INFO - Filling up the DagBag from /home/airflow/.local/lib/python3.7/site-packages/airflow/example_dags/example_branch_operator.py
[2022-05-11 07:23:58,764] {processor.py:652} INFO - DAG(s) dict_keys(['example_branch_operator']) retrieved from /home/airflow/.local/lib/python3.7/site-packages/airflow/example_dags/example_branch_operator.py
[2022-05-11 07:23:58,787] {logging_mixin.py:109} INFO - [2022-05-11 07:23:58,787] {dag.py:2398} INFO - Sync 1 DAGs
[2022-05-11 07:23:58,804] {logging_mixin.py:109} INFO - [2022-05-11 07:23:58,804] {dag.py:2937} INFO - Setting next_dagrun for example_branch_operator to 2022-05-10 00:00:00+00:00
[2022-05-11 07:23:58,819] {processor.py:171} INFO - Processing /home/airflow/.local/lib/python3.7/site-packages/airflow/example_dags/example_branch_operator.py took 0.079 seconds
[2022-05-11 07:24:29,141] {processor.py:163} INFO - Started process (PID=32674) to work on /home/airflow/.local/lib/python3.7/site-packages/airflow/example_dags/example_branch_operator.py
[2022-05-11 07:24:29,143] {processor.py:642} INFO - Processing file /home/airflow/.local/lib/python3.7/site-packages/airflow/example_dags/example_branch_operator.py for tasks to queue
[2022-05-11 07:24:29,144] {logging_mixin.py:109} INFO - [2022-05-11 07:24:29,143] {dagbag.py:500} INFO - Filling up the DagBag from /home/airflow/.local/lib/python3.7/site-packages/airflow/example_dags/example_branch_operator.py
[2022-05-11 07:24:29,166] {processor.py:652} INFO - DAG(s) dict_keys(['example_branch_operator']) retrieved from /home/airflow/.local/lib/python3.7/site-packages/airflow/example_dags/example_branch_operator.py
[2022-05-11 07:24:29,192] {logging_mixin.py:109} INFO - [2022-05-11 07:24:29,192] {dag.py:2398} INFO - Sync 1 DAGs
[2022-05-11 07:24:29,212] {logging_mixin.py:109} INFO - [2022-05-11 07:24:29,211] {dag.py:2937} INFO - Setting next_dagrun for example_branch_operator to 2022-05-10 00:00:00+00:00
[2022-05-11 07:24:29,232] {processor.py:171} INFO - Processing /home/airflow/.local/lib/python3.7/site-packages/airflow/example_dags/example_branch_operator.py took 0.095 seconds
[2022-05-11 07:24:59,516] {processor.py:163} INFO - Started process (PID=32747) to work on /home/airflow/.local/lib/python3.7/site-packages/airflow/example_dags/example_branch_operator.py
[2022-05-11 07:24:59,517] {processor.py:642} INFO - Processing file /home/airflow/.local/lib/python3.7/site-packages/airflow/example_dags/example_branch_operator.py for tasks to queue
[2022-05-11 07:24:59,518] {logging_mixin.py:109} INFO - [2022-05-11 07:24:59,518] {dagbag.py:500} INFO - Filling up the DagBag from /home/airflow/.local/lib/python3.7/site-packages/airflow/example_dags/example_branch_operator.py
[2022-05-11 07:24:59,537] {processor.py:652} INFO - DAG(s) dict_keys(['example_branch_operator']) retrieved from /home/airflow/.local/lib/python3.7/site-packages/airflow/example_dags/example_branch_operator.py
[2022-05-11 07:24:59,559] {logging_mixin.py:109} INFO - [2022-05-11 07:24:59,559] {dag.py:2398} INFO - Sync 1 DAGs
[2022-05-11 07:24:59,575] {logging_mixin.py:109} INFO - [2022-05-11 07:24:59,575] {dag.py:2937} INFO - Setting next_dagrun for example_branch_operator to 2022-05-10 00:00:00+00:00
[2022-05-11 07:24:59,589] {processor.py:171} INFO - Processing /home/airflow/.local/lib/python3.7/site-packages/airflow/example_dags/example_branch_operator.py took 0.076 seconds
[2022-05-11 07:25:30,126] {processor.py:163} INFO - Started process (PID=342) to work on /home/airflow/.local/lib/python3.7/site-packages/airflow/example_dags/example_branch_operator.py
[2022-05-11 07:25:30,127] {processor.py:642} INFO - Processing file /home/airflow/.local/lib/python3.7/site-packages/airflow/example_dags/example_branch_operator.py for tasks to queue
[2022-05-11 07:25:30,128] {logging_mixin.py:109} INFO - [2022-05-11 07:25:30,128] {dagbag.py:500} INFO - Filling up the DagBag from /home/airflow/.local/lib/python3.7/site-packages/airflow/example_dags/example_branch_operator.py
[2022-05-11 07:25:30,146] {processor.py:652} INFO - DAG(s) dict_keys(['example_branch_operator']) retrieved from /home/airflow/.local/lib/python3.7/site-packages/airflow/example_dags/example_branch_operator.py
[2022-05-11 07:25:30,172] {logging_mixin.py:109} INFO - [2022-05-11 07:25:30,172] {dag.py:2398} INFO - Sync 1 DAGs
[2022-05-11 07:25:30,190] {logging_mixin.py:109} INFO - [2022-05-11 07:25:30,190] {dag.py:2937} INFO - Setting next_dagrun for example_branch_operator to 2022-05-10 00:00:00+00:00
[2022-05-11 07:25:30,210] {processor.py:171} INFO - Processing /home/airflow/.local/lib/python3.7/site-packages/airflow/example_dags/example_branch_operator.py took 0.086 seconds
[2022-05-11 07:26:00,360] {processor.py:163} INFO - Started process (PID=415) to work on /home/airflow/.local/lib/python3.7/site-packages/airflow/example_dags/example_branch_operator.py
[2022-05-11 07:26:00,362] {processor.py:642} INFO - Processing file /home/airflow/.local/lib/python3.7/site-packages/airflow/example_dags/example_branch_operator.py for tasks to queue
[2022-05-11 07:26:00,364] {logging_mixin.py:109} INFO - [2022-05-11 07:26:00,363] {dagbag.py:500} INFO - Filling up the DagBag from /home/airflow/.local/lib/python3.7/site-packages/airflow/example_dags/example_branch_operator.py
[2022-05-11 07:26:00,388] {processor.py:652} INFO - DAG(s) dict_keys(['example_branch_operator']) retrieved from /home/airflow/.local/lib/python3.7/site-packages/airflow/example_dags/example_branch_operator.py
[2022-05-11 07:26:00,411] {logging_mixin.py:109} INFO - [2022-05-11 07:26:00,411] {dag.py:2398} INFO - Sync 1 DAGs
[2022-05-11 07:26:00,431] {logging_mixin.py:109} INFO - [2022-05-11 07:26:00,431] {dag.py:2937} INFO - Setting next_dagrun for example_branch_operator to 2022-05-10 00:00:00+00:00
[2022-05-11 07:26:00,446] {processor.py:171} INFO - Processing /home/airflow/.local/lib/python3.7/site-packages/airflow/example_dags/example_branch_operator.py took 0.089 seconds
[2022-05-11 07:26:30,591] {processor.py:163} INFO - Started process (PID=479) to work on /home/airflow/.local/lib/python3.7/site-packages/airflow/example_dags/example_branch_operator.py
[2022-05-11 07:26:30,592] {processor.py:642} INFO - Processing file /home/airflow/.local/lib/python3.7/site-packages/airflow/example_dags/example_branch_operator.py for tasks to queue
[2022-05-11 07:26:30,593] {logging_mixin.py:109} INFO - [2022-05-11 07:26:30,593] {dagbag.py:500} INFO - Filling up the DagBag from /home/airflow/.local/lib/python3.7/site-packages/airflow/example_dags/example_branch_operator.py
[2022-05-11 07:26:30,609] {processor.py:652} INFO - DAG(s) dict_keys(['example_branch_operator']) retrieved from /home/airflow/.local/lib/python3.7/site-packages/airflow/example_dags/example_branch_operator.py
[2022-05-11 07:26:30,628] {logging_mixin.py:109} INFO - [2022-05-11 07:26:30,628] {dag.py:2398} INFO - Sync 1 DAGs
[2022-05-11 07:26:30,646] {logging_mixin.py:109} INFO - [2022-05-11 07:26:30,646] {dag.py:2937} INFO - Setting next_dagrun for example_branch_operator to 2022-05-10 00:00:00+00:00
[2022-05-11 07:26:30,659] {processor.py:171} INFO - Processing /home/airflow/.local/lib/python3.7/site-packages/airflow/example_dags/example_branch_operator.py took 0.071 seconds
[2022-05-11 07:27:01,393] {processor.py:163} INFO - Started process (PID=553) to work on /home/airflow/.local/lib/python3.7/site-packages/airflow/example_dags/example_branch_operator.py
[2022-05-11 07:27:01,394] {processor.py:642} INFO - Processing file /home/airflow/.local/lib/python3.7/site-packages/airflow/example_dags/example_branch_operator.py for tasks to queue
[2022-05-11 07:27:01,395] {logging_mixin.py:109} INFO - [2022-05-11 07:27:01,395] {dagbag.py:500} INFO - Filling up the DagBag from /home/airflow/.local/lib/python3.7/site-packages/airflow/example_dags/example_branch_operator.py
[2022-05-11 07:27:01,411] {processor.py:652} INFO - DAG(s) dict_keys(['example_branch_operator']) retrieved from /home/airflow/.local/lib/python3.7/site-packages/airflow/example_dags/example_branch_operator.py
[2022-05-11 07:27:01,431] {logging_mixin.py:109} INFO - [2022-05-11 07:27:01,431] {dag.py:2398} INFO - Sync 1 DAGs
[2022-05-11 07:27:01,447] {logging_mixin.py:109} INFO - [2022-05-11 07:27:01,447] {dag.py:2937} INFO - Setting next_dagrun for example_branch_operator to 2022-05-10 00:00:00+00:00
[2022-05-11 07:27:01,462] {processor.py:171} INFO - Processing /home/airflow/.local/lib/python3.7/site-packages/airflow/example_dags/example_branch_operator.py took 0.072 seconds
[2022-05-11 07:27:32,257] {processor.py:163} INFO - Started process (PID=626) to work on /home/airflow/.local/lib/python3.7/site-packages/airflow/example_dags/example_branch_operator.py
[2022-05-11 07:27:32,259] {processor.py:642} INFO - Processing file /home/airflow/.local/lib/python3.7/site-packages/airflow/example_dags/example_branch_operator.py for tasks to queue
[2022-05-11 07:27:32,260] {logging_mixin.py:109} INFO - [2022-05-11 07:27:32,260] {dagbag.py:500} INFO - Filling up the DagBag from /home/airflow/.local/lib/python3.7/site-packages/airflow/example_dags/example_branch_operator.py
[2022-05-11 07:27:32,289] {processor.py:652} INFO - DAG(s) dict_keys(['example_branch_operator']) retrieved from /home/airflow/.local/lib/python3.7/site-packages/airflow/example_dags/example_branch_operator.py
[2022-05-11 07:27:32,317] {logging_mixin.py:109} INFO - [2022-05-11 07:27:32,317] {dag.py:2398} INFO - Sync 1 DAGs
[2022-05-11 07:27:32,345] {logging_mixin.py:109} INFO - [2022-05-11 07:27:32,345] {dag.py:2937} INFO - Setting next_dagrun for example_branch_operator to 2022-05-10 00:00:00+00:00
[2022-05-11 07:27:32,359] {processor.py:171} INFO - Processing /home/airflow/.local/lib/python3.7/site-packages/airflow/example_dags/example_branch_operator.py took 0.106 seconds
