[2022-05-11 06:55:59,010] {processor.py:163} INFO - Started process (PID=28854) to work on /home/airflow/.local/lib/python3.7/site-packages/airflow/example_dags/example_complex.py
[2022-05-11 06:55:59,036] {processor.py:642} INFO - Processing file /home/airflow/.local/lib/python3.7/site-packages/airflow/example_dags/example_complex.py for tasks to queue
[2022-05-11 06:55:59,042] {logging_mixin.py:109} INFO - [2022-05-11 06:55:59,042] {dagbag.py:500} INFO - Filling up the DagBag from /home/airflow/.local/lib/python3.7/site-packages/airflow/example_dags/example_complex.py
[2022-05-11 06:55:59,099] {processor.py:652} INFO - DAG(s) dict_keys(['example_complex']) retrieved from /home/airflow/.local/lib/python3.7/site-packages/airflow/example_dags/example_complex.py
[2022-05-11 06:55:59,207] {logging_mixin.py:109} INFO - [2022-05-11 06:55:59,207] {dag.py:2398} INFO - Sync 1 DAGs
[2022-05-11 06:55:59,273] {logging_mixin.py:109} INFO - [2022-05-11 06:55:59,272] {dag.py:2937} INFO - Setting next_dagrun for example_complex to None
[2022-05-11 06:55:59,346] {processor.py:171} INFO - Processing /home/airflow/.local/lib/python3.7/site-packages/airflow/example_dags/example_complex.py took 0.340 seconds
[2022-05-11 06:56:29,622] {processor.py:163} INFO - Started process (PID=28918) to work on /home/airflow/.local/lib/python3.7/site-packages/airflow/example_dags/example_complex.py
[2022-05-11 06:56:29,624] {processor.py:642} INFO - Processing file /home/airflow/.local/lib/python3.7/site-packages/airflow/example_dags/example_complex.py for tasks to queue
[2022-05-11 06:56:29,625] {logging_mixin.py:109} INFO - [2022-05-11 06:56:29,625] {dagbag.py:500} INFO - Filling up the DagBag from /home/airflow/.local/lib/python3.7/site-packages/airflow/example_dags/example_complex.py
[2022-05-11 06:56:29,646] {processor.py:652} INFO - DAG(s) dict_keys(['example_complex']) retrieved from /home/airflow/.local/lib/python3.7/site-packages/airflow/example_dags/example_complex.py
[2022-05-11 06:56:29,674] {logging_mixin.py:109} INFO - [2022-05-11 06:56:29,673] {dag.py:2398} INFO - Sync 1 DAGs
[2022-05-11 06:56:29,689] {logging_mixin.py:109} INFO - [2022-05-11 06:56:29,689] {dag.py:2937} INFO - Setting next_dagrun for example_complex to None
[2022-05-11 06:56:29,701] {processor.py:171} INFO - Processing /home/airflow/.local/lib/python3.7/site-packages/airflow/example_dags/example_complex.py took 0.083 seconds
[2022-05-11 06:57:00,006] {processor.py:163} INFO - Started process (PID=28990) to work on /home/airflow/.local/lib/python3.7/site-packages/airflow/example_dags/example_complex.py
[2022-05-11 06:57:00,007] {processor.py:642} INFO - Processing file /home/airflow/.local/lib/python3.7/site-packages/airflow/example_dags/example_complex.py for tasks to queue
[2022-05-11 06:57:00,008] {logging_mixin.py:109} INFO - [2022-05-11 06:57:00,008] {dagbag.py:500} INFO - Filling up the DagBag from /home/airflow/.local/lib/python3.7/site-packages/airflow/example_dags/example_complex.py
[2022-05-11 06:57:00,027] {processor.py:652} INFO - DAG(s) dict_keys(['example_complex']) retrieved from /home/airflow/.local/lib/python3.7/site-packages/airflow/example_dags/example_complex.py
[2022-05-11 06:57:00,058] {logging_mixin.py:109} INFO - [2022-05-11 06:57:00,057] {dag.py:2398} INFO - Sync 1 DAGs
[2022-05-11 06:57:00,078] {logging_mixin.py:109} INFO - [2022-05-11 06:57:00,078] {dag.py:2937} INFO - Setting next_dagrun for example_complex to None
[2022-05-11 06:57:00,093] {processor.py:171} INFO - Processing /home/airflow/.local/lib/python3.7/site-packages/airflow/example_dags/example_complex.py took 0.090 seconds
[2022-05-11 06:57:30,533] {processor.py:163} INFO - Started process (PID=29054) to work on /home/airflow/.local/lib/python3.7/site-packages/airflow/example_dags/example_complex.py
[2022-05-11 06:57:30,535] {processor.py:642} INFO - Processing file /home/airflow/.local/lib/python3.7/site-packages/airflow/example_dags/example_complex.py for tasks to queue
[2022-05-11 06:57:30,536] {logging_mixin.py:109} INFO - [2022-05-11 06:57:30,536] {dagbag.py:500} INFO - Filling up the DagBag from /home/airflow/.local/lib/python3.7/site-packages/airflow/example_dags/example_complex.py
[2022-05-11 06:57:30,552] {processor.py:652} INFO - DAG(s) dict_keys(['example_complex']) retrieved from /home/airflow/.local/lib/python3.7/site-packages/airflow/example_dags/example_complex.py
[2022-05-11 06:57:30,574] {logging_mixin.py:109} INFO - [2022-05-11 06:57:30,573] {dag.py:2398} INFO - Sync 1 DAGs
[2022-05-11 06:57:30,588] {logging_mixin.py:109} INFO - [2022-05-11 06:57:30,588] {dag.py:2937} INFO - Setting next_dagrun for example_complex to None
[2022-05-11 06:57:30,603] {processor.py:171} INFO - Processing /home/airflow/.local/lib/python3.7/site-packages/airflow/example_dags/example_complex.py took 0.073 seconds
[2022-05-11 06:58:01,521] {processor.py:163} INFO - Started process (PID=29128) to work on /home/airflow/.local/lib/python3.7/site-packages/airflow/example_dags/example_complex.py
[2022-05-11 06:58:01,523] {processor.py:642} INFO - Processing file /home/airflow/.local/lib/python3.7/site-packages/airflow/example_dags/example_complex.py for tasks to queue
[2022-05-11 06:58:01,524] {logging_mixin.py:109} INFO - [2022-05-11 06:58:01,524] {dagbag.py:500} INFO - Filling up the DagBag from /home/airflow/.local/lib/python3.7/site-packages/airflow/example_dags/example_complex.py
[2022-05-11 06:58:01,545] {processor.py:652} INFO - DAG(s) dict_keys(['example_complex']) retrieved from /home/airflow/.local/lib/python3.7/site-packages/airflow/example_dags/example_complex.py
[2022-05-11 06:58:01,578] {logging_mixin.py:109} INFO - [2022-05-11 06:58:01,578] {dag.py:2398} INFO - Sync 1 DAGs
[2022-05-11 06:58:01,594] {logging_mixin.py:109} INFO - [2022-05-11 06:58:01,594] {dag.py:2937} INFO - Setting next_dagrun for example_complex to None
[2022-05-11 06:58:01,607] {processor.py:171} INFO - Processing /home/airflow/.local/lib/python3.7/site-packages/airflow/example_dags/example_complex.py took 0.090 seconds
[2022-05-11 06:58:31,973] {processor.py:163} INFO - Started process (PID=29191) to work on /home/airflow/.local/lib/python3.7/site-packages/airflow/example_dags/example_complex.py
[2022-05-11 06:58:31,975] {processor.py:642} INFO - Processing file /home/airflow/.local/lib/python3.7/site-packages/airflow/example_dags/example_complex.py for tasks to queue
[2022-05-11 06:58:31,976] {logging_mixin.py:109} INFO - [2022-05-11 06:58:31,976] {dagbag.py:500} INFO - Filling up the DagBag from /home/airflow/.local/lib/python3.7/site-packages/airflow/example_dags/example_complex.py
[2022-05-11 06:58:31,996] {processor.py:652} INFO - DAG(s) dict_keys(['example_complex']) retrieved from /home/airflow/.local/lib/python3.7/site-packages/airflow/example_dags/example_complex.py
[2022-05-11 06:58:32,022] {logging_mixin.py:109} INFO - [2022-05-11 06:58:32,022] {dag.py:2398} INFO - Sync 1 DAGs
[2022-05-11 06:58:32,036] {logging_mixin.py:109} INFO - [2022-05-11 06:58:32,036] {dag.py:2937} INFO - Setting next_dagrun for example_complex to None
[2022-05-11 06:58:32,049] {processor.py:171} INFO - Processing /home/airflow/.local/lib/python3.7/site-packages/airflow/example_dags/example_complex.py took 0.080 seconds
[2022-05-11 06:59:02,138] {processor.py:163} INFO - Started process (PID=29261) to work on /home/airflow/.local/lib/python3.7/site-packages/airflow/example_dags/example_complex.py
[2022-05-11 06:59:02,140] {processor.py:642} INFO - Processing file /home/airflow/.local/lib/python3.7/site-packages/airflow/example_dags/example_complex.py for tasks to queue
[2022-05-11 06:59:02,141] {logging_mixin.py:109} INFO - [2022-05-11 06:59:02,140] {dagbag.py:500} INFO - Filling up the DagBag from /home/airflow/.local/lib/python3.7/site-packages/airflow/example_dags/example_complex.py
[2022-05-11 06:59:02,161] {processor.py:652} INFO - DAG(s) dict_keys(['example_complex']) retrieved from /home/airflow/.local/lib/python3.7/site-packages/airflow/example_dags/example_complex.py
[2022-05-11 06:59:02,189] {logging_mixin.py:109} INFO - [2022-05-11 06:59:02,188] {dag.py:2398} INFO - Sync 1 DAGs
[2022-05-11 06:59:02,201] {logging_mixin.py:109} INFO - [2022-05-11 06:59:02,201] {dag.py:2937} INFO - Setting next_dagrun for example_complex to None
[2022-05-11 06:59:02,213] {processor.py:171} INFO - Processing /home/airflow/.local/lib/python3.7/site-packages/airflow/example_dags/example_complex.py took 0.078 seconds
[2022-05-11 06:59:32,582] {processor.py:163} INFO - Started process (PID=29332) to work on /home/airflow/.local/lib/python3.7/site-packages/airflow/example_dags/example_complex.py
[2022-05-11 06:59:32,584] {processor.py:642} INFO - Processing file /home/airflow/.local/lib/python3.7/site-packages/airflow/example_dags/example_complex.py for tasks to queue
[2022-05-11 06:59:32,585] {logging_mixin.py:109} INFO - [2022-05-11 06:59:32,585] {dagbag.py:500} INFO - Filling up the DagBag from /home/airflow/.local/lib/python3.7/site-packages/airflow/example_dags/example_complex.py
[2022-05-11 06:59:32,611] {processor.py:652} INFO - DAG(s) dict_keys(['example_complex']) retrieved from /home/airflow/.local/lib/python3.7/site-packages/airflow/example_dags/example_complex.py
[2022-05-11 06:59:32,644] {logging_mixin.py:109} INFO - [2022-05-11 06:59:32,644] {dag.py:2398} INFO - Sync 1 DAGs
[2022-05-11 06:59:32,662] {logging_mixin.py:109} INFO - [2022-05-11 06:59:32,662] {dag.py:2937} INFO - Setting next_dagrun for example_complex to None
[2022-05-11 06:59:32,677] {processor.py:171} INFO - Processing /home/airflow/.local/lib/python3.7/site-packages/airflow/example_dags/example_complex.py took 0.098 seconds
[2022-05-11 07:00:02,742] {processor.py:163} INFO - Started process (PID=29397) to work on /home/airflow/.local/lib/python3.7/site-packages/airflow/example_dags/example_complex.py
[2022-05-11 07:00:02,744] {processor.py:642} INFO - Processing file /home/airflow/.local/lib/python3.7/site-packages/airflow/example_dags/example_complex.py for tasks to queue
[2022-05-11 07:00:02,745] {logging_mixin.py:109} INFO - [2022-05-11 07:00:02,745] {dagbag.py:500} INFO - Filling up the DagBag from /home/airflow/.local/lib/python3.7/site-packages/airflow/example_dags/example_complex.py
[2022-05-11 07:00:02,764] {processor.py:652} INFO - DAG(s) dict_keys(['example_complex']) retrieved from /home/airflow/.local/lib/python3.7/site-packages/airflow/example_dags/example_complex.py
[2022-05-11 07:00:02,793] {logging_mixin.py:109} INFO - [2022-05-11 07:00:02,793] {dag.py:2398} INFO - Sync 1 DAGs
[2022-05-11 07:00:02,807] {logging_mixin.py:109} INFO - [2022-05-11 07:00:02,807] {dag.py:2937} INFO - Setting next_dagrun for example_complex to None
[2022-05-11 07:00:02,819] {processor.py:171} INFO - Processing /home/airflow/.local/lib/python3.7/site-packages/airflow/example_dags/example_complex.py took 0.080 seconds
[2022-05-11 07:00:32,960] {processor.py:163} INFO - Started process (PID=29471) to work on /home/airflow/.local/lib/python3.7/site-packages/airflow/example_dags/example_complex.py
[2022-05-11 07:00:32,961] {processor.py:642} INFO - Processing file /home/airflow/.local/lib/python3.7/site-packages/airflow/example_dags/example_complex.py for tasks to queue
[2022-05-11 07:00:32,963] {logging_mixin.py:109} INFO - [2022-05-11 07:00:32,963] {dagbag.py:500} INFO - Filling up the DagBag from /home/airflow/.local/lib/python3.7/site-packages/airflow/example_dags/example_complex.py
[2022-05-11 07:00:32,986] {processor.py:652} INFO - DAG(s) dict_keys(['example_complex']) retrieved from /home/airflow/.local/lib/python3.7/site-packages/airflow/example_dags/example_complex.py
[2022-05-11 07:00:33,017] {logging_mixin.py:109} INFO - [2022-05-11 07:00:33,017] {dag.py:2398} INFO - Sync 1 DAGs
[2022-05-11 07:00:33,034] {logging_mixin.py:109} INFO - [2022-05-11 07:00:33,034] {dag.py:2937} INFO - Setting next_dagrun for example_complex to None
[2022-05-11 07:00:33,050] {processor.py:171} INFO - Processing /home/airflow/.local/lib/python3.7/site-packages/airflow/example_dags/example_complex.py took 0.095 seconds
[2022-05-11 07:01:03,615] {processor.py:163} INFO - Started process (PID=29534) to work on /home/airflow/.local/lib/python3.7/site-packages/airflow/example_dags/example_complex.py
[2022-05-11 07:01:03,617] {processor.py:642} INFO - Processing file /home/airflow/.local/lib/python3.7/site-packages/airflow/example_dags/example_complex.py for tasks to queue
[2022-05-11 07:01:03,618] {logging_mixin.py:109} INFO - [2022-05-11 07:01:03,618] {dagbag.py:500} INFO - Filling up the DagBag from /home/airflow/.local/lib/python3.7/site-packages/airflow/example_dags/example_complex.py
[2022-05-11 07:01:03,637] {processor.py:652} INFO - DAG(s) dict_keys(['example_complex']) retrieved from /home/airflow/.local/lib/python3.7/site-packages/airflow/example_dags/example_complex.py
[2022-05-11 07:01:03,664] {logging_mixin.py:109} INFO - [2022-05-11 07:01:03,664] {dag.py:2398} INFO - Sync 1 DAGs
[2022-05-11 07:01:03,679] {logging_mixin.py:109} INFO - [2022-05-11 07:01:03,679] {dag.py:2937} INFO - Setting next_dagrun for example_complex to None
[2022-05-11 07:01:03,693] {processor.py:171} INFO - Processing /home/airflow/.local/lib/python3.7/site-packages/airflow/example_dags/example_complex.py took 0.081 seconds
[2022-05-11 07:01:34,222] {processor.py:163} INFO - Started process (PID=29607) to work on /home/airflow/.local/lib/python3.7/site-packages/airflow/example_dags/example_complex.py
[2022-05-11 07:01:34,224] {processor.py:642} INFO - Processing file /home/airflow/.local/lib/python3.7/site-packages/airflow/example_dags/example_complex.py for tasks to queue
[2022-05-11 07:01:34,226] {logging_mixin.py:109} INFO - [2022-05-11 07:01:34,226] {dagbag.py:500} INFO - Filling up the DagBag from /home/airflow/.local/lib/python3.7/site-packages/airflow/example_dags/example_complex.py
[2022-05-11 07:01:34,257] {processor.py:652} INFO - DAG(s) dict_keys(['example_complex']) retrieved from /home/airflow/.local/lib/python3.7/site-packages/airflow/example_dags/example_complex.py
[2022-05-11 07:01:34,294] {logging_mixin.py:109} INFO - [2022-05-11 07:01:34,294] {dag.py:2398} INFO - Sync 1 DAGs
[2022-05-11 07:01:34,312] {logging_mixin.py:109} INFO - [2022-05-11 07:01:34,312] {dag.py:2937} INFO - Setting next_dagrun for example_complex to None
[2022-05-11 07:01:34,328] {processor.py:171} INFO - Processing /home/airflow/.local/lib/python3.7/site-packages/airflow/example_dags/example_complex.py took 0.111 seconds
[2022-05-11 07:02:04,492] {processor.py:163} INFO - Started process (PID=29670) to work on /home/airflow/.local/lib/python3.7/site-packages/airflow/example_dags/example_complex.py
[2022-05-11 07:02:04,494] {processor.py:642} INFO - Processing file /home/airflow/.local/lib/python3.7/site-packages/airflow/example_dags/example_complex.py for tasks to queue
[2022-05-11 07:02:04,495] {logging_mixin.py:109} INFO - [2022-05-11 07:02:04,495] {dagbag.py:500} INFO - Filling up the DagBag from /home/airflow/.local/lib/python3.7/site-packages/airflow/example_dags/example_complex.py
[2022-05-11 07:02:04,516] {processor.py:652} INFO - DAG(s) dict_keys(['example_complex']) retrieved from /home/airflow/.local/lib/python3.7/site-packages/airflow/example_dags/example_complex.py
[2022-05-11 07:02:04,542] {logging_mixin.py:109} INFO - [2022-05-11 07:02:04,542] {dag.py:2398} INFO - Sync 1 DAGs
[2022-05-11 07:02:04,555] {logging_mixin.py:109} INFO - [2022-05-11 07:02:04,555] {dag.py:2937} INFO - Setting next_dagrun for example_complex to None
[2022-05-11 07:02:04,568] {processor.py:171} INFO - Processing /home/airflow/.local/lib/python3.7/site-packages/airflow/example_dags/example_complex.py took 0.079 seconds
[2022-05-11 07:02:34,957] {processor.py:163} INFO - Started process (PID=29744) to work on /home/airflow/.local/lib/python3.7/site-packages/airflow/example_dags/example_complex.py
[2022-05-11 07:02:34,959] {processor.py:642} INFO - Processing file /home/airflow/.local/lib/python3.7/site-packages/airflow/example_dags/example_complex.py for tasks to queue
[2022-05-11 07:02:34,960] {logging_mixin.py:109} INFO - [2022-05-11 07:02:34,960] {dagbag.py:500} INFO - Filling up the DagBag from /home/airflow/.local/lib/python3.7/site-packages/airflow/example_dags/example_complex.py
[2022-05-11 07:02:34,983] {processor.py:652} INFO - DAG(s) dict_keys(['example_complex']) retrieved from /home/airflow/.local/lib/python3.7/site-packages/airflow/example_dags/example_complex.py
[2022-05-11 07:02:35,015] {logging_mixin.py:109} INFO - [2022-05-11 07:02:35,015] {dag.py:2398} INFO - Sync 1 DAGs
[2022-05-11 07:02:35,032] {logging_mixin.py:109} INFO - [2022-05-11 07:02:35,032] {dag.py:2937} INFO - Setting next_dagrun for example_complex to None
[2022-05-11 07:02:35,048] {processor.py:171} INFO - Processing /home/airflow/.local/lib/python3.7/site-packages/airflow/example_dags/example_complex.py took 0.094 seconds
[2022-05-11 07:03:05,577] {processor.py:163} INFO - Started process (PID=29807) to work on /home/airflow/.local/lib/python3.7/site-packages/airflow/example_dags/example_complex.py
[2022-05-11 07:03:05,579] {processor.py:642} INFO - Processing file /home/airflow/.local/lib/python3.7/site-packages/airflow/example_dags/example_complex.py for tasks to queue
[2022-05-11 07:03:05,580] {logging_mixin.py:109} INFO - [2022-05-11 07:03:05,580] {dagbag.py:500} INFO - Filling up the DagBag from /home/airflow/.local/lib/python3.7/site-packages/airflow/example_dags/example_complex.py
[2022-05-11 07:03:05,599] {processor.py:652} INFO - DAG(s) dict_keys(['example_complex']) retrieved from /home/airflow/.local/lib/python3.7/site-packages/airflow/example_dags/example_complex.py
[2022-05-11 07:03:05,625] {logging_mixin.py:109} INFO - [2022-05-11 07:03:05,625] {dag.py:2398} INFO - Sync 1 DAGs
[2022-05-11 07:03:05,639] {logging_mixin.py:109} INFO - [2022-05-11 07:03:05,639] {dag.py:2937} INFO - Setting next_dagrun for example_complex to None
[2022-05-11 07:03:05,651] {processor.py:171} INFO - Processing /home/airflow/.local/lib/python3.7/site-packages/airflow/example_dags/example_complex.py took 0.077 seconds
[2022-05-11 07:03:36,038] {processor.py:163} INFO - Started process (PID=29878) to work on /home/airflow/.local/lib/python3.7/site-packages/airflow/example_dags/example_complex.py
[2022-05-11 07:03:36,040] {processor.py:642} INFO - Processing file /home/airflow/.local/lib/python3.7/site-packages/airflow/example_dags/example_complex.py for tasks to queue
[2022-05-11 07:03:36,041] {logging_mixin.py:109} INFO - [2022-05-11 07:03:36,040] {dagbag.py:500} INFO - Filling up the DagBag from /home/airflow/.local/lib/python3.7/site-packages/airflow/example_dags/example_complex.py
[2022-05-11 07:03:36,064] {processor.py:652} INFO - DAG(s) dict_keys(['example_complex']) retrieved from /home/airflow/.local/lib/python3.7/site-packages/airflow/example_dags/example_complex.py
[2022-05-11 07:03:36,093] {logging_mixin.py:109} INFO - [2022-05-11 07:03:36,093] {dag.py:2398} INFO - Sync 1 DAGs
[2022-05-11 07:03:36,124] {logging_mixin.py:109} INFO - [2022-05-11 07:03:36,124] {dag.py:2937} INFO - Setting next_dagrun for example_complex to None
[2022-05-11 07:03:36,141] {processor.py:171} INFO - Processing /home/airflow/.local/lib/python3.7/site-packages/airflow/example_dags/example_complex.py took 0.105 seconds
[2022-05-11 07:04:06,927] {processor.py:163} INFO - Started process (PID=29941) to work on /home/airflow/.local/lib/python3.7/site-packages/airflow/example_dags/example_complex.py
[2022-05-11 07:04:06,929] {processor.py:642} INFO - Processing file /home/airflow/.local/lib/python3.7/site-packages/airflow/example_dags/example_complex.py for tasks to queue
[2022-05-11 07:04:06,930] {logging_mixin.py:109} INFO - [2022-05-11 07:04:06,930] {dagbag.py:500} INFO - Filling up the DagBag from /home/airflow/.local/lib/python3.7/site-packages/airflow/example_dags/example_complex.py
[2022-05-11 07:04:06,950] {processor.py:652} INFO - DAG(s) dict_keys(['example_complex']) retrieved from /home/airflow/.local/lib/python3.7/site-packages/airflow/example_dags/example_complex.py
[2022-05-11 07:04:06,976] {logging_mixin.py:109} INFO - [2022-05-11 07:04:06,976] {dag.py:2398} INFO - Sync 1 DAGs
[2022-05-11 07:04:06,990] {logging_mixin.py:109} INFO - [2022-05-11 07:04:06,990] {dag.py:2937} INFO - Setting next_dagrun for example_complex to None
[2022-05-11 07:04:07,008] {processor.py:171} INFO - Processing /home/airflow/.local/lib/python3.7/site-packages/airflow/example_dags/example_complex.py took 0.083 seconds
[2022-05-11 07:04:37,374] {processor.py:163} INFO - Started process (PID=30014) to work on /home/airflow/.local/lib/python3.7/site-packages/airflow/example_dags/example_complex.py
[2022-05-11 07:04:37,376] {processor.py:642} INFO - Processing file /home/airflow/.local/lib/python3.7/site-packages/airflow/example_dags/example_complex.py for tasks to queue
[2022-05-11 07:04:37,377] {logging_mixin.py:109} INFO - [2022-05-11 07:04:37,377] {dagbag.py:500} INFO - Filling up the DagBag from /home/airflow/.local/lib/python3.7/site-packages/airflow/example_dags/example_complex.py
[2022-05-11 07:04:37,396] {processor.py:652} INFO - DAG(s) dict_keys(['example_complex']) retrieved from /home/airflow/.local/lib/python3.7/site-packages/airflow/example_dags/example_complex.py
[2022-05-11 07:04:37,428] {logging_mixin.py:109} INFO - [2022-05-11 07:04:37,428] {dag.py:2398} INFO - Sync 1 DAGs
[2022-05-11 07:04:37,441] {logging_mixin.py:109} INFO - [2022-05-11 07:04:37,441] {dag.py:2937} INFO - Setting next_dagrun for example_complex to None
[2022-05-11 07:04:37,455] {processor.py:171} INFO - Processing /home/airflow/.local/lib/python3.7/site-packages/airflow/example_dags/example_complex.py took 0.087 seconds
[2022-05-11 07:05:07,862] {processor.py:163} INFO - Started process (PID=30078) to work on /home/airflow/.local/lib/python3.7/site-packages/airflow/example_dags/example_complex.py
[2022-05-11 07:05:07,864] {processor.py:642} INFO - Processing file /home/airflow/.local/lib/python3.7/site-packages/airflow/example_dags/example_complex.py for tasks to queue
[2022-05-11 07:05:07,865] {logging_mixin.py:109} INFO - [2022-05-11 07:05:07,865] {dagbag.py:500} INFO - Filling up the DagBag from /home/airflow/.local/lib/python3.7/site-packages/airflow/example_dags/example_complex.py
[2022-05-11 07:05:07,885] {processor.py:652} INFO - DAG(s) dict_keys(['example_complex']) retrieved from /home/airflow/.local/lib/python3.7/site-packages/airflow/example_dags/example_complex.py
[2022-05-11 07:05:07,908] {logging_mixin.py:109} INFO - [2022-05-11 07:05:07,908] {dag.py:2398} INFO - Sync 1 DAGs
[2022-05-11 07:05:07,924] {logging_mixin.py:109} INFO - [2022-05-11 07:05:07,923] {dag.py:2937} INFO - Setting next_dagrun for example_complex to None
[2022-05-11 07:05:07,938] {processor.py:171} INFO - Processing /home/airflow/.local/lib/python3.7/site-packages/airflow/example_dags/example_complex.py took 0.079 seconds
[2022-05-11 07:05:38,359] {processor.py:163} INFO - Started process (PID=30152) to work on /home/airflow/.local/lib/python3.7/site-packages/airflow/example_dags/example_complex.py
[2022-05-11 07:05:38,361] {processor.py:642} INFO - Processing file /home/airflow/.local/lib/python3.7/site-packages/airflow/example_dags/example_complex.py for tasks to queue
[2022-05-11 07:05:38,361] {logging_mixin.py:109} INFO - [2022-05-11 07:05:38,361] {dagbag.py:500} INFO - Filling up the DagBag from /home/airflow/.local/lib/python3.7/site-packages/airflow/example_dags/example_complex.py
[2022-05-11 07:05:38,382] {processor.py:652} INFO - DAG(s) dict_keys(['example_complex']) retrieved from /home/airflow/.local/lib/python3.7/site-packages/airflow/example_dags/example_complex.py
[2022-05-11 07:05:38,411] {logging_mixin.py:109} INFO - [2022-05-11 07:05:38,411] {dag.py:2398} INFO - Sync 1 DAGs
[2022-05-11 07:05:38,423] {logging_mixin.py:109} INFO - [2022-05-11 07:05:38,423] {dag.py:2937} INFO - Setting next_dagrun for example_complex to None
[2022-05-11 07:05:38,437] {processor.py:171} INFO - Processing /home/airflow/.local/lib/python3.7/site-packages/airflow/example_dags/example_complex.py took 0.081 seconds
[2022-05-11 07:06:08,776] {processor.py:163} INFO - Started process (PID=30224) to work on /home/airflow/.local/lib/python3.7/site-packages/airflow/example_dags/example_complex.py
[2022-05-11 07:06:08,778] {processor.py:642} INFO - Processing file /home/airflow/.local/lib/python3.7/site-packages/airflow/example_dags/example_complex.py for tasks to queue
[2022-05-11 07:06:08,779] {logging_mixin.py:109} INFO - [2022-05-11 07:06:08,779] {dagbag.py:500} INFO - Filling up the DagBag from /home/airflow/.local/lib/python3.7/site-packages/airflow/example_dags/example_complex.py
[2022-05-11 07:06:08,802] {processor.py:652} INFO - DAG(s) dict_keys(['example_complex']) retrieved from /home/airflow/.local/lib/python3.7/site-packages/airflow/example_dags/example_complex.py
[2022-05-11 07:06:08,830] {logging_mixin.py:109} INFO - [2022-05-11 07:06:08,830] {dag.py:2398} INFO - Sync 1 DAGs
[2022-05-11 07:06:08,850] {logging_mixin.py:109} INFO - [2022-05-11 07:06:08,850] {dag.py:2937} INFO - Setting next_dagrun for example_complex to None
[2022-05-11 07:06:08,865] {processor.py:171} INFO - Processing /home/airflow/.local/lib/python3.7/site-packages/airflow/example_dags/example_complex.py took 0.092 seconds
[2022-05-11 07:06:39,281] {processor.py:163} INFO - Started process (PID=30286) to work on /home/airflow/.local/lib/python3.7/site-packages/airflow/example_dags/example_complex.py
[2022-05-11 07:06:39,283] {processor.py:642} INFO - Processing file /home/airflow/.local/lib/python3.7/site-packages/airflow/example_dags/example_complex.py for tasks to queue
[2022-05-11 07:06:39,285] {logging_mixin.py:109} INFO - [2022-05-11 07:06:39,285] {dagbag.py:500} INFO - Filling up the DagBag from /home/airflow/.local/lib/python3.7/site-packages/airflow/example_dags/example_complex.py
[2022-05-11 07:06:39,305] {processor.py:652} INFO - DAG(s) dict_keys(['example_complex']) retrieved from /home/airflow/.local/lib/python3.7/site-packages/airflow/example_dags/example_complex.py
[2022-05-11 07:06:39,335] {logging_mixin.py:109} INFO - [2022-05-11 07:06:39,335] {dag.py:2398} INFO - Sync 1 DAGs
[2022-05-11 07:06:39,350] {logging_mixin.py:109} INFO - [2022-05-11 07:06:39,350] {dag.py:2937} INFO - Setting next_dagrun for example_complex to None
[2022-05-11 07:06:39,366] {processor.py:171} INFO - Processing /home/airflow/.local/lib/python3.7/site-packages/airflow/example_dags/example_complex.py took 0.090 seconds
[2022-05-11 07:07:09,835] {processor.py:163} INFO - Started process (PID=30357) to work on /home/airflow/.local/lib/python3.7/site-packages/airflow/example_dags/example_complex.py
[2022-05-11 07:07:09,837] {processor.py:642} INFO - Processing file /home/airflow/.local/lib/python3.7/site-packages/airflow/example_dags/example_complex.py for tasks to queue
[2022-05-11 07:07:09,838] {logging_mixin.py:109} INFO - [2022-05-11 07:07:09,838] {dagbag.py:500} INFO - Filling up the DagBag from /home/airflow/.local/lib/python3.7/site-packages/airflow/example_dags/example_complex.py
[2022-05-11 07:07:09,860] {processor.py:652} INFO - DAG(s) dict_keys(['example_complex']) retrieved from /home/airflow/.local/lib/python3.7/site-packages/airflow/example_dags/example_complex.py
[2022-05-11 07:07:09,885] {logging_mixin.py:109} INFO - [2022-05-11 07:07:09,885] {dag.py:2398} INFO - Sync 1 DAGs
[2022-05-11 07:07:09,902] {logging_mixin.py:109} INFO - [2022-05-11 07:07:09,902] {dag.py:2937} INFO - Setting next_dagrun for example_complex to None
[2022-05-11 07:07:09,916] {processor.py:171} INFO - Processing /home/airflow/.local/lib/python3.7/site-packages/airflow/example_dags/example_complex.py took 0.084 seconds
[2022-05-11 07:07:40,979] {processor.py:163} INFO - Started process (PID=30421) to work on /home/airflow/.local/lib/python3.7/site-packages/airflow/example_dags/example_complex.py
[2022-05-11 07:07:40,981] {processor.py:642} INFO - Processing file /home/airflow/.local/lib/python3.7/site-packages/airflow/example_dags/example_complex.py for tasks to queue
[2022-05-11 07:07:40,982] {logging_mixin.py:109} INFO - [2022-05-11 07:07:40,982] {dagbag.py:500} INFO - Filling up the DagBag from /home/airflow/.local/lib/python3.7/site-packages/airflow/example_dags/example_complex.py
[2022-05-11 07:07:41,004] {processor.py:652} INFO - DAG(s) dict_keys(['example_complex']) retrieved from /home/airflow/.local/lib/python3.7/site-packages/airflow/example_dags/example_complex.py
[2022-05-11 07:07:41,028] {logging_mixin.py:109} INFO - [2022-05-11 07:07:41,028] {dag.py:2398} INFO - Sync 1 DAGs
[2022-05-11 07:07:41,044] {logging_mixin.py:109} INFO - [2022-05-11 07:07:41,043] {dag.py:2937} INFO - Setting next_dagrun for example_complex to None
[2022-05-11 07:07:41,057] {processor.py:171} INFO - Processing /home/airflow/.local/lib/python3.7/site-packages/airflow/example_dags/example_complex.py took 0.082 seconds
[2022-05-11 07:08:11,397] {processor.py:163} INFO - Started process (PID=30493) to work on /home/airflow/.local/lib/python3.7/site-packages/airflow/example_dags/example_complex.py
[2022-05-11 07:08:11,399] {processor.py:642} INFO - Processing file /home/airflow/.local/lib/python3.7/site-packages/airflow/example_dags/example_complex.py for tasks to queue
[2022-05-11 07:08:11,400] {logging_mixin.py:109} INFO - [2022-05-11 07:08:11,400] {dagbag.py:500} INFO - Filling up the DagBag from /home/airflow/.local/lib/python3.7/site-packages/airflow/example_dags/example_complex.py
[2022-05-11 07:08:11,418] {processor.py:652} INFO - DAG(s) dict_keys(['example_complex']) retrieved from /home/airflow/.local/lib/python3.7/site-packages/airflow/example_dags/example_complex.py
[2022-05-11 07:08:11,442] {logging_mixin.py:109} INFO - [2022-05-11 07:08:11,442] {dag.py:2398} INFO - Sync 1 DAGs
[2022-05-11 07:08:11,466] {logging_mixin.py:109} INFO - [2022-05-11 07:08:11,466] {dag.py:2937} INFO - Setting next_dagrun for example_complex to None
[2022-05-11 07:08:11,492] {processor.py:171} INFO - Processing /home/airflow/.local/lib/python3.7/site-packages/airflow/example_dags/example_complex.py took 0.097 seconds
[2022-05-11 07:08:41,868] {processor.py:163} INFO - Started process (PID=30555) to work on /home/airflow/.local/lib/python3.7/site-packages/airflow/example_dags/example_complex.py
[2022-05-11 07:08:41,870] {processor.py:642} INFO - Processing file /home/airflow/.local/lib/python3.7/site-packages/airflow/example_dags/example_complex.py for tasks to queue
[2022-05-11 07:08:41,871] {logging_mixin.py:109} INFO - [2022-05-11 07:08:41,871] {dagbag.py:500} INFO - Filling up the DagBag from /home/airflow/.local/lib/python3.7/site-packages/airflow/example_dags/example_complex.py
[2022-05-11 07:08:41,889] {processor.py:652} INFO - DAG(s) dict_keys(['example_complex']) retrieved from /home/airflow/.local/lib/python3.7/site-packages/airflow/example_dags/example_complex.py
[2022-05-11 07:08:41,912] {logging_mixin.py:109} INFO - [2022-05-11 07:08:41,912] {dag.py:2398} INFO - Sync 1 DAGs
[2022-05-11 07:08:41,926] {logging_mixin.py:109} INFO - [2022-05-11 07:08:41,925] {dag.py:2937} INFO - Setting next_dagrun for example_complex to None
[2022-05-11 07:08:41,938] {processor.py:171} INFO - Processing /home/airflow/.local/lib/python3.7/site-packages/airflow/example_dags/example_complex.py took 0.073 seconds
[2022-05-11 07:09:12,208] {processor.py:163} INFO - Started process (PID=30628) to work on /home/airflow/.local/lib/python3.7/site-packages/airflow/example_dags/example_complex.py
[2022-05-11 07:09:12,210] {processor.py:642} INFO - Processing file /home/airflow/.local/lib/python3.7/site-packages/airflow/example_dags/example_complex.py for tasks to queue
[2022-05-11 07:09:12,211] {logging_mixin.py:109} INFO - [2022-05-11 07:09:12,211] {dagbag.py:500} INFO - Filling up the DagBag from /home/airflow/.local/lib/python3.7/site-packages/airflow/example_dags/example_complex.py
[2022-05-11 07:09:12,233] {processor.py:652} INFO - DAG(s) dict_keys(['example_complex']) retrieved from /home/airflow/.local/lib/python3.7/site-packages/airflow/example_dags/example_complex.py
[2022-05-11 07:09:12,261] {logging_mixin.py:109} INFO - [2022-05-11 07:09:12,261] {dag.py:2398} INFO - Sync 1 DAGs
[2022-05-11 07:09:12,276] {logging_mixin.py:109} INFO - [2022-05-11 07:09:12,276] {dag.py:2937} INFO - Setting next_dagrun for example_complex to None
[2022-05-11 07:09:12,291] {processor.py:171} INFO - Processing /home/airflow/.local/lib/python3.7/site-packages/airflow/example_dags/example_complex.py took 0.087 seconds
[2022-05-11 07:09:42,724] {processor.py:163} INFO - Started process (PID=30699) to work on /home/airflow/.local/lib/python3.7/site-packages/airflow/example_dags/example_complex.py
[2022-05-11 07:09:42,726] {processor.py:642} INFO - Processing file /home/airflow/.local/lib/python3.7/site-packages/airflow/example_dags/example_complex.py for tasks to queue
[2022-05-11 07:09:42,727] {logging_mixin.py:109} INFO - [2022-05-11 07:09:42,727] {dagbag.py:500} INFO - Filling up the DagBag from /home/airflow/.local/lib/python3.7/site-packages/airflow/example_dags/example_complex.py
[2022-05-11 07:09:42,749] {processor.py:652} INFO - DAG(s) dict_keys(['example_complex']) retrieved from /home/airflow/.local/lib/python3.7/site-packages/airflow/example_dags/example_complex.py
[2022-05-11 07:09:42,775] {logging_mixin.py:109} INFO - [2022-05-11 07:09:42,775] {dag.py:2398} INFO - Sync 1 DAGs
[2022-05-11 07:09:42,789] {logging_mixin.py:109} INFO - [2022-05-11 07:09:42,789] {dag.py:2937} INFO - Setting next_dagrun for example_complex to None
[2022-05-11 07:09:42,803] {processor.py:171} INFO - Processing /home/airflow/.local/lib/python3.7/site-packages/airflow/example_dags/example_complex.py took 0.083 seconds
[2022-05-11 07:10:13,261] {processor.py:163} INFO - Started process (PID=30762) to work on /home/airflow/.local/lib/python3.7/site-packages/airflow/example_dags/example_complex.py
[2022-05-11 07:10:13,263] {processor.py:642} INFO - Processing file /home/airflow/.local/lib/python3.7/site-packages/airflow/example_dags/example_complex.py for tasks to queue
[2022-05-11 07:10:13,264] {logging_mixin.py:109} INFO - [2022-05-11 07:10:13,264] {dagbag.py:500} INFO - Filling up the DagBag from /home/airflow/.local/lib/python3.7/site-packages/airflow/example_dags/example_complex.py
[2022-05-11 07:10:13,300] {processor.py:652} INFO - DAG(s) dict_keys(['example_complex']) retrieved from /home/airflow/.local/lib/python3.7/site-packages/airflow/example_dags/example_complex.py
[2022-05-11 07:10:13,326] {logging_mixin.py:109} INFO - [2022-05-11 07:10:13,326] {dag.py:2398} INFO - Sync 1 DAGs
[2022-05-11 07:10:13,339] {logging_mixin.py:109} INFO - [2022-05-11 07:10:13,339] {dag.py:2937} INFO - Setting next_dagrun for example_complex to None
[2022-05-11 07:10:13,353] {processor.py:171} INFO - Processing /home/airflow/.local/lib/python3.7/site-packages/airflow/example_dags/example_complex.py took 0.096 seconds
[2022-05-11 07:10:44,082] {processor.py:163} INFO - Started process (PID=30835) to work on /home/airflow/.local/lib/python3.7/site-packages/airflow/example_dags/example_complex.py
[2022-05-11 07:10:44,084] {processor.py:642} INFO - Processing file /home/airflow/.local/lib/python3.7/site-packages/airflow/example_dags/example_complex.py for tasks to queue
[2022-05-11 07:10:44,085] {logging_mixin.py:109} INFO - [2022-05-11 07:10:44,085] {dagbag.py:500} INFO - Filling up the DagBag from /home/airflow/.local/lib/python3.7/site-packages/airflow/example_dags/example_complex.py
[2022-05-11 07:10:44,111] {processor.py:652} INFO - DAG(s) dict_keys(['example_complex']) retrieved from /home/airflow/.local/lib/python3.7/site-packages/airflow/example_dags/example_complex.py
[2022-05-11 07:10:44,141] {logging_mixin.py:109} INFO - [2022-05-11 07:10:44,141] {dag.py:2398} INFO - Sync 1 DAGs
[2022-05-11 07:10:44,157] {logging_mixin.py:109} INFO - [2022-05-11 07:10:44,157] {dag.py:2937} INFO - Setting next_dagrun for example_complex to None
[2022-05-11 07:10:44,171] {processor.py:171} INFO - Processing /home/airflow/.local/lib/python3.7/site-packages/airflow/example_dags/example_complex.py took 0.094 seconds
[2022-05-11 07:11:14,508] {processor.py:163} INFO - Started process (PID=30898) to work on /home/airflow/.local/lib/python3.7/site-packages/airflow/example_dags/example_complex.py
[2022-05-11 07:11:14,510] {processor.py:642} INFO - Processing file /home/airflow/.local/lib/python3.7/site-packages/airflow/example_dags/example_complex.py for tasks to queue
[2022-05-11 07:11:14,511] {logging_mixin.py:109} INFO - [2022-05-11 07:11:14,511] {dagbag.py:500} INFO - Filling up the DagBag from /home/airflow/.local/lib/python3.7/site-packages/airflow/example_dags/example_complex.py
[2022-05-11 07:11:14,530] {processor.py:652} INFO - DAG(s) dict_keys(['example_complex']) retrieved from /home/airflow/.local/lib/python3.7/site-packages/airflow/example_dags/example_complex.py
[2022-05-11 07:11:14,553] {logging_mixin.py:109} INFO - [2022-05-11 07:11:14,553] {dag.py:2398} INFO - Sync 1 DAGs
[2022-05-11 07:11:14,567] {logging_mixin.py:109} INFO - [2022-05-11 07:11:14,567] {dag.py:2937} INFO - Setting next_dagrun for example_complex to None
[2022-05-11 07:11:14,581] {processor.py:171} INFO - Processing /home/airflow/.local/lib/python3.7/site-packages/airflow/example_dags/example_complex.py took 0.077 seconds
[2022-05-11 07:11:44,924] {processor.py:163} INFO - Started process (PID=30971) to work on /home/airflow/.local/lib/python3.7/site-packages/airflow/example_dags/example_complex.py
[2022-05-11 07:11:44,926] {processor.py:642} INFO - Processing file /home/airflow/.local/lib/python3.7/site-packages/airflow/example_dags/example_complex.py for tasks to queue
[2022-05-11 07:11:44,927] {logging_mixin.py:109} INFO - [2022-05-11 07:11:44,927] {dagbag.py:500} INFO - Filling up the DagBag from /home/airflow/.local/lib/python3.7/site-packages/airflow/example_dags/example_complex.py
[2022-05-11 07:11:44,948] {processor.py:652} INFO - DAG(s) dict_keys(['example_complex']) retrieved from /home/airflow/.local/lib/python3.7/site-packages/airflow/example_dags/example_complex.py
[2022-05-11 07:11:44,975] {logging_mixin.py:109} INFO - [2022-05-11 07:11:44,975] {dag.py:2398} INFO - Sync 1 DAGs
[2022-05-11 07:11:44,991] {logging_mixin.py:109} INFO - [2022-05-11 07:11:44,991] {dag.py:2937} INFO - Setting next_dagrun for example_complex to None
[2022-05-11 07:11:45,007] {processor.py:171} INFO - Processing /home/airflow/.local/lib/python3.7/site-packages/airflow/example_dags/example_complex.py took 0.085 seconds
[2022-05-11 07:12:15,660] {processor.py:163} INFO - Started process (PID=31034) to work on /home/airflow/.local/lib/python3.7/site-packages/airflow/example_dags/example_complex.py
[2022-05-11 07:12:15,661] {processor.py:642} INFO - Processing file /home/airflow/.local/lib/python3.7/site-packages/airflow/example_dags/example_complex.py for tasks to queue
[2022-05-11 07:12:15,662] {logging_mixin.py:109} INFO - [2022-05-11 07:12:15,662] {dagbag.py:500} INFO - Filling up the DagBag from /home/airflow/.local/lib/python3.7/site-packages/airflow/example_dags/example_complex.py
[2022-05-11 07:12:15,683] {processor.py:652} INFO - DAG(s) dict_keys(['example_complex']) retrieved from /home/airflow/.local/lib/python3.7/site-packages/airflow/example_dags/example_complex.py
[2022-05-11 07:12:15,714] {logging_mixin.py:109} INFO - [2022-05-11 07:12:15,714] {dag.py:2398} INFO - Sync 1 DAGs
[2022-05-11 07:12:15,730] {logging_mixin.py:109} INFO - [2022-05-11 07:12:15,730] {dag.py:2937} INFO - Setting next_dagrun for example_complex to None
[2022-05-11 07:12:15,744] {processor.py:171} INFO - Processing /home/airflow/.local/lib/python3.7/site-packages/airflow/example_dags/example_complex.py took 0.088 seconds
[2022-05-11 07:12:45,883] {processor.py:163} INFO - Started process (PID=31108) to work on /home/airflow/.local/lib/python3.7/site-packages/airflow/example_dags/example_complex.py
[2022-05-11 07:12:45,885] {processor.py:642} INFO - Processing file /home/airflow/.local/lib/python3.7/site-packages/airflow/example_dags/example_complex.py for tasks to queue
[2022-05-11 07:12:45,886] {logging_mixin.py:109} INFO - [2022-05-11 07:12:45,886] {dagbag.py:500} INFO - Filling up the DagBag from /home/airflow/.local/lib/python3.7/site-packages/airflow/example_dags/example_complex.py
[2022-05-11 07:12:45,913] {processor.py:652} INFO - DAG(s) dict_keys(['example_complex']) retrieved from /home/airflow/.local/lib/python3.7/site-packages/airflow/example_dags/example_complex.py
[2022-05-11 07:12:45,940] {logging_mixin.py:109} INFO - [2022-05-11 07:12:45,940] {dag.py:2398} INFO - Sync 1 DAGs
[2022-05-11 07:12:45,956] {logging_mixin.py:109} INFO - [2022-05-11 07:12:45,955] {dag.py:2937} INFO - Setting next_dagrun for example_complex to None
[2022-05-11 07:12:45,975] {processor.py:171} INFO - Processing /home/airflow/.local/lib/python3.7/site-packages/airflow/example_dags/example_complex.py took 0.095 seconds
[2022-05-11 07:13:16,912] {processor.py:163} INFO - Started process (PID=31171) to work on /home/airflow/.local/lib/python3.7/site-packages/airflow/example_dags/example_complex.py
[2022-05-11 07:13:16,913] {processor.py:642} INFO - Processing file /home/airflow/.local/lib/python3.7/site-packages/airflow/example_dags/example_complex.py for tasks to queue
[2022-05-11 07:13:16,914] {logging_mixin.py:109} INFO - [2022-05-11 07:13:16,914] {dagbag.py:500} INFO - Filling up the DagBag from /home/airflow/.local/lib/python3.7/site-packages/airflow/example_dags/example_complex.py
[2022-05-11 07:13:16,936] {processor.py:652} INFO - DAG(s) dict_keys(['example_complex']) retrieved from /home/airflow/.local/lib/python3.7/site-packages/airflow/example_dags/example_complex.py
[2022-05-11 07:13:16,964] {logging_mixin.py:109} INFO - [2022-05-11 07:13:16,964] {dag.py:2398} INFO - Sync 1 DAGs
[2022-05-11 07:13:16,977] {logging_mixin.py:109} INFO - [2022-05-11 07:13:16,977] {dag.py:2937} INFO - Setting next_dagrun for example_complex to None
[2022-05-11 07:13:16,992] {processor.py:171} INFO - Processing /home/airflow/.local/lib/python3.7/site-packages/airflow/example_dags/example_complex.py took 0.083 seconds
[2022-05-11 07:13:47,301] {processor.py:163} INFO - Started process (PID=31245) to work on /home/airflow/.local/lib/python3.7/site-packages/airflow/example_dags/example_complex.py
[2022-05-11 07:13:47,302] {processor.py:642} INFO - Processing file /home/airflow/.local/lib/python3.7/site-packages/airflow/example_dags/example_complex.py for tasks to queue
[2022-05-11 07:13:47,303] {logging_mixin.py:109} INFO - [2022-05-11 07:13:47,303] {dagbag.py:500} INFO - Filling up the DagBag from /home/airflow/.local/lib/python3.7/site-packages/airflow/example_dags/example_complex.py
[2022-05-11 07:13:47,324] {processor.py:652} INFO - DAG(s) dict_keys(['example_complex']) retrieved from /home/airflow/.local/lib/python3.7/site-packages/airflow/example_dags/example_complex.py
[2022-05-11 07:13:47,351] {logging_mixin.py:109} INFO - [2022-05-11 07:13:47,351] {dag.py:2398} INFO - Sync 1 DAGs
[2022-05-11 07:13:47,367] {logging_mixin.py:109} INFO - [2022-05-11 07:13:47,367] {dag.py:2937} INFO - Setting next_dagrun for example_complex to None
[2022-05-11 07:13:47,381] {processor.py:171} INFO - Processing /home/airflow/.local/lib/python3.7/site-packages/airflow/example_dags/example_complex.py took 0.083 seconds
[2022-05-11 07:14:17,737] {processor.py:163} INFO - Started process (PID=31307) to work on /home/airflow/.local/lib/python3.7/site-packages/airflow/example_dags/example_complex.py
[2022-05-11 07:14:17,739] {processor.py:642} INFO - Processing file /home/airflow/.local/lib/python3.7/site-packages/airflow/example_dags/example_complex.py for tasks to queue
[2022-05-11 07:14:17,739] {logging_mixin.py:109} INFO - [2022-05-11 07:14:17,739] {dagbag.py:500} INFO - Filling up the DagBag from /home/airflow/.local/lib/python3.7/site-packages/airflow/example_dags/example_complex.py
[2022-05-11 07:14:17,769] {processor.py:652} INFO - DAG(s) dict_keys(['example_complex']) retrieved from /home/airflow/.local/lib/python3.7/site-packages/airflow/example_dags/example_complex.py
[2022-05-11 07:14:17,799] {logging_mixin.py:109} INFO - [2022-05-11 07:14:17,798] {dag.py:2398} INFO - Sync 1 DAGs
[2022-05-11 07:14:17,815] {logging_mixin.py:109} INFO - [2022-05-11 07:14:17,815] {dag.py:2937} INFO - Setting next_dagrun for example_complex to None
[2022-05-11 07:14:17,833] {processor.py:171} INFO - Processing /home/airflow/.local/lib/python3.7/site-packages/airflow/example_dags/example_complex.py took 0.099 seconds
[2022-05-11 07:14:48,188] {processor.py:163} INFO - Started process (PID=31380) to work on /home/airflow/.local/lib/python3.7/site-packages/airflow/example_dags/example_complex.py
[2022-05-11 07:14:48,190] {processor.py:642} INFO - Processing file /home/airflow/.local/lib/python3.7/site-packages/airflow/example_dags/example_complex.py for tasks to queue
[2022-05-11 07:14:48,191] {logging_mixin.py:109} INFO - [2022-05-11 07:14:48,191] {dagbag.py:500} INFO - Filling up the DagBag from /home/airflow/.local/lib/python3.7/site-packages/airflow/example_dags/example_complex.py
[2022-05-11 07:14:48,212] {processor.py:652} INFO - DAG(s) dict_keys(['example_complex']) retrieved from /home/airflow/.local/lib/python3.7/site-packages/airflow/example_dags/example_complex.py
[2022-05-11 07:14:48,240] {logging_mixin.py:109} INFO - [2022-05-11 07:14:48,240] {dag.py:2398} INFO - Sync 1 DAGs
[2022-05-11 07:14:48,255] {logging_mixin.py:109} INFO - [2022-05-11 07:14:48,255] {dag.py:2937} INFO - Setting next_dagrun for example_complex to None
[2022-05-11 07:14:48,269] {processor.py:171} INFO - Processing /home/airflow/.local/lib/python3.7/site-packages/airflow/example_dags/example_complex.py took 0.085 seconds
[2022-05-11 07:15:18,439] {processor.py:163} INFO - Started process (PID=31452) to work on /home/airflow/.local/lib/python3.7/site-packages/airflow/example_dags/example_complex.py
[2022-05-11 07:15:18,440] {processor.py:642} INFO - Processing file /home/airflow/.local/lib/python3.7/site-packages/airflow/example_dags/example_complex.py for tasks to queue
[2022-05-11 07:15:18,441] {logging_mixin.py:109} INFO - [2022-05-11 07:15:18,441] {dagbag.py:500} INFO - Filling up the DagBag from /home/airflow/.local/lib/python3.7/site-packages/airflow/example_dags/example_complex.py
[2022-05-11 07:15:18,467] {processor.py:652} INFO - DAG(s) dict_keys(['example_complex']) retrieved from /home/airflow/.local/lib/python3.7/site-packages/airflow/example_dags/example_complex.py
[2022-05-11 07:15:18,494] {logging_mixin.py:109} INFO - [2022-05-11 07:15:18,493] {dag.py:2398} INFO - Sync 1 DAGs
[2022-05-11 07:15:18,509] {logging_mixin.py:109} INFO - [2022-05-11 07:15:18,509] {dag.py:2937} INFO - Setting next_dagrun for example_complex to None
[2022-05-11 07:15:18,525] {processor.py:171} INFO - Processing /home/airflow/.local/lib/python3.7/site-packages/airflow/example_dags/example_complex.py took 0.090 seconds
[2022-05-11 07:15:48,825] {processor.py:163} INFO - Started process (PID=31518) to work on /home/airflow/.local/lib/python3.7/site-packages/airflow/example_dags/example_complex.py
[2022-05-11 07:15:48,826] {processor.py:642} INFO - Processing file /home/airflow/.local/lib/python3.7/site-packages/airflow/example_dags/example_complex.py for tasks to queue
[2022-05-11 07:15:48,828] {logging_mixin.py:109} INFO - [2022-05-11 07:15:48,828] {dagbag.py:500} INFO - Filling up the DagBag from /home/airflow/.local/lib/python3.7/site-packages/airflow/example_dags/example_complex.py
[2022-05-11 07:15:48,849] {processor.py:652} INFO - DAG(s) dict_keys(['example_complex']) retrieved from /home/airflow/.local/lib/python3.7/site-packages/airflow/example_dags/example_complex.py
[2022-05-11 07:15:48,877] {logging_mixin.py:109} INFO - [2022-05-11 07:15:48,877] {dag.py:2398} INFO - Sync 1 DAGs
[2022-05-11 07:15:48,892] {logging_mixin.py:109} INFO - [2022-05-11 07:15:48,892] {dag.py:2937} INFO - Setting next_dagrun for example_complex to None
[2022-05-11 07:15:48,906] {processor.py:171} INFO - Processing /home/airflow/.local/lib/python3.7/site-packages/airflow/example_dags/example_complex.py took 0.084 seconds
[2022-05-11 07:16:19,161] {processor.py:163} INFO - Started process (PID=31591) to work on /home/airflow/.local/lib/python3.7/site-packages/airflow/example_dags/example_complex.py
[2022-05-11 07:16:19,163] {processor.py:642} INFO - Processing file /home/airflow/.local/lib/python3.7/site-packages/airflow/example_dags/example_complex.py for tasks to queue
[2022-05-11 07:16:19,164] {logging_mixin.py:109} INFO - [2022-05-11 07:16:19,164] {dagbag.py:500} INFO - Filling up the DagBag from /home/airflow/.local/lib/python3.7/site-packages/airflow/example_dags/example_complex.py
[2022-05-11 07:16:19,187] {processor.py:652} INFO - DAG(s) dict_keys(['example_complex']) retrieved from /home/airflow/.local/lib/python3.7/site-packages/airflow/example_dags/example_complex.py
[2022-05-11 07:16:19,222] {logging_mixin.py:109} INFO - [2022-05-11 07:16:19,222] {dag.py:2398} INFO - Sync 1 DAGs
[2022-05-11 07:16:19,246] {logging_mixin.py:109} INFO - [2022-05-11 07:16:19,245] {dag.py:2937} INFO - Setting next_dagrun for example_complex to None
[2022-05-11 07:16:19,260] {processor.py:171} INFO - Processing /home/airflow/.local/lib/python3.7/site-packages/airflow/example_dags/example_complex.py took 0.103 seconds
[2022-05-11 07:16:49,765] {processor.py:163} INFO - Started process (PID=31655) to work on /home/airflow/.local/lib/python3.7/site-packages/airflow/example_dags/example_complex.py
[2022-05-11 07:16:49,769] {processor.py:642} INFO - Processing file /home/airflow/.local/lib/python3.7/site-packages/airflow/example_dags/example_complex.py for tasks to queue
[2022-05-11 07:16:49,771] {logging_mixin.py:109} INFO - [2022-05-11 07:16:49,771] {dagbag.py:500} INFO - Filling up the DagBag from /home/airflow/.local/lib/python3.7/site-packages/airflow/example_dags/example_complex.py
[2022-05-11 07:16:49,827] {processor.py:652} INFO - DAG(s) dict_keys(['example_complex']) retrieved from /home/airflow/.local/lib/python3.7/site-packages/airflow/example_dags/example_complex.py
[2022-05-11 07:16:49,865] {logging_mixin.py:109} INFO - [2022-05-11 07:16:49,865] {dag.py:2398} INFO - Sync 1 DAGs
[2022-05-11 07:16:49,888] {logging_mixin.py:109} INFO - [2022-05-11 07:16:49,887] {dag.py:2937} INFO - Setting next_dagrun for example_complex to None
[2022-05-11 07:16:49,909] {processor.py:171} INFO - Processing /home/airflow/.local/lib/python3.7/site-packages/airflow/example_dags/example_complex.py took 0.150 seconds
[2022-05-11 07:17:20,368] {processor.py:163} INFO - Started process (PID=31717) to work on /home/airflow/.local/lib/python3.7/site-packages/airflow/example_dags/example_complex.py
[2022-05-11 07:17:20,371] {processor.py:642} INFO - Processing file /home/airflow/.local/lib/python3.7/site-packages/airflow/example_dags/example_complex.py for tasks to queue
[2022-05-11 07:17:20,374] {logging_mixin.py:109} INFO - [2022-05-11 07:17:20,373] {dagbag.py:500} INFO - Filling up the DagBag from /home/airflow/.local/lib/python3.7/site-packages/airflow/example_dags/example_complex.py
[2022-05-11 07:17:20,406] {processor.py:652} INFO - DAG(s) dict_keys(['example_complex']) retrieved from /home/airflow/.local/lib/python3.7/site-packages/airflow/example_dags/example_complex.py
[2022-05-11 07:17:20,464] {logging_mixin.py:109} INFO - [2022-05-11 07:17:20,463] {dag.py:2398} INFO - Sync 1 DAGs
[2022-05-11 07:17:20,488] {logging_mixin.py:109} INFO - [2022-05-11 07:17:20,488] {dag.py:2937} INFO - Setting next_dagrun for example_complex to None
[2022-05-11 07:17:20,504] {processor.py:171} INFO - Processing /home/airflow/.local/lib/python3.7/site-packages/airflow/example_dags/example_complex.py took 0.139 seconds
[2022-05-11 07:17:50,728] {processor.py:163} INFO - Started process (PID=31791) to work on /home/airflow/.local/lib/python3.7/site-packages/airflow/example_dags/example_complex.py
[2022-05-11 07:17:50,730] {processor.py:642} INFO - Processing file /home/airflow/.local/lib/python3.7/site-packages/airflow/example_dags/example_complex.py for tasks to queue
[2022-05-11 07:17:50,732] {logging_mixin.py:109} INFO - [2022-05-11 07:17:50,731] {dagbag.py:500} INFO - Filling up the DagBag from /home/airflow/.local/lib/python3.7/site-packages/airflow/example_dags/example_complex.py
[2022-05-11 07:17:50,757] {processor.py:652} INFO - DAG(s) dict_keys(['example_complex']) retrieved from /home/airflow/.local/lib/python3.7/site-packages/airflow/example_dags/example_complex.py
[2022-05-11 07:17:50,789] {logging_mixin.py:109} INFO - [2022-05-11 07:17:50,789] {dag.py:2398} INFO - Sync 1 DAGs
[2022-05-11 07:17:50,807] {logging_mixin.py:109} INFO - [2022-05-11 07:17:50,807] {dag.py:2937} INFO - Setting next_dagrun for example_complex to None
[2022-05-11 07:17:50,823] {processor.py:171} INFO - Processing /home/airflow/.local/lib/python3.7/site-packages/airflow/example_dags/example_complex.py took 0.097 seconds
[2022-05-11 07:18:21,398] {processor.py:163} INFO - Started process (PID=31854) to work on /home/airflow/.local/lib/python3.7/site-packages/airflow/example_dags/example_complex.py
[2022-05-11 07:18:21,400] {processor.py:642} INFO - Processing file /home/airflow/.local/lib/python3.7/site-packages/airflow/example_dags/example_complex.py for tasks to queue
[2022-05-11 07:18:21,401] {logging_mixin.py:109} INFO - [2022-05-11 07:18:21,401] {dagbag.py:500} INFO - Filling up the DagBag from /home/airflow/.local/lib/python3.7/site-packages/airflow/example_dags/example_complex.py
[2022-05-11 07:18:21,430] {processor.py:652} INFO - DAG(s) dict_keys(['example_complex']) retrieved from /home/airflow/.local/lib/python3.7/site-packages/airflow/example_dags/example_complex.py
[2022-05-11 07:18:21,466] {logging_mixin.py:109} INFO - [2022-05-11 07:18:21,466] {dag.py:2398} INFO - Sync 1 DAGs
[2022-05-11 07:18:21,488] {logging_mixin.py:109} INFO - [2022-05-11 07:18:21,487] {dag.py:2937} INFO - Setting next_dagrun for example_complex to None
[2022-05-11 07:18:21,505] {processor.py:171} INFO - Processing /home/airflow/.local/lib/python3.7/site-packages/airflow/example_dags/example_complex.py took 0.111 seconds
[2022-05-11 07:18:51,733] {processor.py:163} INFO - Started process (PID=31926) to work on /home/airflow/.local/lib/python3.7/site-packages/airflow/example_dags/example_complex.py
[2022-05-11 07:18:51,735] {processor.py:642} INFO - Processing file /home/airflow/.local/lib/python3.7/site-packages/airflow/example_dags/example_complex.py for tasks to queue
[2022-05-11 07:18:51,736] {logging_mixin.py:109} INFO - [2022-05-11 07:18:51,736] {dagbag.py:500} INFO - Filling up the DagBag from /home/airflow/.local/lib/python3.7/site-packages/airflow/example_dags/example_complex.py
[2022-05-11 07:18:51,763] {processor.py:652} INFO - DAG(s) dict_keys(['example_complex']) retrieved from /home/airflow/.local/lib/python3.7/site-packages/airflow/example_dags/example_complex.py
[2022-05-11 07:18:51,794] {logging_mixin.py:109} INFO - [2022-05-11 07:18:51,794] {dag.py:2398} INFO - Sync 1 DAGs
[2022-05-11 07:18:51,811] {logging_mixin.py:109} INFO - [2022-05-11 07:18:51,811] {dag.py:2937} INFO - Setting next_dagrun for example_complex to None
[2022-05-11 07:18:51,828] {processor.py:171} INFO - Processing /home/airflow/.local/lib/python3.7/site-packages/airflow/example_dags/example_complex.py took 0.098 seconds
[2022-05-11 07:19:21,994] {processor.py:163} INFO - Started process (PID=31989) to work on /home/airflow/.local/lib/python3.7/site-packages/airflow/example_dags/example_complex.py
[2022-05-11 07:19:21,996] {processor.py:642} INFO - Processing file /home/airflow/.local/lib/python3.7/site-packages/airflow/example_dags/example_complex.py for tasks to queue
[2022-05-11 07:19:21,997] {logging_mixin.py:109} INFO - [2022-05-11 07:19:21,997] {dagbag.py:500} INFO - Filling up the DagBag from /home/airflow/.local/lib/python3.7/site-packages/airflow/example_dags/example_complex.py
[2022-05-11 07:19:22,017] {processor.py:652} INFO - DAG(s) dict_keys(['example_complex']) retrieved from /home/airflow/.local/lib/python3.7/site-packages/airflow/example_dags/example_complex.py
[2022-05-11 07:19:22,046] {logging_mixin.py:109} INFO - [2022-05-11 07:19:22,046] {dag.py:2398} INFO - Sync 1 DAGs
[2022-05-11 07:19:22,063] {logging_mixin.py:109} INFO - [2022-05-11 07:19:22,063] {dag.py:2937} INFO - Setting next_dagrun for example_complex to None
[2022-05-11 07:19:22,080] {processor.py:171} INFO - Processing /home/airflow/.local/lib/python3.7/site-packages/airflow/example_dags/example_complex.py took 0.090 seconds
[2022-05-11 07:19:53,102] {processor.py:163} INFO - Started process (PID=32060) to work on /home/airflow/.local/lib/python3.7/site-packages/airflow/example_dags/example_complex.py
[2022-05-11 07:19:53,104] {processor.py:642} INFO - Processing file /home/airflow/.local/lib/python3.7/site-packages/airflow/example_dags/example_complex.py for tasks to queue
[2022-05-11 07:19:53,105] {logging_mixin.py:109} INFO - [2022-05-11 07:19:53,104] {dagbag.py:500} INFO - Filling up the DagBag from /home/airflow/.local/lib/python3.7/site-packages/airflow/example_dags/example_complex.py
[2022-05-11 07:19:53,129] {processor.py:652} INFO - DAG(s) dict_keys(['example_complex']) retrieved from /home/airflow/.local/lib/python3.7/site-packages/airflow/example_dags/example_complex.py
[2022-05-11 07:19:53,161] {logging_mixin.py:109} INFO - [2022-05-11 07:19:53,161] {dag.py:2398} INFO - Sync 1 DAGs
[2022-05-11 07:19:53,183] {logging_mixin.py:109} INFO - [2022-05-11 07:19:53,183] {dag.py:2937} INFO - Setting next_dagrun for example_complex to None
[2022-05-11 07:19:53,198] {processor.py:171} INFO - Processing /home/airflow/.local/lib/python3.7/site-packages/airflow/example_dags/example_complex.py took 0.098 seconds
[2022-05-11 07:20:23,548] {processor.py:163} INFO - Started process (PID=32123) to work on /home/airflow/.local/lib/python3.7/site-packages/airflow/example_dags/example_complex.py
[2022-05-11 07:20:23,550] {processor.py:642} INFO - Processing file /home/airflow/.local/lib/python3.7/site-packages/airflow/example_dags/example_complex.py for tasks to queue
[2022-05-11 07:20:23,551] {logging_mixin.py:109} INFO - [2022-05-11 07:20:23,551] {dagbag.py:500} INFO - Filling up the DagBag from /home/airflow/.local/lib/python3.7/site-packages/airflow/example_dags/example_complex.py
[2022-05-11 07:20:23,587] {processor.py:652} INFO - DAG(s) dict_keys(['example_complex']) retrieved from /home/airflow/.local/lib/python3.7/site-packages/airflow/example_dags/example_complex.py
[2022-05-11 07:20:23,625] {logging_mixin.py:109} INFO - [2022-05-11 07:20:23,625] {dag.py:2398} INFO - Sync 1 DAGs
[2022-05-11 07:20:23,646] {logging_mixin.py:109} INFO - [2022-05-11 07:20:23,646] {dag.py:2937} INFO - Setting next_dagrun for example_complex to None
[2022-05-11 07:20:23,669] {processor.py:171} INFO - Processing /home/airflow/.local/lib/python3.7/site-packages/airflow/example_dags/example_complex.py took 0.125 seconds
[2022-05-11 07:20:53,739] {processor.py:163} INFO - Started process (PID=32196) to work on /home/airflow/.local/lib/python3.7/site-packages/airflow/example_dags/example_complex.py
[2022-05-11 07:20:53,741] {processor.py:642} INFO - Processing file /home/airflow/.local/lib/python3.7/site-packages/airflow/example_dags/example_complex.py for tasks to queue
[2022-05-11 07:20:53,742] {logging_mixin.py:109} INFO - [2022-05-11 07:20:53,742] {dagbag.py:500} INFO - Filling up the DagBag from /home/airflow/.local/lib/python3.7/site-packages/airflow/example_dags/example_complex.py
[2022-05-11 07:20:53,766] {processor.py:652} INFO - DAG(s) dict_keys(['example_complex']) retrieved from /home/airflow/.local/lib/python3.7/site-packages/airflow/example_dags/example_complex.py
[2022-05-11 07:20:53,799] {logging_mixin.py:109} INFO - [2022-05-11 07:20:53,798] {dag.py:2398} INFO - Sync 1 DAGs
[2022-05-11 07:20:53,815] {logging_mixin.py:109} INFO - [2022-05-11 07:20:53,815] {dag.py:2937} INFO - Setting next_dagrun for example_complex to None
[2022-05-11 07:20:53,830] {processor.py:171} INFO - Processing /home/airflow/.local/lib/python3.7/site-packages/airflow/example_dags/example_complex.py took 0.095 seconds
[2022-05-11 07:21:24,365] {processor.py:163} INFO - Started process (PID=32259) to work on /home/airflow/.local/lib/python3.7/site-packages/airflow/example_dags/example_complex.py
[2022-05-11 07:21:24,366] {processor.py:642} INFO - Processing file /home/airflow/.local/lib/python3.7/site-packages/airflow/example_dags/example_complex.py for tasks to queue
[2022-05-11 07:21:24,367] {logging_mixin.py:109} INFO - [2022-05-11 07:21:24,367] {dagbag.py:500} INFO - Filling up the DagBag from /home/airflow/.local/lib/python3.7/site-packages/airflow/example_dags/example_complex.py
[2022-05-11 07:21:24,393] {processor.py:652} INFO - DAG(s) dict_keys(['example_complex']) retrieved from /home/airflow/.local/lib/python3.7/site-packages/airflow/example_dags/example_complex.py
[2022-05-11 07:21:24,419] {logging_mixin.py:109} INFO - [2022-05-11 07:21:24,419] {dag.py:2398} INFO - Sync 1 DAGs
[2022-05-11 07:21:24,438] {logging_mixin.py:109} INFO - [2022-05-11 07:21:24,438] {dag.py:2937} INFO - Setting next_dagrun for example_complex to None
[2022-05-11 07:21:24,453] {processor.py:171} INFO - Processing /home/airflow/.local/lib/python3.7/site-packages/airflow/example_dags/example_complex.py took 0.091 seconds
[2022-05-11 07:21:54,602] {processor.py:163} INFO - Started process (PID=32331) to work on /home/airflow/.local/lib/python3.7/site-packages/airflow/example_dags/example_complex.py
[2022-05-11 07:21:54,603] {processor.py:642} INFO - Processing file /home/airflow/.local/lib/python3.7/site-packages/airflow/example_dags/example_complex.py for tasks to queue
[2022-05-11 07:21:54,605] {logging_mixin.py:109} INFO - [2022-05-11 07:21:54,604] {dagbag.py:500} INFO - Filling up the DagBag from /home/airflow/.local/lib/python3.7/site-packages/airflow/example_dags/example_complex.py
[2022-05-11 07:21:54,626] {processor.py:652} INFO - DAG(s) dict_keys(['example_complex']) retrieved from /home/airflow/.local/lib/python3.7/site-packages/airflow/example_dags/example_complex.py
[2022-05-11 07:21:54,653] {logging_mixin.py:109} INFO - [2022-05-11 07:21:54,653] {dag.py:2398} INFO - Sync 1 DAGs
[2022-05-11 07:21:54,667] {logging_mixin.py:109} INFO - [2022-05-11 07:21:54,667] {dag.py:2937} INFO - Setting next_dagrun for example_complex to None
[2022-05-11 07:21:54,686] {processor.py:171} INFO - Processing /home/airflow/.local/lib/python3.7/site-packages/airflow/example_dags/example_complex.py took 0.087 seconds
[2022-05-11 07:22:24,993] {processor.py:163} INFO - Started process (PID=32395) to work on /home/airflow/.local/lib/python3.7/site-packages/airflow/example_dags/example_complex.py
[2022-05-11 07:22:24,994] {processor.py:642} INFO - Processing file /home/airflow/.local/lib/python3.7/site-packages/airflow/example_dags/example_complex.py for tasks to queue
[2022-05-11 07:22:24,995] {logging_mixin.py:109} INFO - [2022-05-11 07:22:24,995] {dagbag.py:500} INFO - Filling up the DagBag from /home/airflow/.local/lib/python3.7/site-packages/airflow/example_dags/example_complex.py
[2022-05-11 07:22:25,017] {processor.py:652} INFO - DAG(s) dict_keys(['example_complex']) retrieved from /home/airflow/.local/lib/python3.7/site-packages/airflow/example_dags/example_complex.py
[2022-05-11 07:22:25,041] {logging_mixin.py:109} INFO - [2022-05-11 07:22:25,041] {dag.py:2398} INFO - Sync 1 DAGs
[2022-05-11 07:22:25,057] {logging_mixin.py:109} INFO - [2022-05-11 07:22:25,057] {dag.py:2937} INFO - Setting next_dagrun for example_complex to None
[2022-05-11 07:22:25,072] {processor.py:171} INFO - Processing /home/airflow/.local/lib/python3.7/site-packages/airflow/example_dags/example_complex.py took 0.082 seconds
[2022-05-11 07:22:55,182] {processor.py:163} INFO - Started process (PID=32468) to work on /home/airflow/.local/lib/python3.7/site-packages/airflow/example_dags/example_complex.py
[2022-05-11 07:22:55,184] {processor.py:642} INFO - Processing file /home/airflow/.local/lib/python3.7/site-packages/airflow/example_dags/example_complex.py for tasks to queue
[2022-05-11 07:22:55,185] {logging_mixin.py:109} INFO - [2022-05-11 07:22:55,185] {dagbag.py:500} INFO - Filling up the DagBag from /home/airflow/.local/lib/python3.7/site-packages/airflow/example_dags/example_complex.py
[2022-05-11 07:22:55,221] {processor.py:652} INFO - DAG(s) dict_keys(['example_complex']) retrieved from /home/airflow/.local/lib/python3.7/site-packages/airflow/example_dags/example_complex.py
[2022-05-11 07:22:55,246] {logging_mixin.py:109} INFO - [2022-05-11 07:22:55,246] {dag.py:2398} INFO - Sync 1 DAGs
[2022-05-11 07:22:55,265] {logging_mixin.py:109} INFO - [2022-05-11 07:22:55,265] {dag.py:2937} INFO - Setting next_dagrun for example_complex to None
[2022-05-11 07:22:55,281] {processor.py:171} INFO - Processing /home/airflow/.local/lib/python3.7/site-packages/airflow/example_dags/example_complex.py took 0.104 seconds
[2022-05-11 07:23:25,843] {processor.py:163} INFO - Started process (PID=32530) to work on /home/airflow/.local/lib/python3.7/site-packages/airflow/example_dags/example_complex.py
[2022-05-11 07:23:25,849] {processor.py:642} INFO - Processing file /home/airflow/.local/lib/python3.7/site-packages/airflow/example_dags/example_complex.py for tasks to queue
[2022-05-11 07:23:25,852] {logging_mixin.py:109} INFO - [2022-05-11 07:23:25,852] {dagbag.py:500} INFO - Filling up the DagBag from /home/airflow/.local/lib/python3.7/site-packages/airflow/example_dags/example_complex.py
[2022-05-11 07:23:25,906] {processor.py:652} INFO - DAG(s) dict_keys(['example_complex']) retrieved from /home/airflow/.local/lib/python3.7/site-packages/airflow/example_dags/example_complex.py
[2022-05-11 07:23:25,956] {logging_mixin.py:109} INFO - [2022-05-11 07:23:25,956] {dag.py:2398} INFO - Sync 1 DAGs
[2022-05-11 07:23:25,980] {logging_mixin.py:109} INFO - [2022-05-11 07:23:25,979] {dag.py:2937} INFO - Setting next_dagrun for example_complex to None
[2022-05-11 07:23:25,995] {processor.py:171} INFO - Processing /home/airflow/.local/lib/python3.7/site-packages/airflow/example_dags/example_complex.py took 0.160 seconds
[2022-05-11 07:23:56,188] {processor.py:163} INFO - Started process (PID=32602) to work on /home/airflow/.local/lib/python3.7/site-packages/airflow/example_dags/example_complex.py
[2022-05-11 07:23:56,189] {processor.py:642} INFO - Processing file /home/airflow/.local/lib/python3.7/site-packages/airflow/example_dags/example_complex.py for tasks to queue
[2022-05-11 07:23:56,190] {logging_mixin.py:109} INFO - [2022-05-11 07:23:56,190] {dagbag.py:500} INFO - Filling up the DagBag from /home/airflow/.local/lib/python3.7/site-packages/airflow/example_dags/example_complex.py
[2022-05-11 07:23:56,218] {processor.py:652} INFO - DAG(s) dict_keys(['example_complex']) retrieved from /home/airflow/.local/lib/python3.7/site-packages/airflow/example_dags/example_complex.py
[2022-05-11 07:23:56,257] {logging_mixin.py:109} INFO - [2022-05-11 07:23:56,257] {dag.py:2398} INFO - Sync 1 DAGs
[2022-05-11 07:23:56,277] {logging_mixin.py:109} INFO - [2022-05-11 07:23:56,277] {dag.py:2937} INFO - Setting next_dagrun for example_complex to None
[2022-05-11 07:23:56,297] {processor.py:171} INFO - Processing /home/airflow/.local/lib/python3.7/site-packages/airflow/example_dags/example_complex.py took 0.113 seconds
[2022-05-11 07:24:26,606] {processor.py:163} INFO - Started process (PID=32666) to work on /home/airflow/.local/lib/python3.7/site-packages/airflow/example_dags/example_complex.py
[2022-05-11 07:24:26,607] {processor.py:642} INFO - Processing file /home/airflow/.local/lib/python3.7/site-packages/airflow/example_dags/example_complex.py for tasks to queue
[2022-05-11 07:24:26,608] {logging_mixin.py:109} INFO - [2022-05-11 07:24:26,608] {dagbag.py:500} INFO - Filling up the DagBag from /home/airflow/.local/lib/python3.7/site-packages/airflow/example_dags/example_complex.py
[2022-05-11 07:24:26,632] {processor.py:652} INFO - DAG(s) dict_keys(['example_complex']) retrieved from /home/airflow/.local/lib/python3.7/site-packages/airflow/example_dags/example_complex.py
[2022-05-11 07:24:26,664] {logging_mixin.py:109} INFO - [2022-05-11 07:24:26,664] {dag.py:2398} INFO - Sync 1 DAGs
[2022-05-11 07:24:26,682] {logging_mixin.py:109} INFO - [2022-05-11 07:24:26,682] {dag.py:2937} INFO - Setting next_dagrun for example_complex to None
[2022-05-11 07:24:26,701] {processor.py:171} INFO - Processing /home/airflow/.local/lib/python3.7/site-packages/airflow/example_dags/example_complex.py took 0.099 seconds
[2022-05-11 07:24:56,960] {processor.py:163} INFO - Started process (PID=32739) to work on /home/airflow/.local/lib/python3.7/site-packages/airflow/example_dags/example_complex.py
[2022-05-11 07:24:56,961] {processor.py:642} INFO - Processing file /home/airflow/.local/lib/python3.7/site-packages/airflow/example_dags/example_complex.py for tasks to queue
[2022-05-11 07:24:56,962] {logging_mixin.py:109} INFO - [2022-05-11 07:24:56,962] {dagbag.py:500} INFO - Filling up the DagBag from /home/airflow/.local/lib/python3.7/site-packages/airflow/example_dags/example_complex.py
[2022-05-11 07:24:56,984] {processor.py:652} INFO - DAG(s) dict_keys(['example_complex']) retrieved from /home/airflow/.local/lib/python3.7/site-packages/airflow/example_dags/example_complex.py
[2022-05-11 07:24:57,013] {logging_mixin.py:109} INFO - [2022-05-11 07:24:57,013] {dag.py:2398} INFO - Sync 1 DAGs
[2022-05-11 07:24:57,027] {logging_mixin.py:109} INFO - [2022-05-11 07:24:57,027] {dag.py:2937} INFO - Setting next_dagrun for example_complex to None
[2022-05-11 07:24:57,042] {processor.py:171} INFO - Processing /home/airflow/.local/lib/python3.7/site-packages/airflow/example_dags/example_complex.py took 0.085 seconds
[2022-05-11 07:25:27,581] {processor.py:163} INFO - Started process (PID=334) to work on /home/airflow/.local/lib/python3.7/site-packages/airflow/example_dags/example_complex.py
[2022-05-11 07:25:27,582] {processor.py:642} INFO - Processing file /home/airflow/.local/lib/python3.7/site-packages/airflow/example_dags/example_complex.py for tasks to queue
[2022-05-11 07:25:27,583] {logging_mixin.py:109} INFO - [2022-05-11 07:25:27,583] {dagbag.py:500} INFO - Filling up the DagBag from /home/airflow/.local/lib/python3.7/site-packages/airflow/example_dags/example_complex.py
[2022-05-11 07:25:27,603] {processor.py:652} INFO - DAG(s) dict_keys(['example_complex']) retrieved from /home/airflow/.local/lib/python3.7/site-packages/airflow/example_dags/example_complex.py
[2022-05-11 07:25:27,632] {logging_mixin.py:109} INFO - [2022-05-11 07:25:27,632] {dag.py:2398} INFO - Sync 1 DAGs
[2022-05-11 07:25:27,650] {logging_mixin.py:109} INFO - [2022-05-11 07:25:27,650] {dag.py:2937} INFO - Setting next_dagrun for example_complex to None
[2022-05-11 07:25:27,664] {processor.py:171} INFO - Processing /home/airflow/.local/lib/python3.7/site-packages/airflow/example_dags/example_complex.py took 0.087 seconds
[2022-05-11 07:25:57,998] {processor.py:163} INFO - Started process (PID=407) to work on /home/airflow/.local/lib/python3.7/site-packages/airflow/example_dags/example_complex.py
[2022-05-11 07:25:58,000] {processor.py:642} INFO - Processing file /home/airflow/.local/lib/python3.7/site-packages/airflow/example_dags/example_complex.py for tasks to queue
[2022-05-11 07:25:58,000] {logging_mixin.py:109} INFO - [2022-05-11 07:25:58,000] {dagbag.py:500} INFO - Filling up the DagBag from /home/airflow/.local/lib/python3.7/site-packages/airflow/example_dags/example_complex.py
[2022-05-11 07:25:58,019] {processor.py:652} INFO - DAG(s) dict_keys(['example_complex']) retrieved from /home/airflow/.local/lib/python3.7/site-packages/airflow/example_dags/example_complex.py
[2022-05-11 07:25:58,043] {logging_mixin.py:109} INFO - [2022-05-11 07:25:58,043] {dag.py:2398} INFO - Sync 1 DAGs
[2022-05-11 07:25:58,056] {logging_mixin.py:109} INFO - [2022-05-11 07:25:58,056] {dag.py:2937} INFO - Setting next_dagrun for example_complex to None
[2022-05-11 07:25:58,070] {processor.py:171} INFO - Processing /home/airflow/.local/lib/python3.7/site-packages/airflow/example_dags/example_complex.py took 0.074 seconds
[2022-05-11 07:26:28,187] {processor.py:163} INFO - Started process (PID=471) to work on /home/airflow/.local/lib/python3.7/site-packages/airflow/example_dags/example_complex.py
[2022-05-11 07:26:28,188] {processor.py:642} INFO - Processing file /home/airflow/.local/lib/python3.7/site-packages/airflow/example_dags/example_complex.py for tasks to queue
[2022-05-11 07:26:28,189] {logging_mixin.py:109} INFO - [2022-05-11 07:26:28,189] {dagbag.py:500} INFO - Filling up the DagBag from /home/airflow/.local/lib/python3.7/site-packages/airflow/example_dags/example_complex.py
[2022-05-11 07:26:28,207] {processor.py:652} INFO - DAG(s) dict_keys(['example_complex']) retrieved from /home/airflow/.local/lib/python3.7/site-packages/airflow/example_dags/example_complex.py
[2022-05-11 07:26:28,230] {logging_mixin.py:109} INFO - [2022-05-11 07:26:28,230] {dag.py:2398} INFO - Sync 1 DAGs
[2022-05-11 07:26:28,242] {logging_mixin.py:109} INFO - [2022-05-11 07:26:28,242] {dag.py:2937} INFO - Setting next_dagrun for example_complex to None
[2022-05-11 07:26:28,260] {processor.py:171} INFO - Processing /home/airflow/.local/lib/python3.7/site-packages/airflow/example_dags/example_complex.py took 0.076 seconds
[2022-05-11 07:26:59,014] {processor.py:163} INFO - Started process (PID=545) to work on /home/airflow/.local/lib/python3.7/site-packages/airflow/example_dags/example_complex.py
[2022-05-11 07:26:59,015] {processor.py:642} INFO - Processing file /home/airflow/.local/lib/python3.7/site-packages/airflow/example_dags/example_complex.py for tasks to queue
[2022-05-11 07:26:59,016] {logging_mixin.py:109} INFO - [2022-05-11 07:26:59,016] {dagbag.py:500} INFO - Filling up the DagBag from /home/airflow/.local/lib/python3.7/site-packages/airflow/example_dags/example_complex.py
[2022-05-11 07:26:59,037] {processor.py:652} INFO - DAG(s) dict_keys(['example_complex']) retrieved from /home/airflow/.local/lib/python3.7/site-packages/airflow/example_dags/example_complex.py
[2022-05-11 07:26:59,061] {logging_mixin.py:109} INFO - [2022-05-11 07:26:59,061] {dag.py:2398} INFO - Sync 1 DAGs
[2022-05-11 07:26:59,074] {logging_mixin.py:109} INFO - [2022-05-11 07:26:59,074] {dag.py:2937} INFO - Setting next_dagrun for example_complex to None
[2022-05-11 07:26:59,087] {processor.py:171} INFO - Processing /home/airflow/.local/lib/python3.7/site-packages/airflow/example_dags/example_complex.py took 0.075 seconds
[2022-05-11 07:27:29,857] {processor.py:163} INFO - Started process (PID=608) to work on /home/airflow/.local/lib/python3.7/site-packages/airflow/example_dags/example_complex.py
[2022-05-11 07:27:29,858] {processor.py:642} INFO - Processing file /home/airflow/.local/lib/python3.7/site-packages/airflow/example_dags/example_complex.py for tasks to queue
[2022-05-11 07:27:29,859] {logging_mixin.py:109} INFO - [2022-05-11 07:27:29,859] {dagbag.py:500} INFO - Filling up the DagBag from /home/airflow/.local/lib/python3.7/site-packages/airflow/example_dags/example_complex.py
[2022-05-11 07:27:29,878] {processor.py:652} INFO - DAG(s) dict_keys(['example_complex']) retrieved from /home/airflow/.local/lib/python3.7/site-packages/airflow/example_dags/example_complex.py
[2022-05-11 07:27:29,901] {logging_mixin.py:109} INFO - [2022-05-11 07:27:29,901] {dag.py:2398} INFO - Sync 1 DAGs
[2022-05-11 07:27:29,914] {logging_mixin.py:109} INFO - [2022-05-11 07:27:29,914] {dag.py:2937} INFO - Setting next_dagrun for example_complex to None
[2022-05-11 07:27:29,927] {processor.py:171} INFO - Processing /home/airflow/.local/lib/python3.7/site-packages/airflow/example_dags/example_complex.py took 0.074 seconds
