[2022-05-11 06:56:04,718] {processor.py:163} INFO - Started process (PID=28885) to work on /home/airflow/.local/lib/python3.7/site-packages/airflow/example_dags/example_external_task_marker_dag.py
[2022-05-11 06:56:04,720] {processor.py:642} INFO - Processing file /home/airflow/.local/lib/python3.7/site-packages/airflow/example_dags/example_external_task_marker_dag.py for tasks to queue
[2022-05-11 06:56:04,721] {logging_mixin.py:109} INFO - [2022-05-11 06:56:04,721] {dagbag.py:500} INFO - Filling up the DagBag from /home/airflow/.local/lib/python3.7/site-packages/airflow/example_dags/example_external_task_marker_dag.py
[2022-05-11 06:56:04,774] {processor.py:652} INFO - DAG(s) dict_keys(['example_external_task_marker_parent', 'example_external_task_marker_child']) retrieved from /home/airflow/.local/lib/python3.7/site-packages/airflow/example_dags/example_external_task_marker_dag.py
[2022-05-11 06:56:04,937] {logging_mixin.py:109} INFO - [2022-05-11 06:56:04,936] {dag.py:2398} INFO - Sync 2 DAGs
[2022-05-11 06:56:04,996] {logging_mixin.py:109} INFO - [2022-05-11 06:56:04,996] {dag.py:2937} INFO - Setting next_dagrun for example_external_task_marker_child to None
[2022-05-11 06:56:05,012] {logging_mixin.py:109} INFO - [2022-05-11 06:56:05,012] {dag.py:2937} INFO - Setting next_dagrun for example_external_task_marker_parent to None
[2022-05-11 06:56:05,069] {processor.py:171} INFO - Processing /home/airflow/.local/lib/python3.7/site-packages/airflow/example_dags/example_external_task_marker_dag.py took 0.361 seconds
[2022-05-11 06:56:35,180] {processor.py:163} INFO - Started process (PID=28948) to work on /home/airflow/.local/lib/python3.7/site-packages/airflow/example_dags/example_external_task_marker_dag.py
[2022-05-11 06:56:35,182] {processor.py:642} INFO - Processing file /home/airflow/.local/lib/python3.7/site-packages/airflow/example_dags/example_external_task_marker_dag.py for tasks to queue
[2022-05-11 06:56:35,184] {logging_mixin.py:109} INFO - [2022-05-11 06:56:35,183] {dagbag.py:500} INFO - Filling up the DagBag from /home/airflow/.local/lib/python3.7/site-packages/airflow/example_dags/example_external_task_marker_dag.py
[2022-05-11 06:56:35,198] {processor.py:652} INFO - DAG(s) dict_keys(['example_external_task_marker_parent', 'example_external_task_marker_child']) retrieved from /home/airflow/.local/lib/python3.7/site-packages/airflow/example_dags/example_external_task_marker_dag.py
[2022-05-11 06:56:35,229] {logging_mixin.py:109} INFO - [2022-05-11 06:56:35,228] {dag.py:2398} INFO - Sync 2 DAGs
[2022-05-11 06:56:35,251] {logging_mixin.py:109} INFO - [2022-05-11 06:56:35,251] {dag.py:2937} INFO - Setting next_dagrun for example_external_task_marker_child to None
[2022-05-11 06:56:35,254] {logging_mixin.py:109} INFO - [2022-05-11 06:56:35,254] {dag.py:2937} INFO - Setting next_dagrun for example_external_task_marker_parent to None
[2022-05-11 06:56:35,271] {processor.py:171} INFO - Processing /home/airflow/.local/lib/python3.7/site-packages/airflow/example_dags/example_external_task_marker_dag.py took 0.097 seconds
[2022-05-11 06:57:05,417] {processor.py:163} INFO - Started process (PID=29011) to work on /home/airflow/.local/lib/python3.7/site-packages/airflow/example_dags/example_external_task_marker_dag.py
[2022-05-11 06:57:05,419] {processor.py:642} INFO - Processing file /home/airflow/.local/lib/python3.7/site-packages/airflow/example_dags/example_external_task_marker_dag.py for tasks to queue
[2022-05-11 06:57:05,420] {logging_mixin.py:109} INFO - [2022-05-11 06:57:05,420] {dagbag.py:500} INFO - Filling up the DagBag from /home/airflow/.local/lib/python3.7/site-packages/airflow/example_dags/example_external_task_marker_dag.py
[2022-05-11 06:57:05,438] {processor.py:652} INFO - DAG(s) dict_keys(['example_external_task_marker_parent', 'example_external_task_marker_child']) retrieved from /home/airflow/.local/lib/python3.7/site-packages/airflow/example_dags/example_external_task_marker_dag.py
[2022-05-11 06:57:05,470] {logging_mixin.py:109} INFO - [2022-05-11 06:57:05,470] {dag.py:2398} INFO - Sync 2 DAGs
[2022-05-11 06:57:05,485] {logging_mixin.py:109} INFO - [2022-05-11 06:57:05,485] {dag.py:2937} INFO - Setting next_dagrun for example_external_task_marker_child to None
[2022-05-11 06:57:05,486] {logging_mixin.py:109} INFO - [2022-05-11 06:57:05,486] {dag.py:2937} INFO - Setting next_dagrun for example_external_task_marker_parent to None
[2022-05-11 06:57:05,502] {processor.py:171} INFO - Processing /home/airflow/.local/lib/python3.7/site-packages/airflow/example_dags/example_external_task_marker_dag.py took 0.088 seconds
[2022-05-11 06:57:35,576] {processor.py:163} INFO - Started process (PID=29083) to work on /home/airflow/.local/lib/python3.7/site-packages/airflow/example_dags/example_external_task_marker_dag.py
[2022-05-11 06:57:35,578] {processor.py:642} INFO - Processing file /home/airflow/.local/lib/python3.7/site-packages/airflow/example_dags/example_external_task_marker_dag.py for tasks to queue
[2022-05-11 06:57:35,579] {logging_mixin.py:109} INFO - [2022-05-11 06:57:35,579] {dagbag.py:500} INFO - Filling up the DagBag from /home/airflow/.local/lib/python3.7/site-packages/airflow/example_dags/example_external_task_marker_dag.py
[2022-05-11 06:57:35,594] {processor.py:652} INFO - DAG(s) dict_keys(['example_external_task_marker_parent', 'example_external_task_marker_child']) retrieved from /home/airflow/.local/lib/python3.7/site-packages/airflow/example_dags/example_external_task_marker_dag.py
[2022-05-11 06:57:35,623] {logging_mixin.py:109} INFO - [2022-05-11 06:57:35,622] {dag.py:2398} INFO - Sync 2 DAGs
[2022-05-11 06:57:35,638] {logging_mixin.py:109} INFO - [2022-05-11 06:57:35,638] {dag.py:2937} INFO - Setting next_dagrun for example_external_task_marker_child to None
[2022-05-11 06:57:35,639] {logging_mixin.py:109} INFO - [2022-05-11 06:57:35,639] {dag.py:2937} INFO - Setting next_dagrun for example_external_task_marker_parent to None
[2022-05-11 06:57:35,655] {processor.py:171} INFO - Processing /home/airflow/.local/lib/python3.7/site-packages/airflow/example_dags/example_external_task_marker_dag.py took 0.084 seconds
[2022-05-11 06:58:06,066] {processor.py:163} INFO - Started process (PID=29147) to work on /home/airflow/.local/lib/python3.7/site-packages/airflow/example_dags/example_external_task_marker_dag.py
[2022-05-11 06:58:06,068] {processor.py:642} INFO - Processing file /home/airflow/.local/lib/python3.7/site-packages/airflow/example_dags/example_external_task_marker_dag.py for tasks to queue
[2022-05-11 06:58:06,069] {logging_mixin.py:109} INFO - [2022-05-11 06:58:06,069] {dagbag.py:500} INFO - Filling up the DagBag from /home/airflow/.local/lib/python3.7/site-packages/airflow/example_dags/example_external_task_marker_dag.py
[2022-05-11 06:58:06,087] {processor.py:652} INFO - DAG(s) dict_keys(['example_external_task_marker_parent', 'example_external_task_marker_child']) retrieved from /home/airflow/.local/lib/python3.7/site-packages/airflow/example_dags/example_external_task_marker_dag.py
[2022-05-11 06:58:06,125] {logging_mixin.py:109} INFO - [2022-05-11 06:58:06,125] {dag.py:2398} INFO - Sync 2 DAGs
[2022-05-11 06:58:06,145] {logging_mixin.py:109} INFO - [2022-05-11 06:58:06,144] {dag.py:2937} INFO - Setting next_dagrun for example_external_task_marker_child to None
[2022-05-11 06:58:06,145] {logging_mixin.py:109} INFO - [2022-05-11 06:58:06,145] {dag.py:2937} INFO - Setting next_dagrun for example_external_task_marker_parent to None
[2022-05-11 06:58:06,160] {processor.py:171} INFO - Processing /home/airflow/.local/lib/python3.7/site-packages/airflow/example_dags/example_external_task_marker_dag.py took 0.098 seconds
[2022-05-11 06:58:36,248] {processor.py:163} INFO - Started process (PID=29219) to work on /home/airflow/.local/lib/python3.7/site-packages/airflow/example_dags/example_external_task_marker_dag.py
[2022-05-11 06:58:36,249] {processor.py:642} INFO - Processing file /home/airflow/.local/lib/python3.7/site-packages/airflow/example_dags/example_external_task_marker_dag.py for tasks to queue
[2022-05-11 06:58:36,250] {logging_mixin.py:109} INFO - [2022-05-11 06:58:36,250] {dagbag.py:500} INFO - Filling up the DagBag from /home/airflow/.local/lib/python3.7/site-packages/airflow/example_dags/example_external_task_marker_dag.py
[2022-05-11 06:58:36,268] {processor.py:652} INFO - DAG(s) dict_keys(['example_external_task_marker_parent', 'example_external_task_marker_child']) retrieved from /home/airflow/.local/lib/python3.7/site-packages/airflow/example_dags/example_external_task_marker_dag.py
[2022-05-11 06:58:36,291] {logging_mixin.py:109} INFO - [2022-05-11 06:58:36,290] {dag.py:2398} INFO - Sync 2 DAGs
[2022-05-11 06:58:36,302] {logging_mixin.py:109} INFO - [2022-05-11 06:58:36,302] {dag.py:2937} INFO - Setting next_dagrun for example_external_task_marker_child to None
[2022-05-11 06:58:36,303] {logging_mixin.py:109} INFO - [2022-05-11 06:58:36,303] {dag.py:2937} INFO - Setting next_dagrun for example_external_task_marker_parent to None
[2022-05-11 06:58:36,313] {processor.py:171} INFO - Processing /home/airflow/.local/lib/python3.7/site-packages/airflow/example_dags/example_external_task_marker_dag.py took 0.069 seconds
[2022-05-11 06:59:06,758] {processor.py:163} INFO - Started process (PID=29281) to work on /home/airflow/.local/lib/python3.7/site-packages/airflow/example_dags/example_external_task_marker_dag.py
[2022-05-11 06:59:06,759] {processor.py:642} INFO - Processing file /home/airflow/.local/lib/python3.7/site-packages/airflow/example_dags/example_external_task_marker_dag.py for tasks to queue
[2022-05-11 06:59:06,760] {logging_mixin.py:109} INFO - [2022-05-11 06:59:06,760] {dagbag.py:500} INFO - Filling up the DagBag from /home/airflow/.local/lib/python3.7/site-packages/airflow/example_dags/example_external_task_marker_dag.py
[2022-05-11 06:59:06,776] {processor.py:652} INFO - DAG(s) dict_keys(['example_external_task_marker_parent', 'example_external_task_marker_child']) retrieved from /home/airflow/.local/lib/python3.7/site-packages/airflow/example_dags/example_external_task_marker_dag.py
[2022-05-11 06:59:06,798] {logging_mixin.py:109} INFO - [2022-05-11 06:59:06,798] {dag.py:2398} INFO - Sync 2 DAGs
[2022-05-11 06:59:06,810] {logging_mixin.py:109} INFO - [2022-05-11 06:59:06,810] {dag.py:2937} INFO - Setting next_dagrun for example_external_task_marker_child to None
[2022-05-11 06:59:06,811] {logging_mixin.py:109} INFO - [2022-05-11 06:59:06,811] {dag.py:2937} INFO - Setting next_dagrun for example_external_task_marker_parent to None
[2022-05-11 06:59:06,826] {processor.py:171} INFO - Processing /home/airflow/.local/lib/python3.7/site-packages/airflow/example_dags/example_external_task_marker_dag.py took 0.074 seconds
[2022-05-11 06:59:37,377] {processor.py:163} INFO - Started process (PID=29354) to work on /home/airflow/.local/lib/python3.7/site-packages/airflow/example_dags/example_external_task_marker_dag.py
[2022-05-11 06:59:37,379] {processor.py:642} INFO - Processing file /home/airflow/.local/lib/python3.7/site-packages/airflow/example_dags/example_external_task_marker_dag.py for tasks to queue
[2022-05-11 06:59:37,380] {logging_mixin.py:109} INFO - [2022-05-11 06:59:37,380] {dagbag.py:500} INFO - Filling up the DagBag from /home/airflow/.local/lib/python3.7/site-packages/airflow/example_dags/example_external_task_marker_dag.py
[2022-05-11 06:59:37,397] {processor.py:652} INFO - DAG(s) dict_keys(['example_external_task_marker_parent', 'example_external_task_marker_child']) retrieved from /home/airflow/.local/lib/python3.7/site-packages/airflow/example_dags/example_external_task_marker_dag.py
[2022-05-11 06:59:37,424] {logging_mixin.py:109} INFO - [2022-05-11 06:59:37,423] {dag.py:2398} INFO - Sync 2 DAGs
[2022-05-11 06:59:37,437] {logging_mixin.py:109} INFO - [2022-05-11 06:59:37,437] {dag.py:2937} INFO - Setting next_dagrun for example_external_task_marker_child to None
[2022-05-11 06:59:37,438] {logging_mixin.py:109} INFO - [2022-05-11 06:59:37,438] {dag.py:2937} INFO - Setting next_dagrun for example_external_task_marker_parent to None
[2022-05-11 06:59:37,453] {processor.py:171} INFO - Processing /home/airflow/.local/lib/python3.7/site-packages/airflow/example_dags/example_external_task_marker_dag.py took 0.079 seconds
[2022-05-11 07:00:08,249] {processor.py:163} INFO - Started process (PID=29418) to work on /home/airflow/.local/lib/python3.7/site-packages/airflow/example_dags/example_external_task_marker_dag.py
[2022-05-11 07:00:08,253] {processor.py:642} INFO - Processing file /home/airflow/.local/lib/python3.7/site-packages/airflow/example_dags/example_external_task_marker_dag.py for tasks to queue
[2022-05-11 07:00:08,256] {logging_mixin.py:109} INFO - [2022-05-11 07:00:08,256] {dagbag.py:500} INFO - Filling up the DagBag from /home/airflow/.local/lib/python3.7/site-packages/airflow/example_dags/example_external_task_marker_dag.py
[2022-05-11 07:00:08,277] {processor.py:652} INFO - DAG(s) dict_keys(['example_external_task_marker_parent', 'example_external_task_marker_child']) retrieved from /home/airflow/.local/lib/python3.7/site-packages/airflow/example_dags/example_external_task_marker_dag.py
[2022-05-11 07:00:08,363] {logging_mixin.py:109} INFO - [2022-05-11 07:00:08,363] {dag.py:2398} INFO - Sync 2 DAGs
[2022-05-11 07:00:08,379] {logging_mixin.py:109} INFO - [2022-05-11 07:00:08,379] {dag.py:2937} INFO - Setting next_dagrun for example_external_task_marker_child to None
[2022-05-11 07:00:08,380] {logging_mixin.py:109} INFO - [2022-05-11 07:00:08,380] {dag.py:2937} INFO - Setting next_dagrun for example_external_task_marker_parent to None
[2022-05-11 07:00:08,394] {processor.py:171} INFO - Processing /home/airflow/.local/lib/python3.7/site-packages/airflow/example_dags/example_external_task_marker_dag.py took 0.148 seconds
[2022-05-11 07:00:38,650] {processor.py:163} INFO - Started process (PID=29492) to work on /home/airflow/.local/lib/python3.7/site-packages/airflow/example_dags/example_external_task_marker_dag.py
[2022-05-11 07:00:38,651] {processor.py:642} INFO - Processing file /home/airflow/.local/lib/python3.7/site-packages/airflow/example_dags/example_external_task_marker_dag.py for tasks to queue
[2022-05-11 07:00:38,652] {logging_mixin.py:109} INFO - [2022-05-11 07:00:38,652] {dagbag.py:500} INFO - Filling up the DagBag from /home/airflow/.local/lib/python3.7/site-packages/airflow/example_dags/example_external_task_marker_dag.py
[2022-05-11 07:00:38,668] {processor.py:652} INFO - DAG(s) dict_keys(['example_external_task_marker_parent', 'example_external_task_marker_child']) retrieved from /home/airflow/.local/lib/python3.7/site-packages/airflow/example_dags/example_external_task_marker_dag.py
[2022-05-11 07:00:38,687] {logging_mixin.py:109} INFO - [2022-05-11 07:00:38,687] {dag.py:2398} INFO - Sync 2 DAGs
[2022-05-11 07:00:38,699] {logging_mixin.py:109} INFO - [2022-05-11 07:00:38,699] {dag.py:2937} INFO - Setting next_dagrun for example_external_task_marker_child to None
[2022-05-11 07:00:38,699] {logging_mixin.py:109} INFO - [2022-05-11 07:00:38,699] {dag.py:2937} INFO - Setting next_dagrun for example_external_task_marker_parent to None
[2022-05-11 07:00:38,711] {processor.py:171} INFO - Processing /home/airflow/.local/lib/python3.7/site-packages/airflow/example_dags/example_external_task_marker_dag.py took 0.064 seconds
[2022-05-11 07:01:09,165] {processor.py:163} INFO - Started process (PID=29562) to work on /home/airflow/.local/lib/python3.7/site-packages/airflow/example_dags/example_external_task_marker_dag.py
[2022-05-11 07:01:09,167] {processor.py:642} INFO - Processing file /home/airflow/.local/lib/python3.7/site-packages/airflow/example_dags/example_external_task_marker_dag.py for tasks to queue
[2022-05-11 07:01:09,168] {logging_mixin.py:109} INFO - [2022-05-11 07:01:09,168] {dagbag.py:500} INFO - Filling up the DagBag from /home/airflow/.local/lib/python3.7/site-packages/airflow/example_dags/example_external_task_marker_dag.py
[2022-05-11 07:01:09,183] {processor.py:652} INFO - DAG(s) dict_keys(['example_external_task_marker_parent', 'example_external_task_marker_child']) retrieved from /home/airflow/.local/lib/python3.7/site-packages/airflow/example_dags/example_external_task_marker_dag.py
[2022-05-11 07:01:09,211] {logging_mixin.py:109} INFO - [2022-05-11 07:01:09,210] {dag.py:2398} INFO - Sync 2 DAGs
[2022-05-11 07:01:09,230] {logging_mixin.py:109} INFO - [2022-05-11 07:01:09,230] {dag.py:2937} INFO - Setting next_dagrun for example_external_task_marker_child to None
[2022-05-11 07:01:09,231] {logging_mixin.py:109} INFO - [2022-05-11 07:01:09,231] {dag.py:2937} INFO - Setting next_dagrun for example_external_task_marker_parent to None
[2022-05-11 07:01:09,244] {processor.py:171} INFO - Processing /home/airflow/.local/lib/python3.7/site-packages/airflow/example_dags/example_external_task_marker_dag.py took 0.083 seconds
[2022-05-11 07:01:39,778] {processor.py:163} INFO - Started process (PID=29628) to work on /home/airflow/.local/lib/python3.7/site-packages/airflow/example_dags/example_external_task_marker_dag.py
[2022-05-11 07:01:39,781] {processor.py:642} INFO - Processing file /home/airflow/.local/lib/python3.7/site-packages/airflow/example_dags/example_external_task_marker_dag.py for tasks to queue
[2022-05-11 07:01:39,782] {logging_mixin.py:109} INFO - [2022-05-11 07:01:39,782] {dagbag.py:500} INFO - Filling up the DagBag from /home/airflow/.local/lib/python3.7/site-packages/airflow/example_dags/example_external_task_marker_dag.py
[2022-05-11 07:01:39,798] {processor.py:652} INFO - DAG(s) dict_keys(['example_external_task_marker_parent', 'example_external_task_marker_child']) retrieved from /home/airflow/.local/lib/python3.7/site-packages/airflow/example_dags/example_external_task_marker_dag.py
[2022-05-11 07:01:39,823] {logging_mixin.py:109} INFO - [2022-05-11 07:01:39,823] {dag.py:2398} INFO - Sync 2 DAGs
[2022-05-11 07:01:39,837] {logging_mixin.py:109} INFO - [2022-05-11 07:01:39,837] {dag.py:2937} INFO - Setting next_dagrun for example_external_task_marker_child to None
[2022-05-11 07:01:39,838] {logging_mixin.py:109} INFO - [2022-05-11 07:01:39,838] {dag.py:2937} INFO - Setting next_dagrun for example_external_task_marker_parent to None
[2022-05-11 07:01:39,854] {processor.py:171} INFO - Processing /home/airflow/.local/lib/python3.7/site-packages/airflow/example_dags/example_external_task_marker_dag.py took 0.079 seconds
[2022-05-11 07:02:10,076] {processor.py:163} INFO - Started process (PID=29701) to work on /home/airflow/.local/lib/python3.7/site-packages/airflow/example_dags/example_external_task_marker_dag.py
[2022-05-11 07:02:10,077] {processor.py:642} INFO - Processing file /home/airflow/.local/lib/python3.7/site-packages/airflow/example_dags/example_external_task_marker_dag.py for tasks to queue
[2022-05-11 07:02:10,078] {logging_mixin.py:109} INFO - [2022-05-11 07:02:10,078] {dagbag.py:500} INFO - Filling up the DagBag from /home/airflow/.local/lib/python3.7/site-packages/airflow/example_dags/example_external_task_marker_dag.py
[2022-05-11 07:02:10,093] {processor.py:652} INFO - DAG(s) dict_keys(['example_external_task_marker_parent', 'example_external_task_marker_child']) retrieved from /home/airflow/.local/lib/python3.7/site-packages/airflow/example_dags/example_external_task_marker_dag.py
[2022-05-11 07:02:10,118] {logging_mixin.py:109} INFO - [2022-05-11 07:02:10,118] {dag.py:2398} INFO - Sync 2 DAGs
[2022-05-11 07:02:10,134] {logging_mixin.py:109} INFO - [2022-05-11 07:02:10,134] {dag.py:2937} INFO - Setting next_dagrun for example_external_task_marker_child to None
[2022-05-11 07:02:10,136] {logging_mixin.py:109} INFO - [2022-05-11 07:02:10,136] {dag.py:2937} INFO - Setting next_dagrun for example_external_task_marker_parent to None
[2022-05-11 07:02:10,150] {processor.py:171} INFO - Processing /home/airflow/.local/lib/python3.7/site-packages/airflow/example_dags/example_external_task_marker_dag.py took 0.078 seconds
[2022-05-11 07:02:40,833] {processor.py:163} INFO - Started process (PID=29765) to work on /home/airflow/.local/lib/python3.7/site-packages/airflow/example_dags/example_external_task_marker_dag.py
[2022-05-11 07:02:40,835] {processor.py:642} INFO - Processing file /home/airflow/.local/lib/python3.7/site-packages/airflow/example_dags/example_external_task_marker_dag.py for tasks to queue
[2022-05-11 07:02:40,837] {logging_mixin.py:109} INFO - [2022-05-11 07:02:40,836] {dagbag.py:500} INFO - Filling up the DagBag from /home/airflow/.local/lib/python3.7/site-packages/airflow/example_dags/example_external_task_marker_dag.py
[2022-05-11 07:02:40,849] {processor.py:652} INFO - DAG(s) dict_keys(['example_external_task_marker_parent', 'example_external_task_marker_child']) retrieved from /home/airflow/.local/lib/python3.7/site-packages/airflow/example_dags/example_external_task_marker_dag.py
[2022-05-11 07:02:40,880] {logging_mixin.py:109} INFO - [2022-05-11 07:02:40,880] {dag.py:2398} INFO - Sync 2 DAGs
[2022-05-11 07:02:40,896] {logging_mixin.py:109} INFO - [2022-05-11 07:02:40,896] {dag.py:2937} INFO - Setting next_dagrun for example_external_task_marker_child to None
[2022-05-11 07:02:40,897] {logging_mixin.py:109} INFO - [2022-05-11 07:02:40,897] {dag.py:2937} INFO - Setting next_dagrun for example_external_task_marker_parent to None
[2022-05-11 07:02:40,913] {processor.py:171} INFO - Processing /home/airflow/.local/lib/python3.7/site-packages/airflow/example_dags/example_external_task_marker_dag.py took 0.083 seconds
[2022-05-11 07:03:11,145] {processor.py:163} INFO - Started process (PID=29837) to work on /home/airflow/.local/lib/python3.7/site-packages/airflow/example_dags/example_external_task_marker_dag.py
[2022-05-11 07:03:11,147] {processor.py:642} INFO - Processing file /home/airflow/.local/lib/python3.7/site-packages/airflow/example_dags/example_external_task_marker_dag.py for tasks to queue
[2022-05-11 07:03:11,148] {logging_mixin.py:109} INFO - [2022-05-11 07:03:11,148] {dagbag.py:500} INFO - Filling up the DagBag from /home/airflow/.local/lib/python3.7/site-packages/airflow/example_dags/example_external_task_marker_dag.py
[2022-05-11 07:03:11,171] {processor.py:652} INFO - DAG(s) dict_keys(['example_external_task_marker_parent', 'example_external_task_marker_child']) retrieved from /home/airflow/.local/lib/python3.7/site-packages/airflow/example_dags/example_external_task_marker_dag.py
[2022-05-11 07:03:11,194] {logging_mixin.py:109} INFO - [2022-05-11 07:03:11,194] {dag.py:2398} INFO - Sync 2 DAGs
[2022-05-11 07:03:11,210] {logging_mixin.py:109} INFO - [2022-05-11 07:03:11,210] {dag.py:2937} INFO - Setting next_dagrun for example_external_task_marker_child to None
[2022-05-11 07:03:11,211] {logging_mixin.py:109} INFO - [2022-05-11 07:03:11,211] {dag.py:2937} INFO - Setting next_dagrun for example_external_task_marker_parent to None
[2022-05-11 07:03:11,228] {processor.py:171} INFO - Processing /home/airflow/.local/lib/python3.7/site-packages/airflow/example_dags/example_external_task_marker_dag.py took 0.088 seconds
[2022-05-11 07:03:41,992] {processor.py:163} INFO - Started process (PID=29899) to work on /home/airflow/.local/lib/python3.7/site-packages/airflow/example_dags/example_external_task_marker_dag.py
[2022-05-11 07:03:41,994] {processor.py:642} INFO - Processing file /home/airflow/.local/lib/python3.7/site-packages/airflow/example_dags/example_external_task_marker_dag.py for tasks to queue
[2022-05-11 07:03:41,995] {logging_mixin.py:109} INFO - [2022-05-11 07:03:41,995] {dagbag.py:500} INFO - Filling up the DagBag from /home/airflow/.local/lib/python3.7/site-packages/airflow/example_dags/example_external_task_marker_dag.py
[2022-05-11 07:03:42,015] {processor.py:652} INFO - DAG(s) dict_keys(['example_external_task_marker_parent', 'example_external_task_marker_child']) retrieved from /home/airflow/.local/lib/python3.7/site-packages/airflow/example_dags/example_external_task_marker_dag.py
[2022-05-11 07:03:42,042] {logging_mixin.py:109} INFO - [2022-05-11 07:03:42,042] {dag.py:2398} INFO - Sync 2 DAGs
[2022-05-11 07:03:42,056] {logging_mixin.py:109} INFO - [2022-05-11 07:03:42,056] {dag.py:2937} INFO - Setting next_dagrun for example_external_task_marker_child to None
[2022-05-11 07:03:42,058] {logging_mixin.py:109} INFO - [2022-05-11 07:03:42,057] {dag.py:2937} INFO - Setting next_dagrun for example_external_task_marker_parent to None
[2022-05-11 07:03:42,072] {processor.py:171} INFO - Processing /home/airflow/.local/lib/python3.7/site-packages/airflow/example_dags/example_external_task_marker_dag.py took 0.087 seconds
[2022-05-11 07:04:12,578] {processor.py:163} INFO - Started process (PID=29972) to work on /home/airflow/.local/lib/python3.7/site-packages/airflow/example_dags/example_external_task_marker_dag.py
[2022-05-11 07:04:12,580] {processor.py:642} INFO - Processing file /home/airflow/.local/lib/python3.7/site-packages/airflow/example_dags/example_external_task_marker_dag.py for tasks to queue
[2022-05-11 07:04:12,581] {logging_mixin.py:109} INFO - [2022-05-11 07:04:12,581] {dagbag.py:500} INFO - Filling up the DagBag from /home/airflow/.local/lib/python3.7/site-packages/airflow/example_dags/example_external_task_marker_dag.py
[2022-05-11 07:04:12,599] {processor.py:652} INFO - DAG(s) dict_keys(['example_external_task_marker_parent', 'example_external_task_marker_child']) retrieved from /home/airflow/.local/lib/python3.7/site-packages/airflow/example_dags/example_external_task_marker_dag.py
[2022-05-11 07:04:12,629] {logging_mixin.py:109} INFO - [2022-05-11 07:04:12,629] {dag.py:2398} INFO - Sync 2 DAGs
[2022-05-11 07:04:12,645] {logging_mixin.py:109} INFO - [2022-05-11 07:04:12,645] {dag.py:2937} INFO - Setting next_dagrun for example_external_task_marker_child to None
[2022-05-11 07:04:12,646] {logging_mixin.py:109} INFO - [2022-05-11 07:04:12,646] {dag.py:2937} INFO - Setting next_dagrun for example_external_task_marker_parent to None
[2022-05-11 07:04:12,663] {processor.py:171} INFO - Processing /home/airflow/.local/lib/python3.7/site-packages/airflow/example_dags/example_external_task_marker_dag.py took 0.088 seconds
[2022-05-11 07:04:43,079] {processor.py:163} INFO - Started process (PID=30035) to work on /home/airflow/.local/lib/python3.7/site-packages/airflow/example_dags/example_external_task_marker_dag.py
[2022-05-11 07:04:43,081] {processor.py:642} INFO - Processing file /home/airflow/.local/lib/python3.7/site-packages/airflow/example_dags/example_external_task_marker_dag.py for tasks to queue
[2022-05-11 07:04:43,082] {logging_mixin.py:109} INFO - [2022-05-11 07:04:43,082] {dagbag.py:500} INFO - Filling up the DagBag from /home/airflow/.local/lib/python3.7/site-packages/airflow/example_dags/example_external_task_marker_dag.py
[2022-05-11 07:04:43,097] {processor.py:652} INFO - DAG(s) dict_keys(['example_external_task_marker_parent', 'example_external_task_marker_child']) retrieved from /home/airflow/.local/lib/python3.7/site-packages/airflow/example_dags/example_external_task_marker_dag.py
[2022-05-11 07:04:43,120] {logging_mixin.py:109} INFO - [2022-05-11 07:04:43,120] {dag.py:2398} INFO - Sync 2 DAGs
[2022-05-11 07:04:43,136] {logging_mixin.py:109} INFO - [2022-05-11 07:04:43,136] {dag.py:2937} INFO - Setting next_dagrun for example_external_task_marker_child to None
[2022-05-11 07:04:43,137] {logging_mixin.py:109} INFO - [2022-05-11 07:04:43,137] {dag.py:2937} INFO - Setting next_dagrun for example_external_task_marker_parent to None
[2022-05-11 07:04:43,151] {processor.py:171} INFO - Processing /home/airflow/.local/lib/python3.7/site-packages/airflow/example_dags/example_external_task_marker_dag.py took 0.075 seconds
[2022-05-11 07:05:13,549] {processor.py:163} INFO - Started process (PID=30109) to work on /home/airflow/.local/lib/python3.7/site-packages/airflow/example_dags/example_external_task_marker_dag.py
[2022-05-11 07:05:13,551] {processor.py:642} INFO - Processing file /home/airflow/.local/lib/python3.7/site-packages/airflow/example_dags/example_external_task_marker_dag.py for tasks to queue
[2022-05-11 07:05:13,551] {logging_mixin.py:109} INFO - [2022-05-11 07:05:13,551] {dagbag.py:500} INFO - Filling up the DagBag from /home/airflow/.local/lib/python3.7/site-packages/airflow/example_dags/example_external_task_marker_dag.py
[2022-05-11 07:05:13,566] {processor.py:652} INFO - DAG(s) dict_keys(['example_external_task_marker_parent', 'example_external_task_marker_child']) retrieved from /home/airflow/.local/lib/python3.7/site-packages/airflow/example_dags/example_external_task_marker_dag.py
[2022-05-11 07:05:13,588] {logging_mixin.py:109} INFO - [2022-05-11 07:05:13,587] {dag.py:2398} INFO - Sync 2 DAGs
[2022-05-11 07:05:13,601] {logging_mixin.py:109} INFO - [2022-05-11 07:05:13,601] {dag.py:2937} INFO - Setting next_dagrun for example_external_task_marker_child to None
[2022-05-11 07:05:13,602] {logging_mixin.py:109} INFO - [2022-05-11 07:05:13,602] {dag.py:2937} INFO - Setting next_dagrun for example_external_task_marker_parent to None
[2022-05-11 07:05:13,615] {processor.py:171} INFO - Processing /home/airflow/.local/lib/python3.7/site-packages/airflow/example_dags/example_external_task_marker_dag.py took 0.070 seconds
[2022-05-11 07:05:44,099] {processor.py:163} INFO - Started process (PID=30173) to work on /home/airflow/.local/lib/python3.7/site-packages/airflow/example_dags/example_external_task_marker_dag.py
[2022-05-11 07:05:44,101] {processor.py:642} INFO - Processing file /home/airflow/.local/lib/python3.7/site-packages/airflow/example_dags/example_external_task_marker_dag.py for tasks to queue
[2022-05-11 07:05:44,102] {logging_mixin.py:109} INFO - [2022-05-11 07:05:44,102] {dagbag.py:500} INFO - Filling up the DagBag from /home/airflow/.local/lib/python3.7/site-packages/airflow/example_dags/example_external_task_marker_dag.py
[2022-05-11 07:05:44,118] {processor.py:652} INFO - DAG(s) dict_keys(['example_external_task_marker_parent', 'example_external_task_marker_child']) retrieved from /home/airflow/.local/lib/python3.7/site-packages/airflow/example_dags/example_external_task_marker_dag.py
[2022-05-11 07:05:44,148] {logging_mixin.py:109} INFO - [2022-05-11 07:05:44,148] {dag.py:2398} INFO - Sync 2 DAGs
[2022-05-11 07:05:44,165] {logging_mixin.py:109} INFO - [2022-05-11 07:05:44,165] {dag.py:2937} INFO - Setting next_dagrun for example_external_task_marker_child to None
[2022-05-11 07:05:44,166] {logging_mixin.py:109} INFO - [2022-05-11 07:05:44,166] {dag.py:2937} INFO - Setting next_dagrun for example_external_task_marker_parent to None
[2022-05-11 07:05:44,184] {processor.py:171} INFO - Processing /home/airflow/.local/lib/python3.7/site-packages/airflow/example_dags/example_external_task_marker_dag.py took 0.088 seconds
[2022-05-11 07:06:14,495] {processor.py:163} INFO - Started process (PID=30245) to work on /home/airflow/.local/lib/python3.7/site-packages/airflow/example_dags/example_external_task_marker_dag.py
[2022-05-11 07:06:14,497] {processor.py:642} INFO - Processing file /home/airflow/.local/lib/python3.7/site-packages/airflow/example_dags/example_external_task_marker_dag.py for tasks to queue
[2022-05-11 07:06:14,498] {logging_mixin.py:109} INFO - [2022-05-11 07:06:14,498] {dagbag.py:500} INFO - Filling up the DagBag from /home/airflow/.local/lib/python3.7/site-packages/airflow/example_dags/example_external_task_marker_dag.py
[2022-05-11 07:06:14,511] {processor.py:652} INFO - DAG(s) dict_keys(['example_external_task_marker_parent', 'example_external_task_marker_child']) retrieved from /home/airflow/.local/lib/python3.7/site-packages/airflow/example_dags/example_external_task_marker_dag.py
[2022-05-11 07:06:14,535] {logging_mixin.py:109} INFO - [2022-05-11 07:06:14,535] {dag.py:2398} INFO - Sync 2 DAGs
[2022-05-11 07:06:14,550] {logging_mixin.py:109} INFO - [2022-05-11 07:06:14,550] {dag.py:2937} INFO - Setting next_dagrun for example_external_task_marker_child to None
[2022-05-11 07:06:14,550] {logging_mixin.py:109} INFO - [2022-05-11 07:06:14,550] {dag.py:2937} INFO - Setting next_dagrun for example_external_task_marker_parent to None
[2022-05-11 07:06:14,564] {processor.py:171} INFO - Processing /home/airflow/.local/lib/python3.7/site-packages/airflow/example_dags/example_external_task_marker_dag.py took 0.071 seconds
[2022-05-11 07:06:45,030] {processor.py:163} INFO - Started process (PID=30316) to work on /home/airflow/.local/lib/python3.7/site-packages/airflow/example_dags/example_external_task_marker_dag.py
[2022-05-11 07:06:45,032] {processor.py:642} INFO - Processing file /home/airflow/.local/lib/python3.7/site-packages/airflow/example_dags/example_external_task_marker_dag.py for tasks to queue
[2022-05-11 07:06:45,034] {logging_mixin.py:109} INFO - [2022-05-11 07:06:45,033] {dagbag.py:500} INFO - Filling up the DagBag from /home/airflow/.local/lib/python3.7/site-packages/airflow/example_dags/example_external_task_marker_dag.py
[2022-05-11 07:06:45,048] {processor.py:652} INFO - DAG(s) dict_keys(['example_external_task_marker_parent', 'example_external_task_marker_child']) retrieved from /home/airflow/.local/lib/python3.7/site-packages/airflow/example_dags/example_external_task_marker_dag.py
[2022-05-11 07:06:45,070] {logging_mixin.py:109} INFO - [2022-05-11 07:06:45,070] {dag.py:2398} INFO - Sync 2 DAGs
[2022-05-11 07:06:45,086] {logging_mixin.py:109} INFO - [2022-05-11 07:06:45,085] {dag.py:2937} INFO - Setting next_dagrun for example_external_task_marker_child to None
[2022-05-11 07:06:45,086] {logging_mixin.py:109} INFO - [2022-05-11 07:06:45,086] {dag.py:2937} INFO - Setting next_dagrun for example_external_task_marker_parent to None
[2022-05-11 07:06:45,099] {processor.py:171} INFO - Processing /home/airflow/.local/lib/python3.7/site-packages/airflow/example_dags/example_external_task_marker_dag.py took 0.072 seconds
[2022-05-11 07:07:15,786] {processor.py:163} INFO - Started process (PID=30378) to work on /home/airflow/.local/lib/python3.7/site-packages/airflow/example_dags/example_external_task_marker_dag.py
[2022-05-11 07:07:15,787] {processor.py:642} INFO - Processing file /home/airflow/.local/lib/python3.7/site-packages/airflow/example_dags/example_external_task_marker_dag.py for tasks to queue
[2022-05-11 07:07:15,788] {logging_mixin.py:109} INFO - [2022-05-11 07:07:15,788] {dagbag.py:500} INFO - Filling up the DagBag from /home/airflow/.local/lib/python3.7/site-packages/airflow/example_dags/example_external_task_marker_dag.py
[2022-05-11 07:07:15,803] {processor.py:652} INFO - DAG(s) dict_keys(['example_external_task_marker_parent', 'example_external_task_marker_child']) retrieved from /home/airflow/.local/lib/python3.7/site-packages/airflow/example_dags/example_external_task_marker_dag.py
[2022-05-11 07:07:15,827] {logging_mixin.py:109} INFO - [2022-05-11 07:07:15,827] {dag.py:2398} INFO - Sync 2 DAGs
[2022-05-11 07:07:15,843] {logging_mixin.py:109} INFO - [2022-05-11 07:07:15,843] {dag.py:2937} INFO - Setting next_dagrun for example_external_task_marker_child to None
[2022-05-11 07:07:15,844] {logging_mixin.py:109} INFO - [2022-05-11 07:07:15,844] {dag.py:2937} INFO - Setting next_dagrun for example_external_task_marker_parent to None
[2022-05-11 07:07:15,857] {processor.py:171} INFO - Processing /home/airflow/.local/lib/python3.7/site-packages/airflow/example_dags/example_external_task_marker_dag.py took 0.076 seconds
[2022-05-11 07:07:46,591] {processor.py:163} INFO - Started process (PID=30451) to work on /home/airflow/.local/lib/python3.7/site-packages/airflow/example_dags/example_external_task_marker_dag.py
[2022-05-11 07:07:46,594] {processor.py:642} INFO - Processing file /home/airflow/.local/lib/python3.7/site-packages/airflow/example_dags/example_external_task_marker_dag.py for tasks to queue
[2022-05-11 07:07:46,595] {logging_mixin.py:109} INFO - [2022-05-11 07:07:46,595] {dagbag.py:500} INFO - Filling up the DagBag from /home/airflow/.local/lib/python3.7/site-packages/airflow/example_dags/example_external_task_marker_dag.py
[2022-05-11 07:07:46,610] {processor.py:652} INFO - DAG(s) dict_keys(['example_external_task_marker_parent', 'example_external_task_marker_child']) retrieved from /home/airflow/.local/lib/python3.7/site-packages/airflow/example_dags/example_external_task_marker_dag.py
[2022-05-11 07:07:46,637] {logging_mixin.py:109} INFO - [2022-05-11 07:07:46,637] {dag.py:2398} INFO - Sync 2 DAGs
[2022-05-11 07:07:46,653] {logging_mixin.py:109} INFO - [2022-05-11 07:07:46,653] {dag.py:2937} INFO - Setting next_dagrun for example_external_task_marker_child to None
[2022-05-11 07:07:46,654] {logging_mixin.py:109} INFO - [2022-05-11 07:07:46,653] {dag.py:2937} INFO - Setting next_dagrun for example_external_task_marker_parent to None
[2022-05-11 07:07:46,668] {processor.py:171} INFO - Processing /home/airflow/.local/lib/python3.7/site-packages/airflow/example_dags/example_external_task_marker_dag.py took 0.081 seconds
[2022-05-11 07:08:16,897] {processor.py:163} INFO - Started process (PID=30513) to work on /home/airflow/.local/lib/python3.7/site-packages/airflow/example_dags/example_external_task_marker_dag.py
[2022-05-11 07:08:16,898] {processor.py:642} INFO - Processing file /home/airflow/.local/lib/python3.7/site-packages/airflow/example_dags/example_external_task_marker_dag.py for tasks to queue
[2022-05-11 07:08:16,899] {logging_mixin.py:109} INFO - [2022-05-11 07:08:16,899] {dagbag.py:500} INFO - Filling up the DagBag from /home/airflow/.local/lib/python3.7/site-packages/airflow/example_dags/example_external_task_marker_dag.py
[2022-05-11 07:08:16,915] {processor.py:652} INFO - DAG(s) dict_keys(['example_external_task_marker_parent', 'example_external_task_marker_child']) retrieved from /home/airflow/.local/lib/python3.7/site-packages/airflow/example_dags/example_external_task_marker_dag.py
[2022-05-11 07:08:16,944] {logging_mixin.py:109} INFO - [2022-05-11 07:08:16,944] {dag.py:2398} INFO - Sync 2 DAGs
[2022-05-11 07:08:16,962] {logging_mixin.py:109} INFO - [2022-05-11 07:08:16,962] {dag.py:2937} INFO - Setting next_dagrun for example_external_task_marker_child to None
[2022-05-11 07:08:16,963] {logging_mixin.py:109} INFO - [2022-05-11 07:08:16,963] {dag.py:2937} INFO - Setting next_dagrun for example_external_task_marker_parent to None
[2022-05-11 07:08:16,980] {processor.py:171} INFO - Processing /home/airflow/.local/lib/python3.7/site-packages/airflow/example_dags/example_external_task_marker_dag.py took 0.085 seconds
[2022-05-11 07:08:47,364] {processor.py:163} INFO - Started process (PID=30585) to work on /home/airflow/.local/lib/python3.7/site-packages/airflow/example_dags/example_external_task_marker_dag.py
[2022-05-11 07:08:47,366] {processor.py:642} INFO - Processing file /home/airflow/.local/lib/python3.7/site-packages/airflow/example_dags/example_external_task_marker_dag.py for tasks to queue
[2022-05-11 07:08:47,367] {logging_mixin.py:109} INFO - [2022-05-11 07:08:47,367] {dagbag.py:500} INFO - Filling up the DagBag from /home/airflow/.local/lib/python3.7/site-packages/airflow/example_dags/example_external_task_marker_dag.py
[2022-05-11 07:08:47,384] {processor.py:652} INFO - DAG(s) dict_keys(['example_external_task_marker_parent', 'example_external_task_marker_child']) retrieved from /home/airflow/.local/lib/python3.7/site-packages/airflow/example_dags/example_external_task_marker_dag.py
[2022-05-11 07:08:47,408] {logging_mixin.py:109} INFO - [2022-05-11 07:08:47,408] {dag.py:2398} INFO - Sync 2 DAGs
[2022-05-11 07:08:47,423] {logging_mixin.py:109} INFO - [2022-05-11 07:08:47,423] {dag.py:2937} INFO - Setting next_dagrun for example_external_task_marker_child to None
[2022-05-11 07:08:47,424] {logging_mixin.py:109} INFO - [2022-05-11 07:08:47,424] {dag.py:2937} INFO - Setting next_dagrun for example_external_task_marker_parent to None
[2022-05-11 07:08:47,437] {processor.py:171} INFO - Processing /home/airflow/.local/lib/python3.7/site-packages/airflow/example_dags/example_external_task_marker_dag.py took 0.075 seconds
[2022-05-11 07:09:18,068] {processor.py:163} INFO - Started process (PID=30648) to work on /home/airflow/.local/lib/python3.7/site-packages/airflow/example_dags/example_external_task_marker_dag.py
[2022-05-11 07:09:18,070] {processor.py:642} INFO - Processing file /home/airflow/.local/lib/python3.7/site-packages/airflow/example_dags/example_external_task_marker_dag.py for tasks to queue
[2022-05-11 07:09:18,071] {logging_mixin.py:109} INFO - [2022-05-11 07:09:18,071] {dagbag.py:500} INFO - Filling up the DagBag from /home/airflow/.local/lib/python3.7/site-packages/airflow/example_dags/example_external_task_marker_dag.py
[2022-05-11 07:09:18,088] {processor.py:652} INFO - DAG(s) dict_keys(['example_external_task_marker_parent', 'example_external_task_marker_child']) retrieved from /home/airflow/.local/lib/python3.7/site-packages/airflow/example_dags/example_external_task_marker_dag.py
[2022-05-11 07:09:18,117] {logging_mixin.py:109} INFO - [2022-05-11 07:09:18,117] {dag.py:2398} INFO - Sync 2 DAGs
[2022-05-11 07:09:18,135] {logging_mixin.py:109} INFO - [2022-05-11 07:09:18,135] {dag.py:2937} INFO - Setting next_dagrun for example_external_task_marker_child to None
[2022-05-11 07:09:18,136] {logging_mixin.py:109} INFO - [2022-05-11 07:09:18,136] {dag.py:2937} INFO - Setting next_dagrun for example_external_task_marker_parent to None
[2022-05-11 07:09:18,150] {processor.py:171} INFO - Processing /home/airflow/.local/lib/python3.7/site-packages/airflow/example_dags/example_external_task_marker_dag.py took 0.084 seconds
[2022-05-11 07:09:48,509] {processor.py:163} INFO - Started process (PID=30719) to work on /home/airflow/.local/lib/python3.7/site-packages/airflow/example_dags/example_external_task_marker_dag.py
[2022-05-11 07:09:48,511] {processor.py:642} INFO - Processing file /home/airflow/.local/lib/python3.7/site-packages/airflow/example_dags/example_external_task_marker_dag.py for tasks to queue
[2022-05-11 07:09:48,512] {logging_mixin.py:109} INFO - [2022-05-11 07:09:48,511] {dagbag.py:500} INFO - Filling up the DagBag from /home/airflow/.local/lib/python3.7/site-packages/airflow/example_dags/example_external_task_marker_dag.py
[2022-05-11 07:09:48,528] {processor.py:652} INFO - DAG(s) dict_keys(['example_external_task_marker_parent', 'example_external_task_marker_child']) retrieved from /home/airflow/.local/lib/python3.7/site-packages/airflow/example_dags/example_external_task_marker_dag.py
[2022-05-11 07:09:48,562] {logging_mixin.py:109} INFO - [2022-05-11 07:09:48,561] {dag.py:2398} INFO - Sync 2 DAGs
[2022-05-11 07:09:48,575] {logging_mixin.py:109} INFO - [2022-05-11 07:09:48,575] {dag.py:2937} INFO - Setting next_dagrun for example_external_task_marker_child to None
[2022-05-11 07:09:48,576] {logging_mixin.py:109} INFO - [2022-05-11 07:09:48,576] {dag.py:2937} INFO - Setting next_dagrun for example_external_task_marker_parent to None
[2022-05-11 07:09:48,596] {processor.py:171} INFO - Processing /home/airflow/.local/lib/python3.7/site-packages/airflow/example_dags/example_external_task_marker_dag.py took 0.091 seconds
[2022-05-11 07:10:19,158] {processor.py:163} INFO - Started process (PID=30791) to work on /home/airflow/.local/lib/python3.7/site-packages/airflow/example_dags/example_external_task_marker_dag.py
[2022-05-11 07:10:19,159] {processor.py:642} INFO - Processing file /home/airflow/.local/lib/python3.7/site-packages/airflow/example_dags/example_external_task_marker_dag.py for tasks to queue
[2022-05-11 07:10:19,160] {logging_mixin.py:109} INFO - [2022-05-11 07:10:19,160] {dagbag.py:500} INFO - Filling up the DagBag from /home/airflow/.local/lib/python3.7/site-packages/airflow/example_dags/example_external_task_marker_dag.py
[2022-05-11 07:10:19,177] {processor.py:652} INFO - DAG(s) dict_keys(['example_external_task_marker_parent', 'example_external_task_marker_child']) retrieved from /home/airflow/.local/lib/python3.7/site-packages/airflow/example_dags/example_external_task_marker_dag.py
[2022-05-11 07:10:19,206] {logging_mixin.py:109} INFO - [2022-05-11 07:10:19,205] {dag.py:2398} INFO - Sync 2 DAGs
[2022-05-11 07:10:19,222] {logging_mixin.py:109} INFO - [2022-05-11 07:10:19,221] {dag.py:2937} INFO - Setting next_dagrun for example_external_task_marker_child to None
[2022-05-11 07:10:19,222] {logging_mixin.py:109} INFO - [2022-05-11 07:10:19,222] {dag.py:2937} INFO - Setting next_dagrun for example_external_task_marker_parent to None
[2022-05-11 07:10:19,237] {processor.py:171} INFO - Processing /home/airflow/.local/lib/python3.7/site-packages/airflow/example_dags/example_external_task_marker_dag.py took 0.084 seconds
[2022-05-11 07:10:49,871] {processor.py:163} INFO - Started process (PID=30855) to work on /home/airflow/.local/lib/python3.7/site-packages/airflow/example_dags/example_external_task_marker_dag.py
[2022-05-11 07:10:49,873] {processor.py:642} INFO - Processing file /home/airflow/.local/lib/python3.7/site-packages/airflow/example_dags/example_external_task_marker_dag.py for tasks to queue
[2022-05-11 07:10:49,874] {logging_mixin.py:109} INFO - [2022-05-11 07:10:49,874] {dagbag.py:500} INFO - Filling up the DagBag from /home/airflow/.local/lib/python3.7/site-packages/airflow/example_dags/example_external_task_marker_dag.py
[2022-05-11 07:10:49,891] {processor.py:652} INFO - DAG(s) dict_keys(['example_external_task_marker_parent', 'example_external_task_marker_child']) retrieved from /home/airflow/.local/lib/python3.7/site-packages/airflow/example_dags/example_external_task_marker_dag.py
[2022-05-11 07:10:49,916] {logging_mixin.py:109} INFO - [2022-05-11 07:10:49,916] {dag.py:2398} INFO - Sync 2 DAGs
[2022-05-11 07:10:49,930] {logging_mixin.py:109} INFO - [2022-05-11 07:10:49,930] {dag.py:2937} INFO - Setting next_dagrun for example_external_task_marker_child to None
[2022-05-11 07:10:49,931] {logging_mixin.py:109} INFO - [2022-05-11 07:10:49,931] {dag.py:2937} INFO - Setting next_dagrun for example_external_task_marker_parent to None
[2022-05-11 07:10:49,943] {processor.py:171} INFO - Processing /home/airflow/.local/lib/python3.7/site-packages/airflow/example_dags/example_external_task_marker_dag.py took 0.074 seconds
[2022-05-11 07:11:20,602] {processor.py:163} INFO - Started process (PID=30927) to work on /home/airflow/.local/lib/python3.7/site-packages/airflow/example_dags/example_external_task_marker_dag.py
[2022-05-11 07:11:20,604] {processor.py:642} INFO - Processing file /home/airflow/.local/lib/python3.7/site-packages/airflow/example_dags/example_external_task_marker_dag.py for tasks to queue
[2022-05-11 07:11:20,605] {logging_mixin.py:109} INFO - [2022-05-11 07:11:20,605] {dagbag.py:500} INFO - Filling up the DagBag from /home/airflow/.local/lib/python3.7/site-packages/airflow/example_dags/example_external_task_marker_dag.py
[2022-05-11 07:11:20,624] {processor.py:652} INFO - DAG(s) dict_keys(['example_external_task_marker_parent', 'example_external_task_marker_child']) retrieved from /home/airflow/.local/lib/python3.7/site-packages/airflow/example_dags/example_external_task_marker_dag.py
[2022-05-11 07:11:20,660] {logging_mixin.py:109} INFO - [2022-05-11 07:11:20,660] {dag.py:2398} INFO - Sync 2 DAGs
[2022-05-11 07:11:20,678] {logging_mixin.py:109} INFO - [2022-05-11 07:11:20,677] {dag.py:2937} INFO - Setting next_dagrun for example_external_task_marker_child to None
[2022-05-11 07:11:20,679] {logging_mixin.py:109} INFO - [2022-05-11 07:11:20,678] {dag.py:2937} INFO - Setting next_dagrun for example_external_task_marker_parent to None
[2022-05-11 07:11:20,694] {processor.py:171} INFO - Processing /home/airflow/.local/lib/python3.7/site-packages/airflow/example_dags/example_external_task_marker_dag.py took 0.096 seconds
[2022-05-11 07:11:51,263] {processor.py:163} INFO - Started process (PID=30991) to work on /home/airflow/.local/lib/python3.7/site-packages/airflow/example_dags/example_external_task_marker_dag.py
[2022-05-11 07:11:51,264] {processor.py:642} INFO - Processing file /home/airflow/.local/lib/python3.7/site-packages/airflow/example_dags/example_external_task_marker_dag.py for tasks to queue
[2022-05-11 07:11:51,265] {logging_mixin.py:109} INFO - [2022-05-11 07:11:51,265] {dagbag.py:500} INFO - Filling up the DagBag from /home/airflow/.local/lib/python3.7/site-packages/airflow/example_dags/example_external_task_marker_dag.py
[2022-05-11 07:11:51,279] {processor.py:652} INFO - DAG(s) dict_keys(['example_external_task_marker_parent', 'example_external_task_marker_child']) retrieved from /home/airflow/.local/lib/python3.7/site-packages/airflow/example_dags/example_external_task_marker_dag.py
[2022-05-11 07:11:51,304] {logging_mixin.py:109} INFO - [2022-05-11 07:11:51,304] {dag.py:2398} INFO - Sync 2 DAGs
[2022-05-11 07:11:51,318] {logging_mixin.py:109} INFO - [2022-05-11 07:11:51,318] {dag.py:2937} INFO - Setting next_dagrun for example_external_task_marker_child to None
[2022-05-11 07:11:51,319] {logging_mixin.py:109} INFO - [2022-05-11 07:11:51,319] {dag.py:2937} INFO - Setting next_dagrun for example_external_task_marker_parent to None
[2022-05-11 07:11:51,336] {processor.py:171} INFO - Processing /home/airflow/.local/lib/python3.7/site-packages/airflow/example_dags/example_external_task_marker_dag.py took 0.076 seconds
[2022-05-11 07:12:21,984] {processor.py:163} INFO - Started process (PID=31064) to work on /home/airflow/.local/lib/python3.7/site-packages/airflow/example_dags/example_external_task_marker_dag.py
[2022-05-11 07:12:21,986] {processor.py:642} INFO - Processing file /home/airflow/.local/lib/python3.7/site-packages/airflow/example_dags/example_external_task_marker_dag.py for tasks to queue
[2022-05-11 07:12:21,987] {logging_mixin.py:109} INFO - [2022-05-11 07:12:21,986] {dagbag.py:500} INFO - Filling up the DagBag from /home/airflow/.local/lib/python3.7/site-packages/airflow/example_dags/example_external_task_marker_dag.py
[2022-05-11 07:12:22,005] {processor.py:652} INFO - DAG(s) dict_keys(['example_external_task_marker_parent', 'example_external_task_marker_child']) retrieved from /home/airflow/.local/lib/python3.7/site-packages/airflow/example_dags/example_external_task_marker_dag.py
[2022-05-11 07:12:22,031] {logging_mixin.py:109} INFO - [2022-05-11 07:12:22,031] {dag.py:2398} INFO - Sync 2 DAGs
[2022-05-11 07:12:22,054] {logging_mixin.py:109} INFO - [2022-05-11 07:12:22,054] {dag.py:2937} INFO - Setting next_dagrun for example_external_task_marker_child to None
[2022-05-11 07:12:22,056] {logging_mixin.py:109} INFO - [2022-05-11 07:12:22,055] {dag.py:2937} INFO - Setting next_dagrun for example_external_task_marker_parent to None
[2022-05-11 07:12:22,073] {processor.py:171} INFO - Processing /home/airflow/.local/lib/python3.7/site-packages/airflow/example_dags/example_external_task_marker_dag.py took 0.091 seconds
[2022-05-11 07:12:52,548] {processor.py:163} INFO - Started process (PID=31128) to work on /home/airflow/.local/lib/python3.7/site-packages/airflow/example_dags/example_external_task_marker_dag.py
[2022-05-11 07:12:52,549] {processor.py:642} INFO - Processing file /home/airflow/.local/lib/python3.7/site-packages/airflow/example_dags/example_external_task_marker_dag.py for tasks to queue
[2022-05-11 07:12:52,550] {logging_mixin.py:109} INFO - [2022-05-11 07:12:52,550] {dagbag.py:500} INFO - Filling up the DagBag from /home/airflow/.local/lib/python3.7/site-packages/airflow/example_dags/example_external_task_marker_dag.py
[2022-05-11 07:12:52,565] {processor.py:652} INFO - DAG(s) dict_keys(['example_external_task_marker_parent', 'example_external_task_marker_child']) retrieved from /home/airflow/.local/lib/python3.7/site-packages/airflow/example_dags/example_external_task_marker_dag.py
[2022-05-11 07:12:52,592] {logging_mixin.py:109} INFO - [2022-05-11 07:12:52,592] {dag.py:2398} INFO - Sync 2 DAGs
[2022-05-11 07:12:52,609] {logging_mixin.py:109} INFO - [2022-05-11 07:12:52,609] {dag.py:2937} INFO - Setting next_dagrun for example_external_task_marker_child to None
[2022-05-11 07:12:52,610] {logging_mixin.py:109} INFO - [2022-05-11 07:12:52,610] {dag.py:2937} INFO - Setting next_dagrun for example_external_task_marker_parent to None
[2022-05-11 07:12:52,628] {processor.py:171} INFO - Processing /home/airflow/.local/lib/python3.7/site-packages/airflow/example_dags/example_external_task_marker_dag.py took 0.083 seconds
[2022-05-11 07:13:23,495] {processor.py:163} INFO - Started process (PID=31201) to work on /home/airflow/.local/lib/python3.7/site-packages/airflow/example_dags/example_external_task_marker_dag.py
[2022-05-11 07:13:23,497] {processor.py:642} INFO - Processing file /home/airflow/.local/lib/python3.7/site-packages/airflow/example_dags/example_external_task_marker_dag.py for tasks to queue
[2022-05-11 07:13:23,498] {logging_mixin.py:109} INFO - [2022-05-11 07:13:23,498] {dagbag.py:500} INFO - Filling up the DagBag from /home/airflow/.local/lib/python3.7/site-packages/airflow/example_dags/example_external_task_marker_dag.py
[2022-05-11 07:13:23,513] {processor.py:652} INFO - DAG(s) dict_keys(['example_external_task_marker_parent', 'example_external_task_marker_child']) retrieved from /home/airflow/.local/lib/python3.7/site-packages/airflow/example_dags/example_external_task_marker_dag.py
[2022-05-11 07:13:23,542] {logging_mixin.py:109} INFO - [2022-05-11 07:13:23,542] {dag.py:2398} INFO - Sync 2 DAGs
[2022-05-11 07:13:23,557] {logging_mixin.py:109} INFO - [2022-05-11 07:13:23,557] {dag.py:2937} INFO - Setting next_dagrun for example_external_task_marker_child to None
[2022-05-11 07:13:23,558] {logging_mixin.py:109} INFO - [2022-05-11 07:13:23,558] {dag.py:2937} INFO - Setting next_dagrun for example_external_task_marker_parent to None
[2022-05-11 07:13:23,572] {processor.py:171} INFO - Processing /home/airflow/.local/lib/python3.7/site-packages/airflow/example_dags/example_external_task_marker_dag.py took 0.081 seconds
[2022-05-11 07:13:53,806] {processor.py:163} INFO - Started process (PID=31265) to work on /home/airflow/.local/lib/python3.7/site-packages/airflow/example_dags/example_external_task_marker_dag.py
[2022-05-11 07:13:53,808] {processor.py:642} INFO - Processing file /home/airflow/.local/lib/python3.7/site-packages/airflow/example_dags/example_external_task_marker_dag.py for tasks to queue
[2022-05-11 07:13:53,809] {logging_mixin.py:109} INFO - [2022-05-11 07:13:53,809] {dagbag.py:500} INFO - Filling up the DagBag from /home/airflow/.local/lib/python3.7/site-packages/airflow/example_dags/example_external_task_marker_dag.py
[2022-05-11 07:13:53,825] {processor.py:652} INFO - DAG(s) dict_keys(['example_external_task_marker_parent', 'example_external_task_marker_child']) retrieved from /home/airflow/.local/lib/python3.7/site-packages/airflow/example_dags/example_external_task_marker_dag.py
[2022-05-11 07:13:53,849] {logging_mixin.py:109} INFO - [2022-05-11 07:13:53,849] {dag.py:2398} INFO - Sync 2 DAGs
[2022-05-11 07:13:53,865] {logging_mixin.py:109} INFO - [2022-05-11 07:13:53,865] {dag.py:2937} INFO - Setting next_dagrun for example_external_task_marker_child to None
[2022-05-11 07:13:53,865] {logging_mixin.py:109} INFO - [2022-05-11 07:13:53,865] {dag.py:2937} INFO - Setting next_dagrun for example_external_task_marker_parent to None
[2022-05-11 07:13:53,880] {processor.py:171} INFO - Processing /home/airflow/.local/lib/python3.7/site-packages/airflow/example_dags/example_external_task_marker_dag.py took 0.078 seconds
[2022-05-11 07:14:24,283] {processor.py:163} INFO - Started process (PID=31337) to work on /home/airflow/.local/lib/python3.7/site-packages/airflow/example_dags/example_external_task_marker_dag.py
[2022-05-11 07:14:24,285] {processor.py:642} INFO - Processing file /home/airflow/.local/lib/python3.7/site-packages/airflow/example_dags/example_external_task_marker_dag.py for tasks to queue
[2022-05-11 07:14:24,286] {logging_mixin.py:109} INFO - [2022-05-11 07:14:24,285] {dagbag.py:500} INFO - Filling up the DagBag from /home/airflow/.local/lib/python3.7/site-packages/airflow/example_dags/example_external_task_marker_dag.py
[2022-05-11 07:14:24,300] {processor.py:652} INFO - DAG(s) dict_keys(['example_external_task_marker_parent', 'example_external_task_marker_child']) retrieved from /home/airflow/.local/lib/python3.7/site-packages/airflow/example_dags/example_external_task_marker_dag.py
[2022-05-11 07:14:24,327] {logging_mixin.py:109} INFO - [2022-05-11 07:14:24,327] {dag.py:2398} INFO - Sync 2 DAGs
[2022-05-11 07:14:24,343] {logging_mixin.py:109} INFO - [2022-05-11 07:14:24,343] {dag.py:2937} INFO - Setting next_dagrun for example_external_task_marker_child to None
[2022-05-11 07:14:24,344] {logging_mixin.py:109} INFO - [2022-05-11 07:14:24,344] {dag.py:2937} INFO - Setting next_dagrun for example_external_task_marker_parent to None
[2022-05-11 07:14:24,359] {processor.py:171} INFO - Processing /home/airflow/.local/lib/python3.7/site-packages/airflow/example_dags/example_external_task_marker_dag.py took 0.079 seconds
[2022-05-11 07:14:54,739] {processor.py:163} INFO - Started process (PID=31409) to work on /home/airflow/.local/lib/python3.7/site-packages/airflow/example_dags/example_external_task_marker_dag.py
[2022-05-11 07:14:54,741] {processor.py:642} INFO - Processing file /home/airflow/.local/lib/python3.7/site-packages/airflow/example_dags/example_external_task_marker_dag.py for tasks to queue
[2022-05-11 07:14:54,742] {logging_mixin.py:109} INFO - [2022-05-11 07:14:54,742] {dagbag.py:500} INFO - Filling up the DagBag from /home/airflow/.local/lib/python3.7/site-packages/airflow/example_dags/example_external_task_marker_dag.py
[2022-05-11 07:14:54,760] {processor.py:652} INFO - DAG(s) dict_keys(['example_external_task_marker_parent', 'example_external_task_marker_child']) retrieved from /home/airflow/.local/lib/python3.7/site-packages/airflow/example_dags/example_external_task_marker_dag.py
[2022-05-11 07:14:54,790] {logging_mixin.py:109} INFO - [2022-05-11 07:14:54,790] {dag.py:2398} INFO - Sync 2 DAGs
[2022-05-11 07:14:54,808] {logging_mixin.py:109} INFO - [2022-05-11 07:14:54,808] {dag.py:2937} INFO - Setting next_dagrun for example_external_task_marker_child to None
[2022-05-11 07:14:54,809] {logging_mixin.py:109} INFO - [2022-05-11 07:14:54,809] {dag.py:2937} INFO - Setting next_dagrun for example_external_task_marker_parent to None
[2022-05-11 07:14:54,825] {processor.py:171} INFO - Processing /home/airflow/.local/lib/python3.7/site-packages/airflow/example_dags/example_external_task_marker_dag.py took 0.089 seconds
[2022-05-11 07:15:25,011] {processor.py:163} INFO - Started process (PID=31474) to work on /home/airflow/.local/lib/python3.7/site-packages/airflow/example_dags/example_external_task_marker_dag.py
[2022-05-11 07:15:25,012] {processor.py:642} INFO - Processing file /home/airflow/.local/lib/python3.7/site-packages/airflow/example_dags/example_external_task_marker_dag.py for tasks to queue
[2022-05-11 07:15:25,013] {logging_mixin.py:109} INFO - [2022-05-11 07:15:25,013] {dagbag.py:500} INFO - Filling up the DagBag from /home/airflow/.local/lib/python3.7/site-packages/airflow/example_dags/example_external_task_marker_dag.py
[2022-05-11 07:15:25,032] {processor.py:652} INFO - DAG(s) dict_keys(['example_external_task_marker_parent', 'example_external_task_marker_child']) retrieved from /home/airflow/.local/lib/python3.7/site-packages/airflow/example_dags/example_external_task_marker_dag.py
[2022-05-11 07:15:25,060] {logging_mixin.py:109} INFO - [2022-05-11 07:15:25,059] {dag.py:2398} INFO - Sync 2 DAGs
[2022-05-11 07:15:25,077] {logging_mixin.py:109} INFO - [2022-05-11 07:15:25,077] {dag.py:2937} INFO - Setting next_dagrun for example_external_task_marker_child to None
[2022-05-11 07:15:25,078] {logging_mixin.py:109} INFO - [2022-05-11 07:15:25,078] {dag.py:2937} INFO - Setting next_dagrun for example_external_task_marker_parent to None
[2022-05-11 07:15:25,094] {processor.py:171} INFO - Processing /home/airflow/.local/lib/python3.7/site-packages/airflow/example_dags/example_external_task_marker_dag.py took 0.086 seconds
[2022-05-11 07:15:55,309] {processor.py:163} INFO - Started process (PID=31548) to work on /home/airflow/.local/lib/python3.7/site-packages/airflow/example_dags/example_external_task_marker_dag.py
[2022-05-11 07:15:55,311] {processor.py:642} INFO - Processing file /home/airflow/.local/lib/python3.7/site-packages/airflow/example_dags/example_external_task_marker_dag.py for tasks to queue
[2022-05-11 07:15:55,312] {logging_mixin.py:109} INFO - [2022-05-11 07:15:55,312] {dagbag.py:500} INFO - Filling up the DagBag from /home/airflow/.local/lib/python3.7/site-packages/airflow/example_dags/example_external_task_marker_dag.py
[2022-05-11 07:15:55,328] {processor.py:652} INFO - DAG(s) dict_keys(['example_external_task_marker_parent', 'example_external_task_marker_child']) retrieved from /home/airflow/.local/lib/python3.7/site-packages/airflow/example_dags/example_external_task_marker_dag.py
[2022-05-11 07:15:55,359] {logging_mixin.py:109} INFO - [2022-05-11 07:15:55,358] {dag.py:2398} INFO - Sync 2 DAGs
[2022-05-11 07:15:55,379] {logging_mixin.py:109} INFO - [2022-05-11 07:15:55,379] {dag.py:2937} INFO - Setting next_dagrun for example_external_task_marker_child to None
[2022-05-11 07:15:55,380] {logging_mixin.py:109} INFO - [2022-05-11 07:15:55,380] {dag.py:2937} INFO - Setting next_dagrun for example_external_task_marker_parent to None
[2022-05-11 07:15:55,394] {processor.py:171} INFO - Processing /home/airflow/.local/lib/python3.7/site-packages/airflow/example_dags/example_external_task_marker_dag.py took 0.089 seconds
[2022-05-11 07:16:25,880] {processor.py:163} INFO - Started process (PID=31611) to work on /home/airflow/.local/lib/python3.7/site-packages/airflow/example_dags/example_external_task_marker_dag.py
[2022-05-11 07:16:25,882] {processor.py:642} INFO - Processing file /home/airflow/.local/lib/python3.7/site-packages/airflow/example_dags/example_external_task_marker_dag.py for tasks to queue
[2022-05-11 07:16:25,883] {logging_mixin.py:109} INFO - [2022-05-11 07:16:25,883] {dagbag.py:500} INFO - Filling up the DagBag from /home/airflow/.local/lib/python3.7/site-packages/airflow/example_dags/example_external_task_marker_dag.py
[2022-05-11 07:16:25,904] {processor.py:652} INFO - DAG(s) dict_keys(['example_external_task_marker_parent', 'example_external_task_marker_child']) retrieved from /home/airflow/.local/lib/python3.7/site-packages/airflow/example_dags/example_external_task_marker_dag.py
[2022-05-11 07:16:25,934] {logging_mixin.py:109} INFO - [2022-05-11 07:16:25,934] {dag.py:2398} INFO - Sync 2 DAGs
[2022-05-11 07:16:25,953] {logging_mixin.py:109} INFO - [2022-05-11 07:16:25,952] {dag.py:2937} INFO - Setting next_dagrun for example_external_task_marker_child to None
[2022-05-11 07:16:25,953] {logging_mixin.py:109} INFO - [2022-05-11 07:16:25,953] {dag.py:2937} INFO - Setting next_dagrun for example_external_task_marker_parent to None
[2022-05-11 07:16:25,969] {processor.py:171} INFO - Processing /home/airflow/.local/lib/python3.7/site-packages/airflow/example_dags/example_external_task_marker_dag.py took 0.092 seconds
[2022-05-11 07:16:56,476] {processor.py:163} INFO - Started process (PID=31684) to work on /home/airflow/.local/lib/python3.7/site-packages/airflow/example_dags/example_external_task_marker_dag.py
[2022-05-11 07:16:56,478] {processor.py:642} INFO - Processing file /home/airflow/.local/lib/python3.7/site-packages/airflow/example_dags/example_external_task_marker_dag.py for tasks to queue
[2022-05-11 07:16:56,479] {logging_mixin.py:109} INFO - [2022-05-11 07:16:56,479] {dagbag.py:500} INFO - Filling up the DagBag from /home/airflow/.local/lib/python3.7/site-packages/airflow/example_dags/example_external_task_marker_dag.py
[2022-05-11 07:16:56,506] {processor.py:652} INFO - DAG(s) dict_keys(['example_external_task_marker_parent', 'example_external_task_marker_child']) retrieved from /home/airflow/.local/lib/python3.7/site-packages/airflow/example_dags/example_external_task_marker_dag.py
[2022-05-11 07:16:56,547] {logging_mixin.py:109} INFO - [2022-05-11 07:16:56,547] {dag.py:2398} INFO - Sync 2 DAGs
[2022-05-11 07:16:56,577] {logging_mixin.py:109} INFO - [2022-05-11 07:16:56,577] {dag.py:2937} INFO - Setting next_dagrun for example_external_task_marker_child to None
[2022-05-11 07:16:56,578] {logging_mixin.py:109} INFO - [2022-05-11 07:16:56,578] {dag.py:2937} INFO - Setting next_dagrun for example_external_task_marker_parent to None
[2022-05-11 07:16:56,602] {processor.py:171} INFO - Processing /home/airflow/.local/lib/python3.7/site-packages/airflow/example_dags/example_external_task_marker_dag.py took 0.134 seconds
[2022-05-11 07:17:26,874] {processor.py:163} INFO - Started process (PID=31746) to work on /home/airflow/.local/lib/python3.7/site-packages/airflow/example_dags/example_external_task_marker_dag.py
[2022-05-11 07:17:26,876] {processor.py:642} INFO - Processing file /home/airflow/.local/lib/python3.7/site-packages/airflow/example_dags/example_external_task_marker_dag.py for tasks to queue
[2022-05-11 07:17:26,876] {logging_mixin.py:109} INFO - [2022-05-11 07:17:26,876] {dagbag.py:500} INFO - Filling up the DagBag from /home/airflow/.local/lib/python3.7/site-packages/airflow/example_dags/example_external_task_marker_dag.py
[2022-05-11 07:17:26,894] {processor.py:652} INFO - DAG(s) dict_keys(['example_external_task_marker_parent', 'example_external_task_marker_child']) retrieved from /home/airflow/.local/lib/python3.7/site-packages/airflow/example_dags/example_external_task_marker_dag.py
[2022-05-11 07:17:26,927] {logging_mixin.py:109} INFO - [2022-05-11 07:17:26,927] {dag.py:2398} INFO - Sync 2 DAGs
[2022-05-11 07:17:26,943] {logging_mixin.py:109} INFO - [2022-05-11 07:17:26,943] {dag.py:2937} INFO - Setting next_dagrun for example_external_task_marker_child to None
[2022-05-11 07:17:26,944] {logging_mixin.py:109} INFO - [2022-05-11 07:17:26,944] {dag.py:2937} INFO - Setting next_dagrun for example_external_task_marker_parent to None
[2022-05-11 07:17:26,958] {processor.py:171} INFO - Processing /home/airflow/.local/lib/python3.7/site-packages/airflow/example_dags/example_external_task_marker_dag.py took 0.087 seconds
[2022-05-11 07:17:57,234] {processor.py:163} INFO - Started process (PID=31810) to work on /home/airflow/.local/lib/python3.7/site-packages/airflow/example_dags/example_external_task_marker_dag.py
[2022-05-11 07:17:57,236] {processor.py:642} INFO - Processing file /home/airflow/.local/lib/python3.7/site-packages/airflow/example_dags/example_external_task_marker_dag.py for tasks to queue
[2022-05-11 07:17:57,237] {logging_mixin.py:109} INFO - [2022-05-11 07:17:57,237] {dagbag.py:500} INFO - Filling up the DagBag from /home/airflow/.local/lib/python3.7/site-packages/airflow/example_dags/example_external_task_marker_dag.py
[2022-05-11 07:17:57,258] {processor.py:652} INFO - DAG(s) dict_keys(['example_external_task_marker_parent', 'example_external_task_marker_child']) retrieved from /home/airflow/.local/lib/python3.7/site-packages/airflow/example_dags/example_external_task_marker_dag.py
[2022-05-11 07:17:57,298] {logging_mixin.py:109} INFO - [2022-05-11 07:17:57,298] {dag.py:2398} INFO - Sync 2 DAGs
[2022-05-11 07:17:57,326] {logging_mixin.py:109} INFO - [2022-05-11 07:17:57,325] {dag.py:2937} INFO - Setting next_dagrun for example_external_task_marker_child to None
[2022-05-11 07:17:57,326] {logging_mixin.py:109} INFO - [2022-05-11 07:17:57,326] {dag.py:2937} INFO - Setting next_dagrun for example_external_task_marker_parent to None
[2022-05-11 07:17:57,346] {processor.py:171} INFO - Processing /home/airflow/.local/lib/python3.7/site-packages/airflow/example_dags/example_external_task_marker_dag.py took 0.117 seconds
[2022-05-11 07:18:27,964] {processor.py:163} INFO - Started process (PID=31882) to work on /home/airflow/.local/lib/python3.7/site-packages/airflow/example_dags/example_external_task_marker_dag.py
[2022-05-11 07:18:27,966] {processor.py:642} INFO - Processing file /home/airflow/.local/lib/python3.7/site-packages/airflow/example_dags/example_external_task_marker_dag.py for tasks to queue
[2022-05-11 07:18:27,967] {logging_mixin.py:109} INFO - [2022-05-11 07:18:27,967] {dagbag.py:500} INFO - Filling up the DagBag from /home/airflow/.local/lib/python3.7/site-packages/airflow/example_dags/example_external_task_marker_dag.py
[2022-05-11 07:18:27,983] {processor.py:652} INFO - DAG(s) dict_keys(['example_external_task_marker_parent', 'example_external_task_marker_child']) retrieved from /home/airflow/.local/lib/python3.7/site-packages/airflow/example_dags/example_external_task_marker_dag.py
[2022-05-11 07:18:28,015] {logging_mixin.py:109} INFO - [2022-05-11 07:18:28,015] {dag.py:2398} INFO - Sync 2 DAGs
[2022-05-11 07:18:28,031] {logging_mixin.py:109} INFO - [2022-05-11 07:18:28,031] {dag.py:2937} INFO - Setting next_dagrun for example_external_task_marker_child to None
[2022-05-11 07:18:28,032] {logging_mixin.py:109} INFO - [2022-05-11 07:18:28,032] {dag.py:2937} INFO - Setting next_dagrun for example_external_task_marker_parent to None
[2022-05-11 07:18:28,047] {processor.py:171} INFO - Processing /home/airflow/.local/lib/python3.7/site-packages/airflow/example_dags/example_external_task_marker_dag.py took 0.086 seconds
[2022-05-11 07:18:58,966] {processor.py:163} INFO - Started process (PID=31945) to work on /home/airflow/.local/lib/python3.7/site-packages/airflow/example_dags/example_external_task_marker_dag.py
[2022-05-11 07:18:58,968] {processor.py:642} INFO - Processing file /home/airflow/.local/lib/python3.7/site-packages/airflow/example_dags/example_external_task_marker_dag.py for tasks to queue
[2022-05-11 07:18:58,969] {logging_mixin.py:109} INFO - [2022-05-11 07:18:58,969] {dagbag.py:500} INFO - Filling up the DagBag from /home/airflow/.local/lib/python3.7/site-packages/airflow/example_dags/example_external_task_marker_dag.py
[2022-05-11 07:18:58,995] {processor.py:652} INFO - DAG(s) dict_keys(['example_external_task_marker_parent', 'example_external_task_marker_child']) retrieved from /home/airflow/.local/lib/python3.7/site-packages/airflow/example_dags/example_external_task_marker_dag.py
[2022-05-11 07:18:59,036] {logging_mixin.py:109} INFO - [2022-05-11 07:18:59,036] {dag.py:2398} INFO - Sync 2 DAGs
[2022-05-11 07:18:59,059] {logging_mixin.py:109} INFO - [2022-05-11 07:18:59,059] {dag.py:2937} INFO - Setting next_dagrun for example_external_task_marker_child to None
[2022-05-11 07:18:59,060] {logging_mixin.py:109} INFO - [2022-05-11 07:18:59,060] {dag.py:2937} INFO - Setting next_dagrun for example_external_task_marker_parent to None
[2022-05-11 07:18:59,073] {processor.py:171} INFO - Processing /home/airflow/.local/lib/python3.7/site-packages/airflow/example_dags/example_external_task_marker_dag.py took 0.113 seconds
[2022-05-11 07:19:30,569] {processor.py:163} INFO - Started process (PID=32019) to work on /home/airflow/.local/lib/python3.7/site-packages/airflow/example_dags/example_external_task_marker_dag.py
[2022-05-11 07:19:30,573] {processor.py:642} INFO - Processing file /home/airflow/.local/lib/python3.7/site-packages/airflow/example_dags/example_external_task_marker_dag.py for tasks to queue
[2022-05-11 07:19:30,574] {logging_mixin.py:109} INFO - [2022-05-11 07:19:30,574] {dagbag.py:500} INFO - Filling up the DagBag from /home/airflow/.local/lib/python3.7/site-packages/airflow/example_dags/example_external_task_marker_dag.py
[2022-05-11 07:19:30,602] {processor.py:652} INFO - DAG(s) dict_keys(['example_external_task_marker_parent', 'example_external_task_marker_child']) retrieved from /home/airflow/.local/lib/python3.7/site-packages/airflow/example_dags/example_external_task_marker_dag.py
[2022-05-11 07:19:30,641] {logging_mixin.py:109} INFO - [2022-05-11 07:19:30,641] {dag.py:2398} INFO - Sync 2 DAGs
[2022-05-11 07:19:30,673] {logging_mixin.py:109} INFO - [2022-05-11 07:19:30,673] {dag.py:2937} INFO - Setting next_dagrun for example_external_task_marker_child to None
[2022-05-11 07:19:30,674] {logging_mixin.py:109} INFO - [2022-05-11 07:19:30,674] {dag.py:2937} INFO - Setting next_dagrun for example_external_task_marker_parent to None
[2022-05-11 07:19:30,696] {processor.py:171} INFO - Processing /home/airflow/.local/lib/python3.7/site-packages/airflow/example_dags/example_external_task_marker_dag.py took 0.132 seconds
[2022-05-11 07:20:01,162] {processor.py:163} INFO - Started process (PID=32081) to work on /home/airflow/.local/lib/python3.7/site-packages/airflow/example_dags/example_external_task_marker_dag.py
[2022-05-11 07:20:01,163] {processor.py:642} INFO - Processing file /home/airflow/.local/lib/python3.7/site-packages/airflow/example_dags/example_external_task_marker_dag.py for tasks to queue
[2022-05-11 07:20:01,164] {logging_mixin.py:109} INFO - [2022-05-11 07:20:01,164] {dagbag.py:500} INFO - Filling up the DagBag from /home/airflow/.local/lib/python3.7/site-packages/airflow/example_dags/example_external_task_marker_dag.py
[2022-05-11 07:20:01,188] {processor.py:652} INFO - DAG(s) dict_keys(['example_external_task_marker_parent', 'example_external_task_marker_child']) retrieved from /home/airflow/.local/lib/python3.7/site-packages/airflow/example_dags/example_external_task_marker_dag.py
[2022-05-11 07:20:01,220] {logging_mixin.py:109} INFO - [2022-05-11 07:20:01,220] {dag.py:2398} INFO - Sync 2 DAGs
[2022-05-11 07:20:01,237] {logging_mixin.py:109} INFO - [2022-05-11 07:20:01,237] {dag.py:2937} INFO - Setting next_dagrun for example_external_task_marker_child to None
[2022-05-11 07:20:01,238] {logging_mixin.py:109} INFO - [2022-05-11 07:20:01,238] {dag.py:2937} INFO - Setting next_dagrun for example_external_task_marker_parent to None
[2022-05-11 07:20:01,254] {processor.py:171} INFO - Processing /home/airflow/.local/lib/python3.7/site-packages/airflow/example_dags/example_external_task_marker_dag.py took 0.096 seconds
[2022-05-11 07:20:31,716] {processor.py:163} INFO - Started process (PID=32154) to work on /home/airflow/.local/lib/python3.7/site-packages/airflow/example_dags/example_external_task_marker_dag.py
[2022-05-11 07:20:31,719] {processor.py:642} INFO - Processing file /home/airflow/.local/lib/python3.7/site-packages/airflow/example_dags/example_external_task_marker_dag.py for tasks to queue
[2022-05-11 07:20:31,721] {logging_mixin.py:109} INFO - [2022-05-11 07:20:31,721] {dagbag.py:500} INFO - Filling up the DagBag from /home/airflow/.local/lib/python3.7/site-packages/airflow/example_dags/example_external_task_marker_dag.py
[2022-05-11 07:20:31,745] {processor.py:652} INFO - DAG(s) dict_keys(['example_external_task_marker_parent', 'example_external_task_marker_child']) retrieved from /home/airflow/.local/lib/python3.7/site-packages/airflow/example_dags/example_external_task_marker_dag.py
[2022-05-11 07:20:31,815] {logging_mixin.py:109} INFO - [2022-05-11 07:20:31,815] {dag.py:2398} INFO - Sync 2 DAGs
[2022-05-11 07:20:31,835] {logging_mixin.py:109} INFO - [2022-05-11 07:20:31,834] {dag.py:2937} INFO - Setting next_dagrun for example_external_task_marker_child to None
[2022-05-11 07:20:31,835] {logging_mixin.py:109} INFO - [2022-05-11 07:20:31,835] {dag.py:2937} INFO - Setting next_dagrun for example_external_task_marker_parent to None
[2022-05-11 07:20:31,855] {processor.py:171} INFO - Processing /home/airflow/.local/lib/python3.7/site-packages/airflow/example_dags/example_external_task_marker_dag.py took 0.145 seconds
[2022-05-11 07:21:02,737] {processor.py:163} INFO - Started process (PID=32217) to work on /home/airflow/.local/lib/python3.7/site-packages/airflow/example_dags/example_external_task_marker_dag.py
[2022-05-11 07:21:02,739] {processor.py:642} INFO - Processing file /home/airflow/.local/lib/python3.7/site-packages/airflow/example_dags/example_external_task_marker_dag.py for tasks to queue
[2022-05-11 07:21:02,741] {logging_mixin.py:109} INFO - [2022-05-11 07:21:02,741] {dagbag.py:500} INFO - Filling up the DagBag from /home/airflow/.local/lib/python3.7/site-packages/airflow/example_dags/example_external_task_marker_dag.py
[2022-05-11 07:21:02,759] {processor.py:652} INFO - DAG(s) dict_keys(['example_external_task_marker_parent', 'example_external_task_marker_child']) retrieved from /home/airflow/.local/lib/python3.7/site-packages/airflow/example_dags/example_external_task_marker_dag.py
[2022-05-11 07:21:02,796] {logging_mixin.py:109} INFO - [2022-05-11 07:21:02,796] {dag.py:2398} INFO - Sync 2 DAGs
[2022-05-11 07:21:02,816] {logging_mixin.py:109} INFO - [2022-05-11 07:21:02,815] {dag.py:2937} INFO - Setting next_dagrun for example_external_task_marker_child to None
[2022-05-11 07:21:02,816] {logging_mixin.py:109} INFO - [2022-05-11 07:21:02,816] {dag.py:2937} INFO - Setting next_dagrun for example_external_task_marker_parent to None
[2022-05-11 07:21:02,834] {processor.py:171} INFO - Processing /home/airflow/.local/lib/python3.7/site-packages/airflow/example_dags/example_external_task_marker_dag.py took 0.102 seconds
[2022-05-11 07:21:33,739] {processor.py:163} INFO - Started process (PID=32288) to work on /home/airflow/.local/lib/python3.7/site-packages/airflow/example_dags/example_external_task_marker_dag.py
[2022-05-11 07:21:33,742] {processor.py:642} INFO - Processing file /home/airflow/.local/lib/python3.7/site-packages/airflow/example_dags/example_external_task_marker_dag.py for tasks to queue
[2022-05-11 07:21:33,742] {logging_mixin.py:109} INFO - [2022-05-11 07:21:33,742] {dagbag.py:500} INFO - Filling up the DagBag from /home/airflow/.local/lib/python3.7/site-packages/airflow/example_dags/example_external_task_marker_dag.py
[2022-05-11 07:21:33,758] {processor.py:652} INFO - DAG(s) dict_keys(['example_external_task_marker_parent', 'example_external_task_marker_child']) retrieved from /home/airflow/.local/lib/python3.7/site-packages/airflow/example_dags/example_external_task_marker_dag.py
[2022-05-11 07:21:33,785] {logging_mixin.py:109} INFO - [2022-05-11 07:21:33,785] {dag.py:2398} INFO - Sync 2 DAGs
[2022-05-11 07:21:33,805] {logging_mixin.py:109} INFO - [2022-05-11 07:21:33,805] {dag.py:2937} INFO - Setting next_dagrun for example_external_task_marker_child to None
[2022-05-11 07:21:33,806] {logging_mixin.py:109} INFO - [2022-05-11 07:21:33,806] {dag.py:2937} INFO - Setting next_dagrun for example_external_task_marker_parent to None
[2022-05-11 07:21:33,824] {processor.py:171} INFO - Processing /home/airflow/.local/lib/python3.7/site-packages/airflow/example_dags/example_external_task_marker_dag.py took 0.088 seconds
[2022-05-11 07:22:05,663] {processor.py:163} INFO - Started process (PID=32361) to work on /home/airflow/.local/lib/python3.7/site-packages/airflow/example_dags/example_external_task_marker_dag.py
[2022-05-11 07:22:05,665] {processor.py:642} INFO - Processing file /home/airflow/.local/lib/python3.7/site-packages/airflow/example_dags/example_external_task_marker_dag.py for tasks to queue
[2022-05-11 07:22:05,666] {logging_mixin.py:109} INFO - [2022-05-11 07:22:05,666] {dagbag.py:500} INFO - Filling up the DagBag from /home/airflow/.local/lib/python3.7/site-packages/airflow/example_dags/example_external_task_marker_dag.py
[2022-05-11 07:22:05,688] {processor.py:652} INFO - DAG(s) dict_keys(['example_external_task_marker_parent', 'example_external_task_marker_child']) retrieved from /home/airflow/.local/lib/python3.7/site-packages/airflow/example_dags/example_external_task_marker_dag.py
[2022-05-11 07:22:05,722] {logging_mixin.py:109} INFO - [2022-05-11 07:22:05,722] {dag.py:2398} INFO - Sync 2 DAGs
[2022-05-11 07:22:05,750] {logging_mixin.py:109} INFO - [2022-05-11 07:22:05,750] {dag.py:2937} INFO - Setting next_dagrun for example_external_task_marker_child to None
[2022-05-11 07:22:05,751] {logging_mixin.py:109} INFO - [2022-05-11 07:22:05,751] {dag.py:2937} INFO - Setting next_dagrun for example_external_task_marker_parent to None
[2022-05-11 07:22:05,768] {processor.py:171} INFO - Processing /home/airflow/.local/lib/python3.7/site-packages/airflow/example_dags/example_external_task_marker_dag.py took 0.111 seconds
[2022-05-11 07:22:36,607] {processor.py:163} INFO - Started process (PID=32425) to work on /home/airflow/.local/lib/python3.7/site-packages/airflow/example_dags/example_external_task_marker_dag.py
[2022-05-11 07:22:36,608] {processor.py:642} INFO - Processing file /home/airflow/.local/lib/python3.7/site-packages/airflow/example_dags/example_external_task_marker_dag.py for tasks to queue
[2022-05-11 07:22:36,610] {logging_mixin.py:109} INFO - [2022-05-11 07:22:36,610] {dagbag.py:500} INFO - Filling up the DagBag from /home/airflow/.local/lib/python3.7/site-packages/airflow/example_dags/example_external_task_marker_dag.py
[2022-05-11 07:22:36,631] {processor.py:652} INFO - DAG(s) dict_keys(['example_external_task_marker_parent', 'example_external_task_marker_child']) retrieved from /home/airflow/.local/lib/python3.7/site-packages/airflow/example_dags/example_external_task_marker_dag.py
[2022-05-11 07:22:36,665] {logging_mixin.py:109} INFO - [2022-05-11 07:22:36,665] {dag.py:2398} INFO - Sync 2 DAGs
[2022-05-11 07:22:36,692] {logging_mixin.py:109} INFO - [2022-05-11 07:22:36,692] {dag.py:2937} INFO - Setting next_dagrun for example_external_task_marker_child to None
[2022-05-11 07:22:36,693] {logging_mixin.py:109} INFO - [2022-05-11 07:22:36,693] {dag.py:2937} INFO - Setting next_dagrun for example_external_task_marker_parent to None
[2022-05-11 07:22:36,709] {processor.py:171} INFO - Processing /home/airflow/.local/lib/python3.7/site-packages/airflow/example_dags/example_external_task_marker_dag.py took 0.107 seconds
[2022-05-11 07:23:08,278] {processor.py:163} INFO - Started process (PID=32498) to work on /home/airflow/.local/lib/python3.7/site-packages/airflow/example_dags/example_external_task_marker_dag.py
[2022-05-11 07:23:08,280] {processor.py:642} INFO - Processing file /home/airflow/.local/lib/python3.7/site-packages/airflow/example_dags/example_external_task_marker_dag.py for tasks to queue
[2022-05-11 07:23:08,282] {logging_mixin.py:109} INFO - [2022-05-11 07:23:08,281] {dagbag.py:500} INFO - Filling up the DagBag from /home/airflow/.local/lib/python3.7/site-packages/airflow/example_dags/example_external_task_marker_dag.py
[2022-05-11 07:23:08,305] {processor.py:652} INFO - DAG(s) dict_keys(['example_external_task_marker_parent', 'example_external_task_marker_child']) retrieved from /home/airflow/.local/lib/python3.7/site-packages/airflow/example_dags/example_external_task_marker_dag.py
[2022-05-11 07:23:08,336] {logging_mixin.py:109} INFO - [2022-05-11 07:23:08,336] {dag.py:2398} INFO - Sync 2 DAGs
[2022-05-11 07:23:08,358] {logging_mixin.py:109} INFO - [2022-05-11 07:23:08,358] {dag.py:2937} INFO - Setting next_dagrun for example_external_task_marker_child to None
[2022-05-11 07:23:08,359] {logging_mixin.py:109} INFO - [2022-05-11 07:23:08,359] {dag.py:2937} INFO - Setting next_dagrun for example_external_task_marker_parent to None
[2022-05-11 07:23:08,375] {processor.py:171} INFO - Processing /home/airflow/.local/lib/python3.7/site-packages/airflow/example_dags/example_external_task_marker_dag.py took 0.101 seconds
[2022-05-11 07:23:38,695] {processor.py:163} INFO - Started process (PID=32561) to work on /home/airflow/.local/lib/python3.7/site-packages/airflow/example_dags/example_external_task_marker_dag.py
[2022-05-11 07:23:38,697] {processor.py:642} INFO - Processing file /home/airflow/.local/lib/python3.7/site-packages/airflow/example_dags/example_external_task_marker_dag.py for tasks to queue
[2022-05-11 07:23:38,698] {logging_mixin.py:109} INFO - [2022-05-11 07:23:38,697] {dagbag.py:500} INFO - Filling up the DagBag from /home/airflow/.local/lib/python3.7/site-packages/airflow/example_dags/example_external_task_marker_dag.py
[2022-05-11 07:23:38,716] {processor.py:652} INFO - DAG(s) dict_keys(['example_external_task_marker_parent', 'example_external_task_marker_child']) retrieved from /home/airflow/.local/lib/python3.7/site-packages/airflow/example_dags/example_external_task_marker_dag.py
[2022-05-11 07:23:38,748] {logging_mixin.py:109} INFO - [2022-05-11 07:23:38,747] {dag.py:2398} INFO - Sync 2 DAGs
[2022-05-11 07:23:38,768] {logging_mixin.py:109} INFO - [2022-05-11 07:23:38,768] {dag.py:2937} INFO - Setting next_dagrun for example_external_task_marker_child to None
[2022-05-11 07:23:38,769] {logging_mixin.py:109} INFO - [2022-05-11 07:23:38,769] {dag.py:2937} INFO - Setting next_dagrun for example_external_task_marker_parent to None
[2022-05-11 07:23:38,784] {processor.py:171} INFO - Processing /home/airflow/.local/lib/python3.7/site-packages/airflow/example_dags/example_external_task_marker_dag.py took 0.095 seconds
[2022-05-11 07:24:10,117] {processor.py:163} INFO - Started process (PID=32633) to work on /home/airflow/.local/lib/python3.7/site-packages/airflow/example_dags/example_external_task_marker_dag.py
[2022-05-11 07:24:10,119] {processor.py:642} INFO - Processing file /home/airflow/.local/lib/python3.7/site-packages/airflow/example_dags/example_external_task_marker_dag.py for tasks to queue
[2022-05-11 07:24:10,120] {logging_mixin.py:109} INFO - [2022-05-11 07:24:10,120] {dagbag.py:500} INFO - Filling up the DagBag from /home/airflow/.local/lib/python3.7/site-packages/airflow/example_dags/example_external_task_marker_dag.py
[2022-05-11 07:24:10,137] {processor.py:652} INFO - DAG(s) dict_keys(['example_external_task_marker_parent', 'example_external_task_marker_child']) retrieved from /home/airflow/.local/lib/python3.7/site-packages/airflow/example_dags/example_external_task_marker_dag.py
[2022-05-11 07:24:10,168] {logging_mixin.py:109} INFO - [2022-05-11 07:24:10,168] {dag.py:2398} INFO - Sync 2 DAGs
[2022-05-11 07:24:10,184] {logging_mixin.py:109} INFO - [2022-05-11 07:24:10,184] {dag.py:2937} INFO - Setting next_dagrun for example_external_task_marker_child to None
[2022-05-11 07:24:10,185] {logging_mixin.py:109} INFO - [2022-05-11 07:24:10,185] {dag.py:2937} INFO - Setting next_dagrun for example_external_task_marker_parent to None
[2022-05-11 07:24:10,201] {processor.py:171} INFO - Processing /home/airflow/.local/lib/python3.7/site-packages/airflow/example_dags/example_external_task_marker_dag.py took 0.088 seconds
[2022-05-11 07:24:40,937] {processor.py:163} INFO - Started process (PID=32698) to work on /home/airflow/.local/lib/python3.7/site-packages/airflow/example_dags/example_external_task_marker_dag.py
[2022-05-11 07:24:40,938] {processor.py:642} INFO - Processing file /home/airflow/.local/lib/python3.7/site-packages/airflow/example_dags/example_external_task_marker_dag.py for tasks to queue
[2022-05-11 07:24:40,940] {logging_mixin.py:109} INFO - [2022-05-11 07:24:40,939] {dagbag.py:500} INFO - Filling up the DagBag from /home/airflow/.local/lib/python3.7/site-packages/airflow/example_dags/example_external_task_marker_dag.py
[2022-05-11 07:24:40,962] {processor.py:652} INFO - DAG(s) dict_keys(['example_external_task_marker_parent', 'example_external_task_marker_child']) retrieved from /home/airflow/.local/lib/python3.7/site-packages/airflow/example_dags/example_external_task_marker_dag.py
[2022-05-11 07:24:40,991] {logging_mixin.py:109} INFO - [2022-05-11 07:24:40,991] {dag.py:2398} INFO - Sync 2 DAGs
[2022-05-11 07:24:41,010] {logging_mixin.py:109} INFO - [2022-05-11 07:24:41,010] {dag.py:2937} INFO - Setting next_dagrun for example_external_task_marker_child to None
[2022-05-11 07:24:41,011] {logging_mixin.py:109} INFO - [2022-05-11 07:24:41,011] {dag.py:2937} INFO - Setting next_dagrun for example_external_task_marker_parent to None
[2022-05-11 07:24:41,027] {processor.py:171} INFO - Processing /home/airflow/.local/lib/python3.7/site-packages/airflow/example_dags/example_external_task_marker_dag.py took 0.094 seconds
[2022-05-11 07:25:11,181] {processor.py:163} INFO - Started process (PID=302) to work on /home/airflow/.local/lib/python3.7/site-packages/airflow/example_dags/example_external_task_marker_dag.py
[2022-05-11 07:25:11,183] {processor.py:642} INFO - Processing file /home/airflow/.local/lib/python3.7/site-packages/airflow/example_dags/example_external_task_marker_dag.py for tasks to queue
[2022-05-11 07:25:11,184] {logging_mixin.py:109} INFO - [2022-05-11 07:25:11,183] {dagbag.py:500} INFO - Filling up the DagBag from /home/airflow/.local/lib/python3.7/site-packages/airflow/example_dags/example_external_task_marker_dag.py
[2022-05-11 07:25:11,202] {processor.py:652} INFO - DAG(s) dict_keys(['example_external_task_marker_parent', 'example_external_task_marker_child']) retrieved from /home/airflow/.local/lib/python3.7/site-packages/airflow/example_dags/example_external_task_marker_dag.py
[2022-05-11 07:25:11,234] {logging_mixin.py:109} INFO - [2022-05-11 07:25:11,234] {dag.py:2398} INFO - Sync 2 DAGs
[2022-05-11 07:25:11,249] {logging_mixin.py:109} INFO - [2022-05-11 07:25:11,249] {dag.py:2937} INFO - Setting next_dagrun for example_external_task_marker_child to None
[2022-05-11 07:25:11,250] {logging_mixin.py:109} INFO - [2022-05-11 07:25:11,250] {dag.py:2937} INFO - Setting next_dagrun for example_external_task_marker_parent to None
[2022-05-11 07:25:11,269] {processor.py:171} INFO - Processing /home/airflow/.local/lib/python3.7/site-packages/airflow/example_dags/example_external_task_marker_dag.py took 0.093 seconds
[2022-05-11 07:25:41,553] {processor.py:163} INFO - Started process (PID=364) to work on /home/airflow/.local/lib/python3.7/site-packages/airflow/example_dags/example_external_task_marker_dag.py
[2022-05-11 07:25:41,554] {processor.py:642} INFO - Processing file /home/airflow/.local/lib/python3.7/site-packages/airflow/example_dags/example_external_task_marker_dag.py for tasks to queue
[2022-05-11 07:25:41,555] {logging_mixin.py:109} INFO - [2022-05-11 07:25:41,555] {dagbag.py:500} INFO - Filling up the DagBag from /home/airflow/.local/lib/python3.7/site-packages/airflow/example_dags/example_external_task_marker_dag.py
[2022-05-11 07:25:41,567] {processor.py:652} INFO - DAG(s) dict_keys(['example_external_task_marker_parent', 'example_external_task_marker_child']) retrieved from /home/airflow/.local/lib/python3.7/site-packages/airflow/example_dags/example_external_task_marker_dag.py
[2022-05-11 07:25:41,592] {logging_mixin.py:109} INFO - [2022-05-11 07:25:41,592] {dag.py:2398} INFO - Sync 2 DAGs
[2022-05-11 07:25:41,605] {logging_mixin.py:109} INFO - [2022-05-11 07:25:41,605] {dag.py:2937} INFO - Setting next_dagrun for example_external_task_marker_child to None
[2022-05-11 07:25:41,606] {logging_mixin.py:109} INFO - [2022-05-11 07:25:41,606] {dag.py:2937} INFO - Setting next_dagrun for example_external_task_marker_parent to None
[2022-05-11 07:25:41,620] {processor.py:171} INFO - Processing /home/airflow/.local/lib/python3.7/site-packages/airflow/example_dags/example_external_task_marker_dag.py took 0.070 seconds
[2022-05-11 07:26:12,037] {processor.py:163} INFO - Started process (PID=438) to work on /home/airflow/.local/lib/python3.7/site-packages/airflow/example_dags/example_external_task_marker_dag.py
[2022-05-11 07:26:12,038] {processor.py:642} INFO - Processing file /home/airflow/.local/lib/python3.7/site-packages/airflow/example_dags/example_external_task_marker_dag.py for tasks to queue
[2022-05-11 07:26:12,039] {logging_mixin.py:109} INFO - [2022-05-11 07:26:12,039] {dagbag.py:500} INFO - Filling up the DagBag from /home/airflow/.local/lib/python3.7/site-packages/airflow/example_dags/example_external_task_marker_dag.py
[2022-05-11 07:26:12,055] {processor.py:652} INFO - DAG(s) dict_keys(['example_external_task_marker_parent', 'example_external_task_marker_child']) retrieved from /home/airflow/.local/lib/python3.7/site-packages/airflow/example_dags/example_external_task_marker_dag.py
[2022-05-11 07:26:12,101] {logging_mixin.py:109} INFO - [2022-05-11 07:26:12,100] {dag.py:2398} INFO - Sync 2 DAGs
[2022-05-11 07:26:12,120] {logging_mixin.py:109} INFO - [2022-05-11 07:26:12,119] {dag.py:2937} INFO - Setting next_dagrun for example_external_task_marker_child to None
[2022-05-11 07:26:12,120] {logging_mixin.py:109} INFO - [2022-05-11 07:26:12,120] {dag.py:2937} INFO - Setting next_dagrun for example_external_task_marker_parent to None
[2022-05-11 07:26:12,135] {processor.py:171} INFO - Processing /home/airflow/.local/lib/python3.7/site-packages/airflow/example_dags/example_external_task_marker_dag.py took 0.102 seconds
[2022-05-11 07:26:42,774] {processor.py:163} INFO - Started process (PID=502) to work on /home/airflow/.local/lib/python3.7/site-packages/airflow/example_dags/example_external_task_marker_dag.py
[2022-05-11 07:26:42,775] {processor.py:642} INFO - Processing file /home/airflow/.local/lib/python3.7/site-packages/airflow/example_dags/example_external_task_marker_dag.py for tasks to queue
[2022-05-11 07:26:42,776] {logging_mixin.py:109} INFO - [2022-05-11 07:26:42,776] {dagbag.py:500} INFO - Filling up the DagBag from /home/airflow/.local/lib/python3.7/site-packages/airflow/example_dags/example_external_task_marker_dag.py
[2022-05-11 07:26:42,792] {processor.py:652} INFO - DAG(s) dict_keys(['example_external_task_marker_parent', 'example_external_task_marker_child']) retrieved from /home/airflow/.local/lib/python3.7/site-packages/airflow/example_dags/example_external_task_marker_dag.py
[2022-05-11 07:26:42,873] {logging_mixin.py:109} INFO - [2022-05-11 07:26:42,873] {dag.py:2398} INFO - Sync 2 DAGs
[2022-05-11 07:26:42,891] {logging_mixin.py:109} INFO - [2022-05-11 07:26:42,891] {dag.py:2937} INFO - Setting next_dagrun for example_external_task_marker_child to None
[2022-05-11 07:26:42,892] {logging_mixin.py:109} INFO - [2022-05-11 07:26:42,892] {dag.py:2937} INFO - Setting next_dagrun for example_external_task_marker_parent to None
[2022-05-11 07:26:42,906] {processor.py:171} INFO - Processing /home/airflow/.local/lib/python3.7/site-packages/airflow/example_dags/example_external_task_marker_dag.py took 0.136 seconds
[2022-05-11 07:27:13,575] {processor.py:163} INFO - Started process (PID=575) to work on /home/airflow/.local/lib/python3.7/site-packages/airflow/example_dags/example_external_task_marker_dag.py
[2022-05-11 07:27:13,577] {processor.py:642} INFO - Processing file /home/airflow/.local/lib/python3.7/site-packages/airflow/example_dags/example_external_task_marker_dag.py for tasks to queue
[2022-05-11 07:27:13,578] {logging_mixin.py:109} INFO - [2022-05-11 07:27:13,578] {dagbag.py:500} INFO - Filling up the DagBag from /home/airflow/.local/lib/python3.7/site-packages/airflow/example_dags/example_external_task_marker_dag.py
[2022-05-11 07:27:13,593] {processor.py:652} INFO - DAG(s) dict_keys(['example_external_task_marker_parent', 'example_external_task_marker_child']) retrieved from /home/airflow/.local/lib/python3.7/site-packages/airflow/example_dags/example_external_task_marker_dag.py
[2022-05-11 07:27:13,616] {logging_mixin.py:109} INFO - [2022-05-11 07:27:13,616] {dag.py:2398} INFO - Sync 2 DAGs
[2022-05-11 07:27:13,632] {logging_mixin.py:109} INFO - [2022-05-11 07:27:13,632] {dag.py:2937} INFO - Setting next_dagrun for example_external_task_marker_child to None
[2022-05-11 07:27:13,633] {logging_mixin.py:109} INFO - [2022-05-11 07:27:13,633] {dag.py:2937} INFO - Setting next_dagrun for example_external_task_marker_parent to None
[2022-05-11 07:27:13,648] {processor.py:171} INFO - Processing /home/airflow/.local/lib/python3.7/site-packages/airflow/example_dags/example_external_task_marker_dag.py took 0.075 seconds
[2022-05-11 07:27:44,629] {processor.py:163} INFO - Started process (PID=649) to work on /home/airflow/.local/lib/python3.7/site-packages/airflow/example_dags/example_external_task_marker_dag.py
[2022-05-11 07:27:44,630] {processor.py:642} INFO - Processing file /home/airflow/.local/lib/python3.7/site-packages/airflow/example_dags/example_external_task_marker_dag.py for tasks to queue
[2022-05-11 07:27:44,631] {logging_mixin.py:109} INFO - [2022-05-11 07:27:44,631] {dagbag.py:500} INFO - Filling up the DagBag from /home/airflow/.local/lib/python3.7/site-packages/airflow/example_dags/example_external_task_marker_dag.py
[2022-05-11 07:27:44,644] {processor.py:652} INFO - DAG(s) dict_keys(['example_external_task_marker_parent', 'example_external_task_marker_child']) retrieved from /home/airflow/.local/lib/python3.7/site-packages/airflow/example_dags/example_external_task_marker_dag.py
[2022-05-11 07:27:44,663] {logging_mixin.py:109} INFO - [2022-05-11 07:27:44,663] {dag.py:2398} INFO - Sync 2 DAGs
[2022-05-11 07:27:44,677] {logging_mixin.py:109} INFO - [2022-05-11 07:27:44,676] {dag.py:2937} INFO - Setting next_dagrun for example_external_task_marker_child to None
[2022-05-11 07:27:44,677] {logging_mixin.py:109} INFO - [2022-05-11 07:27:44,677] {dag.py:2937} INFO - Setting next_dagrun for example_external_task_marker_parent to None
[2022-05-11 07:27:44,690] {processor.py:171} INFO - Processing /home/airflow/.local/lib/python3.7/site-packages/airflow/example_dags/example_external_task_marker_dag.py took 0.064 seconds
