[2022-05-11 06:55:57,539] {processor.py:163} INFO - Started process (PID=28849) to work on /home/airflow/.local/lib/python3.7/site-packages/airflow/example_dags/example_xcom.py
[2022-05-11 06:55:57,555] {processor.py:642} INFO - Processing file /home/airflow/.local/lib/python3.7/site-packages/airflow/example_dags/example_xcom.py for tasks to queue
[2022-05-11 06:55:57,559] {logging_mixin.py:109} INFO - [2022-05-11 06:55:57,559] {dagbag.py:500} INFO - Filling up the DagBag from /home/airflow/.local/lib/python3.7/site-packages/airflow/example_dags/example_xcom.py
[2022-05-11 06:55:57,629] {processor.py:652} INFO - DAG(s) dict_keys(['example_xcom']) retrieved from /home/airflow/.local/lib/python3.7/site-packages/airflow/example_dags/example_xcom.py
[2022-05-11 06:55:57,682] {logging_mixin.py:109} INFO - [2022-05-11 06:55:57,682] {dag.py:2398} INFO - Sync 1 DAGs
[2022-05-11 06:55:57,721] {logging_mixin.py:109} INFO - [2022-05-11 06:55:57,721] {dag.py:2937} INFO - Setting next_dagrun for example_xcom to 2021-01-01T00:00:00+00:00
[2022-05-11 06:55:57,757] {processor.py:171} INFO - Processing /home/airflow/.local/lib/python3.7/site-packages/airflow/example_dags/example_xcom.py took 0.229 seconds
[2022-05-11 06:56:27,944] {processor.py:163} INFO - Started process (PID=28913) to work on /home/airflow/.local/lib/python3.7/site-packages/airflow/example_dags/example_xcom.py
[2022-05-11 06:56:27,945] {processor.py:642} INFO - Processing file /home/airflow/.local/lib/python3.7/site-packages/airflow/example_dags/example_xcom.py for tasks to queue
[2022-05-11 06:56:27,946] {logging_mixin.py:109} INFO - [2022-05-11 06:56:27,946] {dagbag.py:500} INFO - Filling up the DagBag from /home/airflow/.local/lib/python3.7/site-packages/airflow/example_dags/example_xcom.py
[2022-05-11 06:56:27,966] {processor.py:652} INFO - DAG(s) dict_keys(['example_xcom']) retrieved from /home/airflow/.local/lib/python3.7/site-packages/airflow/example_dags/example_xcom.py
[2022-05-11 06:56:28,268] {logging_mixin.py:109} INFO - [2022-05-11 06:56:28,268] {dag.py:2398} INFO - Sync 1 DAGs
[2022-05-11 06:56:28,283] {logging_mixin.py:109} INFO - [2022-05-11 06:56:28,283] {dag.py:2937} INFO - Setting next_dagrun for example_xcom to 2021-01-01T00:00:00+00:00
[2022-05-11 06:56:28,297] {processor.py:171} INFO - Processing /home/airflow/.local/lib/python3.7/site-packages/airflow/example_dags/example_xcom.py took 0.357 seconds
[2022-05-11 06:56:58,456] {processor.py:163} INFO - Started process (PID=28985) to work on /home/airflow/.local/lib/python3.7/site-packages/airflow/example_dags/example_xcom.py
[2022-05-11 06:56:58,458] {processor.py:642} INFO - Processing file /home/airflow/.local/lib/python3.7/site-packages/airflow/example_dags/example_xcom.py for tasks to queue
[2022-05-11 06:56:58,459] {logging_mixin.py:109} INFO - [2022-05-11 06:56:58,459] {dagbag.py:500} INFO - Filling up the DagBag from /home/airflow/.local/lib/python3.7/site-packages/airflow/example_dags/example_xcom.py
[2022-05-11 06:56:58,486] {processor.py:652} INFO - DAG(s) dict_keys(['example_xcom']) retrieved from /home/airflow/.local/lib/python3.7/site-packages/airflow/example_dags/example_xcom.py
[2022-05-11 06:56:58,779] {logging_mixin.py:109} INFO - [2022-05-11 06:56:58,778] {dag.py:2398} INFO - Sync 1 DAGs
[2022-05-11 06:56:58,792] {logging_mixin.py:109} INFO - [2022-05-11 06:56:58,792] {dag.py:2937} INFO - Setting next_dagrun for example_xcom to 2021-01-01T00:00:00+00:00
[2022-05-11 06:56:58,808] {processor.py:171} INFO - Processing /home/airflow/.local/lib/python3.7/site-packages/airflow/example_dags/example_xcom.py took 0.356 seconds
[2022-05-11 06:57:28,960] {processor.py:163} INFO - Started process (PID=29049) to work on /home/airflow/.local/lib/python3.7/site-packages/airflow/example_dags/example_xcom.py
[2022-05-11 06:57:28,962] {processor.py:642} INFO - Processing file /home/airflow/.local/lib/python3.7/site-packages/airflow/example_dags/example_xcom.py for tasks to queue
[2022-05-11 06:57:28,963] {logging_mixin.py:109} INFO - [2022-05-11 06:57:28,963] {dagbag.py:500} INFO - Filling up the DagBag from /home/airflow/.local/lib/python3.7/site-packages/airflow/example_dags/example_xcom.py
[2022-05-11 06:57:28,989] {processor.py:652} INFO - DAG(s) dict_keys(['example_xcom']) retrieved from /home/airflow/.local/lib/python3.7/site-packages/airflow/example_dags/example_xcom.py
[2022-05-11 06:57:29,292] {logging_mixin.py:109} INFO - [2022-05-11 06:57:29,292] {dag.py:2398} INFO - Sync 1 DAGs
[2022-05-11 06:57:29,306] {logging_mixin.py:109} INFO - [2022-05-11 06:57:29,306] {dag.py:2937} INFO - Setting next_dagrun for example_xcom to 2021-01-01T00:00:00+00:00
[2022-05-11 06:57:29,322] {processor.py:171} INFO - Processing /home/airflow/.local/lib/python3.7/site-packages/airflow/example_dags/example_xcom.py took 0.365 seconds
[2022-05-11 06:58:00,055] {processor.py:163} INFO - Started process (PID=29123) to work on /home/airflow/.local/lib/python3.7/site-packages/airflow/example_dags/example_xcom.py
[2022-05-11 06:58:00,057] {processor.py:642} INFO - Processing file /home/airflow/.local/lib/python3.7/site-packages/airflow/example_dags/example_xcom.py for tasks to queue
[2022-05-11 06:58:00,059] {logging_mixin.py:109} INFO - [2022-05-11 06:58:00,058] {dagbag.py:500} INFO - Filling up the DagBag from /home/airflow/.local/lib/python3.7/site-packages/airflow/example_dags/example_xcom.py
[2022-05-11 06:58:00,082] {processor.py:652} INFO - DAG(s) dict_keys(['example_xcom']) retrieved from /home/airflow/.local/lib/python3.7/site-packages/airflow/example_dags/example_xcom.py
[2022-05-11 06:58:00,364] {logging_mixin.py:109} INFO - [2022-05-11 06:58:00,364] {dag.py:2398} INFO - Sync 1 DAGs
[2022-05-11 06:58:00,380] {logging_mixin.py:109} INFO - [2022-05-11 06:58:00,379] {dag.py:2937} INFO - Setting next_dagrun for example_xcom to 2021-01-01T00:00:00+00:00
[2022-05-11 06:58:00,397] {processor.py:171} INFO - Processing /home/airflow/.local/lib/python3.7/site-packages/airflow/example_dags/example_xcom.py took 0.346 seconds
[2022-05-11 06:58:30,552] {processor.py:163} INFO - Started process (PID=29186) to work on /home/airflow/.local/lib/python3.7/site-packages/airflow/example_dags/example_xcom.py
[2022-05-11 06:58:30,554] {processor.py:642} INFO - Processing file /home/airflow/.local/lib/python3.7/site-packages/airflow/example_dags/example_xcom.py for tasks to queue
[2022-05-11 06:58:30,555] {logging_mixin.py:109} INFO - [2022-05-11 06:58:30,555] {dagbag.py:500} INFO - Filling up the DagBag from /home/airflow/.local/lib/python3.7/site-packages/airflow/example_dags/example_xcom.py
[2022-05-11 06:58:30,574] {processor.py:652} INFO - DAG(s) dict_keys(['example_xcom']) retrieved from /home/airflow/.local/lib/python3.7/site-packages/airflow/example_dags/example_xcom.py
[2022-05-11 06:58:30,855] {logging_mixin.py:109} INFO - [2022-05-11 06:58:30,855] {dag.py:2398} INFO - Sync 1 DAGs
[2022-05-11 06:58:30,865] {logging_mixin.py:109} INFO - [2022-05-11 06:58:30,865] {dag.py:2937} INFO - Setting next_dagrun for example_xcom to 2021-01-01T00:00:00+00:00
[2022-05-11 06:58:30,877] {processor.py:171} INFO - Processing /home/airflow/.local/lib/python3.7/site-packages/airflow/example_dags/example_xcom.py took 0.328 seconds
[2022-05-11 06:59:01,935] {processor.py:163} INFO - Started process (PID=29258) to work on /home/airflow/.local/lib/python3.7/site-packages/airflow/example_dags/example_xcom.py
[2022-05-11 06:59:01,937] {processor.py:642} INFO - Processing file /home/airflow/.local/lib/python3.7/site-packages/airflow/example_dags/example_xcom.py for tasks to queue
[2022-05-11 06:59:01,938] {logging_mixin.py:109} INFO - [2022-05-11 06:59:01,938] {dagbag.py:500} INFO - Filling up the DagBag from /home/airflow/.local/lib/python3.7/site-packages/airflow/example_dags/example_xcom.py
[2022-05-11 06:59:01,955] {processor.py:652} INFO - DAG(s) dict_keys(['example_xcom']) retrieved from /home/airflow/.local/lib/python3.7/site-packages/airflow/example_dags/example_xcom.py
[2022-05-11 06:59:02,235] {logging_mixin.py:109} INFO - [2022-05-11 06:59:02,235] {dag.py:2398} INFO - Sync 1 DAGs
[2022-05-11 06:59:02,247] {logging_mixin.py:109} INFO - [2022-05-11 06:59:02,247] {dag.py:2937} INFO - Setting next_dagrun for example_xcom to 2021-01-01T00:00:00+00:00
[2022-05-11 06:59:02,261] {processor.py:171} INFO - Processing /home/airflow/.local/lib/python3.7/site-packages/airflow/example_dags/example_xcom.py took 0.329 seconds
[2022-05-11 06:59:32,328] {processor.py:163} INFO - Started process (PID=29322) to work on /home/airflow/.local/lib/python3.7/site-packages/airflow/example_dags/example_xcom.py
[2022-05-11 06:59:32,331] {processor.py:642} INFO - Processing file /home/airflow/.local/lib/python3.7/site-packages/airflow/example_dags/example_xcom.py for tasks to queue
[2022-05-11 06:59:32,332] {logging_mixin.py:109} INFO - [2022-05-11 06:59:32,332] {dagbag.py:500} INFO - Filling up the DagBag from /home/airflow/.local/lib/python3.7/site-packages/airflow/example_dags/example_xcom.py
[2022-05-11 06:59:32,357] {processor.py:652} INFO - DAG(s) dict_keys(['example_xcom']) retrieved from /home/airflow/.local/lib/python3.7/site-packages/airflow/example_dags/example_xcom.py
[2022-05-11 06:59:32,738] {logging_mixin.py:109} INFO - [2022-05-11 06:59:32,738] {dag.py:2398} INFO - Sync 1 DAGs
[2022-05-11 06:59:32,751] {logging_mixin.py:109} INFO - [2022-05-11 06:59:32,751] {dag.py:2937} INFO - Setting next_dagrun for example_xcom to 2021-01-01T00:00:00+00:00
[2022-05-11 06:59:32,767] {processor.py:171} INFO - Processing /home/airflow/.local/lib/python3.7/site-packages/airflow/example_dags/example_xcom.py took 0.444 seconds
[2022-05-11 07:00:02,878] {processor.py:163} INFO - Started process (PID=29398) to work on /home/airflow/.local/lib/python3.7/site-packages/airflow/example_dags/example_xcom.py
[2022-05-11 07:00:02,879] {processor.py:642} INFO - Processing file /home/airflow/.local/lib/python3.7/site-packages/airflow/example_dags/example_xcom.py for tasks to queue
[2022-05-11 07:00:02,880] {logging_mixin.py:109} INFO - [2022-05-11 07:00:02,880] {dagbag.py:500} INFO - Filling up the DagBag from /home/airflow/.local/lib/python3.7/site-packages/airflow/example_dags/example_xcom.py
[2022-05-11 07:00:02,901] {processor.py:652} INFO - DAG(s) dict_keys(['example_xcom']) retrieved from /home/airflow/.local/lib/python3.7/site-packages/airflow/example_dags/example_xcom.py
[2022-05-11 07:00:02,922] {logging_mixin.py:109} INFO - [2022-05-11 07:00:02,921] {dag.py:2398} INFO - Sync 1 DAGs
[2022-05-11 07:00:02,935] {logging_mixin.py:109} INFO - [2022-05-11 07:00:02,935] {dag.py:2937} INFO - Setting next_dagrun for example_xcom to 2021-01-01T00:00:00+00:00
[2022-05-11 07:00:02,947] {processor.py:171} INFO - Processing /home/airflow/.local/lib/python3.7/site-packages/airflow/example_dags/example_xcom.py took 0.074 seconds
[2022-05-11 07:00:33,112] {processor.py:163} INFO - Started process (PID=29472) to work on /home/airflow/.local/lib/python3.7/site-packages/airflow/example_dags/example_xcom.py
[2022-05-11 07:00:33,114] {processor.py:642} INFO - Processing file /home/airflow/.local/lib/python3.7/site-packages/airflow/example_dags/example_xcom.py for tasks to queue
[2022-05-11 07:00:33,115] {logging_mixin.py:109} INFO - [2022-05-11 07:00:33,115] {dagbag.py:500} INFO - Filling up the DagBag from /home/airflow/.local/lib/python3.7/site-packages/airflow/example_dags/example_xcom.py
[2022-05-11 07:00:33,140] {processor.py:652} INFO - DAG(s) dict_keys(['example_xcom']) retrieved from /home/airflow/.local/lib/python3.7/site-packages/airflow/example_dags/example_xcom.py
[2022-05-11 07:00:33,428] {logging_mixin.py:109} INFO - [2022-05-11 07:00:33,428] {dag.py:2398} INFO - Sync 1 DAGs
[2022-05-11 07:00:33,443] {logging_mixin.py:109} INFO - [2022-05-11 07:00:33,443] {dag.py:2937} INFO - Setting next_dagrun for example_xcom to 2021-01-01T00:00:00+00:00
[2022-05-11 07:00:33,461] {processor.py:171} INFO - Processing /home/airflow/.local/lib/python3.7/site-packages/airflow/example_dags/example_xcom.py took 0.352 seconds
[2022-05-11 07:01:03,747] {processor.py:163} INFO - Started process (PID=29535) to work on /home/airflow/.local/lib/python3.7/site-packages/airflow/example_dags/example_xcom.py
[2022-05-11 07:01:03,749] {processor.py:642} INFO - Processing file /home/airflow/.local/lib/python3.7/site-packages/airflow/example_dags/example_xcom.py for tasks to queue
[2022-05-11 07:01:03,750] {logging_mixin.py:109} INFO - [2022-05-11 07:01:03,750] {dagbag.py:500} INFO - Filling up the DagBag from /home/airflow/.local/lib/python3.7/site-packages/airflow/example_dags/example_xcom.py
[2022-05-11 07:01:03,767] {processor.py:652} INFO - DAG(s) dict_keys(['example_xcom']) retrieved from /home/airflow/.local/lib/python3.7/site-packages/airflow/example_dags/example_xcom.py
[2022-05-11 07:01:04,024] {logging_mixin.py:109} INFO - [2022-05-11 07:01:04,023] {dag.py:2398} INFO - Sync 1 DAGs
[2022-05-11 07:01:04,034] {logging_mixin.py:109} INFO - [2022-05-11 07:01:04,034] {dag.py:2937} INFO - Setting next_dagrun for example_xcom to 2021-01-01T00:00:00+00:00
[2022-05-11 07:01:04,047] {processor.py:171} INFO - Processing /home/airflow/.local/lib/python3.7/site-packages/airflow/example_dags/example_xcom.py took 0.303 seconds
[2022-05-11 07:01:34,475] {processor.py:163} INFO - Started process (PID=29610) to work on /home/airflow/.local/lib/python3.7/site-packages/airflow/example_dags/example_xcom.py
[2022-05-11 07:01:34,477] {processor.py:642} INFO - Processing file /home/airflow/.local/lib/python3.7/site-packages/airflow/example_dags/example_xcom.py for tasks to queue
[2022-05-11 07:01:34,477] {logging_mixin.py:109} INFO - [2022-05-11 07:01:34,477] {dagbag.py:500} INFO - Filling up the DagBag from /home/airflow/.local/lib/python3.7/site-packages/airflow/example_dags/example_xcom.py
[2022-05-11 07:01:34,499] {processor.py:652} INFO - DAG(s) dict_keys(['example_xcom']) retrieved from /home/airflow/.local/lib/python3.7/site-packages/airflow/example_dags/example_xcom.py
[2022-05-11 07:01:34,799] {logging_mixin.py:109} INFO - [2022-05-11 07:01:34,799] {dag.py:2398} INFO - Sync 1 DAGs
[2022-05-11 07:01:34,812] {logging_mixin.py:109} INFO - [2022-05-11 07:01:34,811] {dag.py:2937} INFO - Setting next_dagrun for example_xcom to 2021-01-01T00:00:00+00:00
[2022-05-11 07:01:34,828] {processor.py:171} INFO - Processing /home/airflow/.local/lib/python3.7/site-packages/airflow/example_dags/example_xcom.py took 0.356 seconds
[2022-05-11 07:02:05,655] {processor.py:163} INFO - Started process (PID=29673) to work on /home/airflow/.local/lib/python3.7/site-packages/airflow/example_dags/example_xcom.py
[2022-05-11 07:02:05,657] {processor.py:642} INFO - Processing file /home/airflow/.local/lib/python3.7/site-packages/airflow/example_dags/example_xcom.py for tasks to queue
[2022-05-11 07:02:05,658] {logging_mixin.py:109} INFO - [2022-05-11 07:02:05,658] {dagbag.py:500} INFO - Filling up the DagBag from /home/airflow/.local/lib/python3.7/site-packages/airflow/example_dags/example_xcom.py
[2022-05-11 07:02:05,677] {processor.py:652} INFO - DAG(s) dict_keys(['example_xcom']) retrieved from /home/airflow/.local/lib/python3.7/site-packages/airflow/example_dags/example_xcom.py
[2022-05-11 07:02:05,931] {logging_mixin.py:109} INFO - [2022-05-11 07:02:05,931] {dag.py:2398} INFO - Sync 1 DAGs
[2022-05-11 07:02:05,941] {logging_mixin.py:109} INFO - [2022-05-11 07:02:05,941] {dag.py:2937} INFO - Setting next_dagrun for example_xcom to 2021-01-01T00:00:00+00:00
[2022-05-11 07:02:05,953] {processor.py:171} INFO - Processing /home/airflow/.local/lib/python3.7/site-packages/airflow/example_dags/example_xcom.py took 0.302 seconds
[2022-05-11 07:02:36,112] {processor.py:163} INFO - Started process (PID=29747) to work on /home/airflow/.local/lib/python3.7/site-packages/airflow/example_dags/example_xcom.py
[2022-05-11 07:02:36,113] {processor.py:642} INFO - Processing file /home/airflow/.local/lib/python3.7/site-packages/airflow/example_dags/example_xcom.py for tasks to queue
[2022-05-11 07:02:36,115] {logging_mixin.py:109} INFO - [2022-05-11 07:02:36,114] {dagbag.py:500} INFO - Filling up the DagBag from /home/airflow/.local/lib/python3.7/site-packages/airflow/example_dags/example_xcom.py
[2022-05-11 07:02:36,138] {processor.py:652} INFO - DAG(s) dict_keys(['example_xcom']) retrieved from /home/airflow/.local/lib/python3.7/site-packages/airflow/example_dags/example_xcom.py
[2022-05-11 07:02:36,466] {logging_mixin.py:109} INFO - [2022-05-11 07:02:36,466] {dag.py:2398} INFO - Sync 1 DAGs
[2022-05-11 07:02:36,482] {logging_mixin.py:109} INFO - [2022-05-11 07:02:36,481] {dag.py:2937} INFO - Setting next_dagrun for example_xcom to 2021-01-01T00:00:00+00:00
[2022-05-11 07:02:36,499] {processor.py:171} INFO - Processing /home/airflow/.local/lib/python3.7/site-packages/airflow/example_dags/example_xcom.py took 0.392 seconds
[2022-05-11 07:03:06,718] {processor.py:163} INFO - Started process (PID=29810) to work on /home/airflow/.local/lib/python3.7/site-packages/airflow/example_dags/example_xcom.py
[2022-05-11 07:03:06,720] {processor.py:642} INFO - Processing file /home/airflow/.local/lib/python3.7/site-packages/airflow/example_dags/example_xcom.py for tasks to queue
[2022-05-11 07:03:06,721] {logging_mixin.py:109} INFO - [2022-05-11 07:03:06,721] {dagbag.py:500} INFO - Filling up the DagBag from /home/airflow/.local/lib/python3.7/site-packages/airflow/example_dags/example_xcom.py
[2022-05-11 07:03:06,740] {processor.py:652} INFO - DAG(s) dict_keys(['example_xcom']) retrieved from /home/airflow/.local/lib/python3.7/site-packages/airflow/example_dags/example_xcom.py
[2022-05-11 07:03:07,058] {logging_mixin.py:109} INFO - [2022-05-11 07:03:07,057] {dag.py:2398} INFO - Sync 1 DAGs
[2022-05-11 07:03:07,070] {logging_mixin.py:109} INFO - [2022-05-11 07:03:07,069] {dag.py:2937} INFO - Setting next_dagrun for example_xcom to 2021-01-01T00:00:00+00:00
[2022-05-11 07:03:07,084] {processor.py:171} INFO - Processing /home/airflow/.local/lib/python3.7/site-packages/airflow/example_dags/example_xcom.py took 0.368 seconds
[2022-05-11 07:03:37,244] {processor.py:163} INFO - Started process (PID=29881) to work on /home/airflow/.local/lib/python3.7/site-packages/airflow/example_dags/example_xcom.py
[2022-05-11 07:03:37,247] {processor.py:642} INFO - Processing file /home/airflow/.local/lib/python3.7/site-packages/airflow/example_dags/example_xcom.py for tasks to queue
[2022-05-11 07:03:37,249] {logging_mixin.py:109} INFO - [2022-05-11 07:03:37,249] {dagbag.py:500} INFO - Filling up the DagBag from /home/airflow/.local/lib/python3.7/site-packages/airflow/example_dags/example_xcom.py
[2022-05-11 07:03:37,295] {processor.py:652} INFO - DAG(s) dict_keys(['example_xcom']) retrieved from /home/airflow/.local/lib/python3.7/site-packages/airflow/example_dags/example_xcom.py
[2022-05-11 07:03:37,605] {logging_mixin.py:109} INFO - [2022-05-11 07:03:37,605] {dag.py:2398} INFO - Sync 1 DAGs
[2022-05-11 07:03:37,616] {logging_mixin.py:109} INFO - [2022-05-11 07:03:37,616] {dag.py:2937} INFO - Setting next_dagrun for example_xcom to 2021-01-01T00:00:00+00:00
[2022-05-11 07:03:37,629] {processor.py:171} INFO - Processing /home/airflow/.local/lib/python3.7/site-packages/airflow/example_dags/example_xcom.py took 0.393 seconds
[2022-05-11 07:04:08,082] {processor.py:163} INFO - Started process (PID=29944) to work on /home/airflow/.local/lib/python3.7/site-packages/airflow/example_dags/example_xcom.py
[2022-05-11 07:04:08,084] {processor.py:642} INFO - Processing file /home/airflow/.local/lib/python3.7/site-packages/airflow/example_dags/example_xcom.py for tasks to queue
[2022-05-11 07:04:08,085] {logging_mixin.py:109} INFO - [2022-05-11 07:04:08,085] {dagbag.py:500} INFO - Filling up the DagBag from /home/airflow/.local/lib/python3.7/site-packages/airflow/example_dags/example_xcom.py
[2022-05-11 07:04:08,107] {processor.py:652} INFO - DAG(s) dict_keys(['example_xcom']) retrieved from /home/airflow/.local/lib/python3.7/site-packages/airflow/example_dags/example_xcom.py
[2022-05-11 07:04:08,380] {logging_mixin.py:109} INFO - [2022-05-11 07:04:08,380] {dag.py:2398} INFO - Sync 1 DAGs
[2022-05-11 07:04:08,390] {logging_mixin.py:109} INFO - [2022-05-11 07:04:08,390] {dag.py:2937} INFO - Setting next_dagrun for example_xcom to 2021-01-01T00:00:00+00:00
[2022-05-11 07:04:08,406] {processor.py:171} INFO - Processing /home/airflow/.local/lib/python3.7/site-packages/airflow/example_dags/example_xcom.py took 0.328 seconds
[2022-05-11 07:04:38,524] {processor.py:163} INFO - Started process (PID=30017) to work on /home/airflow/.local/lib/python3.7/site-packages/airflow/example_dags/example_xcom.py
[2022-05-11 07:04:38,526] {processor.py:642} INFO - Processing file /home/airflow/.local/lib/python3.7/site-packages/airflow/example_dags/example_xcom.py for tasks to queue
[2022-05-11 07:04:38,528] {logging_mixin.py:109} INFO - [2022-05-11 07:04:38,528] {dagbag.py:500} INFO - Filling up the DagBag from /home/airflow/.local/lib/python3.7/site-packages/airflow/example_dags/example_xcom.py
[2022-05-11 07:04:38,548] {processor.py:652} INFO - DAG(s) dict_keys(['example_xcom']) retrieved from /home/airflow/.local/lib/python3.7/site-packages/airflow/example_dags/example_xcom.py
[2022-05-11 07:04:38,834] {logging_mixin.py:109} INFO - [2022-05-11 07:04:38,834] {dag.py:2398} INFO - Sync 1 DAGs
[2022-05-11 07:04:38,845] {logging_mixin.py:109} INFO - [2022-05-11 07:04:38,845] {dag.py:2937} INFO - Setting next_dagrun for example_xcom to 2021-01-01T00:00:00+00:00
[2022-05-11 07:04:38,859] {processor.py:171} INFO - Processing /home/airflow/.local/lib/python3.7/site-packages/airflow/example_dags/example_xcom.py took 0.339 seconds
[2022-05-11 07:05:08,987] {processor.py:163} INFO - Started process (PID=30091) to work on /home/airflow/.local/lib/python3.7/site-packages/airflow/example_dags/example_xcom.py
[2022-05-11 07:05:08,989] {processor.py:642} INFO - Processing file /home/airflow/.local/lib/python3.7/site-packages/airflow/example_dags/example_xcom.py for tasks to queue
[2022-05-11 07:05:08,991] {logging_mixin.py:109} INFO - [2022-05-11 07:05:08,990] {dagbag.py:500} INFO - Filling up the DagBag from /home/airflow/.local/lib/python3.7/site-packages/airflow/example_dags/example_xcom.py
[2022-05-11 07:05:09,009] {processor.py:652} INFO - DAG(s) dict_keys(['example_xcom']) retrieved from /home/airflow/.local/lib/python3.7/site-packages/airflow/example_dags/example_xcom.py
[2022-05-11 07:05:09,314] {logging_mixin.py:109} INFO - [2022-05-11 07:05:09,314] {dag.py:2398} INFO - Sync 1 DAGs
[2022-05-11 07:05:09,327] {logging_mixin.py:109} INFO - [2022-05-11 07:05:09,326] {dag.py:2937} INFO - Setting next_dagrun for example_xcom to 2021-01-01T00:00:00+00:00
[2022-05-11 07:05:09,342] {processor.py:171} INFO - Processing /home/airflow/.local/lib/python3.7/site-packages/airflow/example_dags/example_xcom.py took 0.358 seconds
[2022-05-11 07:05:39,520] {processor.py:163} INFO - Started process (PID=30155) to work on /home/airflow/.local/lib/python3.7/site-packages/airflow/example_dags/example_xcom.py
[2022-05-11 07:05:39,522] {processor.py:642} INFO - Processing file /home/airflow/.local/lib/python3.7/site-packages/airflow/example_dags/example_xcom.py for tasks to queue
[2022-05-11 07:05:39,523] {logging_mixin.py:109} INFO - [2022-05-11 07:05:39,523] {dagbag.py:500} INFO - Filling up the DagBag from /home/airflow/.local/lib/python3.7/site-packages/airflow/example_dags/example_xcom.py
[2022-05-11 07:05:39,546] {processor.py:652} INFO - DAG(s) dict_keys(['example_xcom']) retrieved from /home/airflow/.local/lib/python3.7/site-packages/airflow/example_dags/example_xcom.py
[2022-05-11 07:05:39,803] {logging_mixin.py:109} INFO - [2022-05-11 07:05:39,802] {dag.py:2398} INFO - Sync 1 DAGs
[2022-05-11 07:05:39,814] {logging_mixin.py:109} INFO - [2022-05-11 07:05:39,814] {dag.py:2937} INFO - Setting next_dagrun for example_xcom to 2021-01-01T00:00:00+00:00
[2022-05-11 07:05:39,827] {processor.py:171} INFO - Processing /home/airflow/.local/lib/python3.7/site-packages/airflow/example_dags/example_xcom.py took 0.310 seconds
[2022-05-11 07:06:09,938] {processor.py:163} INFO - Started process (PID=30227) to work on /home/airflow/.local/lib/python3.7/site-packages/airflow/example_dags/example_xcom.py
[2022-05-11 07:06:09,940] {processor.py:642} INFO - Processing file /home/airflow/.local/lib/python3.7/site-packages/airflow/example_dags/example_xcom.py for tasks to queue
[2022-05-11 07:06:09,942] {logging_mixin.py:109} INFO - [2022-05-11 07:06:09,941] {dagbag.py:500} INFO - Filling up the DagBag from /home/airflow/.local/lib/python3.7/site-packages/airflow/example_dags/example_xcom.py
[2022-05-11 07:06:09,972] {processor.py:652} INFO - DAG(s) dict_keys(['example_xcom']) retrieved from /home/airflow/.local/lib/python3.7/site-packages/airflow/example_dags/example_xcom.py
[2022-05-11 07:06:10,287] {logging_mixin.py:109} INFO - [2022-05-11 07:06:10,287] {dag.py:2398} INFO - Sync 1 DAGs
[2022-05-11 07:06:10,299] {logging_mixin.py:109} INFO - [2022-05-11 07:06:10,299] {dag.py:2937} INFO - Setting next_dagrun for example_xcom to 2021-01-01T00:00:00+00:00
[2022-05-11 07:06:10,315] {processor.py:171} INFO - Processing /home/airflow/.local/lib/python3.7/site-packages/airflow/example_dags/example_xcom.py took 0.381 seconds
[2022-05-11 07:06:40,441] {processor.py:163} INFO - Started process (PID=30289) to work on /home/airflow/.local/lib/python3.7/site-packages/airflow/example_dags/example_xcom.py
[2022-05-11 07:06:40,442] {processor.py:642} INFO - Processing file /home/airflow/.local/lib/python3.7/site-packages/airflow/example_dags/example_xcom.py for tasks to queue
[2022-05-11 07:06:40,443] {logging_mixin.py:109} INFO - [2022-05-11 07:06:40,443] {dagbag.py:500} INFO - Filling up the DagBag from /home/airflow/.local/lib/python3.7/site-packages/airflow/example_dags/example_xcom.py
[2022-05-11 07:06:40,462] {processor.py:652} INFO - DAG(s) dict_keys(['example_xcom']) retrieved from /home/airflow/.local/lib/python3.7/site-packages/airflow/example_dags/example_xcom.py
[2022-05-11 07:06:40,730] {logging_mixin.py:109} INFO - [2022-05-11 07:06:40,730] {dag.py:2398} INFO - Sync 1 DAGs
[2022-05-11 07:06:40,741] {logging_mixin.py:109} INFO - [2022-05-11 07:06:40,741] {dag.py:2937} INFO - Setting next_dagrun for example_xcom to 2021-01-01T00:00:00+00:00
[2022-05-11 07:06:40,754] {processor.py:171} INFO - Processing /home/airflow/.local/lib/python3.7/site-packages/airflow/example_dags/example_xcom.py took 0.315 seconds
[2022-05-11 07:07:10,980] {processor.py:163} INFO - Started process (PID=30360) to work on /home/airflow/.local/lib/python3.7/site-packages/airflow/example_dags/example_xcom.py
[2022-05-11 07:07:10,982] {processor.py:642} INFO - Processing file /home/airflow/.local/lib/python3.7/site-packages/airflow/example_dags/example_xcom.py for tasks to queue
[2022-05-11 07:07:10,983] {logging_mixin.py:109} INFO - [2022-05-11 07:07:10,983] {dagbag.py:500} INFO - Filling up the DagBag from /home/airflow/.local/lib/python3.7/site-packages/airflow/example_dags/example_xcom.py
[2022-05-11 07:07:11,008] {processor.py:652} INFO - DAG(s) dict_keys(['example_xcom']) retrieved from /home/airflow/.local/lib/python3.7/site-packages/airflow/example_dags/example_xcom.py
[2022-05-11 07:07:11,359] {logging_mixin.py:109} INFO - [2022-05-11 07:07:11,359] {dag.py:2398} INFO - Sync 1 DAGs
[2022-05-11 07:07:11,371] {logging_mixin.py:109} INFO - [2022-05-11 07:07:11,371] {dag.py:2937} INFO - Setting next_dagrun for example_xcom to 2021-01-01T00:00:00+00:00
[2022-05-11 07:07:11,387] {processor.py:171} INFO - Processing /home/airflow/.local/lib/python3.7/site-packages/airflow/example_dags/example_xcom.py took 0.409 seconds
[2022-05-11 07:07:42,122] {processor.py:163} INFO - Started process (PID=30424) to work on /home/airflow/.local/lib/python3.7/site-packages/airflow/example_dags/example_xcom.py
[2022-05-11 07:07:42,124] {processor.py:642} INFO - Processing file /home/airflow/.local/lib/python3.7/site-packages/airflow/example_dags/example_xcom.py for tasks to queue
[2022-05-11 07:07:42,125] {logging_mixin.py:109} INFO - [2022-05-11 07:07:42,125] {dagbag.py:500} INFO - Filling up the DagBag from /home/airflow/.local/lib/python3.7/site-packages/airflow/example_dags/example_xcom.py
[2022-05-11 07:07:42,149] {processor.py:652} INFO - DAG(s) dict_keys(['example_xcom']) retrieved from /home/airflow/.local/lib/python3.7/site-packages/airflow/example_dags/example_xcom.py
[2022-05-11 07:07:42,418] {logging_mixin.py:109} INFO - [2022-05-11 07:07:42,418] {dag.py:2398} INFO - Sync 1 DAGs
[2022-05-11 07:07:42,429] {logging_mixin.py:109} INFO - [2022-05-11 07:07:42,429] {dag.py:2937} INFO - Setting next_dagrun for example_xcom to 2021-01-01T00:00:00+00:00
[2022-05-11 07:07:42,447] {processor.py:171} INFO - Processing /home/airflow/.local/lib/python3.7/site-packages/airflow/example_dags/example_xcom.py took 0.329 seconds
[2022-05-11 07:08:12,559] {processor.py:163} INFO - Started process (PID=30496) to work on /home/airflow/.local/lib/python3.7/site-packages/airflow/example_dags/example_xcom.py
[2022-05-11 07:08:12,560] {processor.py:642} INFO - Processing file /home/airflow/.local/lib/python3.7/site-packages/airflow/example_dags/example_xcom.py for tasks to queue
[2022-05-11 07:08:12,561] {logging_mixin.py:109} INFO - [2022-05-11 07:08:12,561] {dagbag.py:500} INFO - Filling up the DagBag from /home/airflow/.local/lib/python3.7/site-packages/airflow/example_dags/example_xcom.py
[2022-05-11 07:08:12,583] {processor.py:652} INFO - DAG(s) dict_keys(['example_xcom']) retrieved from /home/airflow/.local/lib/python3.7/site-packages/airflow/example_dags/example_xcom.py
[2022-05-11 07:08:12,927] {logging_mixin.py:109} INFO - [2022-05-11 07:08:12,927] {dag.py:2398} INFO - Sync 1 DAGs
[2022-05-11 07:08:12,947] {logging_mixin.py:109} INFO - [2022-05-11 07:08:12,946] {dag.py:2937} INFO - Setting next_dagrun for example_xcom to 2021-01-01T00:00:00+00:00
[2022-05-11 07:08:12,963] {processor.py:171} INFO - Processing /home/airflow/.local/lib/python3.7/site-packages/airflow/example_dags/example_xcom.py took 0.408 seconds
[2022-05-11 07:08:43,088] {processor.py:163} INFO - Started process (PID=30569) to work on /home/airflow/.local/lib/python3.7/site-packages/airflow/example_dags/example_xcom.py
[2022-05-11 07:08:43,090] {processor.py:642} INFO - Processing file /home/airflow/.local/lib/python3.7/site-packages/airflow/example_dags/example_xcom.py for tasks to queue
[2022-05-11 07:08:43,091] {logging_mixin.py:109} INFO - [2022-05-11 07:08:43,091] {dagbag.py:500} INFO - Filling up the DagBag from /home/airflow/.local/lib/python3.7/site-packages/airflow/example_dags/example_xcom.py
[2022-05-11 07:08:43,113] {processor.py:652} INFO - DAG(s) dict_keys(['example_xcom']) retrieved from /home/airflow/.local/lib/python3.7/site-packages/airflow/example_dags/example_xcom.py
[2022-05-11 07:08:43,421] {logging_mixin.py:109} INFO - [2022-05-11 07:08:43,421] {dag.py:2398} INFO - Sync 1 DAGs
[2022-05-11 07:08:43,433] {logging_mixin.py:109} INFO - [2022-05-11 07:08:43,433] {dag.py:2937} INFO - Setting next_dagrun for example_xcom to 2021-01-01T00:00:00+00:00
[2022-05-11 07:08:43,451] {processor.py:171} INFO - Processing /home/airflow/.local/lib/python3.7/site-packages/airflow/example_dags/example_xcom.py took 0.366 seconds
[2022-05-11 07:09:13,901] {processor.py:163} INFO - Started process (PID=30632) to work on /home/airflow/.local/lib/python3.7/site-packages/airflow/example_dags/example_xcom.py
[2022-05-11 07:09:13,903] {processor.py:642} INFO - Processing file /home/airflow/.local/lib/python3.7/site-packages/airflow/example_dags/example_xcom.py for tasks to queue
[2022-05-11 07:09:13,904] {logging_mixin.py:109} INFO - [2022-05-11 07:09:13,904] {dagbag.py:500} INFO - Filling up the DagBag from /home/airflow/.local/lib/python3.7/site-packages/airflow/example_dags/example_xcom.py
[2022-05-11 07:09:13,934] {processor.py:652} INFO - DAG(s) dict_keys(['example_xcom']) retrieved from /home/airflow/.local/lib/python3.7/site-packages/airflow/example_dags/example_xcom.py
[2022-05-11 07:09:14,326] {logging_mixin.py:109} INFO - [2022-05-11 07:09:14,326] {dag.py:2398} INFO - Sync 1 DAGs
[2022-05-11 07:09:14,340] {logging_mixin.py:109} INFO - [2022-05-11 07:09:14,340] {dag.py:2937} INFO - Setting next_dagrun for example_xcom to 2021-01-01T00:00:00+00:00
[2022-05-11 07:09:14,356] {processor.py:171} INFO - Processing /home/airflow/.local/lib/python3.7/site-packages/airflow/example_dags/example_xcom.py took 0.458 seconds
[2022-05-11 07:09:44,697] {processor.py:163} INFO - Started process (PID=30706) to work on /home/airflow/.local/lib/python3.7/site-packages/airflow/example_dags/example_xcom.py
[2022-05-11 07:09:44,700] {processor.py:642} INFO - Processing file /home/airflow/.local/lib/python3.7/site-packages/airflow/example_dags/example_xcom.py for tasks to queue
[2022-05-11 07:09:44,701] {logging_mixin.py:109} INFO - [2022-05-11 07:09:44,701] {dagbag.py:500} INFO - Filling up the DagBag from /home/airflow/.local/lib/python3.7/site-packages/airflow/example_dags/example_xcom.py
[2022-05-11 07:09:44,733] {processor.py:652} INFO - DAG(s) dict_keys(['example_xcom']) retrieved from /home/airflow/.local/lib/python3.7/site-packages/airflow/example_dags/example_xcom.py
[2022-05-11 07:09:45,037] {logging_mixin.py:109} INFO - [2022-05-11 07:09:45,037] {dag.py:2398} INFO - Sync 1 DAGs
[2022-05-11 07:09:45,052] {logging_mixin.py:109} INFO - [2022-05-11 07:09:45,052] {dag.py:2937} INFO - Setting next_dagrun for example_xcom to 2021-01-01T00:00:00+00:00
[2022-05-11 07:09:45,069] {processor.py:171} INFO - Processing /home/airflow/.local/lib/python3.7/site-packages/airflow/example_dags/example_xcom.py took 0.377 seconds
[2022-05-11 07:10:15,320] {processor.py:163} INFO - Started process (PID=30770) to work on /home/airflow/.local/lib/python3.7/site-packages/airflow/example_dags/example_xcom.py
[2022-05-11 07:10:15,322] {processor.py:642} INFO - Processing file /home/airflow/.local/lib/python3.7/site-packages/airflow/example_dags/example_xcom.py for tasks to queue
[2022-05-11 07:10:15,323] {logging_mixin.py:109} INFO - [2022-05-11 07:10:15,323] {dagbag.py:500} INFO - Filling up the DagBag from /home/airflow/.local/lib/python3.7/site-packages/airflow/example_dags/example_xcom.py
[2022-05-11 07:10:15,344] {processor.py:652} INFO - DAG(s) dict_keys(['example_xcom']) retrieved from /home/airflow/.local/lib/python3.7/site-packages/airflow/example_dags/example_xcom.py
[2022-05-11 07:10:15,619] {logging_mixin.py:109} INFO - [2022-05-11 07:10:15,619] {dag.py:2398} INFO - Sync 1 DAGs
[2022-05-11 07:10:15,632] {logging_mixin.py:109} INFO - [2022-05-11 07:10:15,632] {dag.py:2937} INFO - Setting next_dagrun for example_xcom to 2021-01-01T00:00:00+00:00
[2022-05-11 07:10:15,650] {processor.py:171} INFO - Processing /home/airflow/.local/lib/python3.7/site-packages/airflow/example_dags/example_xcom.py took 0.333 seconds
[2022-05-11 07:10:45,810] {processor.py:163} INFO - Started process (PID=30844) to work on /home/airflow/.local/lib/python3.7/site-packages/airflow/example_dags/example_xcom.py
[2022-05-11 07:10:45,811] {processor.py:642} INFO - Processing file /home/airflow/.local/lib/python3.7/site-packages/airflow/example_dags/example_xcom.py for tasks to queue
[2022-05-11 07:10:45,812] {logging_mixin.py:109} INFO - [2022-05-11 07:10:45,812] {dagbag.py:500} INFO - Filling up the DagBag from /home/airflow/.local/lib/python3.7/site-packages/airflow/example_dags/example_xcom.py
[2022-05-11 07:10:45,830] {processor.py:652} INFO - DAG(s) dict_keys(['example_xcom']) retrieved from /home/airflow/.local/lib/python3.7/site-packages/airflow/example_dags/example_xcom.py
[2022-05-11 07:10:46,177] {logging_mixin.py:109} INFO - [2022-05-11 07:10:46,177] {dag.py:2398} INFO - Sync 1 DAGs
[2022-05-11 07:10:46,189] {logging_mixin.py:109} INFO - [2022-05-11 07:10:46,188] {dag.py:2937} INFO - Setting next_dagrun for example_xcom to 2021-01-01T00:00:00+00:00
[2022-05-11 07:10:46,203] {processor.py:171} INFO - Processing /home/airflow/.local/lib/python3.7/site-packages/airflow/example_dags/example_xcom.py took 0.396 seconds
[2022-05-11 07:11:16,411] {processor.py:163} INFO - Started process (PID=30907) to work on /home/airflow/.local/lib/python3.7/site-packages/airflow/example_dags/example_xcom.py
[2022-05-11 07:11:16,414] {processor.py:642} INFO - Processing file /home/airflow/.local/lib/python3.7/site-packages/airflow/example_dags/example_xcom.py for tasks to queue
[2022-05-11 07:11:16,415] {logging_mixin.py:109} INFO - [2022-05-11 07:11:16,415] {dagbag.py:500} INFO - Filling up the DagBag from /home/airflow/.local/lib/python3.7/site-packages/airflow/example_dags/example_xcom.py
[2022-05-11 07:11:16,450] {processor.py:652} INFO - DAG(s) dict_keys(['example_xcom']) retrieved from /home/airflow/.local/lib/python3.7/site-packages/airflow/example_dags/example_xcom.py
[2022-05-11 07:11:16,862] {logging_mixin.py:109} INFO - [2022-05-11 07:11:16,861] {dag.py:2398} INFO - Sync 1 DAGs
[2022-05-11 07:11:16,890] {logging_mixin.py:109} INFO - [2022-05-11 07:11:16,890] {dag.py:2937} INFO - Setting next_dagrun for example_xcom to 2021-01-01T00:00:00+00:00
[2022-05-11 07:11:16,909] {processor.py:171} INFO - Processing /home/airflow/.local/lib/python3.7/site-packages/airflow/example_dags/example_xcom.py took 0.504 seconds
[2022-05-11 07:11:47,618] {processor.py:163} INFO - Started process (PID=30980) to work on /home/airflow/.local/lib/python3.7/site-packages/airflow/example_dags/example_xcom.py
[2022-05-11 07:11:47,619] {processor.py:642} INFO - Processing file /home/airflow/.local/lib/python3.7/site-packages/airflow/example_dags/example_xcom.py for tasks to queue
[2022-05-11 07:11:47,620] {logging_mixin.py:109} INFO - [2022-05-11 07:11:47,620] {dagbag.py:500} INFO - Filling up the DagBag from /home/airflow/.local/lib/python3.7/site-packages/airflow/example_dags/example_xcom.py
[2022-05-11 07:11:47,640] {processor.py:652} INFO - DAG(s) dict_keys(['example_xcom']) retrieved from /home/airflow/.local/lib/python3.7/site-packages/airflow/example_dags/example_xcom.py
[2022-05-11 07:11:47,930] {logging_mixin.py:109} INFO - [2022-05-11 07:11:47,930] {dag.py:2398} INFO - Sync 1 DAGs
[2022-05-11 07:11:47,942] {logging_mixin.py:109} INFO - [2022-05-11 07:11:47,941] {dag.py:2937} INFO - Setting next_dagrun for example_xcom to 2021-01-01T00:00:00+00:00
[2022-05-11 07:11:47,955] {processor.py:171} INFO - Processing /home/airflow/.local/lib/python3.7/site-packages/airflow/example_dags/example_xcom.py took 0.340 seconds
[2022-05-11 07:12:18,155] {processor.py:163} INFO - Started process (PID=31043) to work on /home/airflow/.local/lib/python3.7/site-packages/airflow/example_dags/example_xcom.py
[2022-05-11 07:12:18,157] {processor.py:642} INFO - Processing file /home/airflow/.local/lib/python3.7/site-packages/airflow/example_dags/example_xcom.py for tasks to queue
[2022-05-11 07:12:18,157] {logging_mixin.py:109} INFO - [2022-05-11 07:12:18,157] {dagbag.py:500} INFO - Filling up the DagBag from /home/airflow/.local/lib/python3.7/site-packages/airflow/example_dags/example_xcom.py
[2022-05-11 07:12:18,181] {processor.py:652} INFO - DAG(s) dict_keys(['example_xcom']) retrieved from /home/airflow/.local/lib/python3.7/site-packages/airflow/example_dags/example_xcom.py
[2022-05-11 07:12:18,476] {logging_mixin.py:109} INFO - [2022-05-11 07:12:18,475] {dag.py:2398} INFO - Sync 1 DAGs
[2022-05-11 07:12:18,489] {logging_mixin.py:109} INFO - [2022-05-11 07:12:18,488] {dag.py:2937} INFO - Setting next_dagrun for example_xcom to 2021-01-01T00:00:00+00:00
[2022-05-11 07:12:18,504] {processor.py:171} INFO - Processing /home/airflow/.local/lib/python3.7/site-packages/airflow/example_dags/example_xcom.py took 0.352 seconds
[2022-05-11 07:12:48,562] {processor.py:163} INFO - Started process (PID=31118) to work on /home/airflow/.local/lib/python3.7/site-packages/airflow/example_dags/example_xcom.py
[2022-05-11 07:12:48,563] {processor.py:642} INFO - Processing file /home/airflow/.local/lib/python3.7/site-packages/airflow/example_dags/example_xcom.py for tasks to queue
[2022-05-11 07:12:48,564] {logging_mixin.py:109} INFO - [2022-05-11 07:12:48,564] {dagbag.py:500} INFO - Filling up the DagBag from /home/airflow/.local/lib/python3.7/site-packages/airflow/example_dags/example_xcom.py
[2022-05-11 07:12:48,588] {processor.py:652} INFO - DAG(s) dict_keys(['example_xcom']) retrieved from /home/airflow/.local/lib/python3.7/site-packages/airflow/example_dags/example_xcom.py
[2022-05-11 07:12:48,908] {logging_mixin.py:109} INFO - [2022-05-11 07:12:48,908] {dag.py:2398} INFO - Sync 1 DAGs
[2022-05-11 07:12:48,923] {logging_mixin.py:109} INFO - [2022-05-11 07:12:48,922] {dag.py:2937} INFO - Setting next_dagrun for example_xcom to 2021-01-01T00:00:00+00:00
[2022-05-11 07:12:48,936] {processor.py:171} INFO - Processing /home/airflow/.local/lib/python3.7/site-packages/airflow/example_dags/example_xcom.py took 0.377 seconds
[2022-05-11 07:13:19,318] {processor.py:163} INFO - Started process (PID=31189) to work on /home/airflow/.local/lib/python3.7/site-packages/airflow/example_dags/example_xcom.py
[2022-05-11 07:13:19,320] {processor.py:642} INFO - Processing file /home/airflow/.local/lib/python3.7/site-packages/airflow/example_dags/example_xcom.py for tasks to queue
[2022-05-11 07:13:19,321] {logging_mixin.py:109} INFO - [2022-05-11 07:13:19,321] {dagbag.py:500} INFO - Filling up the DagBag from /home/airflow/.local/lib/python3.7/site-packages/airflow/example_dags/example_xcom.py
[2022-05-11 07:13:19,343] {processor.py:652} INFO - DAG(s) dict_keys(['example_xcom']) retrieved from /home/airflow/.local/lib/python3.7/site-packages/airflow/example_dags/example_xcom.py
[2022-05-11 07:13:19,676] {logging_mixin.py:109} INFO - [2022-05-11 07:13:19,676] {dag.py:2398} INFO - Sync 1 DAGs
[2022-05-11 07:13:19,693] {logging_mixin.py:109} INFO - [2022-05-11 07:13:19,693] {dag.py:2937} INFO - Setting next_dagrun for example_xcom to 2021-01-01T00:00:00+00:00
[2022-05-11 07:13:19,707] {processor.py:171} INFO - Processing /home/airflow/.local/lib/python3.7/site-packages/airflow/example_dags/example_xcom.py took 0.392 seconds
[2022-05-11 07:13:49,766] {processor.py:163} INFO - Started process (PID=31253) to work on /home/airflow/.local/lib/python3.7/site-packages/airflow/example_dags/example_xcom.py
[2022-05-11 07:13:49,768] {processor.py:642} INFO - Processing file /home/airflow/.local/lib/python3.7/site-packages/airflow/example_dags/example_xcom.py for tasks to queue
[2022-05-11 07:13:49,769] {logging_mixin.py:109} INFO - [2022-05-11 07:13:49,768] {dagbag.py:500} INFO - Filling up the DagBag from /home/airflow/.local/lib/python3.7/site-packages/airflow/example_dags/example_xcom.py
[2022-05-11 07:13:49,790] {processor.py:652} INFO - DAG(s) dict_keys(['example_xcom']) retrieved from /home/airflow/.local/lib/python3.7/site-packages/airflow/example_dags/example_xcom.py
[2022-05-11 07:13:50,088] {logging_mixin.py:109} INFO - [2022-05-11 07:13:50,088] {dag.py:2398} INFO - Sync 1 DAGs
[2022-05-11 07:13:50,101] {logging_mixin.py:109} INFO - [2022-05-11 07:13:50,101] {dag.py:2937} INFO - Setting next_dagrun for example_xcom to 2021-01-01T00:00:00+00:00
[2022-05-11 07:13:50,116] {processor.py:171} INFO - Processing /home/airflow/.local/lib/python3.7/site-packages/airflow/example_dags/example_xcom.py took 0.353 seconds
[2022-05-11 07:14:20,219] {processor.py:163} INFO - Started process (PID=31325) to work on /home/airflow/.local/lib/python3.7/site-packages/airflow/example_dags/example_xcom.py
[2022-05-11 07:14:20,221] {processor.py:642} INFO - Processing file /home/airflow/.local/lib/python3.7/site-packages/airflow/example_dags/example_xcom.py for tasks to queue
[2022-05-11 07:14:20,223] {logging_mixin.py:109} INFO - [2022-05-11 07:14:20,222] {dagbag.py:500} INFO - Filling up the DagBag from /home/airflow/.local/lib/python3.7/site-packages/airflow/example_dags/example_xcom.py
[2022-05-11 07:14:20,247] {processor.py:652} INFO - DAG(s) dict_keys(['example_xcom']) retrieved from /home/airflow/.local/lib/python3.7/site-packages/airflow/example_dags/example_xcom.py
[2022-05-11 07:14:20,573] {logging_mixin.py:109} INFO - [2022-05-11 07:14:20,573] {dag.py:2398} INFO - Sync 1 DAGs
[2022-05-11 07:14:20,588] {logging_mixin.py:109} INFO - [2022-05-11 07:14:20,587] {dag.py:2937} INFO - Setting next_dagrun for example_xcom to 2021-01-01T00:00:00+00:00
[2022-05-11 07:14:20,604] {processor.py:171} INFO - Processing /home/airflow/.local/lib/python3.7/site-packages/airflow/example_dags/example_xcom.py took 0.387 seconds
[2022-05-11 07:14:50,686] {processor.py:163} INFO - Started process (PID=31388) to work on /home/airflow/.local/lib/python3.7/site-packages/airflow/example_dags/example_xcom.py
[2022-05-11 07:14:50,688] {processor.py:642} INFO - Processing file /home/airflow/.local/lib/python3.7/site-packages/airflow/example_dags/example_xcom.py for tasks to queue
[2022-05-11 07:14:50,689] {logging_mixin.py:109} INFO - [2022-05-11 07:14:50,689] {dagbag.py:500} INFO - Filling up the DagBag from /home/airflow/.local/lib/python3.7/site-packages/airflow/example_dags/example_xcom.py
[2022-05-11 07:14:50,709] {processor.py:652} INFO - DAG(s) dict_keys(['example_xcom']) retrieved from /home/airflow/.local/lib/python3.7/site-packages/airflow/example_dags/example_xcom.py
[2022-05-11 07:14:51,002] {logging_mixin.py:109} INFO - [2022-05-11 07:14:51,001] {dag.py:2398} INFO - Sync 1 DAGs
[2022-05-11 07:14:51,014] {logging_mixin.py:109} INFO - [2022-05-11 07:14:51,014] {dag.py:2937} INFO - Setting next_dagrun for example_xcom to 2021-01-01T00:00:00+00:00
[2022-05-11 07:14:51,030] {processor.py:171} INFO - Processing /home/airflow/.local/lib/python3.7/site-packages/airflow/example_dags/example_xcom.py took 0.346 seconds
[2022-05-11 07:15:21,835] {processor.py:163} INFO - Started process (PID=31462) to work on /home/airflow/.local/lib/python3.7/site-packages/airflow/example_dags/example_xcom.py
[2022-05-11 07:15:21,837] {processor.py:642} INFO - Processing file /home/airflow/.local/lib/python3.7/site-packages/airflow/example_dags/example_xcom.py for tasks to queue
[2022-05-11 07:15:21,838] {logging_mixin.py:109} INFO - [2022-05-11 07:15:21,838] {dagbag.py:500} INFO - Filling up the DagBag from /home/airflow/.local/lib/python3.7/site-packages/airflow/example_dags/example_xcom.py
[2022-05-11 07:15:21,862] {processor.py:652} INFO - DAG(s) dict_keys(['example_xcom']) retrieved from /home/airflow/.local/lib/python3.7/site-packages/airflow/example_dags/example_xcom.py
[2022-05-11 07:15:22,185] {logging_mixin.py:109} INFO - [2022-05-11 07:15:22,184] {dag.py:2398} INFO - Sync 1 DAGs
[2022-05-11 07:15:22,196] {logging_mixin.py:109} INFO - [2022-05-11 07:15:22,196] {dag.py:2937} INFO - Setting next_dagrun for example_xcom to 2021-01-01T00:00:00+00:00
[2022-05-11 07:15:22,217] {processor.py:171} INFO - Processing /home/airflow/.local/lib/python3.7/site-packages/airflow/example_dags/example_xcom.py took 0.384 seconds
[2022-05-11 07:15:52,336] {processor.py:163} INFO - Started process (PID=31526) to work on /home/airflow/.local/lib/python3.7/site-packages/airflow/example_dags/example_xcom.py
[2022-05-11 07:15:52,337] {processor.py:642} INFO - Processing file /home/airflow/.local/lib/python3.7/site-packages/airflow/example_dags/example_xcom.py for tasks to queue
[2022-05-11 07:15:52,338] {logging_mixin.py:109} INFO - [2022-05-11 07:15:52,338] {dagbag.py:500} INFO - Filling up the DagBag from /home/airflow/.local/lib/python3.7/site-packages/airflow/example_dags/example_xcom.py
[2022-05-11 07:15:52,360] {processor.py:652} INFO - DAG(s) dict_keys(['example_xcom']) retrieved from /home/airflow/.local/lib/python3.7/site-packages/airflow/example_dags/example_xcom.py
[2022-05-11 07:15:52,656] {logging_mixin.py:109} INFO - [2022-05-11 07:15:52,655] {dag.py:2398} INFO - Sync 1 DAGs
[2022-05-11 07:15:52,670] {logging_mixin.py:109} INFO - [2022-05-11 07:15:52,670] {dag.py:2937} INFO - Setting next_dagrun for example_xcom to 2021-01-01T00:00:00+00:00
[2022-05-11 07:15:52,686] {processor.py:171} INFO - Processing /home/airflow/.local/lib/python3.7/site-packages/airflow/example_dags/example_xcom.py took 0.353 seconds
[2022-05-11 07:16:23,109] {processor.py:163} INFO - Started process (PID=31600) to work on /home/airflow/.local/lib/python3.7/site-packages/airflow/example_dags/example_xcom.py
[2022-05-11 07:16:23,110] {processor.py:642} INFO - Processing file /home/airflow/.local/lib/python3.7/site-packages/airflow/example_dags/example_xcom.py for tasks to queue
[2022-05-11 07:16:23,111] {logging_mixin.py:109} INFO - [2022-05-11 07:16:23,111] {dagbag.py:500} INFO - Filling up the DagBag from /home/airflow/.local/lib/python3.7/site-packages/airflow/example_dags/example_xcom.py
[2022-05-11 07:16:23,134] {processor.py:652} INFO - DAG(s) dict_keys(['example_xcom']) retrieved from /home/airflow/.local/lib/python3.7/site-packages/airflow/example_dags/example_xcom.py
[2022-05-11 07:16:23,497] {logging_mixin.py:109} INFO - [2022-05-11 07:16:23,497] {dag.py:2398} INFO - Sync 1 DAGs
[2022-05-11 07:16:23,512] {logging_mixin.py:109} INFO - [2022-05-11 07:16:23,512] {dag.py:2937} INFO - Setting next_dagrun for example_xcom to 2021-01-01T00:00:00+00:00
[2022-05-11 07:16:23,529] {processor.py:171} INFO - Processing /home/airflow/.local/lib/python3.7/site-packages/airflow/example_dags/example_xcom.py took 0.424 seconds
[2022-05-11 07:16:53,573] {processor.py:163} INFO - Started process (PID=31666) to work on /home/airflow/.local/lib/python3.7/site-packages/airflow/example_dags/example_xcom.py
[2022-05-11 07:16:53,574] {processor.py:642} INFO - Processing file /home/airflow/.local/lib/python3.7/site-packages/airflow/example_dags/example_xcom.py for tasks to queue
[2022-05-11 07:16:53,575] {logging_mixin.py:109} INFO - [2022-05-11 07:16:53,575] {dagbag.py:500} INFO - Filling up the DagBag from /home/airflow/.local/lib/python3.7/site-packages/airflow/example_dags/example_xcom.py
[2022-05-11 07:16:53,601] {processor.py:652} INFO - DAG(s) dict_keys(['example_xcom']) retrieved from /home/airflow/.local/lib/python3.7/site-packages/airflow/example_dags/example_xcom.py
[2022-05-11 07:16:54,013] {logging_mixin.py:109} INFO - [2022-05-11 07:16:54,012] {dag.py:2398} INFO - Sync 1 DAGs
[2022-05-11 07:16:54,030] {logging_mixin.py:109} INFO - [2022-05-11 07:16:54,030] {dag.py:2937} INFO - Setting next_dagrun for example_xcom to 2021-01-01T00:00:00+00:00
[2022-05-11 07:16:54,047] {processor.py:171} INFO - Processing /home/airflow/.local/lib/python3.7/site-packages/airflow/example_dags/example_xcom.py took 0.479 seconds
[2022-05-11 07:17:24,156] {processor.py:163} INFO - Started process (PID=31738) to work on /home/airflow/.local/lib/python3.7/site-packages/airflow/example_dags/example_xcom.py
[2022-05-11 07:17:24,159] {processor.py:642} INFO - Processing file /home/airflow/.local/lib/python3.7/site-packages/airflow/example_dags/example_xcom.py for tasks to queue
[2022-05-11 07:17:24,160] {logging_mixin.py:109} INFO - [2022-05-11 07:17:24,160] {dagbag.py:500} INFO - Filling up the DagBag from /home/airflow/.local/lib/python3.7/site-packages/airflow/example_dags/example_xcom.py
[2022-05-11 07:17:24,192] {processor.py:652} INFO - DAG(s) dict_keys(['example_xcom']) retrieved from /home/airflow/.local/lib/python3.7/site-packages/airflow/example_dags/example_xcom.py
[2022-05-11 07:17:24,624] {logging_mixin.py:109} INFO - [2022-05-11 07:17:24,624] {dag.py:2398} INFO - Sync 1 DAGs
[2022-05-11 07:17:24,642] {logging_mixin.py:109} INFO - [2022-05-11 07:17:24,641] {dag.py:2937} INFO - Setting next_dagrun for example_xcom to 2021-01-01T00:00:00+00:00
[2022-05-11 07:17:24,658] {processor.py:171} INFO - Processing /home/airflow/.local/lib/python3.7/site-packages/airflow/example_dags/example_xcom.py took 0.506 seconds
[2022-05-11 07:17:55,195] {processor.py:163} INFO - Started process (PID=31801) to work on /home/airflow/.local/lib/python3.7/site-packages/airflow/example_dags/example_xcom.py
[2022-05-11 07:17:55,196] {processor.py:642} INFO - Processing file /home/airflow/.local/lib/python3.7/site-packages/airflow/example_dags/example_xcom.py for tasks to queue
[2022-05-11 07:17:55,197] {logging_mixin.py:109} INFO - [2022-05-11 07:17:55,197] {dagbag.py:500} INFO - Filling up the DagBag from /home/airflow/.local/lib/python3.7/site-packages/airflow/example_dags/example_xcom.py
[2022-05-11 07:17:55,225] {processor.py:652} INFO - DAG(s) dict_keys(['example_xcom']) retrieved from /home/airflow/.local/lib/python3.7/site-packages/airflow/example_dags/example_xcom.py
[2022-05-11 07:17:55,663] {logging_mixin.py:109} INFO - [2022-05-11 07:17:55,663] {dag.py:2398} INFO - Sync 1 DAGs
[2022-05-11 07:17:55,684] {logging_mixin.py:109} INFO - [2022-05-11 07:17:55,684] {dag.py:2937} INFO - Setting next_dagrun for example_xcom to 2021-01-01T00:00:00+00:00
[2022-05-11 07:17:55,707] {processor.py:171} INFO - Processing /home/airflow/.local/lib/python3.7/site-packages/airflow/example_dags/example_xcom.py took 0.515 seconds
[2022-05-11 07:18:25,923] {processor.py:163} INFO - Started process (PID=31873) to work on /home/airflow/.local/lib/python3.7/site-packages/airflow/example_dags/example_xcom.py
[2022-05-11 07:18:25,925] {processor.py:642} INFO - Processing file /home/airflow/.local/lib/python3.7/site-packages/airflow/example_dags/example_xcom.py for tasks to queue
[2022-05-11 07:18:25,926] {logging_mixin.py:109} INFO - [2022-05-11 07:18:25,926] {dagbag.py:500} INFO - Filling up the DagBag from /home/airflow/.local/lib/python3.7/site-packages/airflow/example_dags/example_xcom.py
[2022-05-11 07:18:25,948] {processor.py:652} INFO - DAG(s) dict_keys(['example_xcom']) retrieved from /home/airflow/.local/lib/python3.7/site-packages/airflow/example_dags/example_xcom.py
[2022-05-11 07:18:26,379] {logging_mixin.py:109} INFO - [2022-05-11 07:18:26,379] {dag.py:2398} INFO - Sync 1 DAGs
[2022-05-11 07:18:26,394] {logging_mixin.py:109} INFO - [2022-05-11 07:18:26,394] {dag.py:2937} INFO - Setting next_dagrun for example_xcom to 2021-01-01T00:00:00+00:00
[2022-05-11 07:18:26,418] {processor.py:171} INFO - Processing /home/airflow/.local/lib/python3.7/site-packages/airflow/example_dags/example_xcom.py took 0.498 seconds
[2022-05-11 07:18:57,219] {processor.py:163} INFO - Started process (PID=31936) to work on /home/airflow/.local/lib/python3.7/site-packages/airflow/example_dags/example_xcom.py
[2022-05-11 07:18:57,223] {processor.py:642} INFO - Processing file /home/airflow/.local/lib/python3.7/site-packages/airflow/example_dags/example_xcom.py for tasks to queue
[2022-05-11 07:18:57,224] {logging_mixin.py:109} INFO - [2022-05-11 07:18:57,224] {dagbag.py:500} INFO - Filling up the DagBag from /home/airflow/.local/lib/python3.7/site-packages/airflow/example_dags/example_xcom.py
[2022-05-11 07:18:57,243] {processor.py:652} INFO - DAG(s) dict_keys(['example_xcom']) retrieved from /home/airflow/.local/lib/python3.7/site-packages/airflow/example_dags/example_xcom.py
[2022-05-11 07:18:57,556] {logging_mixin.py:109} INFO - [2022-05-11 07:18:57,556] {dag.py:2398} INFO - Sync 1 DAGs
[2022-05-11 07:18:57,569] {logging_mixin.py:109} INFO - [2022-05-11 07:18:57,568] {dag.py:2937} INFO - Setting next_dagrun for example_xcom to 2021-01-01T00:00:00+00:00
[2022-05-11 07:18:57,586] {processor.py:171} INFO - Processing /home/airflow/.local/lib/python3.7/site-packages/airflow/example_dags/example_xcom.py took 0.371 seconds
[2022-05-11 07:19:28,553] {processor.py:163} INFO - Started process (PID=32008) to work on /home/airflow/.local/lib/python3.7/site-packages/airflow/example_dags/example_xcom.py
[2022-05-11 07:19:28,555] {processor.py:642} INFO - Processing file /home/airflow/.local/lib/python3.7/site-packages/airflow/example_dags/example_xcom.py for tasks to queue
[2022-05-11 07:19:28,556] {logging_mixin.py:109} INFO - [2022-05-11 07:19:28,556] {dagbag.py:500} INFO - Filling up the DagBag from /home/airflow/.local/lib/python3.7/site-packages/airflow/example_dags/example_xcom.py
[2022-05-11 07:19:28,596] {processor.py:652} INFO - DAG(s) dict_keys(['example_xcom']) retrieved from /home/airflow/.local/lib/python3.7/site-packages/airflow/example_dags/example_xcom.py
[2022-05-11 07:19:29,065] {logging_mixin.py:109} INFO - [2022-05-11 07:19:29,065] {dag.py:2398} INFO - Sync 1 DAGs
[2022-05-11 07:19:29,087] {logging_mixin.py:109} INFO - [2022-05-11 07:19:29,087] {dag.py:2937} INFO - Setting next_dagrun for example_xcom to 2021-01-01T00:00:00+00:00
[2022-05-11 07:19:29,116] {processor.py:171} INFO - Processing /home/airflow/.local/lib/python3.7/site-packages/airflow/example_dags/example_xcom.py took 0.569 seconds
[2022-05-11 07:19:59,808] {processor.py:163} INFO - Started process (PID=32070) to work on /home/airflow/.local/lib/python3.7/site-packages/airflow/example_dags/example_xcom.py
[2022-05-11 07:19:59,810] {processor.py:642} INFO - Processing file /home/airflow/.local/lib/python3.7/site-packages/airflow/example_dags/example_xcom.py for tasks to queue
[2022-05-11 07:19:59,811] {logging_mixin.py:109} INFO - [2022-05-11 07:19:59,811] {dagbag.py:500} INFO - Filling up the DagBag from /home/airflow/.local/lib/python3.7/site-packages/airflow/example_dags/example_xcom.py
[2022-05-11 07:19:59,837] {processor.py:652} INFO - DAG(s) dict_keys(['example_xcom']) retrieved from /home/airflow/.local/lib/python3.7/site-packages/airflow/example_dags/example_xcom.py
[2022-05-11 07:20:00,212] {logging_mixin.py:109} INFO - [2022-05-11 07:20:00,211] {dag.py:2398} INFO - Sync 1 DAGs
[2022-05-11 07:20:00,225] {logging_mixin.py:109} INFO - [2022-05-11 07:20:00,224] {dag.py:2937} INFO - Setting next_dagrun for example_xcom to 2021-01-01T00:00:00+00:00
[2022-05-11 07:20:00,240] {processor.py:171} INFO - Processing /home/airflow/.local/lib/python3.7/site-packages/airflow/example_dags/example_xcom.py took 0.436 seconds
[2022-05-11 07:20:30,296] {processor.py:163} INFO - Started process (PID=32143) to work on /home/airflow/.local/lib/python3.7/site-packages/airflow/example_dags/example_xcom.py
[2022-05-11 07:20:30,298] {processor.py:642} INFO - Processing file /home/airflow/.local/lib/python3.7/site-packages/airflow/example_dags/example_xcom.py for tasks to queue
[2022-05-11 07:20:30,299] {logging_mixin.py:109} INFO - [2022-05-11 07:20:30,299] {dagbag.py:500} INFO - Filling up the DagBag from /home/airflow/.local/lib/python3.7/site-packages/airflow/example_dags/example_xcom.py
[2022-05-11 07:20:30,328] {processor.py:652} INFO - DAG(s) dict_keys(['example_xcom']) retrieved from /home/airflow/.local/lib/python3.7/site-packages/airflow/example_dags/example_xcom.py
[2022-05-11 07:20:30,688] {logging_mixin.py:109} INFO - [2022-05-11 07:20:30,687] {dag.py:2398} INFO - Sync 1 DAGs
[2022-05-11 07:20:30,703] {logging_mixin.py:109} INFO - [2022-05-11 07:20:30,703] {dag.py:2937} INFO - Setting next_dagrun for example_xcom to 2021-01-01T00:00:00+00:00
[2022-05-11 07:20:30,718] {processor.py:171} INFO - Processing /home/airflow/.local/lib/python3.7/site-packages/airflow/example_dags/example_xcom.py took 0.425 seconds
[2022-05-11 07:21:01,551] {processor.py:163} INFO - Started process (PID=32206) to work on /home/airflow/.local/lib/python3.7/site-packages/airflow/example_dags/example_xcom.py
[2022-05-11 07:21:01,553] {processor.py:642} INFO - Processing file /home/airflow/.local/lib/python3.7/site-packages/airflow/example_dags/example_xcom.py for tasks to queue
[2022-05-11 07:21:01,554] {logging_mixin.py:109} INFO - [2022-05-11 07:21:01,554] {dagbag.py:500} INFO - Filling up the DagBag from /home/airflow/.local/lib/python3.7/site-packages/airflow/example_dags/example_xcom.py
[2022-05-11 07:21:01,579] {processor.py:652} INFO - DAG(s) dict_keys(['example_xcom']) retrieved from /home/airflow/.local/lib/python3.7/site-packages/airflow/example_dags/example_xcom.py
[2022-05-11 07:21:02,010] {logging_mixin.py:109} INFO - [2022-05-11 07:21:02,010] {dag.py:2398} INFO - Sync 1 DAGs
[2022-05-11 07:21:02,025] {logging_mixin.py:109} INFO - [2022-05-11 07:21:02,025] {dag.py:2937} INFO - Setting next_dagrun for example_xcom to 2021-01-01T00:00:00+00:00
[2022-05-11 07:21:02,042] {processor.py:171} INFO - Processing /home/airflow/.local/lib/python3.7/site-packages/airflow/example_dags/example_xcom.py took 0.495 seconds
[2022-05-11 07:21:32,929] {processor.py:163} INFO - Started process (PID=32278) to work on /home/airflow/.local/lib/python3.7/site-packages/airflow/example_dags/example_xcom.py
[2022-05-11 07:21:32,930] {processor.py:642} INFO - Processing file /home/airflow/.local/lib/python3.7/site-packages/airflow/example_dags/example_xcom.py for tasks to queue
[2022-05-11 07:21:32,931] {logging_mixin.py:109} INFO - [2022-05-11 07:21:32,931] {dagbag.py:500} INFO - Filling up the DagBag from /home/airflow/.local/lib/python3.7/site-packages/airflow/example_dags/example_xcom.py
[2022-05-11 07:21:32,951] {processor.py:652} INFO - DAG(s) dict_keys(['example_xcom']) retrieved from /home/airflow/.local/lib/python3.7/site-packages/airflow/example_dags/example_xcom.py
[2022-05-11 07:21:33,273] {logging_mixin.py:109} INFO - [2022-05-11 07:21:33,273] {dag.py:2398} INFO - Sync 1 DAGs
[2022-05-11 07:21:33,285] {logging_mixin.py:109} INFO - [2022-05-11 07:21:33,285] {dag.py:2937} INFO - Setting next_dagrun for example_xcom to 2021-01-01T00:00:00+00:00
[2022-05-11 07:21:33,301] {processor.py:171} INFO - Processing /home/airflow/.local/lib/python3.7/site-packages/airflow/example_dags/example_xcom.py took 0.374 seconds
[2022-05-11 07:22:04,185] {processor.py:163} INFO - Started process (PID=32351) to work on /home/airflow/.local/lib/python3.7/site-packages/airflow/example_dags/example_xcom.py
[2022-05-11 07:22:04,187] {processor.py:642} INFO - Processing file /home/airflow/.local/lib/python3.7/site-packages/airflow/example_dags/example_xcom.py for tasks to queue
[2022-05-11 07:22:04,188] {logging_mixin.py:109} INFO - [2022-05-11 07:22:04,188] {dagbag.py:500} INFO - Filling up the DagBag from /home/airflow/.local/lib/python3.7/site-packages/airflow/example_dags/example_xcom.py
[2022-05-11 07:22:04,226] {processor.py:652} INFO - DAG(s) dict_keys(['example_xcom']) retrieved from /home/airflow/.local/lib/python3.7/site-packages/airflow/example_dags/example_xcom.py
[2022-05-11 07:22:04,757] {logging_mixin.py:109} INFO - [2022-05-11 07:22:04,757] {dag.py:2398} INFO - Sync 1 DAGs
[2022-05-11 07:22:04,783] {logging_mixin.py:109} INFO - [2022-05-11 07:22:04,783] {dag.py:2937} INFO - Setting next_dagrun for example_xcom to 2021-01-01T00:00:00+00:00
[2022-05-11 07:22:04,806] {processor.py:171} INFO - Processing /home/airflow/.local/lib/python3.7/site-packages/airflow/example_dags/example_xcom.py took 0.626 seconds
[2022-05-11 07:22:35,576] {processor.py:163} INFO - Started process (PID=32414) to work on /home/airflow/.local/lib/python3.7/site-packages/airflow/example_dags/example_xcom.py
[2022-05-11 07:22:35,577] {processor.py:642} INFO - Processing file /home/airflow/.local/lib/python3.7/site-packages/airflow/example_dags/example_xcom.py for tasks to queue
[2022-05-11 07:22:35,578] {logging_mixin.py:109} INFO - [2022-05-11 07:22:35,578] {dagbag.py:500} INFO - Filling up the DagBag from /home/airflow/.local/lib/python3.7/site-packages/airflow/example_dags/example_xcom.py
[2022-05-11 07:22:35,601] {processor.py:652} INFO - DAG(s) dict_keys(['example_xcom']) retrieved from /home/airflow/.local/lib/python3.7/site-packages/airflow/example_dags/example_xcom.py
[2022-05-11 07:22:35,944] {logging_mixin.py:109} INFO - [2022-05-11 07:22:35,944] {dag.py:2398} INFO - Sync 1 DAGs
[2022-05-11 07:22:35,961] {logging_mixin.py:109} INFO - [2022-05-11 07:22:35,961] {dag.py:2937} INFO - Setting next_dagrun for example_xcom to 2021-01-01T00:00:00+00:00
[2022-05-11 07:22:35,975] {processor.py:171} INFO - Processing /home/airflow/.local/lib/python3.7/site-packages/airflow/example_dags/example_xcom.py took 0.402 seconds
[2022-05-11 07:23:07,005] {processor.py:163} INFO - Started process (PID=32487) to work on /home/airflow/.local/lib/python3.7/site-packages/airflow/example_dags/example_xcom.py
[2022-05-11 07:23:07,007] {processor.py:642} INFO - Processing file /home/airflow/.local/lib/python3.7/site-packages/airflow/example_dags/example_xcom.py for tasks to queue
[2022-05-11 07:23:07,007] {logging_mixin.py:109} INFO - [2022-05-11 07:23:07,007] {dagbag.py:500} INFO - Filling up the DagBag from /home/airflow/.local/lib/python3.7/site-packages/airflow/example_dags/example_xcom.py
[2022-05-11 07:23:07,034] {processor.py:652} INFO - DAG(s) dict_keys(['example_xcom']) retrieved from /home/airflow/.local/lib/python3.7/site-packages/airflow/example_dags/example_xcom.py
[2022-05-11 07:23:07,412] {logging_mixin.py:109} INFO - [2022-05-11 07:23:07,412] {dag.py:2398} INFO - Sync 1 DAGs
[2022-05-11 07:23:07,428] {logging_mixin.py:109} INFO - [2022-05-11 07:23:07,428] {dag.py:2937} INFO - Setting next_dagrun for example_xcom to 2021-01-01T00:00:00+00:00
[2022-05-11 07:23:07,446] {processor.py:171} INFO - Processing /home/airflow/.local/lib/python3.7/site-packages/airflow/example_dags/example_xcom.py took 0.443 seconds
[2022-05-11 07:23:37,584] {processor.py:163} INFO - Started process (PID=32550) to work on /home/airflow/.local/lib/python3.7/site-packages/airflow/example_dags/example_xcom.py
[2022-05-11 07:23:37,587] {processor.py:642} INFO - Processing file /home/airflow/.local/lib/python3.7/site-packages/airflow/example_dags/example_xcom.py for tasks to queue
[2022-05-11 07:23:37,588] {logging_mixin.py:109} INFO - [2022-05-11 07:23:37,588] {dagbag.py:500} INFO - Filling up the DagBag from /home/airflow/.local/lib/python3.7/site-packages/airflow/example_dags/example_xcom.py
[2022-05-11 07:23:37,616] {processor.py:652} INFO - DAG(s) dict_keys(['example_xcom']) retrieved from /home/airflow/.local/lib/python3.7/site-packages/airflow/example_dags/example_xcom.py
[2022-05-11 07:23:37,997] {logging_mixin.py:109} INFO - [2022-05-11 07:23:37,997] {dag.py:2398} INFO - Sync 1 DAGs
[2022-05-11 07:23:38,008] {logging_mixin.py:109} INFO - [2022-05-11 07:23:38,008] {dag.py:2937} INFO - Setting next_dagrun for example_xcom to 2021-01-01T00:00:00+00:00
[2022-05-11 07:23:38,021] {processor.py:171} INFO - Processing /home/airflow/.local/lib/python3.7/site-packages/airflow/example_dags/example_xcom.py took 0.441 seconds
[2022-05-11 07:24:08,907] {processor.py:163} INFO - Started process (PID=32622) to work on /home/airflow/.local/lib/python3.7/site-packages/airflow/example_dags/example_xcom.py
[2022-05-11 07:24:08,908] {processor.py:642} INFO - Processing file /home/airflow/.local/lib/python3.7/site-packages/airflow/example_dags/example_xcom.py for tasks to queue
[2022-05-11 07:24:08,909] {logging_mixin.py:109} INFO - [2022-05-11 07:24:08,908] {dagbag.py:500} INFO - Filling up the DagBag from /home/airflow/.local/lib/python3.7/site-packages/airflow/example_dags/example_xcom.py
[2022-05-11 07:24:08,929] {processor.py:652} INFO - DAG(s) dict_keys(['example_xcom']) retrieved from /home/airflow/.local/lib/python3.7/site-packages/airflow/example_dags/example_xcom.py
[2022-05-11 07:24:09,250] {logging_mixin.py:109} INFO - [2022-05-11 07:24:09,250] {dag.py:2398} INFO - Sync 1 DAGs
[2022-05-11 07:24:09,265] {logging_mixin.py:109} INFO - [2022-05-11 07:24:09,265] {dag.py:2937} INFO - Setting next_dagrun for example_xcom to 2021-01-01T00:00:00+00:00
[2022-05-11 07:24:09,279] {processor.py:171} INFO - Processing /home/airflow/.local/lib/python3.7/site-packages/airflow/example_dags/example_xcom.py took 0.375 seconds
[2022-05-11 07:24:39,356] {processor.py:163} INFO - Started process (PID=32686) to work on /home/airflow/.local/lib/python3.7/site-packages/airflow/example_dags/example_xcom.py
[2022-05-11 07:24:39,357] {processor.py:642} INFO - Processing file /home/airflow/.local/lib/python3.7/site-packages/airflow/example_dags/example_xcom.py for tasks to queue
[2022-05-11 07:24:39,358] {logging_mixin.py:109} INFO - [2022-05-11 07:24:39,358] {dagbag.py:500} INFO - Filling up the DagBag from /home/airflow/.local/lib/python3.7/site-packages/airflow/example_dags/example_xcom.py
[2022-05-11 07:24:39,380] {processor.py:652} INFO - DAG(s) dict_keys(['example_xcom']) retrieved from /home/airflow/.local/lib/python3.7/site-packages/airflow/example_dags/example_xcom.py
[2022-05-11 07:24:39,701] {logging_mixin.py:109} INFO - [2022-05-11 07:24:39,701] {dag.py:2398} INFO - Sync 1 DAGs
[2022-05-11 07:24:39,712] {logging_mixin.py:109} INFO - [2022-05-11 07:24:39,712] {dag.py:2937} INFO - Setting next_dagrun for example_xcom to 2021-01-01T00:00:00+00:00
[2022-05-11 07:24:39,727] {processor.py:171} INFO - Processing /home/airflow/.local/lib/python3.7/site-packages/airflow/example_dags/example_xcom.py took 0.374 seconds
[2022-05-11 07:25:09,786] {processor.py:163} INFO - Started process (PID=32759) to work on /home/airflow/.local/lib/python3.7/site-packages/airflow/example_dags/example_xcom.py
[2022-05-11 07:25:09,787] {processor.py:642} INFO - Processing file /home/airflow/.local/lib/python3.7/site-packages/airflow/example_dags/example_xcom.py for tasks to queue
[2022-05-11 07:25:09,789] {logging_mixin.py:109} INFO - [2022-05-11 07:25:09,789] {dagbag.py:500} INFO - Filling up the DagBag from /home/airflow/.local/lib/python3.7/site-packages/airflow/example_dags/example_xcom.py
[2022-05-11 07:25:09,810] {processor.py:652} INFO - DAG(s) dict_keys(['example_xcom']) retrieved from /home/airflow/.local/lib/python3.7/site-packages/airflow/example_dags/example_xcom.py
[2022-05-11 07:25:10,116] {logging_mixin.py:109} INFO - [2022-05-11 07:25:10,115] {dag.py:2398} INFO - Sync 1 DAGs
[2022-05-11 07:25:10,128] {logging_mixin.py:109} INFO - [2022-05-11 07:25:10,128] {dag.py:2937} INFO - Setting next_dagrun for example_xcom to 2021-01-01T00:00:00+00:00
[2022-05-11 07:25:10,145] {processor.py:171} INFO - Processing /home/airflow/.local/lib/python3.7/site-packages/airflow/example_dags/example_xcom.py took 0.363 seconds
[2022-05-11 07:25:40,319] {processor.py:163} INFO - Started process (PID=353) to work on /home/airflow/.local/lib/python3.7/site-packages/airflow/example_dags/example_xcom.py
[2022-05-11 07:25:40,320] {processor.py:642} INFO - Processing file /home/airflow/.local/lib/python3.7/site-packages/airflow/example_dags/example_xcom.py for tasks to queue
[2022-05-11 07:25:40,321] {logging_mixin.py:109} INFO - [2022-05-11 07:25:40,321] {dagbag.py:500} INFO - Filling up the DagBag from /home/airflow/.local/lib/python3.7/site-packages/airflow/example_dags/example_xcom.py
[2022-05-11 07:25:40,339] {processor.py:652} INFO - DAG(s) dict_keys(['example_xcom']) retrieved from /home/airflow/.local/lib/python3.7/site-packages/airflow/example_dags/example_xcom.py
[2022-05-11 07:25:40,604] {logging_mixin.py:109} INFO - [2022-05-11 07:25:40,604] {dag.py:2398} INFO - Sync 1 DAGs
[2022-05-11 07:25:40,613] {logging_mixin.py:109} INFO - [2022-05-11 07:25:40,613] {dag.py:2937} INFO - Setting next_dagrun for example_xcom to 2021-01-01T00:00:00+00:00
[2022-05-11 07:25:40,628] {processor.py:171} INFO - Processing /home/airflow/.local/lib/python3.7/site-packages/airflow/example_dags/example_xcom.py took 0.312 seconds
[2022-05-11 07:26:10,674] {processor.py:163} INFO - Started process (PID=427) to work on /home/airflow/.local/lib/python3.7/site-packages/airflow/example_dags/example_xcom.py
[2022-05-11 07:26:10,676] {processor.py:642} INFO - Processing file /home/airflow/.local/lib/python3.7/site-packages/airflow/example_dags/example_xcom.py for tasks to queue
[2022-05-11 07:26:10,677] {logging_mixin.py:109} INFO - [2022-05-11 07:26:10,677] {dagbag.py:500} INFO - Filling up the DagBag from /home/airflow/.local/lib/python3.7/site-packages/airflow/example_dags/example_xcom.py
[2022-05-11 07:26:10,699] {processor.py:652} INFO - DAG(s) dict_keys(['example_xcom']) retrieved from /home/airflow/.local/lib/python3.7/site-packages/airflow/example_dags/example_xcom.py
[2022-05-11 07:26:10,975] {logging_mixin.py:109} INFO - [2022-05-11 07:26:10,975] {dag.py:2398} INFO - Sync 1 DAGs
[2022-05-11 07:26:10,986] {logging_mixin.py:109} INFO - [2022-05-11 07:26:10,986] {dag.py:2937} INFO - Setting next_dagrun for example_xcom to 2021-01-01T00:00:00+00:00
[2022-05-11 07:26:11,001] {processor.py:171} INFO - Processing /home/airflow/.local/lib/python3.7/site-packages/airflow/example_dags/example_xcom.py took 0.330 seconds
[2022-05-11 07:26:41,855] {processor.py:163} INFO - Started process (PID=491) to work on /home/airflow/.local/lib/python3.7/site-packages/airflow/example_dags/example_xcom.py
[2022-05-11 07:26:41,857] {processor.py:642} INFO - Processing file /home/airflow/.local/lib/python3.7/site-packages/airflow/example_dags/example_xcom.py for tasks to queue
[2022-05-11 07:26:41,857] {logging_mixin.py:109} INFO - [2022-05-11 07:26:41,857] {dagbag.py:500} INFO - Filling up the DagBag from /home/airflow/.local/lib/python3.7/site-packages/airflow/example_dags/example_xcom.py
[2022-05-11 07:26:41,874] {processor.py:652} INFO - DAG(s) dict_keys(['example_xcom']) retrieved from /home/airflow/.local/lib/python3.7/site-packages/airflow/example_dags/example_xcom.py
[2022-05-11 07:26:42,144] {logging_mixin.py:109} INFO - [2022-05-11 07:26:42,144] {dag.py:2398} INFO - Sync 1 DAGs
[2022-05-11 07:26:42,153] {logging_mixin.py:109} INFO - [2022-05-11 07:26:42,153] {dag.py:2937} INFO - Setting next_dagrun for example_xcom to 2021-01-01T00:00:00+00:00
[2022-05-11 07:26:42,165] {processor.py:171} INFO - Processing /home/airflow/.local/lib/python3.7/site-packages/airflow/example_dags/example_xcom.py took 0.312 seconds
[2022-05-11 07:27:12,607] {processor.py:163} INFO - Started process (PID=564) to work on /home/airflow/.local/lib/python3.7/site-packages/airflow/example_dags/example_xcom.py
[2022-05-11 07:27:12,609] {processor.py:642} INFO - Processing file /home/airflow/.local/lib/python3.7/site-packages/airflow/example_dags/example_xcom.py for tasks to queue
[2022-05-11 07:27:12,609] {logging_mixin.py:109} INFO - [2022-05-11 07:27:12,609] {dagbag.py:500} INFO - Filling up the DagBag from /home/airflow/.local/lib/python3.7/site-packages/airflow/example_dags/example_xcom.py
[2022-05-11 07:27:12,628] {processor.py:652} INFO - DAG(s) dict_keys(['example_xcom']) retrieved from /home/airflow/.local/lib/python3.7/site-packages/airflow/example_dags/example_xcom.py
[2022-05-11 07:27:12,947] {logging_mixin.py:109} INFO - [2022-05-11 07:27:12,947] {dag.py:2398} INFO - Sync 1 DAGs
[2022-05-11 07:27:12,957] {logging_mixin.py:109} INFO - [2022-05-11 07:27:12,957] {dag.py:2937} INFO - Setting next_dagrun for example_xcom to 2021-01-01T00:00:00+00:00
[2022-05-11 07:27:12,970] {processor.py:171} INFO - Processing /home/airflow/.local/lib/python3.7/site-packages/airflow/example_dags/example_xcom.py took 0.366 seconds
[2022-05-11 07:27:43,538] {processor.py:163} INFO - Started process (PID=638) to work on /home/airflow/.local/lib/python3.7/site-packages/airflow/example_dags/example_xcom.py
[2022-05-11 07:27:43,540] {processor.py:642} INFO - Processing file /home/airflow/.local/lib/python3.7/site-packages/airflow/example_dags/example_xcom.py for tasks to queue
[2022-05-11 07:27:43,540] {logging_mixin.py:109} INFO - [2022-05-11 07:27:43,540] {dagbag.py:500} INFO - Filling up the DagBag from /home/airflow/.local/lib/python3.7/site-packages/airflow/example_dags/example_xcom.py
[2022-05-11 07:27:43,560] {processor.py:652} INFO - DAG(s) dict_keys(['example_xcom']) retrieved from /home/airflow/.local/lib/python3.7/site-packages/airflow/example_dags/example_xcom.py
[2022-05-11 07:27:43,863] {logging_mixin.py:109} INFO - [2022-05-11 07:27:43,863] {dag.py:2398} INFO - Sync 1 DAGs
[2022-05-11 07:27:43,878] {logging_mixin.py:109} INFO - [2022-05-11 07:27:43,878] {dag.py:2937} INFO - Setting next_dagrun for example_xcom to 2021-01-01T00:00:00+00:00
[2022-05-11 07:27:43,893] {processor.py:171} INFO - Processing /home/airflow/.local/lib/python3.7/site-packages/airflow/example_dags/example_xcom.py took 0.358 seconds
