[2022-05-11 06:55:59,759] {processor.py:163} INFO - Started process (PID=28856) to work on /home/airflow/.local/lib/python3.7/site-packages/airflow/example_dags/example_skip_dag.py
[2022-05-11 06:55:59,761] {processor.py:642} INFO - Processing file /home/airflow/.local/lib/python3.7/site-packages/airflow/example_dags/example_skip_dag.py for tasks to queue
[2022-05-11 06:55:59,762] {logging_mixin.py:109} INFO - [2022-05-11 06:55:59,762] {dagbag.py:500} INFO - Filling up the DagBag from /home/airflow/.local/lib/python3.7/site-packages/airflow/example_dags/example_skip_dag.py
[2022-05-11 06:55:59,844] {processor.py:652} INFO - DAG(s) dict_keys(['example_skip_dag']) retrieved from /home/airflow/.local/lib/python3.7/site-packages/airflow/example_dags/example_skip_dag.py
[2022-05-11 06:55:59,904] {logging_mixin.py:109} INFO - [2022-05-11 06:55:59,903] {dag.py:2398} INFO - Sync 1 DAGs
[2022-05-11 06:56:00,025] {logging_mixin.py:109} INFO - [2022-05-11 06:56:00,024] {dag.py:2937} INFO - Setting next_dagrun for example_skip_dag to 2022-05-10T06:56:00.024183+00:00
[2022-05-11 06:56:00,098] {processor.py:171} INFO - Processing /home/airflow/.local/lib/python3.7/site-packages/airflow/example_dags/example_skip_dag.py took 0.343 seconds
[2022-05-11 06:56:30,265] {processor.py:163} INFO - Started process (PID=28921) to work on /home/airflow/.local/lib/python3.7/site-packages/airflow/example_dags/example_skip_dag.py
[2022-05-11 06:56:30,267] {processor.py:642} INFO - Processing file /home/airflow/.local/lib/python3.7/site-packages/airflow/example_dags/example_skip_dag.py for tasks to queue
[2022-05-11 06:56:30,268] {logging_mixin.py:109} INFO - [2022-05-11 06:56:30,268] {dagbag.py:500} INFO - Filling up the DagBag from /home/airflow/.local/lib/python3.7/site-packages/airflow/example_dags/example_skip_dag.py
[2022-05-11 06:56:30,281] {processor.py:652} INFO - DAG(s) dict_keys(['example_skip_dag']) retrieved from /home/airflow/.local/lib/python3.7/site-packages/airflow/example_dags/example_skip_dag.py
[2022-05-11 06:56:30,302] {logging_mixin.py:109} INFO - [2022-05-11 06:56:30,302] {dag.py:2398} INFO - Sync 1 DAGs
[2022-05-11 06:56:30,315] {logging_mixin.py:109} INFO - [2022-05-11 06:56:30,314] {dag.py:2937} INFO - Setting next_dagrun for example_skip_dag to 2022-05-10T06:56:30.314592+00:00
[2022-05-11 06:56:30,328] {processor.py:171} INFO - Processing /home/airflow/.local/lib/python3.7/site-packages/airflow/example_dags/example_skip_dag.py took 0.066 seconds
[2022-05-11 06:57:00,631] {processor.py:163} INFO - Started process (PID=28993) to work on /home/airflow/.local/lib/python3.7/site-packages/airflow/example_dags/example_skip_dag.py
[2022-05-11 06:57:00,632] {processor.py:642} INFO - Processing file /home/airflow/.local/lib/python3.7/site-packages/airflow/example_dags/example_skip_dag.py for tasks to queue
[2022-05-11 06:57:00,634] {logging_mixin.py:109} INFO - [2022-05-11 06:57:00,633] {dagbag.py:500} INFO - Filling up the DagBag from /home/airflow/.local/lib/python3.7/site-packages/airflow/example_dags/example_skip_dag.py
[2022-05-11 06:57:00,652] {processor.py:652} INFO - DAG(s) dict_keys(['example_skip_dag']) retrieved from /home/airflow/.local/lib/python3.7/site-packages/airflow/example_dags/example_skip_dag.py
[2022-05-11 06:57:00,675] {logging_mixin.py:109} INFO - [2022-05-11 06:57:00,675] {dag.py:2398} INFO - Sync 1 DAGs
[2022-05-11 06:57:00,693] {logging_mixin.py:109} INFO - [2022-05-11 06:57:00,693] {dag.py:2937} INFO - Setting next_dagrun for example_skip_dag to 2022-05-10T06:57:00.693521+00:00
[2022-05-11 06:57:00,707] {processor.py:171} INFO - Processing /home/airflow/.local/lib/python3.7/site-packages/airflow/example_dags/example_skip_dag.py took 0.084 seconds
[2022-05-11 06:57:31,042] {processor.py:163} INFO - Started process (PID=29057) to work on /home/airflow/.local/lib/python3.7/site-packages/airflow/example_dags/example_skip_dag.py
[2022-05-11 06:57:31,043] {processor.py:642} INFO - Processing file /home/airflow/.local/lib/python3.7/site-packages/airflow/example_dags/example_skip_dag.py for tasks to queue
[2022-05-11 06:57:31,044] {logging_mixin.py:109} INFO - [2022-05-11 06:57:31,044] {dagbag.py:500} INFO - Filling up the DagBag from /home/airflow/.local/lib/python3.7/site-packages/airflow/example_dags/example_skip_dag.py
[2022-05-11 06:57:31,058] {processor.py:652} INFO - DAG(s) dict_keys(['example_skip_dag']) retrieved from /home/airflow/.local/lib/python3.7/site-packages/airflow/example_dags/example_skip_dag.py
[2022-05-11 06:57:31,083] {logging_mixin.py:109} INFO - [2022-05-11 06:57:31,083] {dag.py:2398} INFO - Sync 1 DAGs
[2022-05-11 06:57:31,099] {logging_mixin.py:109} INFO - [2022-05-11 06:57:31,099] {dag.py:2937} INFO - Setting next_dagrun for example_skip_dag to 2022-05-10T06:57:31.099112+00:00
[2022-05-11 06:57:31,115] {processor.py:171} INFO - Processing /home/airflow/.local/lib/python3.7/site-packages/airflow/example_dags/example_skip_dag.py took 0.078 seconds
[2022-05-11 06:58:01,718] {processor.py:163} INFO - Started process (PID=29130) to work on /home/airflow/.local/lib/python3.7/site-packages/airflow/example_dags/example_skip_dag.py
[2022-05-11 06:58:01,721] {processor.py:642} INFO - Processing file /home/airflow/.local/lib/python3.7/site-packages/airflow/example_dags/example_skip_dag.py for tasks to queue
[2022-05-11 06:58:01,722] {logging_mixin.py:109} INFO - [2022-05-11 06:58:01,722] {dagbag.py:500} INFO - Filling up the DagBag from /home/airflow/.local/lib/python3.7/site-packages/airflow/example_dags/example_skip_dag.py
[2022-05-11 06:58:01,741] {processor.py:652} INFO - DAG(s) dict_keys(['example_skip_dag']) retrieved from /home/airflow/.local/lib/python3.7/site-packages/airflow/example_dags/example_skip_dag.py
[2022-05-11 06:58:01,788] {logging_mixin.py:109} INFO - [2022-05-11 06:58:01,788] {dag.py:2398} INFO - Sync 1 DAGs
[2022-05-11 06:58:01,809] {logging_mixin.py:109} INFO - [2022-05-11 06:58:01,809] {dag.py:2937} INFO - Setting next_dagrun for example_skip_dag to 2022-05-10T06:58:01.809339+00:00
[2022-05-11 06:58:01,823] {processor.py:171} INFO - Processing /home/airflow/.local/lib/python3.7/site-packages/airflow/example_dags/example_skip_dag.py took 0.110 seconds
[2022-05-11 06:58:32,205] {processor.py:163} INFO - Started process (PID=29193) to work on /home/airflow/.local/lib/python3.7/site-packages/airflow/example_dags/example_skip_dag.py
[2022-05-11 06:58:32,207] {processor.py:642} INFO - Processing file /home/airflow/.local/lib/python3.7/site-packages/airflow/example_dags/example_skip_dag.py for tasks to queue
[2022-05-11 06:58:32,208] {logging_mixin.py:109} INFO - [2022-05-11 06:58:32,208] {dagbag.py:500} INFO - Filling up the DagBag from /home/airflow/.local/lib/python3.7/site-packages/airflow/example_dags/example_skip_dag.py
[2022-05-11 06:58:32,220] {processor.py:652} INFO - DAG(s) dict_keys(['example_skip_dag']) retrieved from /home/airflow/.local/lib/python3.7/site-packages/airflow/example_dags/example_skip_dag.py
[2022-05-11 06:58:32,242] {logging_mixin.py:109} INFO - [2022-05-11 06:58:32,242] {dag.py:2398} INFO - Sync 1 DAGs
[2022-05-11 06:58:32,256] {logging_mixin.py:109} INFO - [2022-05-11 06:58:32,256] {dag.py:2937} INFO - Setting next_dagrun for example_skip_dag to 2022-05-10T06:58:32.256340+00:00
[2022-05-11 06:58:32,271] {processor.py:171} INFO - Processing /home/airflow/.local/lib/python3.7/site-packages/airflow/example_dags/example_skip_dag.py took 0.070 seconds
[2022-05-11 06:59:02,392] {processor.py:163} INFO - Started process (PID=29264) to work on /home/airflow/.local/lib/python3.7/site-packages/airflow/example_dags/example_skip_dag.py
[2022-05-11 06:59:02,394] {processor.py:642} INFO - Processing file /home/airflow/.local/lib/python3.7/site-packages/airflow/example_dags/example_skip_dag.py for tasks to queue
[2022-05-11 06:59:02,396] {logging_mixin.py:109} INFO - [2022-05-11 06:59:02,396] {dagbag.py:500} INFO - Filling up the DagBag from /home/airflow/.local/lib/python3.7/site-packages/airflow/example_dags/example_skip_dag.py
[2022-05-11 06:59:02,411] {processor.py:652} INFO - DAG(s) dict_keys(['example_skip_dag']) retrieved from /home/airflow/.local/lib/python3.7/site-packages/airflow/example_dags/example_skip_dag.py
[2022-05-11 06:59:02,435] {logging_mixin.py:109} INFO - [2022-05-11 06:59:02,435] {dag.py:2398} INFO - Sync 1 DAGs
[2022-05-11 06:59:02,455] {logging_mixin.py:109} INFO - [2022-05-11 06:59:02,455] {dag.py:2937} INFO - Setting next_dagrun for example_skip_dag to 2022-05-10T06:59:02.455036+00:00
[2022-05-11 06:59:02,474] {processor.py:171} INFO - Processing /home/airflow/.local/lib/python3.7/site-packages/airflow/example_dags/example_skip_dag.py took 0.086 seconds
[2022-05-11 06:59:32,890] {processor.py:163} INFO - Started process (PID=29337) to work on /home/airflow/.local/lib/python3.7/site-packages/airflow/example_dags/example_skip_dag.py
[2022-05-11 06:59:32,892] {processor.py:642} INFO - Processing file /home/airflow/.local/lib/python3.7/site-packages/airflow/example_dags/example_skip_dag.py for tasks to queue
[2022-05-11 06:59:32,893] {logging_mixin.py:109} INFO - [2022-05-11 06:59:32,893] {dagbag.py:500} INFO - Filling up the DagBag from /home/airflow/.local/lib/python3.7/site-packages/airflow/example_dags/example_skip_dag.py
[2022-05-11 06:59:32,905] {processor.py:652} INFO - DAG(s) dict_keys(['example_skip_dag']) retrieved from /home/airflow/.local/lib/python3.7/site-packages/airflow/example_dags/example_skip_dag.py
[2022-05-11 06:59:32,929] {logging_mixin.py:109} INFO - [2022-05-11 06:59:32,929] {dag.py:2398} INFO - Sync 1 DAGs
[2022-05-11 06:59:32,945] {logging_mixin.py:109} INFO - [2022-05-11 06:59:32,945] {dag.py:2937} INFO - Setting next_dagrun for example_skip_dag to 2022-05-10T06:59:32.944856+00:00
[2022-05-11 06:59:32,961] {processor.py:171} INFO - Processing /home/airflow/.local/lib/python3.7/site-packages/airflow/example_dags/example_skip_dag.py took 0.074 seconds
[2022-05-11 07:00:03,132] {processor.py:163} INFO - Started process (PID=29401) to work on /home/airflow/.local/lib/python3.7/site-packages/airflow/example_dags/example_skip_dag.py
[2022-05-11 07:00:03,133] {processor.py:642} INFO - Processing file /home/airflow/.local/lib/python3.7/site-packages/airflow/example_dags/example_skip_dag.py for tasks to queue
[2022-05-11 07:00:03,134] {logging_mixin.py:109} INFO - [2022-05-11 07:00:03,134] {dagbag.py:500} INFO - Filling up the DagBag from /home/airflow/.local/lib/python3.7/site-packages/airflow/example_dags/example_skip_dag.py
[2022-05-11 07:00:03,148] {processor.py:652} INFO - DAG(s) dict_keys(['example_skip_dag']) retrieved from /home/airflow/.local/lib/python3.7/site-packages/airflow/example_dags/example_skip_dag.py
[2022-05-11 07:00:03,170] {logging_mixin.py:109} INFO - [2022-05-11 07:00:03,170] {dag.py:2398} INFO - Sync 1 DAGs
[2022-05-11 07:00:03,186] {logging_mixin.py:109} INFO - [2022-05-11 07:00:03,186] {dag.py:2937} INFO - Setting next_dagrun for example_skip_dag to 2022-05-10T07:00:03.186052+00:00
[2022-05-11 07:00:03,200] {processor.py:171} INFO - Processing /home/airflow/.local/lib/python3.7/site-packages/airflow/example_dags/example_skip_dag.py took 0.072 seconds
[2022-05-11 07:00:33,600] {processor.py:163} INFO - Started process (PID=29475) to work on /home/airflow/.local/lib/python3.7/site-packages/airflow/example_dags/example_skip_dag.py
[2022-05-11 07:00:33,601] {processor.py:642} INFO - Processing file /home/airflow/.local/lib/python3.7/site-packages/airflow/example_dags/example_skip_dag.py for tasks to queue
[2022-05-11 07:00:33,602] {logging_mixin.py:109} INFO - [2022-05-11 07:00:33,602] {dagbag.py:500} INFO - Filling up the DagBag from /home/airflow/.local/lib/python3.7/site-packages/airflow/example_dags/example_skip_dag.py
[2022-05-11 07:00:33,619] {processor.py:652} INFO - DAG(s) dict_keys(['example_skip_dag']) retrieved from /home/airflow/.local/lib/python3.7/site-packages/airflow/example_dags/example_skip_dag.py
[2022-05-11 07:00:33,644] {logging_mixin.py:109} INFO - [2022-05-11 07:00:33,644] {dag.py:2398} INFO - Sync 1 DAGs
[2022-05-11 07:00:33,665] {logging_mixin.py:109} INFO - [2022-05-11 07:00:33,665] {dag.py:2937} INFO - Setting next_dagrun for example_skip_dag to 2022-05-10T07:00:33.664825+00:00
[2022-05-11 07:00:33,681] {processor.py:171} INFO - Processing /home/airflow/.local/lib/python3.7/site-packages/airflow/example_dags/example_skip_dag.py took 0.085 seconds
[2022-05-11 07:01:03,830] {processor.py:163} INFO - Started process (PID=29537) to work on /home/airflow/.local/lib/python3.7/site-packages/airflow/example_dags/example_skip_dag.py
[2022-05-11 07:01:03,831] {processor.py:642} INFO - Processing file /home/airflow/.local/lib/python3.7/site-packages/airflow/example_dags/example_skip_dag.py for tasks to queue
[2022-05-11 07:01:03,832] {logging_mixin.py:109} INFO - [2022-05-11 07:01:03,831] {dagbag.py:500} INFO - Filling up the DagBag from /home/airflow/.local/lib/python3.7/site-packages/airflow/example_dags/example_skip_dag.py
[2022-05-11 07:01:03,845] {processor.py:652} INFO - DAG(s) dict_keys(['example_skip_dag']) retrieved from /home/airflow/.local/lib/python3.7/site-packages/airflow/example_dags/example_skip_dag.py
[2022-05-11 07:01:03,864] {logging_mixin.py:109} INFO - [2022-05-11 07:01:03,863] {dag.py:2398} INFO - Sync 1 DAGs
[2022-05-11 07:01:03,876] {logging_mixin.py:109} INFO - [2022-05-11 07:01:03,876] {dag.py:2937} INFO - Setting next_dagrun for example_skip_dag to 2022-05-10T07:01:03.876389+00:00
[2022-05-11 07:01:03,889] {processor.py:171} INFO - Processing /home/airflow/.local/lib/python3.7/site-packages/airflow/example_dags/example_skip_dag.py took 0.062 seconds
[2022-05-11 07:01:34,367] {processor.py:163} INFO - Started process (PID=29609) to work on /home/airflow/.local/lib/python3.7/site-packages/airflow/example_dags/example_skip_dag.py
[2022-05-11 07:01:34,369] {processor.py:642} INFO - Processing file /home/airflow/.local/lib/python3.7/site-packages/airflow/example_dags/example_skip_dag.py for tasks to queue
[2022-05-11 07:01:34,370] {logging_mixin.py:109} INFO - [2022-05-11 07:01:34,370] {dagbag.py:500} INFO - Filling up the DagBag from /home/airflow/.local/lib/python3.7/site-packages/airflow/example_dags/example_skip_dag.py
[2022-05-11 07:01:34,384] {processor.py:652} INFO - DAG(s) dict_keys(['example_skip_dag']) retrieved from /home/airflow/.local/lib/python3.7/site-packages/airflow/example_dags/example_skip_dag.py
[2022-05-11 07:01:34,403] {logging_mixin.py:109} INFO - [2022-05-11 07:01:34,403] {dag.py:2398} INFO - Sync 1 DAGs
[2022-05-11 07:01:34,417] {logging_mixin.py:109} INFO - [2022-05-11 07:01:34,417] {dag.py:2937} INFO - Setting next_dagrun for example_skip_dag to 2022-05-10T07:01:34.417597+00:00
[2022-05-11 07:01:34,433] {processor.py:171} INFO - Processing /home/airflow/.local/lib/python3.7/site-packages/airflow/example_dags/example_skip_dag.py took 0.070 seconds
[2022-05-11 07:02:04,619] {processor.py:163} INFO - Started process (PID=29672) to work on /home/airflow/.local/lib/python3.7/site-packages/airflow/example_dags/example_skip_dag.py
[2022-05-11 07:02:04,621] {processor.py:642} INFO - Processing file /home/airflow/.local/lib/python3.7/site-packages/airflow/example_dags/example_skip_dag.py for tasks to queue
[2022-05-11 07:02:04,622] {logging_mixin.py:109} INFO - [2022-05-11 07:02:04,622] {dagbag.py:500} INFO - Filling up the DagBag from /home/airflow/.local/lib/python3.7/site-packages/airflow/example_dags/example_skip_dag.py
[2022-05-11 07:02:04,637] {processor.py:652} INFO - DAG(s) dict_keys(['example_skip_dag']) retrieved from /home/airflow/.local/lib/python3.7/site-packages/airflow/example_dags/example_skip_dag.py
[2022-05-11 07:02:04,659] {logging_mixin.py:109} INFO - [2022-05-11 07:02:04,659] {dag.py:2398} INFO - Sync 1 DAGs
[2022-05-11 07:02:04,672] {logging_mixin.py:109} INFO - [2022-05-11 07:02:04,672] {dag.py:2937} INFO - Setting next_dagrun for example_skip_dag to 2022-05-10T07:02:04.672542+00:00
[2022-05-11 07:02:04,685] {processor.py:171} INFO - Processing /home/airflow/.local/lib/python3.7/site-packages/airflow/example_dags/example_skip_dag.py took 0.069 seconds
[2022-05-11 07:02:35,097] {processor.py:163} INFO - Started process (PID=29746) to work on /home/airflow/.local/lib/python3.7/site-packages/airflow/example_dags/example_skip_dag.py
[2022-05-11 07:02:35,099] {processor.py:642} INFO - Processing file /home/airflow/.local/lib/python3.7/site-packages/airflow/example_dags/example_skip_dag.py for tasks to queue
[2022-05-11 07:02:35,101] {logging_mixin.py:109} INFO - [2022-05-11 07:02:35,101] {dagbag.py:500} INFO - Filling up the DagBag from /home/airflow/.local/lib/python3.7/site-packages/airflow/example_dags/example_skip_dag.py
[2022-05-11 07:02:35,120] {processor.py:652} INFO - DAG(s) dict_keys(['example_skip_dag']) retrieved from /home/airflow/.local/lib/python3.7/site-packages/airflow/example_dags/example_skip_dag.py
[2022-05-11 07:02:35,146] {logging_mixin.py:109} INFO - [2022-05-11 07:02:35,146] {dag.py:2398} INFO - Sync 1 DAGs
[2022-05-11 07:02:35,165] {logging_mixin.py:109} INFO - [2022-05-11 07:02:35,165] {dag.py:2937} INFO - Setting next_dagrun for example_skip_dag to 2022-05-10T07:02:35.164688+00:00
[2022-05-11 07:02:35,178] {processor.py:171} INFO - Processing /home/airflow/.local/lib/python3.7/site-packages/airflow/example_dags/example_skip_dag.py took 0.086 seconds
[2022-05-11 07:03:05,684] {processor.py:163} INFO - Started process (PID=29809) to work on /home/airflow/.local/lib/python3.7/site-packages/airflow/example_dags/example_skip_dag.py
[2022-05-11 07:03:05,686] {processor.py:642} INFO - Processing file /home/airflow/.local/lib/python3.7/site-packages/airflow/example_dags/example_skip_dag.py for tasks to queue
[2022-05-11 07:03:05,687] {logging_mixin.py:109} INFO - [2022-05-11 07:03:05,686] {dagbag.py:500} INFO - Filling up the DagBag from /home/airflow/.local/lib/python3.7/site-packages/airflow/example_dags/example_skip_dag.py
[2022-05-11 07:03:05,700] {processor.py:652} INFO - DAG(s) dict_keys(['example_skip_dag']) retrieved from /home/airflow/.local/lib/python3.7/site-packages/airflow/example_dags/example_skip_dag.py
[2022-05-11 07:03:05,723] {logging_mixin.py:109} INFO - [2022-05-11 07:03:05,723] {dag.py:2398} INFO - Sync 1 DAGs
[2022-05-11 07:03:05,737] {logging_mixin.py:109} INFO - [2022-05-11 07:03:05,736] {dag.py:2937} INFO - Setting next_dagrun for example_skip_dag to 2022-05-10T07:03:05.736622+00:00
[2022-05-11 07:03:05,752] {processor.py:171} INFO - Processing /home/airflow/.local/lib/python3.7/site-packages/airflow/example_dags/example_skip_dag.py took 0.072 seconds
[2022-05-11 07:03:36,182] {processor.py:163} INFO - Started process (PID=29880) to work on /home/airflow/.local/lib/python3.7/site-packages/airflow/example_dags/example_skip_dag.py
[2022-05-11 07:03:36,184] {processor.py:642} INFO - Processing file /home/airflow/.local/lib/python3.7/site-packages/airflow/example_dags/example_skip_dag.py for tasks to queue
[2022-05-11 07:03:36,186] {logging_mixin.py:109} INFO - [2022-05-11 07:03:36,185] {dagbag.py:500} INFO - Filling up the DagBag from /home/airflow/.local/lib/python3.7/site-packages/airflow/example_dags/example_skip_dag.py
[2022-05-11 07:03:36,203] {processor.py:652} INFO - DAG(s) dict_keys(['example_skip_dag']) retrieved from /home/airflow/.local/lib/python3.7/site-packages/airflow/example_dags/example_skip_dag.py
[2022-05-11 07:03:36,227] {logging_mixin.py:109} INFO - [2022-05-11 07:03:36,227] {dag.py:2398} INFO - Sync 1 DAGs
[2022-05-11 07:03:36,245] {logging_mixin.py:109} INFO - [2022-05-11 07:03:36,245] {dag.py:2937} INFO - Setting next_dagrun for example_skip_dag to 2022-05-10T07:03:36.244745+00:00
[2022-05-11 07:03:36,261] {processor.py:171} INFO - Processing /home/airflow/.local/lib/python3.7/site-packages/airflow/example_dags/example_skip_dag.py took 0.083 seconds
[2022-05-11 07:04:07,051] {processor.py:163} INFO - Started process (PID=29943) to work on /home/airflow/.local/lib/python3.7/site-packages/airflow/example_dags/example_skip_dag.py
[2022-05-11 07:04:07,052] {processor.py:642} INFO - Processing file /home/airflow/.local/lib/python3.7/site-packages/airflow/example_dags/example_skip_dag.py for tasks to queue
[2022-05-11 07:04:07,053] {logging_mixin.py:109} INFO - [2022-05-11 07:04:07,053] {dagbag.py:500} INFO - Filling up the DagBag from /home/airflow/.local/lib/python3.7/site-packages/airflow/example_dags/example_skip_dag.py
[2022-05-11 07:04:07,066] {processor.py:652} INFO - DAG(s) dict_keys(['example_skip_dag']) retrieved from /home/airflow/.local/lib/python3.7/site-packages/airflow/example_dags/example_skip_dag.py
[2022-05-11 07:04:07,085] {logging_mixin.py:109} INFO - [2022-05-11 07:04:07,085] {dag.py:2398} INFO - Sync 1 DAGs
[2022-05-11 07:04:07,098] {logging_mixin.py:109} INFO - [2022-05-11 07:04:07,098] {dag.py:2937} INFO - Setting next_dagrun for example_skip_dag to 2022-05-10T07:04:07.098660+00:00
[2022-05-11 07:04:07,117] {processor.py:171} INFO - Processing /home/airflow/.local/lib/python3.7/site-packages/airflow/example_dags/example_skip_dag.py took 0.069 seconds
[2022-05-11 07:04:37,485] {processor.py:163} INFO - Started process (PID=30016) to work on /home/airflow/.local/lib/python3.7/site-packages/airflow/example_dags/example_skip_dag.py
[2022-05-11 07:04:37,488] {processor.py:642} INFO - Processing file /home/airflow/.local/lib/python3.7/site-packages/airflow/example_dags/example_skip_dag.py for tasks to queue
[2022-05-11 07:04:37,489] {logging_mixin.py:109} INFO - [2022-05-11 07:04:37,488] {dagbag.py:500} INFO - Filling up the DagBag from /home/airflow/.local/lib/python3.7/site-packages/airflow/example_dags/example_skip_dag.py
[2022-05-11 07:04:37,503] {processor.py:652} INFO - DAG(s) dict_keys(['example_skip_dag']) retrieved from /home/airflow/.local/lib/python3.7/site-packages/airflow/example_dags/example_skip_dag.py
[2022-05-11 07:04:37,525] {logging_mixin.py:109} INFO - [2022-05-11 07:04:37,525] {dag.py:2398} INFO - Sync 1 DAGs
[2022-05-11 07:04:37,537] {logging_mixin.py:109} INFO - [2022-05-11 07:04:37,537] {dag.py:2937} INFO - Setting next_dagrun for example_skip_dag to 2022-05-10T07:04:37.537637+00:00
[2022-05-11 07:04:37,554] {processor.py:171} INFO - Processing /home/airflow/.local/lib/python3.7/site-packages/airflow/example_dags/example_skip_dag.py took 0.071 seconds
[2022-05-11 07:05:07,976] {processor.py:163} INFO - Started process (PID=30080) to work on /home/airflow/.local/lib/python3.7/site-packages/airflow/example_dags/example_skip_dag.py
[2022-05-11 07:05:07,977] {processor.py:642} INFO - Processing file /home/airflow/.local/lib/python3.7/site-packages/airflow/example_dags/example_skip_dag.py for tasks to queue
[2022-05-11 07:05:07,978] {logging_mixin.py:109} INFO - [2022-05-11 07:05:07,978] {dagbag.py:500} INFO - Filling up the DagBag from /home/airflow/.local/lib/python3.7/site-packages/airflow/example_dags/example_skip_dag.py
[2022-05-11 07:05:07,990] {processor.py:652} INFO - DAG(s) dict_keys(['example_skip_dag']) retrieved from /home/airflow/.local/lib/python3.7/site-packages/airflow/example_dags/example_skip_dag.py
[2022-05-11 07:05:08,013] {logging_mixin.py:109} INFO - [2022-05-11 07:05:08,013] {dag.py:2398} INFO - Sync 1 DAGs
[2022-05-11 07:05:08,028] {logging_mixin.py:109} INFO - [2022-05-11 07:05:08,028] {dag.py:2937} INFO - Setting next_dagrun for example_skip_dag to 2022-05-10T07:05:08.027711+00:00
[2022-05-11 07:05:08,041] {processor.py:171} INFO - Processing /home/airflow/.local/lib/python3.7/site-packages/airflow/example_dags/example_skip_dag.py took 0.068 seconds
[2022-05-11 07:05:38,476] {processor.py:163} INFO - Started process (PID=30154) to work on /home/airflow/.local/lib/python3.7/site-packages/airflow/example_dags/example_skip_dag.py
[2022-05-11 07:05:38,477] {processor.py:642} INFO - Processing file /home/airflow/.local/lib/python3.7/site-packages/airflow/example_dags/example_skip_dag.py for tasks to queue
[2022-05-11 07:05:38,478] {logging_mixin.py:109} INFO - [2022-05-11 07:05:38,478] {dagbag.py:500} INFO - Filling up the DagBag from /home/airflow/.local/lib/python3.7/site-packages/airflow/example_dags/example_skip_dag.py
[2022-05-11 07:05:38,493] {processor.py:652} INFO - DAG(s) dict_keys(['example_skip_dag']) retrieved from /home/airflow/.local/lib/python3.7/site-packages/airflow/example_dags/example_skip_dag.py
[2022-05-11 07:05:38,511] {logging_mixin.py:109} INFO - [2022-05-11 07:05:38,511] {dag.py:2398} INFO - Sync 1 DAGs
[2022-05-11 07:05:38,524] {logging_mixin.py:109} INFO - [2022-05-11 07:05:38,524] {dag.py:2937} INFO - Setting next_dagrun for example_skip_dag to 2022-05-10T07:05:38.523985+00:00
[2022-05-11 07:05:38,541] {processor.py:171} INFO - Processing /home/airflow/.local/lib/python3.7/site-packages/airflow/example_dags/example_skip_dag.py took 0.067 seconds
[2022-05-11 07:06:08,908] {processor.py:163} INFO - Started process (PID=30226) to work on /home/airflow/.local/lib/python3.7/site-packages/airflow/example_dags/example_skip_dag.py
[2022-05-11 07:06:08,910] {processor.py:642} INFO - Processing file /home/airflow/.local/lib/python3.7/site-packages/airflow/example_dags/example_skip_dag.py for tasks to queue
[2022-05-11 07:06:08,912] {logging_mixin.py:109} INFO - [2022-05-11 07:06:08,911] {dagbag.py:500} INFO - Filling up the DagBag from /home/airflow/.local/lib/python3.7/site-packages/airflow/example_dags/example_skip_dag.py
[2022-05-11 07:06:08,925] {processor.py:652} INFO - DAG(s) dict_keys(['example_skip_dag']) retrieved from /home/airflow/.local/lib/python3.7/site-packages/airflow/example_dags/example_skip_dag.py
[2022-05-11 07:06:08,949] {logging_mixin.py:109} INFO - [2022-05-11 07:06:08,949] {dag.py:2398} INFO - Sync 1 DAGs
[2022-05-11 07:06:08,966] {logging_mixin.py:109} INFO - [2022-05-11 07:06:08,966] {dag.py:2937} INFO - Setting next_dagrun for example_skip_dag to 2022-05-10T07:06:08.965971+00:00
[2022-05-11 07:06:08,981] {processor.py:171} INFO - Processing /home/airflow/.local/lib/python3.7/site-packages/airflow/example_dags/example_skip_dag.py took 0.077 seconds
[2022-05-11 07:06:39,406] {processor.py:163} INFO - Started process (PID=30288) to work on /home/airflow/.local/lib/python3.7/site-packages/airflow/example_dags/example_skip_dag.py
[2022-05-11 07:06:39,407] {processor.py:642} INFO - Processing file /home/airflow/.local/lib/python3.7/site-packages/airflow/example_dags/example_skip_dag.py for tasks to queue
[2022-05-11 07:06:39,408] {logging_mixin.py:109} INFO - [2022-05-11 07:06:39,408] {dagbag.py:500} INFO - Filling up the DagBag from /home/airflow/.local/lib/python3.7/site-packages/airflow/example_dags/example_skip_dag.py
[2022-05-11 07:06:39,420] {processor.py:652} INFO - DAG(s) dict_keys(['example_skip_dag']) retrieved from /home/airflow/.local/lib/python3.7/site-packages/airflow/example_dags/example_skip_dag.py
[2022-05-11 07:06:39,440] {logging_mixin.py:109} INFO - [2022-05-11 07:06:39,440] {dag.py:2398} INFO - Sync 1 DAGs
[2022-05-11 07:06:39,454] {logging_mixin.py:109} INFO - [2022-05-11 07:06:39,453] {dag.py:2937} INFO - Setting next_dagrun for example_skip_dag to 2022-05-10T07:06:39.453541+00:00
[2022-05-11 07:06:39,469] {processor.py:171} INFO - Processing /home/airflow/.local/lib/python3.7/site-packages/airflow/example_dags/example_skip_dag.py took 0.066 seconds
[2022-05-11 07:07:09,959] {processor.py:163} INFO - Started process (PID=30359) to work on /home/airflow/.local/lib/python3.7/site-packages/airflow/example_dags/example_skip_dag.py
[2022-05-11 07:07:09,961] {processor.py:642} INFO - Processing file /home/airflow/.local/lib/python3.7/site-packages/airflow/example_dags/example_skip_dag.py for tasks to queue
[2022-05-11 07:07:09,962] {logging_mixin.py:109} INFO - [2022-05-11 07:07:09,962] {dagbag.py:500} INFO - Filling up the DagBag from /home/airflow/.local/lib/python3.7/site-packages/airflow/example_dags/example_skip_dag.py
[2022-05-11 07:07:09,975] {processor.py:652} INFO - DAG(s) dict_keys(['example_skip_dag']) retrieved from /home/airflow/.local/lib/python3.7/site-packages/airflow/example_dags/example_skip_dag.py
[2022-05-11 07:07:09,998] {logging_mixin.py:109} INFO - [2022-05-11 07:07:09,998] {dag.py:2398} INFO - Sync 1 DAGs
[2022-05-11 07:07:10,014] {logging_mixin.py:109} INFO - [2022-05-11 07:07:10,014] {dag.py:2937} INFO - Setting next_dagrun for example_skip_dag to 2022-05-10T07:07:10.014162+00:00
[2022-05-11 07:07:10,028] {processor.py:171} INFO - Processing /home/airflow/.local/lib/python3.7/site-packages/airflow/example_dags/example_skip_dag.py took 0.072 seconds
[2022-05-11 07:07:41,069] {processor.py:163} INFO - Started process (PID=30423) to work on /home/airflow/.local/lib/python3.7/site-packages/airflow/example_dags/example_skip_dag.py
[2022-05-11 07:07:41,071] {processor.py:642} INFO - Processing file /home/airflow/.local/lib/python3.7/site-packages/airflow/example_dags/example_skip_dag.py for tasks to queue
[2022-05-11 07:07:41,072] {logging_mixin.py:109} INFO - [2022-05-11 07:07:41,072] {dagbag.py:500} INFO - Filling up the DagBag from /home/airflow/.local/lib/python3.7/site-packages/airflow/example_dags/example_skip_dag.py
[2022-05-11 07:07:41,084] {processor.py:652} INFO - DAG(s) dict_keys(['example_skip_dag']) retrieved from /home/airflow/.local/lib/python3.7/site-packages/airflow/example_dags/example_skip_dag.py
[2022-05-11 07:07:41,101] {logging_mixin.py:109} INFO - [2022-05-11 07:07:41,101] {dag.py:2398} INFO - Sync 1 DAGs
[2022-05-11 07:07:41,115] {logging_mixin.py:109} INFO - [2022-05-11 07:07:41,114] {dag.py:2937} INFO - Setting next_dagrun for example_skip_dag to 2022-05-10T07:07:41.114402+00:00
[2022-05-11 07:07:41,128] {processor.py:171} INFO - Processing /home/airflow/.local/lib/python3.7/site-packages/airflow/example_dags/example_skip_dag.py took 0.063 seconds
[2022-05-11 07:08:11,551] {processor.py:163} INFO - Started process (PID=30495) to work on /home/airflow/.local/lib/python3.7/site-packages/airflow/example_dags/example_skip_dag.py
[2022-05-11 07:08:11,553] {processor.py:642} INFO - Processing file /home/airflow/.local/lib/python3.7/site-packages/airflow/example_dags/example_skip_dag.py for tasks to queue
[2022-05-11 07:08:11,555] {logging_mixin.py:109} INFO - [2022-05-11 07:08:11,555] {dagbag.py:500} INFO - Filling up the DagBag from /home/airflow/.local/lib/python3.7/site-packages/airflow/example_dags/example_skip_dag.py
[2022-05-11 07:08:11,573] {processor.py:652} INFO - DAG(s) dict_keys(['example_skip_dag']) retrieved from /home/airflow/.local/lib/python3.7/site-packages/airflow/example_dags/example_skip_dag.py
[2022-05-11 07:08:11,596] {logging_mixin.py:109} INFO - [2022-05-11 07:08:11,596] {dag.py:2398} INFO - Sync 1 DAGs
[2022-05-11 07:08:11,611] {logging_mixin.py:109} INFO - [2022-05-11 07:08:11,611] {dag.py:2937} INFO - Setting next_dagrun for example_skip_dag to 2022-05-10T07:08:11.611330+00:00
[2022-05-11 07:08:11,625] {processor.py:171} INFO - Processing /home/airflow/.local/lib/python3.7/site-packages/airflow/example_dags/example_skip_dag.py took 0.078 seconds
[2022-05-11 07:08:41,953] {processor.py:163} INFO - Started process (PID=30557) to work on /home/airflow/.local/lib/python3.7/site-packages/airflow/example_dags/example_skip_dag.py
[2022-05-11 07:08:41,955] {processor.py:642} INFO - Processing file /home/airflow/.local/lib/python3.7/site-packages/airflow/example_dags/example_skip_dag.py for tasks to queue
[2022-05-11 07:08:41,956] {logging_mixin.py:109} INFO - [2022-05-11 07:08:41,956] {dagbag.py:500} INFO - Filling up the DagBag from /home/airflow/.local/lib/python3.7/site-packages/airflow/example_dags/example_skip_dag.py
[2022-05-11 07:08:41,969] {processor.py:652} INFO - DAG(s) dict_keys(['example_skip_dag']) retrieved from /home/airflow/.local/lib/python3.7/site-packages/airflow/example_dags/example_skip_dag.py
[2022-05-11 07:08:41,990] {logging_mixin.py:109} INFO - [2022-05-11 07:08:41,990] {dag.py:2398} INFO - Sync 1 DAGs
[2022-05-11 07:08:42,004] {logging_mixin.py:109} INFO - [2022-05-11 07:08:42,003] {dag.py:2937} INFO - Setting next_dagrun for example_skip_dag to 2022-05-10T07:08:42.003707+00:00
[2022-05-11 07:08:42,020] {processor.py:171} INFO - Processing /home/airflow/.local/lib/python3.7/site-packages/airflow/example_dags/example_skip_dag.py took 0.070 seconds
[2022-05-11 07:09:12,303] {processor.py:163} INFO - Started process (PID=30630) to work on /home/airflow/.local/lib/python3.7/site-packages/airflow/example_dags/example_skip_dag.py
[2022-05-11 07:09:12,305] {processor.py:642} INFO - Processing file /home/airflow/.local/lib/python3.7/site-packages/airflow/example_dags/example_skip_dag.py for tasks to queue
[2022-05-11 07:09:12,306] {logging_mixin.py:109} INFO - [2022-05-11 07:09:12,306] {dagbag.py:500} INFO - Filling up the DagBag from /home/airflow/.local/lib/python3.7/site-packages/airflow/example_dags/example_skip_dag.py
[2022-05-11 07:09:12,319] {processor.py:652} INFO - DAG(s) dict_keys(['example_skip_dag']) retrieved from /home/airflow/.local/lib/python3.7/site-packages/airflow/example_dags/example_skip_dag.py
[2022-05-11 07:09:12,342] {logging_mixin.py:109} INFO - [2022-05-11 07:09:12,342] {dag.py:2398} INFO - Sync 1 DAGs
[2022-05-11 07:09:12,360] {logging_mixin.py:109} INFO - [2022-05-11 07:09:12,360] {dag.py:2937} INFO - Setting next_dagrun for example_skip_dag to 2022-05-10T07:09:12.359846+00:00
[2022-05-11 07:09:12,378] {processor.py:171} INFO - Processing /home/airflow/.local/lib/python3.7/site-packages/airflow/example_dags/example_skip_dag.py took 0.078 seconds
[2022-05-11 07:09:42,822] {processor.py:163} INFO - Started process (PID=30701) to work on /home/airflow/.local/lib/python3.7/site-packages/airflow/example_dags/example_skip_dag.py
[2022-05-11 07:09:42,824] {processor.py:642} INFO - Processing file /home/airflow/.local/lib/python3.7/site-packages/airflow/example_dags/example_skip_dag.py for tasks to queue
[2022-05-11 07:09:42,824] {logging_mixin.py:109} INFO - [2022-05-11 07:09:42,824] {dagbag.py:500} INFO - Filling up the DagBag from /home/airflow/.local/lib/python3.7/site-packages/airflow/example_dags/example_skip_dag.py
[2022-05-11 07:09:42,837] {processor.py:652} INFO - DAG(s) dict_keys(['example_skip_dag']) retrieved from /home/airflow/.local/lib/python3.7/site-packages/airflow/example_dags/example_skip_dag.py
[2022-05-11 07:09:42,861] {logging_mixin.py:109} INFO - [2022-05-11 07:09:42,861] {dag.py:2398} INFO - Sync 1 DAGs
[2022-05-11 07:09:42,877] {logging_mixin.py:109} INFO - [2022-05-11 07:09:42,877] {dag.py:2937} INFO - Setting next_dagrun for example_skip_dag to 2022-05-10T07:09:42.876807+00:00
[2022-05-11 07:09:42,892] {processor.py:171} INFO - Processing /home/airflow/.local/lib/python3.7/site-packages/airflow/example_dags/example_skip_dag.py took 0.073 seconds
[2022-05-11 07:10:13,371] {processor.py:163} INFO - Started process (PID=30764) to work on /home/airflow/.local/lib/python3.7/site-packages/airflow/example_dags/example_skip_dag.py
[2022-05-11 07:10:13,374] {processor.py:642} INFO - Processing file /home/airflow/.local/lib/python3.7/site-packages/airflow/example_dags/example_skip_dag.py for tasks to queue
[2022-05-11 07:10:13,375] {logging_mixin.py:109} INFO - [2022-05-11 07:10:13,375] {dagbag.py:500} INFO - Filling up the DagBag from /home/airflow/.local/lib/python3.7/site-packages/airflow/example_dags/example_skip_dag.py
[2022-05-11 07:10:13,391] {processor.py:652} INFO - DAG(s) dict_keys(['example_skip_dag']) retrieved from /home/airflow/.local/lib/python3.7/site-packages/airflow/example_dags/example_skip_dag.py
[2022-05-11 07:10:13,417] {logging_mixin.py:109} INFO - [2022-05-11 07:10:13,416] {dag.py:2398} INFO - Sync 1 DAGs
[2022-05-11 07:10:13,430] {logging_mixin.py:109} INFO - [2022-05-11 07:10:13,430] {dag.py:2937} INFO - Setting next_dagrun for example_skip_dag to 2022-05-10T07:10:13.429741+00:00
[2022-05-11 07:10:13,445] {processor.py:171} INFO - Processing /home/airflow/.local/lib/python3.7/site-packages/airflow/example_dags/example_skip_dag.py took 0.078 seconds
[2022-05-11 07:10:44,195] {processor.py:163} INFO - Started process (PID=30837) to work on /home/airflow/.local/lib/python3.7/site-packages/airflow/example_dags/example_skip_dag.py
[2022-05-11 07:10:44,196] {processor.py:642} INFO - Processing file /home/airflow/.local/lib/python3.7/site-packages/airflow/example_dags/example_skip_dag.py for tasks to queue
[2022-05-11 07:10:44,197] {logging_mixin.py:109} INFO - [2022-05-11 07:10:44,197] {dagbag.py:500} INFO - Filling up the DagBag from /home/airflow/.local/lib/python3.7/site-packages/airflow/example_dags/example_skip_dag.py
[2022-05-11 07:10:44,211] {processor.py:652} INFO - DAG(s) dict_keys(['example_skip_dag']) retrieved from /home/airflow/.local/lib/python3.7/site-packages/airflow/example_dags/example_skip_dag.py
[2022-05-11 07:10:44,234] {logging_mixin.py:109} INFO - [2022-05-11 07:10:44,234] {dag.py:2398} INFO - Sync 1 DAGs
[2022-05-11 07:10:44,250] {logging_mixin.py:109} INFO - [2022-05-11 07:10:44,250] {dag.py:2937} INFO - Setting next_dagrun for example_skip_dag to 2022-05-10T07:10:44.250593+00:00
[2022-05-11 07:10:44,262] {processor.py:171} INFO - Processing /home/airflow/.local/lib/python3.7/site-packages/airflow/example_dags/example_skip_dag.py took 0.070 seconds
[2022-05-11 07:11:14,612] {processor.py:163} INFO - Started process (PID=30900) to work on /home/airflow/.local/lib/python3.7/site-packages/airflow/example_dags/example_skip_dag.py
[2022-05-11 07:11:14,614] {processor.py:642} INFO - Processing file /home/airflow/.local/lib/python3.7/site-packages/airflow/example_dags/example_skip_dag.py for tasks to queue
[2022-05-11 07:11:14,615] {logging_mixin.py:109} INFO - [2022-05-11 07:11:14,615] {dagbag.py:500} INFO - Filling up the DagBag from /home/airflow/.local/lib/python3.7/site-packages/airflow/example_dags/example_skip_dag.py
[2022-05-11 07:11:14,630] {processor.py:652} INFO - DAG(s) dict_keys(['example_skip_dag']) retrieved from /home/airflow/.local/lib/python3.7/site-packages/airflow/example_dags/example_skip_dag.py
[2022-05-11 07:11:14,653] {logging_mixin.py:109} INFO - [2022-05-11 07:11:14,653] {dag.py:2398} INFO - Sync 1 DAGs
[2022-05-11 07:11:14,669] {logging_mixin.py:109} INFO - [2022-05-11 07:11:14,669] {dag.py:2937} INFO - Setting next_dagrun for example_skip_dag to 2022-05-10T07:11:14.668661+00:00
[2022-05-11 07:11:14,683] {processor.py:171} INFO - Processing /home/airflow/.local/lib/python3.7/site-packages/airflow/example_dags/example_skip_dag.py took 0.074 seconds
[2022-05-11 07:11:45,017] {processor.py:163} INFO - Started process (PID=30973) to work on /home/airflow/.local/lib/python3.7/site-packages/airflow/example_dags/example_skip_dag.py
[2022-05-11 07:11:45,019] {processor.py:642} INFO - Processing file /home/airflow/.local/lib/python3.7/site-packages/airflow/example_dags/example_skip_dag.py for tasks to queue
[2022-05-11 07:11:45,020] {logging_mixin.py:109} INFO - [2022-05-11 07:11:45,020] {dagbag.py:500} INFO - Filling up the DagBag from /home/airflow/.local/lib/python3.7/site-packages/airflow/example_dags/example_skip_dag.py
[2022-05-11 07:11:45,034] {processor.py:652} INFO - DAG(s) dict_keys(['example_skip_dag']) retrieved from /home/airflow/.local/lib/python3.7/site-packages/airflow/example_dags/example_skip_dag.py
[2022-05-11 07:11:45,057] {logging_mixin.py:109} INFO - [2022-05-11 07:11:45,057] {dag.py:2398} INFO - Sync 1 DAGs
[2022-05-11 07:11:45,072] {logging_mixin.py:109} INFO - [2022-05-11 07:11:45,072] {dag.py:2937} INFO - Setting next_dagrun for example_skip_dag to 2022-05-10T07:11:45.071760+00:00
[2022-05-11 07:11:45,086] {processor.py:171} INFO - Processing /home/airflow/.local/lib/python3.7/site-packages/airflow/example_dags/example_skip_dag.py took 0.073 seconds
[2022-05-11 07:12:15,759] {processor.py:163} INFO - Started process (PID=31036) to work on /home/airflow/.local/lib/python3.7/site-packages/airflow/example_dags/example_skip_dag.py
[2022-05-11 07:12:15,760] {processor.py:642} INFO - Processing file /home/airflow/.local/lib/python3.7/site-packages/airflow/example_dags/example_skip_dag.py for tasks to queue
[2022-05-11 07:12:15,761] {logging_mixin.py:109} INFO - [2022-05-11 07:12:15,761] {dagbag.py:500} INFO - Filling up the DagBag from /home/airflow/.local/lib/python3.7/site-packages/airflow/example_dags/example_skip_dag.py
[2022-05-11 07:12:15,775] {processor.py:652} INFO - DAG(s) dict_keys(['example_skip_dag']) retrieved from /home/airflow/.local/lib/python3.7/site-packages/airflow/example_dags/example_skip_dag.py
[2022-05-11 07:12:15,798] {logging_mixin.py:109} INFO - [2022-05-11 07:12:15,798] {dag.py:2398} INFO - Sync 1 DAGs
[2022-05-11 07:12:15,814] {logging_mixin.py:109} INFO - [2022-05-11 07:12:15,814] {dag.py:2937} INFO - Setting next_dagrun for example_skip_dag to 2022-05-10T07:12:15.814226+00:00
[2022-05-11 07:12:15,829] {processor.py:171} INFO - Processing /home/airflow/.local/lib/python3.7/site-packages/airflow/example_dags/example_skip_dag.py took 0.074 seconds
[2022-05-11 07:12:45,986] {processor.py:163} INFO - Started process (PID=31110) to work on /home/airflow/.local/lib/python3.7/site-packages/airflow/example_dags/example_skip_dag.py
[2022-05-11 07:12:45,987] {processor.py:642} INFO - Processing file /home/airflow/.local/lib/python3.7/site-packages/airflow/example_dags/example_skip_dag.py for tasks to queue
[2022-05-11 07:12:45,988] {logging_mixin.py:109} INFO - [2022-05-11 07:12:45,988] {dagbag.py:500} INFO - Filling up the DagBag from /home/airflow/.local/lib/python3.7/site-packages/airflow/example_dags/example_skip_dag.py
[2022-05-11 07:12:46,002] {processor.py:652} INFO - DAG(s) dict_keys(['example_skip_dag']) retrieved from /home/airflow/.local/lib/python3.7/site-packages/airflow/example_dags/example_skip_dag.py
[2022-05-11 07:12:46,025] {logging_mixin.py:109} INFO - [2022-05-11 07:12:46,025] {dag.py:2398} INFO - Sync 1 DAGs
[2022-05-11 07:12:46,040] {logging_mixin.py:109} INFO - [2022-05-11 07:12:46,040] {dag.py:2937} INFO - Setting next_dagrun for example_skip_dag to 2022-05-10T07:12:46.040168+00:00
[2022-05-11 07:12:46,057] {processor.py:171} INFO - Processing /home/airflow/.local/lib/python3.7/site-packages/airflow/example_dags/example_skip_dag.py took 0.075 seconds
[2022-05-11 07:13:17,011] {processor.py:163} INFO - Started process (PID=31173) to work on /home/airflow/.local/lib/python3.7/site-packages/airflow/example_dags/example_skip_dag.py
[2022-05-11 07:13:17,013] {processor.py:642} INFO - Processing file /home/airflow/.local/lib/python3.7/site-packages/airflow/example_dags/example_skip_dag.py for tasks to queue
[2022-05-11 07:13:17,013] {logging_mixin.py:109} INFO - [2022-05-11 07:13:17,013] {dagbag.py:500} INFO - Filling up the DagBag from /home/airflow/.local/lib/python3.7/site-packages/airflow/example_dags/example_skip_dag.py
[2022-05-11 07:13:17,026] {processor.py:652} INFO - DAG(s) dict_keys(['example_skip_dag']) retrieved from /home/airflow/.local/lib/python3.7/site-packages/airflow/example_dags/example_skip_dag.py
[2022-05-11 07:13:17,049] {logging_mixin.py:109} INFO - [2022-05-11 07:13:17,048] {dag.py:2398} INFO - Sync 1 DAGs
[2022-05-11 07:13:17,063] {logging_mixin.py:109} INFO - [2022-05-11 07:13:17,063] {dag.py:2937} INFO - Setting next_dagrun for example_skip_dag to 2022-05-10T07:13:17.062738+00:00
[2022-05-11 07:13:17,078] {processor.py:171} INFO - Processing /home/airflow/.local/lib/python3.7/site-packages/airflow/example_dags/example_skip_dag.py took 0.070 seconds
[2022-05-11 07:13:47,395] {processor.py:163} INFO - Started process (PID=31247) to work on /home/airflow/.local/lib/python3.7/site-packages/airflow/example_dags/example_skip_dag.py
[2022-05-11 07:13:47,396] {processor.py:642} INFO - Processing file /home/airflow/.local/lib/python3.7/site-packages/airflow/example_dags/example_skip_dag.py for tasks to queue
[2022-05-11 07:13:47,397] {logging_mixin.py:109} INFO - [2022-05-11 07:13:47,397] {dagbag.py:500} INFO - Filling up the DagBag from /home/airflow/.local/lib/python3.7/site-packages/airflow/example_dags/example_skip_dag.py
[2022-05-11 07:13:47,413] {processor.py:652} INFO - DAG(s) dict_keys(['example_skip_dag']) retrieved from /home/airflow/.local/lib/python3.7/site-packages/airflow/example_dags/example_skip_dag.py
[2022-05-11 07:13:47,435] {logging_mixin.py:109} INFO - [2022-05-11 07:13:47,435] {dag.py:2398} INFO - Sync 1 DAGs
[2022-05-11 07:13:47,453] {logging_mixin.py:109} INFO - [2022-05-11 07:13:47,453] {dag.py:2937} INFO - Setting next_dagrun for example_skip_dag to 2022-05-10T07:13:47.452817+00:00
[2022-05-11 07:13:47,468] {processor.py:171} INFO - Processing /home/airflow/.local/lib/python3.7/site-packages/airflow/example_dags/example_skip_dag.py took 0.077 seconds
[2022-05-11 07:14:17,858] {processor.py:163} INFO - Started process (PID=31309) to work on /home/airflow/.local/lib/python3.7/site-packages/airflow/example_dags/example_skip_dag.py
[2022-05-11 07:14:17,860] {processor.py:642} INFO - Processing file /home/airflow/.local/lib/python3.7/site-packages/airflow/example_dags/example_skip_dag.py for tasks to queue
[2022-05-11 07:14:17,861] {logging_mixin.py:109} INFO - [2022-05-11 07:14:17,861] {dagbag.py:500} INFO - Filling up the DagBag from /home/airflow/.local/lib/python3.7/site-packages/airflow/example_dags/example_skip_dag.py
[2022-05-11 07:14:17,880] {processor.py:652} INFO - DAG(s) dict_keys(['example_skip_dag']) retrieved from /home/airflow/.local/lib/python3.7/site-packages/airflow/example_dags/example_skip_dag.py
[2022-05-11 07:14:17,979] {logging_mixin.py:109} INFO - [2022-05-11 07:14:17,978] {dag.py:2398} INFO - Sync 1 DAGs
[2022-05-11 07:14:18,001] {logging_mixin.py:109} INFO - [2022-05-11 07:14:18,001] {dag.py:2937} INFO - Setting next_dagrun for example_skip_dag to 2022-05-10T07:14:18.001097+00:00
[2022-05-11 07:14:18,015] {processor.py:171} INFO - Processing /home/airflow/.local/lib/python3.7/site-packages/airflow/example_dags/example_skip_dag.py took 0.161 seconds
[2022-05-11 07:14:48,286] {processor.py:163} INFO - Started process (PID=31382) to work on /home/airflow/.local/lib/python3.7/site-packages/airflow/example_dags/example_skip_dag.py
[2022-05-11 07:14:48,287] {processor.py:642} INFO - Processing file /home/airflow/.local/lib/python3.7/site-packages/airflow/example_dags/example_skip_dag.py for tasks to queue
[2022-05-11 07:14:48,288] {logging_mixin.py:109} INFO - [2022-05-11 07:14:48,288] {dagbag.py:500} INFO - Filling up the DagBag from /home/airflow/.local/lib/python3.7/site-packages/airflow/example_dags/example_skip_dag.py
[2022-05-11 07:14:48,303] {processor.py:652} INFO - DAG(s) dict_keys(['example_skip_dag']) retrieved from /home/airflow/.local/lib/python3.7/site-packages/airflow/example_dags/example_skip_dag.py
[2022-05-11 07:14:48,326] {logging_mixin.py:109} INFO - [2022-05-11 07:14:48,326] {dag.py:2398} INFO - Sync 1 DAGs
[2022-05-11 07:14:48,344] {logging_mixin.py:109} INFO - [2022-05-11 07:14:48,343] {dag.py:2937} INFO - Setting next_dagrun for example_skip_dag to 2022-05-10T07:14:48.343420+00:00
[2022-05-11 07:14:48,357] {processor.py:171} INFO - Processing /home/airflow/.local/lib/python3.7/site-packages/airflow/example_dags/example_skip_dag.py took 0.075 seconds
[2022-05-11 07:15:18,544] {processor.py:163} INFO - Started process (PID=31454) to work on /home/airflow/.local/lib/python3.7/site-packages/airflow/example_dags/example_skip_dag.py
[2022-05-11 07:15:18,546] {processor.py:642} INFO - Processing file /home/airflow/.local/lib/python3.7/site-packages/airflow/example_dags/example_skip_dag.py for tasks to queue
[2022-05-11 07:15:18,546] {logging_mixin.py:109} INFO - [2022-05-11 07:15:18,546] {dagbag.py:500} INFO - Filling up the DagBag from /home/airflow/.local/lib/python3.7/site-packages/airflow/example_dags/example_skip_dag.py
[2022-05-11 07:15:18,560] {processor.py:652} INFO - DAG(s) dict_keys(['example_skip_dag']) retrieved from /home/airflow/.local/lib/python3.7/site-packages/airflow/example_dags/example_skip_dag.py
[2022-05-11 07:15:18,586] {logging_mixin.py:109} INFO - [2022-05-11 07:15:18,586] {dag.py:2398} INFO - Sync 1 DAGs
[2022-05-11 07:15:18,601] {logging_mixin.py:109} INFO - [2022-05-11 07:15:18,601] {dag.py:2937} INFO - Setting next_dagrun for example_skip_dag to 2022-05-10T07:15:18.600855+00:00
[2022-05-11 07:15:18,619] {processor.py:171} INFO - Processing /home/airflow/.local/lib/python3.7/site-packages/airflow/example_dags/example_skip_dag.py took 0.078 seconds
[2022-05-11 07:15:48,922] {processor.py:163} INFO - Started process (PID=31520) to work on /home/airflow/.local/lib/python3.7/site-packages/airflow/example_dags/example_skip_dag.py
[2022-05-11 07:15:48,923] {processor.py:642} INFO - Processing file /home/airflow/.local/lib/python3.7/site-packages/airflow/example_dags/example_skip_dag.py for tasks to queue
[2022-05-11 07:15:48,924] {logging_mixin.py:109} INFO - [2022-05-11 07:15:48,924] {dagbag.py:500} INFO - Filling up the DagBag from /home/airflow/.local/lib/python3.7/site-packages/airflow/example_dags/example_skip_dag.py
[2022-05-11 07:15:48,938] {processor.py:652} INFO - DAG(s) dict_keys(['example_skip_dag']) retrieved from /home/airflow/.local/lib/python3.7/site-packages/airflow/example_dags/example_skip_dag.py
[2022-05-11 07:15:48,961] {logging_mixin.py:109} INFO - [2022-05-11 07:15:48,961] {dag.py:2398} INFO - Sync 1 DAGs
[2022-05-11 07:15:48,977] {logging_mixin.py:109} INFO - [2022-05-11 07:15:48,976] {dag.py:2937} INFO - Setting next_dagrun for example_skip_dag to 2022-05-10T07:15:48.976702+00:00
[2022-05-11 07:15:48,993] {processor.py:171} INFO - Processing /home/airflow/.local/lib/python3.7/site-packages/airflow/example_dags/example_skip_dag.py took 0.076 seconds
[2022-05-11 07:16:19,287] {processor.py:163} INFO - Started process (PID=31593) to work on /home/airflow/.local/lib/python3.7/site-packages/airflow/example_dags/example_skip_dag.py
[2022-05-11 07:16:19,289] {processor.py:642} INFO - Processing file /home/airflow/.local/lib/python3.7/site-packages/airflow/example_dags/example_skip_dag.py for tasks to queue
[2022-05-11 07:16:19,290] {logging_mixin.py:109} INFO - [2022-05-11 07:16:19,290] {dagbag.py:500} INFO - Filling up the DagBag from /home/airflow/.local/lib/python3.7/site-packages/airflow/example_dags/example_skip_dag.py
[2022-05-11 07:16:19,307] {processor.py:652} INFO - DAG(s) dict_keys(['example_skip_dag']) retrieved from /home/airflow/.local/lib/python3.7/site-packages/airflow/example_dags/example_skip_dag.py
[2022-05-11 07:16:19,330] {logging_mixin.py:109} INFO - [2022-05-11 07:16:19,329] {dag.py:2398} INFO - Sync 1 DAGs
[2022-05-11 07:16:19,343] {logging_mixin.py:109} INFO - [2022-05-11 07:16:19,343] {dag.py:2937} INFO - Setting next_dagrun for example_skip_dag to 2022-05-10T07:16:19.343460+00:00
[2022-05-11 07:16:19,359] {processor.py:171} INFO - Processing /home/airflow/.local/lib/python3.7/site-packages/airflow/example_dags/example_skip_dag.py took 0.075 seconds
[2022-05-11 07:16:49,906] {processor.py:163} INFO - Started process (PID=31657) to work on /home/airflow/.local/lib/python3.7/site-packages/airflow/example_dags/example_skip_dag.py
[2022-05-11 07:16:49,908] {processor.py:642} INFO - Processing file /home/airflow/.local/lib/python3.7/site-packages/airflow/example_dags/example_skip_dag.py for tasks to queue
[2022-05-11 07:16:49,909] {logging_mixin.py:109} INFO - [2022-05-11 07:16:49,909] {dagbag.py:500} INFO - Filling up the DagBag from /home/airflow/.local/lib/python3.7/site-packages/airflow/example_dags/example_skip_dag.py
[2022-05-11 07:16:49,937] {processor.py:652} INFO - DAG(s) dict_keys(['example_skip_dag']) retrieved from /home/airflow/.local/lib/python3.7/site-packages/airflow/example_dags/example_skip_dag.py
[2022-05-11 07:16:49,971] {logging_mixin.py:109} INFO - [2022-05-11 07:16:49,970] {dag.py:2398} INFO - Sync 1 DAGs
[2022-05-11 07:16:49,996] {logging_mixin.py:109} INFO - [2022-05-11 07:16:49,996] {dag.py:2937} INFO - Setting next_dagrun for example_skip_dag to 2022-05-10T07:16:49.996192+00:00
[2022-05-11 07:16:50,012] {processor.py:171} INFO - Processing /home/airflow/.local/lib/python3.7/site-packages/airflow/example_dags/example_skip_dag.py took 0.114 seconds
[2022-05-11 07:17:20,575] {processor.py:163} INFO - Started process (PID=31726) to work on /home/airflow/.local/lib/python3.7/site-packages/airflow/example_dags/example_skip_dag.py
[2022-05-11 07:17:20,577] {processor.py:642} INFO - Processing file /home/airflow/.local/lib/python3.7/site-packages/airflow/example_dags/example_skip_dag.py for tasks to queue
[2022-05-11 07:17:20,579] {logging_mixin.py:109} INFO - [2022-05-11 07:17:20,579] {dagbag.py:500} INFO - Filling up the DagBag from /home/airflow/.local/lib/python3.7/site-packages/airflow/example_dags/example_skip_dag.py
[2022-05-11 07:17:20,603] {processor.py:652} INFO - DAG(s) dict_keys(['example_skip_dag']) retrieved from /home/airflow/.local/lib/python3.7/site-packages/airflow/example_dags/example_skip_dag.py
[2022-05-11 07:17:20,634] {logging_mixin.py:109} INFO - [2022-05-11 07:17:20,634] {dag.py:2398} INFO - Sync 1 DAGs
[2022-05-11 07:17:20,655] {logging_mixin.py:109} INFO - [2022-05-11 07:17:20,655] {dag.py:2937} INFO - Setting next_dagrun for example_skip_dag to 2022-05-10T07:17:20.654829+00:00
[2022-05-11 07:17:20,676] {processor.py:171} INFO - Processing /home/airflow/.local/lib/python3.7/site-packages/airflow/example_dags/example_skip_dag.py took 0.107 seconds
[2022-05-11 07:17:50,836] {processor.py:163} INFO - Started process (PID=31793) to work on /home/airflow/.local/lib/python3.7/site-packages/airflow/example_dags/example_skip_dag.py
[2022-05-11 07:17:50,838] {processor.py:642} INFO - Processing file /home/airflow/.local/lib/python3.7/site-packages/airflow/example_dags/example_skip_dag.py for tasks to queue
[2022-05-11 07:17:50,839] {logging_mixin.py:109} INFO - [2022-05-11 07:17:50,839] {dagbag.py:500} INFO - Filling up the DagBag from /home/airflow/.local/lib/python3.7/site-packages/airflow/example_dags/example_skip_dag.py
[2022-05-11 07:17:50,860] {processor.py:652} INFO - DAG(s) dict_keys(['example_skip_dag']) retrieved from /home/airflow/.local/lib/python3.7/site-packages/airflow/example_dags/example_skip_dag.py
[2022-05-11 07:17:50,885] {logging_mixin.py:109} INFO - [2022-05-11 07:17:50,885] {dag.py:2398} INFO - Sync 1 DAGs
[2022-05-11 07:17:50,903] {logging_mixin.py:109} INFO - [2022-05-11 07:17:50,903] {dag.py:2937} INFO - Setting next_dagrun for example_skip_dag to 2022-05-10T07:17:50.902929+00:00
[2022-05-11 07:17:50,917] {processor.py:171} INFO - Processing /home/airflow/.local/lib/python3.7/site-packages/airflow/example_dags/example_skip_dag.py took 0.086 seconds
[2022-05-11 07:18:21,508] {processor.py:163} INFO - Started process (PID=31856) to work on /home/airflow/.local/lib/python3.7/site-packages/airflow/example_dags/example_skip_dag.py
[2022-05-11 07:18:21,510] {processor.py:642} INFO - Processing file /home/airflow/.local/lib/python3.7/site-packages/airflow/example_dags/example_skip_dag.py for tasks to queue
[2022-05-11 07:18:21,511] {logging_mixin.py:109} INFO - [2022-05-11 07:18:21,511] {dagbag.py:500} INFO - Filling up the DagBag from /home/airflow/.local/lib/python3.7/site-packages/airflow/example_dags/example_skip_dag.py
[2022-05-11 07:18:21,535] {processor.py:652} INFO - DAG(s) dict_keys(['example_skip_dag']) retrieved from /home/airflow/.local/lib/python3.7/site-packages/airflow/example_dags/example_skip_dag.py
[2022-05-11 07:18:21,561] {logging_mixin.py:109} INFO - [2022-05-11 07:18:21,561] {dag.py:2398} INFO - Sync 1 DAGs
[2022-05-11 07:18:21,583] {logging_mixin.py:109} INFO - [2022-05-11 07:18:21,582] {dag.py:2937} INFO - Setting next_dagrun for example_skip_dag to 2022-05-10T07:18:21.582584+00:00
[2022-05-11 07:18:21,598] {processor.py:171} INFO - Processing /home/airflow/.local/lib/python3.7/site-packages/airflow/example_dags/example_skip_dag.py took 0.094 seconds
[2022-05-11 07:18:51,864] {processor.py:163} INFO - Started process (PID=31928) to work on /home/airflow/.local/lib/python3.7/site-packages/airflow/example_dags/example_skip_dag.py
[2022-05-11 07:18:51,866] {processor.py:642} INFO - Processing file /home/airflow/.local/lib/python3.7/site-packages/airflow/example_dags/example_skip_dag.py for tasks to queue
[2022-05-11 07:18:51,867] {logging_mixin.py:109} INFO - [2022-05-11 07:18:51,867] {dagbag.py:500} INFO - Filling up the DagBag from /home/airflow/.local/lib/python3.7/site-packages/airflow/example_dags/example_skip_dag.py
[2022-05-11 07:18:51,888] {processor.py:652} INFO - DAG(s) dict_keys(['example_skip_dag']) retrieved from /home/airflow/.local/lib/python3.7/site-packages/airflow/example_dags/example_skip_dag.py
[2022-05-11 07:18:51,918] {logging_mixin.py:109} INFO - [2022-05-11 07:18:51,918] {dag.py:2398} INFO - Sync 1 DAGs
[2022-05-11 07:18:51,936] {logging_mixin.py:109} INFO - [2022-05-11 07:18:51,936] {dag.py:2937} INFO - Setting next_dagrun for example_skip_dag to 2022-05-10T07:18:51.936407+00:00
[2022-05-11 07:18:51,955] {processor.py:171} INFO - Processing /home/airflow/.local/lib/python3.7/site-packages/airflow/example_dags/example_skip_dag.py took 0.094 seconds
[2022-05-11 07:19:22,094] {processor.py:163} INFO - Started process (PID=31991) to work on /home/airflow/.local/lib/python3.7/site-packages/airflow/example_dags/example_skip_dag.py
[2022-05-11 07:19:22,096] {processor.py:642} INFO - Processing file /home/airflow/.local/lib/python3.7/site-packages/airflow/example_dags/example_skip_dag.py for tasks to queue
[2022-05-11 07:19:22,097] {logging_mixin.py:109} INFO - [2022-05-11 07:19:22,097] {dagbag.py:500} INFO - Filling up the DagBag from /home/airflow/.local/lib/python3.7/site-packages/airflow/example_dags/example_skip_dag.py
[2022-05-11 07:19:22,115] {processor.py:652} INFO - DAG(s) dict_keys(['example_skip_dag']) retrieved from /home/airflow/.local/lib/python3.7/site-packages/airflow/example_dags/example_skip_dag.py
[2022-05-11 07:19:22,141] {logging_mixin.py:109} INFO - [2022-05-11 07:19:22,140] {dag.py:2398} INFO - Sync 1 DAGs
[2022-05-11 07:19:22,157] {logging_mixin.py:109} INFO - [2022-05-11 07:19:22,157] {dag.py:2937} INFO - Setting next_dagrun for example_skip_dag to 2022-05-10T07:19:22.157207+00:00
[2022-05-11 07:19:22,173] {processor.py:171} INFO - Processing /home/airflow/.local/lib/python3.7/site-packages/airflow/example_dags/example_skip_dag.py took 0.083 seconds
[2022-05-11 07:19:53,215] {processor.py:163} INFO - Started process (PID=32062) to work on /home/airflow/.local/lib/python3.7/site-packages/airflow/example_dags/example_skip_dag.py
[2022-05-11 07:19:53,216] {processor.py:642} INFO - Processing file /home/airflow/.local/lib/python3.7/site-packages/airflow/example_dags/example_skip_dag.py for tasks to queue
[2022-05-11 07:19:53,217] {logging_mixin.py:109} INFO - [2022-05-11 07:19:53,217] {dagbag.py:500} INFO - Filling up the DagBag from /home/airflow/.local/lib/python3.7/site-packages/airflow/example_dags/example_skip_dag.py
[2022-05-11 07:19:53,232] {processor.py:652} INFO - DAG(s) dict_keys(['example_skip_dag']) retrieved from /home/airflow/.local/lib/python3.7/site-packages/airflow/example_dags/example_skip_dag.py
[2022-05-11 07:19:53,260] {logging_mixin.py:109} INFO - [2022-05-11 07:19:53,259] {dag.py:2398} INFO - Sync 1 DAGs
[2022-05-11 07:19:53,278] {logging_mixin.py:109} INFO - [2022-05-11 07:19:53,278] {dag.py:2937} INFO - Setting next_dagrun for example_skip_dag to 2022-05-10T07:19:53.278006+00:00
[2022-05-11 07:19:53,294] {processor.py:171} INFO - Processing /home/airflow/.local/lib/python3.7/site-packages/airflow/example_dags/example_skip_dag.py took 0.081 seconds
[2022-05-11 07:20:23,678] {processor.py:163} INFO - Started process (PID=32125) to work on /home/airflow/.local/lib/python3.7/site-packages/airflow/example_dags/example_skip_dag.py
[2022-05-11 07:20:23,681] {processor.py:642} INFO - Processing file /home/airflow/.local/lib/python3.7/site-packages/airflow/example_dags/example_skip_dag.py for tasks to queue
[2022-05-11 07:20:23,683] {logging_mixin.py:109} INFO - [2022-05-11 07:20:23,683] {dagbag.py:500} INFO - Filling up the DagBag from /home/airflow/.local/lib/python3.7/site-packages/airflow/example_dags/example_skip_dag.py
[2022-05-11 07:20:23,708] {processor.py:652} INFO - DAG(s) dict_keys(['example_skip_dag']) retrieved from /home/airflow/.local/lib/python3.7/site-packages/airflow/example_dags/example_skip_dag.py
[2022-05-11 07:20:23,734] {logging_mixin.py:109} INFO - [2022-05-11 07:20:23,734] {dag.py:2398} INFO - Sync 1 DAGs
[2022-05-11 07:20:23,757] {logging_mixin.py:109} INFO - [2022-05-11 07:20:23,757] {dag.py:2937} INFO - Setting next_dagrun for example_skip_dag to 2022-05-10T07:20:23.757022+00:00
[2022-05-11 07:20:23,772] {processor.py:171} INFO - Processing /home/airflow/.local/lib/python3.7/site-packages/airflow/example_dags/example_skip_dag.py took 0.099 seconds
[2022-05-11 07:20:53,866] {processor.py:163} INFO - Started process (PID=32198) to work on /home/airflow/.local/lib/python3.7/site-packages/airflow/example_dags/example_skip_dag.py
[2022-05-11 07:20:53,867] {processor.py:642} INFO - Processing file /home/airflow/.local/lib/python3.7/site-packages/airflow/example_dags/example_skip_dag.py for tasks to queue
[2022-05-11 07:20:53,868] {logging_mixin.py:109} INFO - [2022-05-11 07:20:53,868] {dagbag.py:500} INFO - Filling up the DagBag from /home/airflow/.local/lib/python3.7/site-packages/airflow/example_dags/example_skip_dag.py
[2022-05-11 07:20:53,884] {processor.py:652} INFO - DAG(s) dict_keys(['example_skip_dag']) retrieved from /home/airflow/.local/lib/python3.7/site-packages/airflow/example_dags/example_skip_dag.py
[2022-05-11 07:20:53,908] {logging_mixin.py:109} INFO - [2022-05-11 07:20:53,908] {dag.py:2398} INFO - Sync 1 DAGs
[2022-05-11 07:20:53,929] {logging_mixin.py:109} INFO - [2022-05-11 07:20:53,929] {dag.py:2937} INFO - Setting next_dagrun for example_skip_dag to 2022-05-10T07:20:53.928941+00:00
[2022-05-11 07:20:53,944] {processor.py:171} INFO - Processing /home/airflow/.local/lib/python3.7/site-packages/airflow/example_dags/example_skip_dag.py took 0.082 seconds
[2022-05-11 07:21:24,465] {processor.py:163} INFO - Started process (PID=32261) to work on /home/airflow/.local/lib/python3.7/site-packages/airflow/example_dags/example_skip_dag.py
[2022-05-11 07:21:24,467] {processor.py:642} INFO - Processing file /home/airflow/.local/lib/python3.7/site-packages/airflow/example_dags/example_skip_dag.py for tasks to queue
[2022-05-11 07:21:24,468] {logging_mixin.py:109} INFO - [2022-05-11 07:21:24,468] {dagbag.py:500} INFO - Filling up the DagBag from /home/airflow/.local/lib/python3.7/site-packages/airflow/example_dags/example_skip_dag.py
[2022-05-11 07:21:24,484] {processor.py:652} INFO - DAG(s) dict_keys(['example_skip_dag']) retrieved from /home/airflow/.local/lib/python3.7/site-packages/airflow/example_dags/example_skip_dag.py
[2022-05-11 07:21:24,508] {logging_mixin.py:109} INFO - [2022-05-11 07:21:24,507] {dag.py:2398} INFO - Sync 1 DAGs
[2022-05-11 07:21:24,527] {logging_mixin.py:109} INFO - [2022-05-11 07:21:24,527] {dag.py:2937} INFO - Setting next_dagrun for example_skip_dag to 2022-05-10T07:21:24.526951+00:00
[2022-05-11 07:21:24,546] {processor.py:171} INFO - Processing /home/airflow/.local/lib/python3.7/site-packages/airflow/example_dags/example_skip_dag.py took 0.087 seconds
[2022-05-11 07:21:54,701] {processor.py:163} INFO - Started process (PID=32333) to work on /home/airflow/.local/lib/python3.7/site-packages/airflow/example_dags/example_skip_dag.py
[2022-05-11 07:21:54,703] {processor.py:642} INFO - Processing file /home/airflow/.local/lib/python3.7/site-packages/airflow/example_dags/example_skip_dag.py for tasks to queue
[2022-05-11 07:21:54,704] {logging_mixin.py:109} INFO - [2022-05-11 07:21:54,704] {dagbag.py:500} INFO - Filling up the DagBag from /home/airflow/.local/lib/python3.7/site-packages/airflow/example_dags/example_skip_dag.py
[2022-05-11 07:21:54,718] {processor.py:652} INFO - DAG(s) dict_keys(['example_skip_dag']) retrieved from /home/airflow/.local/lib/python3.7/site-packages/airflow/example_dags/example_skip_dag.py
[2022-05-11 07:21:54,745] {logging_mixin.py:109} INFO - [2022-05-11 07:21:54,745] {dag.py:2398} INFO - Sync 1 DAGs
[2022-05-11 07:21:54,760] {logging_mixin.py:109} INFO - [2022-05-11 07:21:54,760] {dag.py:2937} INFO - Setting next_dagrun for example_skip_dag to 2022-05-10T07:21:54.760547+00:00
[2022-05-11 07:21:54,777] {processor.py:171} INFO - Processing /home/airflow/.local/lib/python3.7/site-packages/airflow/example_dags/example_skip_dag.py took 0.079 seconds
[2022-05-11 07:22:25,098] {processor.py:163} INFO - Started process (PID=32397) to work on /home/airflow/.local/lib/python3.7/site-packages/airflow/example_dags/example_skip_dag.py
[2022-05-11 07:22:25,100] {processor.py:642} INFO - Processing file /home/airflow/.local/lib/python3.7/site-packages/airflow/example_dags/example_skip_dag.py for tasks to queue
[2022-05-11 07:22:25,100] {logging_mixin.py:109} INFO - [2022-05-11 07:22:25,100] {dagbag.py:500} INFO - Filling up the DagBag from /home/airflow/.local/lib/python3.7/site-packages/airflow/example_dags/example_skip_dag.py
[2022-05-11 07:22:25,114] {processor.py:652} INFO - DAG(s) dict_keys(['example_skip_dag']) retrieved from /home/airflow/.local/lib/python3.7/site-packages/airflow/example_dags/example_skip_dag.py
[2022-05-11 07:22:25,138] {logging_mixin.py:109} INFO - [2022-05-11 07:22:25,138] {dag.py:2398} INFO - Sync 1 DAGs
[2022-05-11 07:22:25,155] {logging_mixin.py:109} INFO - [2022-05-11 07:22:25,154] {dag.py:2937} INFO - Setting next_dagrun for example_skip_dag to 2022-05-10T07:22:25.154616+00:00
[2022-05-11 07:22:25,174] {processor.py:171} INFO - Processing /home/airflow/.local/lib/python3.7/site-packages/airflow/example_dags/example_skip_dag.py took 0.079 seconds
[2022-05-11 07:22:55,304] {processor.py:163} INFO - Started process (PID=32470) to work on /home/airflow/.local/lib/python3.7/site-packages/airflow/example_dags/example_skip_dag.py
[2022-05-11 07:22:55,305] {processor.py:642} INFO - Processing file /home/airflow/.local/lib/python3.7/site-packages/airflow/example_dags/example_skip_dag.py for tasks to queue
[2022-05-11 07:22:55,306] {logging_mixin.py:109} INFO - [2022-05-11 07:22:55,306] {dagbag.py:500} INFO - Filling up the DagBag from /home/airflow/.local/lib/python3.7/site-packages/airflow/example_dags/example_skip_dag.py
[2022-05-11 07:22:55,319] {processor.py:652} INFO - DAG(s) dict_keys(['example_skip_dag']) retrieved from /home/airflow/.local/lib/python3.7/site-packages/airflow/example_dags/example_skip_dag.py
[2022-05-11 07:22:55,343] {logging_mixin.py:109} INFO - [2022-05-11 07:22:55,343] {dag.py:2398} INFO - Sync 1 DAGs
[2022-05-11 07:22:55,357] {logging_mixin.py:109} INFO - [2022-05-11 07:22:55,357] {dag.py:2937} INFO - Setting next_dagrun for example_skip_dag to 2022-05-10T07:22:55.356924+00:00
[2022-05-11 07:22:55,371] {processor.py:171} INFO - Processing /home/airflow/.local/lib/python3.7/site-packages/airflow/example_dags/example_skip_dag.py took 0.070 seconds
[2022-05-11 07:23:25,998] {processor.py:163} INFO - Started process (PID=32532) to work on /home/airflow/.local/lib/python3.7/site-packages/airflow/example_dags/example_skip_dag.py
[2022-05-11 07:23:26,000] {processor.py:642} INFO - Processing file /home/airflow/.local/lib/python3.7/site-packages/airflow/example_dags/example_skip_dag.py for tasks to queue
[2022-05-11 07:23:26,000] {logging_mixin.py:109} INFO - [2022-05-11 07:23:26,000] {dagbag.py:500} INFO - Filling up the DagBag from /home/airflow/.local/lib/python3.7/site-packages/airflow/example_dags/example_skip_dag.py
[2022-05-11 07:23:26,023] {processor.py:652} INFO - DAG(s) dict_keys(['example_skip_dag']) retrieved from /home/airflow/.local/lib/python3.7/site-packages/airflow/example_dags/example_skip_dag.py
[2022-05-11 07:23:26,049] {logging_mixin.py:109} INFO - [2022-05-11 07:23:26,049] {dag.py:2398} INFO - Sync 1 DAGs
[2022-05-11 07:23:26,072] {logging_mixin.py:109} INFO - [2022-05-11 07:23:26,072] {dag.py:2937} INFO - Setting next_dagrun for example_skip_dag to 2022-05-10T07:23:26.071774+00:00
[2022-05-11 07:23:26,090] {processor.py:171} INFO - Processing /home/airflow/.local/lib/python3.7/site-packages/airflow/example_dags/example_skip_dag.py took 0.096 seconds
[2022-05-11 07:23:56,308] {processor.py:163} INFO - Started process (PID=32604) to work on /home/airflow/.local/lib/python3.7/site-packages/airflow/example_dags/example_skip_dag.py
[2022-05-11 07:23:56,310] {processor.py:642} INFO - Processing file /home/airflow/.local/lib/python3.7/site-packages/airflow/example_dags/example_skip_dag.py for tasks to queue
[2022-05-11 07:23:56,311] {logging_mixin.py:109} INFO - [2022-05-11 07:23:56,311] {dagbag.py:500} INFO - Filling up the DagBag from /home/airflow/.local/lib/python3.7/site-packages/airflow/example_dags/example_skip_dag.py
[2022-05-11 07:23:56,329] {processor.py:652} INFO - DAG(s) dict_keys(['example_skip_dag']) retrieved from /home/airflow/.local/lib/python3.7/site-packages/airflow/example_dags/example_skip_dag.py
[2022-05-11 07:23:56,363] {logging_mixin.py:109} INFO - [2022-05-11 07:23:56,363] {dag.py:2398} INFO - Sync 1 DAGs
[2022-05-11 07:23:56,388] {logging_mixin.py:109} INFO - [2022-05-11 07:23:56,387] {dag.py:2937} INFO - Setting next_dagrun for example_skip_dag to 2022-05-10T07:23:56.387463+00:00
[2022-05-11 07:23:56,403] {processor.py:171} INFO - Processing /home/airflow/.local/lib/python3.7/site-packages/airflow/example_dags/example_skip_dag.py took 0.100 seconds
[2022-05-11 07:24:26,713] {processor.py:163} INFO - Started process (PID=32668) to work on /home/airflow/.local/lib/python3.7/site-packages/airflow/example_dags/example_skip_dag.py
[2022-05-11 07:24:26,714] {processor.py:642} INFO - Processing file /home/airflow/.local/lib/python3.7/site-packages/airflow/example_dags/example_skip_dag.py for tasks to queue
[2022-05-11 07:24:26,716] {logging_mixin.py:109} INFO - [2022-05-11 07:24:26,715] {dagbag.py:500} INFO - Filling up the DagBag from /home/airflow/.local/lib/python3.7/site-packages/airflow/example_dags/example_skip_dag.py
[2022-05-11 07:24:26,738] {processor.py:652} INFO - DAG(s) dict_keys(['example_skip_dag']) retrieved from /home/airflow/.local/lib/python3.7/site-packages/airflow/example_dags/example_skip_dag.py
[2022-05-11 07:24:26,773] {logging_mixin.py:109} INFO - [2022-05-11 07:24:26,773] {dag.py:2398} INFO - Sync 1 DAGs
[2022-05-11 07:24:26,795] {logging_mixin.py:109} INFO - [2022-05-11 07:24:26,795] {dag.py:2937} INFO - Setting next_dagrun for example_skip_dag to 2022-05-10T07:24:26.795211+00:00
[2022-05-11 07:24:26,814] {processor.py:171} INFO - Processing /home/airflow/.local/lib/python3.7/site-packages/airflow/example_dags/example_skip_dag.py took 0.106 seconds
[2022-05-11 07:24:57,061] {processor.py:163} INFO - Started process (PID=32741) to work on /home/airflow/.local/lib/python3.7/site-packages/airflow/example_dags/example_skip_dag.py
[2022-05-11 07:24:57,062] {processor.py:642} INFO - Processing file /home/airflow/.local/lib/python3.7/site-packages/airflow/example_dags/example_skip_dag.py for tasks to queue
[2022-05-11 07:24:57,064] {logging_mixin.py:109} INFO - [2022-05-11 07:24:57,063] {dagbag.py:500} INFO - Filling up the DagBag from /home/airflow/.local/lib/python3.7/site-packages/airflow/example_dags/example_skip_dag.py
[2022-05-11 07:24:57,083] {processor.py:652} INFO - DAG(s) dict_keys(['example_skip_dag']) retrieved from /home/airflow/.local/lib/python3.7/site-packages/airflow/example_dags/example_skip_dag.py
[2022-05-11 07:24:57,110] {logging_mixin.py:109} INFO - [2022-05-11 07:24:57,110] {dag.py:2398} INFO - Sync 1 DAGs
[2022-05-11 07:24:57,123] {logging_mixin.py:109} INFO - [2022-05-11 07:24:57,123] {dag.py:2937} INFO - Setting next_dagrun for example_skip_dag to 2022-05-10T07:24:57.123141+00:00
[2022-05-11 07:24:57,140] {processor.py:171} INFO - Processing /home/airflow/.local/lib/python3.7/site-packages/airflow/example_dags/example_skip_dag.py took 0.082 seconds
[2022-05-11 07:25:27,692] {processor.py:163} INFO - Started process (PID=336) to work on /home/airflow/.local/lib/python3.7/site-packages/airflow/example_dags/example_skip_dag.py
[2022-05-11 07:25:27,694] {processor.py:642} INFO - Processing file /home/airflow/.local/lib/python3.7/site-packages/airflow/example_dags/example_skip_dag.py for tasks to queue
[2022-05-11 07:25:27,695] {logging_mixin.py:109} INFO - [2022-05-11 07:25:27,695] {dagbag.py:500} INFO - Filling up the DagBag from /home/airflow/.local/lib/python3.7/site-packages/airflow/example_dags/example_skip_dag.py
[2022-05-11 07:25:27,709] {processor.py:652} INFO - DAG(s) dict_keys(['example_skip_dag']) retrieved from /home/airflow/.local/lib/python3.7/site-packages/airflow/example_dags/example_skip_dag.py
[2022-05-11 07:25:27,735] {logging_mixin.py:109} INFO - [2022-05-11 07:25:27,734] {dag.py:2398} INFO - Sync 1 DAGs
[2022-05-11 07:25:27,751] {logging_mixin.py:109} INFO - [2022-05-11 07:25:27,751] {dag.py:2937} INFO - Setting next_dagrun for example_skip_dag to 2022-05-10T07:25:27.751085+00:00
[2022-05-11 07:25:27,768] {processor.py:171} INFO - Processing /home/airflow/.local/lib/python3.7/site-packages/airflow/example_dags/example_skip_dag.py took 0.079 seconds
[2022-05-11 07:25:58,080] {processor.py:163} INFO - Started process (PID=409) to work on /home/airflow/.local/lib/python3.7/site-packages/airflow/example_dags/example_skip_dag.py
[2022-05-11 07:25:58,081] {processor.py:642} INFO - Processing file /home/airflow/.local/lib/python3.7/site-packages/airflow/example_dags/example_skip_dag.py for tasks to queue
[2022-05-11 07:25:58,082] {logging_mixin.py:109} INFO - [2022-05-11 07:25:58,082] {dagbag.py:500} INFO - Filling up the DagBag from /home/airflow/.local/lib/python3.7/site-packages/airflow/example_dags/example_skip_dag.py
[2022-05-11 07:25:58,097] {processor.py:652} INFO - DAG(s) dict_keys(['example_skip_dag']) retrieved from /home/airflow/.local/lib/python3.7/site-packages/airflow/example_dags/example_skip_dag.py
[2022-05-11 07:25:58,117] {logging_mixin.py:109} INFO - [2022-05-11 07:25:58,117] {dag.py:2398} INFO - Sync 1 DAGs
[2022-05-11 07:25:58,130] {logging_mixin.py:109} INFO - [2022-05-11 07:25:58,130] {dag.py:2937} INFO - Setting next_dagrun for example_skip_dag to 2022-05-10T07:25:58.130271+00:00
[2022-05-11 07:25:58,143] {processor.py:171} INFO - Processing /home/airflow/.local/lib/python3.7/site-packages/airflow/example_dags/example_skip_dag.py took 0.067 seconds
[2022-05-11 07:26:28,280] {processor.py:163} INFO - Started process (PID=473) to work on /home/airflow/.local/lib/python3.7/site-packages/airflow/example_dags/example_skip_dag.py
[2022-05-11 07:26:28,282] {processor.py:642} INFO - Processing file /home/airflow/.local/lib/python3.7/site-packages/airflow/example_dags/example_skip_dag.py for tasks to queue
[2022-05-11 07:26:28,282] {logging_mixin.py:109} INFO - [2022-05-11 07:26:28,282] {dagbag.py:500} INFO - Filling up the DagBag from /home/airflow/.local/lib/python3.7/site-packages/airflow/example_dags/example_skip_dag.py
[2022-05-11 07:26:28,295] {processor.py:652} INFO - DAG(s) dict_keys(['example_skip_dag']) retrieved from /home/airflow/.local/lib/python3.7/site-packages/airflow/example_dags/example_skip_dag.py
[2022-05-11 07:26:28,315] {logging_mixin.py:109} INFO - [2022-05-11 07:26:28,315] {dag.py:2398} INFO - Sync 1 DAGs
[2022-05-11 07:26:28,328] {logging_mixin.py:109} INFO - [2022-05-11 07:26:28,328] {dag.py:2937} INFO - Setting next_dagrun for example_skip_dag to 2022-05-10T07:26:28.328418+00:00
[2022-05-11 07:26:28,342] {processor.py:171} INFO - Processing /home/airflow/.local/lib/python3.7/site-packages/airflow/example_dags/example_skip_dag.py took 0.065 seconds
[2022-05-11 07:26:59,098] {processor.py:163} INFO - Started process (PID=547) to work on /home/airflow/.local/lib/python3.7/site-packages/airflow/example_dags/example_skip_dag.py
[2022-05-11 07:26:59,100] {processor.py:642} INFO - Processing file /home/airflow/.local/lib/python3.7/site-packages/airflow/example_dags/example_skip_dag.py for tasks to queue
[2022-05-11 07:26:59,101] {logging_mixin.py:109} INFO - [2022-05-11 07:26:59,101] {dagbag.py:500} INFO - Filling up the DagBag from /home/airflow/.local/lib/python3.7/site-packages/airflow/example_dags/example_skip_dag.py
[2022-05-11 07:26:59,116] {processor.py:652} INFO - DAG(s) dict_keys(['example_skip_dag']) retrieved from /home/airflow/.local/lib/python3.7/site-packages/airflow/example_dags/example_skip_dag.py
[2022-05-11 07:26:59,136] {logging_mixin.py:109} INFO - [2022-05-11 07:26:59,136] {dag.py:2398} INFO - Sync 1 DAGs
[2022-05-11 07:26:59,152] {logging_mixin.py:109} INFO - [2022-05-11 07:26:59,151] {dag.py:2937} INFO - Setting next_dagrun for example_skip_dag to 2022-05-10T07:26:59.151626+00:00
[2022-05-11 07:26:59,165] {processor.py:171} INFO - Processing /home/airflow/.local/lib/python3.7/site-packages/airflow/example_dags/example_skip_dag.py took 0.070 seconds
[2022-05-11 07:27:29,943] {processor.py:163} INFO - Started process (PID=610) to work on /home/airflow/.local/lib/python3.7/site-packages/airflow/example_dags/example_skip_dag.py
[2022-05-11 07:27:29,944] {processor.py:642} INFO - Processing file /home/airflow/.local/lib/python3.7/site-packages/airflow/example_dags/example_skip_dag.py for tasks to queue
[2022-05-11 07:27:29,945] {logging_mixin.py:109} INFO - [2022-05-11 07:27:29,945] {dagbag.py:500} INFO - Filling up the DagBag from /home/airflow/.local/lib/python3.7/site-packages/airflow/example_dags/example_skip_dag.py
[2022-05-11 07:27:29,961] {processor.py:652} INFO - DAG(s) dict_keys(['example_skip_dag']) retrieved from /home/airflow/.local/lib/python3.7/site-packages/airflow/example_dags/example_skip_dag.py
[2022-05-11 07:27:29,983] {logging_mixin.py:109} INFO - [2022-05-11 07:27:29,983] {dag.py:2398} INFO - Sync 1 DAGs
[2022-05-11 07:27:29,998] {logging_mixin.py:109} INFO - [2022-05-11 07:27:29,998] {dag.py:2937} INFO - Setting next_dagrun for example_skip_dag to 2022-05-10T07:27:29.998116+00:00
[2022-05-11 07:27:30,012] {processor.py:171} INFO - Processing /home/airflow/.local/lib/python3.7/site-packages/airflow/example_dags/example_skip_dag.py took 0.072 seconds
