[2022-05-11 06:56:03,114] {processor.py:163} INFO - Started process (PID=28871) to work on /home/airflow/.local/lib/python3.7/site-packages/airflow/example_dags/example_trigger_controller_dag.py
[2022-05-11 06:56:03,117] {processor.py:642} INFO - Processing file /home/airflow/.local/lib/python3.7/site-packages/airflow/example_dags/example_trigger_controller_dag.py for tasks to queue
[2022-05-11 06:56:03,121] {logging_mixin.py:109} INFO - [2022-05-11 06:56:03,120] {dagbag.py:500} INFO - Filling up the DagBag from /home/airflow/.local/lib/python3.7/site-packages/airflow/example_dags/example_trigger_controller_dag.py
[2022-05-11 06:56:03,183] {processor.py:652} INFO - DAG(s) dict_keys(['example_trigger_controller_dag']) retrieved from /home/airflow/.local/lib/python3.7/site-packages/airflow/example_dags/example_trigger_controller_dag.py
[2022-05-11 06:56:03,243] {logging_mixin.py:109} INFO - [2022-05-11 06:56:03,242] {dag.py:2398} INFO - Sync 1 DAGs
[2022-05-11 06:56:03,295] {logging_mixin.py:109} INFO - [2022-05-11 06:56:03,295] {dag.py:2937} INFO - Setting next_dagrun for example_trigger_controller_dag to 2021-01-01T00:00:00+00:00
[2022-05-11 06:56:03,328] {processor.py:171} INFO - Processing /home/airflow/.local/lib/python3.7/site-packages/airflow/example_dags/example_trigger_controller_dag.py took 0.231 seconds
[2022-05-11 06:56:33,612] {processor.py:163} INFO - Started process (PID=28944) to work on /home/airflow/.local/lib/python3.7/site-packages/airflow/example_dags/example_trigger_controller_dag.py
[2022-05-11 06:56:33,613] {processor.py:642} INFO - Processing file /home/airflow/.local/lib/python3.7/site-packages/airflow/example_dags/example_trigger_controller_dag.py for tasks to queue
[2022-05-11 06:56:33,615] {logging_mixin.py:109} INFO - [2022-05-11 06:56:33,614] {dagbag.py:500} INFO - Filling up the DagBag from /home/airflow/.local/lib/python3.7/site-packages/airflow/example_dags/example_trigger_controller_dag.py
[2022-05-11 06:56:33,630] {processor.py:652} INFO - DAG(s) dict_keys(['example_trigger_controller_dag']) retrieved from /home/airflow/.local/lib/python3.7/site-packages/airflow/example_dags/example_trigger_controller_dag.py
[2022-05-11 06:56:33,653] {logging_mixin.py:109} INFO - [2022-05-11 06:56:33,653] {dag.py:2398} INFO - Sync 1 DAGs
[2022-05-11 06:56:33,669] {logging_mixin.py:109} INFO - [2022-05-11 06:56:33,669] {dag.py:2937} INFO - Setting next_dagrun for example_trigger_controller_dag to 2021-01-01T00:00:00+00:00
[2022-05-11 06:56:33,681] {processor.py:171} INFO - Processing /home/airflow/.local/lib/python3.7/site-packages/airflow/example_dags/example_trigger_controller_dag.py took 0.073 seconds
[2022-05-11 06:57:05,010] {processor.py:163} INFO - Started process (PID=29007) to work on /home/airflow/.local/lib/python3.7/site-packages/airflow/example_dags/example_trigger_controller_dag.py
[2022-05-11 06:57:05,011] {processor.py:642} INFO - Processing file /home/airflow/.local/lib/python3.7/site-packages/airflow/example_dags/example_trigger_controller_dag.py for tasks to queue
[2022-05-11 06:57:05,012] {logging_mixin.py:109} INFO - [2022-05-11 06:57:05,012] {dagbag.py:500} INFO - Filling up the DagBag from /home/airflow/.local/lib/python3.7/site-packages/airflow/example_dags/example_trigger_controller_dag.py
[2022-05-11 06:57:05,026] {processor.py:652} INFO - DAG(s) dict_keys(['example_trigger_controller_dag']) retrieved from /home/airflow/.local/lib/python3.7/site-packages/airflow/example_dags/example_trigger_controller_dag.py
[2022-05-11 06:57:05,048] {logging_mixin.py:109} INFO - [2022-05-11 06:57:05,048] {dag.py:2398} INFO - Sync 1 DAGs
[2022-05-11 06:57:05,062] {logging_mixin.py:109} INFO - [2022-05-11 06:57:05,061] {dag.py:2937} INFO - Setting next_dagrun for example_trigger_controller_dag to 2021-01-01T00:00:00+00:00
[2022-05-11 06:57:05,077] {processor.py:171} INFO - Processing /home/airflow/.local/lib/python3.7/site-packages/airflow/example_dags/example_trigger_controller_dag.py took 0.070 seconds
[2022-05-11 06:57:35,243] {processor.py:163} INFO - Started process (PID=29080) to work on /home/airflow/.local/lib/python3.7/site-packages/airflow/example_dags/example_trigger_controller_dag.py
[2022-05-11 06:57:35,245] {processor.py:642} INFO - Processing file /home/airflow/.local/lib/python3.7/site-packages/airflow/example_dags/example_trigger_controller_dag.py for tasks to queue
[2022-05-11 06:57:35,246] {logging_mixin.py:109} INFO - [2022-05-11 06:57:35,246] {dagbag.py:500} INFO - Filling up the DagBag from /home/airflow/.local/lib/python3.7/site-packages/airflow/example_dags/example_trigger_controller_dag.py
[2022-05-11 06:57:35,260] {processor.py:652} INFO - DAG(s) dict_keys(['example_trigger_controller_dag']) retrieved from /home/airflow/.local/lib/python3.7/site-packages/airflow/example_dags/example_trigger_controller_dag.py
[2022-05-11 06:57:35,281] {logging_mixin.py:109} INFO - [2022-05-11 06:57:35,281] {dag.py:2398} INFO - Sync 1 DAGs
[2022-05-11 06:57:35,297] {logging_mixin.py:109} INFO - [2022-05-11 06:57:35,296] {dag.py:2937} INFO - Setting next_dagrun for example_trigger_controller_dag to 2021-01-01T00:00:00+00:00
[2022-05-11 06:57:35,311] {processor.py:171} INFO - Processing /home/airflow/.local/lib/python3.7/site-packages/airflow/example_dags/example_trigger_controller_dag.py took 0.071 seconds
[2022-05-11 06:58:05,831] {processor.py:163} INFO - Started process (PID=29144) to work on /home/airflow/.local/lib/python3.7/site-packages/airflow/example_dags/example_trigger_controller_dag.py
[2022-05-11 06:58:05,833] {processor.py:642} INFO - Processing file /home/airflow/.local/lib/python3.7/site-packages/airflow/example_dags/example_trigger_controller_dag.py for tasks to queue
[2022-05-11 06:58:05,834] {logging_mixin.py:109} INFO - [2022-05-11 06:58:05,834] {dagbag.py:500} INFO - Filling up the DagBag from /home/airflow/.local/lib/python3.7/site-packages/airflow/example_dags/example_trigger_controller_dag.py
[2022-05-11 06:58:05,850] {processor.py:652} INFO - DAG(s) dict_keys(['example_trigger_controller_dag']) retrieved from /home/airflow/.local/lib/python3.7/site-packages/airflow/example_dags/example_trigger_controller_dag.py
[2022-05-11 06:58:05,875] {logging_mixin.py:109} INFO - [2022-05-11 06:58:05,875] {dag.py:2398} INFO - Sync 1 DAGs
[2022-05-11 06:58:05,892] {logging_mixin.py:109} INFO - [2022-05-11 06:58:05,892] {dag.py:2937} INFO - Setting next_dagrun for example_trigger_controller_dag to 2021-01-01T00:00:00+00:00
[2022-05-11 06:58:05,911] {processor.py:171} INFO - Processing /home/airflow/.local/lib/python3.7/site-packages/airflow/example_dags/example_trigger_controller_dag.py took 0.083 seconds
[2022-05-11 06:58:36,099] {processor.py:163} INFO - Started process (PID=29216) to work on /home/airflow/.local/lib/python3.7/site-packages/airflow/example_dags/example_trigger_controller_dag.py
[2022-05-11 06:58:36,100] {processor.py:642} INFO - Processing file /home/airflow/.local/lib/python3.7/site-packages/airflow/example_dags/example_trigger_controller_dag.py for tasks to queue
[2022-05-11 06:58:36,101] {logging_mixin.py:109} INFO - [2022-05-11 06:58:36,101] {dagbag.py:500} INFO - Filling up the DagBag from /home/airflow/.local/lib/python3.7/site-packages/airflow/example_dags/example_trigger_controller_dag.py
[2022-05-11 06:58:36,113] {processor.py:652} INFO - DAG(s) dict_keys(['example_trigger_controller_dag']) retrieved from /home/airflow/.local/lib/python3.7/site-packages/airflow/example_dags/example_trigger_controller_dag.py
[2022-05-11 06:58:36,132] {logging_mixin.py:109} INFO - [2022-05-11 06:58:36,132] {dag.py:2398} INFO - Sync 1 DAGs
[2022-05-11 06:58:36,146] {logging_mixin.py:109} INFO - [2022-05-11 06:58:36,146] {dag.py:2937} INFO - Setting next_dagrun for example_trigger_controller_dag to 2021-01-01T00:00:00+00:00
[2022-05-11 06:58:36,157] {processor.py:171} INFO - Processing /home/airflow/.local/lib/python3.7/site-packages/airflow/example_dags/example_trigger_controller_dag.py took 0.061 seconds
[2022-05-11 06:59:06,536] {processor.py:163} INFO - Started process (PID=29278) to work on /home/airflow/.local/lib/python3.7/site-packages/airflow/example_dags/example_trigger_controller_dag.py
[2022-05-11 06:59:06,539] {processor.py:642} INFO - Processing file /home/airflow/.local/lib/python3.7/site-packages/airflow/example_dags/example_trigger_controller_dag.py for tasks to queue
[2022-05-11 06:59:06,540] {logging_mixin.py:109} INFO - [2022-05-11 06:59:06,540] {dagbag.py:500} INFO - Filling up the DagBag from /home/airflow/.local/lib/python3.7/site-packages/airflow/example_dags/example_trigger_controller_dag.py
[2022-05-11 06:59:06,558] {processor.py:652} INFO - DAG(s) dict_keys(['example_trigger_controller_dag']) retrieved from /home/airflow/.local/lib/python3.7/site-packages/airflow/example_dags/example_trigger_controller_dag.py
[2022-05-11 06:59:06,579] {logging_mixin.py:109} INFO - [2022-05-11 06:59:06,579] {dag.py:2398} INFO - Sync 1 DAGs
[2022-05-11 06:59:06,594] {logging_mixin.py:109} INFO - [2022-05-11 06:59:06,594] {dag.py:2937} INFO - Setting next_dagrun for example_trigger_controller_dag to 2021-01-01T00:00:00+00:00
[2022-05-11 06:59:06,608] {processor.py:171} INFO - Processing /home/airflow/.local/lib/python3.7/site-packages/airflow/example_dags/example_trigger_controller_dag.py took 0.075 seconds
[2022-05-11 06:59:37,206] {processor.py:163} INFO - Started process (PID=29351) to work on /home/airflow/.local/lib/python3.7/site-packages/airflow/example_dags/example_trigger_controller_dag.py
[2022-05-11 06:59:37,208] {processor.py:642} INFO - Processing file /home/airflow/.local/lib/python3.7/site-packages/airflow/example_dags/example_trigger_controller_dag.py for tasks to queue
[2022-05-11 06:59:37,209] {logging_mixin.py:109} INFO - [2022-05-11 06:59:37,209] {dagbag.py:500} INFO - Filling up the DagBag from /home/airflow/.local/lib/python3.7/site-packages/airflow/example_dags/example_trigger_controller_dag.py
[2022-05-11 06:59:37,225] {processor.py:652} INFO - DAG(s) dict_keys(['example_trigger_controller_dag']) retrieved from /home/airflow/.local/lib/python3.7/site-packages/airflow/example_dags/example_trigger_controller_dag.py
[2022-05-11 06:59:37,248] {logging_mixin.py:109} INFO - [2022-05-11 06:59:37,248] {dag.py:2398} INFO - Sync 1 DAGs
[2022-05-11 06:59:37,267] {logging_mixin.py:109} INFO - [2022-05-11 06:59:37,267] {dag.py:2937} INFO - Setting next_dagrun for example_trigger_controller_dag to 2021-01-01T00:00:00+00:00
[2022-05-11 06:59:37,282] {processor.py:171} INFO - Processing /home/airflow/.local/lib/python3.7/site-packages/airflow/example_dags/example_trigger_controller_dag.py took 0.079 seconds
[2022-05-11 07:00:08,074] {processor.py:163} INFO - Started process (PID=29415) to work on /home/airflow/.local/lib/python3.7/site-packages/airflow/example_dags/example_trigger_controller_dag.py
[2022-05-11 07:00:08,076] {processor.py:642} INFO - Processing file /home/airflow/.local/lib/python3.7/site-packages/airflow/example_dags/example_trigger_controller_dag.py for tasks to queue
[2022-05-11 07:00:08,078] {logging_mixin.py:109} INFO - [2022-05-11 07:00:08,077] {dagbag.py:500} INFO - Filling up the DagBag from /home/airflow/.local/lib/python3.7/site-packages/airflow/example_dags/example_trigger_controller_dag.py
[2022-05-11 07:00:08,095] {processor.py:652} INFO - DAG(s) dict_keys(['example_trigger_controller_dag']) retrieved from /home/airflow/.local/lib/python3.7/site-packages/airflow/example_dags/example_trigger_controller_dag.py
[2022-05-11 07:00:08,122] {logging_mixin.py:109} INFO - [2022-05-11 07:00:08,122] {dag.py:2398} INFO - Sync 1 DAGs
[2022-05-11 07:00:08,140] {logging_mixin.py:109} INFO - [2022-05-11 07:00:08,139] {dag.py:2937} INFO - Setting next_dagrun for example_trigger_controller_dag to 2021-01-01T00:00:00+00:00
[2022-05-11 07:00:08,152] {processor.py:171} INFO - Processing /home/airflow/.local/lib/python3.7/site-packages/airflow/example_dags/example_trigger_controller_dag.py took 0.083 seconds
[2022-05-11 07:00:38,490] {processor.py:163} INFO - Started process (PID=29489) to work on /home/airflow/.local/lib/python3.7/site-packages/airflow/example_dags/example_trigger_controller_dag.py
[2022-05-11 07:00:38,492] {processor.py:642} INFO - Processing file /home/airflow/.local/lib/python3.7/site-packages/airflow/example_dags/example_trigger_controller_dag.py for tasks to queue
[2022-05-11 07:00:38,492] {logging_mixin.py:109} INFO - [2022-05-11 07:00:38,492] {dagbag.py:500} INFO - Filling up the DagBag from /home/airflow/.local/lib/python3.7/site-packages/airflow/example_dags/example_trigger_controller_dag.py
[2022-05-11 07:00:38,507] {processor.py:652} INFO - DAG(s) dict_keys(['example_trigger_controller_dag']) retrieved from /home/airflow/.local/lib/python3.7/site-packages/airflow/example_dags/example_trigger_controller_dag.py
[2022-05-11 07:00:38,528] {logging_mixin.py:109} INFO - [2022-05-11 07:00:38,528] {dag.py:2398} INFO - Sync 1 DAGs
[2022-05-11 07:00:38,545] {logging_mixin.py:109} INFO - [2022-05-11 07:00:38,545] {dag.py:2937} INFO - Setting next_dagrun for example_trigger_controller_dag to 2021-01-01T00:00:00+00:00
[2022-05-11 07:00:38,558] {processor.py:171} INFO - Processing /home/airflow/.local/lib/python3.7/site-packages/airflow/example_dags/example_trigger_controller_dag.py took 0.071 seconds
[2022-05-11 07:01:09,016] {processor.py:163} INFO - Started process (PID=29559) to work on /home/airflow/.local/lib/python3.7/site-packages/airflow/example_dags/example_trigger_controller_dag.py
[2022-05-11 07:01:09,018] {processor.py:642} INFO - Processing file /home/airflow/.local/lib/python3.7/site-packages/airflow/example_dags/example_trigger_controller_dag.py for tasks to queue
[2022-05-11 07:01:09,019] {logging_mixin.py:109} INFO - [2022-05-11 07:01:09,019] {dagbag.py:500} INFO - Filling up the DagBag from /home/airflow/.local/lib/python3.7/site-packages/airflow/example_dags/example_trigger_controller_dag.py
[2022-05-11 07:01:09,037] {processor.py:652} INFO - DAG(s) dict_keys(['example_trigger_controller_dag']) retrieved from /home/airflow/.local/lib/python3.7/site-packages/airflow/example_dags/example_trigger_controller_dag.py
[2022-05-11 07:01:09,063] {logging_mixin.py:109} INFO - [2022-05-11 07:01:09,062] {dag.py:2398} INFO - Sync 1 DAGs
[2022-05-11 07:01:09,077] {logging_mixin.py:109} INFO - [2022-05-11 07:01:09,076] {dag.py:2937} INFO - Setting next_dagrun for example_trigger_controller_dag to 2021-01-01T00:00:00+00:00
[2022-05-11 07:01:09,092] {processor.py:171} INFO - Processing /home/airflow/.local/lib/python3.7/site-packages/airflow/example_dags/example_trigger_controller_dag.py took 0.079 seconds
[2022-05-11 07:01:39,547] {processor.py:163} INFO - Started process (PID=29625) to work on /home/airflow/.local/lib/python3.7/site-packages/airflow/example_dags/example_trigger_controller_dag.py
[2022-05-11 07:01:39,549] {processor.py:642} INFO - Processing file /home/airflow/.local/lib/python3.7/site-packages/airflow/example_dags/example_trigger_controller_dag.py for tasks to queue
[2022-05-11 07:01:39,550] {logging_mixin.py:109} INFO - [2022-05-11 07:01:39,550] {dagbag.py:500} INFO - Filling up the DagBag from /home/airflow/.local/lib/python3.7/site-packages/airflow/example_dags/example_trigger_controller_dag.py
[2022-05-11 07:01:39,563] {processor.py:652} INFO - DAG(s) dict_keys(['example_trigger_controller_dag']) retrieved from /home/airflow/.local/lib/python3.7/site-packages/airflow/example_dags/example_trigger_controller_dag.py
[2022-05-11 07:01:39,585] {logging_mixin.py:109} INFO - [2022-05-11 07:01:39,584] {dag.py:2398} INFO - Sync 1 DAGs
[2022-05-11 07:01:39,599] {logging_mixin.py:109} INFO - [2022-05-11 07:01:39,599] {dag.py:2937} INFO - Setting next_dagrun for example_trigger_controller_dag to 2021-01-01T00:00:00+00:00
[2022-05-11 07:01:39,613] {processor.py:171} INFO - Processing /home/airflow/.local/lib/python3.7/site-packages/airflow/example_dags/example_trigger_controller_dag.py took 0.068 seconds
[2022-05-11 07:02:09,893] {processor.py:163} INFO - Started process (PID=29698) to work on /home/airflow/.local/lib/python3.7/site-packages/airflow/example_dags/example_trigger_controller_dag.py
[2022-05-11 07:02:09,895] {processor.py:642} INFO - Processing file /home/airflow/.local/lib/python3.7/site-packages/airflow/example_dags/example_trigger_controller_dag.py for tasks to queue
[2022-05-11 07:02:09,896] {logging_mixin.py:109} INFO - [2022-05-11 07:02:09,896] {dagbag.py:500} INFO - Filling up the DagBag from /home/airflow/.local/lib/python3.7/site-packages/airflow/example_dags/example_trigger_controller_dag.py
[2022-05-11 07:02:09,910] {processor.py:652} INFO - DAG(s) dict_keys(['example_trigger_controller_dag']) retrieved from /home/airflow/.local/lib/python3.7/site-packages/airflow/example_dags/example_trigger_controller_dag.py
[2022-05-11 07:02:09,932] {logging_mixin.py:109} INFO - [2022-05-11 07:02:09,932] {dag.py:2398} INFO - Sync 1 DAGs
[2022-05-11 07:02:09,951] {logging_mixin.py:109} INFO - [2022-05-11 07:02:09,951] {dag.py:2937} INFO - Setting next_dagrun for example_trigger_controller_dag to 2021-01-01T00:00:00+00:00
[2022-05-11 07:02:09,967] {processor.py:171} INFO - Processing /home/airflow/.local/lib/python3.7/site-packages/airflow/example_dags/example_trigger_controller_dag.py took 0.080 seconds
[2022-05-11 07:02:40,467] {processor.py:163} INFO - Started process (PID=29762) to work on /home/airflow/.local/lib/python3.7/site-packages/airflow/example_dags/example_trigger_controller_dag.py
[2022-05-11 07:02:40,468] {processor.py:642} INFO - Processing file /home/airflow/.local/lib/python3.7/site-packages/airflow/example_dags/example_trigger_controller_dag.py for tasks to queue
[2022-05-11 07:02:40,469] {logging_mixin.py:109} INFO - [2022-05-11 07:02:40,469] {dagbag.py:500} INFO - Filling up the DagBag from /home/airflow/.local/lib/python3.7/site-packages/airflow/example_dags/example_trigger_controller_dag.py
[2022-05-11 07:02:40,484] {processor.py:652} INFO - DAG(s) dict_keys(['example_trigger_controller_dag']) retrieved from /home/airflow/.local/lib/python3.7/site-packages/airflow/example_dags/example_trigger_controller_dag.py
[2022-05-11 07:02:40,505] {logging_mixin.py:109} INFO - [2022-05-11 07:02:40,505] {dag.py:2398} INFO - Sync 1 DAGs
[2022-05-11 07:02:40,518] {logging_mixin.py:109} INFO - [2022-05-11 07:02:40,518] {dag.py:2937} INFO - Setting next_dagrun for example_trigger_controller_dag to 2021-01-01T00:00:00+00:00
[2022-05-11 07:02:40,531] {processor.py:171} INFO - Processing /home/airflow/.local/lib/python3.7/site-packages/airflow/example_dags/example_trigger_controller_dag.py took 0.068 seconds
[2022-05-11 07:03:10,989] {processor.py:163} INFO - Started process (PID=29834) to work on /home/airflow/.local/lib/python3.7/site-packages/airflow/example_dags/example_trigger_controller_dag.py
[2022-05-11 07:03:10,990] {processor.py:642} INFO - Processing file /home/airflow/.local/lib/python3.7/site-packages/airflow/example_dags/example_trigger_controller_dag.py for tasks to queue
[2022-05-11 07:03:10,991] {logging_mixin.py:109} INFO - [2022-05-11 07:03:10,991] {dagbag.py:500} INFO - Filling up the DagBag from /home/airflow/.local/lib/python3.7/site-packages/airflow/example_dags/example_trigger_controller_dag.py
[2022-05-11 07:03:11,003] {processor.py:652} INFO - DAG(s) dict_keys(['example_trigger_controller_dag']) retrieved from /home/airflow/.local/lib/python3.7/site-packages/airflow/example_dags/example_trigger_controller_dag.py
[2022-05-11 07:03:11,024] {logging_mixin.py:109} INFO - [2022-05-11 07:03:11,024] {dag.py:2398} INFO - Sync 1 DAGs
[2022-05-11 07:03:11,040] {logging_mixin.py:109} INFO - [2022-05-11 07:03:11,040] {dag.py:2937} INFO - Setting next_dagrun for example_trigger_controller_dag to 2021-01-01T00:00:00+00:00
[2022-05-11 07:03:11,052] {processor.py:171} INFO - Processing /home/airflow/.local/lib/python3.7/site-packages/airflow/example_dags/example_trigger_controller_dag.py took 0.066 seconds
[2022-05-11 07:03:41,776] {processor.py:163} INFO - Started process (PID=29896) to work on /home/airflow/.local/lib/python3.7/site-packages/airflow/example_dags/example_trigger_controller_dag.py
[2022-05-11 07:03:41,778] {processor.py:642} INFO - Processing file /home/airflow/.local/lib/python3.7/site-packages/airflow/example_dags/example_trigger_controller_dag.py for tasks to queue
[2022-05-11 07:03:41,779] {logging_mixin.py:109} INFO - [2022-05-11 07:03:41,778] {dagbag.py:500} INFO - Filling up the DagBag from /home/airflow/.local/lib/python3.7/site-packages/airflow/example_dags/example_trigger_controller_dag.py
[2022-05-11 07:03:41,790] {processor.py:652} INFO - DAG(s) dict_keys(['example_trigger_controller_dag']) retrieved from /home/airflow/.local/lib/python3.7/site-packages/airflow/example_dags/example_trigger_controller_dag.py
[2022-05-11 07:03:41,818] {logging_mixin.py:109} INFO - [2022-05-11 07:03:41,818] {dag.py:2398} INFO - Sync 1 DAGs
[2022-05-11 07:03:41,833] {logging_mixin.py:109} INFO - [2022-05-11 07:03:41,832] {dag.py:2937} INFO - Setting next_dagrun for example_trigger_controller_dag to 2021-01-01T00:00:00+00:00
[2022-05-11 07:03:41,847] {processor.py:171} INFO - Processing /home/airflow/.local/lib/python3.7/site-packages/airflow/example_dags/example_trigger_controller_dag.py took 0.074 seconds
[2022-05-11 07:04:12,384] {processor.py:163} INFO - Started process (PID=29969) to work on /home/airflow/.local/lib/python3.7/site-packages/airflow/example_dags/example_trigger_controller_dag.py
[2022-05-11 07:04:12,386] {processor.py:642} INFO - Processing file /home/airflow/.local/lib/python3.7/site-packages/airflow/example_dags/example_trigger_controller_dag.py for tasks to queue
[2022-05-11 07:04:12,387] {logging_mixin.py:109} INFO - [2022-05-11 07:04:12,387] {dagbag.py:500} INFO - Filling up the DagBag from /home/airflow/.local/lib/python3.7/site-packages/airflow/example_dags/example_trigger_controller_dag.py
[2022-05-11 07:04:12,401] {processor.py:652} INFO - DAG(s) dict_keys(['example_trigger_controller_dag']) retrieved from /home/airflow/.local/lib/python3.7/site-packages/airflow/example_dags/example_trigger_controller_dag.py
[2022-05-11 07:04:12,425] {logging_mixin.py:109} INFO - [2022-05-11 07:04:12,425] {dag.py:2398} INFO - Sync 1 DAGs
[2022-05-11 07:04:12,439] {logging_mixin.py:109} INFO - [2022-05-11 07:04:12,439] {dag.py:2937} INFO - Setting next_dagrun for example_trigger_controller_dag to 2021-01-01T00:00:00+00:00
[2022-05-11 07:04:12,455] {processor.py:171} INFO - Processing /home/airflow/.local/lib/python3.7/site-packages/airflow/example_dags/example_trigger_controller_dag.py took 0.074 seconds
[2022-05-11 07:04:42,879] {processor.py:163} INFO - Started process (PID=30032) to work on /home/airflow/.local/lib/python3.7/site-packages/airflow/example_dags/example_trigger_controller_dag.py
[2022-05-11 07:04:42,880] {processor.py:642} INFO - Processing file /home/airflow/.local/lib/python3.7/site-packages/airflow/example_dags/example_trigger_controller_dag.py for tasks to queue
[2022-05-11 07:04:42,881] {logging_mixin.py:109} INFO - [2022-05-11 07:04:42,881] {dagbag.py:500} INFO - Filling up the DagBag from /home/airflow/.local/lib/python3.7/site-packages/airflow/example_dags/example_trigger_controller_dag.py
[2022-05-11 07:04:42,898] {processor.py:652} INFO - DAG(s) dict_keys(['example_trigger_controller_dag']) retrieved from /home/airflow/.local/lib/python3.7/site-packages/airflow/example_dags/example_trigger_controller_dag.py
[2022-05-11 07:04:42,921] {logging_mixin.py:109} INFO - [2022-05-11 07:04:42,921] {dag.py:2398} INFO - Sync 1 DAGs
[2022-05-11 07:04:42,935] {logging_mixin.py:109} INFO - [2022-05-11 07:04:42,935] {dag.py:2937} INFO - Setting next_dagrun for example_trigger_controller_dag to 2021-01-01T00:00:00+00:00
[2022-05-11 07:04:42,947] {processor.py:171} INFO - Processing /home/airflow/.local/lib/python3.7/site-packages/airflow/example_dags/example_trigger_controller_dag.py took 0.071 seconds
[2022-05-11 07:05:13,372] {processor.py:163} INFO - Started process (PID=30106) to work on /home/airflow/.local/lib/python3.7/site-packages/airflow/example_dags/example_trigger_controller_dag.py
[2022-05-11 07:05:13,374] {processor.py:642} INFO - Processing file /home/airflow/.local/lib/python3.7/site-packages/airflow/example_dags/example_trigger_controller_dag.py for tasks to queue
[2022-05-11 07:05:13,374] {logging_mixin.py:109} INFO - [2022-05-11 07:05:13,374] {dagbag.py:500} INFO - Filling up the DagBag from /home/airflow/.local/lib/python3.7/site-packages/airflow/example_dags/example_trigger_controller_dag.py
[2022-05-11 07:05:13,387] {processor.py:652} INFO - DAG(s) dict_keys(['example_trigger_controller_dag']) retrieved from /home/airflow/.local/lib/python3.7/site-packages/airflow/example_dags/example_trigger_controller_dag.py
[2022-05-11 07:05:13,405] {logging_mixin.py:109} INFO - [2022-05-11 07:05:13,405] {dag.py:2398} INFO - Sync 1 DAGs
[2022-05-11 07:05:13,419] {logging_mixin.py:109} INFO - [2022-05-11 07:05:13,418] {dag.py:2937} INFO - Setting next_dagrun for example_trigger_controller_dag to 2021-01-01T00:00:00+00:00
[2022-05-11 07:05:13,431] {processor.py:171} INFO - Processing /home/airflow/.local/lib/python3.7/site-packages/airflow/example_dags/example_trigger_controller_dag.py took 0.063 seconds
[2022-05-11 07:05:43,827] {processor.py:163} INFO - Started process (PID=30170) to work on /home/airflow/.local/lib/python3.7/site-packages/airflow/example_dags/example_trigger_controller_dag.py
[2022-05-11 07:05:43,829] {processor.py:642} INFO - Processing file /home/airflow/.local/lib/python3.7/site-packages/airflow/example_dags/example_trigger_controller_dag.py for tasks to queue
[2022-05-11 07:05:43,830] {logging_mixin.py:109} INFO - [2022-05-11 07:05:43,830] {dagbag.py:500} INFO - Filling up the DagBag from /home/airflow/.local/lib/python3.7/site-packages/airflow/example_dags/example_trigger_controller_dag.py
[2022-05-11 07:05:43,845] {processor.py:652} INFO - DAG(s) dict_keys(['example_trigger_controller_dag']) retrieved from /home/airflow/.local/lib/python3.7/site-packages/airflow/example_dags/example_trigger_controller_dag.py
[2022-05-11 07:05:43,871] {logging_mixin.py:109} INFO - [2022-05-11 07:05:43,871] {dag.py:2398} INFO - Sync 1 DAGs
[2022-05-11 07:05:43,889] {logging_mixin.py:109} INFO - [2022-05-11 07:05:43,889] {dag.py:2937} INFO - Setting next_dagrun for example_trigger_controller_dag to 2021-01-01T00:00:00+00:00
[2022-05-11 07:05:43,905] {processor.py:171} INFO - Processing /home/airflow/.local/lib/python3.7/site-packages/airflow/example_dags/example_trigger_controller_dag.py took 0.082 seconds
[2022-05-11 07:06:14,197] {processor.py:163} INFO - Started process (PID=30242) to work on /home/airflow/.local/lib/python3.7/site-packages/airflow/example_dags/example_trigger_controller_dag.py
[2022-05-11 07:06:14,199] {processor.py:642} INFO - Processing file /home/airflow/.local/lib/python3.7/site-packages/airflow/example_dags/example_trigger_controller_dag.py for tasks to queue
[2022-05-11 07:06:14,200] {logging_mixin.py:109} INFO - [2022-05-11 07:06:14,200] {dagbag.py:500} INFO - Filling up the DagBag from /home/airflow/.local/lib/python3.7/site-packages/airflow/example_dags/example_trigger_controller_dag.py
[2022-05-11 07:06:14,215] {processor.py:652} INFO - DAG(s) dict_keys(['example_trigger_controller_dag']) retrieved from /home/airflow/.local/lib/python3.7/site-packages/airflow/example_dags/example_trigger_controller_dag.py
[2022-05-11 07:06:14,243] {logging_mixin.py:109} INFO - [2022-05-11 07:06:14,242] {dag.py:2398} INFO - Sync 1 DAGs
[2022-05-11 07:06:14,257] {logging_mixin.py:109} INFO - [2022-05-11 07:06:14,257] {dag.py:2937} INFO - Setting next_dagrun for example_trigger_controller_dag to 2021-01-01T00:00:00+00:00
[2022-05-11 07:06:14,271] {processor.py:171} INFO - Processing /home/airflow/.local/lib/python3.7/site-packages/airflow/example_dags/example_trigger_controller_dag.py took 0.077 seconds
[2022-05-11 07:06:44,623] {processor.py:163} INFO - Started process (PID=30312) to work on /home/airflow/.local/lib/python3.7/site-packages/airflow/example_dags/example_trigger_controller_dag.py
[2022-05-11 07:06:44,625] {processor.py:642} INFO - Processing file /home/airflow/.local/lib/python3.7/site-packages/airflow/example_dags/example_trigger_controller_dag.py for tasks to queue
[2022-05-11 07:06:44,627] {logging_mixin.py:109} INFO - [2022-05-11 07:06:44,626] {dagbag.py:500} INFO - Filling up the DagBag from /home/airflow/.local/lib/python3.7/site-packages/airflow/example_dags/example_trigger_controller_dag.py
[2022-05-11 07:06:44,639] {processor.py:652} INFO - DAG(s) dict_keys(['example_trigger_controller_dag']) retrieved from /home/airflow/.local/lib/python3.7/site-packages/airflow/example_dags/example_trigger_controller_dag.py
[2022-05-11 07:06:44,660] {logging_mixin.py:109} INFO - [2022-05-11 07:06:44,660] {dag.py:2398} INFO - Sync 1 DAGs
[2022-05-11 07:06:44,676] {logging_mixin.py:109} INFO - [2022-05-11 07:06:44,676] {dag.py:2937} INFO - Setting next_dagrun for example_trigger_controller_dag to 2021-01-01T00:00:00+00:00
[2022-05-11 07:06:44,690] {processor.py:171} INFO - Processing /home/airflow/.local/lib/python3.7/site-packages/airflow/example_dags/example_trigger_controller_dag.py took 0.071 seconds
[2022-05-11 07:07:15,252] {processor.py:163} INFO - Started process (PID=30374) to work on /home/airflow/.local/lib/python3.7/site-packages/airflow/example_dags/example_trigger_controller_dag.py
[2022-05-11 07:07:15,254] {processor.py:642} INFO - Processing file /home/airflow/.local/lib/python3.7/site-packages/airflow/example_dags/example_trigger_controller_dag.py for tasks to queue
[2022-05-11 07:07:15,255] {logging_mixin.py:109} INFO - [2022-05-11 07:07:15,255] {dagbag.py:500} INFO - Filling up the DagBag from /home/airflow/.local/lib/python3.7/site-packages/airflow/example_dags/example_trigger_controller_dag.py
[2022-05-11 07:07:15,270] {processor.py:652} INFO - DAG(s) dict_keys(['example_trigger_controller_dag']) retrieved from /home/airflow/.local/lib/python3.7/site-packages/airflow/example_dags/example_trigger_controller_dag.py
[2022-05-11 07:07:15,289] {logging_mixin.py:109} INFO - [2022-05-11 07:07:15,289] {dag.py:2398} INFO - Sync 1 DAGs
[2022-05-11 07:07:15,302] {logging_mixin.py:109} INFO - [2022-05-11 07:07:15,302] {dag.py:2937} INFO - Setting next_dagrun for example_trigger_controller_dag to 2021-01-01T00:00:00+00:00
[2022-05-11 07:07:15,316] {processor.py:171} INFO - Processing /home/airflow/.local/lib/python3.7/site-packages/airflow/example_dags/example_trigger_controller_dag.py took 0.068 seconds
[2022-05-11 07:07:45,470] {processor.py:163} INFO - Started process (PID=30447) to work on /home/airflow/.local/lib/python3.7/site-packages/airflow/example_dags/example_trigger_controller_dag.py
[2022-05-11 07:07:45,472] {processor.py:642} INFO - Processing file /home/airflow/.local/lib/python3.7/site-packages/airflow/example_dags/example_trigger_controller_dag.py for tasks to queue
[2022-05-11 07:07:45,473] {logging_mixin.py:109} INFO - [2022-05-11 07:07:45,473] {dagbag.py:500} INFO - Filling up the DagBag from /home/airflow/.local/lib/python3.7/site-packages/airflow/example_dags/example_trigger_controller_dag.py
[2022-05-11 07:07:45,488] {processor.py:652} INFO - DAG(s) dict_keys(['example_trigger_controller_dag']) retrieved from /home/airflow/.local/lib/python3.7/site-packages/airflow/example_dags/example_trigger_controller_dag.py
[2022-05-11 07:07:45,508] {logging_mixin.py:109} INFO - [2022-05-11 07:07:45,508] {dag.py:2398} INFO - Sync 1 DAGs
[2022-05-11 07:07:45,522] {logging_mixin.py:109} INFO - [2022-05-11 07:07:45,522] {dag.py:2937} INFO - Setting next_dagrun for example_trigger_controller_dag to 2021-01-01T00:00:00+00:00
[2022-05-11 07:07:45,536] {processor.py:171} INFO - Processing /home/airflow/.local/lib/python3.7/site-packages/airflow/example_dags/example_trigger_controller_dag.py took 0.069 seconds
[2022-05-11 07:08:15,761] {processor.py:163} INFO - Started process (PID=30510) to work on /home/airflow/.local/lib/python3.7/site-packages/airflow/example_dags/example_trigger_controller_dag.py
[2022-05-11 07:08:15,762] {processor.py:642} INFO - Processing file /home/airflow/.local/lib/python3.7/site-packages/airflow/example_dags/example_trigger_controller_dag.py for tasks to queue
[2022-05-11 07:08:15,763] {logging_mixin.py:109} INFO - [2022-05-11 07:08:15,763] {dagbag.py:500} INFO - Filling up the DagBag from /home/airflow/.local/lib/python3.7/site-packages/airflow/example_dags/example_trigger_controller_dag.py
[2022-05-11 07:08:15,775] {processor.py:652} INFO - DAG(s) dict_keys(['example_trigger_controller_dag']) retrieved from /home/airflow/.local/lib/python3.7/site-packages/airflow/example_dags/example_trigger_controller_dag.py
[2022-05-11 07:08:15,795] {logging_mixin.py:109} INFO - [2022-05-11 07:08:15,795] {dag.py:2398} INFO - Sync 1 DAGs
[2022-05-11 07:08:15,810] {logging_mixin.py:109} INFO - [2022-05-11 07:08:15,810] {dag.py:2937} INFO - Setting next_dagrun for example_trigger_controller_dag to 2021-01-01T00:00:00+00:00
[2022-05-11 07:08:15,822] {processor.py:171} INFO - Processing /home/airflow/.local/lib/python3.7/site-packages/airflow/example_dags/example_trigger_controller_dag.py took 0.064 seconds
[2022-05-11 07:08:46,227] {processor.py:163} INFO - Started process (PID=30582) to work on /home/airflow/.local/lib/python3.7/site-packages/airflow/example_dags/example_trigger_controller_dag.py
[2022-05-11 07:08:46,228] {processor.py:642} INFO - Processing file /home/airflow/.local/lib/python3.7/site-packages/airflow/example_dags/example_trigger_controller_dag.py for tasks to queue
[2022-05-11 07:08:46,229] {logging_mixin.py:109} INFO - [2022-05-11 07:08:46,229] {dagbag.py:500} INFO - Filling up the DagBag from /home/airflow/.local/lib/python3.7/site-packages/airflow/example_dags/example_trigger_controller_dag.py
[2022-05-11 07:08:46,242] {processor.py:652} INFO - DAG(s) dict_keys(['example_trigger_controller_dag']) retrieved from /home/airflow/.local/lib/python3.7/site-packages/airflow/example_dags/example_trigger_controller_dag.py
[2022-05-11 07:08:46,260] {logging_mixin.py:109} INFO - [2022-05-11 07:08:46,260] {dag.py:2398} INFO - Sync 1 DAGs
[2022-05-11 07:08:46,273] {logging_mixin.py:109} INFO - [2022-05-11 07:08:46,273] {dag.py:2937} INFO - Setting next_dagrun for example_trigger_controller_dag to 2021-01-01T00:00:00+00:00
[2022-05-11 07:08:46,285] {processor.py:171} INFO - Processing /home/airflow/.local/lib/python3.7/site-packages/airflow/example_dags/example_trigger_controller_dag.py took 0.063 seconds
[2022-05-11 07:09:16,925] {processor.py:163} INFO - Started process (PID=30645) to work on /home/airflow/.local/lib/python3.7/site-packages/airflow/example_dags/example_trigger_controller_dag.py
[2022-05-11 07:09:16,926] {processor.py:642} INFO - Processing file /home/airflow/.local/lib/python3.7/site-packages/airflow/example_dags/example_trigger_controller_dag.py for tasks to queue
[2022-05-11 07:09:16,927] {logging_mixin.py:109} INFO - [2022-05-11 07:09:16,927] {dagbag.py:500} INFO - Filling up the DagBag from /home/airflow/.local/lib/python3.7/site-packages/airflow/example_dags/example_trigger_controller_dag.py
[2022-05-11 07:09:16,942] {processor.py:652} INFO - DAG(s) dict_keys(['example_trigger_controller_dag']) retrieved from /home/airflow/.local/lib/python3.7/site-packages/airflow/example_dags/example_trigger_controller_dag.py
[2022-05-11 07:09:16,962] {logging_mixin.py:109} INFO - [2022-05-11 07:09:16,962] {dag.py:2398} INFO - Sync 1 DAGs
[2022-05-11 07:09:16,978] {logging_mixin.py:109} INFO - [2022-05-11 07:09:16,978] {dag.py:2937} INFO - Setting next_dagrun for example_trigger_controller_dag to 2021-01-01T00:00:00+00:00
[2022-05-11 07:09:16,993] {processor.py:171} INFO - Processing /home/airflow/.local/lib/python3.7/site-packages/airflow/example_dags/example_trigger_controller_dag.py took 0.071 seconds
[2022-05-11 07:09:47,462] {processor.py:163} INFO - Started process (PID=30716) to work on /home/airflow/.local/lib/python3.7/site-packages/airflow/example_dags/example_trigger_controller_dag.py
[2022-05-11 07:09:47,463] {processor.py:642} INFO - Processing file /home/airflow/.local/lib/python3.7/site-packages/airflow/example_dags/example_trigger_controller_dag.py for tasks to queue
[2022-05-11 07:09:47,464] {logging_mixin.py:109} INFO - [2022-05-11 07:09:47,464] {dagbag.py:500} INFO - Filling up the DagBag from /home/airflow/.local/lib/python3.7/site-packages/airflow/example_dags/example_trigger_controller_dag.py
[2022-05-11 07:09:47,479] {processor.py:652} INFO - DAG(s) dict_keys(['example_trigger_controller_dag']) retrieved from /home/airflow/.local/lib/python3.7/site-packages/airflow/example_dags/example_trigger_controller_dag.py
[2022-05-11 07:09:47,500] {logging_mixin.py:109} INFO - [2022-05-11 07:09:47,500] {dag.py:2398} INFO - Sync 1 DAGs
[2022-05-11 07:09:47,514] {logging_mixin.py:109} INFO - [2022-05-11 07:09:47,514] {dag.py:2937} INFO - Setting next_dagrun for example_trigger_controller_dag to 2021-01-01T00:00:00+00:00
[2022-05-11 07:09:47,531] {processor.py:171} INFO - Processing /home/airflow/.local/lib/python3.7/site-packages/airflow/example_dags/example_trigger_controller_dag.py took 0.072 seconds
[2022-05-11 07:10:18,126] {processor.py:163} INFO - Started process (PID=30786) to work on /home/airflow/.local/lib/python3.7/site-packages/airflow/example_dags/example_trigger_controller_dag.py
[2022-05-11 07:10:18,128] {processor.py:642} INFO - Processing file /home/airflow/.local/lib/python3.7/site-packages/airflow/example_dags/example_trigger_controller_dag.py for tasks to queue
[2022-05-11 07:10:18,129] {logging_mixin.py:109} INFO - [2022-05-11 07:10:18,129] {dagbag.py:500} INFO - Filling up the DagBag from /home/airflow/.local/lib/python3.7/site-packages/airflow/example_dags/example_trigger_controller_dag.py
[2022-05-11 07:10:18,148] {processor.py:652} INFO - DAG(s) dict_keys(['example_trigger_controller_dag']) retrieved from /home/airflow/.local/lib/python3.7/site-packages/airflow/example_dags/example_trigger_controller_dag.py
[2022-05-11 07:10:18,180] {logging_mixin.py:109} INFO - [2022-05-11 07:10:18,180] {dag.py:2398} INFO - Sync 1 DAGs
[2022-05-11 07:10:18,204] {logging_mixin.py:109} INFO - [2022-05-11 07:10:18,204] {dag.py:2937} INFO - Setting next_dagrun for example_trigger_controller_dag to 2021-01-01T00:00:00+00:00
[2022-05-11 07:10:18,221] {processor.py:171} INFO - Processing /home/airflow/.local/lib/python3.7/site-packages/airflow/example_dags/example_trigger_controller_dag.py took 0.100 seconds
[2022-05-11 07:10:48,704] {processor.py:163} INFO - Started process (PID=30852) to work on /home/airflow/.local/lib/python3.7/site-packages/airflow/example_dags/example_trigger_controller_dag.py
[2022-05-11 07:10:48,707] {processor.py:642} INFO - Processing file /home/airflow/.local/lib/python3.7/site-packages/airflow/example_dags/example_trigger_controller_dag.py for tasks to queue
[2022-05-11 07:10:48,709] {logging_mixin.py:109} INFO - [2022-05-11 07:10:48,708] {dagbag.py:500} INFO - Filling up the DagBag from /home/airflow/.local/lib/python3.7/site-packages/airflow/example_dags/example_trigger_controller_dag.py
[2022-05-11 07:10:48,727] {processor.py:652} INFO - DAG(s) dict_keys(['example_trigger_controller_dag']) retrieved from /home/airflow/.local/lib/python3.7/site-packages/airflow/example_dags/example_trigger_controller_dag.py
[2022-05-11 07:10:48,751] {logging_mixin.py:109} INFO - [2022-05-11 07:10:48,750] {dag.py:2398} INFO - Sync 1 DAGs
[2022-05-11 07:10:48,768] {logging_mixin.py:109} INFO - [2022-05-11 07:10:48,767] {dag.py:2937} INFO - Setting next_dagrun for example_trigger_controller_dag to 2021-01-01T00:00:00+00:00
[2022-05-11 07:10:48,784] {processor.py:171} INFO - Processing /home/airflow/.local/lib/python3.7/site-packages/airflow/example_dags/example_trigger_controller_dag.py took 0.084 seconds
[2022-05-11 07:11:19,466] {processor.py:163} INFO - Started process (PID=30924) to work on /home/airflow/.local/lib/python3.7/site-packages/airflow/example_dags/example_trigger_controller_dag.py
[2022-05-11 07:11:19,468] {processor.py:642} INFO - Processing file /home/airflow/.local/lib/python3.7/site-packages/airflow/example_dags/example_trigger_controller_dag.py for tasks to queue
[2022-05-11 07:11:19,469] {logging_mixin.py:109} INFO - [2022-05-11 07:11:19,469] {dagbag.py:500} INFO - Filling up the DagBag from /home/airflow/.local/lib/python3.7/site-packages/airflow/example_dags/example_trigger_controller_dag.py
[2022-05-11 07:11:19,485] {processor.py:652} INFO - DAG(s) dict_keys(['example_trigger_controller_dag']) retrieved from /home/airflow/.local/lib/python3.7/site-packages/airflow/example_dags/example_trigger_controller_dag.py
[2022-05-11 07:11:19,507] {logging_mixin.py:109} INFO - [2022-05-11 07:11:19,507] {dag.py:2398} INFO - Sync 1 DAGs
[2022-05-11 07:11:19,525] {logging_mixin.py:109} INFO - [2022-05-11 07:11:19,525] {dag.py:2937} INFO - Setting next_dagrun for example_trigger_controller_dag to 2021-01-01T00:00:00+00:00
[2022-05-11 07:11:19,537] {processor.py:171} INFO - Processing /home/airflow/.local/lib/python3.7/site-packages/airflow/example_dags/example_trigger_controller_dag.py took 0.074 seconds
[2022-05-11 07:11:50,149] {processor.py:163} INFO - Started process (PID=30988) to work on /home/airflow/.local/lib/python3.7/site-packages/airflow/example_dags/example_trigger_controller_dag.py
[2022-05-11 07:11:50,151] {processor.py:642} INFO - Processing file /home/airflow/.local/lib/python3.7/site-packages/airflow/example_dags/example_trigger_controller_dag.py for tasks to queue
[2022-05-11 07:11:50,152] {logging_mixin.py:109} INFO - [2022-05-11 07:11:50,152] {dagbag.py:500} INFO - Filling up the DagBag from /home/airflow/.local/lib/python3.7/site-packages/airflow/example_dags/example_trigger_controller_dag.py
[2022-05-11 07:11:50,166] {processor.py:652} INFO - DAG(s) dict_keys(['example_trigger_controller_dag']) retrieved from /home/airflow/.local/lib/python3.7/site-packages/airflow/example_dags/example_trigger_controller_dag.py
[2022-05-11 07:11:50,188] {logging_mixin.py:109} INFO - [2022-05-11 07:11:50,188] {dag.py:2398} INFO - Sync 1 DAGs
[2022-05-11 07:11:50,202] {logging_mixin.py:109} INFO - [2022-05-11 07:11:50,202] {dag.py:2937} INFO - Setting next_dagrun for example_trigger_controller_dag to 2021-01-01T00:00:00+00:00
[2022-05-11 07:11:50,215] {processor.py:171} INFO - Processing /home/airflow/.local/lib/python3.7/site-packages/airflow/example_dags/example_trigger_controller_dag.py took 0.069 seconds
[2022-05-11 07:12:20,857] {processor.py:163} INFO - Started process (PID=31061) to work on /home/airflow/.local/lib/python3.7/site-packages/airflow/example_dags/example_trigger_controller_dag.py
[2022-05-11 07:12:20,859] {processor.py:642} INFO - Processing file /home/airflow/.local/lib/python3.7/site-packages/airflow/example_dags/example_trigger_controller_dag.py for tasks to queue
[2022-05-11 07:12:20,860] {logging_mixin.py:109} INFO - [2022-05-11 07:12:20,860] {dagbag.py:500} INFO - Filling up the DagBag from /home/airflow/.local/lib/python3.7/site-packages/airflow/example_dags/example_trigger_controller_dag.py
[2022-05-11 07:12:20,880] {processor.py:652} INFO - DAG(s) dict_keys(['example_trigger_controller_dag']) retrieved from /home/airflow/.local/lib/python3.7/site-packages/airflow/example_dags/example_trigger_controller_dag.py
[2022-05-11 07:12:20,906] {logging_mixin.py:109} INFO - [2022-05-11 07:12:20,906] {dag.py:2398} INFO - Sync 1 DAGs
[2022-05-11 07:12:20,923] {logging_mixin.py:109} INFO - [2022-05-11 07:12:20,923] {dag.py:2937} INFO - Setting next_dagrun for example_trigger_controller_dag to 2021-01-01T00:00:00+00:00
[2022-05-11 07:12:20,936] {processor.py:171} INFO - Processing /home/airflow/.local/lib/python3.7/site-packages/airflow/example_dags/example_trigger_controller_dag.py took 0.083 seconds
[2022-05-11 07:12:51,431] {processor.py:163} INFO - Started process (PID=31125) to work on /home/airflow/.local/lib/python3.7/site-packages/airflow/example_dags/example_trigger_controller_dag.py
[2022-05-11 07:12:51,432] {processor.py:642} INFO - Processing file /home/airflow/.local/lib/python3.7/site-packages/airflow/example_dags/example_trigger_controller_dag.py for tasks to queue
[2022-05-11 07:12:51,433] {logging_mixin.py:109} INFO - [2022-05-11 07:12:51,433] {dagbag.py:500} INFO - Filling up the DagBag from /home/airflow/.local/lib/python3.7/site-packages/airflow/example_dags/example_trigger_controller_dag.py
[2022-05-11 07:12:51,446] {processor.py:652} INFO - DAG(s) dict_keys(['example_trigger_controller_dag']) retrieved from /home/airflow/.local/lib/python3.7/site-packages/airflow/example_dags/example_trigger_controller_dag.py
[2022-05-11 07:12:51,470] {logging_mixin.py:109} INFO - [2022-05-11 07:12:51,470] {dag.py:2398} INFO - Sync 1 DAGs
[2022-05-11 07:12:51,484] {logging_mixin.py:109} INFO - [2022-05-11 07:12:51,483] {dag.py:2937} INFO - Setting next_dagrun for example_trigger_controller_dag to 2021-01-01T00:00:00+00:00
[2022-05-11 07:12:51,499] {processor.py:171} INFO - Processing /home/airflow/.local/lib/python3.7/site-packages/airflow/example_dags/example_trigger_controller_dag.py took 0.071 seconds
[2022-05-11 07:13:22,379] {processor.py:163} INFO - Started process (PID=31198) to work on /home/airflow/.local/lib/python3.7/site-packages/airflow/example_dags/example_trigger_controller_dag.py
[2022-05-11 07:13:22,380] {processor.py:642} INFO - Processing file /home/airflow/.local/lib/python3.7/site-packages/airflow/example_dags/example_trigger_controller_dag.py for tasks to queue
[2022-05-11 07:13:22,381] {logging_mixin.py:109} INFO - [2022-05-11 07:13:22,381] {dagbag.py:500} INFO - Filling up the DagBag from /home/airflow/.local/lib/python3.7/site-packages/airflow/example_dags/example_trigger_controller_dag.py
[2022-05-11 07:13:22,395] {processor.py:652} INFO - DAG(s) dict_keys(['example_trigger_controller_dag']) retrieved from /home/airflow/.local/lib/python3.7/site-packages/airflow/example_dags/example_trigger_controller_dag.py
[2022-05-11 07:13:22,417] {logging_mixin.py:109} INFO - [2022-05-11 07:13:22,417] {dag.py:2398} INFO - Sync 1 DAGs
[2022-05-11 07:13:22,433] {logging_mixin.py:109} INFO - [2022-05-11 07:13:22,433] {dag.py:2937} INFO - Setting next_dagrun for example_trigger_controller_dag to 2021-01-01T00:00:00+00:00
[2022-05-11 07:13:22,448] {processor.py:171} INFO - Processing /home/airflow/.local/lib/python3.7/site-packages/airflow/example_dags/example_trigger_controller_dag.py took 0.072 seconds
[2022-05-11 07:13:52,530] {processor.py:163} INFO - Started process (PID=31262) to work on /home/airflow/.local/lib/python3.7/site-packages/airflow/example_dags/example_trigger_controller_dag.py
[2022-05-11 07:13:52,531] {processor.py:642} INFO - Processing file /home/airflow/.local/lib/python3.7/site-packages/airflow/example_dags/example_trigger_controller_dag.py for tasks to queue
[2022-05-11 07:13:52,532] {logging_mixin.py:109} INFO - [2022-05-11 07:13:52,532] {dagbag.py:500} INFO - Filling up the DagBag from /home/airflow/.local/lib/python3.7/site-packages/airflow/example_dags/example_trigger_controller_dag.py
[2022-05-11 07:13:52,548] {processor.py:652} INFO - DAG(s) dict_keys(['example_trigger_controller_dag']) retrieved from /home/airflow/.local/lib/python3.7/site-packages/airflow/example_dags/example_trigger_controller_dag.py
[2022-05-11 07:13:52,573] {logging_mixin.py:109} INFO - [2022-05-11 07:13:52,573] {dag.py:2398} INFO - Sync 1 DAGs
[2022-05-11 07:13:52,594] {logging_mixin.py:109} INFO - [2022-05-11 07:13:52,594] {dag.py:2937} INFO - Setting next_dagrun for example_trigger_controller_dag to 2021-01-01T00:00:00+00:00
[2022-05-11 07:13:52,607] {processor.py:171} INFO - Processing /home/airflow/.local/lib/python3.7/site-packages/airflow/example_dags/example_trigger_controller_dag.py took 0.081 seconds
[2022-05-11 07:14:22,983] {processor.py:163} INFO - Started process (PID=31333) to work on /home/airflow/.local/lib/python3.7/site-packages/airflow/example_dags/example_trigger_controller_dag.py
[2022-05-11 07:14:22,985] {processor.py:642} INFO - Processing file /home/airflow/.local/lib/python3.7/site-packages/airflow/example_dags/example_trigger_controller_dag.py for tasks to queue
[2022-05-11 07:14:22,986] {logging_mixin.py:109} INFO - [2022-05-11 07:14:22,986] {dagbag.py:500} INFO - Filling up the DagBag from /home/airflow/.local/lib/python3.7/site-packages/airflow/example_dags/example_trigger_controller_dag.py
[2022-05-11 07:14:23,000] {processor.py:652} INFO - DAG(s) dict_keys(['example_trigger_controller_dag']) retrieved from /home/airflow/.local/lib/python3.7/site-packages/airflow/example_dags/example_trigger_controller_dag.py
[2022-05-11 07:14:23,078] {logging_mixin.py:109} INFO - [2022-05-11 07:14:23,077] {dag.py:2398} INFO - Sync 1 DAGs
[2022-05-11 07:14:23,101] {logging_mixin.py:109} INFO - [2022-05-11 07:14:23,101] {dag.py:2937} INFO - Setting next_dagrun for example_trigger_controller_dag to 2021-01-01T00:00:00+00:00
[2022-05-11 07:14:23,115] {processor.py:171} INFO - Processing /home/airflow/.local/lib/python3.7/site-packages/airflow/example_dags/example_trigger_controller_dag.py took 0.135 seconds
[2022-05-11 07:14:53,506] {processor.py:163} INFO - Started process (PID=31396) to work on /home/airflow/.local/lib/python3.7/site-packages/airflow/example_dags/example_trigger_controller_dag.py
[2022-05-11 07:14:53,507] {processor.py:642} INFO - Processing file /home/airflow/.local/lib/python3.7/site-packages/airflow/example_dags/example_trigger_controller_dag.py for tasks to queue
[2022-05-11 07:14:53,508] {logging_mixin.py:109} INFO - [2022-05-11 07:14:53,508] {dagbag.py:500} INFO - Filling up the DagBag from /home/airflow/.local/lib/python3.7/site-packages/airflow/example_dags/example_trigger_controller_dag.py
[2022-05-11 07:14:53,520] {processor.py:652} INFO - DAG(s) dict_keys(['example_trigger_controller_dag']) retrieved from /home/airflow/.local/lib/python3.7/site-packages/airflow/example_dags/example_trigger_controller_dag.py
[2022-05-11 07:14:53,544] {logging_mixin.py:109} INFO - [2022-05-11 07:14:53,544] {dag.py:2398} INFO - Sync 1 DAGs
[2022-05-11 07:14:53,559] {logging_mixin.py:109} INFO - [2022-05-11 07:14:53,559] {dag.py:2937} INFO - Setting next_dagrun for example_trigger_controller_dag to 2021-01-01T00:00:00+00:00
[2022-05-11 07:14:53,573] {processor.py:171} INFO - Processing /home/airflow/.local/lib/python3.7/site-packages/airflow/example_dags/example_trigger_controller_dag.py took 0.070 seconds
[2022-05-11 07:15:23,648] {processor.py:163} INFO - Started process (PID=31470) to work on /home/airflow/.local/lib/python3.7/site-packages/airflow/example_dags/example_trigger_controller_dag.py
[2022-05-11 07:15:23,649] {processor.py:642} INFO - Processing file /home/airflow/.local/lib/python3.7/site-packages/airflow/example_dags/example_trigger_controller_dag.py for tasks to queue
[2022-05-11 07:15:23,650] {logging_mixin.py:109} INFO - [2022-05-11 07:15:23,650] {dagbag.py:500} INFO - Filling up the DagBag from /home/airflow/.local/lib/python3.7/site-packages/airflow/example_dags/example_trigger_controller_dag.py
[2022-05-11 07:15:23,663] {processor.py:652} INFO - DAG(s) dict_keys(['example_trigger_controller_dag']) retrieved from /home/airflow/.local/lib/python3.7/site-packages/airflow/example_dags/example_trigger_controller_dag.py
[2022-05-11 07:15:23,687] {logging_mixin.py:109} INFO - [2022-05-11 07:15:23,687] {dag.py:2398} INFO - Sync 1 DAGs
[2022-05-11 07:15:23,701] {logging_mixin.py:109} INFO - [2022-05-11 07:15:23,701] {dag.py:2937} INFO - Setting next_dagrun for example_trigger_controller_dag to 2021-01-01T00:00:00+00:00
[2022-05-11 07:15:23,717] {processor.py:171} INFO - Processing /home/airflow/.local/lib/python3.7/site-packages/airflow/example_dags/example_trigger_controller_dag.py took 0.073 seconds
[2022-05-11 07:15:54,063] {processor.py:163} INFO - Started process (PID=31534) to work on /home/airflow/.local/lib/python3.7/site-packages/airflow/example_dags/example_trigger_controller_dag.py
[2022-05-11 07:15:54,065] {processor.py:642} INFO - Processing file /home/airflow/.local/lib/python3.7/site-packages/airflow/example_dags/example_trigger_controller_dag.py for tasks to queue
[2022-05-11 07:15:54,066] {logging_mixin.py:109} INFO - [2022-05-11 07:15:54,066] {dagbag.py:500} INFO - Filling up the DagBag from /home/airflow/.local/lib/python3.7/site-packages/airflow/example_dags/example_trigger_controller_dag.py
[2022-05-11 07:15:54,084] {processor.py:652} INFO - DAG(s) dict_keys(['example_trigger_controller_dag']) retrieved from /home/airflow/.local/lib/python3.7/site-packages/airflow/example_dags/example_trigger_controller_dag.py
[2022-05-11 07:15:54,106] {logging_mixin.py:109} INFO - [2022-05-11 07:15:54,106] {dag.py:2398} INFO - Sync 1 DAGs
[2022-05-11 07:15:54,123] {logging_mixin.py:109} INFO - [2022-05-11 07:15:54,123] {dag.py:2937} INFO - Setting next_dagrun for example_trigger_controller_dag to 2021-01-01T00:00:00+00:00
[2022-05-11 07:15:54,139] {processor.py:171} INFO - Processing /home/airflow/.local/lib/python3.7/site-packages/airflow/example_dags/example_trigger_controller_dag.py took 0.079 seconds
[2022-05-11 07:16:24,743] {processor.py:163} INFO - Started process (PID=31607) to work on /home/airflow/.local/lib/python3.7/site-packages/airflow/example_dags/example_trigger_controller_dag.py
[2022-05-11 07:16:24,744] {processor.py:642} INFO - Processing file /home/airflow/.local/lib/python3.7/site-packages/airflow/example_dags/example_trigger_controller_dag.py for tasks to queue
[2022-05-11 07:16:24,745] {logging_mixin.py:109} INFO - [2022-05-11 07:16:24,745] {dagbag.py:500} INFO - Filling up the DagBag from /home/airflow/.local/lib/python3.7/site-packages/airflow/example_dags/example_trigger_controller_dag.py
[2022-05-11 07:16:24,757] {processor.py:652} INFO - DAG(s) dict_keys(['example_trigger_controller_dag']) retrieved from /home/airflow/.local/lib/python3.7/site-packages/airflow/example_dags/example_trigger_controller_dag.py
[2022-05-11 07:16:24,782] {logging_mixin.py:109} INFO - [2022-05-11 07:16:24,782] {dag.py:2398} INFO - Sync 1 DAGs
[2022-05-11 07:16:24,796] {logging_mixin.py:109} INFO - [2022-05-11 07:16:24,796] {dag.py:2937} INFO - Setting next_dagrun for example_trigger_controller_dag to 2021-01-01T00:00:00+00:00
[2022-05-11 07:16:24,810] {processor.py:171} INFO - Processing /home/airflow/.local/lib/python3.7/site-packages/airflow/example_dags/example_trigger_controller_dag.py took 0.071 seconds
[2022-05-11 07:16:55,333] {processor.py:163} INFO - Started process (PID=31678) to work on /home/airflow/.local/lib/python3.7/site-packages/airflow/example_dags/example_trigger_controller_dag.py
[2022-05-11 07:16:55,335] {processor.py:642} INFO - Processing file /home/airflow/.local/lib/python3.7/site-packages/airflow/example_dags/example_trigger_controller_dag.py for tasks to queue
[2022-05-11 07:16:55,337] {logging_mixin.py:109} INFO - [2022-05-11 07:16:55,336] {dagbag.py:500} INFO - Filling up the DagBag from /home/airflow/.local/lib/python3.7/site-packages/airflow/example_dags/example_trigger_controller_dag.py
[2022-05-11 07:16:55,360] {processor.py:652} INFO - DAG(s) dict_keys(['example_trigger_controller_dag']) retrieved from /home/airflow/.local/lib/python3.7/site-packages/airflow/example_dags/example_trigger_controller_dag.py
[2022-05-11 07:16:55,393] {logging_mixin.py:109} INFO - [2022-05-11 07:16:55,393] {dag.py:2398} INFO - Sync 1 DAGs
[2022-05-11 07:16:55,416] {logging_mixin.py:109} INFO - [2022-05-11 07:16:55,416] {dag.py:2937} INFO - Setting next_dagrun for example_trigger_controller_dag to 2021-01-01T00:00:00+00:00
[2022-05-11 07:16:55,432] {processor.py:171} INFO - Processing /home/airflow/.local/lib/python3.7/site-packages/airflow/example_dags/example_trigger_controller_dag.py took 0.104 seconds
[2022-05-11 07:17:25,851] {processor.py:163} INFO - Started process (PID=31743) to work on /home/airflow/.local/lib/python3.7/site-packages/airflow/example_dags/example_trigger_controller_dag.py
[2022-05-11 07:17:25,853] {processor.py:642} INFO - Processing file /home/airflow/.local/lib/python3.7/site-packages/airflow/example_dags/example_trigger_controller_dag.py for tasks to queue
[2022-05-11 07:17:25,855] {logging_mixin.py:109} INFO - [2022-05-11 07:17:25,855] {dagbag.py:500} INFO - Filling up the DagBag from /home/airflow/.local/lib/python3.7/site-packages/airflow/example_dags/example_trigger_controller_dag.py
[2022-05-11 07:17:25,876] {processor.py:652} INFO - DAG(s) dict_keys(['example_trigger_controller_dag']) retrieved from /home/airflow/.local/lib/python3.7/site-packages/airflow/example_dags/example_trigger_controller_dag.py
[2022-05-11 07:17:25,905] {logging_mixin.py:109} INFO - [2022-05-11 07:17:25,905] {dag.py:2398} INFO - Sync 1 DAGs
[2022-05-11 07:17:25,925] {logging_mixin.py:109} INFO - [2022-05-11 07:17:25,924] {dag.py:2937} INFO - Setting next_dagrun for example_trigger_controller_dag to 2021-01-01T00:00:00+00:00
[2022-05-11 07:17:25,944] {processor.py:171} INFO - Processing /home/airflow/.local/lib/python3.7/site-packages/airflow/example_dags/example_trigger_controller_dag.py took 0.097 seconds
[2022-05-11 07:17:56,071] {processor.py:163} INFO - Started process (PID=31807) to work on /home/airflow/.local/lib/python3.7/site-packages/airflow/example_dags/example_trigger_controller_dag.py
[2022-05-11 07:17:56,073] {processor.py:642} INFO - Processing file /home/airflow/.local/lib/python3.7/site-packages/airflow/example_dags/example_trigger_controller_dag.py for tasks to queue
[2022-05-11 07:17:56,074] {logging_mixin.py:109} INFO - [2022-05-11 07:17:56,074] {dagbag.py:500} INFO - Filling up the DagBag from /home/airflow/.local/lib/python3.7/site-packages/airflow/example_dags/example_trigger_controller_dag.py
[2022-05-11 07:17:56,096] {processor.py:652} INFO - DAG(s) dict_keys(['example_trigger_controller_dag']) retrieved from /home/airflow/.local/lib/python3.7/site-packages/airflow/example_dags/example_trigger_controller_dag.py
[2022-05-11 07:17:56,122] {logging_mixin.py:109} INFO - [2022-05-11 07:17:56,122] {dag.py:2398} INFO - Sync 1 DAGs
[2022-05-11 07:17:56,143] {logging_mixin.py:109} INFO - [2022-05-11 07:17:56,142] {dag.py:2937} INFO - Setting next_dagrun for example_trigger_controller_dag to 2021-01-01T00:00:00+00:00
[2022-05-11 07:17:56,159] {processor.py:171} INFO - Processing /home/airflow/.local/lib/python3.7/site-packages/airflow/example_dags/example_trigger_controller_dag.py took 0.093 seconds
[2022-05-11 07:18:26,750] {processor.py:163} INFO - Started process (PID=31879) to work on /home/airflow/.local/lib/python3.7/site-packages/airflow/example_dags/example_trigger_controller_dag.py
[2022-05-11 07:18:26,752] {processor.py:642} INFO - Processing file /home/airflow/.local/lib/python3.7/site-packages/airflow/example_dags/example_trigger_controller_dag.py for tasks to queue
[2022-05-11 07:18:26,753] {logging_mixin.py:109} INFO - [2022-05-11 07:18:26,753] {dagbag.py:500} INFO - Filling up the DagBag from /home/airflow/.local/lib/python3.7/site-packages/airflow/example_dags/example_trigger_controller_dag.py
[2022-05-11 07:18:26,777] {processor.py:652} INFO - DAG(s) dict_keys(['example_trigger_controller_dag']) retrieved from /home/airflow/.local/lib/python3.7/site-packages/airflow/example_dags/example_trigger_controller_dag.py
[2022-05-11 07:18:26,815] {logging_mixin.py:109} INFO - [2022-05-11 07:18:26,814] {dag.py:2398} INFO - Sync 1 DAGs
[2022-05-11 07:18:26,845] {logging_mixin.py:109} INFO - [2022-05-11 07:18:26,845] {dag.py:2937} INFO - Setting next_dagrun for example_trigger_controller_dag to 2021-01-01T00:00:00+00:00
[2022-05-11 07:18:26,869] {processor.py:171} INFO - Processing /home/airflow/.local/lib/python3.7/site-packages/airflow/example_dags/example_trigger_controller_dag.py took 0.129 seconds
[2022-05-11 07:18:57,825] {processor.py:163} INFO - Started process (PID=31942) to work on /home/airflow/.local/lib/python3.7/site-packages/airflow/example_dags/example_trigger_controller_dag.py
[2022-05-11 07:18:57,827] {processor.py:642} INFO - Processing file /home/airflow/.local/lib/python3.7/site-packages/airflow/example_dags/example_trigger_controller_dag.py for tasks to queue
[2022-05-11 07:18:57,828] {logging_mixin.py:109} INFO - [2022-05-11 07:18:57,828] {dagbag.py:500} INFO - Filling up the DagBag from /home/airflow/.local/lib/python3.7/site-packages/airflow/example_dags/example_trigger_controller_dag.py
[2022-05-11 07:18:57,844] {processor.py:652} INFO - DAG(s) dict_keys(['example_trigger_controller_dag']) retrieved from /home/airflow/.local/lib/python3.7/site-packages/airflow/example_dags/example_trigger_controller_dag.py
[2022-05-11 07:18:57,869] {logging_mixin.py:109} INFO - [2022-05-11 07:18:57,869] {dag.py:2398} INFO - Sync 1 DAGs
[2022-05-11 07:18:57,888] {logging_mixin.py:109} INFO - [2022-05-11 07:18:57,888] {dag.py:2937} INFO - Setting next_dagrun for example_trigger_controller_dag to 2021-01-01T00:00:00+00:00
[2022-05-11 07:18:57,908] {processor.py:171} INFO - Processing /home/airflow/.local/lib/python3.7/site-packages/airflow/example_dags/example_trigger_controller_dag.py took 0.087 seconds
[2022-05-11 07:19:29,709] {processor.py:163} INFO - Started process (PID=32014) to work on /home/airflow/.local/lib/python3.7/site-packages/airflow/example_dags/example_trigger_controller_dag.py
[2022-05-11 07:19:29,713] {processor.py:642} INFO - Processing file /home/airflow/.local/lib/python3.7/site-packages/airflow/example_dags/example_trigger_controller_dag.py for tasks to queue
[2022-05-11 07:19:29,714] {logging_mixin.py:109} INFO - [2022-05-11 07:19:29,714] {dagbag.py:500} INFO - Filling up the DagBag from /home/airflow/.local/lib/python3.7/site-packages/airflow/example_dags/example_trigger_controller_dag.py
[2022-05-11 07:19:29,735] {processor.py:652} INFO - DAG(s) dict_keys(['example_trigger_controller_dag']) retrieved from /home/airflow/.local/lib/python3.7/site-packages/airflow/example_dags/example_trigger_controller_dag.py
[2022-05-11 07:19:29,764] {logging_mixin.py:109} INFO - [2022-05-11 07:19:29,764] {dag.py:2398} INFO - Sync 1 DAGs
[2022-05-11 07:19:29,791] {logging_mixin.py:109} INFO - [2022-05-11 07:19:29,790] {dag.py:2937} INFO - Setting next_dagrun for example_trigger_controller_dag to 2021-01-01T00:00:00+00:00
[2022-05-11 07:19:29,811] {processor.py:171} INFO - Processing /home/airflow/.local/lib/python3.7/site-packages/airflow/example_dags/example_trigger_controller_dag.py took 0.107 seconds
[2022-05-11 07:20:00,657] {processor.py:163} INFO - Started process (PID=32077) to work on /home/airflow/.local/lib/python3.7/site-packages/airflow/example_dags/example_trigger_controller_dag.py
[2022-05-11 07:20:00,660] {processor.py:642} INFO - Processing file /home/airflow/.local/lib/python3.7/site-packages/airflow/example_dags/example_trigger_controller_dag.py for tasks to queue
[2022-05-11 07:20:00,662] {logging_mixin.py:109} INFO - [2022-05-11 07:20:00,661] {dagbag.py:500} INFO - Filling up the DagBag from /home/airflow/.local/lib/python3.7/site-packages/airflow/example_dags/example_trigger_controller_dag.py
[2022-05-11 07:20:00,679] {processor.py:652} INFO - DAG(s) dict_keys(['example_trigger_controller_dag']) retrieved from /home/airflow/.local/lib/python3.7/site-packages/airflow/example_dags/example_trigger_controller_dag.py
[2022-05-11 07:20:00,709] {logging_mixin.py:109} INFO - [2022-05-11 07:20:00,709] {dag.py:2398} INFO - Sync 1 DAGs
[2022-05-11 07:20:00,726] {logging_mixin.py:109} INFO - [2022-05-11 07:20:00,726] {dag.py:2937} INFO - Setting next_dagrun for example_trigger_controller_dag to 2021-01-01T00:00:00+00:00
[2022-05-11 07:20:00,743] {processor.py:171} INFO - Processing /home/airflow/.local/lib/python3.7/site-packages/airflow/example_dags/example_trigger_controller_dag.py took 0.090 seconds
[2022-05-11 07:20:31,238] {processor.py:163} INFO - Started process (PID=32150) to work on /home/airflow/.local/lib/python3.7/site-packages/airflow/example_dags/example_trigger_controller_dag.py
[2022-05-11 07:20:31,241] {processor.py:642} INFO - Processing file /home/airflow/.local/lib/python3.7/site-packages/airflow/example_dags/example_trigger_controller_dag.py for tasks to queue
[2022-05-11 07:20:31,243] {logging_mixin.py:109} INFO - [2022-05-11 07:20:31,242] {dagbag.py:500} INFO - Filling up the DagBag from /home/airflow/.local/lib/python3.7/site-packages/airflow/example_dags/example_trigger_controller_dag.py
[2022-05-11 07:20:31,266] {processor.py:652} INFO - DAG(s) dict_keys(['example_trigger_controller_dag']) retrieved from /home/airflow/.local/lib/python3.7/site-packages/airflow/example_dags/example_trigger_controller_dag.py
[2022-05-11 07:20:31,295] {logging_mixin.py:109} INFO - [2022-05-11 07:20:31,295] {dag.py:2398} INFO - Sync 1 DAGs
[2022-05-11 07:20:31,313] {logging_mixin.py:109} INFO - [2022-05-11 07:20:31,313] {dag.py:2937} INFO - Setting next_dagrun for example_trigger_controller_dag to 2021-01-01T00:00:00+00:00
[2022-05-11 07:20:31,331] {processor.py:171} INFO - Processing /home/airflow/.local/lib/python3.7/site-packages/airflow/example_dags/example_trigger_controller_dag.py took 0.098 seconds
[2022-05-11 07:21:02,291] {processor.py:163} INFO - Started process (PID=32212) to work on /home/airflow/.local/lib/python3.7/site-packages/airflow/example_dags/example_trigger_controller_dag.py
[2022-05-11 07:21:02,293] {processor.py:642} INFO - Processing file /home/airflow/.local/lib/python3.7/site-packages/airflow/example_dags/example_trigger_controller_dag.py for tasks to queue
[2022-05-11 07:21:02,294] {logging_mixin.py:109} INFO - [2022-05-11 07:21:02,294] {dagbag.py:500} INFO - Filling up the DagBag from /home/airflow/.local/lib/python3.7/site-packages/airflow/example_dags/example_trigger_controller_dag.py
[2022-05-11 07:21:02,314] {processor.py:652} INFO - DAG(s) dict_keys(['example_trigger_controller_dag']) retrieved from /home/airflow/.local/lib/python3.7/site-packages/airflow/example_dags/example_trigger_controller_dag.py
[2022-05-11 07:21:02,342] {logging_mixin.py:109} INFO - [2022-05-11 07:21:02,341] {dag.py:2398} INFO - Sync 1 DAGs
[2022-05-11 07:21:02,361] {logging_mixin.py:109} INFO - [2022-05-11 07:21:02,361] {dag.py:2937} INFO - Setting next_dagrun for example_trigger_controller_dag to 2021-01-01T00:00:00+00:00
[2022-05-11 07:21:02,378] {processor.py:171} INFO - Processing /home/airflow/.local/lib/python3.7/site-packages/airflow/example_dags/example_trigger_controller_dag.py took 0.092 seconds
[2022-05-11 07:21:33,549] {processor.py:163} INFO - Started process (PID=32284) to work on /home/airflow/.local/lib/python3.7/site-packages/airflow/example_dags/example_trigger_controller_dag.py
[2022-05-11 07:21:33,550] {processor.py:642} INFO - Processing file /home/airflow/.local/lib/python3.7/site-packages/airflow/example_dags/example_trigger_controller_dag.py for tasks to queue
[2022-05-11 07:21:33,551] {logging_mixin.py:109} INFO - [2022-05-11 07:21:33,551] {dagbag.py:500} INFO - Filling up the DagBag from /home/airflow/.local/lib/python3.7/site-packages/airflow/example_dags/example_trigger_controller_dag.py
[2022-05-11 07:21:33,567] {processor.py:652} INFO - DAG(s) dict_keys(['example_trigger_controller_dag']) retrieved from /home/airflow/.local/lib/python3.7/site-packages/airflow/example_dags/example_trigger_controller_dag.py
[2022-05-11 07:21:33,590] {logging_mixin.py:109} INFO - [2022-05-11 07:21:33,590] {dag.py:2398} INFO - Sync 1 DAGs
[2022-05-11 07:21:33,605] {logging_mixin.py:109} INFO - [2022-05-11 07:21:33,605] {dag.py:2937} INFO - Setting next_dagrun for example_trigger_controller_dag to 2021-01-01T00:00:00+00:00
[2022-05-11 07:21:33,619] {processor.py:171} INFO - Processing /home/airflow/.local/lib/python3.7/site-packages/airflow/example_dags/example_trigger_controller_dag.py took 0.073 seconds
[2022-05-11 07:22:05,196] {processor.py:163} INFO - Started process (PID=32357) to work on /home/airflow/.local/lib/python3.7/site-packages/airflow/example_dags/example_trigger_controller_dag.py
[2022-05-11 07:22:05,199] {processor.py:642} INFO - Processing file /home/airflow/.local/lib/python3.7/site-packages/airflow/example_dags/example_trigger_controller_dag.py for tasks to queue
[2022-05-11 07:22:05,200] {logging_mixin.py:109} INFO - [2022-05-11 07:22:05,200] {dagbag.py:500} INFO - Filling up the DagBag from /home/airflow/.local/lib/python3.7/site-packages/airflow/example_dags/example_trigger_controller_dag.py
[2022-05-11 07:22:05,236] {processor.py:652} INFO - DAG(s) dict_keys(['example_trigger_controller_dag']) retrieved from /home/airflow/.local/lib/python3.7/site-packages/airflow/example_dags/example_trigger_controller_dag.py
[2022-05-11 07:22:05,269] {logging_mixin.py:109} INFO - [2022-05-11 07:22:05,269] {dag.py:2398} INFO - Sync 1 DAGs
[2022-05-11 07:22:05,299] {logging_mixin.py:109} INFO - [2022-05-11 07:22:05,299] {dag.py:2937} INFO - Setting next_dagrun for example_trigger_controller_dag to 2021-01-01T00:00:00+00:00
[2022-05-11 07:22:05,321] {processor.py:171} INFO - Processing /home/airflow/.local/lib/python3.7/site-packages/airflow/example_dags/example_trigger_controller_dag.py took 0.132 seconds
[2022-05-11 07:22:36,251] {processor.py:163} INFO - Started process (PID=32420) to work on /home/airflow/.local/lib/python3.7/site-packages/airflow/example_dags/example_trigger_controller_dag.py
[2022-05-11 07:22:36,254] {processor.py:642} INFO - Processing file /home/airflow/.local/lib/python3.7/site-packages/airflow/example_dags/example_trigger_controller_dag.py for tasks to queue
[2022-05-11 07:22:36,255] {logging_mixin.py:109} INFO - [2022-05-11 07:22:36,255] {dagbag.py:500} INFO - Filling up the DagBag from /home/airflow/.local/lib/python3.7/site-packages/airflow/example_dags/example_trigger_controller_dag.py
[2022-05-11 07:22:36,269] {processor.py:652} INFO - DAG(s) dict_keys(['example_trigger_controller_dag']) retrieved from /home/airflow/.local/lib/python3.7/site-packages/airflow/example_dags/example_trigger_controller_dag.py
[2022-05-11 07:22:36,295] {logging_mixin.py:109} INFO - [2022-05-11 07:22:36,295] {dag.py:2398} INFO - Sync 1 DAGs
[2022-05-11 07:22:36,312] {logging_mixin.py:109} INFO - [2022-05-11 07:22:36,312] {dag.py:2937} INFO - Setting next_dagrun for example_trigger_controller_dag to 2021-01-01T00:00:00+00:00
[2022-05-11 07:22:36,328] {processor.py:171} INFO - Processing /home/airflow/.local/lib/python3.7/site-packages/airflow/example_dags/example_trigger_controller_dag.py took 0.081 seconds
[2022-05-11 07:23:07,904] {processor.py:163} INFO - Started process (PID=32494) to work on /home/airflow/.local/lib/python3.7/site-packages/airflow/example_dags/example_trigger_controller_dag.py
[2022-05-11 07:23:07,906] {processor.py:642} INFO - Processing file /home/airflow/.local/lib/python3.7/site-packages/airflow/example_dags/example_trigger_controller_dag.py for tasks to queue
[2022-05-11 07:23:07,907] {logging_mixin.py:109} INFO - [2022-05-11 07:23:07,907] {dagbag.py:500} INFO - Filling up the DagBag from /home/airflow/.local/lib/python3.7/site-packages/airflow/example_dags/example_trigger_controller_dag.py
[2022-05-11 07:23:07,921] {processor.py:652} INFO - DAG(s) dict_keys(['example_trigger_controller_dag']) retrieved from /home/airflow/.local/lib/python3.7/site-packages/airflow/example_dags/example_trigger_controller_dag.py
[2022-05-11 07:23:07,944] {logging_mixin.py:109} INFO - [2022-05-11 07:23:07,944] {dag.py:2398} INFO - Sync 1 DAGs
[2022-05-11 07:23:07,962] {logging_mixin.py:109} INFO - [2022-05-11 07:23:07,962] {dag.py:2937} INFO - Setting next_dagrun for example_trigger_controller_dag to 2021-01-01T00:00:00+00:00
[2022-05-11 07:23:07,976] {processor.py:171} INFO - Processing /home/airflow/.local/lib/python3.7/site-packages/airflow/example_dags/example_trigger_controller_dag.py took 0.076 seconds
[2022-05-11 07:23:38,480] {processor.py:163} INFO - Started process (PID=32557) to work on /home/airflow/.local/lib/python3.7/site-packages/airflow/example_dags/example_trigger_controller_dag.py
[2022-05-11 07:23:38,483] {processor.py:642} INFO - Processing file /home/airflow/.local/lib/python3.7/site-packages/airflow/example_dags/example_trigger_controller_dag.py for tasks to queue
[2022-05-11 07:23:38,484] {logging_mixin.py:109} INFO - [2022-05-11 07:23:38,483] {dagbag.py:500} INFO - Filling up the DagBag from /home/airflow/.local/lib/python3.7/site-packages/airflow/example_dags/example_trigger_controller_dag.py
[2022-05-11 07:23:38,499] {processor.py:652} INFO - DAG(s) dict_keys(['example_trigger_controller_dag']) retrieved from /home/airflow/.local/lib/python3.7/site-packages/airflow/example_dags/example_trigger_controller_dag.py
[2022-05-11 07:23:38,522] {logging_mixin.py:109} INFO - [2022-05-11 07:23:38,522] {dag.py:2398} INFO - Sync 1 DAGs
[2022-05-11 07:23:38,540] {logging_mixin.py:109} INFO - [2022-05-11 07:23:38,540] {dag.py:2937} INFO - Setting next_dagrun for example_trigger_controller_dag to 2021-01-01T00:00:00+00:00
[2022-05-11 07:23:38,554] {processor.py:171} INFO - Processing /home/airflow/.local/lib/python3.7/site-packages/airflow/example_dags/example_trigger_controller_dag.py took 0.079 seconds
[2022-05-11 07:24:09,880] {processor.py:163} INFO - Started process (PID=32629) to work on /home/airflow/.local/lib/python3.7/site-packages/airflow/example_dags/example_trigger_controller_dag.py
[2022-05-11 07:24:09,882] {processor.py:642} INFO - Processing file /home/airflow/.local/lib/python3.7/site-packages/airflow/example_dags/example_trigger_controller_dag.py for tasks to queue
[2022-05-11 07:24:09,883] {logging_mixin.py:109} INFO - [2022-05-11 07:24:09,883] {dagbag.py:500} INFO - Filling up the DagBag from /home/airflow/.local/lib/python3.7/site-packages/airflow/example_dags/example_trigger_controller_dag.py
[2022-05-11 07:24:09,896] {processor.py:652} INFO - DAG(s) dict_keys(['example_trigger_controller_dag']) retrieved from /home/airflow/.local/lib/python3.7/site-packages/airflow/example_dags/example_trigger_controller_dag.py
[2022-05-11 07:24:09,924] {logging_mixin.py:109} INFO - [2022-05-11 07:24:09,924] {dag.py:2398} INFO - Sync 1 DAGs
[2022-05-11 07:24:09,939] {logging_mixin.py:109} INFO - [2022-05-11 07:24:09,938] {dag.py:2937} INFO - Setting next_dagrun for example_trigger_controller_dag to 2021-01-01T00:00:00+00:00
[2022-05-11 07:24:09,956] {processor.py:171} INFO - Processing /home/airflow/.local/lib/python3.7/site-packages/airflow/example_dags/example_trigger_controller_dag.py took 0.080 seconds
[2022-05-11 07:24:40,388] {processor.py:163} INFO - Started process (PID=32693) to work on /home/airflow/.local/lib/python3.7/site-packages/airflow/example_dags/example_trigger_controller_dag.py
[2022-05-11 07:24:40,389] {processor.py:642} INFO - Processing file /home/airflow/.local/lib/python3.7/site-packages/airflow/example_dags/example_trigger_controller_dag.py for tasks to queue
[2022-05-11 07:24:40,390] {logging_mixin.py:109} INFO - [2022-05-11 07:24:40,390] {dagbag.py:500} INFO - Filling up the DagBag from /home/airflow/.local/lib/python3.7/site-packages/airflow/example_dags/example_trigger_controller_dag.py
[2022-05-11 07:24:40,408] {processor.py:652} INFO - DAG(s) dict_keys(['example_trigger_controller_dag']) retrieved from /home/airflow/.local/lib/python3.7/site-packages/airflow/example_dags/example_trigger_controller_dag.py
[2022-05-11 07:24:40,432] {logging_mixin.py:109} INFO - [2022-05-11 07:24:40,432] {dag.py:2398} INFO - Sync 1 DAGs
[2022-05-11 07:24:40,457] {logging_mixin.py:109} INFO - [2022-05-11 07:24:40,457] {dag.py:2937} INFO - Setting next_dagrun for example_trigger_controller_dag to 2021-01-01T00:00:00+00:00
[2022-05-11 07:24:40,471] {processor.py:171} INFO - Processing /home/airflow/.local/lib/python3.7/site-packages/airflow/example_dags/example_trigger_controller_dag.py took 0.086 seconds
[2022-05-11 07:25:10,935] {processor.py:163} INFO - Started process (PID=32766) to work on /home/airflow/.local/lib/python3.7/site-packages/airflow/example_dags/example_trigger_controller_dag.py
[2022-05-11 07:25:10,937] {processor.py:642} INFO - Processing file /home/airflow/.local/lib/python3.7/site-packages/airflow/example_dags/example_trigger_controller_dag.py for tasks to queue
[2022-05-11 07:25:10,939] {logging_mixin.py:109} INFO - [2022-05-11 07:25:10,939] {dagbag.py:500} INFO - Filling up the DagBag from /home/airflow/.local/lib/python3.7/site-packages/airflow/example_dags/example_trigger_controller_dag.py
[2022-05-11 07:25:10,960] {processor.py:652} INFO - DAG(s) dict_keys(['example_trigger_controller_dag']) retrieved from /home/airflow/.local/lib/python3.7/site-packages/airflow/example_dags/example_trigger_controller_dag.py
[2022-05-11 07:25:10,987] {logging_mixin.py:109} INFO - [2022-05-11 07:25:10,987] {dag.py:2398} INFO - Sync 1 DAGs
[2022-05-11 07:25:11,007] {logging_mixin.py:109} INFO - [2022-05-11 07:25:11,007] {dag.py:2937} INFO - Setting next_dagrun for example_trigger_controller_dag to 2021-01-01T00:00:00+00:00
[2022-05-11 07:25:11,024] {processor.py:171} INFO - Processing /home/airflow/.local/lib/python3.7/site-packages/airflow/example_dags/example_trigger_controller_dag.py took 0.094 seconds
[2022-05-11 07:25:41,307] {processor.py:163} INFO - Started process (PID=360) to work on /home/airflow/.local/lib/python3.7/site-packages/airflow/example_dags/example_trigger_controller_dag.py
[2022-05-11 07:25:41,308] {processor.py:642} INFO - Processing file /home/airflow/.local/lib/python3.7/site-packages/airflow/example_dags/example_trigger_controller_dag.py for tasks to queue
[2022-05-11 07:25:41,309] {logging_mixin.py:109} INFO - [2022-05-11 07:25:41,309] {dagbag.py:500} INFO - Filling up the DagBag from /home/airflow/.local/lib/python3.7/site-packages/airflow/example_dags/example_trigger_controller_dag.py
[2022-05-11 07:25:41,326] {processor.py:652} INFO - DAG(s) dict_keys(['example_trigger_controller_dag']) retrieved from /home/airflow/.local/lib/python3.7/site-packages/airflow/example_dags/example_trigger_controller_dag.py
[2022-05-11 07:25:41,347] {logging_mixin.py:109} INFO - [2022-05-11 07:25:41,346] {dag.py:2398} INFO - Sync 1 DAGs
[2022-05-11 07:25:41,361] {logging_mixin.py:109} INFO - [2022-05-11 07:25:41,361] {dag.py:2937} INFO - Setting next_dagrun for example_trigger_controller_dag to 2021-01-01T00:00:00+00:00
[2022-05-11 07:25:41,375] {processor.py:171} INFO - Processing /home/airflow/.local/lib/python3.7/site-packages/airflow/example_dags/example_trigger_controller_dag.py took 0.072 seconds
[2022-05-11 07:26:11,642] {processor.py:163} INFO - Started process (PID=434) to work on /home/airflow/.local/lib/python3.7/site-packages/airflow/example_dags/example_trigger_controller_dag.py
[2022-05-11 07:26:11,644] {processor.py:642} INFO - Processing file /home/airflow/.local/lib/python3.7/site-packages/airflow/example_dags/example_trigger_controller_dag.py for tasks to queue
[2022-05-11 07:26:11,645] {logging_mixin.py:109} INFO - [2022-05-11 07:26:11,645] {dagbag.py:500} INFO - Filling up the DagBag from /home/airflow/.local/lib/python3.7/site-packages/airflow/example_dags/example_trigger_controller_dag.py
[2022-05-11 07:26:11,659] {processor.py:652} INFO - DAG(s) dict_keys(['example_trigger_controller_dag']) retrieved from /home/airflow/.local/lib/python3.7/site-packages/airflow/example_dags/example_trigger_controller_dag.py
[2022-05-11 07:26:11,682] {logging_mixin.py:109} INFO - [2022-05-11 07:26:11,681] {dag.py:2398} INFO - Sync 1 DAGs
[2022-05-11 07:26:11,697] {logging_mixin.py:109} INFO - [2022-05-11 07:26:11,697] {dag.py:2937} INFO - Setting next_dagrun for example_trigger_controller_dag to 2021-01-01T00:00:00+00:00
[2022-05-11 07:26:11,710] {processor.py:171} INFO - Processing /home/airflow/.local/lib/python3.7/site-packages/airflow/example_dags/example_trigger_controller_dag.py took 0.072 seconds
[2022-05-11 07:26:42,505] {processor.py:163} INFO - Started process (PID=498) to work on /home/airflow/.local/lib/python3.7/site-packages/airflow/example_dags/example_trigger_controller_dag.py
[2022-05-11 07:26:42,506] {processor.py:642} INFO - Processing file /home/airflow/.local/lib/python3.7/site-packages/airflow/example_dags/example_trigger_controller_dag.py for tasks to queue
[2022-05-11 07:26:42,507] {logging_mixin.py:109} INFO - [2022-05-11 07:26:42,507] {dagbag.py:500} INFO - Filling up the DagBag from /home/airflow/.local/lib/python3.7/site-packages/airflow/example_dags/example_trigger_controller_dag.py
[2022-05-11 07:26:42,518] {processor.py:652} INFO - DAG(s) dict_keys(['example_trigger_controller_dag']) retrieved from /home/airflow/.local/lib/python3.7/site-packages/airflow/example_dags/example_trigger_controller_dag.py
[2022-05-11 07:26:42,538] {logging_mixin.py:109} INFO - [2022-05-11 07:26:42,538] {dag.py:2398} INFO - Sync 1 DAGs
[2022-05-11 07:26:42,551] {logging_mixin.py:109} INFO - [2022-05-11 07:26:42,551] {dag.py:2937} INFO - Setting next_dagrun for example_trigger_controller_dag to 2021-01-01T00:00:00+00:00
[2022-05-11 07:26:42,564] {processor.py:171} INFO - Processing /home/airflow/.local/lib/python3.7/site-packages/airflow/example_dags/example_trigger_controller_dag.py took 0.062 seconds
[2022-05-11 07:27:13,324] {processor.py:163} INFO - Started process (PID=571) to work on /home/airflow/.local/lib/python3.7/site-packages/airflow/example_dags/example_trigger_controller_dag.py
[2022-05-11 07:27:13,326] {processor.py:642} INFO - Processing file /home/airflow/.local/lib/python3.7/site-packages/airflow/example_dags/example_trigger_controller_dag.py for tasks to queue
[2022-05-11 07:27:13,327] {logging_mixin.py:109} INFO - [2022-05-11 07:27:13,326] {dagbag.py:500} INFO - Filling up the DagBag from /home/airflow/.local/lib/python3.7/site-packages/airflow/example_dags/example_trigger_controller_dag.py
[2022-05-11 07:27:13,340] {processor.py:652} INFO - DAG(s) dict_keys(['example_trigger_controller_dag']) retrieved from /home/airflow/.local/lib/python3.7/site-packages/airflow/example_dags/example_trigger_controller_dag.py
[2022-05-11 07:27:13,359] {logging_mixin.py:109} INFO - [2022-05-11 07:27:13,359] {dag.py:2398} INFO - Sync 1 DAGs
[2022-05-11 07:27:13,373] {logging_mixin.py:109} INFO - [2022-05-11 07:27:13,372] {dag.py:2937} INFO - Setting next_dagrun for example_trigger_controller_dag to 2021-01-01T00:00:00+00:00
[2022-05-11 07:27:13,384] {processor.py:171} INFO - Processing /home/airflow/.local/lib/python3.7/site-packages/airflow/example_dags/example_trigger_controller_dag.py took 0.063 seconds
[2022-05-11 07:27:44,451] {processor.py:163} INFO - Started process (PID=645) to work on /home/airflow/.local/lib/python3.7/site-packages/airflow/example_dags/example_trigger_controller_dag.py
[2022-05-11 07:27:44,452] {processor.py:642} INFO - Processing file /home/airflow/.local/lib/python3.7/site-packages/airflow/example_dags/example_trigger_controller_dag.py for tasks to queue
[2022-05-11 07:27:44,453] {logging_mixin.py:109} INFO - [2022-05-11 07:27:44,453] {dagbag.py:500} INFO - Filling up the DagBag from /home/airflow/.local/lib/python3.7/site-packages/airflow/example_dags/example_trigger_controller_dag.py
[2022-05-11 07:27:44,465] {processor.py:652} INFO - DAG(s) dict_keys(['example_trigger_controller_dag']) retrieved from /home/airflow/.local/lib/python3.7/site-packages/airflow/example_dags/example_trigger_controller_dag.py
[2022-05-11 07:27:44,483] {logging_mixin.py:109} INFO - [2022-05-11 07:27:44,483] {dag.py:2398} INFO - Sync 1 DAGs
[2022-05-11 07:27:44,498] {logging_mixin.py:109} INFO - [2022-05-11 07:27:44,498] {dag.py:2937} INFO - Setting next_dagrun for example_trigger_controller_dag to 2021-01-01T00:00:00+00:00
[2022-05-11 07:27:44,511] {processor.py:171} INFO - Processing /home/airflow/.local/lib/python3.7/site-packages/airflow/example_dags/example_trigger_controller_dag.py took 0.063 seconds
