[2022-05-11 06:55:58,286] {processor.py:163} INFO - Started process (PID=28852) to work on /home/airflow/.local/lib/python3.7/site-packages/airflow/example_dags/example_dag_decorator.py
[2022-05-11 06:55:58,297] {processor.py:642} INFO - Processing file /home/airflow/.local/lib/python3.7/site-packages/airflow/example_dags/example_dag_decorator.py for tasks to queue
[2022-05-11 06:55:58,301] {logging_mixin.py:109} INFO - [2022-05-11 06:55:58,300] {dagbag.py:500} INFO - Filling up the DagBag from /home/airflow/.local/lib/python3.7/site-packages/airflow/example_dags/example_dag_decorator.py
[2022-05-11 06:55:58,386] {processor.py:652} INFO - DAG(s) dict_keys(['example_dag_decorator']) retrieved from /home/airflow/.local/lib/python3.7/site-packages/airflow/example_dags/example_dag_decorator.py
[2022-05-11 06:55:59,536] {logging_mixin.py:109} INFO - [2022-05-11 06:55:59,536] {dag.py:2398} INFO - Sync 1 DAGs
[2022-05-11 06:55:59,584] {logging_mixin.py:109} INFO - [2022-05-11 06:55:59,583] {dag.py:2937} INFO - Setting next_dagrun for example_dag_decorator to None
[2022-05-11 06:55:59,628] {processor.py:171} INFO - Processing /home/airflow/.local/lib/python3.7/site-packages/airflow/example_dags/example_dag_decorator.py took 1.346 seconds
[2022-05-11 06:56:29,747] {processor.py:163} INFO - Started process (PID=28919) to work on /home/airflow/.local/lib/python3.7/site-packages/airflow/example_dags/example_dag_decorator.py
[2022-05-11 06:56:29,749] {processor.py:642} INFO - Processing file /home/airflow/.local/lib/python3.7/site-packages/airflow/example_dags/example_dag_decorator.py for tasks to queue
[2022-05-11 06:56:29,750] {logging_mixin.py:109} INFO - [2022-05-11 06:56:29,750] {dagbag.py:500} INFO - Filling up the DagBag from /home/airflow/.local/lib/python3.7/site-packages/airflow/example_dags/example_dag_decorator.py
[2022-05-11 06:56:29,772] {processor.py:652} INFO - DAG(s) dict_keys(['example_dag_decorator']) retrieved from /home/airflow/.local/lib/python3.7/site-packages/airflow/example_dags/example_dag_decorator.py
[2022-05-11 06:56:30,052] {logging_mixin.py:109} INFO - [2022-05-11 06:56:30,051] {dag.py:2398} INFO - Sync 1 DAGs
[2022-05-11 06:56:30,062] {logging_mixin.py:109} INFO - [2022-05-11 06:56:30,062] {dag.py:2937} INFO - Setting next_dagrun for example_dag_decorator to None
[2022-05-11 06:56:30,075] {processor.py:171} INFO - Processing /home/airflow/.local/lib/python3.7/site-packages/airflow/example_dags/example_dag_decorator.py took 0.330 seconds
[2022-05-11 06:57:00,172] {processor.py:163} INFO - Started process (PID=28991) to work on /home/airflow/.local/lib/python3.7/site-packages/airflow/example_dags/example_dag_decorator.py
[2022-05-11 06:57:00,174] {processor.py:642} INFO - Processing file /home/airflow/.local/lib/python3.7/site-packages/airflow/example_dags/example_dag_decorator.py for tasks to queue
[2022-05-11 06:57:00,175] {logging_mixin.py:109} INFO - [2022-05-11 06:57:00,174] {dagbag.py:500} INFO - Filling up the DagBag from /home/airflow/.local/lib/python3.7/site-packages/airflow/example_dags/example_dag_decorator.py
[2022-05-11 06:57:00,204] {processor.py:652} INFO - DAG(s) dict_keys(['example_dag_decorator']) retrieved from /home/airflow/.local/lib/python3.7/site-packages/airflow/example_dags/example_dag_decorator.py
[2022-05-11 06:57:00,511] {logging_mixin.py:109} INFO - [2022-05-11 06:57:00,511] {dag.py:2398} INFO - Sync 1 DAGs
[2022-05-11 06:57:00,531] {logging_mixin.py:109} INFO - [2022-05-11 06:57:00,531] {dag.py:2937} INFO - Setting next_dagrun for example_dag_decorator to None
[2022-05-11 06:57:00,558] {processor.py:171} INFO - Processing /home/airflow/.local/lib/python3.7/site-packages/airflow/example_dags/example_dag_decorator.py took 0.390 seconds
[2022-05-11 06:57:30,661] {processor.py:163} INFO - Started process (PID=29055) to work on /home/airflow/.local/lib/python3.7/site-packages/airflow/example_dags/example_dag_decorator.py
[2022-05-11 06:57:30,663] {processor.py:642} INFO - Processing file /home/airflow/.local/lib/python3.7/site-packages/airflow/example_dags/example_dag_decorator.py for tasks to queue
[2022-05-11 06:57:30,664] {logging_mixin.py:109} INFO - [2022-05-11 06:57:30,664] {dagbag.py:500} INFO - Filling up the DagBag from /home/airflow/.local/lib/python3.7/site-packages/airflow/example_dags/example_dag_decorator.py
[2022-05-11 06:57:30,683] {processor.py:652} INFO - DAG(s) dict_keys(['example_dag_decorator']) retrieved from /home/airflow/.local/lib/python3.7/site-packages/airflow/example_dags/example_dag_decorator.py
[2022-05-11 06:57:30,937] {logging_mixin.py:109} INFO - [2022-05-11 06:57:30,937] {dag.py:2398} INFO - Sync 1 DAGs
[2022-05-11 06:57:30,948] {logging_mixin.py:109} INFO - [2022-05-11 06:57:30,947] {dag.py:2937} INFO - Setting next_dagrun for example_dag_decorator to None
[2022-05-11 06:57:30,962] {processor.py:171} INFO - Processing /home/airflow/.local/lib/python3.7/site-packages/airflow/example_dags/example_dag_decorator.py took 0.304 seconds
[2022-05-11 06:58:01,327] {processor.py:163} INFO - Started process (PID=29126) to work on /home/airflow/.local/lib/python3.7/site-packages/airflow/example_dags/example_dag_decorator.py
[2022-05-11 06:58:01,329] {processor.py:642} INFO - Processing file /home/airflow/.local/lib/python3.7/site-packages/airflow/example_dags/example_dag_decorator.py for tasks to queue
[2022-05-11 06:58:01,330] {logging_mixin.py:109} INFO - [2022-05-11 06:58:01,330] {dagbag.py:500} INFO - Filling up the DagBag from /home/airflow/.local/lib/python3.7/site-packages/airflow/example_dags/example_dag_decorator.py
[2022-05-11 06:58:01,356] {processor.py:652} INFO - DAG(s) dict_keys(['example_dag_decorator']) retrieved from /home/airflow/.local/lib/python3.7/site-packages/airflow/example_dags/example_dag_decorator.py
[2022-05-11 06:58:01,656] {logging_mixin.py:109} INFO - [2022-05-11 06:58:01,656] {dag.py:2398} INFO - Sync 1 DAGs
[2022-05-11 06:58:01,667] {logging_mixin.py:109} INFO - [2022-05-11 06:58:01,667] {dag.py:2937} INFO - Setting next_dagrun for example_dag_decorator to None
[2022-05-11 06:58:01,681] {processor.py:171} INFO - Processing /home/airflow/.local/lib/python3.7/site-packages/airflow/example_dags/example_dag_decorator.py took 0.357 seconds
[2022-05-11 06:58:31,794] {processor.py:163} INFO - Started process (PID=29189) to work on /home/airflow/.local/lib/python3.7/site-packages/airflow/example_dags/example_dag_decorator.py
[2022-05-11 06:58:31,796] {processor.py:642} INFO - Processing file /home/airflow/.local/lib/python3.7/site-packages/airflow/example_dags/example_dag_decorator.py for tasks to queue
[2022-05-11 06:58:31,796] {logging_mixin.py:109} INFO - [2022-05-11 06:58:31,796] {dagbag.py:500} INFO - Filling up the DagBag from /home/airflow/.local/lib/python3.7/site-packages/airflow/example_dags/example_dag_decorator.py
[2022-05-11 06:58:31,817] {processor.py:652} INFO - DAG(s) dict_keys(['example_dag_decorator']) retrieved from /home/airflow/.local/lib/python3.7/site-packages/airflow/example_dags/example_dag_decorator.py
[2022-05-11 06:58:32,106] {logging_mixin.py:109} INFO - [2022-05-11 06:58:32,105] {dag.py:2398} INFO - Sync 1 DAGs
[2022-05-11 06:58:32,116] {logging_mixin.py:109} INFO - [2022-05-11 06:58:32,116] {dag.py:2937} INFO - Setting next_dagrun for example_dag_decorator to None
[2022-05-11 06:58:32,131] {processor.py:171} INFO - Processing /home/airflow/.local/lib/python3.7/site-packages/airflow/example_dags/example_dag_decorator.py took 0.340 seconds
[2022-05-11 06:59:02,246] {processor.py:163} INFO - Started process (PID=29262) to work on /home/airflow/.local/lib/python3.7/site-packages/airflow/example_dags/example_dag_decorator.py
[2022-05-11 06:59:02,248] {processor.py:642} INFO - Processing file /home/airflow/.local/lib/python3.7/site-packages/airflow/example_dags/example_dag_decorator.py for tasks to queue
[2022-05-11 06:59:02,249] {logging_mixin.py:109} INFO - [2022-05-11 06:59:02,249] {dagbag.py:500} INFO - Filling up the DagBag from /home/airflow/.local/lib/python3.7/site-packages/airflow/example_dags/example_dag_decorator.py
[2022-05-11 06:59:02,274] {processor.py:652} INFO - DAG(s) dict_keys(['example_dag_decorator']) retrieved from /home/airflow/.local/lib/python3.7/site-packages/airflow/example_dags/example_dag_decorator.py
[2022-05-11 06:59:02,603] {logging_mixin.py:109} INFO - [2022-05-11 06:59:02,603] {dag.py:2398} INFO - Sync 1 DAGs
[2022-05-11 06:59:02,617] {logging_mixin.py:109} INFO - [2022-05-11 06:59:02,617] {dag.py:2937} INFO - Setting next_dagrun for example_dag_decorator to None
[2022-05-11 06:59:02,636] {processor.py:171} INFO - Processing /home/airflow/.local/lib/python3.7/site-packages/airflow/example_dags/example_dag_decorator.py took 0.392 seconds
[2022-05-11 06:59:32,717] {processor.py:163} INFO - Started process (PID=29335) to work on /home/airflow/.local/lib/python3.7/site-packages/airflow/example_dags/example_dag_decorator.py
[2022-05-11 06:59:32,718] {processor.py:642} INFO - Processing file /home/airflow/.local/lib/python3.7/site-packages/airflow/example_dags/example_dag_decorator.py for tasks to queue
[2022-05-11 06:59:32,719] {logging_mixin.py:109} INFO - [2022-05-11 06:59:32,719] {dagbag.py:500} INFO - Filling up the DagBag from /home/airflow/.local/lib/python3.7/site-packages/airflow/example_dags/example_dag_decorator.py
[2022-05-11 06:59:32,744] {processor.py:652} INFO - DAG(s) dict_keys(['example_dag_decorator']) retrieved from /home/airflow/.local/lib/python3.7/site-packages/airflow/example_dags/example_dag_decorator.py
[2022-05-11 06:59:33,040] {logging_mixin.py:109} INFO - [2022-05-11 06:59:33,040] {dag.py:2398} INFO - Sync 1 DAGs
[2022-05-11 06:59:33,051] {logging_mixin.py:109} INFO - [2022-05-11 06:59:33,051] {dag.py:2937} INFO - Setting next_dagrun for example_dag_decorator to None
[2022-05-11 06:59:33,066] {processor.py:171} INFO - Processing /home/airflow/.local/lib/python3.7/site-packages/airflow/example_dags/example_dag_decorator.py took 0.352 seconds
[2022-05-11 07:00:03,132] {processor.py:163} INFO - Started process (PID=29400) to work on /home/airflow/.local/lib/python3.7/site-packages/airflow/example_dags/example_dag_decorator.py
[2022-05-11 07:00:03,133] {processor.py:642} INFO - Processing file /home/airflow/.local/lib/python3.7/site-packages/airflow/example_dags/example_dag_decorator.py for tasks to queue
[2022-05-11 07:00:03,134] {logging_mixin.py:109} INFO - [2022-05-11 07:00:03,134] {dagbag.py:500} INFO - Filling up the DagBag from /home/airflow/.local/lib/python3.7/site-packages/airflow/example_dags/example_dag_decorator.py
[2022-05-11 07:00:03,158] {processor.py:652} INFO - DAG(s) dict_keys(['example_dag_decorator']) retrieved from /home/airflow/.local/lib/python3.7/site-packages/airflow/example_dags/example_dag_decorator.py
[2022-05-11 07:00:03,429] {logging_mixin.py:109} INFO - [2022-05-11 07:00:03,428] {dag.py:2398} INFO - Sync 1 DAGs
[2022-05-11 07:00:03,443] {logging_mixin.py:109} INFO - [2022-05-11 07:00:03,443] {dag.py:2937} INFO - Setting next_dagrun for example_dag_decorator to None
[2022-05-11 07:00:03,459] {processor.py:171} INFO - Processing /home/airflow/.local/lib/python3.7/site-packages/airflow/example_dags/example_dag_decorator.py took 0.331 seconds
[2022-05-11 07:00:33,504] {processor.py:163} INFO - Started process (PID=29473) to work on /home/airflow/.local/lib/python3.7/site-packages/airflow/example_dags/example_dag_decorator.py
[2022-05-11 07:00:33,506] {processor.py:642} INFO - Processing file /home/airflow/.local/lib/python3.7/site-packages/airflow/example_dags/example_dag_decorator.py for tasks to queue
[2022-05-11 07:00:33,507] {logging_mixin.py:109} INFO - [2022-05-11 07:00:33,507] {dagbag.py:500} INFO - Filling up the DagBag from /home/airflow/.local/lib/python3.7/site-packages/airflow/example_dags/example_dag_decorator.py
[2022-05-11 07:00:33,537] {processor.py:652} INFO - DAG(s) dict_keys(['example_dag_decorator']) retrieved from /home/airflow/.local/lib/python3.7/site-packages/airflow/example_dags/example_dag_decorator.py
[2022-05-11 07:00:33,853] {logging_mixin.py:109} INFO - [2022-05-11 07:00:33,853] {dag.py:2398} INFO - Sync 1 DAGs
[2022-05-11 07:00:33,869] {logging_mixin.py:109} INFO - [2022-05-11 07:00:33,869] {dag.py:2937} INFO - Setting next_dagrun for example_dag_decorator to None
[2022-05-11 07:00:33,885] {processor.py:171} INFO - Processing /home/airflow/.local/lib/python3.7/site-packages/airflow/example_dags/example_dag_decorator.py took 0.384 seconds
[2022-05-11 07:01:03,919] {processor.py:163} INFO - Started process (PID=29538) to work on /home/airflow/.local/lib/python3.7/site-packages/airflow/example_dags/example_dag_decorator.py
[2022-05-11 07:01:03,921] {processor.py:642} INFO - Processing file /home/airflow/.local/lib/python3.7/site-packages/airflow/example_dags/example_dag_decorator.py for tasks to queue
[2022-05-11 07:01:03,922] {logging_mixin.py:109} INFO - [2022-05-11 07:01:03,922] {dagbag.py:500} INFO - Filling up the DagBag from /home/airflow/.local/lib/python3.7/site-packages/airflow/example_dags/example_dag_decorator.py
[2022-05-11 07:01:03,943] {processor.py:652} INFO - DAG(s) dict_keys(['example_dag_decorator']) retrieved from /home/airflow/.local/lib/python3.7/site-packages/airflow/example_dags/example_dag_decorator.py
[2022-05-11 07:01:04,188] {logging_mixin.py:109} INFO - [2022-05-11 07:01:04,187] {dag.py:2398} INFO - Sync 1 DAGs
[2022-05-11 07:01:04,198] {logging_mixin.py:109} INFO - [2022-05-11 07:01:04,198] {dag.py:2937} INFO - Setting next_dagrun for example_dag_decorator to None
[2022-05-11 07:01:04,211] {processor.py:171} INFO - Processing /home/airflow/.local/lib/python3.7/site-packages/airflow/example_dags/example_dag_decorator.py took 0.294 seconds
[2022-05-11 07:01:34,869] {processor.py:163} INFO - Started process (PID=29611) to work on /home/airflow/.local/lib/python3.7/site-packages/airflow/example_dags/example_dag_decorator.py
[2022-05-11 07:01:34,871] {processor.py:642} INFO - Processing file /home/airflow/.local/lib/python3.7/site-packages/airflow/example_dags/example_dag_decorator.py for tasks to queue
[2022-05-11 07:01:34,873] {logging_mixin.py:109} INFO - [2022-05-11 07:01:34,873] {dagbag.py:500} INFO - Filling up the DagBag from /home/airflow/.local/lib/python3.7/site-packages/airflow/example_dags/example_dag_decorator.py
[2022-05-11 07:01:34,900] {processor.py:652} INFO - DAG(s) dict_keys(['example_dag_decorator']) retrieved from /home/airflow/.local/lib/python3.7/site-packages/airflow/example_dags/example_dag_decorator.py
[2022-05-11 07:01:35,220] {logging_mixin.py:109} INFO - [2022-05-11 07:01:35,220] {dag.py:2398} INFO - Sync 1 DAGs
[2022-05-11 07:01:35,233] {logging_mixin.py:109} INFO - [2022-05-11 07:01:35,233] {dag.py:2937} INFO - Setting next_dagrun for example_dag_decorator to None
[2022-05-11 07:01:35,249] {processor.py:171} INFO - Processing /home/airflow/.local/lib/python3.7/site-packages/airflow/example_dags/example_dag_decorator.py took 0.383 seconds
[2022-05-11 07:02:05,654] {processor.py:163} INFO - Started process (PID=29674) to work on /home/airflow/.local/lib/python3.7/site-packages/airflow/example_dags/example_dag_decorator.py
[2022-05-11 07:02:05,656] {processor.py:642} INFO - Processing file /home/airflow/.local/lib/python3.7/site-packages/airflow/example_dags/example_dag_decorator.py for tasks to queue
[2022-05-11 07:02:05,657] {logging_mixin.py:109} INFO - [2022-05-11 07:02:05,656] {dagbag.py:500} INFO - Filling up the DagBag from /home/airflow/.local/lib/python3.7/site-packages/airflow/example_dags/example_dag_decorator.py
[2022-05-11 07:02:05,677] {processor.py:652} INFO - DAG(s) dict_keys(['example_dag_decorator']) retrieved from /home/airflow/.local/lib/python3.7/site-packages/airflow/example_dags/example_dag_decorator.py
[2022-05-11 07:02:05,931] {logging_mixin.py:109} INFO - [2022-05-11 07:02:05,931] {dag.py:2398} INFO - Sync 1 DAGs
[2022-05-11 07:02:05,941] {logging_mixin.py:109} INFO - [2022-05-11 07:02:05,941] {dag.py:2937} INFO - Setting next_dagrun for example_dag_decorator to None
[2022-05-11 07:02:05,953] {processor.py:171} INFO - Processing /home/airflow/.local/lib/python3.7/site-packages/airflow/example_dags/example_dag_decorator.py took 0.302 seconds
[2022-05-11 07:02:36,112] {processor.py:163} INFO - Started process (PID=29748) to work on /home/airflow/.local/lib/python3.7/site-packages/airflow/example_dags/example_dag_decorator.py
[2022-05-11 07:02:36,114] {processor.py:642} INFO - Processing file /home/airflow/.local/lib/python3.7/site-packages/airflow/example_dags/example_dag_decorator.py for tasks to queue
[2022-05-11 07:02:36,115] {logging_mixin.py:109} INFO - [2022-05-11 07:02:36,115] {dagbag.py:500} INFO - Filling up the DagBag from /home/airflow/.local/lib/python3.7/site-packages/airflow/example_dags/example_dag_decorator.py
[2022-05-11 07:02:36,143] {processor.py:652} INFO - DAG(s) dict_keys(['example_dag_decorator']) retrieved from /home/airflow/.local/lib/python3.7/site-packages/airflow/example_dags/example_dag_decorator.py
[2022-05-11 07:02:36,517] {logging_mixin.py:109} INFO - [2022-05-11 07:02:36,516] {dag.py:2398} INFO - Sync 1 DAGs
[2022-05-11 07:02:36,532] {logging_mixin.py:109} INFO - [2022-05-11 07:02:36,532] {dag.py:2937} INFO - Setting next_dagrun for example_dag_decorator to None
[2022-05-11 07:02:36,552] {processor.py:171} INFO - Processing /home/airflow/.local/lib/python3.7/site-packages/airflow/example_dags/example_dag_decorator.py took 0.444 seconds
[2022-05-11 07:03:06,719] {processor.py:163} INFO - Started process (PID=29811) to work on /home/airflow/.local/lib/python3.7/site-packages/airflow/example_dags/example_dag_decorator.py
[2022-05-11 07:03:06,720] {processor.py:642} INFO - Processing file /home/airflow/.local/lib/python3.7/site-packages/airflow/example_dags/example_dag_decorator.py for tasks to queue
[2022-05-11 07:03:06,721] {logging_mixin.py:109} INFO - [2022-05-11 07:03:06,721] {dagbag.py:500} INFO - Filling up the DagBag from /home/airflow/.local/lib/python3.7/site-packages/airflow/example_dags/example_dag_decorator.py
[2022-05-11 07:03:06,745] {processor.py:652} INFO - DAG(s) dict_keys(['example_dag_decorator']) retrieved from /home/airflow/.local/lib/python3.7/site-packages/airflow/example_dags/example_dag_decorator.py
[2022-05-11 07:03:07,075] {logging_mixin.py:109} INFO - [2022-05-11 07:03:07,075] {dag.py:2398} INFO - Sync 1 DAGs
[2022-05-11 07:03:07,088] {logging_mixin.py:109} INFO - [2022-05-11 07:03:07,088] {dag.py:2937} INFO - Setting next_dagrun for example_dag_decorator to None
[2022-05-11 07:03:07,103] {processor.py:171} INFO - Processing /home/airflow/.local/lib/python3.7/site-packages/airflow/example_dags/example_dag_decorator.py took 0.388 seconds
[2022-05-11 07:03:37,245] {processor.py:163} INFO - Started process (PID=29882) to work on /home/airflow/.local/lib/python3.7/site-packages/airflow/example_dags/example_dag_decorator.py
[2022-05-11 07:03:37,248] {processor.py:642} INFO - Processing file /home/airflow/.local/lib/python3.7/site-packages/airflow/example_dags/example_dag_decorator.py for tasks to queue
[2022-05-11 07:03:37,250] {logging_mixin.py:109} INFO - [2022-05-11 07:03:37,250] {dagbag.py:500} INFO - Filling up the DagBag from /home/airflow/.local/lib/python3.7/site-packages/airflow/example_dags/example_dag_decorator.py
[2022-05-11 07:03:37,299] {processor.py:652} INFO - DAG(s) dict_keys(['example_dag_decorator']) retrieved from /home/airflow/.local/lib/python3.7/site-packages/airflow/example_dags/example_dag_decorator.py
[2022-05-11 07:03:37,610] {logging_mixin.py:109} INFO - [2022-05-11 07:03:37,610] {dag.py:2398} INFO - Sync 1 DAGs
[2022-05-11 07:03:37,621] {logging_mixin.py:109} INFO - [2022-05-11 07:03:37,621] {dag.py:2937} INFO - Setting next_dagrun for example_dag_decorator to None
[2022-05-11 07:03:37,633] {processor.py:171} INFO - Processing /home/airflow/.local/lib/python3.7/site-packages/airflow/example_dags/example_dag_decorator.py took 0.396 seconds
[2022-05-11 07:04:08,082] {processor.py:163} INFO - Started process (PID=29945) to work on /home/airflow/.local/lib/python3.7/site-packages/airflow/example_dags/example_dag_decorator.py
[2022-05-11 07:04:08,084] {processor.py:642} INFO - Processing file /home/airflow/.local/lib/python3.7/site-packages/airflow/example_dags/example_dag_decorator.py for tasks to queue
[2022-05-11 07:04:08,085] {logging_mixin.py:109} INFO - [2022-05-11 07:04:08,085] {dagbag.py:500} INFO - Filling up the DagBag from /home/airflow/.local/lib/python3.7/site-packages/airflow/example_dags/example_dag_decorator.py
[2022-05-11 07:04:08,109] {processor.py:652} INFO - DAG(s) dict_keys(['example_dag_decorator']) retrieved from /home/airflow/.local/lib/python3.7/site-packages/airflow/example_dags/example_dag_decorator.py
[2022-05-11 07:04:08,380] {logging_mixin.py:109} INFO - [2022-05-11 07:04:08,380] {dag.py:2398} INFO - Sync 1 DAGs
[2022-05-11 07:04:08,390] {logging_mixin.py:109} INFO - [2022-05-11 07:04:08,390] {dag.py:2937} INFO - Setting next_dagrun for example_dag_decorator to None
[2022-05-11 07:04:08,403] {processor.py:171} INFO - Processing /home/airflow/.local/lib/python3.7/site-packages/airflow/example_dags/example_dag_decorator.py took 0.324 seconds
[2022-05-11 07:04:38,524] {processor.py:163} INFO - Started process (PID=30018) to work on /home/airflow/.local/lib/python3.7/site-packages/airflow/example_dags/example_dag_decorator.py
[2022-05-11 07:04:38,526] {processor.py:642} INFO - Processing file /home/airflow/.local/lib/python3.7/site-packages/airflow/example_dags/example_dag_decorator.py for tasks to queue
[2022-05-11 07:04:38,527] {logging_mixin.py:109} INFO - [2022-05-11 07:04:38,527] {dagbag.py:500} INFO - Filling up the DagBag from /home/airflow/.local/lib/python3.7/site-packages/airflow/example_dags/example_dag_decorator.py
[2022-05-11 07:04:38,553] {processor.py:652} INFO - DAG(s) dict_keys(['example_dag_decorator']) retrieved from /home/airflow/.local/lib/python3.7/site-packages/airflow/example_dags/example_dag_decorator.py
[2022-05-11 07:04:38,832] {logging_mixin.py:109} INFO - [2022-05-11 07:04:38,832] {dag.py:2398} INFO - Sync 1 DAGs
[2022-05-11 07:04:38,844] {logging_mixin.py:109} INFO - [2022-05-11 07:04:38,844] {dag.py:2937} INFO - Setting next_dagrun for example_dag_decorator to None
[2022-05-11 07:04:38,856] {processor.py:171} INFO - Processing /home/airflow/.local/lib/python3.7/site-packages/airflow/example_dags/example_dag_decorator.py took 0.336 seconds
[2022-05-11 07:05:08,987] {processor.py:163} INFO - Started process (PID=30092) to work on /home/airflow/.local/lib/python3.7/site-packages/airflow/example_dags/example_dag_decorator.py
[2022-05-11 07:05:08,989] {processor.py:642} INFO - Processing file /home/airflow/.local/lib/python3.7/site-packages/airflow/example_dags/example_dag_decorator.py for tasks to queue
[2022-05-11 07:05:08,990] {logging_mixin.py:109} INFO - [2022-05-11 07:05:08,990] {dagbag.py:500} INFO - Filling up the DagBag from /home/airflow/.local/lib/python3.7/site-packages/airflow/example_dags/example_dag_decorator.py
[2022-05-11 07:05:09,012] {processor.py:652} INFO - DAG(s) dict_keys(['example_dag_decorator']) retrieved from /home/airflow/.local/lib/python3.7/site-packages/airflow/example_dags/example_dag_decorator.py
[2022-05-11 07:05:09,318] {logging_mixin.py:109} INFO - [2022-05-11 07:05:09,318] {dag.py:2398} INFO - Sync 1 DAGs
[2022-05-11 07:05:09,330] {logging_mixin.py:109} INFO - [2022-05-11 07:05:09,330] {dag.py:2937} INFO - Setting next_dagrun for example_dag_decorator to None
[2022-05-11 07:05:09,345] {processor.py:171} INFO - Processing /home/airflow/.local/lib/python3.7/site-packages/airflow/example_dags/example_dag_decorator.py took 0.361 seconds
[2022-05-11 07:05:39,520] {processor.py:163} INFO - Started process (PID=30156) to work on /home/airflow/.local/lib/python3.7/site-packages/airflow/example_dags/example_dag_decorator.py
[2022-05-11 07:05:39,522] {processor.py:642} INFO - Processing file /home/airflow/.local/lib/python3.7/site-packages/airflow/example_dags/example_dag_decorator.py for tasks to queue
[2022-05-11 07:05:39,523] {logging_mixin.py:109} INFO - [2022-05-11 07:05:39,523] {dagbag.py:500} INFO - Filling up the DagBag from /home/airflow/.local/lib/python3.7/site-packages/airflow/example_dags/example_dag_decorator.py
[2022-05-11 07:05:39,546] {processor.py:652} INFO - DAG(s) dict_keys(['example_dag_decorator']) retrieved from /home/airflow/.local/lib/python3.7/site-packages/airflow/example_dags/example_dag_decorator.py
[2022-05-11 07:05:39,802] {logging_mixin.py:109} INFO - [2022-05-11 07:05:39,802] {dag.py:2398} INFO - Sync 1 DAGs
[2022-05-11 07:05:39,815] {logging_mixin.py:109} INFO - [2022-05-11 07:05:39,815] {dag.py:2937} INFO - Setting next_dagrun for example_dag_decorator to None
[2022-05-11 07:05:39,831] {processor.py:171} INFO - Processing /home/airflow/.local/lib/python3.7/site-packages/airflow/example_dags/example_dag_decorator.py took 0.314 seconds
[2022-05-11 07:06:09,938] {processor.py:163} INFO - Started process (PID=30228) to work on /home/airflow/.local/lib/python3.7/site-packages/airflow/example_dags/example_dag_decorator.py
[2022-05-11 07:06:09,940] {processor.py:642} INFO - Processing file /home/airflow/.local/lib/python3.7/site-packages/airflow/example_dags/example_dag_decorator.py for tasks to queue
[2022-05-11 07:06:09,941] {logging_mixin.py:109} INFO - [2022-05-11 07:06:09,941] {dagbag.py:500} INFO - Filling up the DagBag from /home/airflow/.local/lib/python3.7/site-packages/airflow/example_dags/example_dag_decorator.py
[2022-05-11 07:06:09,966] {processor.py:652} INFO - DAG(s) dict_keys(['example_dag_decorator']) retrieved from /home/airflow/.local/lib/python3.7/site-packages/airflow/example_dags/example_dag_decorator.py
[2022-05-11 07:06:10,278] {logging_mixin.py:109} INFO - [2022-05-11 07:06:10,278] {dag.py:2398} INFO - Sync 1 DAGs
[2022-05-11 07:06:10,293] {logging_mixin.py:109} INFO - [2022-05-11 07:06:10,293] {dag.py:2937} INFO - Setting next_dagrun for example_dag_decorator to None
[2022-05-11 07:06:10,310] {processor.py:171} INFO - Processing /home/airflow/.local/lib/python3.7/site-packages/airflow/example_dags/example_dag_decorator.py took 0.376 seconds
[2022-05-11 07:06:40,442] {processor.py:163} INFO - Started process (PID=30290) to work on /home/airflow/.local/lib/python3.7/site-packages/airflow/example_dags/example_dag_decorator.py
[2022-05-11 07:06:40,443] {processor.py:642} INFO - Processing file /home/airflow/.local/lib/python3.7/site-packages/airflow/example_dags/example_dag_decorator.py for tasks to queue
[2022-05-11 07:06:40,444] {logging_mixin.py:109} INFO - [2022-05-11 07:06:40,444] {dagbag.py:500} INFO - Filling up the DagBag from /home/airflow/.local/lib/python3.7/site-packages/airflow/example_dags/example_dag_decorator.py
[2022-05-11 07:06:40,465] {processor.py:652} INFO - DAG(s) dict_keys(['example_dag_decorator']) retrieved from /home/airflow/.local/lib/python3.7/site-packages/airflow/example_dags/example_dag_decorator.py
[2022-05-11 07:06:40,726] {logging_mixin.py:109} INFO - [2022-05-11 07:06:40,726] {dag.py:2398} INFO - Sync 1 DAGs
[2022-05-11 07:06:40,736] {logging_mixin.py:109} INFO - [2022-05-11 07:06:40,736] {dag.py:2937} INFO - Setting next_dagrun for example_dag_decorator to None
[2022-05-11 07:06:40,751] {processor.py:171} INFO - Processing /home/airflow/.local/lib/python3.7/site-packages/airflow/example_dags/example_dag_decorator.py took 0.312 seconds
[2022-05-11 07:07:10,981] {processor.py:163} INFO - Started process (PID=30361) to work on /home/airflow/.local/lib/python3.7/site-packages/airflow/example_dags/example_dag_decorator.py
[2022-05-11 07:07:10,982] {processor.py:642} INFO - Processing file /home/airflow/.local/lib/python3.7/site-packages/airflow/example_dags/example_dag_decorator.py for tasks to queue
[2022-05-11 07:07:10,983] {logging_mixin.py:109} INFO - [2022-05-11 07:07:10,983] {dagbag.py:500} INFO - Filling up the DagBag from /home/airflow/.local/lib/python3.7/site-packages/airflow/example_dags/example_dag_decorator.py
[2022-05-11 07:07:11,011] {processor.py:652} INFO - DAG(s) dict_keys(['example_dag_decorator']) retrieved from /home/airflow/.local/lib/python3.7/site-packages/airflow/example_dags/example_dag_decorator.py
[2022-05-11 07:07:11,364] {logging_mixin.py:109} INFO - [2022-05-11 07:07:11,364] {dag.py:2398} INFO - Sync 1 DAGs
[2022-05-11 07:07:11,377] {logging_mixin.py:109} INFO - [2022-05-11 07:07:11,377] {dag.py:2937} INFO - Setting next_dagrun for example_dag_decorator to None
[2022-05-11 07:07:11,393] {processor.py:171} INFO - Processing /home/airflow/.local/lib/python3.7/site-packages/airflow/example_dags/example_dag_decorator.py took 0.416 seconds
[2022-05-11 07:07:42,122] {processor.py:163} INFO - Started process (PID=30425) to work on /home/airflow/.local/lib/python3.7/site-packages/airflow/example_dags/example_dag_decorator.py
[2022-05-11 07:07:42,124] {processor.py:642} INFO - Processing file /home/airflow/.local/lib/python3.7/site-packages/airflow/example_dags/example_dag_decorator.py for tasks to queue
[2022-05-11 07:07:42,125] {logging_mixin.py:109} INFO - [2022-05-11 07:07:42,125] {dagbag.py:500} INFO - Filling up the DagBag from /home/airflow/.local/lib/python3.7/site-packages/airflow/example_dags/example_dag_decorator.py
[2022-05-11 07:07:42,152] {processor.py:652} INFO - DAG(s) dict_keys(['example_dag_decorator']) retrieved from /home/airflow/.local/lib/python3.7/site-packages/airflow/example_dags/example_dag_decorator.py
[2022-05-11 07:07:42,417] {logging_mixin.py:109} INFO - [2022-05-11 07:07:42,416] {dag.py:2398} INFO - Sync 1 DAGs
[2022-05-11 07:07:42,429] {logging_mixin.py:109} INFO - [2022-05-11 07:07:42,429] {dag.py:2937} INFO - Setting next_dagrun for example_dag_decorator to None
[2022-05-11 07:07:42,444] {processor.py:171} INFO - Processing /home/airflow/.local/lib/python3.7/site-packages/airflow/example_dags/example_dag_decorator.py took 0.325 seconds
[2022-05-11 07:08:12,559] {processor.py:163} INFO - Started process (PID=30497) to work on /home/airflow/.local/lib/python3.7/site-packages/airflow/example_dags/example_dag_decorator.py
[2022-05-11 07:08:12,560] {processor.py:642} INFO - Processing file /home/airflow/.local/lib/python3.7/site-packages/airflow/example_dags/example_dag_decorator.py for tasks to queue
[2022-05-11 07:08:12,561] {logging_mixin.py:109} INFO - [2022-05-11 07:08:12,561] {dagbag.py:500} INFO - Filling up the DagBag from /home/airflow/.local/lib/python3.7/site-packages/airflow/example_dags/example_dag_decorator.py
[2022-05-11 07:08:12,585] {processor.py:652} INFO - DAG(s) dict_keys(['example_dag_decorator']) retrieved from /home/airflow/.local/lib/python3.7/site-packages/airflow/example_dags/example_dag_decorator.py
[2022-05-11 07:08:12,917] {logging_mixin.py:109} INFO - [2022-05-11 07:08:12,917] {dag.py:2398} INFO - Sync 1 DAGs
[2022-05-11 07:08:12,932] {logging_mixin.py:109} INFO - [2022-05-11 07:08:12,932] {dag.py:2937} INFO - Setting next_dagrun for example_dag_decorator to None
[2022-05-11 07:08:12,948] {processor.py:171} INFO - Processing /home/airflow/.local/lib/python3.7/site-packages/airflow/example_dags/example_dag_decorator.py took 0.393 seconds
[2022-05-11 07:08:43,003] {processor.py:163} INFO - Started process (PID=30568) to work on /home/airflow/.local/lib/python3.7/site-packages/airflow/example_dags/example_dag_decorator.py
[2022-05-11 07:08:43,004] {processor.py:642} INFO - Processing file /home/airflow/.local/lib/python3.7/site-packages/airflow/example_dags/example_dag_decorator.py for tasks to queue
[2022-05-11 07:08:43,006] {logging_mixin.py:109} INFO - [2022-05-11 07:08:43,005] {dagbag.py:500} INFO - Filling up the DagBag from /home/airflow/.local/lib/python3.7/site-packages/airflow/example_dags/example_dag_decorator.py
[2022-05-11 07:08:43,030] {processor.py:652} INFO - DAG(s) dict_keys(['example_dag_decorator']) retrieved from /home/airflow/.local/lib/python3.7/site-packages/airflow/example_dags/example_dag_decorator.py
[2022-05-11 07:08:43,324] {logging_mixin.py:109} INFO - [2022-05-11 07:08:43,324] {dag.py:2398} INFO - Sync 1 DAGs
[2022-05-11 07:08:43,341] {logging_mixin.py:109} INFO - [2022-05-11 07:08:43,341] {dag.py:2937} INFO - Setting next_dagrun for example_dag_decorator to None
[2022-05-11 07:08:43,357] {processor.py:171} INFO - Processing /home/airflow/.local/lib/python3.7/site-packages/airflow/example_dags/example_dag_decorator.py took 0.356 seconds
[2022-05-11 07:09:13,475] {processor.py:163} INFO - Started process (PID=30631) to work on /home/airflow/.local/lib/python3.7/site-packages/airflow/example_dags/example_dag_decorator.py
[2022-05-11 07:09:13,477] {processor.py:642} INFO - Processing file /home/airflow/.local/lib/python3.7/site-packages/airflow/example_dags/example_dag_decorator.py for tasks to queue
[2022-05-11 07:09:13,479] {logging_mixin.py:109} INFO - [2022-05-11 07:09:13,478] {dagbag.py:500} INFO - Filling up the DagBag from /home/airflow/.local/lib/python3.7/site-packages/airflow/example_dags/example_dag_decorator.py
[2022-05-11 07:09:13,516] {processor.py:652} INFO - DAG(s) dict_keys(['example_dag_decorator']) retrieved from /home/airflow/.local/lib/python3.7/site-packages/airflow/example_dags/example_dag_decorator.py
[2022-05-11 07:09:13,805] {logging_mixin.py:109} INFO - [2022-05-11 07:09:13,805] {dag.py:2398} INFO - Sync 1 DAGs
[2022-05-11 07:09:13,820] {logging_mixin.py:109} INFO - [2022-05-11 07:09:13,820] {dag.py:2937} INFO - Setting next_dagrun for example_dag_decorator to None
[2022-05-11 07:09:13,836] {processor.py:171} INFO - Processing /home/airflow/.local/lib/python3.7/site-packages/airflow/example_dags/example_dag_decorator.py took 0.367 seconds
[2022-05-11 07:09:43,976] {processor.py:163} INFO - Started process (PID=30702) to work on /home/airflow/.local/lib/python3.7/site-packages/airflow/example_dags/example_dag_decorator.py
[2022-05-11 07:09:43,977] {processor.py:642} INFO - Processing file /home/airflow/.local/lib/python3.7/site-packages/airflow/example_dags/example_dag_decorator.py for tasks to queue
[2022-05-11 07:09:43,978] {logging_mixin.py:109} INFO - [2022-05-11 07:09:43,978] {dagbag.py:500} INFO - Filling up the DagBag from /home/airflow/.local/lib/python3.7/site-packages/airflow/example_dags/example_dag_decorator.py
[2022-05-11 07:09:44,002] {processor.py:652} INFO - DAG(s) dict_keys(['example_dag_decorator']) retrieved from /home/airflow/.local/lib/python3.7/site-packages/airflow/example_dags/example_dag_decorator.py
[2022-05-11 07:09:44,313] {logging_mixin.py:109} INFO - [2022-05-11 07:09:44,313] {dag.py:2398} INFO - Sync 1 DAGs
[2022-05-11 07:09:44,324] {logging_mixin.py:109} INFO - [2022-05-11 07:09:44,324] {dag.py:2937} INFO - Setting next_dagrun for example_dag_decorator to None
[2022-05-11 07:09:44,338] {processor.py:171} INFO - Processing /home/airflow/.local/lib/python3.7/site-packages/airflow/example_dags/example_dag_decorator.py took 0.366 seconds
[2022-05-11 07:10:14,458] {processor.py:163} INFO - Started process (PID=30765) to work on /home/airflow/.local/lib/python3.7/site-packages/airflow/example_dags/example_dag_decorator.py
[2022-05-11 07:10:14,460] {processor.py:642} INFO - Processing file /home/airflow/.local/lib/python3.7/site-packages/airflow/example_dags/example_dag_decorator.py for tasks to queue
[2022-05-11 07:10:14,461] {logging_mixin.py:109} INFO - [2022-05-11 07:10:14,461] {dagbag.py:500} INFO - Filling up the DagBag from /home/airflow/.local/lib/python3.7/site-packages/airflow/example_dags/example_dag_decorator.py
[2022-05-11 07:10:14,486] {processor.py:652} INFO - DAG(s) dict_keys(['example_dag_decorator']) retrieved from /home/airflow/.local/lib/python3.7/site-packages/airflow/example_dags/example_dag_decorator.py
[2022-05-11 07:10:14,784] {logging_mixin.py:109} INFO - [2022-05-11 07:10:14,784] {dag.py:2398} INFO - Sync 1 DAGs
[2022-05-11 07:10:14,794] {logging_mixin.py:109} INFO - [2022-05-11 07:10:14,794] {dag.py:2937} INFO - Setting next_dagrun for example_dag_decorator to None
[2022-05-11 07:10:14,807] {processor.py:171} INFO - Processing /home/airflow/.local/lib/python3.7/site-packages/airflow/example_dags/example_dag_decorator.py took 0.354 seconds
[2022-05-11 07:10:45,231] {processor.py:163} INFO - Started process (PID=30838) to work on /home/airflow/.local/lib/python3.7/site-packages/airflow/example_dags/example_dag_decorator.py
[2022-05-11 07:10:45,233] {processor.py:642} INFO - Processing file /home/airflow/.local/lib/python3.7/site-packages/airflow/example_dags/example_dag_decorator.py for tasks to queue
[2022-05-11 07:10:45,235] {logging_mixin.py:109} INFO - [2022-05-11 07:10:45,234] {dagbag.py:500} INFO - Filling up the DagBag from /home/airflow/.local/lib/python3.7/site-packages/airflow/example_dags/example_dag_decorator.py
[2022-05-11 07:10:45,266] {processor.py:652} INFO - DAG(s) dict_keys(['example_dag_decorator']) retrieved from /home/airflow/.local/lib/python3.7/site-packages/airflow/example_dags/example_dag_decorator.py
[2022-05-11 07:10:45,598] {logging_mixin.py:109} INFO - [2022-05-11 07:10:45,597] {dag.py:2398} INFO - Sync 1 DAGs
[2022-05-11 07:10:45,612] {logging_mixin.py:109} INFO - [2022-05-11 07:10:45,612] {dag.py:2937} INFO - Setting next_dagrun for example_dag_decorator to None
[2022-05-11 07:10:45,626] {processor.py:171} INFO - Processing /home/airflow/.local/lib/python3.7/site-packages/airflow/example_dags/example_dag_decorator.py took 0.400 seconds
[2022-05-11 07:11:15,889] {processor.py:163} INFO - Started process (PID=30904) to work on /home/airflow/.local/lib/python3.7/site-packages/airflow/example_dags/example_dag_decorator.py
[2022-05-11 07:11:15,891] {processor.py:642} INFO - Processing file /home/airflow/.local/lib/python3.7/site-packages/airflow/example_dags/example_dag_decorator.py for tasks to queue
[2022-05-11 07:11:15,892] {logging_mixin.py:109} INFO - [2022-05-11 07:11:15,892] {dagbag.py:500} INFO - Filling up the DagBag from /home/airflow/.local/lib/python3.7/site-packages/airflow/example_dags/example_dag_decorator.py
[2022-05-11 07:11:15,920] {processor.py:652} INFO - DAG(s) dict_keys(['example_dag_decorator']) retrieved from /home/airflow/.local/lib/python3.7/site-packages/airflow/example_dags/example_dag_decorator.py
[2022-05-11 07:11:16,320] {logging_mixin.py:109} INFO - [2022-05-11 07:11:16,320] {dag.py:2398} INFO - Sync 1 DAGs
[2022-05-11 07:11:16,333] {logging_mixin.py:109} INFO - [2022-05-11 07:11:16,333] {dag.py:2937} INFO - Setting next_dagrun for example_dag_decorator to None
[2022-05-11 07:11:16,353] {processor.py:171} INFO - Processing /home/airflow/.local/lib/python3.7/site-packages/airflow/example_dags/example_dag_decorator.py took 0.468 seconds
[2022-05-11 07:11:46,409] {processor.py:163} INFO - Started process (PID=30978) to work on /home/airflow/.local/lib/python3.7/site-packages/airflow/example_dags/example_dag_decorator.py
[2022-05-11 07:11:46,411] {processor.py:642} INFO - Processing file /home/airflow/.local/lib/python3.7/site-packages/airflow/example_dags/example_dag_decorator.py for tasks to queue
[2022-05-11 07:11:46,412] {logging_mixin.py:109} INFO - [2022-05-11 07:11:46,412] {dagbag.py:500} INFO - Filling up the DagBag from /home/airflow/.local/lib/python3.7/site-packages/airflow/example_dags/example_dag_decorator.py
[2022-05-11 07:11:46,437] {processor.py:652} INFO - DAG(s) dict_keys(['example_dag_decorator']) retrieved from /home/airflow/.local/lib/python3.7/site-packages/airflow/example_dags/example_dag_decorator.py
[2022-05-11 07:11:46,783] {logging_mixin.py:109} INFO - [2022-05-11 07:11:46,783] {dag.py:2398} INFO - Sync 1 DAGs
[2022-05-11 07:11:46,796] {logging_mixin.py:109} INFO - [2022-05-11 07:11:46,796] {dag.py:2937} INFO - Setting next_dagrun for example_dag_decorator to None
[2022-05-11 07:11:46,808] {processor.py:171} INFO - Processing /home/airflow/.local/lib/python3.7/site-packages/airflow/example_dags/example_dag_decorator.py took 0.402 seconds
[2022-05-11 07:12:17,132] {processor.py:163} INFO - Started process (PID=31042) to work on /home/airflow/.local/lib/python3.7/site-packages/airflow/example_dags/example_dag_decorator.py
[2022-05-11 07:12:17,134] {processor.py:642} INFO - Processing file /home/airflow/.local/lib/python3.7/site-packages/airflow/example_dags/example_dag_decorator.py for tasks to queue
[2022-05-11 07:12:17,134] {logging_mixin.py:109} INFO - [2022-05-11 07:12:17,134] {dagbag.py:500} INFO - Filling up the DagBag from /home/airflow/.local/lib/python3.7/site-packages/airflow/example_dags/example_dag_decorator.py
[2022-05-11 07:12:17,159] {processor.py:652} INFO - DAG(s) dict_keys(['example_dag_decorator']) retrieved from /home/airflow/.local/lib/python3.7/site-packages/airflow/example_dags/example_dag_decorator.py
[2022-05-11 07:12:17,446] {logging_mixin.py:109} INFO - [2022-05-11 07:12:17,446] {dag.py:2398} INFO - Sync 1 DAGs
[2022-05-11 07:12:17,457] {logging_mixin.py:109} INFO - [2022-05-11 07:12:17,457] {dag.py:2937} INFO - Setting next_dagrun for example_dag_decorator to None
[2022-05-11 07:12:17,473] {processor.py:171} INFO - Processing /home/airflow/.local/lib/python3.7/site-packages/airflow/example_dags/example_dag_decorator.py took 0.344 seconds
[2022-05-11 07:12:48,272] {processor.py:163} INFO - Started process (PID=31116) to work on /home/airflow/.local/lib/python3.7/site-packages/airflow/example_dags/example_dag_decorator.py
[2022-05-11 07:12:48,274] {processor.py:642} INFO - Processing file /home/airflow/.local/lib/python3.7/site-packages/airflow/example_dags/example_dag_decorator.py for tasks to queue
[2022-05-11 07:12:48,275] {logging_mixin.py:109} INFO - [2022-05-11 07:12:48,275] {dagbag.py:500} INFO - Filling up the DagBag from /home/airflow/.local/lib/python3.7/site-packages/airflow/example_dags/example_dag_decorator.py
[2022-05-11 07:12:48,296] {processor.py:652} INFO - DAG(s) dict_keys(['example_dag_decorator']) retrieved from /home/airflow/.local/lib/python3.7/site-packages/airflow/example_dags/example_dag_decorator.py
[2022-05-11 07:12:48,599] {logging_mixin.py:109} INFO - [2022-05-11 07:12:48,599] {dag.py:2398} INFO - Sync 1 DAGs
[2022-05-11 07:12:48,611] {logging_mixin.py:109} INFO - [2022-05-11 07:12:48,611] {dag.py:2937} INFO - Setting next_dagrun for example_dag_decorator to None
[2022-05-11 07:12:48,627] {processor.py:171} INFO - Processing /home/airflow/.local/lib/python3.7/site-packages/airflow/example_dags/example_dag_decorator.py took 0.359 seconds
[2022-05-11 07:13:19,318] {processor.py:163} INFO - Started process (PID=31190) to work on /home/airflow/.local/lib/python3.7/site-packages/airflow/example_dags/example_dag_decorator.py
[2022-05-11 07:13:19,320] {processor.py:642} INFO - Processing file /home/airflow/.local/lib/python3.7/site-packages/airflow/example_dags/example_dag_decorator.py for tasks to queue
[2022-05-11 07:13:19,321] {logging_mixin.py:109} INFO - [2022-05-11 07:13:19,321] {dagbag.py:500} INFO - Filling up the DagBag from /home/airflow/.local/lib/python3.7/site-packages/airflow/example_dags/example_dag_decorator.py
[2022-05-11 07:13:19,345] {processor.py:652} INFO - DAG(s) dict_keys(['example_dag_decorator']) retrieved from /home/airflow/.local/lib/python3.7/site-packages/airflow/example_dags/example_dag_decorator.py
[2022-05-11 07:13:19,687] {logging_mixin.py:109} INFO - [2022-05-11 07:13:19,687] {dag.py:2398} INFO - Sync 1 DAGs
[2022-05-11 07:13:19,702] {logging_mixin.py:109} INFO - [2022-05-11 07:13:19,702] {dag.py:2937} INFO - Setting next_dagrun for example_dag_decorator to None
[2022-05-11 07:13:19,716] {processor.py:171} INFO - Processing /home/airflow/.local/lib/python3.7/site-packages/airflow/example_dags/example_dag_decorator.py took 0.401 seconds
[2022-05-11 07:13:49,766] {processor.py:163} INFO - Started process (PID=31254) to work on /home/airflow/.local/lib/python3.7/site-packages/airflow/example_dags/example_dag_decorator.py
[2022-05-11 07:13:49,768] {processor.py:642} INFO - Processing file /home/airflow/.local/lib/python3.7/site-packages/airflow/example_dags/example_dag_decorator.py for tasks to queue
[2022-05-11 07:13:49,769] {logging_mixin.py:109} INFO - [2022-05-11 07:13:49,768] {dagbag.py:500} INFO - Filling up the DagBag from /home/airflow/.local/lib/python3.7/site-packages/airflow/example_dags/example_dag_decorator.py
[2022-05-11 07:13:49,793] {processor.py:652} INFO - DAG(s) dict_keys(['example_dag_decorator']) retrieved from /home/airflow/.local/lib/python3.7/site-packages/airflow/example_dags/example_dag_decorator.py
[2022-05-11 07:13:50,098] {logging_mixin.py:109} INFO - [2022-05-11 07:13:50,098] {dag.py:2398} INFO - Sync 1 DAGs
[2022-05-11 07:13:50,110] {logging_mixin.py:109} INFO - [2022-05-11 07:13:50,110] {dag.py:2937} INFO - Setting next_dagrun for example_dag_decorator to None
[2022-05-11 07:13:50,124] {processor.py:171} INFO - Processing /home/airflow/.local/lib/python3.7/site-packages/airflow/example_dags/example_dag_decorator.py took 0.361 seconds
[2022-05-11 07:14:20,219] {processor.py:163} INFO - Started process (PID=31326) to work on /home/airflow/.local/lib/python3.7/site-packages/airflow/example_dags/example_dag_decorator.py
[2022-05-11 07:14:20,221] {processor.py:642} INFO - Processing file /home/airflow/.local/lib/python3.7/site-packages/airflow/example_dags/example_dag_decorator.py for tasks to queue
[2022-05-11 07:14:20,223] {logging_mixin.py:109} INFO - [2022-05-11 07:14:20,222] {dagbag.py:500} INFO - Filling up the DagBag from /home/airflow/.local/lib/python3.7/site-packages/airflow/example_dags/example_dag_decorator.py
[2022-05-11 07:14:20,244] {processor.py:652} INFO - DAG(s) dict_keys(['example_dag_decorator']) retrieved from /home/airflow/.local/lib/python3.7/site-packages/airflow/example_dags/example_dag_decorator.py
[2022-05-11 07:14:20,553] {logging_mixin.py:109} INFO - [2022-05-11 07:14:20,553] {dag.py:2398} INFO - Sync 1 DAGs
[2022-05-11 07:14:20,565] {logging_mixin.py:109} INFO - [2022-05-11 07:14:20,565] {dag.py:2937} INFO - Setting next_dagrun for example_dag_decorator to None
[2022-05-11 07:14:20,582] {processor.py:171} INFO - Processing /home/airflow/.local/lib/python3.7/site-packages/airflow/example_dags/example_dag_decorator.py took 0.366 seconds
[2022-05-11 07:14:50,686] {processor.py:163} INFO - Started process (PID=31389) to work on /home/airflow/.local/lib/python3.7/site-packages/airflow/example_dags/example_dag_decorator.py
[2022-05-11 07:14:50,688] {processor.py:642} INFO - Processing file /home/airflow/.local/lib/python3.7/site-packages/airflow/example_dags/example_dag_decorator.py for tasks to queue
[2022-05-11 07:14:50,689] {logging_mixin.py:109} INFO - [2022-05-11 07:14:50,689] {dagbag.py:500} INFO - Filling up the DagBag from /home/airflow/.local/lib/python3.7/site-packages/airflow/example_dags/example_dag_decorator.py
[2022-05-11 07:14:50,713] {processor.py:652} INFO - DAG(s) dict_keys(['example_dag_decorator']) retrieved from /home/airflow/.local/lib/python3.7/site-packages/airflow/example_dags/example_dag_decorator.py
[2022-05-11 07:14:51,012] {logging_mixin.py:109} INFO - [2022-05-11 07:14:51,011] {dag.py:2398} INFO - Sync 1 DAGs
[2022-05-11 07:14:51,027] {logging_mixin.py:109} INFO - [2022-05-11 07:14:51,026] {dag.py:2937} INFO - Setting next_dagrun for example_dag_decorator to None
[2022-05-11 07:14:51,043] {processor.py:171} INFO - Processing /home/airflow/.local/lib/python3.7/site-packages/airflow/example_dags/example_dag_decorator.py took 0.359 seconds
[2022-05-11 07:15:21,836] {processor.py:163} INFO - Started process (PID=31463) to work on /home/airflow/.local/lib/python3.7/site-packages/airflow/example_dags/example_dag_decorator.py
[2022-05-11 07:15:21,837] {processor.py:642} INFO - Processing file /home/airflow/.local/lib/python3.7/site-packages/airflow/example_dags/example_dag_decorator.py for tasks to queue
[2022-05-11 07:15:21,838] {logging_mixin.py:109} INFO - [2022-05-11 07:15:21,838] {dagbag.py:500} INFO - Filling up the DagBag from /home/airflow/.local/lib/python3.7/site-packages/airflow/example_dags/example_dag_decorator.py
[2022-05-11 07:15:21,864] {processor.py:652} INFO - DAG(s) dict_keys(['example_dag_decorator']) retrieved from /home/airflow/.local/lib/python3.7/site-packages/airflow/example_dags/example_dag_decorator.py
[2022-05-11 07:15:22,184] {logging_mixin.py:109} INFO - [2022-05-11 07:15:22,184] {dag.py:2398} INFO - Sync 1 DAGs
[2022-05-11 07:15:22,196] {logging_mixin.py:109} INFO - [2022-05-11 07:15:22,196] {dag.py:2937} INFO - Setting next_dagrun for example_dag_decorator to None
[2022-05-11 07:15:22,214] {processor.py:171} INFO - Processing /home/airflow/.local/lib/python3.7/site-packages/airflow/example_dags/example_dag_decorator.py took 0.381 seconds
[2022-05-11 07:15:52,336] {processor.py:163} INFO - Started process (PID=31527) to work on /home/airflow/.local/lib/python3.7/site-packages/airflow/example_dags/example_dag_decorator.py
[2022-05-11 07:15:52,337] {processor.py:642} INFO - Processing file /home/airflow/.local/lib/python3.7/site-packages/airflow/example_dags/example_dag_decorator.py for tasks to queue
[2022-05-11 07:15:52,338] {logging_mixin.py:109} INFO - [2022-05-11 07:15:52,338] {dagbag.py:500} INFO - Filling up the DagBag from /home/airflow/.local/lib/python3.7/site-packages/airflow/example_dags/example_dag_decorator.py
[2022-05-11 07:15:52,364] {processor.py:652} INFO - DAG(s) dict_keys(['example_dag_decorator']) retrieved from /home/airflow/.local/lib/python3.7/site-packages/airflow/example_dags/example_dag_decorator.py
[2022-05-11 07:15:52,645] {logging_mixin.py:109} INFO - [2022-05-11 07:15:52,645] {dag.py:2398} INFO - Sync 1 DAGs
[2022-05-11 07:15:52,656] {logging_mixin.py:109} INFO - [2022-05-11 07:15:52,656] {dag.py:2937} INFO - Setting next_dagrun for example_dag_decorator to None
[2022-05-11 07:15:52,673] {processor.py:171} INFO - Processing /home/airflow/.local/lib/python3.7/site-packages/airflow/example_dags/example_dag_decorator.py took 0.339 seconds
[2022-05-11 07:16:22,726] {processor.py:163} INFO - Started process (PID=31599) to work on /home/airflow/.local/lib/python3.7/site-packages/airflow/example_dags/example_dag_decorator.py
[2022-05-11 07:16:22,728] {processor.py:642} INFO - Processing file /home/airflow/.local/lib/python3.7/site-packages/airflow/example_dags/example_dag_decorator.py for tasks to queue
[2022-05-11 07:16:22,728] {logging_mixin.py:109} INFO - [2022-05-11 07:16:22,728] {dagbag.py:500} INFO - Filling up the DagBag from /home/airflow/.local/lib/python3.7/site-packages/airflow/example_dags/example_dag_decorator.py
[2022-05-11 07:16:22,749] {processor.py:652} INFO - DAG(s) dict_keys(['example_dag_decorator']) retrieved from /home/airflow/.local/lib/python3.7/site-packages/airflow/example_dags/example_dag_decorator.py
[2022-05-11 07:16:23,041] {logging_mixin.py:109} INFO - [2022-05-11 07:16:23,040] {dag.py:2398} INFO - Sync 1 DAGs
[2022-05-11 07:16:23,055] {logging_mixin.py:109} INFO - [2022-05-11 07:16:23,055] {dag.py:2937} INFO - Setting next_dagrun for example_dag_decorator to None
[2022-05-11 07:16:23,069] {processor.py:171} INFO - Processing /home/airflow/.local/lib/python3.7/site-packages/airflow/example_dags/example_dag_decorator.py took 0.346 seconds
[2022-05-11 07:16:53,328] {processor.py:163} INFO - Started process (PID=31663) to work on /home/airflow/.local/lib/python3.7/site-packages/airflow/example_dags/example_dag_decorator.py
[2022-05-11 07:16:53,331] {processor.py:642} INFO - Processing file /home/airflow/.local/lib/python3.7/site-packages/airflow/example_dags/example_dag_decorator.py for tasks to queue
[2022-05-11 07:16:53,333] {logging_mixin.py:109} INFO - [2022-05-11 07:16:53,333] {dagbag.py:500} INFO - Filling up the DagBag from /home/airflow/.local/lib/python3.7/site-packages/airflow/example_dags/example_dag_decorator.py
[2022-05-11 07:16:53,362] {processor.py:652} INFO - DAG(s) dict_keys(['example_dag_decorator']) retrieved from /home/airflow/.local/lib/python3.7/site-packages/airflow/example_dags/example_dag_decorator.py
[2022-05-11 07:16:53,692] {logging_mixin.py:109} INFO - [2022-05-11 07:16:53,692] {dag.py:2398} INFO - Sync 1 DAGs
[2022-05-11 07:16:53,704] {logging_mixin.py:109} INFO - [2022-05-11 07:16:53,704] {dag.py:2937} INFO - Setting next_dagrun for example_dag_decorator to None
[2022-05-11 07:16:53,721] {processor.py:171} INFO - Processing /home/airflow/.local/lib/python3.7/site-packages/airflow/example_dags/example_dag_decorator.py took 0.398 seconds
[2022-05-11 07:17:23,896] {processor.py:163} INFO - Started process (PID=31735) to work on /home/airflow/.local/lib/python3.7/site-packages/airflow/example_dags/example_dag_decorator.py
[2022-05-11 07:17:23,900] {processor.py:642} INFO - Processing file /home/airflow/.local/lib/python3.7/site-packages/airflow/example_dags/example_dag_decorator.py for tasks to queue
[2022-05-11 07:17:23,901] {logging_mixin.py:109} INFO - [2022-05-11 07:17:23,901] {dagbag.py:500} INFO - Filling up the DagBag from /home/airflow/.local/lib/python3.7/site-packages/airflow/example_dags/example_dag_decorator.py
[2022-05-11 07:17:23,929] {processor.py:652} INFO - DAG(s) dict_keys(['example_dag_decorator']) retrieved from /home/airflow/.local/lib/python3.7/site-packages/airflow/example_dags/example_dag_decorator.py
[2022-05-11 07:17:24,320] {logging_mixin.py:109} INFO - [2022-05-11 07:17:24,320] {dag.py:2398} INFO - Sync 1 DAGs
[2022-05-11 07:17:24,336] {logging_mixin.py:109} INFO - [2022-05-11 07:17:24,335] {dag.py:2937} INFO - Setting next_dagrun for example_dag_decorator to None
[2022-05-11 07:17:24,358] {processor.py:171} INFO - Processing /home/airflow/.local/lib/python3.7/site-packages/airflow/example_dags/example_dag_decorator.py took 0.469 seconds
[2022-05-11 07:17:55,195] {processor.py:163} INFO - Started process (PID=31802) to work on /home/airflow/.local/lib/python3.7/site-packages/airflow/example_dags/example_dag_decorator.py
[2022-05-11 07:17:55,196] {processor.py:642} INFO - Processing file /home/airflow/.local/lib/python3.7/site-packages/airflow/example_dags/example_dag_decorator.py for tasks to queue
[2022-05-11 07:17:55,197] {logging_mixin.py:109} INFO - [2022-05-11 07:17:55,197] {dagbag.py:500} INFO - Filling up the DagBag from /home/airflow/.local/lib/python3.7/site-packages/airflow/example_dags/example_dag_decorator.py
[2022-05-11 07:17:55,229] {processor.py:652} INFO - DAG(s) dict_keys(['example_dag_decorator']) retrieved from /home/airflow/.local/lib/python3.7/site-packages/airflow/example_dags/example_dag_decorator.py
[2022-05-11 07:17:55,644] {logging_mixin.py:109} INFO - [2022-05-11 07:17:55,644] {dag.py:2398} INFO - Sync 1 DAGs
[2022-05-11 07:17:55,663] {logging_mixin.py:109} INFO - [2022-05-11 07:17:55,663] {dag.py:2937} INFO - Setting next_dagrun for example_dag_decorator to None
[2022-05-11 07:17:55,686] {processor.py:171} INFO - Processing /home/airflow/.local/lib/python3.7/site-packages/airflow/example_dags/example_dag_decorator.py took 0.494 seconds
[2022-05-11 07:18:25,923] {processor.py:163} INFO - Started process (PID=31874) to work on /home/airflow/.local/lib/python3.7/site-packages/airflow/example_dags/example_dag_decorator.py
[2022-05-11 07:18:25,925] {processor.py:642} INFO - Processing file /home/airflow/.local/lib/python3.7/site-packages/airflow/example_dags/example_dag_decorator.py for tasks to queue
[2022-05-11 07:18:25,926] {logging_mixin.py:109} INFO - [2022-05-11 07:18:25,926] {dagbag.py:500} INFO - Filling up the DagBag from /home/airflow/.local/lib/python3.7/site-packages/airflow/example_dags/example_dag_decorator.py
[2022-05-11 07:18:25,958] {processor.py:652} INFO - DAG(s) dict_keys(['example_dag_decorator']) retrieved from /home/airflow/.local/lib/python3.7/site-packages/airflow/example_dags/example_dag_decorator.py
[2022-05-11 07:18:26,343] {logging_mixin.py:109} INFO - [2022-05-11 07:18:26,343] {dag.py:2398} INFO - Sync 1 DAGs
[2022-05-11 07:18:26,362] {logging_mixin.py:109} INFO - [2022-05-11 07:18:26,362] {dag.py:2937} INFO - Setting next_dagrun for example_dag_decorator to None
[2022-05-11 07:18:26,381] {processor.py:171} INFO - Processing /home/airflow/.local/lib/python3.7/site-packages/airflow/example_dags/example_dag_decorator.py took 0.461 seconds
[2022-05-11 07:18:57,221] {processor.py:163} INFO - Started process (PID=31937) to work on /home/airflow/.local/lib/python3.7/site-packages/airflow/example_dags/example_dag_decorator.py
[2022-05-11 07:18:57,223] {processor.py:642} INFO - Processing file /home/airflow/.local/lib/python3.7/site-packages/airflow/example_dags/example_dag_decorator.py for tasks to queue
[2022-05-11 07:18:57,224] {logging_mixin.py:109} INFO - [2022-05-11 07:18:57,224] {dagbag.py:500} INFO - Filling up the DagBag from /home/airflow/.local/lib/python3.7/site-packages/airflow/example_dags/example_dag_decorator.py
[2022-05-11 07:18:57,248] {processor.py:652} INFO - DAG(s) dict_keys(['example_dag_decorator']) retrieved from /home/airflow/.local/lib/python3.7/site-packages/airflow/example_dags/example_dag_decorator.py
[2022-05-11 07:18:57,561] {logging_mixin.py:109} INFO - [2022-05-11 07:18:57,561] {dag.py:2398} INFO - Sync 1 DAGs
[2022-05-11 07:18:57,576] {logging_mixin.py:109} INFO - [2022-05-11 07:18:57,575] {dag.py:2937} INFO - Setting next_dagrun for example_dag_decorator to None
[2022-05-11 07:18:57,593] {processor.py:171} INFO - Processing /home/airflow/.local/lib/python3.7/site-packages/airflow/example_dags/example_dag_decorator.py took 0.378 seconds
[2022-05-11 07:19:28,553] {processor.py:163} INFO - Started process (PID=32009) to work on /home/airflow/.local/lib/python3.7/site-packages/airflow/example_dags/example_dag_decorator.py
[2022-05-11 07:19:28,555] {processor.py:642} INFO - Processing file /home/airflow/.local/lib/python3.7/site-packages/airflow/example_dags/example_dag_decorator.py for tasks to queue
[2022-05-11 07:19:28,556] {logging_mixin.py:109} INFO - [2022-05-11 07:19:28,556] {dagbag.py:500} INFO - Filling up the DagBag from /home/airflow/.local/lib/python3.7/site-packages/airflow/example_dags/example_dag_decorator.py
[2022-05-11 07:19:28,597] {processor.py:652} INFO - DAG(s) dict_keys(['example_dag_decorator']) retrieved from /home/airflow/.local/lib/python3.7/site-packages/airflow/example_dags/example_dag_decorator.py
[2022-05-11 07:19:29,059] {logging_mixin.py:109} INFO - [2022-05-11 07:19:29,059] {dag.py:2398} INFO - Sync 1 DAGs
[2022-05-11 07:19:29,078] {logging_mixin.py:109} INFO - [2022-05-11 07:19:29,078] {dag.py:2937} INFO - Setting next_dagrun for example_dag_decorator to None
[2022-05-11 07:19:29,115] {processor.py:171} INFO - Processing /home/airflow/.local/lib/python3.7/site-packages/airflow/example_dags/example_dag_decorator.py took 0.567 seconds
[2022-05-11 07:19:59,808] {processor.py:163} INFO - Started process (PID=32071) to work on /home/airflow/.local/lib/python3.7/site-packages/airflow/example_dags/example_dag_decorator.py
[2022-05-11 07:19:59,810] {processor.py:642} INFO - Processing file /home/airflow/.local/lib/python3.7/site-packages/airflow/example_dags/example_dag_decorator.py for tasks to queue
[2022-05-11 07:19:59,811] {logging_mixin.py:109} INFO - [2022-05-11 07:19:59,811] {dagbag.py:500} INFO - Filling up the DagBag from /home/airflow/.local/lib/python3.7/site-packages/airflow/example_dags/example_dag_decorator.py
[2022-05-11 07:19:59,842] {processor.py:652} INFO - DAG(s) dict_keys(['example_dag_decorator']) retrieved from /home/airflow/.local/lib/python3.7/site-packages/airflow/example_dags/example_dag_decorator.py
[2022-05-11 07:20:00,213] {logging_mixin.py:109} INFO - [2022-05-11 07:20:00,213] {dag.py:2398} INFO - Sync 1 DAGs
[2022-05-11 07:20:00,230] {logging_mixin.py:109} INFO - [2022-05-11 07:20:00,229] {dag.py:2937} INFO - Setting next_dagrun for example_dag_decorator to None
[2022-05-11 07:20:00,245] {processor.py:171} INFO - Processing /home/airflow/.local/lib/python3.7/site-packages/airflow/example_dags/example_dag_decorator.py took 0.441 seconds
[2022-05-11 07:20:30,296] {processor.py:163} INFO - Started process (PID=32144) to work on /home/airflow/.local/lib/python3.7/site-packages/airflow/example_dags/example_dag_decorator.py
[2022-05-11 07:20:30,298] {processor.py:642} INFO - Processing file /home/airflow/.local/lib/python3.7/site-packages/airflow/example_dags/example_dag_decorator.py for tasks to queue
[2022-05-11 07:20:30,299] {logging_mixin.py:109} INFO - [2022-05-11 07:20:30,299] {dagbag.py:500} INFO - Filling up the DagBag from /home/airflow/.local/lib/python3.7/site-packages/airflow/example_dags/example_dag_decorator.py
[2022-05-11 07:20:30,333] {processor.py:652} INFO - DAG(s) dict_keys(['example_dag_decorator']) retrieved from /home/airflow/.local/lib/python3.7/site-packages/airflow/example_dags/example_dag_decorator.py
[2022-05-11 07:20:30,704] {logging_mixin.py:109} INFO - [2022-05-11 07:20:30,704] {dag.py:2398} INFO - Sync 1 DAGs
[2022-05-11 07:20:30,718] {logging_mixin.py:109} INFO - [2022-05-11 07:20:30,718] {dag.py:2937} INFO - Setting next_dagrun for example_dag_decorator to None
[2022-05-11 07:20:30,740] {processor.py:171} INFO - Processing /home/airflow/.local/lib/python3.7/site-packages/airflow/example_dags/example_dag_decorator.py took 0.446 seconds
[2022-05-11 07:21:01,551] {processor.py:163} INFO - Started process (PID=32207) to work on /home/airflow/.local/lib/python3.7/site-packages/airflow/example_dags/example_dag_decorator.py
[2022-05-11 07:21:01,553] {processor.py:642} INFO - Processing file /home/airflow/.local/lib/python3.7/site-packages/airflow/example_dags/example_dag_decorator.py for tasks to queue
[2022-05-11 07:21:01,554] {logging_mixin.py:109} INFO - [2022-05-11 07:21:01,554] {dagbag.py:500} INFO - Filling up the DagBag from /home/airflow/.local/lib/python3.7/site-packages/airflow/example_dags/example_dag_decorator.py
[2022-05-11 07:21:01,581] {processor.py:652} INFO - DAG(s) dict_keys(['example_dag_decorator']) retrieved from /home/airflow/.local/lib/python3.7/site-packages/airflow/example_dags/example_dag_decorator.py
[2022-05-11 07:21:01,993] {logging_mixin.py:109} INFO - [2022-05-11 07:21:01,993] {dag.py:2398} INFO - Sync 1 DAGs
[2022-05-11 07:21:02,007] {logging_mixin.py:109} INFO - [2022-05-11 07:21:02,007] {dag.py:2937} INFO - Setting next_dagrun for example_dag_decorator to None
[2022-05-11 07:21:02,025] {processor.py:171} INFO - Processing /home/airflow/.local/lib/python3.7/site-packages/airflow/example_dags/example_dag_decorator.py took 0.478 seconds
[2022-05-11 07:21:32,929] {processor.py:163} INFO - Started process (PID=32279) to work on /home/airflow/.local/lib/python3.7/site-packages/airflow/example_dags/example_dag_decorator.py
[2022-05-11 07:21:32,930] {processor.py:642} INFO - Processing file /home/airflow/.local/lib/python3.7/site-packages/airflow/example_dags/example_dag_decorator.py for tasks to queue
[2022-05-11 07:21:32,931] {logging_mixin.py:109} INFO - [2022-05-11 07:21:32,931] {dagbag.py:500} INFO - Filling up the DagBag from /home/airflow/.local/lib/python3.7/site-packages/airflow/example_dags/example_dag_decorator.py
[2022-05-11 07:21:32,954] {processor.py:652} INFO - DAG(s) dict_keys(['example_dag_decorator']) retrieved from /home/airflow/.local/lib/python3.7/site-packages/airflow/example_dags/example_dag_decorator.py
[2022-05-11 07:21:33,277] {logging_mixin.py:109} INFO - [2022-05-11 07:21:33,277] {dag.py:2398} INFO - Sync 1 DAGs
[2022-05-11 07:21:33,293] {logging_mixin.py:109} INFO - [2022-05-11 07:21:33,293] {dag.py:2937} INFO - Setting next_dagrun for example_dag_decorator to None
[2022-05-11 07:21:33,309] {processor.py:171} INFO - Processing /home/airflow/.local/lib/python3.7/site-packages/airflow/example_dags/example_dag_decorator.py took 0.382 seconds
[2022-05-11 07:22:04,185] {processor.py:163} INFO - Started process (PID=32352) to work on /home/airflow/.local/lib/python3.7/site-packages/airflow/example_dags/example_dag_decorator.py
[2022-05-11 07:22:04,187] {processor.py:642} INFO - Processing file /home/airflow/.local/lib/python3.7/site-packages/airflow/example_dags/example_dag_decorator.py for tasks to queue
[2022-05-11 07:22:04,188] {logging_mixin.py:109} INFO - [2022-05-11 07:22:04,188] {dagbag.py:500} INFO - Filling up the DagBag from /home/airflow/.local/lib/python3.7/site-packages/airflow/example_dags/example_dag_decorator.py
[2022-05-11 07:22:04,231] {processor.py:652} INFO - DAG(s) dict_keys(['example_dag_decorator']) retrieved from /home/airflow/.local/lib/python3.7/site-packages/airflow/example_dags/example_dag_decorator.py
[2022-05-11 07:22:04,752] {logging_mixin.py:109} INFO - [2022-05-11 07:22:04,751] {dag.py:2398} INFO - Sync 1 DAGs
[2022-05-11 07:22:04,777] {logging_mixin.py:109} INFO - [2022-05-11 07:22:04,777] {dag.py:2937} INFO - Setting next_dagrun for example_dag_decorator to None
[2022-05-11 07:22:04,800] {processor.py:171} INFO - Processing /home/airflow/.local/lib/python3.7/site-packages/airflow/example_dags/example_dag_decorator.py took 0.620 seconds
[2022-05-11 07:22:35,576] {processor.py:163} INFO - Started process (PID=32415) to work on /home/airflow/.local/lib/python3.7/site-packages/airflow/example_dags/example_dag_decorator.py
[2022-05-11 07:22:35,577] {processor.py:642} INFO - Processing file /home/airflow/.local/lib/python3.7/site-packages/airflow/example_dags/example_dag_decorator.py for tasks to queue
[2022-05-11 07:22:35,578] {logging_mixin.py:109} INFO - [2022-05-11 07:22:35,578] {dagbag.py:500} INFO - Filling up the DagBag from /home/airflow/.local/lib/python3.7/site-packages/airflow/example_dags/example_dag_decorator.py
[2022-05-11 07:22:35,606] {processor.py:652} INFO - DAG(s) dict_keys(['example_dag_decorator']) retrieved from /home/airflow/.local/lib/python3.7/site-packages/airflow/example_dags/example_dag_decorator.py
[2022-05-11 07:22:35,947] {logging_mixin.py:109} INFO - [2022-05-11 07:22:35,947] {dag.py:2398} INFO - Sync 1 DAGs
[2022-05-11 07:22:35,962] {logging_mixin.py:109} INFO - [2022-05-11 07:22:35,962] {dag.py:2937} INFO - Setting next_dagrun for example_dag_decorator to None
[2022-05-11 07:22:35,979] {processor.py:171} INFO - Processing /home/airflow/.local/lib/python3.7/site-packages/airflow/example_dags/example_dag_decorator.py took 0.406 seconds
[2022-05-11 07:23:07,005] {processor.py:163} INFO - Started process (PID=32488) to work on /home/airflow/.local/lib/python3.7/site-packages/airflow/example_dags/example_dag_decorator.py
[2022-05-11 07:23:07,007] {processor.py:642} INFO - Processing file /home/airflow/.local/lib/python3.7/site-packages/airflow/example_dags/example_dag_decorator.py for tasks to queue
[2022-05-11 07:23:07,007] {logging_mixin.py:109} INFO - [2022-05-11 07:23:07,007] {dagbag.py:500} INFO - Filling up the DagBag from /home/airflow/.local/lib/python3.7/site-packages/airflow/example_dags/example_dag_decorator.py
[2022-05-11 07:23:07,041] {processor.py:652} INFO - DAG(s) dict_keys(['example_dag_decorator']) retrieved from /home/airflow/.local/lib/python3.7/site-packages/airflow/example_dags/example_dag_decorator.py
[2022-05-11 07:23:07,433] {logging_mixin.py:109} INFO - [2022-05-11 07:23:07,433] {dag.py:2398} INFO - Sync 1 DAGs
[2022-05-11 07:23:07,449] {logging_mixin.py:109} INFO - [2022-05-11 07:23:07,449] {dag.py:2937} INFO - Setting next_dagrun for example_dag_decorator to None
[2022-05-11 07:23:07,466] {processor.py:171} INFO - Processing /home/airflow/.local/lib/python3.7/site-packages/airflow/example_dags/example_dag_decorator.py took 0.463 seconds
[2022-05-11 07:23:37,584] {processor.py:163} INFO - Started process (PID=32551) to work on /home/airflow/.local/lib/python3.7/site-packages/airflow/example_dags/example_dag_decorator.py
[2022-05-11 07:23:37,587] {processor.py:642} INFO - Processing file /home/airflow/.local/lib/python3.7/site-packages/airflow/example_dags/example_dag_decorator.py for tasks to queue
[2022-05-11 07:23:37,588] {logging_mixin.py:109} INFO - [2022-05-11 07:23:37,588] {dagbag.py:500} INFO - Filling up the DagBag from /home/airflow/.local/lib/python3.7/site-packages/airflow/example_dags/example_dag_decorator.py
[2022-05-11 07:23:37,620] {processor.py:652} INFO - DAG(s) dict_keys(['example_dag_decorator']) retrieved from /home/airflow/.local/lib/python3.7/site-packages/airflow/example_dags/example_dag_decorator.py
[2022-05-11 07:23:38,010] {logging_mixin.py:109} INFO - [2022-05-11 07:23:38,010] {dag.py:2398} INFO - Sync 1 DAGs
[2022-05-11 07:23:38,023] {logging_mixin.py:109} INFO - [2022-05-11 07:23:38,023] {dag.py:2937} INFO - Setting next_dagrun for example_dag_decorator to None
[2022-05-11 07:23:38,043] {processor.py:171} INFO - Processing /home/airflow/.local/lib/python3.7/site-packages/airflow/example_dags/example_dag_decorator.py took 0.463 seconds
[2022-05-11 07:24:08,907] {processor.py:163} INFO - Started process (PID=32623) to work on /home/airflow/.local/lib/python3.7/site-packages/airflow/example_dags/example_dag_decorator.py
[2022-05-11 07:24:08,909] {processor.py:642} INFO - Processing file /home/airflow/.local/lib/python3.7/site-packages/airflow/example_dags/example_dag_decorator.py for tasks to queue
[2022-05-11 07:24:08,910] {logging_mixin.py:109} INFO - [2022-05-11 07:24:08,909] {dagbag.py:500} INFO - Filling up the DagBag from /home/airflow/.local/lib/python3.7/site-packages/airflow/example_dags/example_dag_decorator.py
[2022-05-11 07:24:08,932] {processor.py:652} INFO - DAG(s) dict_keys(['example_dag_decorator']) retrieved from /home/airflow/.local/lib/python3.7/site-packages/airflow/example_dags/example_dag_decorator.py
[2022-05-11 07:24:09,245] {logging_mixin.py:109} INFO - [2022-05-11 07:24:09,245] {dag.py:2398} INFO - Sync 1 DAGs
[2022-05-11 07:24:09,261] {logging_mixin.py:109} INFO - [2022-05-11 07:24:09,261] {dag.py:2937} INFO - Setting next_dagrun for example_dag_decorator to None
[2022-05-11 07:24:09,275] {processor.py:171} INFO - Processing /home/airflow/.local/lib/python3.7/site-packages/airflow/example_dags/example_dag_decorator.py took 0.370 seconds
[2022-05-11 07:24:39,356] {processor.py:163} INFO - Started process (PID=32687) to work on /home/airflow/.local/lib/python3.7/site-packages/airflow/example_dags/example_dag_decorator.py
[2022-05-11 07:24:39,357] {processor.py:642} INFO - Processing file /home/airflow/.local/lib/python3.7/site-packages/airflow/example_dags/example_dag_decorator.py for tasks to queue
[2022-05-11 07:24:39,358] {logging_mixin.py:109} INFO - [2022-05-11 07:24:39,358] {dagbag.py:500} INFO - Filling up the DagBag from /home/airflow/.local/lib/python3.7/site-packages/airflow/example_dags/example_dag_decorator.py
[2022-05-11 07:24:39,384] {processor.py:652} INFO - DAG(s) dict_keys(['example_dag_decorator']) retrieved from /home/airflow/.local/lib/python3.7/site-packages/airflow/example_dags/example_dag_decorator.py
[2022-05-11 07:24:39,699] {logging_mixin.py:109} INFO - [2022-05-11 07:24:39,699] {dag.py:2398} INFO - Sync 1 DAGs
[2022-05-11 07:24:39,711] {logging_mixin.py:109} INFO - [2022-05-11 07:24:39,711] {dag.py:2937} INFO - Setting next_dagrun for example_dag_decorator to None
[2022-05-11 07:24:39,729] {processor.py:171} INFO - Processing /home/airflow/.local/lib/python3.7/site-packages/airflow/example_dags/example_dag_decorator.py took 0.376 seconds
[2022-05-11 07:25:10,190] {processor.py:163} INFO - Started process (PID=32760) to work on /home/airflow/.local/lib/python3.7/site-packages/airflow/example_dags/example_dag_decorator.py
[2022-05-11 07:25:10,192] {processor.py:642} INFO - Processing file /home/airflow/.local/lib/python3.7/site-packages/airflow/example_dags/example_dag_decorator.py for tasks to queue
[2022-05-11 07:25:10,193] {logging_mixin.py:109} INFO - [2022-05-11 07:25:10,192] {dagbag.py:500} INFO - Filling up the DagBag from /home/airflow/.local/lib/python3.7/site-packages/airflow/example_dags/example_dag_decorator.py
[2022-05-11 07:25:10,220] {processor.py:652} INFO - DAG(s) dict_keys(['example_dag_decorator']) retrieved from /home/airflow/.local/lib/python3.7/site-packages/airflow/example_dags/example_dag_decorator.py
[2022-05-11 07:25:10,563] {logging_mixin.py:109} INFO - [2022-05-11 07:25:10,562] {dag.py:2398} INFO - Sync 1 DAGs
[2022-05-11 07:25:10,579] {logging_mixin.py:109} INFO - [2022-05-11 07:25:10,579] {dag.py:2937} INFO - Setting next_dagrun for example_dag_decorator to None
[2022-05-11 07:25:10,596] {processor.py:171} INFO - Processing /home/airflow/.local/lib/python3.7/site-packages/airflow/example_dags/example_dag_decorator.py took 0.409 seconds
[2022-05-11 07:25:40,667] {processor.py:163} INFO - Started process (PID=354) to work on /home/airflow/.local/lib/python3.7/site-packages/airflow/example_dags/example_dag_decorator.py
[2022-05-11 07:25:40,668] {processor.py:642} INFO - Processing file /home/airflow/.local/lib/python3.7/site-packages/airflow/example_dags/example_dag_decorator.py for tasks to queue
[2022-05-11 07:25:40,669] {logging_mixin.py:109} INFO - [2022-05-11 07:25:40,669] {dagbag.py:500} INFO - Filling up the DagBag from /home/airflow/.local/lib/python3.7/site-packages/airflow/example_dags/example_dag_decorator.py
[2022-05-11 07:25:40,690] {processor.py:652} INFO - DAG(s) dict_keys(['example_dag_decorator']) retrieved from /home/airflow/.local/lib/python3.7/site-packages/airflow/example_dags/example_dag_decorator.py
[2022-05-11 07:25:40,960] {logging_mixin.py:109} INFO - [2022-05-11 07:25:40,960] {dag.py:2398} INFO - Sync 1 DAGs
[2022-05-11 07:25:40,970] {logging_mixin.py:109} INFO - [2022-05-11 07:25:40,970] {dag.py:2937} INFO - Setting next_dagrun for example_dag_decorator to None
[2022-05-11 07:25:40,983] {processor.py:171} INFO - Processing /home/airflow/.local/lib/python3.7/site-packages/airflow/example_dags/example_dag_decorator.py took 0.319 seconds
[2022-05-11 07:26:11,041] {processor.py:163} INFO - Started process (PID=428) to work on /home/airflow/.local/lib/python3.7/site-packages/airflow/example_dags/example_dag_decorator.py
[2022-05-11 07:26:11,042] {processor.py:642} INFO - Processing file /home/airflow/.local/lib/python3.7/site-packages/airflow/example_dags/example_dag_decorator.py for tasks to queue
[2022-05-11 07:26:11,043] {logging_mixin.py:109} INFO - [2022-05-11 07:26:11,043] {dagbag.py:500} INFO - Filling up the DagBag from /home/airflow/.local/lib/python3.7/site-packages/airflow/example_dags/example_dag_decorator.py
[2022-05-11 07:26:11,064] {processor.py:652} INFO - DAG(s) dict_keys(['example_dag_decorator']) retrieved from /home/airflow/.local/lib/python3.7/site-packages/airflow/example_dags/example_dag_decorator.py
[2022-05-11 07:26:11,370] {logging_mixin.py:109} INFO - [2022-05-11 07:26:11,370] {dag.py:2398} INFO - Sync 1 DAGs
[2022-05-11 07:26:11,382] {logging_mixin.py:109} INFO - [2022-05-11 07:26:11,382] {dag.py:2937} INFO - Setting next_dagrun for example_dag_decorator to None
[2022-05-11 07:26:11,396] {processor.py:171} INFO - Processing /home/airflow/.local/lib/python3.7/site-packages/airflow/example_dags/example_dag_decorator.py took 0.359 seconds
[2022-05-11 07:26:41,855] {processor.py:163} INFO - Started process (PID=492) to work on /home/airflow/.local/lib/python3.7/site-packages/airflow/example_dags/example_dag_decorator.py
[2022-05-11 07:26:41,857] {processor.py:642} INFO - Processing file /home/airflow/.local/lib/python3.7/site-packages/airflow/example_dags/example_dag_decorator.py for tasks to queue
[2022-05-11 07:26:41,857] {logging_mixin.py:109} INFO - [2022-05-11 07:26:41,857] {dagbag.py:500} INFO - Filling up the DagBag from /home/airflow/.local/lib/python3.7/site-packages/airflow/example_dags/example_dag_decorator.py
[2022-05-11 07:26:41,877] {processor.py:652} INFO - DAG(s) dict_keys(['example_dag_decorator']) retrieved from /home/airflow/.local/lib/python3.7/site-packages/airflow/example_dags/example_dag_decorator.py
[2022-05-11 07:26:42,157] {logging_mixin.py:109} INFO - [2022-05-11 07:26:42,157] {dag.py:2398} INFO - Sync 1 DAGs
[2022-05-11 07:26:42,167] {logging_mixin.py:109} INFO - [2022-05-11 07:26:42,167] {dag.py:2937} INFO - Setting next_dagrun for example_dag_decorator to None
[2022-05-11 07:26:42,179] {processor.py:171} INFO - Processing /home/airflow/.local/lib/python3.7/site-packages/airflow/example_dags/example_dag_decorator.py took 0.326 seconds
[2022-05-11 07:27:12,607] {processor.py:163} INFO - Started process (PID=565) to work on /home/airflow/.local/lib/python3.7/site-packages/airflow/example_dags/example_dag_decorator.py
[2022-05-11 07:27:12,608] {processor.py:642} INFO - Processing file /home/airflow/.local/lib/python3.7/site-packages/airflow/example_dags/example_dag_decorator.py for tasks to queue
[2022-05-11 07:27:12,609] {logging_mixin.py:109} INFO - [2022-05-11 07:27:12,609] {dagbag.py:500} INFO - Filling up the DagBag from /home/airflow/.local/lib/python3.7/site-packages/airflow/example_dags/example_dag_decorator.py
[2022-05-11 07:27:12,632] {processor.py:652} INFO - DAG(s) dict_keys(['example_dag_decorator']) retrieved from /home/airflow/.local/lib/python3.7/site-packages/airflow/example_dags/example_dag_decorator.py
[2022-05-11 07:27:12,939] {logging_mixin.py:109} INFO - [2022-05-11 07:27:12,939] {dag.py:2398} INFO - Sync 1 DAGs
[2022-05-11 07:27:12,950] {logging_mixin.py:109} INFO - [2022-05-11 07:27:12,950] {dag.py:2937} INFO - Setting next_dagrun for example_dag_decorator to None
[2022-05-11 07:27:12,962] {processor.py:171} INFO - Processing /home/airflow/.local/lib/python3.7/site-packages/airflow/example_dags/example_dag_decorator.py took 0.359 seconds
[2022-05-11 07:27:43,538] {processor.py:163} INFO - Started process (PID=639) to work on /home/airflow/.local/lib/python3.7/site-packages/airflow/example_dags/example_dag_decorator.py
[2022-05-11 07:27:43,539] {processor.py:642} INFO - Processing file /home/airflow/.local/lib/python3.7/site-packages/airflow/example_dags/example_dag_decorator.py for tasks to queue
[2022-05-11 07:27:43,540] {logging_mixin.py:109} INFO - [2022-05-11 07:27:43,540] {dagbag.py:500} INFO - Filling up the DagBag from /home/airflow/.local/lib/python3.7/site-packages/airflow/example_dags/example_dag_decorator.py
[2022-05-11 07:27:43,563] {processor.py:652} INFO - DAG(s) dict_keys(['example_dag_decorator']) retrieved from /home/airflow/.local/lib/python3.7/site-packages/airflow/example_dags/example_dag_decorator.py
[2022-05-11 07:27:43,863] {logging_mixin.py:109} INFO - [2022-05-11 07:27:43,863] {dag.py:2398} INFO - Sync 1 DAGs
[2022-05-11 07:27:43,878] {logging_mixin.py:109} INFO - [2022-05-11 07:27:43,878] {dag.py:2937} INFO - Setting next_dagrun for example_dag_decorator to None
[2022-05-11 07:27:43,898] {processor.py:171} INFO - Processing /home/airflow/.local/lib/python3.7/site-packages/airflow/example_dags/example_dag_decorator.py took 0.363 seconds
