[2022-05-11 06:56:03,686] {processor.py:163} INFO - Started process (PID=28873) to work on /home/airflow/.local/lib/python3.7/site-packages/airflow/example_dags/example_trigger_target_dag.py
[2022-05-11 06:56:03,698] {processor.py:642} INFO - Processing file /home/airflow/.local/lib/python3.7/site-packages/airflow/example_dags/example_trigger_target_dag.py for tasks to queue
[2022-05-11 06:56:03,700] {logging_mixin.py:109} INFO - [2022-05-11 06:56:03,700] {dagbag.py:500} INFO - Filling up the DagBag from /home/airflow/.local/lib/python3.7/site-packages/airflow/example_dags/example_trigger_target_dag.py
[2022-05-11 06:56:03,766] {processor.py:652} INFO - DAG(s) dict_keys(['example_trigger_target_dag']) retrieved from /home/airflow/.local/lib/python3.7/site-packages/airflow/example_dags/example_trigger_target_dag.py
[2022-05-11 06:56:03,826] {logging_mixin.py:109} INFO - [2022-05-11 06:56:03,826] {dag.py:2398} INFO - Sync 1 DAGs
[2022-05-11 06:56:03,867] {logging_mixin.py:109} INFO - [2022-05-11 06:56:03,867] {dag.py:2937} INFO - Setting next_dagrun for example_trigger_target_dag to None
[2022-05-11 06:56:03,916] {processor.py:171} INFO - Processing /home/airflow/.local/lib/python3.7/site-packages/airflow/example_dags/example_trigger_target_dag.py took 0.236 seconds
[2022-05-11 06:56:34,740] {processor.py:163} INFO - Started process (PID=28947) to work on /home/airflow/.local/lib/python3.7/site-packages/airflow/example_dags/example_trigger_target_dag.py
[2022-05-11 06:56:34,741] {processor.py:642} INFO - Processing file /home/airflow/.local/lib/python3.7/site-packages/airflow/example_dags/example_trigger_target_dag.py for tasks to queue
[2022-05-11 06:56:34,742] {logging_mixin.py:109} INFO - [2022-05-11 06:56:34,742] {dagbag.py:500} INFO - Filling up the DagBag from /home/airflow/.local/lib/python3.7/site-packages/airflow/example_dags/example_trigger_target_dag.py
[2022-05-11 06:56:34,765] {processor.py:652} INFO - DAG(s) dict_keys(['example_trigger_target_dag']) retrieved from /home/airflow/.local/lib/python3.7/site-packages/airflow/example_dags/example_trigger_target_dag.py
[2022-05-11 06:56:34,788] {logging_mixin.py:109} INFO - [2022-05-11 06:56:34,788] {dag.py:2398} INFO - Sync 1 DAGs
[2022-05-11 06:56:34,807] {logging_mixin.py:109} INFO - [2022-05-11 06:56:34,807] {dag.py:2937} INFO - Setting next_dagrun for example_trigger_target_dag to None
[2022-05-11 06:56:34,823] {processor.py:171} INFO - Processing /home/airflow/.local/lib/python3.7/site-packages/airflow/example_dags/example_trigger_target_dag.py took 0.089 seconds
[2022-05-11 06:57:05,247] {processor.py:163} INFO - Started process (PID=29010) to work on /home/airflow/.local/lib/python3.7/site-packages/airflow/example_dags/example_trigger_target_dag.py
[2022-05-11 06:57:05,248] {processor.py:642} INFO - Processing file /home/airflow/.local/lib/python3.7/site-packages/airflow/example_dags/example_trigger_target_dag.py for tasks to queue
[2022-05-11 06:57:05,250] {logging_mixin.py:109} INFO - [2022-05-11 06:57:05,249] {dagbag.py:500} INFO - Filling up the DagBag from /home/airflow/.local/lib/python3.7/site-packages/airflow/example_dags/example_trigger_target_dag.py
[2022-05-11 06:57:05,273] {processor.py:652} INFO - DAG(s) dict_keys(['example_trigger_target_dag']) retrieved from /home/airflow/.local/lib/python3.7/site-packages/airflow/example_dags/example_trigger_target_dag.py
[2022-05-11 06:57:05,297] {logging_mixin.py:109} INFO - [2022-05-11 06:57:05,297] {dag.py:2398} INFO - Sync 1 DAGs
[2022-05-11 06:57:05,313] {logging_mixin.py:109} INFO - [2022-05-11 06:57:05,313] {dag.py:2937} INFO - Setting next_dagrun for example_trigger_target_dag to None
[2022-05-11 06:57:05,325] {processor.py:171} INFO - Processing /home/airflow/.local/lib/python3.7/site-packages/airflow/example_dags/example_trigger_target_dag.py took 0.082 seconds
[2022-05-11 06:57:35,430] {processor.py:163} INFO - Started process (PID=29082) to work on /home/airflow/.local/lib/python3.7/site-packages/airflow/example_dags/example_trigger_target_dag.py
[2022-05-11 06:57:35,431] {processor.py:642} INFO - Processing file /home/airflow/.local/lib/python3.7/site-packages/airflow/example_dags/example_trigger_target_dag.py for tasks to queue
[2022-05-11 06:57:35,432] {logging_mixin.py:109} INFO - [2022-05-11 06:57:35,432] {dagbag.py:500} INFO - Filling up the DagBag from /home/airflow/.local/lib/python3.7/site-packages/airflow/example_dags/example_trigger_target_dag.py
[2022-05-11 06:57:35,455] {processor.py:652} INFO - DAG(s) dict_keys(['example_trigger_target_dag']) retrieved from /home/airflow/.local/lib/python3.7/site-packages/airflow/example_dags/example_trigger_target_dag.py
[2022-05-11 06:57:35,480] {logging_mixin.py:109} INFO - [2022-05-11 06:57:35,480] {dag.py:2398} INFO - Sync 1 DAGs
[2022-05-11 06:57:35,494] {logging_mixin.py:109} INFO - [2022-05-11 06:57:35,494] {dag.py:2937} INFO - Setting next_dagrun for example_trigger_target_dag to None
[2022-05-11 06:57:35,509] {processor.py:171} INFO - Processing /home/airflow/.local/lib/python3.7/site-packages/airflow/example_dags/example_trigger_target_dag.py took 0.082 seconds
[2022-05-11 06:58:05,948] {processor.py:163} INFO - Started process (PID=29146) to work on /home/airflow/.local/lib/python3.7/site-packages/airflow/example_dags/example_trigger_target_dag.py
[2022-05-11 06:58:05,950] {processor.py:642} INFO - Processing file /home/airflow/.local/lib/python3.7/site-packages/airflow/example_dags/example_trigger_target_dag.py for tasks to queue
[2022-05-11 06:58:05,950] {logging_mixin.py:109} INFO - [2022-05-11 06:58:05,950] {dagbag.py:500} INFO - Filling up the DagBag from /home/airflow/.local/lib/python3.7/site-packages/airflow/example_dags/example_trigger_target_dag.py
[2022-05-11 06:58:05,966] {processor.py:652} INFO - DAG(s) dict_keys(['example_trigger_target_dag']) retrieved from /home/airflow/.local/lib/python3.7/site-packages/airflow/example_dags/example_trigger_target_dag.py
[2022-05-11 06:58:05,984] {logging_mixin.py:109} INFO - [2022-05-11 06:58:05,984] {dag.py:2398} INFO - Sync 1 DAGs
[2022-05-11 06:58:05,997] {logging_mixin.py:109} INFO - [2022-05-11 06:58:05,997] {dag.py:2937} INFO - Setting next_dagrun for example_trigger_target_dag to None
[2022-05-11 06:58:06,010] {processor.py:171} INFO - Processing /home/airflow/.local/lib/python3.7/site-packages/airflow/example_dags/example_trigger_target_dag.py took 0.064 seconds
[2022-05-11 06:58:36,192] {processor.py:163} INFO - Started process (PID=29218) to work on /home/airflow/.local/lib/python3.7/site-packages/airflow/example_dags/example_trigger_target_dag.py
[2022-05-11 06:58:36,193] {processor.py:642} INFO - Processing file /home/airflow/.local/lib/python3.7/site-packages/airflow/example_dags/example_trigger_target_dag.py for tasks to queue
[2022-05-11 06:58:36,194] {logging_mixin.py:109} INFO - [2022-05-11 06:58:36,194] {dagbag.py:500} INFO - Filling up the DagBag from /home/airflow/.local/lib/python3.7/site-packages/airflow/example_dags/example_trigger_target_dag.py
[2022-05-11 06:58:36,211] {processor.py:652} INFO - DAG(s) dict_keys(['example_trigger_target_dag']) retrieved from /home/airflow/.local/lib/python3.7/site-packages/airflow/example_dags/example_trigger_target_dag.py
[2022-05-11 06:58:36,233] {logging_mixin.py:109} INFO - [2022-05-11 06:58:36,233] {dag.py:2398} INFO - Sync 1 DAGs
[2022-05-11 06:58:36,247] {logging_mixin.py:109} INFO - [2022-05-11 06:58:36,247] {dag.py:2937} INFO - Setting next_dagrun for example_trigger_target_dag to None
[2022-05-11 06:58:36,260] {processor.py:171} INFO - Processing /home/airflow/.local/lib/python3.7/site-packages/airflow/example_dags/example_trigger_target_dag.py took 0.071 seconds
[2022-05-11 06:59:06,674] {processor.py:163} INFO - Started process (PID=29280) to work on /home/airflow/.local/lib/python3.7/site-packages/airflow/example_dags/example_trigger_target_dag.py
[2022-05-11 06:59:06,676] {processor.py:642} INFO - Processing file /home/airflow/.local/lib/python3.7/site-packages/airflow/example_dags/example_trigger_target_dag.py for tasks to queue
[2022-05-11 06:59:06,677] {logging_mixin.py:109} INFO - [2022-05-11 06:59:06,677] {dagbag.py:500} INFO - Filling up the DagBag from /home/airflow/.local/lib/python3.7/site-packages/airflow/example_dags/example_trigger_target_dag.py
[2022-05-11 06:59:06,697] {processor.py:652} INFO - DAG(s) dict_keys(['example_trigger_target_dag']) retrieved from /home/airflow/.local/lib/python3.7/site-packages/airflow/example_dags/example_trigger_target_dag.py
[2022-05-11 06:59:06,719] {logging_mixin.py:109} INFO - [2022-05-11 06:59:06,719] {dag.py:2398} INFO - Sync 1 DAGs
[2022-05-11 06:59:06,733] {logging_mixin.py:109} INFO - [2022-05-11 06:59:06,732] {dag.py:2937} INFO - Setting next_dagrun for example_trigger_target_dag to None
[2022-05-11 06:59:06,747] {processor.py:171} INFO - Processing /home/airflow/.local/lib/python3.7/site-packages/airflow/example_dags/example_trigger_target_dag.py took 0.077 seconds
[2022-05-11 06:59:37,310] {processor.py:163} INFO - Started process (PID=29353) to work on /home/airflow/.local/lib/python3.7/site-packages/airflow/example_dags/example_trigger_target_dag.py
[2022-05-11 06:59:37,312] {processor.py:642} INFO - Processing file /home/airflow/.local/lib/python3.7/site-packages/airflow/example_dags/example_trigger_target_dag.py for tasks to queue
[2022-05-11 06:59:37,313] {logging_mixin.py:109} INFO - [2022-05-11 06:59:37,313] {dagbag.py:500} INFO - Filling up the DagBag from /home/airflow/.local/lib/python3.7/site-packages/airflow/example_dags/example_trigger_target_dag.py
[2022-05-11 06:59:37,330] {processor.py:652} INFO - DAG(s) dict_keys(['example_trigger_target_dag']) retrieved from /home/airflow/.local/lib/python3.7/site-packages/airflow/example_dags/example_trigger_target_dag.py
[2022-05-11 06:59:37,351] {logging_mixin.py:109} INFO - [2022-05-11 06:59:37,351] {dag.py:2398} INFO - Sync 1 DAGs
[2022-05-11 06:59:37,369] {logging_mixin.py:109} INFO - [2022-05-11 06:59:37,369] {dag.py:2937} INFO - Setting next_dagrun for example_trigger_target_dag to None
[2022-05-11 06:59:37,384] {processor.py:171} INFO - Processing /home/airflow/.local/lib/python3.7/site-packages/airflow/example_dags/example_trigger_target_dag.py took 0.078 seconds
[2022-05-11 07:00:08,177] {processor.py:163} INFO - Started process (PID=29417) to work on /home/airflow/.local/lib/python3.7/site-packages/airflow/example_dags/example_trigger_target_dag.py
[2022-05-11 07:00:08,178] {processor.py:642} INFO - Processing file /home/airflow/.local/lib/python3.7/site-packages/airflow/example_dags/example_trigger_target_dag.py for tasks to queue
[2022-05-11 07:00:08,179] {logging_mixin.py:109} INFO - [2022-05-11 07:00:08,179] {dagbag.py:500} INFO - Filling up the DagBag from /home/airflow/.local/lib/python3.7/site-packages/airflow/example_dags/example_trigger_target_dag.py
[2022-05-11 07:00:08,196] {processor.py:652} INFO - DAG(s) dict_keys(['example_trigger_target_dag']) retrieved from /home/airflow/.local/lib/python3.7/site-packages/airflow/example_dags/example_trigger_target_dag.py
[2022-05-11 07:00:08,216] {logging_mixin.py:109} INFO - [2022-05-11 07:00:08,216] {dag.py:2398} INFO - Sync 1 DAGs
[2022-05-11 07:00:08,233] {logging_mixin.py:109} INFO - [2022-05-11 07:00:08,233] {dag.py:2937} INFO - Setting next_dagrun for example_trigger_target_dag to None
[2022-05-11 07:00:08,248] {processor.py:171} INFO - Processing /home/airflow/.local/lib/python3.7/site-packages/airflow/example_dags/example_trigger_target_dag.py took 0.076 seconds
[2022-05-11 07:00:38,583] {processor.py:163} INFO - Started process (PID=29491) to work on /home/airflow/.local/lib/python3.7/site-packages/airflow/example_dags/example_trigger_target_dag.py
[2022-05-11 07:00:38,585] {processor.py:642} INFO - Processing file /home/airflow/.local/lib/python3.7/site-packages/airflow/example_dags/example_trigger_target_dag.py for tasks to queue
[2022-05-11 07:00:38,586] {logging_mixin.py:109} INFO - [2022-05-11 07:00:38,586] {dagbag.py:500} INFO - Filling up the DagBag from /home/airflow/.local/lib/python3.7/site-packages/airflow/example_dags/example_trigger_target_dag.py
[2022-05-11 07:00:38,602] {processor.py:652} INFO - DAG(s) dict_keys(['example_trigger_target_dag']) retrieved from /home/airflow/.local/lib/python3.7/site-packages/airflow/example_dags/example_trigger_target_dag.py
[2022-05-11 07:00:38,623] {logging_mixin.py:109} INFO - [2022-05-11 07:00:38,622] {dag.py:2398} INFO - Sync 1 DAGs
[2022-05-11 07:00:38,638] {logging_mixin.py:109} INFO - [2022-05-11 07:00:38,638] {dag.py:2937} INFO - Setting next_dagrun for example_trigger_target_dag to None
[2022-05-11 07:00:38,650] {processor.py:171} INFO - Processing /home/airflow/.local/lib/python3.7/site-packages/airflow/example_dags/example_trigger_target_dag.py took 0.070 seconds
[2022-05-11 07:01:09,119] {processor.py:163} INFO - Started process (PID=29561) to work on /home/airflow/.local/lib/python3.7/site-packages/airflow/example_dags/example_trigger_target_dag.py
[2022-05-11 07:01:09,121] {processor.py:642} INFO - Processing file /home/airflow/.local/lib/python3.7/site-packages/airflow/example_dags/example_trigger_target_dag.py for tasks to queue
[2022-05-11 07:01:09,122] {logging_mixin.py:109} INFO - [2022-05-11 07:01:09,122] {dagbag.py:500} INFO - Filling up the DagBag from /home/airflow/.local/lib/python3.7/site-packages/airflow/example_dags/example_trigger_target_dag.py
[2022-05-11 07:01:09,145] {processor.py:652} INFO - DAG(s) dict_keys(['example_trigger_target_dag']) retrieved from /home/airflow/.local/lib/python3.7/site-packages/airflow/example_dags/example_trigger_target_dag.py
[2022-05-11 07:01:09,168] {logging_mixin.py:109} INFO - [2022-05-11 07:01:09,168] {dag.py:2398} INFO - Sync 1 DAGs
[2022-05-11 07:01:09,185] {logging_mixin.py:109} INFO - [2022-05-11 07:01:09,184] {dag.py:2937} INFO - Setting next_dagrun for example_trigger_target_dag to None
[2022-05-11 07:01:09,201] {processor.py:171} INFO - Processing /home/airflow/.local/lib/python3.7/site-packages/airflow/example_dags/example_trigger_target_dag.py took 0.086 seconds
[2022-05-11 07:01:39,651] {processor.py:163} INFO - Started process (PID=29627) to work on /home/airflow/.local/lib/python3.7/site-packages/airflow/example_dags/example_trigger_target_dag.py
[2022-05-11 07:01:39,653] {processor.py:642} INFO - Processing file /home/airflow/.local/lib/python3.7/site-packages/airflow/example_dags/example_trigger_target_dag.py for tasks to queue
[2022-05-11 07:01:39,654] {logging_mixin.py:109} INFO - [2022-05-11 07:01:39,654] {dagbag.py:500} INFO - Filling up the DagBag from /home/airflow/.local/lib/python3.7/site-packages/airflow/example_dags/example_trigger_target_dag.py
[2022-05-11 07:01:39,670] {processor.py:652} INFO - DAG(s) dict_keys(['example_trigger_target_dag']) retrieved from /home/airflow/.local/lib/python3.7/site-packages/airflow/example_dags/example_trigger_target_dag.py
[2022-05-11 07:01:39,695] {logging_mixin.py:109} INFO - [2022-05-11 07:01:39,695] {dag.py:2398} INFO - Sync 1 DAGs
[2022-05-11 07:01:39,709] {logging_mixin.py:109} INFO - [2022-05-11 07:01:39,709] {dag.py:2937} INFO - Setting next_dagrun for example_trigger_target_dag to None
[2022-05-11 07:01:39,726] {processor.py:171} INFO - Processing /home/airflow/.local/lib/python3.7/site-packages/airflow/example_dags/example_trigger_target_dag.py took 0.078 seconds
[2022-05-11 07:02:09,994] {processor.py:163} INFO - Started process (PID=29700) to work on /home/airflow/.local/lib/python3.7/site-packages/airflow/example_dags/example_trigger_target_dag.py
[2022-05-11 07:02:09,995] {processor.py:642} INFO - Processing file /home/airflow/.local/lib/python3.7/site-packages/airflow/example_dags/example_trigger_target_dag.py for tasks to queue
[2022-05-11 07:02:09,996] {logging_mixin.py:109} INFO - [2022-05-11 07:02:09,996] {dagbag.py:500} INFO - Filling up the DagBag from /home/airflow/.local/lib/python3.7/site-packages/airflow/example_dags/example_trigger_target_dag.py
[2022-05-11 07:02:10,022] {processor.py:652} INFO - DAG(s) dict_keys(['example_trigger_target_dag']) retrieved from /home/airflow/.local/lib/python3.7/site-packages/airflow/example_dags/example_trigger_target_dag.py
[2022-05-11 07:02:10,047] {logging_mixin.py:109} INFO - [2022-05-11 07:02:10,047] {dag.py:2398} INFO - Sync 1 DAGs
[2022-05-11 07:02:10,066] {logging_mixin.py:109} INFO - [2022-05-11 07:02:10,066] {dag.py:2937} INFO - Setting next_dagrun for example_trigger_target_dag to None
[2022-05-11 07:02:10,079] {processor.py:171} INFO - Processing /home/airflow/.local/lib/python3.7/site-packages/airflow/example_dags/example_trigger_target_dag.py took 0.091 seconds
[2022-05-11 07:02:40,680] {processor.py:163} INFO - Started process (PID=29764) to work on /home/airflow/.local/lib/python3.7/site-packages/airflow/example_dags/example_trigger_target_dag.py
[2022-05-11 07:02:40,682] {processor.py:642} INFO - Processing file /home/airflow/.local/lib/python3.7/site-packages/airflow/example_dags/example_trigger_target_dag.py for tasks to queue
[2022-05-11 07:02:40,683] {logging_mixin.py:109} INFO - [2022-05-11 07:02:40,683] {dagbag.py:500} INFO - Filling up the DagBag from /home/airflow/.local/lib/python3.7/site-packages/airflow/example_dags/example_trigger_target_dag.py
[2022-05-11 07:02:40,703] {processor.py:652} INFO - DAG(s) dict_keys(['example_trigger_target_dag']) retrieved from /home/airflow/.local/lib/python3.7/site-packages/airflow/example_dags/example_trigger_target_dag.py
[2022-05-11 07:02:40,727] {logging_mixin.py:109} INFO - [2022-05-11 07:02:40,727] {dag.py:2398} INFO - Sync 1 DAGs
[2022-05-11 07:02:40,745] {logging_mixin.py:109} INFO - [2022-05-11 07:02:40,745] {dag.py:2937} INFO - Setting next_dagrun for example_trigger_target_dag to None
[2022-05-11 07:02:40,759] {processor.py:171} INFO - Processing /home/airflow/.local/lib/python3.7/site-packages/airflow/example_dags/example_trigger_target_dag.py took 0.083 seconds
[2022-05-11 07:03:11,085] {processor.py:163} INFO - Started process (PID=29836) to work on /home/airflow/.local/lib/python3.7/site-packages/airflow/example_dags/example_trigger_target_dag.py
[2022-05-11 07:03:11,086] {processor.py:642} INFO - Processing file /home/airflow/.local/lib/python3.7/site-packages/airflow/example_dags/example_trigger_target_dag.py for tasks to queue
[2022-05-11 07:03:11,087] {logging_mixin.py:109} INFO - [2022-05-11 07:03:11,087] {dagbag.py:500} INFO - Filling up the DagBag from /home/airflow/.local/lib/python3.7/site-packages/airflow/example_dags/example_trigger_target_dag.py
[2022-05-11 07:03:11,104] {processor.py:652} INFO - DAG(s) dict_keys(['example_trigger_target_dag']) retrieved from /home/airflow/.local/lib/python3.7/site-packages/airflow/example_dags/example_trigger_target_dag.py
[2022-05-11 07:03:11,127] {logging_mixin.py:109} INFO - [2022-05-11 07:03:11,127] {dag.py:2398} INFO - Sync 1 DAGs
[2022-05-11 07:03:11,143] {logging_mixin.py:109} INFO - [2022-05-11 07:03:11,142] {dag.py:2937} INFO - Setting next_dagrun for example_trigger_target_dag to None
[2022-05-11 07:03:11,159] {processor.py:171} INFO - Processing /home/airflow/.local/lib/python3.7/site-packages/airflow/example_dags/example_trigger_target_dag.py took 0.077 seconds
[2022-05-11 07:03:41,989] {processor.py:163} INFO - Started process (PID=29898) to work on /home/airflow/.local/lib/python3.7/site-packages/airflow/example_dags/example_trigger_target_dag.py
[2022-05-11 07:03:41,991] {processor.py:642} INFO - Processing file /home/airflow/.local/lib/python3.7/site-packages/airflow/example_dags/example_trigger_target_dag.py for tasks to queue
[2022-05-11 07:03:41,993] {logging_mixin.py:109} INFO - [2022-05-11 07:03:41,992] {dagbag.py:500} INFO - Filling up the DagBag from /home/airflow/.local/lib/python3.7/site-packages/airflow/example_dags/example_trigger_target_dag.py
[2022-05-11 07:03:42,023] {processor.py:652} INFO - DAG(s) dict_keys(['example_trigger_target_dag']) retrieved from /home/airflow/.local/lib/python3.7/site-packages/airflow/example_dags/example_trigger_target_dag.py
[2022-05-11 07:03:42,046] {logging_mixin.py:109} INFO - [2022-05-11 07:03:42,046] {dag.py:2398} INFO - Sync 1 DAGs
[2022-05-11 07:03:42,061] {logging_mixin.py:109} INFO - [2022-05-11 07:03:42,061] {dag.py:2937} INFO - Setting next_dagrun for example_trigger_target_dag to None
[2022-05-11 07:03:42,076] {processor.py:171} INFO - Processing /home/airflow/.local/lib/python3.7/site-packages/airflow/example_dags/example_trigger_target_dag.py took 0.091 seconds
[2022-05-11 07:04:12,506] {processor.py:163} INFO - Started process (PID=29971) to work on /home/airflow/.local/lib/python3.7/site-packages/airflow/example_dags/example_trigger_target_dag.py
[2022-05-11 07:04:12,508] {processor.py:642} INFO - Processing file /home/airflow/.local/lib/python3.7/site-packages/airflow/example_dags/example_trigger_target_dag.py for tasks to queue
[2022-05-11 07:04:12,509] {logging_mixin.py:109} INFO - [2022-05-11 07:04:12,509] {dagbag.py:500} INFO - Filling up the DagBag from /home/airflow/.local/lib/python3.7/site-packages/airflow/example_dags/example_trigger_target_dag.py
[2022-05-11 07:04:12,535] {processor.py:652} INFO - DAG(s) dict_keys(['example_trigger_target_dag']) retrieved from /home/airflow/.local/lib/python3.7/site-packages/airflow/example_dags/example_trigger_target_dag.py
[2022-05-11 07:04:12,558] {logging_mixin.py:109} INFO - [2022-05-11 07:04:12,558] {dag.py:2398} INFO - Sync 1 DAGs
[2022-05-11 07:04:12,574] {logging_mixin.py:109} INFO - [2022-05-11 07:04:12,574] {dag.py:2937} INFO - Setting next_dagrun for example_trigger_target_dag to None
[2022-05-11 07:04:12,586] {processor.py:171} INFO - Processing /home/airflow/.local/lib/python3.7/site-packages/airflow/example_dags/example_trigger_target_dag.py took 0.083 seconds
[2022-05-11 07:04:42,973] {processor.py:163} INFO - Started process (PID=30034) to work on /home/airflow/.local/lib/python3.7/site-packages/airflow/example_dags/example_trigger_target_dag.py
[2022-05-11 07:04:42,975] {processor.py:642} INFO - Processing file /home/airflow/.local/lib/python3.7/site-packages/airflow/example_dags/example_trigger_target_dag.py for tasks to queue
[2022-05-11 07:04:42,976] {logging_mixin.py:109} INFO - [2022-05-11 07:04:42,976] {dagbag.py:500} INFO - Filling up the DagBag from /home/airflow/.local/lib/python3.7/site-packages/airflow/example_dags/example_trigger_target_dag.py
[2022-05-11 07:04:42,997] {processor.py:652} INFO - DAG(s) dict_keys(['example_trigger_target_dag']) retrieved from /home/airflow/.local/lib/python3.7/site-packages/airflow/example_dags/example_trigger_target_dag.py
[2022-05-11 07:04:43,022] {logging_mixin.py:109} INFO - [2022-05-11 07:04:43,022] {dag.py:2398} INFO - Sync 1 DAGs
[2022-05-11 07:04:43,042] {logging_mixin.py:109} INFO - [2022-05-11 07:04:43,042] {dag.py:2937} INFO - Setting next_dagrun for example_trigger_target_dag to None
[2022-05-11 07:04:43,059] {processor.py:171} INFO - Processing /home/airflow/.local/lib/python3.7/site-packages/airflow/example_dags/example_trigger_target_dag.py took 0.090 seconds
[2022-05-11 07:05:13,472] {processor.py:163} INFO - Started process (PID=30108) to work on /home/airflow/.local/lib/python3.7/site-packages/airflow/example_dags/example_trigger_target_dag.py
[2022-05-11 07:05:13,475] {processor.py:642} INFO - Processing file /home/airflow/.local/lib/python3.7/site-packages/airflow/example_dags/example_trigger_target_dag.py for tasks to queue
[2022-05-11 07:05:13,476] {logging_mixin.py:109} INFO - [2022-05-11 07:05:13,476] {dagbag.py:500} INFO - Filling up the DagBag from /home/airflow/.local/lib/python3.7/site-packages/airflow/example_dags/example_trigger_target_dag.py
[2022-05-11 07:05:13,496] {processor.py:652} INFO - DAG(s) dict_keys(['example_trigger_target_dag']) retrieved from /home/airflow/.local/lib/python3.7/site-packages/airflow/example_dags/example_trigger_target_dag.py
[2022-05-11 07:05:13,514] {logging_mixin.py:109} INFO - [2022-05-11 07:05:13,514] {dag.py:2398} INFO - Sync 1 DAGs
[2022-05-11 07:05:13,527] {logging_mixin.py:109} INFO - [2022-05-11 07:05:13,527] {dag.py:2937} INFO - Setting next_dagrun for example_trigger_target_dag to None
[2022-05-11 07:05:13,540] {processor.py:171} INFO - Processing /home/airflow/.local/lib/python3.7/site-packages/airflow/example_dags/example_trigger_target_dag.py took 0.072 seconds
[2022-05-11 07:05:44,099] {processor.py:163} INFO - Started process (PID=30172) to work on /home/airflow/.local/lib/python3.7/site-packages/airflow/example_dags/example_trigger_target_dag.py
[2022-05-11 07:05:44,101] {processor.py:642} INFO - Processing file /home/airflow/.local/lib/python3.7/site-packages/airflow/example_dags/example_trigger_target_dag.py for tasks to queue
[2022-05-11 07:05:44,102] {logging_mixin.py:109} INFO - [2022-05-11 07:05:44,102] {dagbag.py:500} INFO - Filling up the DagBag from /home/airflow/.local/lib/python3.7/site-packages/airflow/example_dags/example_trigger_target_dag.py
[2022-05-11 07:05:44,121] {processor.py:652} INFO - DAG(s) dict_keys(['example_trigger_target_dag']) retrieved from /home/airflow/.local/lib/python3.7/site-packages/airflow/example_dags/example_trigger_target_dag.py
[2022-05-11 07:05:44,149] {logging_mixin.py:109} INFO - [2022-05-11 07:05:44,148] {dag.py:2398} INFO - Sync 1 DAGs
[2022-05-11 07:05:44,166] {logging_mixin.py:109} INFO - [2022-05-11 07:05:44,166] {dag.py:2937} INFO - Setting next_dagrun for example_trigger_target_dag to None
[2022-05-11 07:05:44,181] {processor.py:171} INFO - Processing /home/airflow/.local/lib/python3.7/site-packages/airflow/example_dags/example_trigger_target_dag.py took 0.086 seconds
[2022-05-11 07:06:14,409] {processor.py:163} INFO - Started process (PID=30244) to work on /home/airflow/.local/lib/python3.7/site-packages/airflow/example_dags/example_trigger_target_dag.py
[2022-05-11 07:06:14,410] {processor.py:642} INFO - Processing file /home/airflow/.local/lib/python3.7/site-packages/airflow/example_dags/example_trigger_target_dag.py for tasks to queue
[2022-05-11 07:06:14,411] {logging_mixin.py:109} INFO - [2022-05-11 07:06:14,411] {dagbag.py:500} INFO - Filling up the DagBag from /home/airflow/.local/lib/python3.7/site-packages/airflow/example_dags/example_trigger_target_dag.py
[2022-05-11 07:06:14,427] {processor.py:652} INFO - DAG(s) dict_keys(['example_trigger_target_dag']) retrieved from /home/airflow/.local/lib/python3.7/site-packages/airflow/example_dags/example_trigger_target_dag.py
[2022-05-11 07:06:14,445] {logging_mixin.py:109} INFO - [2022-05-11 07:06:14,445] {dag.py:2398} INFO - Sync 1 DAGs
[2022-05-11 07:06:14,458] {logging_mixin.py:109} INFO - [2022-05-11 07:06:14,458] {dag.py:2937} INFO - Setting next_dagrun for example_trigger_target_dag to None
[2022-05-11 07:06:14,472] {processor.py:171} INFO - Processing /home/airflow/.local/lib/python3.7/site-packages/airflow/example_dags/example_trigger_target_dag.py took 0.066 seconds
[2022-05-11 07:06:44,851] {processor.py:163} INFO - Started process (PID=30315) to work on /home/airflow/.local/lib/python3.7/site-packages/airflow/example_dags/example_trigger_target_dag.py
[2022-05-11 07:06:44,853] {processor.py:642} INFO - Processing file /home/airflow/.local/lib/python3.7/site-packages/airflow/example_dags/example_trigger_target_dag.py for tasks to queue
[2022-05-11 07:06:44,854] {logging_mixin.py:109} INFO - [2022-05-11 07:06:44,854] {dagbag.py:500} INFO - Filling up the DagBag from /home/airflow/.local/lib/python3.7/site-packages/airflow/example_dags/example_trigger_target_dag.py
[2022-05-11 07:06:44,879] {processor.py:652} INFO - DAG(s) dict_keys(['example_trigger_target_dag']) retrieved from /home/airflow/.local/lib/python3.7/site-packages/airflow/example_dags/example_trigger_target_dag.py
[2022-05-11 07:06:44,969] {logging_mixin.py:109} INFO - [2022-05-11 07:06:44,969] {dag.py:2398} INFO - Sync 1 DAGs
[2022-05-11 07:06:44,992] {logging_mixin.py:109} INFO - [2022-05-11 07:06:44,992] {dag.py:2937} INFO - Setting next_dagrun for example_trigger_target_dag to None
[2022-05-11 07:06:45,007] {processor.py:171} INFO - Processing /home/airflow/.local/lib/python3.7/site-packages/airflow/example_dags/example_trigger_target_dag.py took 0.160 seconds
[2022-05-11 07:07:15,784] {processor.py:163} INFO - Started process (PID=30377) to work on /home/airflow/.local/lib/python3.7/site-packages/airflow/example_dags/example_trigger_target_dag.py
[2022-05-11 07:07:15,786] {processor.py:642} INFO - Processing file /home/airflow/.local/lib/python3.7/site-packages/airflow/example_dags/example_trigger_target_dag.py for tasks to queue
[2022-05-11 07:07:15,787] {logging_mixin.py:109} INFO - [2022-05-11 07:07:15,787] {dagbag.py:500} INFO - Filling up the DagBag from /home/airflow/.local/lib/python3.7/site-packages/airflow/example_dags/example_trigger_target_dag.py
[2022-05-11 07:07:15,807] {processor.py:652} INFO - DAG(s) dict_keys(['example_trigger_target_dag']) retrieved from /home/airflow/.local/lib/python3.7/site-packages/airflow/example_dags/example_trigger_target_dag.py
[2022-05-11 07:07:15,826] {logging_mixin.py:109} INFO - [2022-05-11 07:07:15,826] {dag.py:2398} INFO - Sync 1 DAGs
[2022-05-11 07:07:15,843] {logging_mixin.py:109} INFO - [2022-05-11 07:07:15,843] {dag.py:2937} INFO - Setting next_dagrun for example_trigger_target_dag to None
[2022-05-11 07:07:15,854] {processor.py:171} INFO - Processing /home/airflow/.local/lib/python3.7/site-packages/airflow/example_dags/example_trigger_target_dag.py took 0.073 seconds
[2022-05-11 07:07:46,495] {processor.py:163} INFO - Started process (PID=30450) to work on /home/airflow/.local/lib/python3.7/site-packages/airflow/example_dags/example_trigger_target_dag.py
[2022-05-11 07:07:46,497] {processor.py:642} INFO - Processing file /home/airflow/.local/lib/python3.7/site-packages/airflow/example_dags/example_trigger_target_dag.py for tasks to queue
[2022-05-11 07:07:46,498] {logging_mixin.py:109} INFO - [2022-05-11 07:07:46,498] {dagbag.py:500} INFO - Filling up the DagBag from /home/airflow/.local/lib/python3.7/site-packages/airflow/example_dags/example_trigger_target_dag.py
[2022-05-11 07:07:46,516] {processor.py:652} INFO - DAG(s) dict_keys(['example_trigger_target_dag']) retrieved from /home/airflow/.local/lib/python3.7/site-packages/airflow/example_dags/example_trigger_target_dag.py
[2022-05-11 07:07:46,536] {logging_mixin.py:109} INFO - [2022-05-11 07:07:46,536] {dag.py:2398} INFO - Sync 1 DAGs
[2022-05-11 07:07:46,551] {logging_mixin.py:109} INFO - [2022-05-11 07:07:46,551] {dag.py:2937} INFO - Setting next_dagrun for example_trigger_target_dag to None
[2022-05-11 07:07:46,565] {processor.py:171} INFO - Processing /home/airflow/.local/lib/python3.7/site-packages/airflow/example_dags/example_trigger_target_dag.py took 0.074 seconds
[2022-05-11 07:08:16,897] {processor.py:163} INFO - Started process (PID=30512) to work on /home/airflow/.local/lib/python3.7/site-packages/airflow/example_dags/example_trigger_target_dag.py
[2022-05-11 07:08:16,898] {processor.py:642} INFO - Processing file /home/airflow/.local/lib/python3.7/site-packages/airflow/example_dags/example_trigger_target_dag.py for tasks to queue
[2022-05-11 07:08:16,899] {logging_mixin.py:109} INFO - [2022-05-11 07:08:16,899] {dagbag.py:500} INFO - Filling up the DagBag from /home/airflow/.local/lib/python3.7/site-packages/airflow/example_dags/example_trigger_target_dag.py
[2022-05-11 07:08:16,918] {processor.py:652} INFO - DAG(s) dict_keys(['example_trigger_target_dag']) retrieved from /home/airflow/.local/lib/python3.7/site-packages/airflow/example_dags/example_trigger_target_dag.py
[2022-05-11 07:08:16,942] {logging_mixin.py:109} INFO - [2022-05-11 07:08:16,942] {dag.py:2398} INFO - Sync 1 DAGs
[2022-05-11 07:08:16,960] {logging_mixin.py:109} INFO - [2022-05-11 07:08:16,959] {dag.py:2937} INFO - Setting next_dagrun for example_trigger_target_dag to None
[2022-05-11 07:08:16,977] {processor.py:171} INFO - Processing /home/airflow/.local/lib/python3.7/site-packages/airflow/example_dags/example_trigger_target_dag.py took 0.083 seconds
[2022-05-11 07:08:47,364] {processor.py:163} INFO - Started process (PID=30584) to work on /home/airflow/.local/lib/python3.7/site-packages/airflow/example_dags/example_trigger_target_dag.py
[2022-05-11 07:08:47,366] {processor.py:642} INFO - Processing file /home/airflow/.local/lib/python3.7/site-packages/airflow/example_dags/example_trigger_target_dag.py for tasks to queue
[2022-05-11 07:08:47,367] {logging_mixin.py:109} INFO - [2022-05-11 07:08:47,367] {dagbag.py:500} INFO - Filling up the DagBag from /home/airflow/.local/lib/python3.7/site-packages/airflow/example_dags/example_trigger_target_dag.py
[2022-05-11 07:08:47,386] {processor.py:652} INFO - DAG(s) dict_keys(['example_trigger_target_dag']) retrieved from /home/airflow/.local/lib/python3.7/site-packages/airflow/example_dags/example_trigger_target_dag.py
[2022-05-11 07:08:47,404] {logging_mixin.py:109} INFO - [2022-05-11 07:08:47,404] {dag.py:2398} INFO - Sync 1 DAGs
[2022-05-11 07:08:47,418] {logging_mixin.py:109} INFO - [2022-05-11 07:08:47,418] {dag.py:2937} INFO - Setting next_dagrun for example_trigger_target_dag to None
[2022-05-11 07:08:47,431] {processor.py:171} INFO - Processing /home/airflow/.local/lib/python3.7/site-packages/airflow/example_dags/example_trigger_target_dag.py took 0.070 seconds
[2022-05-11 07:09:18,068] {processor.py:163} INFO - Started process (PID=30647) to work on /home/airflow/.local/lib/python3.7/site-packages/airflow/example_dags/example_trigger_target_dag.py
[2022-05-11 07:09:18,070] {processor.py:642} INFO - Processing file /home/airflow/.local/lib/python3.7/site-packages/airflow/example_dags/example_trigger_target_dag.py for tasks to queue
[2022-05-11 07:09:18,071] {logging_mixin.py:109} INFO - [2022-05-11 07:09:18,071] {dagbag.py:500} INFO - Filling up the DagBag from /home/airflow/.local/lib/python3.7/site-packages/airflow/example_dags/example_trigger_target_dag.py
[2022-05-11 07:09:18,091] {processor.py:652} INFO - DAG(s) dict_keys(['example_trigger_target_dag']) retrieved from /home/airflow/.local/lib/python3.7/site-packages/airflow/example_dags/example_trigger_target_dag.py
[2022-05-11 07:09:18,114] {logging_mixin.py:109} INFO - [2022-05-11 07:09:18,113] {dag.py:2398} INFO - Sync 1 DAGs
[2022-05-11 07:09:18,129] {logging_mixin.py:109} INFO - [2022-05-11 07:09:18,129] {dag.py:2937} INFO - Setting next_dagrun for example_trigger_target_dag to None
[2022-05-11 07:09:18,142] {processor.py:171} INFO - Processing /home/airflow/.local/lib/python3.7/site-packages/airflow/example_dags/example_trigger_target_dag.py took 0.077 seconds
[2022-05-11 07:09:48,508] {processor.py:163} INFO - Started process (PID=30718) to work on /home/airflow/.local/lib/python3.7/site-packages/airflow/example_dags/example_trigger_target_dag.py
[2022-05-11 07:09:48,510] {processor.py:642} INFO - Processing file /home/airflow/.local/lib/python3.7/site-packages/airflow/example_dags/example_trigger_target_dag.py for tasks to queue
[2022-05-11 07:09:48,511] {logging_mixin.py:109} INFO - [2022-05-11 07:09:48,511] {dagbag.py:500} INFO - Filling up the DagBag from /home/airflow/.local/lib/python3.7/site-packages/airflow/example_dags/example_trigger_target_dag.py
[2022-05-11 07:09:48,534] {processor.py:652} INFO - DAG(s) dict_keys(['example_trigger_target_dag']) retrieved from /home/airflow/.local/lib/python3.7/site-packages/airflow/example_dags/example_trigger_target_dag.py
[2022-05-11 07:09:48,560] {logging_mixin.py:109} INFO - [2022-05-11 07:09:48,560] {dag.py:2398} INFO - Sync 1 DAGs
[2022-05-11 07:09:48,575] {logging_mixin.py:109} INFO - [2022-05-11 07:09:48,575] {dag.py:2937} INFO - Setting next_dagrun for example_trigger_target_dag to None
[2022-05-11 07:09:48,593] {processor.py:171} INFO - Processing /home/airflow/.local/lib/python3.7/site-packages/airflow/example_dags/example_trigger_target_dag.py took 0.088 seconds
[2022-05-11 07:10:19,157] {processor.py:163} INFO - Started process (PID=30790) to work on /home/airflow/.local/lib/python3.7/site-packages/airflow/example_dags/example_trigger_target_dag.py
[2022-05-11 07:10:19,159] {processor.py:642} INFO - Processing file /home/airflow/.local/lib/python3.7/site-packages/airflow/example_dags/example_trigger_target_dag.py for tasks to queue
[2022-05-11 07:10:19,160] {logging_mixin.py:109} INFO - [2022-05-11 07:10:19,159] {dagbag.py:500} INFO - Filling up the DagBag from /home/airflow/.local/lib/python3.7/site-packages/airflow/example_dags/example_trigger_target_dag.py
[2022-05-11 07:10:19,181] {processor.py:652} INFO - DAG(s) dict_keys(['example_trigger_target_dag']) retrieved from /home/airflow/.local/lib/python3.7/site-packages/airflow/example_dags/example_trigger_target_dag.py
[2022-05-11 07:10:19,203] {logging_mixin.py:109} INFO - [2022-05-11 07:10:19,203] {dag.py:2398} INFO - Sync 1 DAGs
[2022-05-11 07:10:19,219] {logging_mixin.py:109} INFO - [2022-05-11 07:10:19,219] {dag.py:2937} INFO - Setting next_dagrun for example_trigger_target_dag to None
[2022-05-11 07:10:19,234] {processor.py:171} INFO - Processing /home/airflow/.local/lib/python3.7/site-packages/airflow/example_dags/example_trigger_target_dag.py took 0.081 seconds
[2022-05-11 07:10:49,871] {processor.py:163} INFO - Started process (PID=30854) to work on /home/airflow/.local/lib/python3.7/site-packages/airflow/example_dags/example_trigger_target_dag.py
[2022-05-11 07:10:49,873] {processor.py:642} INFO - Processing file /home/airflow/.local/lib/python3.7/site-packages/airflow/example_dags/example_trigger_target_dag.py for tasks to queue
[2022-05-11 07:10:49,874] {logging_mixin.py:109} INFO - [2022-05-11 07:10:49,874] {dagbag.py:500} INFO - Filling up the DagBag from /home/airflow/.local/lib/python3.7/site-packages/airflow/example_dags/example_trigger_target_dag.py
[2022-05-11 07:10:49,893] {processor.py:652} INFO - DAG(s) dict_keys(['example_trigger_target_dag']) retrieved from /home/airflow/.local/lib/python3.7/site-packages/airflow/example_dags/example_trigger_target_dag.py
[2022-05-11 07:10:49,912] {logging_mixin.py:109} INFO - [2022-05-11 07:10:49,912] {dag.py:2398} INFO - Sync 1 DAGs
[2022-05-11 07:10:49,926] {logging_mixin.py:109} INFO - [2022-05-11 07:10:49,926] {dag.py:2937} INFO - Setting next_dagrun for example_trigger_target_dag to None
[2022-05-11 07:10:49,939] {processor.py:171} INFO - Processing /home/airflow/.local/lib/python3.7/site-packages/airflow/example_dags/example_trigger_target_dag.py took 0.070 seconds
[2022-05-11 07:11:20,603] {processor.py:163} INFO - Started process (PID=30926) to work on /home/airflow/.local/lib/python3.7/site-packages/airflow/example_dags/example_trigger_target_dag.py
[2022-05-11 07:11:20,604] {processor.py:642} INFO - Processing file /home/airflow/.local/lib/python3.7/site-packages/airflow/example_dags/example_trigger_target_dag.py for tasks to queue
[2022-05-11 07:11:20,606] {logging_mixin.py:109} INFO - [2022-05-11 07:11:20,605] {dagbag.py:500} INFO - Filling up the DagBag from /home/airflow/.local/lib/python3.7/site-packages/airflow/example_dags/example_trigger_target_dag.py
[2022-05-11 07:11:20,633] {processor.py:652} INFO - DAG(s) dict_keys(['example_trigger_target_dag']) retrieved from /home/airflow/.local/lib/python3.7/site-packages/airflow/example_dags/example_trigger_target_dag.py
[2022-05-11 07:11:20,660] {logging_mixin.py:109} INFO - [2022-05-11 07:11:20,660] {dag.py:2398} INFO - Sync 1 DAGs
[2022-05-11 07:11:20,680] {logging_mixin.py:109} INFO - [2022-05-11 07:11:20,680] {dag.py:2937} INFO - Setting next_dagrun for example_trigger_target_dag to None
[2022-05-11 07:11:20,696] {processor.py:171} INFO - Processing /home/airflow/.local/lib/python3.7/site-packages/airflow/example_dags/example_trigger_target_dag.py took 0.098 seconds
[2022-05-11 07:11:51,263] {processor.py:163} INFO - Started process (PID=30990) to work on /home/airflow/.local/lib/python3.7/site-packages/airflow/example_dags/example_trigger_target_dag.py
[2022-05-11 07:11:51,264] {processor.py:642} INFO - Processing file /home/airflow/.local/lib/python3.7/site-packages/airflow/example_dags/example_trigger_target_dag.py for tasks to queue
[2022-05-11 07:11:51,265] {logging_mixin.py:109} INFO - [2022-05-11 07:11:51,265] {dagbag.py:500} INFO - Filling up the DagBag from /home/airflow/.local/lib/python3.7/site-packages/airflow/example_dags/example_trigger_target_dag.py
[2022-05-11 07:11:51,282] {processor.py:652} INFO - DAG(s) dict_keys(['example_trigger_target_dag']) retrieved from /home/airflow/.local/lib/python3.7/site-packages/airflow/example_dags/example_trigger_target_dag.py
[2022-05-11 07:11:51,303] {logging_mixin.py:109} INFO - [2022-05-11 07:11:51,303] {dag.py:2398} INFO - Sync 1 DAGs
[2022-05-11 07:11:51,318] {logging_mixin.py:109} INFO - [2022-05-11 07:11:51,317] {dag.py:2937} INFO - Setting next_dagrun for example_trigger_target_dag to None
[2022-05-11 07:11:51,333] {processor.py:171} INFO - Processing /home/airflow/.local/lib/python3.7/site-packages/airflow/example_dags/example_trigger_target_dag.py took 0.073 seconds
[2022-05-11 07:12:21,984] {processor.py:163} INFO - Started process (PID=31063) to work on /home/airflow/.local/lib/python3.7/site-packages/airflow/example_dags/example_trigger_target_dag.py
[2022-05-11 07:12:21,986] {processor.py:642} INFO - Processing file /home/airflow/.local/lib/python3.7/site-packages/airflow/example_dags/example_trigger_target_dag.py for tasks to queue
[2022-05-11 07:12:21,987] {logging_mixin.py:109} INFO - [2022-05-11 07:12:21,987] {dagbag.py:500} INFO - Filling up the DagBag from /home/airflow/.local/lib/python3.7/site-packages/airflow/example_dags/example_trigger_target_dag.py
[2022-05-11 07:12:22,011] {processor.py:652} INFO - DAG(s) dict_keys(['example_trigger_target_dag']) retrieved from /home/airflow/.local/lib/python3.7/site-packages/airflow/example_dags/example_trigger_target_dag.py
[2022-05-11 07:12:22,034] {logging_mixin.py:109} INFO - [2022-05-11 07:12:22,034] {dag.py:2398} INFO - Sync 1 DAGs
[2022-05-11 07:12:22,054] {logging_mixin.py:109} INFO - [2022-05-11 07:12:22,054] {dag.py:2937} INFO - Setting next_dagrun for example_trigger_target_dag to None
[2022-05-11 07:12:22,070] {processor.py:171} INFO - Processing /home/airflow/.local/lib/python3.7/site-packages/airflow/example_dags/example_trigger_target_dag.py took 0.088 seconds
[2022-05-11 07:12:52,548] {processor.py:163} INFO - Started process (PID=31127) to work on /home/airflow/.local/lib/python3.7/site-packages/airflow/example_dags/example_trigger_target_dag.py
[2022-05-11 07:12:52,549] {processor.py:642} INFO - Processing file /home/airflow/.local/lib/python3.7/site-packages/airflow/example_dags/example_trigger_target_dag.py for tasks to queue
[2022-05-11 07:12:52,550] {logging_mixin.py:109} INFO - [2022-05-11 07:12:52,550] {dagbag.py:500} INFO - Filling up the DagBag from /home/airflow/.local/lib/python3.7/site-packages/airflow/example_dags/example_trigger_target_dag.py
[2022-05-11 07:12:52,572] {processor.py:652} INFO - DAG(s) dict_keys(['example_trigger_target_dag']) retrieved from /home/airflow/.local/lib/python3.7/site-packages/airflow/example_dags/example_trigger_target_dag.py
[2022-05-11 07:12:52,592] {logging_mixin.py:109} INFO - [2022-05-11 07:12:52,592] {dag.py:2398} INFO - Sync 1 DAGs
[2022-05-11 07:12:52,609] {logging_mixin.py:109} INFO - [2022-05-11 07:12:52,609] {dag.py:2937} INFO - Setting next_dagrun for example_trigger_target_dag to None
[2022-05-11 07:12:52,626] {processor.py:171} INFO - Processing /home/airflow/.local/lib/python3.7/site-packages/airflow/example_dags/example_trigger_target_dag.py took 0.081 seconds
[2022-05-11 07:13:23,495] {processor.py:163} INFO - Started process (PID=31200) to work on /home/airflow/.local/lib/python3.7/site-packages/airflow/example_dags/example_trigger_target_dag.py
[2022-05-11 07:13:23,497] {processor.py:642} INFO - Processing file /home/airflow/.local/lib/python3.7/site-packages/airflow/example_dags/example_trigger_target_dag.py for tasks to queue
[2022-05-11 07:13:23,498] {logging_mixin.py:109} INFO - [2022-05-11 07:13:23,498] {dagbag.py:500} INFO - Filling up the DagBag from /home/airflow/.local/lib/python3.7/site-packages/airflow/example_dags/example_trigger_target_dag.py
[2022-05-11 07:13:23,516] {processor.py:652} INFO - DAG(s) dict_keys(['example_trigger_target_dag']) retrieved from /home/airflow/.local/lib/python3.7/site-packages/airflow/example_dags/example_trigger_target_dag.py
[2022-05-11 07:13:23,538] {logging_mixin.py:109} INFO - [2022-05-11 07:13:23,537] {dag.py:2398} INFO - Sync 1 DAGs
[2022-05-11 07:13:23,553] {logging_mixin.py:109} INFO - [2022-05-11 07:13:23,553] {dag.py:2937} INFO - Setting next_dagrun for example_trigger_target_dag to None
[2022-05-11 07:13:23,567] {processor.py:171} INFO - Processing /home/airflow/.local/lib/python3.7/site-packages/airflow/example_dags/example_trigger_target_dag.py took 0.076 seconds
[2022-05-11 07:13:53,806] {processor.py:163} INFO - Started process (PID=31264) to work on /home/airflow/.local/lib/python3.7/site-packages/airflow/example_dags/example_trigger_target_dag.py
[2022-05-11 07:13:53,808] {processor.py:642} INFO - Processing file /home/airflow/.local/lib/python3.7/site-packages/airflow/example_dags/example_trigger_target_dag.py for tasks to queue
[2022-05-11 07:13:53,809] {logging_mixin.py:109} INFO - [2022-05-11 07:13:53,809] {dagbag.py:500} INFO - Filling up the DagBag from /home/airflow/.local/lib/python3.7/site-packages/airflow/example_dags/example_trigger_target_dag.py
[2022-05-11 07:13:53,828] {processor.py:652} INFO - DAG(s) dict_keys(['example_trigger_target_dag']) retrieved from /home/airflow/.local/lib/python3.7/site-packages/airflow/example_dags/example_trigger_target_dag.py
[2022-05-11 07:13:53,848] {logging_mixin.py:109} INFO - [2022-05-11 07:13:53,848] {dag.py:2398} INFO - Sync 1 DAGs
[2022-05-11 07:13:53,865] {logging_mixin.py:109} INFO - [2022-05-11 07:13:53,865] {dag.py:2937} INFO - Setting next_dagrun for example_trigger_target_dag to None
[2022-05-11 07:13:53,884] {processor.py:171} INFO - Processing /home/airflow/.local/lib/python3.7/site-packages/airflow/example_dags/example_trigger_target_dag.py took 0.082 seconds
[2022-05-11 07:14:24,283] {processor.py:163} INFO - Started process (PID=31336) to work on /home/airflow/.local/lib/python3.7/site-packages/airflow/example_dags/example_trigger_target_dag.py
[2022-05-11 07:14:24,285] {processor.py:642} INFO - Processing file /home/airflow/.local/lib/python3.7/site-packages/airflow/example_dags/example_trigger_target_dag.py for tasks to queue
[2022-05-11 07:14:24,286] {logging_mixin.py:109} INFO - [2022-05-11 07:14:24,285] {dagbag.py:500} INFO - Filling up the DagBag from /home/airflow/.local/lib/python3.7/site-packages/airflow/example_dags/example_trigger_target_dag.py
[2022-05-11 07:14:24,305] {processor.py:652} INFO - DAG(s) dict_keys(['example_trigger_target_dag']) retrieved from /home/airflow/.local/lib/python3.7/site-packages/airflow/example_dags/example_trigger_target_dag.py
[2022-05-11 07:14:24,326] {logging_mixin.py:109} INFO - [2022-05-11 07:14:24,326] {dag.py:2398} INFO - Sync 1 DAGs
[2022-05-11 07:14:24,342] {logging_mixin.py:109} INFO - [2022-05-11 07:14:24,342] {dag.py:2937} INFO - Setting next_dagrun for example_trigger_target_dag to None
[2022-05-11 07:14:24,356] {processor.py:171} INFO - Processing /home/airflow/.local/lib/python3.7/site-packages/airflow/example_dags/example_trigger_target_dag.py took 0.076 seconds
[2022-05-11 07:14:54,738] {processor.py:163} INFO - Started process (PID=31408) to work on /home/airflow/.local/lib/python3.7/site-packages/airflow/example_dags/example_trigger_target_dag.py
[2022-05-11 07:14:54,739] {processor.py:642} INFO - Processing file /home/airflow/.local/lib/python3.7/site-packages/airflow/example_dags/example_trigger_target_dag.py for tasks to queue
[2022-05-11 07:14:54,740] {logging_mixin.py:109} INFO - [2022-05-11 07:14:54,740] {dagbag.py:500} INFO - Filling up the DagBag from /home/airflow/.local/lib/python3.7/site-packages/airflow/example_dags/example_trigger_target_dag.py
[2022-05-11 07:14:54,761] {processor.py:652} INFO - DAG(s) dict_keys(['example_trigger_target_dag']) retrieved from /home/airflow/.local/lib/python3.7/site-packages/airflow/example_dags/example_trigger_target_dag.py
[2022-05-11 07:14:54,785] {logging_mixin.py:109} INFO - [2022-05-11 07:14:54,785] {dag.py:2398} INFO - Sync 1 DAGs
[2022-05-11 07:14:54,799] {logging_mixin.py:109} INFO - [2022-05-11 07:14:54,799] {dag.py:2937} INFO - Setting next_dagrun for example_trigger_target_dag to None
[2022-05-11 07:14:54,817] {processor.py:171} INFO - Processing /home/airflow/.local/lib/python3.7/site-packages/airflow/example_dags/example_trigger_target_dag.py took 0.082 seconds
[2022-05-11 07:15:24,908] {processor.py:163} INFO - Started process (PID=31473) to work on /home/airflow/.local/lib/python3.7/site-packages/airflow/example_dags/example_trigger_target_dag.py
[2022-05-11 07:15:24,911] {processor.py:642} INFO - Processing file /home/airflow/.local/lib/python3.7/site-packages/airflow/example_dags/example_trigger_target_dag.py for tasks to queue
[2022-05-11 07:15:24,912] {logging_mixin.py:109} INFO - [2022-05-11 07:15:24,912] {dagbag.py:500} INFO - Filling up the DagBag from /home/airflow/.local/lib/python3.7/site-packages/airflow/example_dags/example_trigger_target_dag.py
[2022-05-11 07:15:24,930] {processor.py:652} INFO - DAG(s) dict_keys(['example_trigger_target_dag']) retrieved from /home/airflow/.local/lib/python3.7/site-packages/airflow/example_dags/example_trigger_target_dag.py
[2022-05-11 07:15:24,956] {logging_mixin.py:109} INFO - [2022-05-11 07:15:24,956] {dag.py:2398} INFO - Sync 1 DAGs
[2022-05-11 07:15:24,970] {logging_mixin.py:109} INFO - [2022-05-11 07:15:24,970] {dag.py:2937} INFO - Setting next_dagrun for example_trigger_target_dag to None
[2022-05-11 07:15:24,986] {processor.py:171} INFO - Processing /home/airflow/.local/lib/python3.7/site-packages/airflow/example_dags/example_trigger_target_dag.py took 0.082 seconds
[2022-05-11 07:15:55,204] {processor.py:163} INFO - Started process (PID=31547) to work on /home/airflow/.local/lib/python3.7/site-packages/airflow/example_dags/example_trigger_target_dag.py
[2022-05-11 07:15:55,206] {processor.py:642} INFO - Processing file /home/airflow/.local/lib/python3.7/site-packages/airflow/example_dags/example_trigger_target_dag.py for tasks to queue
[2022-05-11 07:15:55,207] {logging_mixin.py:109} INFO - [2022-05-11 07:15:55,206] {dagbag.py:500} INFO - Filling up the DagBag from /home/airflow/.local/lib/python3.7/site-packages/airflow/example_dags/example_trigger_target_dag.py
[2022-05-11 07:15:55,228] {processor.py:652} INFO - DAG(s) dict_keys(['example_trigger_target_dag']) retrieved from /home/airflow/.local/lib/python3.7/site-packages/airflow/example_dags/example_trigger_target_dag.py
[2022-05-11 07:15:55,253] {logging_mixin.py:109} INFO - [2022-05-11 07:15:55,252] {dag.py:2398} INFO - Sync 1 DAGs
[2022-05-11 07:15:55,271] {logging_mixin.py:109} INFO - [2022-05-11 07:15:55,270] {dag.py:2937} INFO - Setting next_dagrun for example_trigger_target_dag to None
[2022-05-11 07:15:55,284] {processor.py:171} INFO - Processing /home/airflow/.local/lib/python3.7/site-packages/airflow/example_dags/example_trigger_target_dag.py took 0.083 seconds
[2022-05-11 07:16:25,768] {processor.py:163} INFO - Started process (PID=31610) to work on /home/airflow/.local/lib/python3.7/site-packages/airflow/example_dags/example_trigger_target_dag.py
[2022-05-11 07:16:25,770] {processor.py:642} INFO - Processing file /home/airflow/.local/lib/python3.7/site-packages/airflow/example_dags/example_trigger_target_dag.py for tasks to queue
[2022-05-11 07:16:25,771] {logging_mixin.py:109} INFO - [2022-05-11 07:16:25,771] {dagbag.py:500} INFO - Filling up the DagBag from /home/airflow/.local/lib/python3.7/site-packages/airflow/example_dags/example_trigger_target_dag.py
[2022-05-11 07:16:25,795] {processor.py:652} INFO - DAG(s) dict_keys(['example_trigger_target_dag']) retrieved from /home/airflow/.local/lib/python3.7/site-packages/airflow/example_dags/example_trigger_target_dag.py
[2022-05-11 07:16:25,819] {logging_mixin.py:109} INFO - [2022-05-11 07:16:25,819] {dag.py:2398} INFO - Sync 1 DAGs
[2022-05-11 07:16:25,836] {logging_mixin.py:109} INFO - [2022-05-11 07:16:25,836] {dag.py:2937} INFO - Setting next_dagrun for example_trigger_target_dag to None
[2022-05-11 07:16:25,852] {processor.py:171} INFO - Processing /home/airflow/.local/lib/python3.7/site-packages/airflow/example_dags/example_trigger_target_dag.py took 0.087 seconds
[2022-05-11 07:16:56,355] {processor.py:163} INFO - Started process (PID=31683) to work on /home/airflow/.local/lib/python3.7/site-packages/airflow/example_dags/example_trigger_target_dag.py
[2022-05-11 07:16:56,356] {processor.py:642} INFO - Processing file /home/airflow/.local/lib/python3.7/site-packages/airflow/example_dags/example_trigger_target_dag.py for tasks to queue
[2022-05-11 07:16:56,357] {logging_mixin.py:109} INFO - [2022-05-11 07:16:56,357] {dagbag.py:500} INFO - Filling up the DagBag from /home/airflow/.local/lib/python3.7/site-packages/airflow/example_dags/example_trigger_target_dag.py
[2022-05-11 07:16:56,382] {processor.py:652} INFO - DAG(s) dict_keys(['example_trigger_target_dag']) retrieved from /home/airflow/.local/lib/python3.7/site-packages/airflow/example_dags/example_trigger_target_dag.py
[2022-05-11 07:16:56,409] {logging_mixin.py:109} INFO - [2022-05-11 07:16:56,409] {dag.py:2398} INFO - Sync 1 DAGs
[2022-05-11 07:16:56,431] {logging_mixin.py:109} INFO - [2022-05-11 07:16:56,430] {dag.py:2937} INFO - Setting next_dagrun for example_trigger_target_dag to None
[2022-05-11 07:16:56,445] {processor.py:171} INFO - Processing /home/airflow/.local/lib/python3.7/site-packages/airflow/example_dags/example_trigger_target_dag.py took 0.093 seconds
[2022-05-11 07:17:26,874] {processor.py:163} INFO - Started process (PID=31745) to work on /home/airflow/.local/lib/python3.7/site-packages/airflow/example_dags/example_trigger_target_dag.py
[2022-05-11 07:17:26,876] {processor.py:642} INFO - Processing file /home/airflow/.local/lib/python3.7/site-packages/airflow/example_dags/example_trigger_target_dag.py for tasks to queue
[2022-05-11 07:17:26,876] {logging_mixin.py:109} INFO - [2022-05-11 07:17:26,876] {dagbag.py:500} INFO - Filling up the DagBag from /home/airflow/.local/lib/python3.7/site-packages/airflow/example_dags/example_trigger_target_dag.py
[2022-05-11 07:17:26,897] {processor.py:652} INFO - DAG(s) dict_keys(['example_trigger_target_dag']) retrieved from /home/airflow/.local/lib/python3.7/site-packages/airflow/example_dags/example_trigger_target_dag.py
[2022-05-11 07:17:26,920] {logging_mixin.py:109} INFO - [2022-05-11 07:17:26,920] {dag.py:2398} INFO - Sync 1 DAGs
[2022-05-11 07:17:26,938] {logging_mixin.py:109} INFO - [2022-05-11 07:17:26,938] {dag.py:2937} INFO - Setting next_dagrun for example_trigger_target_dag to None
[2022-05-11 07:17:26,953] {processor.py:171} INFO - Processing /home/airflow/.local/lib/python3.7/site-packages/airflow/example_dags/example_trigger_target_dag.py took 0.082 seconds
[2022-05-11 07:17:57,232] {processor.py:163} INFO - Started process (PID=31809) to work on /home/airflow/.local/lib/python3.7/site-packages/airflow/example_dags/example_trigger_target_dag.py
[2022-05-11 07:17:57,234] {processor.py:642} INFO - Processing file /home/airflow/.local/lib/python3.7/site-packages/airflow/example_dags/example_trigger_target_dag.py for tasks to queue
[2022-05-11 07:17:57,236] {logging_mixin.py:109} INFO - [2022-05-11 07:17:57,236] {dagbag.py:500} INFO - Filling up the DagBag from /home/airflow/.local/lib/python3.7/site-packages/airflow/example_dags/example_trigger_target_dag.py
[2022-05-11 07:17:57,266] {processor.py:652} INFO - DAG(s) dict_keys(['example_trigger_target_dag']) retrieved from /home/airflow/.local/lib/python3.7/site-packages/airflow/example_dags/example_trigger_target_dag.py
[2022-05-11 07:17:57,303] {logging_mixin.py:109} INFO - [2022-05-11 07:17:57,302] {dag.py:2398} INFO - Sync 1 DAGs
[2022-05-11 07:17:57,325] {logging_mixin.py:109} INFO - [2022-05-11 07:17:57,325] {dag.py:2937} INFO - Setting next_dagrun for example_trigger_target_dag to None
[2022-05-11 07:17:57,342] {processor.py:171} INFO - Processing /home/airflow/.local/lib/python3.7/site-packages/airflow/example_dags/example_trigger_target_dag.py took 0.114 seconds
[2022-05-11 07:18:27,964] {processor.py:163} INFO - Started process (PID=31881) to work on /home/airflow/.local/lib/python3.7/site-packages/airflow/example_dags/example_trigger_target_dag.py
[2022-05-11 07:18:27,966] {processor.py:642} INFO - Processing file /home/airflow/.local/lib/python3.7/site-packages/airflow/example_dags/example_trigger_target_dag.py for tasks to queue
[2022-05-11 07:18:27,967] {logging_mixin.py:109} INFO - [2022-05-11 07:18:27,967] {dagbag.py:500} INFO - Filling up the DagBag from /home/airflow/.local/lib/python3.7/site-packages/airflow/example_dags/example_trigger_target_dag.py
[2022-05-11 07:18:27,987] {processor.py:652} INFO - DAG(s) dict_keys(['example_trigger_target_dag']) retrieved from /home/airflow/.local/lib/python3.7/site-packages/airflow/example_dags/example_trigger_target_dag.py
[2022-05-11 07:18:28,015] {logging_mixin.py:109} INFO - [2022-05-11 07:18:28,015] {dag.py:2398} INFO - Sync 1 DAGs
[2022-05-11 07:18:28,031] {logging_mixin.py:109} INFO - [2022-05-11 07:18:28,031] {dag.py:2937} INFO - Setting next_dagrun for example_trigger_target_dag to None
[2022-05-11 07:18:28,050] {processor.py:171} INFO - Processing /home/airflow/.local/lib/python3.7/site-packages/airflow/example_dags/example_trigger_target_dag.py took 0.089 seconds
[2022-05-11 07:18:58,966] {processor.py:163} INFO - Started process (PID=31944) to work on /home/airflow/.local/lib/python3.7/site-packages/airflow/example_dags/example_trigger_target_dag.py
[2022-05-11 07:18:58,968] {processor.py:642} INFO - Processing file /home/airflow/.local/lib/python3.7/site-packages/airflow/example_dags/example_trigger_target_dag.py for tasks to queue
[2022-05-11 07:18:58,970] {logging_mixin.py:109} INFO - [2022-05-11 07:18:58,970] {dagbag.py:500} INFO - Filling up the DagBag from /home/airflow/.local/lib/python3.7/site-packages/airflow/example_dags/example_trigger_target_dag.py
[2022-05-11 07:18:59,001] {processor.py:652} INFO - DAG(s) dict_keys(['example_trigger_target_dag']) retrieved from /home/airflow/.local/lib/python3.7/site-packages/airflow/example_dags/example_trigger_target_dag.py
[2022-05-11 07:18:59,034] {logging_mixin.py:109} INFO - [2022-05-11 07:18:59,034] {dag.py:2398} INFO - Sync 1 DAGs
[2022-05-11 07:18:59,056] {logging_mixin.py:109} INFO - [2022-05-11 07:18:59,056] {dag.py:2937} INFO - Setting next_dagrun for example_trigger_target_dag to None
[2022-05-11 07:18:59,070] {processor.py:171} INFO - Processing /home/airflow/.local/lib/python3.7/site-packages/airflow/example_dags/example_trigger_target_dag.py took 0.109 seconds
[2022-05-11 07:19:30,418] {processor.py:163} INFO - Started process (PID=32017) to work on /home/airflow/.local/lib/python3.7/site-packages/airflow/example_dags/example_trigger_target_dag.py
[2022-05-11 07:19:30,421] {processor.py:642} INFO - Processing file /home/airflow/.local/lib/python3.7/site-packages/airflow/example_dags/example_trigger_target_dag.py for tasks to queue
[2022-05-11 07:19:30,422] {logging_mixin.py:109} INFO - [2022-05-11 07:19:30,422] {dagbag.py:500} INFO - Filling up the DagBag from /home/airflow/.local/lib/python3.7/site-packages/airflow/example_dags/example_trigger_target_dag.py
[2022-05-11 07:19:30,454] {processor.py:652} INFO - DAG(s) dict_keys(['example_trigger_target_dag']) retrieved from /home/airflow/.local/lib/python3.7/site-packages/airflow/example_dags/example_trigger_target_dag.py
[2022-05-11 07:19:30,486] {logging_mixin.py:109} INFO - [2022-05-11 07:19:30,486] {dag.py:2398} INFO - Sync 1 DAGs
[2022-05-11 07:19:30,512] {logging_mixin.py:109} INFO - [2022-05-11 07:19:30,512] {dag.py:2937} INFO - Setting next_dagrun for example_trigger_target_dag to None
[2022-05-11 07:19:30,534] {processor.py:171} INFO - Processing /home/airflow/.local/lib/python3.7/site-packages/airflow/example_dags/example_trigger_target_dag.py took 0.122 seconds
[2022-05-11 07:20:00,895] {processor.py:163} INFO - Started process (PID=32079) to work on /home/airflow/.local/lib/python3.7/site-packages/airflow/example_dags/example_trigger_target_dag.py
[2022-05-11 07:20:00,896] {processor.py:642} INFO - Processing file /home/airflow/.local/lib/python3.7/site-packages/airflow/example_dags/example_trigger_target_dag.py for tasks to queue
[2022-05-11 07:20:00,898] {logging_mixin.py:109} INFO - [2022-05-11 07:20:00,898] {dagbag.py:500} INFO - Filling up the DagBag from /home/airflow/.local/lib/python3.7/site-packages/airflow/example_dags/example_trigger_target_dag.py
[2022-05-11 07:20:00,921] {processor.py:652} INFO - DAG(s) dict_keys(['example_trigger_target_dag']) retrieved from /home/airflow/.local/lib/python3.7/site-packages/airflow/example_dags/example_trigger_target_dag.py
[2022-05-11 07:20:00,950] {logging_mixin.py:109} INFO - [2022-05-11 07:20:00,950] {dag.py:2398} INFO - Sync 1 DAGs
[2022-05-11 07:20:00,966] {logging_mixin.py:109} INFO - [2022-05-11 07:20:00,966] {dag.py:2937} INFO - Setting next_dagrun for example_trigger_target_dag to None
[2022-05-11 07:20:00,982] {processor.py:171} INFO - Processing /home/airflow/.local/lib/python3.7/site-packages/airflow/example_dags/example_trigger_target_dag.py took 0.091 seconds
[2022-05-11 07:20:31,476] {processor.py:163} INFO - Started process (PID=32152) to work on /home/airflow/.local/lib/python3.7/site-packages/airflow/example_dags/example_trigger_target_dag.py
[2022-05-11 07:20:31,478] {processor.py:642} INFO - Processing file /home/airflow/.local/lib/python3.7/site-packages/airflow/example_dags/example_trigger_target_dag.py for tasks to queue
[2022-05-11 07:20:31,479] {logging_mixin.py:109} INFO - [2022-05-11 07:20:31,479] {dagbag.py:500} INFO - Filling up the DagBag from /home/airflow/.local/lib/python3.7/site-packages/airflow/example_dags/example_trigger_target_dag.py
[2022-05-11 07:20:31,504] {processor.py:652} INFO - DAG(s) dict_keys(['example_trigger_target_dag']) retrieved from /home/airflow/.local/lib/python3.7/site-packages/airflow/example_dags/example_trigger_target_dag.py
[2022-05-11 07:20:31,530] {logging_mixin.py:109} INFO - [2022-05-11 07:20:31,530] {dag.py:2398} INFO - Sync 1 DAGs
[2022-05-11 07:20:31,551] {logging_mixin.py:109} INFO - [2022-05-11 07:20:31,551] {dag.py:2937} INFO - Setting next_dagrun for example_trigger_target_dag to None
[2022-05-11 07:20:31,566] {processor.py:171} INFO - Processing /home/airflow/.local/lib/python3.7/site-packages/airflow/example_dags/example_trigger_target_dag.py took 0.095 seconds
[2022-05-11 07:21:02,443] {processor.py:163} INFO - Started process (PID=32215) to work on /home/airflow/.local/lib/python3.7/site-packages/airflow/example_dags/example_trigger_target_dag.py
[2022-05-11 07:21:02,445] {processor.py:642} INFO - Processing file /home/airflow/.local/lib/python3.7/site-packages/airflow/example_dags/example_trigger_target_dag.py for tasks to queue
[2022-05-11 07:21:02,446] {logging_mixin.py:109} INFO - [2022-05-11 07:21:02,446] {dagbag.py:500} INFO - Filling up the DagBag from /home/airflow/.local/lib/python3.7/site-packages/airflow/example_dags/example_trigger_target_dag.py
[2022-05-11 07:21:02,478] {processor.py:652} INFO - DAG(s) dict_keys(['example_trigger_target_dag']) retrieved from /home/airflow/.local/lib/python3.7/site-packages/airflow/example_dags/example_trigger_target_dag.py
[2022-05-11 07:21:02,509] {logging_mixin.py:109} INFO - [2022-05-11 07:21:02,508] {dag.py:2398} INFO - Sync 1 DAGs
[2022-05-11 07:21:02,527] {logging_mixin.py:109} INFO - [2022-05-11 07:21:02,526] {dag.py:2937} INFO - Setting next_dagrun for example_trigger_target_dag to None
[2022-05-11 07:21:02,545] {processor.py:171} INFO - Processing /home/airflow/.local/lib/python3.7/site-packages/airflow/example_dags/example_trigger_target_dag.py took 0.107 seconds
[2022-05-11 07:21:33,643] {processor.py:163} INFO - Started process (PID=32286) to work on /home/airflow/.local/lib/python3.7/site-packages/airflow/example_dags/example_trigger_target_dag.py
[2022-05-11 07:21:33,645] {processor.py:642} INFO - Processing file /home/airflow/.local/lib/python3.7/site-packages/airflow/example_dags/example_trigger_target_dag.py for tasks to queue
[2022-05-11 07:21:33,646] {logging_mixin.py:109} INFO - [2022-05-11 07:21:33,646] {dagbag.py:500} INFO - Filling up the DagBag from /home/airflow/.local/lib/python3.7/site-packages/airflow/example_dags/example_trigger_target_dag.py
[2022-05-11 07:21:33,666] {processor.py:652} INFO - DAG(s) dict_keys(['example_trigger_target_dag']) retrieved from /home/airflow/.local/lib/python3.7/site-packages/airflow/example_dags/example_trigger_target_dag.py
[2022-05-11 07:21:33,685] {logging_mixin.py:109} INFO - [2022-05-11 07:21:33,685] {dag.py:2398} INFO - Sync 1 DAGs
[2022-05-11 07:21:33,703] {logging_mixin.py:109} INFO - [2022-05-11 07:21:33,703] {dag.py:2937} INFO - Setting next_dagrun for example_trigger_target_dag to None
[2022-05-11 07:21:33,717] {processor.py:171} INFO - Processing /home/airflow/.local/lib/python3.7/site-packages/airflow/example_dags/example_trigger_target_dag.py took 0.077 seconds
[2022-05-11 07:22:05,518] {processor.py:163} INFO - Started process (PID=32359) to work on /home/airflow/.local/lib/python3.7/site-packages/airflow/example_dags/example_trigger_target_dag.py
[2022-05-11 07:22:05,520] {processor.py:642} INFO - Processing file /home/airflow/.local/lib/python3.7/site-packages/airflow/example_dags/example_trigger_target_dag.py for tasks to queue
[2022-05-11 07:22:05,522] {logging_mixin.py:109} INFO - [2022-05-11 07:22:05,521] {dagbag.py:500} INFO - Filling up the DagBag from /home/airflow/.local/lib/python3.7/site-packages/airflow/example_dags/example_trigger_target_dag.py
[2022-05-11 07:22:05,556] {processor.py:652} INFO - DAG(s) dict_keys(['example_trigger_target_dag']) retrieved from /home/airflow/.local/lib/python3.7/site-packages/airflow/example_dags/example_trigger_target_dag.py
[2022-05-11 07:22:05,592] {logging_mixin.py:109} INFO - [2022-05-11 07:22:05,591] {dag.py:2398} INFO - Sync 1 DAGs
[2022-05-11 07:22:05,615] {logging_mixin.py:109} INFO - [2022-05-11 07:22:05,615] {dag.py:2937} INFO - Setting next_dagrun for example_trigger_target_dag to None
[2022-05-11 07:22:05,633] {processor.py:171} INFO - Processing /home/airflow/.local/lib/python3.7/site-packages/airflow/example_dags/example_trigger_target_dag.py took 0.120 seconds
[2022-05-11 07:22:36,493] {processor.py:163} INFO - Started process (PID=32423) to work on /home/airflow/.local/lib/python3.7/site-packages/airflow/example_dags/example_trigger_target_dag.py
[2022-05-11 07:22:36,495] {processor.py:642} INFO - Processing file /home/airflow/.local/lib/python3.7/site-packages/airflow/example_dags/example_trigger_target_dag.py for tasks to queue
[2022-05-11 07:22:36,496] {logging_mixin.py:109} INFO - [2022-05-11 07:22:36,495] {dagbag.py:500} INFO - Filling up the DagBag from /home/airflow/.local/lib/python3.7/site-packages/airflow/example_dags/example_trigger_target_dag.py
[2022-05-11 07:22:36,522] {processor.py:652} INFO - DAG(s) dict_keys(['example_trigger_target_dag']) retrieved from /home/airflow/.local/lib/python3.7/site-packages/airflow/example_dags/example_trigger_target_dag.py
[2022-05-11 07:22:36,546] {logging_mixin.py:109} INFO - [2022-05-11 07:22:36,546] {dag.py:2398} INFO - Sync 1 DAGs
[2022-05-11 07:22:36,563] {logging_mixin.py:109} INFO - [2022-05-11 07:22:36,563] {dag.py:2937} INFO - Setting next_dagrun for example_trigger_target_dag to None
[2022-05-11 07:22:36,579] {processor.py:171} INFO - Processing /home/airflow/.local/lib/python3.7/site-packages/airflow/example_dags/example_trigger_target_dag.py took 0.089 seconds
[2022-05-11 07:23:08,008] {processor.py:163} INFO - Started process (PID=32496) to work on /home/airflow/.local/lib/python3.7/site-packages/airflow/example_dags/example_trigger_target_dag.py
[2022-05-11 07:23:08,009] {processor.py:642} INFO - Processing file /home/airflow/.local/lib/python3.7/site-packages/airflow/example_dags/example_trigger_target_dag.py for tasks to queue
[2022-05-11 07:23:08,010] {logging_mixin.py:109} INFO - [2022-05-11 07:23:08,010] {dagbag.py:500} INFO - Filling up the DagBag from /home/airflow/.local/lib/python3.7/site-packages/airflow/example_dags/example_trigger_target_dag.py
[2022-05-11 07:23:08,033] {processor.py:652} INFO - DAG(s) dict_keys(['example_trigger_target_dag']) retrieved from /home/airflow/.local/lib/python3.7/site-packages/airflow/example_dags/example_trigger_target_dag.py
[2022-05-11 07:23:08,066] {logging_mixin.py:109} INFO - [2022-05-11 07:23:08,065] {dag.py:2398} INFO - Sync 1 DAGs
[2022-05-11 07:23:08,085] {logging_mixin.py:109} INFO - [2022-05-11 07:23:08,085] {dag.py:2937} INFO - Setting next_dagrun for example_trigger_target_dag to None
[2022-05-11 07:23:08,100] {processor.py:171} INFO - Processing /home/airflow/.local/lib/python3.7/site-packages/airflow/example_dags/example_trigger_target_dag.py took 0.095 seconds
[2022-05-11 07:23:38,582] {processor.py:163} INFO - Started process (PID=32559) to work on /home/airflow/.local/lib/python3.7/site-packages/airflow/example_dags/example_trigger_target_dag.py
[2022-05-11 07:23:38,584] {processor.py:642} INFO - Processing file /home/airflow/.local/lib/python3.7/site-packages/airflow/example_dags/example_trigger_target_dag.py for tasks to queue
[2022-05-11 07:23:38,586] {logging_mixin.py:109} INFO - [2022-05-11 07:23:38,586] {dagbag.py:500} INFO - Filling up the DagBag from /home/airflow/.local/lib/python3.7/site-packages/airflow/example_dags/example_trigger_target_dag.py
[2022-05-11 07:23:38,616] {processor.py:652} INFO - DAG(s) dict_keys(['example_trigger_target_dag']) retrieved from /home/airflow/.local/lib/python3.7/site-packages/airflow/example_dags/example_trigger_target_dag.py
[2022-05-11 07:23:38,638] {logging_mixin.py:109} INFO - [2022-05-11 07:23:38,638] {dag.py:2398} INFO - Sync 1 DAGs
[2022-05-11 07:23:38,654] {logging_mixin.py:109} INFO - [2022-05-11 07:23:38,654] {dag.py:2937} INFO - Setting next_dagrun for example_trigger_target_dag to None
[2022-05-11 07:23:38,668] {processor.py:171} INFO - Processing /home/airflow/.local/lib/python3.7/site-packages/airflow/example_dags/example_trigger_target_dag.py took 0.089 seconds
[2022-05-11 07:24:09,986] {processor.py:163} INFO - Started process (PID=32631) to work on /home/airflow/.local/lib/python3.7/site-packages/airflow/example_dags/example_trigger_target_dag.py
[2022-05-11 07:24:09,987] {processor.py:642} INFO - Processing file /home/airflow/.local/lib/python3.7/site-packages/airflow/example_dags/example_trigger_target_dag.py for tasks to queue
[2022-05-11 07:24:09,988] {logging_mixin.py:109} INFO - [2022-05-11 07:24:09,988] {dagbag.py:500} INFO - Filling up the DagBag from /home/airflow/.local/lib/python3.7/site-packages/airflow/example_dags/example_trigger_target_dag.py
[2022-05-11 07:24:10,010] {processor.py:652} INFO - DAG(s) dict_keys(['example_trigger_target_dag']) retrieved from /home/airflow/.local/lib/python3.7/site-packages/airflow/example_dags/example_trigger_target_dag.py
[2022-05-11 07:24:10,036] {logging_mixin.py:109} INFO - [2022-05-11 07:24:10,036] {dag.py:2398} INFO - Sync 1 DAGs
[2022-05-11 07:24:10,054] {logging_mixin.py:109} INFO - [2022-05-11 07:24:10,054] {dag.py:2937} INFO - Setting next_dagrun for example_trigger_target_dag to None
[2022-05-11 07:24:10,068] {processor.py:171} INFO - Processing /home/airflow/.local/lib/python3.7/site-packages/airflow/example_dags/example_trigger_target_dag.py took 0.085 seconds
[2022-05-11 07:24:40,666] {processor.py:163} INFO - Started process (PID=32695) to work on /home/airflow/.local/lib/python3.7/site-packages/airflow/example_dags/example_trigger_target_dag.py
[2022-05-11 07:24:40,667] {processor.py:642} INFO - Processing file /home/airflow/.local/lib/python3.7/site-packages/airflow/example_dags/example_trigger_target_dag.py for tasks to queue
[2022-05-11 07:24:40,668] {logging_mixin.py:109} INFO - [2022-05-11 07:24:40,668] {dagbag.py:500} INFO - Filling up the DagBag from /home/airflow/.local/lib/python3.7/site-packages/airflow/example_dags/example_trigger_target_dag.py
[2022-05-11 07:24:40,691] {processor.py:652} INFO - DAG(s) dict_keys(['example_trigger_target_dag']) retrieved from /home/airflow/.local/lib/python3.7/site-packages/airflow/example_dags/example_trigger_target_dag.py
[2022-05-11 07:24:40,717] {logging_mixin.py:109} INFO - [2022-05-11 07:24:40,717] {dag.py:2398} INFO - Sync 1 DAGs
[2022-05-11 07:24:40,733] {logging_mixin.py:109} INFO - [2022-05-11 07:24:40,733] {dag.py:2937} INFO - Setting next_dagrun for example_trigger_target_dag to None
[2022-05-11 07:24:40,748] {processor.py:171} INFO - Processing /home/airflow/.local/lib/python3.7/site-packages/airflow/example_dags/example_trigger_target_dag.py took 0.086 seconds
[2022-05-11 07:25:11,047] {processor.py:163} INFO - Started process (PID=300) to work on /home/airflow/.local/lib/python3.7/site-packages/airflow/example_dags/example_trigger_target_dag.py
[2022-05-11 07:25:11,049] {processor.py:642} INFO - Processing file /home/airflow/.local/lib/python3.7/site-packages/airflow/example_dags/example_trigger_target_dag.py for tasks to queue
[2022-05-11 07:25:11,050] {logging_mixin.py:109} INFO - [2022-05-11 07:25:11,049] {dagbag.py:500} INFO - Filling up the DagBag from /home/airflow/.local/lib/python3.7/site-packages/airflow/example_dags/example_trigger_target_dag.py
[2022-05-11 07:25:11,076] {processor.py:652} INFO - DAG(s) dict_keys(['example_trigger_target_dag']) retrieved from /home/airflow/.local/lib/python3.7/site-packages/airflow/example_dags/example_trigger_target_dag.py
[2022-05-11 07:25:11,104] {logging_mixin.py:109} INFO - [2022-05-11 07:25:11,104] {dag.py:2398} INFO - Sync 1 DAGs
[2022-05-11 07:25:11,121] {logging_mixin.py:109} INFO - [2022-05-11 07:25:11,121] {dag.py:2937} INFO - Setting next_dagrun for example_trigger_target_dag to None
[2022-05-11 07:25:11,140] {processor.py:171} INFO - Processing /home/airflow/.local/lib/python3.7/site-packages/airflow/example_dags/example_trigger_target_dag.py took 0.097 seconds
[2022-05-11 07:25:41,454] {processor.py:163} INFO - Started process (PID=362) to work on /home/airflow/.local/lib/python3.7/site-packages/airflow/example_dags/example_trigger_target_dag.py
[2022-05-11 07:25:41,456] {processor.py:642} INFO - Processing file /home/airflow/.local/lib/python3.7/site-packages/airflow/example_dags/example_trigger_target_dag.py for tasks to queue
[2022-05-11 07:25:41,457] {logging_mixin.py:109} INFO - [2022-05-11 07:25:41,457] {dagbag.py:500} INFO - Filling up the DagBag from /home/airflow/.local/lib/python3.7/site-packages/airflow/example_dags/example_trigger_target_dag.py
[2022-05-11 07:25:41,476] {processor.py:652} INFO - DAG(s) dict_keys(['example_trigger_target_dag']) retrieved from /home/airflow/.local/lib/python3.7/site-packages/airflow/example_dags/example_trigger_target_dag.py
[2022-05-11 07:25:41,493] {logging_mixin.py:109} INFO - [2022-05-11 07:25:41,493] {dag.py:2398} INFO - Sync 1 DAGs
[2022-05-11 07:25:41,505] {logging_mixin.py:109} INFO - [2022-05-11 07:25:41,505] {dag.py:2937} INFO - Setting next_dagrun for example_trigger_target_dag to None
[2022-05-11 07:25:41,518] {processor.py:171} INFO - Processing /home/airflow/.local/lib/python3.7/site-packages/airflow/example_dags/example_trigger_target_dag.py took 0.067 seconds
[2022-05-11 07:26:11,736] {processor.py:163} INFO - Started process (PID=436) to work on /home/airflow/.local/lib/python3.7/site-packages/airflow/example_dags/example_trigger_target_dag.py
[2022-05-11 07:26:11,738] {processor.py:642} INFO - Processing file /home/airflow/.local/lib/python3.7/site-packages/airflow/example_dags/example_trigger_target_dag.py for tasks to queue
[2022-05-11 07:26:11,739] {logging_mixin.py:109} INFO - [2022-05-11 07:26:11,739] {dagbag.py:500} INFO - Filling up the DagBag from /home/airflow/.local/lib/python3.7/site-packages/airflow/example_dags/example_trigger_target_dag.py
[2022-05-11 07:26:11,761] {processor.py:652} INFO - DAG(s) dict_keys(['example_trigger_target_dag']) retrieved from /home/airflow/.local/lib/python3.7/site-packages/airflow/example_dags/example_trigger_target_dag.py
[2022-05-11 07:26:11,786] {logging_mixin.py:109} INFO - [2022-05-11 07:26:11,786] {dag.py:2398} INFO - Sync 1 DAGs
[2022-05-11 07:26:11,803] {logging_mixin.py:109} INFO - [2022-05-11 07:26:11,803] {dag.py:2937} INFO - Setting next_dagrun for example_trigger_target_dag to None
[2022-05-11 07:26:11,815] {processor.py:171} INFO - Processing /home/airflow/.local/lib/python3.7/site-packages/airflow/example_dags/example_trigger_target_dag.py took 0.083 seconds
[2022-05-11 07:26:42,689] {processor.py:163} INFO - Started process (PID=500) to work on /home/airflow/.local/lib/python3.7/site-packages/airflow/example_dags/example_trigger_target_dag.py
[2022-05-11 07:26:42,691] {processor.py:642} INFO - Processing file /home/airflow/.local/lib/python3.7/site-packages/airflow/example_dags/example_trigger_target_dag.py for tasks to queue
[2022-05-11 07:26:42,692] {logging_mixin.py:109} INFO - [2022-05-11 07:26:42,691] {dagbag.py:500} INFO - Filling up the DagBag from /home/airflow/.local/lib/python3.7/site-packages/airflow/example_dags/example_trigger_target_dag.py
[2022-05-11 07:26:42,707] {processor.py:652} INFO - DAG(s) dict_keys(['example_trigger_target_dag']) retrieved from /home/airflow/.local/lib/python3.7/site-packages/airflow/example_dags/example_trigger_target_dag.py
[2022-05-11 07:26:42,727] {logging_mixin.py:109} INFO - [2022-05-11 07:26:42,727] {dag.py:2398} INFO - Sync 1 DAGs
[2022-05-11 07:26:42,739] {logging_mixin.py:109} INFO - [2022-05-11 07:26:42,739] {dag.py:2937} INFO - Setting next_dagrun for example_trigger_target_dag to None
[2022-05-11 07:26:42,752] {processor.py:171} INFO - Processing /home/airflow/.local/lib/python3.7/site-packages/airflow/example_dags/example_trigger_target_dag.py took 0.065 seconds
[2022-05-11 07:27:13,489] {processor.py:163} INFO - Started process (PID=573) to work on /home/airflow/.local/lib/python3.7/site-packages/airflow/example_dags/example_trigger_target_dag.py
[2022-05-11 07:27:13,491] {processor.py:642} INFO - Processing file /home/airflow/.local/lib/python3.7/site-packages/airflow/example_dags/example_trigger_target_dag.py for tasks to queue
[2022-05-11 07:27:13,492] {logging_mixin.py:109} INFO - [2022-05-11 07:27:13,492] {dagbag.py:500} INFO - Filling up the DagBag from /home/airflow/.local/lib/python3.7/site-packages/airflow/example_dags/example_trigger_target_dag.py
[2022-05-11 07:27:13,508] {processor.py:652} INFO - DAG(s) dict_keys(['example_trigger_target_dag']) retrieved from /home/airflow/.local/lib/python3.7/site-packages/airflow/example_dags/example_trigger_target_dag.py
[2022-05-11 07:27:13,526] {logging_mixin.py:109} INFO - [2022-05-11 07:27:13,526] {dag.py:2398} INFO - Sync 1 DAGs
[2022-05-11 07:27:13,540] {logging_mixin.py:109} INFO - [2022-05-11 07:27:13,539] {dag.py:2937} INFO - Setting next_dagrun for example_trigger_target_dag to None
[2022-05-11 07:27:13,553] {processor.py:171} INFO - Processing /home/airflow/.local/lib/python3.7/site-packages/airflow/example_dags/example_trigger_target_dag.py took 0.067 seconds
[2022-05-11 07:27:44,540] {processor.py:163} INFO - Started process (PID=647) to work on /home/airflow/.local/lib/python3.7/site-packages/airflow/example_dags/example_trigger_target_dag.py
[2022-05-11 07:27:44,541] {processor.py:642} INFO - Processing file /home/airflow/.local/lib/python3.7/site-packages/airflow/example_dags/example_trigger_target_dag.py for tasks to queue
[2022-05-11 07:27:44,542] {logging_mixin.py:109} INFO - [2022-05-11 07:27:44,542] {dagbag.py:500} INFO - Filling up the DagBag from /home/airflow/.local/lib/python3.7/site-packages/airflow/example_dags/example_trigger_target_dag.py
[2022-05-11 07:27:44,557] {processor.py:652} INFO - DAG(s) dict_keys(['example_trigger_target_dag']) retrieved from /home/airflow/.local/lib/python3.7/site-packages/airflow/example_dags/example_trigger_target_dag.py
[2022-05-11 07:27:44,573] {logging_mixin.py:109} INFO - [2022-05-11 07:27:44,573] {dag.py:2398} INFO - Sync 1 DAGs
[2022-05-11 07:27:44,586] {logging_mixin.py:109} INFO - [2022-05-11 07:27:44,585] {dag.py:2937} INFO - Setting next_dagrun for example_trigger_target_dag to None
[2022-05-11 07:27:44,600] {processor.py:171} INFO - Processing /home/airflow/.local/lib/python3.7/site-packages/airflow/example_dags/example_trigger_target_dag.py took 0.063 seconds
