[2022-05-11 06:56:02,809] {processor.py:163} INFO - Started process (PID=28870) to work on /home/airflow/.local/lib/python3.7/site-packages/airflow/example_dags/example_branch_python_dop_operator_3.py
[2022-05-11 06:56:02,812] {processor.py:642} INFO - Processing file /home/airflow/.local/lib/python3.7/site-packages/airflow/example_dags/example_branch_python_dop_operator_3.py for tasks to queue
[2022-05-11 06:56:02,818] {logging_mixin.py:109} INFO - [2022-05-11 06:56:02,817] {dagbag.py:500} INFO - Filling up the DagBag from /home/airflow/.local/lib/python3.7/site-packages/airflow/example_dags/example_branch_python_dop_operator_3.py
[2022-05-11 06:56:02,858] {processor.py:652} INFO - DAG(s) dict_keys(['example_branch_dop_operator_v3']) retrieved from /home/airflow/.local/lib/python3.7/site-packages/airflow/example_dags/example_branch_python_dop_operator_3.py
[2022-05-11 06:56:02,921] {logging_mixin.py:109} INFO - [2022-05-11 06:56:02,921] {dag.py:2398} INFO - Sync 1 DAGs
[2022-05-11 06:56:02,980] {logging_mixin.py:109} INFO - [2022-05-11 06:56:02,980] {dag.py:2937} INFO - Setting next_dagrun for example_branch_dop_operator_v3 to 2022-05-11T06:55:00+00:00
[2022-05-11 06:56:03,027] {processor.py:171} INFO - Processing /home/airflow/.local/lib/python3.7/site-packages/airflow/example_dags/example_branch_python_dop_operator_3.py took 0.223 seconds
[2022-05-11 06:56:33,500] {processor.py:163} INFO - Started process (PID=28943) to work on /home/airflow/.local/lib/python3.7/site-packages/airflow/example_dags/example_branch_python_dop_operator_3.py
[2022-05-11 06:56:33,501] {processor.py:642} INFO - Processing file /home/airflow/.local/lib/python3.7/site-packages/airflow/example_dags/example_branch_python_dop_operator_3.py for tasks to queue
[2022-05-11 06:56:33,502] {logging_mixin.py:109} INFO - [2022-05-11 06:56:33,502] {dagbag.py:500} INFO - Filling up the DagBag from /home/airflow/.local/lib/python3.7/site-packages/airflow/example_dags/example_branch_python_dop_operator_3.py
[2022-05-11 06:56:33,518] {processor.py:652} INFO - DAG(s) dict_keys(['example_branch_dop_operator_v3']) retrieved from /home/airflow/.local/lib/python3.7/site-packages/airflow/example_dags/example_branch_python_dop_operator_3.py
[2022-05-11 06:56:33,538] {logging_mixin.py:109} INFO - [2022-05-11 06:56:33,538] {dag.py:2398} INFO - Sync 1 DAGs
[2022-05-11 06:56:33,563] {logging_mixin.py:109} INFO - [2022-05-11 06:56:33,563] {dag.py:2937} INFO - Setting next_dagrun for example_branch_dop_operator_v3 to 2022-05-11T06:55:00+00:00
[2022-05-11 06:56:33,578] {processor.py:171} INFO - Processing /home/airflow/.local/lib/python3.7/site-packages/airflow/example_dags/example_branch_python_dop_operator_3.py took 0.081 seconds
[2022-05-11 06:57:04,901] {processor.py:163} INFO - Started process (PID=29006) to work on /home/airflow/.local/lib/python3.7/site-packages/airflow/example_dags/example_branch_python_dop_operator_3.py
[2022-05-11 06:57:04,903] {processor.py:642} INFO - Processing file /home/airflow/.local/lib/python3.7/site-packages/airflow/example_dags/example_branch_python_dop_operator_3.py for tasks to queue
[2022-05-11 06:57:04,903] {logging_mixin.py:109} INFO - [2022-05-11 06:57:04,903] {dagbag.py:500} INFO - Filling up the DagBag from /home/airflow/.local/lib/python3.7/site-packages/airflow/example_dags/example_branch_python_dop_operator_3.py
[2022-05-11 06:57:04,918] {processor.py:652} INFO - DAG(s) dict_keys(['example_branch_dop_operator_v3']) retrieved from /home/airflow/.local/lib/python3.7/site-packages/airflow/example_dags/example_branch_python_dop_operator_3.py
[2022-05-11 06:57:04,938] {logging_mixin.py:109} INFO - [2022-05-11 06:57:04,938] {dag.py:2398} INFO - Sync 1 DAGs
[2022-05-11 06:57:04,958] {logging_mixin.py:109} INFO - [2022-05-11 06:57:04,958] {dag.py:2937} INFO - Setting next_dagrun for example_branch_dop_operator_v3 to 2022-05-11T06:56:00+00:00
[2022-05-11 06:57:04,972] {processor.py:171} INFO - Processing /home/airflow/.local/lib/python3.7/site-packages/airflow/example_dags/example_branch_python_dop_operator_3.py took 0.075 seconds
[2022-05-11 06:57:35,134] {processor.py:163} INFO - Started process (PID=29079) to work on /home/airflow/.local/lib/python3.7/site-packages/airflow/example_dags/example_branch_python_dop_operator_3.py
[2022-05-11 06:57:35,136] {processor.py:642} INFO - Processing file /home/airflow/.local/lib/python3.7/site-packages/airflow/example_dags/example_branch_python_dop_operator_3.py for tasks to queue
[2022-05-11 06:57:35,137] {logging_mixin.py:109} INFO - [2022-05-11 06:57:35,137] {dagbag.py:500} INFO - Filling up the DagBag from /home/airflow/.local/lib/python3.7/site-packages/airflow/example_dags/example_branch_python_dop_operator_3.py
[2022-05-11 06:57:35,154] {processor.py:652} INFO - DAG(s) dict_keys(['example_branch_dop_operator_v3']) retrieved from /home/airflow/.local/lib/python3.7/site-packages/airflow/example_dags/example_branch_python_dop_operator_3.py
[2022-05-11 06:57:35,174] {logging_mixin.py:109} INFO - [2022-05-11 06:57:35,174] {dag.py:2398} INFO - Sync 1 DAGs
[2022-05-11 06:57:35,195] {logging_mixin.py:109} INFO - [2022-05-11 06:57:35,194] {dag.py:2937} INFO - Setting next_dagrun for example_branch_dop_operator_v3 to 2022-05-11T06:56:00+00:00
[2022-05-11 06:57:35,212] {processor.py:171} INFO - Processing /home/airflow/.local/lib/python3.7/site-packages/airflow/example_dags/example_branch_python_dop_operator_3.py took 0.081 seconds
[2022-05-11 06:58:05,690] {processor.py:163} INFO - Started process (PID=29143) to work on /home/airflow/.local/lib/python3.7/site-packages/airflow/example_dags/example_branch_python_dop_operator_3.py
[2022-05-11 06:58:05,691] {processor.py:642} INFO - Processing file /home/airflow/.local/lib/python3.7/site-packages/airflow/example_dags/example_branch_python_dop_operator_3.py for tasks to queue
[2022-05-11 06:58:05,693] {logging_mixin.py:109} INFO - [2022-05-11 06:58:05,692] {dagbag.py:500} INFO - Filling up the DagBag from /home/airflow/.local/lib/python3.7/site-packages/airflow/example_dags/example_branch_python_dop_operator_3.py
[2022-05-11 06:58:05,709] {processor.py:652} INFO - DAG(s) dict_keys(['example_branch_dop_operator_v3']) retrieved from /home/airflow/.local/lib/python3.7/site-packages/airflow/example_dags/example_branch_python_dop_operator_3.py
[2022-05-11 06:58:05,731] {logging_mixin.py:109} INFO - [2022-05-11 06:58:05,731] {dag.py:2398} INFO - Sync 1 DAGs
[2022-05-11 06:58:05,751] {logging_mixin.py:109} INFO - [2022-05-11 06:58:05,751] {dag.py:2937} INFO - Setting next_dagrun for example_branch_dop_operator_v3 to 2022-05-11T06:57:00+00:00
[2022-05-11 06:58:05,766] {processor.py:171} INFO - Processing /home/airflow/.local/lib/python3.7/site-packages/airflow/example_dags/example_branch_python_dop_operator_3.py took 0.081 seconds
[2022-05-11 06:58:36,003] {processor.py:163} INFO - Started process (PID=29215) to work on /home/airflow/.local/lib/python3.7/site-packages/airflow/example_dags/example_branch_python_dop_operator_3.py
[2022-05-11 06:58:36,005] {processor.py:642} INFO - Processing file /home/airflow/.local/lib/python3.7/site-packages/airflow/example_dags/example_branch_python_dop_operator_3.py for tasks to queue
[2022-05-11 06:58:36,006] {logging_mixin.py:109} INFO - [2022-05-11 06:58:36,006] {dagbag.py:500} INFO - Filling up the DagBag from /home/airflow/.local/lib/python3.7/site-packages/airflow/example_dags/example_branch_python_dop_operator_3.py
[2022-05-11 06:58:36,021] {processor.py:652} INFO - DAG(s) dict_keys(['example_branch_dop_operator_v3']) retrieved from /home/airflow/.local/lib/python3.7/site-packages/airflow/example_dags/example_branch_python_dop_operator_3.py
[2022-05-11 06:58:36,048] {logging_mixin.py:109} INFO - [2022-05-11 06:58:36,048] {dag.py:2398} INFO - Sync 1 DAGs
[2022-05-11 06:58:36,066] {logging_mixin.py:109} INFO - [2022-05-11 06:58:36,066] {dag.py:2937} INFO - Setting next_dagrun for example_branch_dop_operator_v3 to 2022-05-11T06:57:00+00:00
[2022-05-11 06:58:36,078] {processor.py:171} INFO - Processing /home/airflow/.local/lib/python3.7/site-packages/airflow/example_dags/example_branch_python_dop_operator_3.py took 0.079 seconds
[2022-05-11 06:59:06,419] {processor.py:163} INFO - Started process (PID=29277) to work on /home/airflow/.local/lib/python3.7/site-packages/airflow/example_dags/example_branch_python_dop_operator_3.py
[2022-05-11 06:59:06,420] {processor.py:642} INFO - Processing file /home/airflow/.local/lib/python3.7/site-packages/airflow/example_dags/example_branch_python_dop_operator_3.py for tasks to queue
[2022-05-11 06:59:06,422] {logging_mixin.py:109} INFO - [2022-05-11 06:59:06,421] {dagbag.py:500} INFO - Filling up the DagBag from /home/airflow/.local/lib/python3.7/site-packages/airflow/example_dags/example_branch_python_dop_operator_3.py
[2022-05-11 06:59:06,446] {processor.py:652} INFO - DAG(s) dict_keys(['example_branch_dop_operator_v3']) retrieved from /home/airflow/.local/lib/python3.7/site-packages/airflow/example_dags/example_branch_python_dop_operator_3.py
[2022-05-11 06:59:06,470] {logging_mixin.py:109} INFO - [2022-05-11 06:59:06,470] {dag.py:2398} INFO - Sync 1 DAGs
[2022-05-11 06:59:06,492] {logging_mixin.py:109} INFO - [2022-05-11 06:59:06,492] {dag.py:2937} INFO - Setting next_dagrun for example_branch_dop_operator_v3 to 2022-05-11T06:58:00+00:00
[2022-05-11 06:59:06,508] {processor.py:171} INFO - Processing /home/airflow/.local/lib/python3.7/site-packages/airflow/example_dags/example_branch_python_dop_operator_3.py took 0.093 seconds
[2022-05-11 06:59:37,099] {processor.py:163} INFO - Started process (PID=29350) to work on /home/airflow/.local/lib/python3.7/site-packages/airflow/example_dags/example_branch_python_dop_operator_3.py
[2022-05-11 06:59:37,101] {processor.py:642} INFO - Processing file /home/airflow/.local/lib/python3.7/site-packages/airflow/example_dags/example_branch_python_dop_operator_3.py for tasks to queue
[2022-05-11 06:59:37,102] {logging_mixin.py:109} INFO - [2022-05-11 06:59:37,102] {dagbag.py:500} INFO - Filling up the DagBag from /home/airflow/.local/lib/python3.7/site-packages/airflow/example_dags/example_branch_python_dop_operator_3.py
[2022-05-11 06:59:37,117] {processor.py:652} INFO - DAG(s) dict_keys(['example_branch_dop_operator_v3']) retrieved from /home/airflow/.local/lib/python3.7/site-packages/airflow/example_dags/example_branch_python_dop_operator_3.py
[2022-05-11 06:59:37,142] {logging_mixin.py:109} INFO - [2022-05-11 06:59:37,142] {dag.py:2398} INFO - Sync 1 DAGs
[2022-05-11 06:59:37,164] {logging_mixin.py:109} INFO - [2022-05-11 06:59:37,164] {dag.py:2937} INFO - Setting next_dagrun for example_branch_dop_operator_v3 to 2022-05-11T06:58:00+00:00
[2022-05-11 06:59:37,180] {processor.py:171} INFO - Processing /home/airflow/.local/lib/python3.7/site-packages/airflow/example_dags/example_branch_python_dop_operator_3.py took 0.084 seconds
[2022-05-11 07:00:07,954] {processor.py:163} INFO - Started process (PID=29414) to work on /home/airflow/.local/lib/python3.7/site-packages/airflow/example_dags/example_branch_python_dop_operator_3.py
[2022-05-11 07:00:07,956] {processor.py:642} INFO - Processing file /home/airflow/.local/lib/python3.7/site-packages/airflow/example_dags/example_branch_python_dop_operator_3.py for tasks to queue
[2022-05-11 07:00:07,958] {logging_mixin.py:109} INFO - [2022-05-11 07:00:07,958] {dagbag.py:500} INFO - Filling up the DagBag from /home/airflow/.local/lib/python3.7/site-packages/airflow/example_dags/example_branch_python_dop_operator_3.py
[2022-05-11 07:00:07,974] {processor.py:652} INFO - DAG(s) dict_keys(['example_branch_dop_operator_v3']) retrieved from /home/airflow/.local/lib/python3.7/site-packages/airflow/example_dags/example_branch_python_dop_operator_3.py
[2022-05-11 07:00:08,001] {logging_mixin.py:109} INFO - [2022-05-11 07:00:08,001] {dag.py:2398} INFO - Sync 1 DAGs
[2022-05-11 07:00:08,020] {logging_mixin.py:109} INFO - [2022-05-11 07:00:08,020] {dag.py:2937} INFO - Setting next_dagrun for example_branch_dop_operator_v3 to 2022-05-11T06:59:00+00:00
[2022-05-11 07:00:08,035] {processor.py:171} INFO - Processing /home/airflow/.local/lib/python3.7/site-packages/airflow/example_dags/example_branch_python_dop_operator_3.py took 0.085 seconds
[2022-05-11 07:00:38,400] {processor.py:163} INFO - Started process (PID=29488) to work on /home/airflow/.local/lib/python3.7/site-packages/airflow/example_dags/example_branch_python_dop_operator_3.py
[2022-05-11 07:00:38,402] {processor.py:642} INFO - Processing file /home/airflow/.local/lib/python3.7/site-packages/airflow/example_dags/example_branch_python_dop_operator_3.py for tasks to queue
[2022-05-11 07:00:38,403] {logging_mixin.py:109} INFO - [2022-05-11 07:00:38,403] {dagbag.py:500} INFO - Filling up the DagBag from /home/airflow/.local/lib/python3.7/site-packages/airflow/example_dags/example_branch_python_dop_operator_3.py
[2022-05-11 07:00:38,418] {processor.py:652} INFO - DAG(s) dict_keys(['example_branch_dop_operator_v3']) retrieved from /home/airflow/.local/lib/python3.7/site-packages/airflow/example_dags/example_branch_python_dop_operator_3.py
[2022-05-11 07:00:38,439] {logging_mixin.py:109} INFO - [2022-05-11 07:00:38,439] {dag.py:2398} INFO - Sync 1 DAGs
[2022-05-11 07:00:38,457] {logging_mixin.py:109} INFO - [2022-05-11 07:00:38,457] {dag.py:2937} INFO - Setting next_dagrun for example_branch_dop_operator_v3 to 2022-05-11T06:59:00+00:00
[2022-05-11 07:00:38,470] {processor.py:171} INFO - Processing /home/airflow/.local/lib/python3.7/site-packages/airflow/example_dags/example_branch_python_dop_operator_3.py took 0.073 seconds
[2022-05-11 07:01:08,842] {processor.py:163} INFO - Started process (PID=29551) to work on /home/airflow/.local/lib/python3.7/site-packages/airflow/example_dags/example_branch_python_dop_operator_3.py
[2022-05-11 07:01:08,844] {processor.py:642} INFO - Processing file /home/airflow/.local/lib/python3.7/site-packages/airflow/example_dags/example_branch_python_dop_operator_3.py for tasks to queue
[2022-05-11 07:01:08,845] {logging_mixin.py:109} INFO - [2022-05-11 07:01:08,845] {dagbag.py:500} INFO - Filling up the DagBag from /home/airflow/.local/lib/python3.7/site-packages/airflow/example_dags/example_branch_python_dop_operator_3.py
[2022-05-11 07:01:08,869] {processor.py:652} INFO - DAG(s) dict_keys(['example_branch_dop_operator_v3']) retrieved from /home/airflow/.local/lib/python3.7/site-packages/airflow/example_dags/example_branch_python_dop_operator_3.py
[2022-05-11 07:01:08,977] {logging_mixin.py:109} INFO - [2022-05-11 07:01:08,977] {dag.py:2398} INFO - Sync 1 DAGs
[2022-05-11 07:01:09,000] {logging_mixin.py:109} INFO - [2022-05-11 07:01:09,000] {dag.py:2937} INFO - Setting next_dagrun for example_branch_dop_operator_v3 to 2022-05-11T07:00:00+00:00
[2022-05-11 07:01:09,017] {processor.py:171} INFO - Processing /home/airflow/.local/lib/python3.7/site-packages/airflow/example_dags/example_branch_python_dop_operator_3.py took 0.178 seconds
[2022-05-11 07:01:39,436] {processor.py:163} INFO - Started process (PID=29624) to work on /home/airflow/.local/lib/python3.7/site-packages/airflow/example_dags/example_branch_python_dop_operator_3.py
[2022-05-11 07:01:39,438] {processor.py:642} INFO - Processing file /home/airflow/.local/lib/python3.7/site-packages/airflow/example_dags/example_branch_python_dop_operator_3.py for tasks to queue
[2022-05-11 07:01:39,439] {logging_mixin.py:109} INFO - [2022-05-11 07:01:39,439] {dagbag.py:500} INFO - Filling up the DagBag from /home/airflow/.local/lib/python3.7/site-packages/airflow/example_dags/example_branch_python_dop_operator_3.py
[2022-05-11 07:01:39,455] {processor.py:652} INFO - DAG(s) dict_keys(['example_branch_dop_operator_v3']) retrieved from /home/airflow/.local/lib/python3.7/site-packages/airflow/example_dags/example_branch_python_dop_operator_3.py
[2022-05-11 07:01:39,476] {logging_mixin.py:109} INFO - [2022-05-11 07:01:39,476] {dag.py:2398} INFO - Sync 1 DAGs
[2022-05-11 07:01:39,492] {logging_mixin.py:109} INFO - [2022-05-11 07:01:39,492] {dag.py:2937} INFO - Setting next_dagrun for example_branch_dop_operator_v3 to 2022-05-11T07:00:00+00:00
[2022-05-11 07:01:39,506] {processor.py:171} INFO - Processing /home/airflow/.local/lib/python3.7/site-packages/airflow/example_dags/example_branch_python_dop_operator_3.py took 0.073 seconds
[2022-05-11 07:02:09,763] {processor.py:163} INFO - Started process (PID=29697) to work on /home/airflow/.local/lib/python3.7/site-packages/airflow/example_dags/example_branch_python_dop_operator_3.py
[2022-05-11 07:02:09,765] {processor.py:642} INFO - Processing file /home/airflow/.local/lib/python3.7/site-packages/airflow/example_dags/example_branch_python_dop_operator_3.py for tasks to queue
[2022-05-11 07:02:09,766] {logging_mixin.py:109} INFO - [2022-05-11 07:02:09,766] {dagbag.py:500} INFO - Filling up the DagBag from /home/airflow/.local/lib/python3.7/site-packages/airflow/example_dags/example_branch_python_dop_operator_3.py
[2022-05-11 07:02:09,785] {processor.py:652} INFO - DAG(s) dict_keys(['example_branch_dop_operator_v3']) retrieved from /home/airflow/.local/lib/python3.7/site-packages/airflow/example_dags/example_branch_python_dop_operator_3.py
[2022-05-11 07:02:09,812] {logging_mixin.py:109} INFO - [2022-05-11 07:02:09,812] {dag.py:2398} INFO - Sync 1 DAGs
[2022-05-11 07:02:09,834] {logging_mixin.py:109} INFO - [2022-05-11 07:02:09,833] {dag.py:2937} INFO - Setting next_dagrun for example_branch_dop_operator_v3 to 2022-05-11T07:01:00+00:00
[2022-05-11 07:02:09,850] {processor.py:171} INFO - Processing /home/airflow/.local/lib/python3.7/site-packages/airflow/example_dags/example_branch_python_dop_operator_3.py took 0.091 seconds
[2022-05-11 07:02:40,363] {processor.py:163} INFO - Started process (PID=29761) to work on /home/airflow/.local/lib/python3.7/site-packages/airflow/example_dags/example_branch_python_dop_operator_3.py
[2022-05-11 07:02:40,365] {processor.py:642} INFO - Processing file /home/airflow/.local/lib/python3.7/site-packages/airflow/example_dags/example_branch_python_dop_operator_3.py for tasks to queue
[2022-05-11 07:02:40,366] {logging_mixin.py:109} INFO - [2022-05-11 07:02:40,366] {dagbag.py:500} INFO - Filling up the DagBag from /home/airflow/.local/lib/python3.7/site-packages/airflow/example_dags/example_branch_python_dop_operator_3.py
[2022-05-11 07:02:40,383] {processor.py:652} INFO - DAG(s) dict_keys(['example_branch_dop_operator_v3']) retrieved from /home/airflow/.local/lib/python3.7/site-packages/airflow/example_dags/example_branch_python_dop_operator_3.py
[2022-05-11 07:02:40,406] {logging_mixin.py:109} INFO - [2022-05-11 07:02:40,406] {dag.py:2398} INFO - Sync 1 DAGs
[2022-05-11 07:02:40,427] {logging_mixin.py:109} INFO - [2022-05-11 07:02:40,427] {dag.py:2937} INFO - Setting next_dagrun for example_branch_dop_operator_v3 to 2022-05-11T07:01:00+00:00
[2022-05-11 07:02:40,442] {processor.py:171} INFO - Processing /home/airflow/.local/lib/python3.7/site-packages/airflow/example_dags/example_branch_python_dop_operator_3.py took 0.081 seconds
[2022-05-11 07:03:10,880] {processor.py:163} INFO - Started process (PID=29833) to work on /home/airflow/.local/lib/python3.7/site-packages/airflow/example_dags/example_branch_python_dop_operator_3.py
[2022-05-11 07:03:10,882] {processor.py:642} INFO - Processing file /home/airflow/.local/lib/python3.7/site-packages/airflow/example_dags/example_branch_python_dop_operator_3.py for tasks to queue
[2022-05-11 07:03:10,883] {logging_mixin.py:109} INFO - [2022-05-11 07:03:10,883] {dagbag.py:500} INFO - Filling up the DagBag from /home/airflow/.local/lib/python3.7/site-packages/airflow/example_dags/example_branch_python_dop_operator_3.py
[2022-05-11 07:03:10,905] {processor.py:652} INFO - DAG(s) dict_keys(['example_branch_dop_operator_v3']) retrieved from /home/airflow/.local/lib/python3.7/site-packages/airflow/example_dags/example_branch_python_dop_operator_3.py
[2022-05-11 07:03:10,931] {logging_mixin.py:109} INFO - [2022-05-11 07:03:10,931] {dag.py:2398} INFO - Sync 1 DAGs
[2022-05-11 07:03:10,952] {logging_mixin.py:109} INFO - [2022-05-11 07:03:10,952] {dag.py:2937} INFO - Setting next_dagrun for example_branch_dop_operator_v3 to 2022-05-11T07:02:00+00:00
[2022-05-11 07:03:10,967] {processor.py:171} INFO - Processing /home/airflow/.local/lib/python3.7/site-packages/airflow/example_dags/example_branch_python_dop_operator_3.py took 0.091 seconds
[2022-05-11 07:03:41,666] {processor.py:163} INFO - Started process (PID=29895) to work on /home/airflow/.local/lib/python3.7/site-packages/airflow/example_dags/example_branch_python_dop_operator_3.py
[2022-05-11 07:03:41,668] {processor.py:642} INFO - Processing file /home/airflow/.local/lib/python3.7/site-packages/airflow/example_dags/example_branch_python_dop_operator_3.py for tasks to queue
[2022-05-11 07:03:41,669] {logging_mixin.py:109} INFO - [2022-05-11 07:03:41,669] {dagbag.py:500} INFO - Filling up the DagBag from /home/airflow/.local/lib/python3.7/site-packages/airflow/example_dags/example_branch_python_dop_operator_3.py
[2022-05-11 07:03:41,690] {processor.py:652} INFO - DAG(s) dict_keys(['example_branch_dop_operator_v3']) retrieved from /home/airflow/.local/lib/python3.7/site-packages/airflow/example_dags/example_branch_python_dop_operator_3.py
[2022-05-11 07:03:41,714] {logging_mixin.py:109} INFO - [2022-05-11 07:03:41,714] {dag.py:2398} INFO - Sync 1 DAGs
[2022-05-11 07:03:41,735] {logging_mixin.py:109} INFO - [2022-05-11 07:03:41,735] {dag.py:2937} INFO - Setting next_dagrun for example_branch_dop_operator_v3 to 2022-05-11T07:02:00+00:00
[2022-05-11 07:03:41,752] {processor.py:171} INFO - Processing /home/airflow/.local/lib/python3.7/site-packages/airflow/example_dags/example_branch_python_dop_operator_3.py took 0.089 seconds
[2022-05-11 07:04:12,286] {processor.py:163} INFO - Started process (PID=29968) to work on /home/airflow/.local/lib/python3.7/site-packages/airflow/example_dags/example_branch_python_dop_operator_3.py
[2022-05-11 07:04:12,287] {processor.py:642} INFO - Processing file /home/airflow/.local/lib/python3.7/site-packages/airflow/example_dags/example_branch_python_dop_operator_3.py for tasks to queue
[2022-05-11 07:04:12,288] {logging_mixin.py:109} INFO - [2022-05-11 07:04:12,288] {dagbag.py:500} INFO - Filling up the DagBag from /home/airflow/.local/lib/python3.7/site-packages/airflow/example_dags/example_branch_python_dop_operator_3.py
[2022-05-11 07:04:12,303] {processor.py:652} INFO - DAG(s) dict_keys(['example_branch_dop_operator_v3']) retrieved from /home/airflow/.local/lib/python3.7/site-packages/airflow/example_dags/example_branch_python_dop_operator_3.py
[2022-05-11 07:04:12,324] {logging_mixin.py:109} INFO - [2022-05-11 07:04:12,324] {dag.py:2398} INFO - Sync 1 DAGs
[2022-05-11 07:04:12,344] {logging_mixin.py:109} INFO - [2022-05-11 07:04:12,344] {dag.py:2937} INFO - Setting next_dagrun for example_branch_dop_operator_v3 to 2022-05-11T07:03:00+00:00
[2022-05-11 07:04:12,360] {processor.py:171} INFO - Processing /home/airflow/.local/lib/python3.7/site-packages/airflow/example_dags/example_branch_python_dop_operator_3.py took 0.077 seconds
[2022-05-11 07:04:42,778] {processor.py:163} INFO - Started process (PID=30031) to work on /home/airflow/.local/lib/python3.7/site-packages/airflow/example_dags/example_branch_python_dop_operator_3.py
[2022-05-11 07:04:42,780] {processor.py:642} INFO - Processing file /home/airflow/.local/lib/python3.7/site-packages/airflow/example_dags/example_branch_python_dop_operator_3.py for tasks to queue
[2022-05-11 07:04:42,781] {logging_mixin.py:109} INFO - [2022-05-11 07:04:42,781] {dagbag.py:500} INFO - Filling up the DagBag from /home/airflow/.local/lib/python3.7/site-packages/airflow/example_dags/example_branch_python_dop_operator_3.py
[2022-05-11 07:04:42,797] {processor.py:652} INFO - DAG(s) dict_keys(['example_branch_dop_operator_v3']) retrieved from /home/airflow/.local/lib/python3.7/site-packages/airflow/example_dags/example_branch_python_dop_operator_3.py
[2022-05-11 07:04:42,816] {logging_mixin.py:109} INFO - [2022-05-11 07:04:42,816] {dag.py:2398} INFO - Sync 1 DAGs
[2022-05-11 07:04:42,840] {logging_mixin.py:109} INFO - [2022-05-11 07:04:42,840] {dag.py:2937} INFO - Setting next_dagrun for example_branch_dop_operator_v3 to 2022-05-11T07:03:00+00:00
[2022-05-11 07:04:42,856] {processor.py:171} INFO - Processing /home/airflow/.local/lib/python3.7/site-packages/airflow/example_dags/example_branch_python_dop_operator_3.py took 0.081 seconds
[2022-05-11 07:05:13,278] {processor.py:163} INFO - Started process (PID=30105) to work on /home/airflow/.local/lib/python3.7/site-packages/airflow/example_dags/example_branch_python_dop_operator_3.py
[2022-05-11 07:05:13,279] {processor.py:642} INFO - Processing file /home/airflow/.local/lib/python3.7/site-packages/airflow/example_dags/example_branch_python_dop_operator_3.py for tasks to queue
[2022-05-11 07:05:13,280] {logging_mixin.py:109} INFO - [2022-05-11 07:05:13,280] {dagbag.py:500} INFO - Filling up the DagBag from /home/airflow/.local/lib/python3.7/site-packages/airflow/example_dags/example_branch_python_dop_operator_3.py
[2022-05-11 07:05:13,295] {processor.py:652} INFO - DAG(s) dict_keys(['example_branch_dop_operator_v3']) retrieved from /home/airflow/.local/lib/python3.7/site-packages/airflow/example_dags/example_branch_python_dop_operator_3.py
[2022-05-11 07:05:13,315] {logging_mixin.py:109} INFO - [2022-05-11 07:05:13,315] {dag.py:2398} INFO - Sync 1 DAGs
[2022-05-11 07:05:13,333] {logging_mixin.py:109} INFO - [2022-05-11 07:05:13,333] {dag.py:2937} INFO - Setting next_dagrun for example_branch_dop_operator_v3 to 2022-05-11T07:04:00+00:00
[2022-05-11 07:05:13,348] {processor.py:171} INFO - Processing /home/airflow/.local/lib/python3.7/site-packages/airflow/example_dags/example_branch_python_dop_operator_3.py took 0.073 seconds
[2022-05-11 07:05:43,721] {processor.py:163} INFO - Started process (PID=30169) to work on /home/airflow/.local/lib/python3.7/site-packages/airflow/example_dags/example_branch_python_dop_operator_3.py
[2022-05-11 07:05:43,722] {processor.py:642} INFO - Processing file /home/airflow/.local/lib/python3.7/site-packages/airflow/example_dags/example_branch_python_dop_operator_3.py for tasks to queue
[2022-05-11 07:05:43,723] {logging_mixin.py:109} INFO - [2022-05-11 07:05:43,723] {dagbag.py:500} INFO - Filling up the DagBag from /home/airflow/.local/lib/python3.7/site-packages/airflow/example_dags/example_branch_python_dop_operator_3.py
[2022-05-11 07:05:43,737] {processor.py:652} INFO - DAG(s) dict_keys(['example_branch_dop_operator_v3']) retrieved from /home/airflow/.local/lib/python3.7/site-packages/airflow/example_dags/example_branch_python_dop_operator_3.py
[2022-05-11 07:05:43,761] {logging_mixin.py:109} INFO - [2022-05-11 07:05:43,761] {dag.py:2398} INFO - Sync 1 DAGs
[2022-05-11 07:05:43,784] {logging_mixin.py:109} INFO - [2022-05-11 07:05:43,783] {dag.py:2937} INFO - Setting next_dagrun for example_branch_dop_operator_v3 to 2022-05-11T07:04:00+00:00
[2022-05-11 07:05:43,800] {processor.py:171} INFO - Processing /home/airflow/.local/lib/python3.7/site-packages/airflow/example_dags/example_branch_python_dop_operator_3.py took 0.081 seconds
[2022-05-11 07:06:14,036] {processor.py:163} INFO - Started process (PID=30240) to work on /home/airflow/.local/lib/python3.7/site-packages/airflow/example_dags/example_branch_python_dop_operator_3.py
[2022-05-11 07:06:14,038] {processor.py:642} INFO - Processing file /home/airflow/.local/lib/python3.7/site-packages/airflow/example_dags/example_branch_python_dop_operator_3.py for tasks to queue
[2022-05-11 07:06:14,039] {logging_mixin.py:109} INFO - [2022-05-11 07:06:14,039] {dagbag.py:500} INFO - Filling up the DagBag from /home/airflow/.local/lib/python3.7/site-packages/airflow/example_dags/example_branch_python_dop_operator_3.py
[2022-05-11 07:06:14,053] {processor.py:652} INFO - DAG(s) dict_keys(['example_branch_dop_operator_v3']) retrieved from /home/airflow/.local/lib/python3.7/site-packages/airflow/example_dags/example_branch_python_dop_operator_3.py
[2022-05-11 07:06:14,076] {logging_mixin.py:109} INFO - [2022-05-11 07:06:14,076] {dag.py:2398} INFO - Sync 1 DAGs
[2022-05-11 07:06:14,097] {logging_mixin.py:109} INFO - [2022-05-11 07:06:14,097] {dag.py:2937} INFO - Setting next_dagrun for example_branch_dop_operator_v3 to 2022-05-11T07:05:00+00:00
[2022-05-11 07:06:14,112] {processor.py:171} INFO - Processing /home/airflow/.local/lib/python3.7/site-packages/airflow/example_dags/example_branch_python_dop_operator_3.py took 0.078 seconds
[2022-05-11 07:06:44,509] {processor.py:163} INFO - Started process (PID=30311) to work on /home/airflow/.local/lib/python3.7/site-packages/airflow/example_dags/example_branch_python_dop_operator_3.py
[2022-05-11 07:06:44,510] {processor.py:642} INFO - Processing file /home/airflow/.local/lib/python3.7/site-packages/airflow/example_dags/example_branch_python_dop_operator_3.py for tasks to queue
[2022-05-11 07:06:44,511] {logging_mixin.py:109} INFO - [2022-05-11 07:06:44,511] {dagbag.py:500} INFO - Filling up the DagBag from /home/airflow/.local/lib/python3.7/site-packages/airflow/example_dags/example_branch_python_dop_operator_3.py
[2022-05-11 07:06:44,525] {processor.py:652} INFO - DAG(s) dict_keys(['example_branch_dop_operator_v3']) retrieved from /home/airflow/.local/lib/python3.7/site-packages/airflow/example_dags/example_branch_python_dop_operator_3.py
[2022-05-11 07:06:44,547] {logging_mixin.py:109} INFO - [2022-05-11 07:06:44,547] {dag.py:2398} INFO - Sync 1 DAGs
[2022-05-11 07:06:44,566] {logging_mixin.py:109} INFO - [2022-05-11 07:06:44,566] {dag.py:2937} INFO - Setting next_dagrun for example_branch_dop_operator_v3 to 2022-05-11T07:05:00+00:00
[2022-05-11 07:06:44,581] {processor.py:171} INFO - Processing /home/airflow/.local/lib/python3.7/site-packages/airflow/example_dags/example_branch_python_dop_operator_3.py took 0.077 seconds
[2022-05-11 07:07:15,147] {processor.py:163} INFO - Started process (PID=30373) to work on /home/airflow/.local/lib/python3.7/site-packages/airflow/example_dags/example_branch_python_dop_operator_3.py
[2022-05-11 07:07:15,149] {processor.py:642} INFO - Processing file /home/airflow/.local/lib/python3.7/site-packages/airflow/example_dags/example_branch_python_dop_operator_3.py for tasks to queue
[2022-05-11 07:07:15,150] {logging_mixin.py:109} INFO - [2022-05-11 07:07:15,150] {dagbag.py:500} INFO - Filling up the DagBag from /home/airflow/.local/lib/python3.7/site-packages/airflow/example_dags/example_branch_python_dop_operator_3.py
[2022-05-11 07:07:15,164] {processor.py:652} INFO - DAG(s) dict_keys(['example_branch_dop_operator_v3']) retrieved from /home/airflow/.local/lib/python3.7/site-packages/airflow/example_dags/example_branch_python_dop_operator_3.py
[2022-05-11 07:07:15,184] {logging_mixin.py:109} INFO - [2022-05-11 07:07:15,184] {dag.py:2398} INFO - Sync 1 DAGs
[2022-05-11 07:07:15,207] {logging_mixin.py:109} INFO - [2022-05-11 07:07:15,207] {dag.py:2937} INFO - Setting next_dagrun for example_branch_dop_operator_v3 to 2022-05-11T07:06:00+00:00
[2022-05-11 07:07:15,221] {processor.py:171} INFO - Processing /home/airflow/.local/lib/python3.7/site-packages/airflow/example_dags/example_branch_python_dop_operator_3.py took 0.076 seconds
[2022-05-11 07:07:45,342] {processor.py:163} INFO - Started process (PID=30446) to work on /home/airflow/.local/lib/python3.7/site-packages/airflow/example_dags/example_branch_python_dop_operator_3.py
[2022-05-11 07:07:45,344] {processor.py:642} INFO - Processing file /home/airflow/.local/lib/python3.7/site-packages/airflow/example_dags/example_branch_python_dop_operator_3.py for tasks to queue
[2022-05-11 07:07:45,345] {logging_mixin.py:109} INFO - [2022-05-11 07:07:45,345] {dagbag.py:500} INFO - Filling up the DagBag from /home/airflow/.local/lib/python3.7/site-packages/airflow/example_dags/example_branch_python_dop_operator_3.py
[2022-05-11 07:07:45,365] {processor.py:652} INFO - DAG(s) dict_keys(['example_branch_dop_operator_v3']) retrieved from /home/airflow/.local/lib/python3.7/site-packages/airflow/example_dags/example_branch_python_dop_operator_3.py
[2022-05-11 07:07:45,389] {logging_mixin.py:109} INFO - [2022-05-11 07:07:45,389] {dag.py:2398} INFO - Sync 1 DAGs
[2022-05-11 07:07:45,412] {logging_mixin.py:109} INFO - [2022-05-11 07:07:45,412] {dag.py:2937} INFO - Setting next_dagrun for example_branch_dop_operator_v3 to 2022-05-11T07:06:00+00:00
[2022-05-11 07:07:45,426] {processor.py:171} INFO - Processing /home/airflow/.local/lib/python3.7/site-packages/airflow/example_dags/example_branch_python_dop_operator_3.py took 0.086 seconds
[2022-05-11 07:08:15,719] {processor.py:163} INFO - Started process (PID=30509) to work on /home/airflow/.local/lib/python3.7/site-packages/airflow/example_dags/example_branch_python_dop_operator_3.py
[2022-05-11 07:08:15,721] {processor.py:642} INFO - Processing file /home/airflow/.local/lib/python3.7/site-packages/airflow/example_dags/example_branch_python_dop_operator_3.py for tasks to queue
[2022-05-11 07:08:15,722] {logging_mixin.py:109} INFO - [2022-05-11 07:08:15,722] {dagbag.py:500} INFO - Filling up the DagBag from /home/airflow/.local/lib/python3.7/site-packages/airflow/example_dags/example_branch_python_dop_operator_3.py
[2022-05-11 07:08:15,737] {processor.py:652} INFO - DAG(s) dict_keys(['example_branch_dop_operator_v3']) retrieved from /home/airflow/.local/lib/python3.7/site-packages/airflow/example_dags/example_branch_python_dop_operator_3.py
[2022-05-11 07:08:15,759] {logging_mixin.py:109} INFO - [2022-05-11 07:08:15,758] {dag.py:2398} INFO - Sync 1 DAGs
[2022-05-11 07:08:15,777] {logging_mixin.py:109} INFO - [2022-05-11 07:08:15,776] {dag.py:2937} INFO - Setting next_dagrun for example_branch_dop_operator_v3 to 2022-05-11T07:07:00+00:00
[2022-05-11 07:08:15,788] {processor.py:171} INFO - Processing /home/airflow/.local/lib/python3.7/site-packages/airflow/example_dags/example_branch_python_dop_operator_3.py took 0.072 seconds
[2022-05-11 07:08:46,203] {processor.py:163} INFO - Started process (PID=30581) to work on /home/airflow/.local/lib/python3.7/site-packages/airflow/example_dags/example_branch_python_dop_operator_3.py
[2022-05-11 07:08:46,204] {processor.py:642} INFO - Processing file /home/airflow/.local/lib/python3.7/site-packages/airflow/example_dags/example_branch_python_dop_operator_3.py for tasks to queue
[2022-05-11 07:08:46,205] {logging_mixin.py:109} INFO - [2022-05-11 07:08:46,205] {dagbag.py:500} INFO - Filling up the DagBag from /home/airflow/.local/lib/python3.7/site-packages/airflow/example_dags/example_branch_python_dop_operator_3.py
[2022-05-11 07:08:46,224] {processor.py:652} INFO - DAG(s) dict_keys(['example_branch_dop_operator_v3']) retrieved from /home/airflow/.local/lib/python3.7/site-packages/airflow/example_dags/example_branch_python_dop_operator_3.py
[2022-05-11 07:08:46,244] {logging_mixin.py:109} INFO - [2022-05-11 07:08:46,244] {dag.py:2398} INFO - Sync 1 DAGs
[2022-05-11 07:08:46,262] {logging_mixin.py:109} INFO - [2022-05-11 07:08:46,262] {dag.py:2937} INFO - Setting next_dagrun for example_branch_dop_operator_v3 to 2022-05-11T07:07:00+00:00
[2022-05-11 07:08:46,275] {processor.py:171} INFO - Processing /home/airflow/.local/lib/python3.7/site-packages/airflow/example_dags/example_branch_python_dop_operator_3.py took 0.075 seconds
[2022-05-11 07:09:16,902] {processor.py:163} INFO - Started process (PID=30644) to work on /home/airflow/.local/lib/python3.7/site-packages/airflow/example_dags/example_branch_python_dop_operator_3.py
[2022-05-11 07:09:16,903] {processor.py:642} INFO - Processing file /home/airflow/.local/lib/python3.7/site-packages/airflow/example_dags/example_branch_python_dop_operator_3.py for tasks to queue
[2022-05-11 07:09:16,905] {logging_mixin.py:109} INFO - [2022-05-11 07:09:16,905] {dagbag.py:500} INFO - Filling up the DagBag from /home/airflow/.local/lib/python3.7/site-packages/airflow/example_dags/example_branch_python_dop_operator_3.py
[2022-05-11 07:09:16,924] {processor.py:652} INFO - DAG(s) dict_keys(['example_branch_dop_operator_v3']) retrieved from /home/airflow/.local/lib/python3.7/site-packages/airflow/example_dags/example_branch_python_dop_operator_3.py
[2022-05-11 07:09:16,946] {logging_mixin.py:109} INFO - [2022-05-11 07:09:16,946] {dag.py:2398} INFO - Sync 1 DAGs
[2022-05-11 07:09:16,964] {logging_mixin.py:109} INFO - [2022-05-11 07:09:16,964] {dag.py:2937} INFO - Setting next_dagrun for example_branch_dop_operator_v3 to 2022-05-11T07:08:00+00:00
[2022-05-11 07:09:16,978] {processor.py:171} INFO - Processing /home/airflow/.local/lib/python3.7/site-packages/airflow/example_dags/example_branch_python_dop_operator_3.py took 0.080 seconds
[2022-05-11 07:09:47,368] {processor.py:163} INFO - Started process (PID=30715) to work on /home/airflow/.local/lib/python3.7/site-packages/airflow/example_dags/example_branch_python_dop_operator_3.py
[2022-05-11 07:09:47,370] {processor.py:642} INFO - Processing file /home/airflow/.local/lib/python3.7/site-packages/airflow/example_dags/example_branch_python_dop_operator_3.py for tasks to queue
[2022-05-11 07:09:47,371] {logging_mixin.py:109} INFO - [2022-05-11 07:09:47,371] {dagbag.py:500} INFO - Filling up the DagBag from /home/airflow/.local/lib/python3.7/site-packages/airflow/example_dags/example_branch_python_dop_operator_3.py
[2022-05-11 07:09:47,385] {processor.py:652} INFO - DAG(s) dict_keys(['example_branch_dop_operator_v3']) retrieved from /home/airflow/.local/lib/python3.7/site-packages/airflow/example_dags/example_branch_python_dop_operator_3.py
[2022-05-11 07:09:47,406] {logging_mixin.py:109} INFO - [2022-05-11 07:09:47,406] {dag.py:2398} INFO - Sync 1 DAGs
[2022-05-11 07:09:47,422] {logging_mixin.py:109} INFO - [2022-05-11 07:09:47,422] {dag.py:2937} INFO - Setting next_dagrun for example_branch_dop_operator_v3 to 2022-05-11T07:08:00+00:00
[2022-05-11 07:09:47,434] {processor.py:171} INFO - Processing /home/airflow/.local/lib/python3.7/site-packages/airflow/example_dags/example_branch_python_dop_operator_3.py took 0.069 seconds
[2022-05-11 07:10:17,981] {processor.py:163} INFO - Started process (PID=30778) to work on /home/airflow/.local/lib/python3.7/site-packages/airflow/example_dags/example_branch_python_dop_operator_3.py
[2022-05-11 07:10:17,986] {processor.py:642} INFO - Processing file /home/airflow/.local/lib/python3.7/site-packages/airflow/example_dags/example_branch_python_dop_operator_3.py for tasks to queue
[2022-05-11 07:10:17,987] {logging_mixin.py:109} INFO - [2022-05-11 07:10:17,987] {dagbag.py:500} INFO - Filling up the DagBag from /home/airflow/.local/lib/python3.7/site-packages/airflow/example_dags/example_branch_python_dop_operator_3.py
[2022-05-11 07:10:18,014] {processor.py:652} INFO - DAG(s) dict_keys(['example_branch_dop_operator_v3']) retrieved from /home/airflow/.local/lib/python3.7/site-packages/airflow/example_dags/example_branch_python_dop_operator_3.py
[2022-05-11 07:10:18,039] {logging_mixin.py:109} INFO - [2022-05-11 07:10:18,039] {dag.py:2398} INFO - Sync 1 DAGs
[2022-05-11 07:10:18,066] {logging_mixin.py:109} INFO - [2022-05-11 07:10:18,065] {dag.py:2937} INFO - Setting next_dagrun for example_branch_dop_operator_v3 to 2022-05-11T07:09:00+00:00
[2022-05-11 07:10:18,083] {processor.py:171} INFO - Processing /home/airflow/.local/lib/python3.7/site-packages/airflow/example_dags/example_branch_python_dop_operator_3.py took 0.109 seconds
[2022-05-11 07:10:48,680] {processor.py:163} INFO - Started process (PID=30851) to work on /home/airflow/.local/lib/python3.7/site-packages/airflow/example_dags/example_branch_python_dop_operator_3.py
[2022-05-11 07:10:48,682] {processor.py:642} INFO - Processing file /home/airflow/.local/lib/python3.7/site-packages/airflow/example_dags/example_branch_python_dop_operator_3.py for tasks to queue
[2022-05-11 07:10:48,683] {logging_mixin.py:109} INFO - [2022-05-11 07:10:48,683] {dagbag.py:500} INFO - Filling up the DagBag from /home/airflow/.local/lib/python3.7/site-packages/airflow/example_dags/example_branch_python_dop_operator_3.py
[2022-05-11 07:10:48,703] {processor.py:652} INFO - DAG(s) dict_keys(['example_branch_dop_operator_v3']) retrieved from /home/airflow/.local/lib/python3.7/site-packages/airflow/example_dags/example_branch_python_dop_operator_3.py
[2022-05-11 07:10:48,728] {logging_mixin.py:109} INFO - [2022-05-11 07:10:48,728] {dag.py:2398} INFO - Sync 1 DAGs
[2022-05-11 07:10:48,750] {logging_mixin.py:109} INFO - [2022-05-11 07:10:48,750] {dag.py:2937} INFO - Setting next_dagrun for example_branch_dop_operator_v3 to 2022-05-11T07:09:00+00:00
[2022-05-11 07:10:48,766] {processor.py:171} INFO - Processing /home/airflow/.local/lib/python3.7/site-packages/airflow/example_dags/example_branch_python_dop_operator_3.py took 0.090 seconds
[2022-05-11 07:11:19,416] {processor.py:163} INFO - Started process (PID=30923) to work on /home/airflow/.local/lib/python3.7/site-packages/airflow/example_dags/example_branch_python_dop_operator_3.py
[2022-05-11 07:11:19,418] {processor.py:642} INFO - Processing file /home/airflow/.local/lib/python3.7/site-packages/airflow/example_dags/example_branch_python_dop_operator_3.py for tasks to queue
[2022-05-11 07:11:19,419] {logging_mixin.py:109} INFO - [2022-05-11 07:11:19,418] {dagbag.py:500} INFO - Filling up the DagBag from /home/airflow/.local/lib/python3.7/site-packages/airflow/example_dags/example_branch_python_dop_operator_3.py
[2022-05-11 07:11:19,439] {processor.py:652} INFO - DAG(s) dict_keys(['example_branch_dop_operator_v3']) retrieved from /home/airflow/.local/lib/python3.7/site-packages/airflow/example_dags/example_branch_python_dop_operator_3.py
[2022-05-11 07:11:19,459] {logging_mixin.py:109} INFO - [2022-05-11 07:11:19,459] {dag.py:2398} INFO - Sync 1 DAGs
[2022-05-11 07:11:19,477] {logging_mixin.py:109} INFO - [2022-05-11 07:11:19,477] {dag.py:2937} INFO - Setting next_dagrun for example_branch_dop_operator_v3 to 2022-05-11T07:10:00+00:00
[2022-05-11 07:11:19,489] {processor.py:171} INFO - Processing /home/airflow/.local/lib/python3.7/site-packages/airflow/example_dags/example_branch_python_dop_operator_3.py took 0.077 seconds
[2022-05-11 07:11:50,133] {processor.py:163} INFO - Started process (PID=30987) to work on /home/airflow/.local/lib/python3.7/site-packages/airflow/example_dags/example_branch_python_dop_operator_3.py
[2022-05-11 07:11:50,135] {processor.py:642} INFO - Processing file /home/airflow/.local/lib/python3.7/site-packages/airflow/example_dags/example_branch_python_dop_operator_3.py for tasks to queue
[2022-05-11 07:11:50,135] {logging_mixin.py:109} INFO - [2022-05-11 07:11:50,135] {dagbag.py:500} INFO - Filling up the DagBag from /home/airflow/.local/lib/python3.7/site-packages/airflow/example_dags/example_branch_python_dop_operator_3.py
[2022-05-11 07:11:50,152] {processor.py:652} INFO - DAG(s) dict_keys(['example_branch_dop_operator_v3']) retrieved from /home/airflow/.local/lib/python3.7/site-packages/airflow/example_dags/example_branch_python_dop_operator_3.py
[2022-05-11 07:11:50,174] {logging_mixin.py:109} INFO - [2022-05-11 07:11:50,174] {dag.py:2398} INFO - Sync 1 DAGs
[2022-05-11 07:11:50,193] {logging_mixin.py:109} INFO - [2022-05-11 07:11:50,193] {dag.py:2937} INFO - Setting next_dagrun for example_branch_dop_operator_v3 to 2022-05-11T07:10:00+00:00
[2022-05-11 07:11:50,208] {processor.py:171} INFO - Processing /home/airflow/.local/lib/python3.7/site-packages/airflow/example_dags/example_branch_python_dop_operator_3.py took 0.078 seconds
[2022-05-11 07:12:20,786] {processor.py:163} INFO - Started process (PID=31060) to work on /home/airflow/.local/lib/python3.7/site-packages/airflow/example_dags/example_branch_python_dop_operator_3.py
[2022-05-11 07:12:20,788] {processor.py:642} INFO - Processing file /home/airflow/.local/lib/python3.7/site-packages/airflow/example_dags/example_branch_python_dop_operator_3.py for tasks to queue
[2022-05-11 07:12:20,790] {logging_mixin.py:109} INFO - [2022-05-11 07:12:20,789] {dagbag.py:500} INFO - Filling up the DagBag from /home/airflow/.local/lib/python3.7/site-packages/airflow/example_dags/example_branch_python_dop_operator_3.py
[2022-05-11 07:12:20,808] {processor.py:652} INFO - DAG(s) dict_keys(['example_branch_dop_operator_v3']) retrieved from /home/airflow/.local/lib/python3.7/site-packages/airflow/example_dags/example_branch_python_dop_operator_3.py
[2022-05-11 07:12:20,831] {logging_mixin.py:109} INFO - [2022-05-11 07:12:20,831] {dag.py:2398} INFO - Sync 1 DAGs
[2022-05-11 07:12:20,858] {logging_mixin.py:109} INFO - [2022-05-11 07:12:20,857] {dag.py:2937} INFO - Setting next_dagrun for example_branch_dop_operator_v3 to 2022-05-11T07:11:00+00:00
[2022-05-11 07:12:20,875] {processor.py:171} INFO - Processing /home/airflow/.local/lib/python3.7/site-packages/airflow/example_dags/example_branch_python_dop_operator_3.py took 0.093 seconds
[2022-05-11 07:12:51,322] {processor.py:163} INFO - Started process (PID=31124) to work on /home/airflow/.local/lib/python3.7/site-packages/airflow/example_dags/example_branch_python_dop_operator_3.py
[2022-05-11 07:12:51,324] {processor.py:642} INFO - Processing file /home/airflow/.local/lib/python3.7/site-packages/airflow/example_dags/example_branch_python_dop_operator_3.py for tasks to queue
[2022-05-11 07:12:51,325] {logging_mixin.py:109} INFO - [2022-05-11 07:12:51,325] {dagbag.py:500} INFO - Filling up the DagBag from /home/airflow/.local/lib/python3.7/site-packages/airflow/example_dags/example_branch_python_dop_operator_3.py
[2022-05-11 07:12:51,345] {processor.py:652} INFO - DAG(s) dict_keys(['example_branch_dop_operator_v3']) retrieved from /home/airflow/.local/lib/python3.7/site-packages/airflow/example_dags/example_branch_python_dop_operator_3.py
[2022-05-11 07:12:51,365] {logging_mixin.py:109} INFO - [2022-05-11 07:12:51,365] {dag.py:2398} INFO - Sync 1 DAGs
[2022-05-11 07:12:51,387] {logging_mixin.py:109} INFO - [2022-05-11 07:12:51,387] {dag.py:2937} INFO - Setting next_dagrun for example_branch_dop_operator_v3 to 2022-05-11T07:11:00+00:00
[2022-05-11 07:12:51,402] {processor.py:171} INFO - Processing /home/airflow/.local/lib/python3.7/site-packages/airflow/example_dags/example_branch_python_dop_operator_3.py took 0.082 seconds
[2022-05-11 07:13:22,267] {processor.py:163} INFO - Started process (PID=31197) to work on /home/airflow/.local/lib/python3.7/site-packages/airflow/example_dags/example_branch_python_dop_operator_3.py
[2022-05-11 07:13:22,269] {processor.py:642} INFO - Processing file /home/airflow/.local/lib/python3.7/site-packages/airflow/example_dags/example_branch_python_dop_operator_3.py for tasks to queue
[2022-05-11 07:13:22,270] {logging_mixin.py:109} INFO - [2022-05-11 07:13:22,270] {dagbag.py:500} INFO - Filling up the DagBag from /home/airflow/.local/lib/python3.7/site-packages/airflow/example_dags/example_branch_python_dop_operator_3.py
[2022-05-11 07:13:22,301] {processor.py:652} INFO - DAG(s) dict_keys(['example_branch_dop_operator_v3']) retrieved from /home/airflow/.local/lib/python3.7/site-packages/airflow/example_dags/example_branch_python_dop_operator_3.py
[2022-05-11 07:13:22,325] {logging_mixin.py:109} INFO - [2022-05-11 07:13:22,325] {dag.py:2398} INFO - Sync 1 DAGs
[2022-05-11 07:13:22,344] {logging_mixin.py:109} INFO - [2022-05-11 07:13:22,344] {dag.py:2937} INFO - Setting next_dagrun for example_branch_dop_operator_v3 to 2022-05-11T07:12:00+00:00
[2022-05-11 07:13:22,357] {processor.py:171} INFO - Processing /home/airflow/.local/lib/python3.7/site-packages/airflow/example_dags/example_branch_python_dop_operator_3.py took 0.097 seconds
[2022-05-11 07:13:52,419] {processor.py:163} INFO - Started process (PID=31260) to work on /home/airflow/.local/lib/python3.7/site-packages/airflow/example_dags/example_branch_python_dop_operator_3.py
[2022-05-11 07:13:52,421] {processor.py:642} INFO - Processing file /home/airflow/.local/lib/python3.7/site-packages/airflow/example_dags/example_branch_python_dop_operator_3.py for tasks to queue
[2022-05-11 07:13:52,422] {logging_mixin.py:109} INFO - [2022-05-11 07:13:52,422] {dagbag.py:500} INFO - Filling up the DagBag from /home/airflow/.local/lib/python3.7/site-packages/airflow/example_dags/example_branch_python_dop_operator_3.py
[2022-05-11 07:13:52,439] {processor.py:652} INFO - DAG(s) dict_keys(['example_branch_dop_operator_v3']) retrieved from /home/airflow/.local/lib/python3.7/site-packages/airflow/example_dags/example_branch_python_dop_operator_3.py
[2022-05-11 07:13:52,461] {logging_mixin.py:109} INFO - [2022-05-11 07:13:52,461] {dag.py:2398} INFO - Sync 1 DAGs
[2022-05-11 07:13:52,480] {logging_mixin.py:109} INFO - [2022-05-11 07:13:52,480] {dag.py:2937} INFO - Setting next_dagrun for example_branch_dop_operator_v3 to 2022-05-11T07:12:00+00:00
[2022-05-11 07:13:52,493] {processor.py:171} INFO - Processing /home/airflow/.local/lib/python3.7/site-packages/airflow/example_dags/example_branch_python_dop_operator_3.py took 0.078 seconds
[2022-05-11 07:14:22,870] {processor.py:163} INFO - Started process (PID=31332) to work on /home/airflow/.local/lib/python3.7/site-packages/airflow/example_dags/example_branch_python_dop_operator_3.py
[2022-05-11 07:14:22,872] {processor.py:642} INFO - Processing file /home/airflow/.local/lib/python3.7/site-packages/airflow/example_dags/example_branch_python_dop_operator_3.py for tasks to queue
[2022-05-11 07:14:22,873] {logging_mixin.py:109} INFO - [2022-05-11 07:14:22,873] {dagbag.py:500} INFO - Filling up the DagBag from /home/airflow/.local/lib/python3.7/site-packages/airflow/example_dags/example_branch_python_dop_operator_3.py
[2022-05-11 07:14:22,890] {processor.py:652} INFO - DAG(s) dict_keys(['example_branch_dop_operator_v3']) retrieved from /home/airflow/.local/lib/python3.7/site-packages/airflow/example_dags/example_branch_python_dop_operator_3.py
[2022-05-11 07:14:22,913] {logging_mixin.py:109} INFO - [2022-05-11 07:14:22,913] {dag.py:2398} INFO - Sync 1 DAGs
[2022-05-11 07:14:22,934] {logging_mixin.py:109} INFO - [2022-05-11 07:14:22,934] {dag.py:2937} INFO - Setting next_dagrun for example_branch_dop_operator_v3 to 2022-05-11T07:13:00+00:00
[2022-05-11 07:14:22,948] {processor.py:171} INFO - Processing /home/airflow/.local/lib/python3.7/site-packages/airflow/example_dags/example_branch_python_dop_operator_3.py took 0.080 seconds
[2022-05-11 07:14:53,385] {processor.py:163} INFO - Started process (PID=31395) to work on /home/airflow/.local/lib/python3.7/site-packages/airflow/example_dags/example_branch_python_dop_operator_3.py
[2022-05-11 07:14:53,386] {processor.py:642} INFO - Processing file /home/airflow/.local/lib/python3.7/site-packages/airflow/example_dags/example_branch_python_dop_operator_3.py for tasks to queue
[2022-05-11 07:14:53,387] {logging_mixin.py:109} INFO - [2022-05-11 07:14:53,387] {dagbag.py:500} INFO - Filling up the DagBag from /home/airflow/.local/lib/python3.7/site-packages/airflow/example_dags/example_branch_python_dop_operator_3.py
[2022-05-11 07:14:53,405] {processor.py:652} INFO - DAG(s) dict_keys(['example_branch_dop_operator_v3']) retrieved from /home/airflow/.local/lib/python3.7/site-packages/airflow/example_dags/example_branch_python_dop_operator_3.py
[2022-05-11 07:14:53,436] {logging_mixin.py:109} INFO - [2022-05-11 07:14:53,435] {dag.py:2398} INFO - Sync 1 DAGs
[2022-05-11 07:14:53,458] {logging_mixin.py:109} INFO - [2022-05-11 07:14:53,458] {dag.py:2937} INFO - Setting next_dagrun for example_branch_dop_operator_v3 to 2022-05-11T07:13:00+00:00
[2022-05-11 07:14:53,476] {processor.py:171} INFO - Processing /home/airflow/.local/lib/python3.7/site-packages/airflow/example_dags/example_branch_python_dop_operator_3.py took 0.094 seconds
[2022-05-11 07:15:23,529] {processor.py:163} INFO - Started process (PID=31469) to work on /home/airflow/.local/lib/python3.7/site-packages/airflow/example_dags/example_branch_python_dop_operator_3.py
[2022-05-11 07:15:23,531] {processor.py:642} INFO - Processing file /home/airflow/.local/lib/python3.7/site-packages/airflow/example_dags/example_branch_python_dop_operator_3.py for tasks to queue
[2022-05-11 07:15:23,532] {logging_mixin.py:109} INFO - [2022-05-11 07:15:23,532] {dagbag.py:500} INFO - Filling up the DagBag from /home/airflow/.local/lib/python3.7/site-packages/airflow/example_dags/example_branch_python_dop_operator_3.py
[2022-05-11 07:15:23,547] {processor.py:652} INFO - DAG(s) dict_keys(['example_branch_dop_operator_v3']) retrieved from /home/airflow/.local/lib/python3.7/site-packages/airflow/example_dags/example_branch_python_dop_operator_3.py
[2022-05-11 07:15:23,572] {logging_mixin.py:109} INFO - [2022-05-11 07:15:23,572] {dag.py:2398} INFO - Sync 1 DAGs
[2022-05-11 07:15:23,591] {logging_mixin.py:109} INFO - [2022-05-11 07:15:23,591] {dag.py:2937} INFO - Setting next_dagrun for example_branch_dop_operator_v3 to 2022-05-11T07:14:00+00:00
[2022-05-11 07:15:23,608] {processor.py:171} INFO - Processing /home/airflow/.local/lib/python3.7/site-packages/airflow/example_dags/example_branch_python_dop_operator_3.py took 0.082 seconds
[2022-05-11 07:15:53,955] {processor.py:163} INFO - Started process (PID=31533) to work on /home/airflow/.local/lib/python3.7/site-packages/airflow/example_dags/example_branch_python_dop_operator_3.py
[2022-05-11 07:15:53,957] {processor.py:642} INFO - Processing file /home/airflow/.local/lib/python3.7/site-packages/airflow/example_dags/example_branch_python_dop_operator_3.py for tasks to queue
[2022-05-11 07:15:53,958] {logging_mixin.py:109} INFO - [2022-05-11 07:15:53,957] {dagbag.py:500} INFO - Filling up the DagBag from /home/airflow/.local/lib/python3.7/site-packages/airflow/example_dags/example_branch_python_dop_operator_3.py
[2022-05-11 07:15:53,973] {processor.py:652} INFO - DAG(s) dict_keys(['example_branch_dop_operator_v3']) retrieved from /home/airflow/.local/lib/python3.7/site-packages/airflow/example_dags/example_branch_python_dop_operator_3.py
[2022-05-11 07:15:53,996] {logging_mixin.py:109} INFO - [2022-05-11 07:15:53,996] {dag.py:2398} INFO - Sync 1 DAGs
[2022-05-11 07:15:54,015] {logging_mixin.py:109} INFO - [2022-05-11 07:15:54,015] {dag.py:2937} INFO - Setting next_dagrun for example_branch_dop_operator_v3 to 2022-05-11T07:14:00+00:00
[2022-05-11 07:15:54,032] {processor.py:171} INFO - Processing /home/airflow/.local/lib/python3.7/site-packages/airflow/example_dags/example_branch_python_dop_operator_3.py took 0.082 seconds
[2022-05-11 07:16:24,628] {processor.py:163} INFO - Started process (PID=31606) to work on /home/airflow/.local/lib/python3.7/site-packages/airflow/example_dags/example_branch_python_dop_operator_3.py
[2022-05-11 07:16:24,630] {processor.py:642} INFO - Processing file /home/airflow/.local/lib/python3.7/site-packages/airflow/example_dags/example_branch_python_dop_operator_3.py for tasks to queue
[2022-05-11 07:16:24,631] {logging_mixin.py:109} INFO - [2022-05-11 07:16:24,631] {dagbag.py:500} INFO - Filling up the DagBag from /home/airflow/.local/lib/python3.7/site-packages/airflow/example_dags/example_branch_python_dop_operator_3.py
[2022-05-11 07:16:24,657] {processor.py:652} INFO - DAG(s) dict_keys(['example_branch_dop_operator_v3']) retrieved from /home/airflow/.local/lib/python3.7/site-packages/airflow/example_dags/example_branch_python_dop_operator_3.py
[2022-05-11 07:16:24,678] {logging_mixin.py:109} INFO - [2022-05-11 07:16:24,678] {dag.py:2398} INFO - Sync 1 DAGs
[2022-05-11 07:16:24,697] {logging_mixin.py:109} INFO - [2022-05-11 07:16:24,697] {dag.py:2937} INFO - Setting next_dagrun for example_branch_dop_operator_v3 to 2022-05-11T07:15:00+00:00
[2022-05-11 07:16:24,712] {processor.py:171} INFO - Processing /home/airflow/.local/lib/python3.7/site-packages/airflow/example_dags/example_branch_python_dop_operator_3.py took 0.086 seconds
[2022-05-11 07:16:55,168] {processor.py:163} INFO - Started process (PID=31670) to work on /home/airflow/.local/lib/python3.7/site-packages/airflow/example_dags/example_branch_python_dop_operator_3.py
[2022-05-11 07:16:55,171] {processor.py:642} INFO - Processing file /home/airflow/.local/lib/python3.7/site-packages/airflow/example_dags/example_branch_python_dop_operator_3.py for tasks to queue
[2022-05-11 07:16:55,174] {logging_mixin.py:109} INFO - [2022-05-11 07:16:55,173] {dagbag.py:500} INFO - Filling up the DagBag from /home/airflow/.local/lib/python3.7/site-packages/airflow/example_dags/example_branch_python_dop_operator_3.py
[2022-05-11 07:16:55,207] {processor.py:652} INFO - DAG(s) dict_keys(['example_branch_dop_operator_v3']) retrieved from /home/airflow/.local/lib/python3.7/site-packages/airflow/example_dags/example_branch_python_dop_operator_3.py
[2022-05-11 07:16:55,240] {logging_mixin.py:109} INFO - [2022-05-11 07:16:55,240] {dag.py:2398} INFO - Sync 1 DAGs
[2022-05-11 07:16:55,273] {logging_mixin.py:109} INFO - [2022-05-11 07:16:55,273] {dag.py:2937} INFO - Setting next_dagrun for example_branch_dop_operator_v3 to 2022-05-11T07:15:00+00:00
[2022-05-11 07:16:55,295] {processor.py:171} INFO - Processing /home/airflow/.local/lib/python3.7/site-packages/airflow/example_dags/example_branch_python_dop_operator_3.py took 0.131 seconds
[2022-05-11 07:17:25,711] {processor.py:163} INFO - Started process (PID=31742) to work on /home/airflow/.local/lib/python3.7/site-packages/airflow/example_dags/example_branch_python_dop_operator_3.py
[2022-05-11 07:17:25,714] {processor.py:642} INFO - Processing file /home/airflow/.local/lib/python3.7/site-packages/airflow/example_dags/example_branch_python_dop_operator_3.py for tasks to queue
[2022-05-11 07:17:25,715] {logging_mixin.py:109} INFO - [2022-05-11 07:17:25,715] {dagbag.py:500} INFO - Filling up the DagBag from /home/airflow/.local/lib/python3.7/site-packages/airflow/example_dags/example_branch_python_dop_operator_3.py
[2022-05-11 07:17:25,738] {processor.py:652} INFO - DAG(s) dict_keys(['example_branch_dop_operator_v3']) retrieved from /home/airflow/.local/lib/python3.7/site-packages/airflow/example_dags/example_branch_python_dop_operator_3.py
[2022-05-11 07:17:25,767] {logging_mixin.py:109} INFO - [2022-05-11 07:17:25,766] {dag.py:2398} INFO - Sync 1 DAGs
[2022-05-11 07:17:25,797] {logging_mixin.py:109} INFO - [2022-05-11 07:17:25,797] {dag.py:2937} INFO - Setting next_dagrun for example_branch_dop_operator_v3 to 2022-05-11T07:16:00+00:00
[2022-05-11 07:17:25,816] {processor.py:171} INFO - Processing /home/airflow/.local/lib/python3.7/site-packages/airflow/example_dags/example_branch_python_dop_operator_3.py took 0.109 seconds
[2022-05-11 07:17:56,023] {processor.py:163} INFO - Started process (PID=31806) to work on /home/airflow/.local/lib/python3.7/site-packages/airflow/example_dags/example_branch_python_dop_operator_3.py
[2022-05-11 07:17:56,025] {processor.py:642} INFO - Processing file /home/airflow/.local/lib/python3.7/site-packages/airflow/example_dags/example_branch_python_dop_operator_3.py for tasks to queue
[2022-05-11 07:17:56,026] {logging_mixin.py:109} INFO - [2022-05-11 07:17:56,026] {dagbag.py:500} INFO - Filling up the DagBag from /home/airflow/.local/lib/python3.7/site-packages/airflow/example_dags/example_branch_python_dop_operator_3.py
[2022-05-11 07:17:56,053] {processor.py:652} INFO - DAG(s) dict_keys(['example_branch_dop_operator_v3']) retrieved from /home/airflow/.local/lib/python3.7/site-packages/airflow/example_dags/example_branch_python_dop_operator_3.py
[2022-05-11 07:17:56,081] {logging_mixin.py:109} INFO - [2022-05-11 07:17:56,081] {dag.py:2398} INFO - Sync 1 DAGs
[2022-05-11 07:17:56,115] {logging_mixin.py:109} INFO - [2022-05-11 07:17:56,114] {dag.py:2937} INFO - Setting next_dagrun for example_branch_dop_operator_v3 to 2022-05-11T07:16:00+00:00
[2022-05-11 07:17:56,132] {processor.py:171} INFO - Processing /home/airflow/.local/lib/python3.7/site-packages/airflow/example_dags/example_branch_python_dop_operator_3.py took 0.113 seconds
[2022-05-11 07:18:26,745] {processor.py:163} INFO - Started process (PID=31878) to work on /home/airflow/.local/lib/python3.7/site-packages/airflow/example_dags/example_branch_python_dop_operator_3.py
[2022-05-11 07:18:26,749] {processor.py:642} INFO - Processing file /home/airflow/.local/lib/python3.7/site-packages/airflow/example_dags/example_branch_python_dop_operator_3.py for tasks to queue
[2022-05-11 07:18:26,751] {logging_mixin.py:109} INFO - [2022-05-11 07:18:26,751] {dagbag.py:500} INFO - Filling up the DagBag from /home/airflow/.local/lib/python3.7/site-packages/airflow/example_dags/example_branch_python_dop_operator_3.py
[2022-05-11 07:18:26,785] {processor.py:652} INFO - DAG(s) dict_keys(['example_branch_dop_operator_v3']) retrieved from /home/airflow/.local/lib/python3.7/site-packages/airflow/example_dags/example_branch_python_dop_operator_3.py
[2022-05-11 07:18:26,822] {logging_mixin.py:109} INFO - [2022-05-11 07:18:26,822] {dag.py:2398} INFO - Sync 1 DAGs
[2022-05-11 07:18:26,866] {logging_mixin.py:109} INFO - [2022-05-11 07:18:26,865] {dag.py:2937} INFO - Setting next_dagrun for example_branch_dop_operator_v3 to 2022-05-11T07:17:00+00:00
[2022-05-11 07:18:26,891] {processor.py:171} INFO - Processing /home/airflow/.local/lib/python3.7/site-packages/airflow/example_dags/example_branch_python_dop_operator_3.py took 0.152 seconds
[2022-05-11 07:18:57,728] {processor.py:163} INFO - Started process (PID=31941) to work on /home/airflow/.local/lib/python3.7/site-packages/airflow/example_dags/example_branch_python_dop_operator_3.py
[2022-05-11 07:18:57,730] {processor.py:642} INFO - Processing file /home/airflow/.local/lib/python3.7/site-packages/airflow/example_dags/example_branch_python_dop_operator_3.py for tasks to queue
[2022-05-11 07:18:57,731] {logging_mixin.py:109} INFO - [2022-05-11 07:18:57,731] {dagbag.py:500} INFO - Filling up the DagBag from /home/airflow/.local/lib/python3.7/site-packages/airflow/example_dags/example_branch_python_dop_operator_3.py
[2022-05-11 07:18:57,754] {processor.py:652} INFO - DAG(s) dict_keys(['example_branch_dop_operator_v3']) retrieved from /home/airflow/.local/lib/python3.7/site-packages/airflow/example_dags/example_branch_python_dop_operator_3.py
[2022-05-11 07:18:57,779] {logging_mixin.py:109} INFO - [2022-05-11 07:18:57,779] {dag.py:2398} INFO - Sync 1 DAGs
[2022-05-11 07:18:57,804] {logging_mixin.py:109} INFO - [2022-05-11 07:18:57,804] {dag.py:2937} INFO - Setting next_dagrun for example_branch_dop_operator_v3 to 2022-05-11T07:17:00+00:00
[2022-05-11 07:18:57,823] {processor.py:171} INFO - Processing /home/airflow/.local/lib/python3.7/site-packages/airflow/example_dags/example_branch_python_dop_operator_3.py took 0.098 seconds
[2022-05-11 07:19:29,562] {processor.py:163} INFO - Started process (PID=32013) to work on /home/airflow/.local/lib/python3.7/site-packages/airflow/example_dags/example_branch_python_dop_operator_3.py
[2022-05-11 07:19:29,565] {processor.py:642} INFO - Processing file /home/airflow/.local/lib/python3.7/site-packages/airflow/example_dags/example_branch_python_dop_operator_3.py for tasks to queue
[2022-05-11 07:19:29,566] {logging_mixin.py:109} INFO - [2022-05-11 07:19:29,566] {dagbag.py:500} INFO - Filling up the DagBag from /home/airflow/.local/lib/python3.7/site-packages/airflow/example_dags/example_branch_python_dop_operator_3.py
[2022-05-11 07:19:29,589] {processor.py:652} INFO - DAG(s) dict_keys(['example_branch_dop_operator_v3']) retrieved from /home/airflow/.local/lib/python3.7/site-packages/airflow/example_dags/example_branch_python_dop_operator_3.py
[2022-05-11 07:19:29,620] {logging_mixin.py:109} INFO - [2022-05-11 07:19:29,619] {dag.py:2398} INFO - Sync 1 DAGs
[2022-05-11 07:19:29,652] {logging_mixin.py:109} INFO - [2022-05-11 07:19:29,652] {dag.py:2937} INFO - Setting next_dagrun for example_branch_dop_operator_v3 to 2022-05-11T07:18:00+00:00
[2022-05-11 07:19:29,669] {processor.py:171} INFO - Processing /home/airflow/.local/lib/python3.7/site-packages/airflow/example_dags/example_branch_python_dop_operator_3.py took 0.114 seconds
[2022-05-11 07:20:00,516] {processor.py:163} INFO - Started process (PID=32075) to work on /home/airflow/.local/lib/python3.7/site-packages/airflow/example_dags/example_branch_python_dop_operator_3.py
[2022-05-11 07:20:00,518] {processor.py:642} INFO - Processing file /home/airflow/.local/lib/python3.7/site-packages/airflow/example_dags/example_branch_python_dop_operator_3.py for tasks to queue
[2022-05-11 07:20:00,519] {logging_mixin.py:109} INFO - [2022-05-11 07:20:00,518] {dagbag.py:500} INFO - Filling up the DagBag from /home/airflow/.local/lib/python3.7/site-packages/airflow/example_dags/example_branch_python_dop_operator_3.py
[2022-05-11 07:20:00,542] {processor.py:652} INFO - DAG(s) dict_keys(['example_branch_dop_operator_v3']) retrieved from /home/airflow/.local/lib/python3.7/site-packages/airflow/example_dags/example_branch_python_dop_operator_3.py
[2022-05-11 07:20:00,565] {logging_mixin.py:109} INFO - [2022-05-11 07:20:00,564] {dag.py:2398} INFO - Sync 1 DAGs
[2022-05-11 07:20:00,590] {logging_mixin.py:109} INFO - [2022-05-11 07:20:00,589] {dag.py:2937} INFO - Setting next_dagrun for example_branch_dop_operator_v3 to 2022-05-11T07:19:00+00:00
[2022-05-11 07:20:00,607] {processor.py:171} INFO - Processing /home/airflow/.local/lib/python3.7/site-packages/airflow/example_dags/example_branch_python_dop_operator_3.py took 0.095 seconds
[2022-05-11 07:20:31,085] {processor.py:163} INFO - Started process (PID=32148) to work on /home/airflow/.local/lib/python3.7/site-packages/airflow/example_dags/example_branch_python_dop_operator_3.py
[2022-05-11 07:20:31,087] {processor.py:642} INFO - Processing file /home/airflow/.local/lib/python3.7/site-packages/airflow/example_dags/example_branch_python_dop_operator_3.py for tasks to queue
[2022-05-11 07:20:31,088] {logging_mixin.py:109} INFO - [2022-05-11 07:20:31,088] {dagbag.py:500} INFO - Filling up the DagBag from /home/airflow/.local/lib/python3.7/site-packages/airflow/example_dags/example_branch_python_dop_operator_3.py
[2022-05-11 07:20:31,110] {processor.py:652} INFO - DAG(s) dict_keys(['example_branch_dop_operator_v3']) retrieved from /home/airflow/.local/lib/python3.7/site-packages/airflow/example_dags/example_branch_python_dop_operator_3.py
[2022-05-11 07:20:31,140] {logging_mixin.py:109} INFO - [2022-05-11 07:20:31,140] {dag.py:2398} INFO - Sync 1 DAGs
[2022-05-11 07:20:31,164] {logging_mixin.py:109} INFO - [2022-05-11 07:20:31,164] {dag.py:2937} INFO - Setting next_dagrun for example_branch_dop_operator_v3 to 2022-05-11T07:19:00+00:00
[2022-05-11 07:20:31,185] {processor.py:171} INFO - Processing /home/airflow/.local/lib/python3.7/site-packages/airflow/example_dags/example_branch_python_dop_operator_3.py took 0.105 seconds
[2022-05-11 07:21:02,200] {processor.py:163} INFO - Started process (PID=32211) to work on /home/airflow/.local/lib/python3.7/site-packages/airflow/example_dags/example_branch_python_dop_operator_3.py
[2022-05-11 07:21:02,202] {processor.py:642} INFO - Processing file /home/airflow/.local/lib/python3.7/site-packages/airflow/example_dags/example_branch_python_dop_operator_3.py for tasks to queue
[2022-05-11 07:21:02,204] {logging_mixin.py:109} INFO - [2022-05-11 07:21:02,203] {dagbag.py:500} INFO - Filling up the DagBag from /home/airflow/.local/lib/python3.7/site-packages/airflow/example_dags/example_branch_python_dop_operator_3.py
[2022-05-11 07:21:02,226] {processor.py:652} INFO - DAG(s) dict_keys(['example_branch_dop_operator_v3']) retrieved from /home/airflow/.local/lib/python3.7/site-packages/airflow/example_dags/example_branch_python_dop_operator_3.py
[2022-05-11 07:21:02,252] {logging_mixin.py:109} INFO - [2022-05-11 07:21:02,252] {dag.py:2398} INFO - Sync 1 DAGs
[2022-05-11 07:21:02,280] {logging_mixin.py:109} INFO - [2022-05-11 07:21:02,280] {dag.py:2937} INFO - Setting next_dagrun for example_branch_dop_operator_v3 to 2022-05-11T07:20:00+00:00
[2022-05-11 07:21:02,299] {processor.py:171} INFO - Processing /home/airflow/.local/lib/python3.7/site-packages/airflow/example_dags/example_branch_python_dop_operator_3.py took 0.102 seconds
[2022-05-11 07:21:33,438] {processor.py:163} INFO - Started process (PID=32283) to work on /home/airflow/.local/lib/python3.7/site-packages/airflow/example_dags/example_branch_python_dop_operator_3.py
[2022-05-11 07:21:33,440] {processor.py:642} INFO - Processing file /home/airflow/.local/lib/python3.7/site-packages/airflow/example_dags/example_branch_python_dop_operator_3.py for tasks to queue
[2022-05-11 07:21:33,441] {logging_mixin.py:109} INFO - [2022-05-11 07:21:33,441] {dagbag.py:500} INFO - Filling up the DagBag from /home/airflow/.local/lib/python3.7/site-packages/airflow/example_dags/example_branch_python_dop_operator_3.py
[2022-05-11 07:21:33,462] {processor.py:652} INFO - DAG(s) dict_keys(['example_branch_dop_operator_v3']) retrieved from /home/airflow/.local/lib/python3.7/site-packages/airflow/example_dags/example_branch_python_dop_operator_3.py
[2022-05-11 07:21:33,481] {logging_mixin.py:109} INFO - [2022-05-11 07:21:33,481] {dag.py:2398} INFO - Sync 1 DAGs
[2022-05-11 07:21:33,508] {logging_mixin.py:109} INFO - [2022-05-11 07:21:33,508] {dag.py:2937} INFO - Setting next_dagrun for example_branch_dop_operator_v3 to 2022-05-11T07:20:00+00:00
[2022-05-11 07:21:33,524] {processor.py:171} INFO - Processing /home/airflow/.local/lib/python3.7/site-packages/airflow/example_dags/example_branch_python_dop_operator_3.py took 0.089 seconds
[2022-05-11 07:22:05,175] {processor.py:163} INFO - Started process (PID=32356) to work on /home/airflow/.local/lib/python3.7/site-packages/airflow/example_dags/example_branch_python_dop_operator_3.py
[2022-05-11 07:22:05,177] {processor.py:642} INFO - Processing file /home/airflow/.local/lib/python3.7/site-packages/airflow/example_dags/example_branch_python_dop_operator_3.py for tasks to queue
[2022-05-11 07:22:05,182] {logging_mixin.py:109} INFO - [2022-05-11 07:22:05,182] {dagbag.py:500} INFO - Filling up the DagBag from /home/airflow/.local/lib/python3.7/site-packages/airflow/example_dags/example_branch_python_dop_operator_3.py
[2022-05-11 07:22:05,219] {processor.py:652} INFO - DAG(s) dict_keys(['example_branch_dop_operator_v3']) retrieved from /home/airflow/.local/lib/python3.7/site-packages/airflow/example_dags/example_branch_python_dop_operator_3.py
[2022-05-11 07:22:05,256] {logging_mixin.py:109} INFO - [2022-05-11 07:22:05,255] {dag.py:2398} INFO - Sync 1 DAGs
[2022-05-11 07:22:05,295] {logging_mixin.py:109} INFO - [2022-05-11 07:22:05,295] {dag.py:2937} INFO - Setting next_dagrun for example_branch_dop_operator_v3 to 2022-05-11T07:21:00+00:00
[2022-05-11 07:22:05,320] {processor.py:171} INFO - Processing /home/airflow/.local/lib/python3.7/site-packages/airflow/example_dags/example_branch_python_dop_operator_3.py took 0.150 seconds
[2022-05-11 07:22:36,148] {processor.py:163} INFO - Started process (PID=32419) to work on /home/airflow/.local/lib/python3.7/site-packages/airflow/example_dags/example_branch_python_dop_operator_3.py
[2022-05-11 07:22:36,150] {processor.py:642} INFO - Processing file /home/airflow/.local/lib/python3.7/site-packages/airflow/example_dags/example_branch_python_dop_operator_3.py for tasks to queue
[2022-05-11 07:22:36,152] {logging_mixin.py:109} INFO - [2022-05-11 07:22:36,152] {dagbag.py:500} INFO - Filling up the DagBag from /home/airflow/.local/lib/python3.7/site-packages/airflow/example_dags/example_branch_python_dop_operator_3.py
[2022-05-11 07:22:36,177] {processor.py:652} INFO - DAG(s) dict_keys(['example_branch_dop_operator_v3']) retrieved from /home/airflow/.local/lib/python3.7/site-packages/airflow/example_dags/example_branch_python_dop_operator_3.py
[2022-05-11 07:22:36,202] {logging_mixin.py:109} INFO - [2022-05-11 07:22:36,202] {dag.py:2398} INFO - Sync 1 DAGs
[2022-05-11 07:22:36,227] {logging_mixin.py:109} INFO - [2022-05-11 07:22:36,226] {dag.py:2937} INFO - Setting next_dagrun for example_branch_dop_operator_v3 to 2022-05-11T07:21:00+00:00
[2022-05-11 07:22:36,242] {processor.py:171} INFO - Processing /home/airflow/.local/lib/python3.7/site-packages/airflow/example_dags/example_branch_python_dop_operator_3.py took 0.097 seconds
[2022-05-11 07:23:07,797] {processor.py:163} INFO - Started process (PID=32493) to work on /home/airflow/.local/lib/python3.7/site-packages/airflow/example_dags/example_branch_python_dop_operator_3.py
[2022-05-11 07:23:07,799] {processor.py:642} INFO - Processing file /home/airflow/.local/lib/python3.7/site-packages/airflow/example_dags/example_branch_python_dop_operator_3.py for tasks to queue
[2022-05-11 07:23:07,800] {logging_mixin.py:109} INFO - [2022-05-11 07:23:07,799] {dagbag.py:500} INFO - Filling up the DagBag from /home/airflow/.local/lib/python3.7/site-packages/airflow/example_dags/example_branch_python_dop_operator_3.py
[2022-05-11 07:23:07,817] {processor.py:652} INFO - DAG(s) dict_keys(['example_branch_dop_operator_v3']) retrieved from /home/airflow/.local/lib/python3.7/site-packages/airflow/example_dags/example_branch_python_dop_operator_3.py
[2022-05-11 07:23:07,844] {logging_mixin.py:109} INFO - [2022-05-11 07:23:07,844] {dag.py:2398} INFO - Sync 1 DAGs
[2022-05-11 07:23:07,867] {logging_mixin.py:109} INFO - [2022-05-11 07:23:07,867] {dag.py:2937} INFO - Setting next_dagrun for example_branch_dop_operator_v3 to 2022-05-11T07:22:00+00:00
[2022-05-11 07:23:07,880] {processor.py:171} INFO - Processing /home/airflow/.local/lib/python3.7/site-packages/airflow/example_dags/example_branch_python_dop_operator_3.py took 0.085 seconds
[2022-05-11 07:23:38,369] {processor.py:163} INFO - Started process (PID=32556) to work on /home/airflow/.local/lib/python3.7/site-packages/airflow/example_dags/example_branch_python_dop_operator_3.py
[2022-05-11 07:23:38,370] {processor.py:642} INFO - Processing file /home/airflow/.local/lib/python3.7/site-packages/airflow/example_dags/example_branch_python_dop_operator_3.py for tasks to queue
[2022-05-11 07:23:38,371] {logging_mixin.py:109} INFO - [2022-05-11 07:23:38,371] {dagbag.py:500} INFO - Filling up the DagBag from /home/airflow/.local/lib/python3.7/site-packages/airflow/example_dags/example_branch_python_dop_operator_3.py
[2022-05-11 07:23:38,390] {processor.py:652} INFO - DAG(s) dict_keys(['example_branch_dop_operator_v3']) retrieved from /home/airflow/.local/lib/python3.7/site-packages/airflow/example_dags/example_branch_python_dop_operator_3.py
[2022-05-11 07:23:38,414] {logging_mixin.py:109} INFO - [2022-05-11 07:23:38,414] {dag.py:2398} INFO - Sync 1 DAGs
[2022-05-11 07:23:38,434] {logging_mixin.py:109} INFO - [2022-05-11 07:23:38,434] {dag.py:2937} INFO - Setting next_dagrun for example_branch_dop_operator_v3 to 2022-05-11T07:22:00+00:00
[2022-05-11 07:23:38,451] {processor.py:171} INFO - Processing /home/airflow/.local/lib/python3.7/site-packages/airflow/example_dags/example_branch_python_dop_operator_3.py took 0.085 seconds
[2022-05-11 07:24:09,770] {processor.py:163} INFO - Started process (PID=32628) to work on /home/airflow/.local/lib/python3.7/site-packages/airflow/example_dags/example_branch_python_dop_operator_3.py
[2022-05-11 07:24:09,772] {processor.py:642} INFO - Processing file /home/airflow/.local/lib/python3.7/site-packages/airflow/example_dags/example_branch_python_dop_operator_3.py for tasks to queue
[2022-05-11 07:24:09,772] {logging_mixin.py:109} INFO - [2022-05-11 07:24:09,772] {dagbag.py:500} INFO - Filling up the DagBag from /home/airflow/.local/lib/python3.7/site-packages/airflow/example_dags/example_branch_python_dop_operator_3.py
[2022-05-11 07:24:09,789] {processor.py:652} INFO - DAG(s) dict_keys(['example_branch_dop_operator_v3']) retrieved from /home/airflow/.local/lib/python3.7/site-packages/airflow/example_dags/example_branch_python_dop_operator_3.py
[2022-05-11 07:24:09,813] {logging_mixin.py:109} INFO - [2022-05-11 07:24:09,813] {dag.py:2398} INFO - Sync 1 DAGs
[2022-05-11 07:24:09,833] {logging_mixin.py:109} INFO - [2022-05-11 07:24:09,833] {dag.py:2937} INFO - Setting next_dagrun for example_branch_dop_operator_v3 to 2022-05-11T07:23:00+00:00
[2022-05-11 07:24:09,851] {processor.py:171} INFO - Processing /home/airflow/.local/lib/python3.7/site-packages/airflow/example_dags/example_branch_python_dop_operator_3.py took 0.084 seconds
[2022-05-11 07:24:40,388] {processor.py:163} INFO - Started process (PID=32692) to work on /home/airflow/.local/lib/python3.7/site-packages/airflow/example_dags/example_branch_python_dop_operator_3.py
[2022-05-11 07:24:40,389] {processor.py:642} INFO - Processing file /home/airflow/.local/lib/python3.7/site-packages/airflow/example_dags/example_branch_python_dop_operator_3.py for tasks to queue
[2022-05-11 07:24:40,390] {logging_mixin.py:109} INFO - [2022-05-11 07:24:40,390] {dagbag.py:500} INFO - Filling up the DagBag from /home/airflow/.local/lib/python3.7/site-packages/airflow/example_dags/example_branch_python_dop_operator_3.py
[2022-05-11 07:24:40,410] {processor.py:652} INFO - DAG(s) dict_keys(['example_branch_dop_operator_v3']) retrieved from /home/airflow/.local/lib/python3.7/site-packages/airflow/example_dags/example_branch_python_dop_operator_3.py
[2022-05-11 07:24:40,432] {logging_mixin.py:109} INFO - [2022-05-11 07:24:40,432] {dag.py:2398} INFO - Sync 1 DAGs
[2022-05-11 07:24:40,461] {logging_mixin.py:109} INFO - [2022-05-11 07:24:40,461] {dag.py:2937} INFO - Setting next_dagrun for example_branch_dop_operator_v3 to 2022-05-11T07:23:00+00:00
[2022-05-11 07:24:40,475] {processor.py:171} INFO - Processing /home/airflow/.local/lib/python3.7/site-packages/airflow/example_dags/example_branch_python_dop_operator_3.py took 0.090 seconds
[2022-05-11 07:25:10,882] {processor.py:163} INFO - Started process (PID=32765) to work on /home/airflow/.local/lib/python3.7/site-packages/airflow/example_dags/example_branch_python_dop_operator_3.py
[2022-05-11 07:25:10,883] {processor.py:642} INFO - Processing file /home/airflow/.local/lib/python3.7/site-packages/airflow/example_dags/example_branch_python_dop_operator_3.py for tasks to queue
[2022-05-11 07:25:10,884] {logging_mixin.py:109} INFO - [2022-05-11 07:25:10,883] {dagbag.py:500} INFO - Filling up the DagBag from /home/airflow/.local/lib/python3.7/site-packages/airflow/example_dags/example_branch_python_dop_operator_3.py
[2022-05-11 07:25:10,906] {processor.py:652} INFO - DAG(s) dict_keys(['example_branch_dop_operator_v3']) retrieved from /home/airflow/.local/lib/python3.7/site-packages/airflow/example_dags/example_branch_python_dop_operator_3.py
[2022-05-11 07:25:10,944] {logging_mixin.py:109} INFO - [2022-05-11 07:25:10,944] {dag.py:2398} INFO - Sync 1 DAGs
[2022-05-11 07:25:10,976] {logging_mixin.py:109} INFO - [2022-05-11 07:25:10,976] {dag.py:2937} INFO - Setting next_dagrun for example_branch_dop_operator_v3 to 2022-05-11T07:24:00+00:00
[2022-05-11 07:25:10,995] {processor.py:171} INFO - Processing /home/airflow/.local/lib/python3.7/site-packages/airflow/example_dags/example_branch_python_dop_operator_3.py took 0.117 seconds
[2022-05-11 07:25:41,208] {processor.py:163} INFO - Started process (PID=359) to work on /home/airflow/.local/lib/python3.7/site-packages/airflow/example_dags/example_branch_python_dop_operator_3.py
[2022-05-11 07:25:41,210] {processor.py:642} INFO - Processing file /home/airflow/.local/lib/python3.7/site-packages/airflow/example_dags/example_branch_python_dop_operator_3.py for tasks to queue
[2022-05-11 07:25:41,211] {logging_mixin.py:109} INFO - [2022-05-11 07:25:41,210] {dagbag.py:500} INFO - Filling up the DagBag from /home/airflow/.local/lib/python3.7/site-packages/airflow/example_dags/example_branch_python_dop_operator_3.py
[2022-05-11 07:25:41,226] {processor.py:652} INFO - DAG(s) dict_keys(['example_branch_dop_operator_v3']) retrieved from /home/airflow/.local/lib/python3.7/site-packages/airflow/example_dags/example_branch_python_dop_operator_3.py
[2022-05-11 07:25:41,246] {logging_mixin.py:109} INFO - [2022-05-11 07:25:41,246] {dag.py:2398} INFO - Sync 1 DAGs
[2022-05-11 07:25:41,266] {logging_mixin.py:109} INFO - [2022-05-11 07:25:41,266] {dag.py:2937} INFO - Setting next_dagrun for example_branch_dop_operator_v3 to 2022-05-11T07:24:00+00:00
[2022-05-11 07:25:41,280] {processor.py:171} INFO - Processing /home/airflow/.local/lib/python3.7/site-packages/airflow/example_dags/example_branch_python_dop_operator_3.py took 0.074 seconds
[2022-05-11 07:26:11,521] {processor.py:163} INFO - Started process (PID=433) to work on /home/airflow/.local/lib/python3.7/site-packages/airflow/example_dags/example_branch_python_dop_operator_3.py
[2022-05-11 07:26:11,523] {processor.py:642} INFO - Processing file /home/airflow/.local/lib/python3.7/site-packages/airflow/example_dags/example_branch_python_dop_operator_3.py for tasks to queue
[2022-05-11 07:26:11,524] {logging_mixin.py:109} INFO - [2022-05-11 07:26:11,523] {dagbag.py:500} INFO - Filling up the DagBag from /home/airflow/.local/lib/python3.7/site-packages/airflow/example_dags/example_branch_python_dop_operator_3.py
[2022-05-11 07:26:11,546] {processor.py:652} INFO - DAG(s) dict_keys(['example_branch_dop_operator_v3']) retrieved from /home/airflow/.local/lib/python3.7/site-packages/airflow/example_dags/example_branch_python_dop_operator_3.py
[2022-05-11 07:26:11,569] {logging_mixin.py:109} INFO - [2022-05-11 07:26:11,568] {dag.py:2398} INFO - Sync 1 DAGs
[2022-05-11 07:26:11,595] {logging_mixin.py:109} INFO - [2022-05-11 07:26:11,595] {dag.py:2937} INFO - Setting next_dagrun for example_branch_dop_operator_v3 to 2022-05-11T07:25:00+00:00
[2022-05-11 07:26:11,610] {processor.py:171} INFO - Processing /home/airflow/.local/lib/python3.7/site-packages/airflow/example_dags/example_branch_python_dop_operator_3.py took 0.093 seconds
[2022-05-11 07:26:42,504] {processor.py:163} INFO - Started process (PID=497) to work on /home/airflow/.local/lib/python3.7/site-packages/airflow/example_dags/example_branch_python_dop_operator_3.py
[2022-05-11 07:26:42,505] {processor.py:642} INFO - Processing file /home/airflow/.local/lib/python3.7/site-packages/airflow/example_dags/example_branch_python_dop_operator_3.py for tasks to queue
[2022-05-11 07:26:42,506] {logging_mixin.py:109} INFO - [2022-05-11 07:26:42,506] {dagbag.py:500} INFO - Filling up the DagBag from /home/airflow/.local/lib/python3.7/site-packages/airflow/example_dags/example_branch_python_dop_operator_3.py
[2022-05-11 07:26:42,520] {processor.py:652} INFO - DAG(s) dict_keys(['example_branch_dop_operator_v3']) retrieved from /home/airflow/.local/lib/python3.7/site-packages/airflow/example_dags/example_branch_python_dop_operator_3.py
[2022-05-11 07:26:42,539] {logging_mixin.py:109} INFO - [2022-05-11 07:26:42,539] {dag.py:2398} INFO - Sync 1 DAGs
[2022-05-11 07:26:42,555] {logging_mixin.py:109} INFO - [2022-05-11 07:26:42,555] {dag.py:2937} INFO - Setting next_dagrun for example_branch_dop_operator_v3 to 2022-05-11T07:25:00+00:00
[2022-05-11 07:26:42,567] {processor.py:171} INFO - Processing /home/airflow/.local/lib/python3.7/site-packages/airflow/example_dags/example_branch_python_dop_operator_3.py took 0.066 seconds
[2022-05-11 07:27:13,309] {processor.py:163} INFO - Started process (PID=570) to work on /home/airflow/.local/lib/python3.7/site-packages/airflow/example_dags/example_branch_python_dop_operator_3.py
[2022-05-11 07:27:13,311] {processor.py:642} INFO - Processing file /home/airflow/.local/lib/python3.7/site-packages/airflow/example_dags/example_branch_python_dop_operator_3.py for tasks to queue
[2022-05-11 07:27:13,312] {logging_mixin.py:109} INFO - [2022-05-11 07:27:13,312] {dagbag.py:500} INFO - Filling up the DagBag from /home/airflow/.local/lib/python3.7/site-packages/airflow/example_dags/example_branch_python_dop_operator_3.py
[2022-05-11 07:27:13,331] {processor.py:652} INFO - DAG(s) dict_keys(['example_branch_dop_operator_v3']) retrieved from /home/airflow/.local/lib/python3.7/site-packages/airflow/example_dags/example_branch_python_dop_operator_3.py
[2022-05-11 07:27:13,350] {logging_mixin.py:109} INFO - [2022-05-11 07:27:13,350] {dag.py:2398} INFO - Sync 1 DAGs
[2022-05-11 07:27:13,368] {logging_mixin.py:109} INFO - [2022-05-11 07:27:13,367] {dag.py:2937} INFO - Setting next_dagrun for example_branch_dop_operator_v3 to 2022-05-11T07:26:00+00:00
[2022-05-11 07:27:13,379] {processor.py:171} INFO - Processing /home/airflow/.local/lib/python3.7/site-packages/airflow/example_dags/example_branch_python_dop_operator_3.py took 0.074 seconds
[2022-05-11 07:27:44,379] {processor.py:163} INFO - Started process (PID=644) to work on /home/airflow/.local/lib/python3.7/site-packages/airflow/example_dags/example_branch_python_dop_operator_3.py
[2022-05-11 07:27:44,380] {processor.py:642} INFO - Processing file /home/airflow/.local/lib/python3.7/site-packages/airflow/example_dags/example_branch_python_dop_operator_3.py for tasks to queue
[2022-05-11 07:27:44,381] {logging_mixin.py:109} INFO - [2022-05-11 07:27:44,381] {dagbag.py:500} INFO - Filling up the DagBag from /home/airflow/.local/lib/python3.7/site-packages/airflow/example_dags/example_branch_python_dop_operator_3.py
[2022-05-11 07:27:44,396] {processor.py:652} INFO - DAG(s) dict_keys(['example_branch_dop_operator_v3']) retrieved from /home/airflow/.local/lib/python3.7/site-packages/airflow/example_dags/example_branch_python_dop_operator_3.py
[2022-05-11 07:27:44,414] {logging_mixin.py:109} INFO - [2022-05-11 07:27:44,414] {dag.py:2398} INFO - Sync 1 DAGs
[2022-05-11 07:27:44,430] {logging_mixin.py:109} INFO - [2022-05-11 07:27:44,430] {dag.py:2937} INFO - Setting next_dagrun for example_branch_dop_operator_v3 to 2022-05-11T07:26:00+00:00
[2022-05-11 07:27:44,441] {processor.py:171} INFO - Processing /home/airflow/.local/lib/python3.7/site-packages/airflow/example_dags/example_branch_python_dop_operator_3.py took 0.065 seconds
