[2022-05-11 06:55:57,914] {processor.py:163} INFO - Started process (PID=28850) to work on /home/airflow/.local/lib/python3.7/site-packages/airflow/example_dags/example_kubernetes_executor.py
[2022-05-11 06:55:57,920] {processor.py:642} INFO - Processing file /home/airflow/.local/lib/python3.7/site-packages/airflow/example_dags/example_kubernetes_executor.py for tasks to queue
[2022-05-11 06:55:57,936] {logging_mixin.py:109} INFO - [2022-05-11 06:55:57,936] {dagbag.py:500} INFO - Filling up the DagBag from /home/airflow/.local/lib/python3.7/site-packages/airflow/example_dags/example_kubernetes_executor.py
[2022-05-11 06:55:57,995] {processor.py:652} INFO - DAG(s) dict_keys(['example_kubernetes_executor']) retrieved from /home/airflow/.local/lib/python3.7/site-packages/airflow/example_dags/example_kubernetes_executor.py
[2022-05-11 06:55:58,064] {logging_mixin.py:109} INFO - [2022-05-11 06:55:58,064] {dag.py:2398} INFO - Sync 1 DAGs
[2022-05-11 06:55:58,109] {logging_mixin.py:109} INFO - [2022-05-11 06:55:58,109] {dag.py:2937} INFO - Setting next_dagrun for example_kubernetes_executor to None
[2022-05-11 06:55:58,176] {processor.py:171} INFO - Processing /home/airflow/.local/lib/python3.7/site-packages/airflow/example_dags/example_kubernetes_executor.py took 0.271 seconds
[2022-05-11 06:56:28,348] {processor.py:163} INFO - Started process (PID=28915) to work on /home/airflow/.local/lib/python3.7/site-packages/airflow/example_dags/example_kubernetes_executor.py
[2022-05-11 06:56:28,349] {processor.py:642} INFO - Processing file /home/airflow/.local/lib/python3.7/site-packages/airflow/example_dags/example_kubernetes_executor.py for tasks to queue
[2022-05-11 06:56:28,350] {logging_mixin.py:109} INFO - [2022-05-11 06:56:28,350] {dagbag.py:500} INFO - Filling up the DagBag from /home/airflow/.local/lib/python3.7/site-packages/airflow/example_dags/example_kubernetes_executor.py
[2022-05-11 06:56:28,372] {processor.py:652} INFO - DAG(s) dict_keys(['example_kubernetes_executor']) retrieved from /home/airflow/.local/lib/python3.7/site-packages/airflow/example_dags/example_kubernetes_executor.py
[2022-05-11 06:56:28,394] {logging_mixin.py:109} INFO - [2022-05-11 06:56:28,393] {dag.py:2398} INFO - Sync 1 DAGs
[2022-05-11 06:56:28,409] {logging_mixin.py:109} INFO - [2022-05-11 06:56:28,409] {dag.py:2937} INFO - Setting next_dagrun for example_kubernetes_executor to None
[2022-05-11 06:56:28,420] {processor.py:171} INFO - Processing /home/airflow/.local/lib/python3.7/site-packages/airflow/example_dags/example_kubernetes_executor.py took 0.076 seconds
[2022-05-11 06:56:58,861] {processor.py:163} INFO - Started process (PID=28987) to work on /home/airflow/.local/lib/python3.7/site-packages/airflow/example_dags/example_kubernetes_executor.py
[2022-05-11 06:56:58,863] {processor.py:642} INFO - Processing file /home/airflow/.local/lib/python3.7/site-packages/airflow/example_dags/example_kubernetes_executor.py for tasks to queue
[2022-05-11 06:56:58,865] {logging_mixin.py:109} INFO - [2022-05-11 06:56:58,864] {dagbag.py:500} INFO - Filling up the DagBag from /home/airflow/.local/lib/python3.7/site-packages/airflow/example_dags/example_kubernetes_executor.py
[2022-05-11 06:56:58,885] {processor.py:652} INFO - DAG(s) dict_keys(['example_kubernetes_executor']) retrieved from /home/airflow/.local/lib/python3.7/site-packages/airflow/example_dags/example_kubernetes_executor.py
[2022-05-11 06:56:58,911] {logging_mixin.py:109} INFO - [2022-05-11 06:56:58,911] {dag.py:2398} INFO - Sync 1 DAGs
[2022-05-11 06:56:58,927] {logging_mixin.py:109} INFO - [2022-05-11 06:56:58,927] {dag.py:2937} INFO - Setting next_dagrun for example_kubernetes_executor to None
[2022-05-11 06:56:58,946] {processor.py:171} INFO - Processing /home/airflow/.local/lib/python3.7/site-packages/airflow/example_dags/example_kubernetes_executor.py took 0.089 seconds
[2022-05-11 06:57:29,387] {processor.py:163} INFO - Started process (PID=29051) to work on /home/airflow/.local/lib/python3.7/site-packages/airflow/example_dags/example_kubernetes_executor.py
[2022-05-11 06:57:29,389] {processor.py:642} INFO - Processing file /home/airflow/.local/lib/python3.7/site-packages/airflow/example_dags/example_kubernetes_executor.py for tasks to queue
[2022-05-11 06:57:29,391] {logging_mixin.py:109} INFO - [2022-05-11 06:57:29,391] {dagbag.py:500} INFO - Filling up the DagBag from /home/airflow/.local/lib/python3.7/site-packages/airflow/example_dags/example_kubernetes_executor.py
[2022-05-11 06:57:29,415] {processor.py:652} INFO - DAG(s) dict_keys(['example_kubernetes_executor']) retrieved from /home/airflow/.local/lib/python3.7/site-packages/airflow/example_dags/example_kubernetes_executor.py
[2022-05-11 06:57:29,441] {logging_mixin.py:109} INFO - [2022-05-11 06:57:29,441] {dag.py:2398} INFO - Sync 1 DAGs
[2022-05-11 06:57:29,458] {logging_mixin.py:109} INFO - [2022-05-11 06:57:29,458] {dag.py:2937} INFO - Setting next_dagrun for example_kubernetes_executor to None
[2022-05-11 06:57:29,472] {processor.py:171} INFO - Processing /home/airflow/.local/lib/python3.7/site-packages/airflow/example_dags/example_kubernetes_executor.py took 0.089 seconds
[2022-05-11 06:58:00,167] {processor.py:163} INFO - Started process (PID=29124) to work on /home/airflow/.local/lib/python3.7/site-packages/airflow/example_dags/example_kubernetes_executor.py
[2022-05-11 06:58:00,168] {processor.py:642} INFO - Processing file /home/airflow/.local/lib/python3.7/site-packages/airflow/example_dags/example_kubernetes_executor.py for tasks to queue
[2022-05-11 06:58:00,169] {logging_mixin.py:109} INFO - [2022-05-11 06:58:00,169] {dagbag.py:500} INFO - Filling up the DagBag from /home/airflow/.local/lib/python3.7/site-packages/airflow/example_dags/example_kubernetes_executor.py
[2022-05-11 06:58:00,189] {processor.py:652} INFO - DAG(s) dict_keys(['example_kubernetes_executor']) retrieved from /home/airflow/.local/lib/python3.7/site-packages/airflow/example_dags/example_kubernetes_executor.py
[2022-05-11 06:58:00,212] {logging_mixin.py:109} INFO - [2022-05-11 06:58:00,212] {dag.py:2398} INFO - Sync 1 DAGs
[2022-05-11 06:58:00,226] {logging_mixin.py:109} INFO - [2022-05-11 06:58:00,226] {dag.py:2937} INFO - Setting next_dagrun for example_kubernetes_executor to None
[2022-05-11 06:58:00,240] {processor.py:171} INFO - Processing /home/airflow/.local/lib/python3.7/site-packages/airflow/example_dags/example_kubernetes_executor.py took 0.077 seconds
[2022-05-11 06:58:30,650] {processor.py:163} INFO - Started process (PID=29187) to work on /home/airflow/.local/lib/python3.7/site-packages/airflow/example_dags/example_kubernetes_executor.py
[2022-05-11 06:58:30,652] {processor.py:642} INFO - Processing file /home/airflow/.local/lib/python3.7/site-packages/airflow/example_dags/example_kubernetes_executor.py for tasks to queue
[2022-05-11 06:58:30,653] {logging_mixin.py:109} INFO - [2022-05-11 06:58:30,653] {dagbag.py:500} INFO - Filling up the DagBag from /home/airflow/.local/lib/python3.7/site-packages/airflow/example_dags/example_kubernetes_executor.py
[2022-05-11 06:58:30,670] {processor.py:652} INFO - DAG(s) dict_keys(['example_kubernetes_executor']) retrieved from /home/airflow/.local/lib/python3.7/site-packages/airflow/example_dags/example_kubernetes_executor.py
[2022-05-11 06:58:30,695] {logging_mixin.py:109} INFO - [2022-05-11 06:58:30,695] {dag.py:2398} INFO - Sync 1 DAGs
[2022-05-11 06:58:30,709] {logging_mixin.py:109} INFO - [2022-05-11 06:58:30,709] {dag.py:2937} INFO - Setting next_dagrun for example_kubernetes_executor to None
[2022-05-11 06:58:30,724] {processor.py:171} INFO - Processing /home/airflow/.local/lib/python3.7/site-packages/airflow/example_dags/example_kubernetes_executor.py took 0.076 seconds
[2022-05-11 06:59:00,792] {processor.py:163} INFO - Started process (PID=29257) to work on /home/airflow/.local/lib/python3.7/site-packages/airflow/example_dags/example_kubernetes_executor.py
[2022-05-11 06:59:00,794] {processor.py:642} INFO - Processing file /home/airflow/.local/lib/python3.7/site-packages/airflow/example_dags/example_kubernetes_executor.py for tasks to queue
[2022-05-11 06:59:00,795] {logging_mixin.py:109} INFO - [2022-05-11 06:59:00,795] {dagbag.py:500} INFO - Filling up the DagBag from /home/airflow/.local/lib/python3.7/site-packages/airflow/example_dags/example_kubernetes_executor.py
[2022-05-11 06:59:00,821] {processor.py:652} INFO - DAG(s) dict_keys(['example_kubernetes_executor']) retrieved from /home/airflow/.local/lib/python3.7/site-packages/airflow/example_dags/example_kubernetes_executor.py
[2022-05-11 06:59:00,846] {logging_mixin.py:109} INFO - [2022-05-11 06:59:00,846] {dag.py:2398} INFO - Sync 1 DAGs
[2022-05-11 06:59:00,859] {logging_mixin.py:109} INFO - [2022-05-11 06:59:00,859] {dag.py:2937} INFO - Setting next_dagrun for example_kubernetes_executor to None
[2022-05-11 06:59:00,874] {processor.py:171} INFO - Processing /home/airflow/.local/lib/python3.7/site-packages/airflow/example_dags/example_kubernetes_executor.py took 0.088 seconds
[2022-05-11 06:59:31,272] {processor.py:163} INFO - Started process (PID=29321) to work on /home/airflow/.local/lib/python3.7/site-packages/airflow/example_dags/example_kubernetes_executor.py
[2022-05-11 06:59:31,274] {processor.py:642} INFO - Processing file /home/airflow/.local/lib/python3.7/site-packages/airflow/example_dags/example_kubernetes_executor.py for tasks to queue
[2022-05-11 06:59:31,275] {logging_mixin.py:109} INFO - [2022-05-11 06:59:31,275] {dagbag.py:500} INFO - Filling up the DagBag from /home/airflow/.local/lib/python3.7/site-packages/airflow/example_dags/example_kubernetes_executor.py
[2022-05-11 06:59:31,300] {processor.py:652} INFO - DAG(s) dict_keys(['example_kubernetes_executor']) retrieved from /home/airflow/.local/lib/python3.7/site-packages/airflow/example_dags/example_kubernetes_executor.py
[2022-05-11 06:59:31,328] {logging_mixin.py:109} INFO - [2022-05-11 06:59:31,328] {dag.py:2398} INFO - Sync 1 DAGs
[2022-05-11 06:59:31,348] {logging_mixin.py:109} INFO - [2022-05-11 06:59:31,348] {dag.py:2937} INFO - Setting next_dagrun for example_kubernetes_executor to None
[2022-05-11 06:59:31,364] {processor.py:171} INFO - Processing /home/airflow/.local/lib/python3.7/site-packages/airflow/example_dags/example_kubernetes_executor.py took 0.096 seconds
[2022-05-11 07:00:01,483] {processor.py:163} INFO - Started process (PID=29394) to work on /home/airflow/.local/lib/python3.7/site-packages/airflow/example_dags/example_kubernetes_executor.py
[2022-05-11 07:00:01,485] {processor.py:642} INFO - Processing file /home/airflow/.local/lib/python3.7/site-packages/airflow/example_dags/example_kubernetes_executor.py for tasks to queue
[2022-05-11 07:00:01,486] {logging_mixin.py:109} INFO - [2022-05-11 07:00:01,485] {dagbag.py:500} INFO - Filling up the DagBag from /home/airflow/.local/lib/python3.7/site-packages/airflow/example_dags/example_kubernetes_executor.py
[2022-05-11 07:00:01,505] {processor.py:652} INFO - DAG(s) dict_keys(['example_kubernetes_executor']) retrieved from /home/airflow/.local/lib/python3.7/site-packages/airflow/example_dags/example_kubernetes_executor.py
[2022-05-11 07:00:01,528] {logging_mixin.py:109} INFO - [2022-05-11 07:00:01,528] {dag.py:2398} INFO - Sync 1 DAGs
[2022-05-11 07:00:01,542] {logging_mixin.py:109} INFO - [2022-05-11 07:00:01,542] {dag.py:2937} INFO - Setting next_dagrun for example_kubernetes_executor to None
[2022-05-11 07:00:01,554] {processor.py:171} INFO - Processing /home/airflow/.local/lib/python3.7/site-packages/airflow/example_dags/example_kubernetes_executor.py took 0.074 seconds
[2022-05-11 07:00:31,633] {processor.py:163} INFO - Started process (PID=29458) to work on /home/airflow/.local/lib/python3.7/site-packages/airflow/example_dags/example_kubernetes_executor.py
[2022-05-11 07:00:31,635] {processor.py:642} INFO - Processing file /home/airflow/.local/lib/python3.7/site-packages/airflow/example_dags/example_kubernetes_executor.py for tasks to queue
[2022-05-11 07:00:31,636] {logging_mixin.py:109} INFO - [2022-05-11 07:00:31,636] {dagbag.py:500} INFO - Filling up the DagBag from /home/airflow/.local/lib/python3.7/site-packages/airflow/example_dags/example_kubernetes_executor.py
[2022-05-11 07:00:31,663] {processor.py:652} INFO - DAG(s) dict_keys(['example_kubernetes_executor']) retrieved from /home/airflow/.local/lib/python3.7/site-packages/airflow/example_dags/example_kubernetes_executor.py
[2022-05-11 07:00:31,687] {logging_mixin.py:109} INFO - [2022-05-11 07:00:31,687] {dag.py:2398} INFO - Sync 1 DAGs
[2022-05-11 07:00:31,703] {logging_mixin.py:109} INFO - [2022-05-11 07:00:31,703] {dag.py:2937} INFO - Setting next_dagrun for example_kubernetes_executor to None
[2022-05-11 07:00:31,718] {processor.py:171} INFO - Processing /home/airflow/.local/lib/python3.7/site-packages/airflow/example_dags/example_kubernetes_executor.py took 0.089 seconds
[2022-05-11 07:01:02,415] {processor.py:163} INFO - Started process (PID=29531) to work on /home/airflow/.local/lib/python3.7/site-packages/airflow/example_dags/example_kubernetes_executor.py
[2022-05-11 07:01:02,418] {processor.py:642} INFO - Processing file /home/airflow/.local/lib/python3.7/site-packages/airflow/example_dags/example_kubernetes_executor.py for tasks to queue
[2022-05-11 07:01:02,419] {logging_mixin.py:109} INFO - [2022-05-11 07:01:02,419] {dagbag.py:500} INFO - Filling up the DagBag from /home/airflow/.local/lib/python3.7/site-packages/airflow/example_dags/example_kubernetes_executor.py
[2022-05-11 07:01:02,447] {processor.py:652} INFO - DAG(s) dict_keys(['example_kubernetes_executor']) retrieved from /home/airflow/.local/lib/python3.7/site-packages/airflow/example_dags/example_kubernetes_executor.py
[2022-05-11 07:01:02,472] {logging_mixin.py:109} INFO - [2022-05-11 07:01:02,472] {dag.py:2398} INFO - Sync 1 DAGs
[2022-05-11 07:01:02,485] {logging_mixin.py:109} INFO - [2022-05-11 07:01:02,485] {dag.py:2937} INFO - Setting next_dagrun for example_kubernetes_executor to None
[2022-05-11 07:01:02,501] {processor.py:171} INFO - Processing /home/airflow/.local/lib/python3.7/site-packages/airflow/example_dags/example_kubernetes_executor.py took 0.089 seconds
[2022-05-11 07:01:32,985] {processor.py:163} INFO - Started process (PID=29594) to work on /home/airflow/.local/lib/python3.7/site-packages/airflow/example_dags/example_kubernetes_executor.py
[2022-05-11 07:01:32,987] {processor.py:642} INFO - Processing file /home/airflow/.local/lib/python3.7/site-packages/airflow/example_dags/example_kubernetes_executor.py for tasks to queue
[2022-05-11 07:01:32,988] {logging_mixin.py:109} INFO - [2022-05-11 07:01:32,988] {dagbag.py:500} INFO - Filling up the DagBag from /home/airflow/.local/lib/python3.7/site-packages/airflow/example_dags/example_kubernetes_executor.py
[2022-05-11 07:01:33,007] {processor.py:652} INFO - DAG(s) dict_keys(['example_kubernetes_executor']) retrieved from /home/airflow/.local/lib/python3.7/site-packages/airflow/example_dags/example_kubernetes_executor.py
[2022-05-11 07:01:33,034] {logging_mixin.py:109} INFO - [2022-05-11 07:01:33,034] {dag.py:2398} INFO - Sync 1 DAGs
[2022-05-11 07:01:33,052] {logging_mixin.py:109} INFO - [2022-05-11 07:01:33,052] {dag.py:2937} INFO - Setting next_dagrun for example_kubernetes_executor to None
[2022-05-11 07:01:33,065] {processor.py:171} INFO - Processing /home/airflow/.local/lib/python3.7/site-packages/airflow/example_dags/example_kubernetes_executor.py took 0.083 seconds
[2022-05-11 07:02:03,248] {processor.py:163} INFO - Started process (PID=29667) to work on /home/airflow/.local/lib/python3.7/site-packages/airflow/example_dags/example_kubernetes_executor.py
[2022-05-11 07:02:03,250] {processor.py:642} INFO - Processing file /home/airflow/.local/lib/python3.7/site-packages/airflow/example_dags/example_kubernetes_executor.py for tasks to queue
[2022-05-11 07:02:03,251] {logging_mixin.py:109} INFO - [2022-05-11 07:02:03,250] {dagbag.py:500} INFO - Filling up the DagBag from /home/airflow/.local/lib/python3.7/site-packages/airflow/example_dags/example_kubernetes_executor.py
[2022-05-11 07:02:03,273] {processor.py:652} INFO - DAG(s) dict_keys(['example_kubernetes_executor']) retrieved from /home/airflow/.local/lib/python3.7/site-packages/airflow/example_dags/example_kubernetes_executor.py
[2022-05-11 07:02:03,298] {logging_mixin.py:109} INFO - [2022-05-11 07:02:03,298] {dag.py:2398} INFO - Sync 1 DAGs
[2022-05-11 07:02:03,314] {logging_mixin.py:109} INFO - [2022-05-11 07:02:03,314] {dag.py:2937} INFO - Setting next_dagrun for example_kubernetes_executor to None
[2022-05-11 07:02:03,330] {processor.py:171} INFO - Processing /home/airflow/.local/lib/python3.7/site-packages/airflow/example_dags/example_kubernetes_executor.py took 0.084 seconds
[2022-05-11 07:02:33,689] {processor.py:163} INFO - Started process (PID=29739) to work on /home/airflow/.local/lib/python3.7/site-packages/airflow/example_dags/example_kubernetes_executor.py
[2022-05-11 07:02:33,692] {processor.py:642} INFO - Processing file /home/airflow/.local/lib/python3.7/site-packages/airflow/example_dags/example_kubernetes_executor.py for tasks to queue
[2022-05-11 07:02:33,694] {logging_mixin.py:109} INFO - [2022-05-11 07:02:33,694] {dagbag.py:500} INFO - Filling up the DagBag from /home/airflow/.local/lib/python3.7/site-packages/airflow/example_dags/example_kubernetes_executor.py
[2022-05-11 07:02:33,718] {processor.py:652} INFO - DAG(s) dict_keys(['example_kubernetes_executor']) retrieved from /home/airflow/.local/lib/python3.7/site-packages/airflow/example_dags/example_kubernetes_executor.py
[2022-05-11 07:02:33,750] {logging_mixin.py:109} INFO - [2022-05-11 07:02:33,750] {dag.py:2398} INFO - Sync 1 DAGs
[2022-05-11 07:02:33,768] {logging_mixin.py:109} INFO - [2022-05-11 07:02:33,768] {dag.py:2937} INFO - Setting next_dagrun for example_kubernetes_executor to None
[2022-05-11 07:02:33,787] {processor.py:171} INFO - Processing /home/airflow/.local/lib/python3.7/site-packages/airflow/example_dags/example_kubernetes_executor.py took 0.102 seconds
[2022-05-11 07:03:04,416] {processor.py:163} INFO - Started process (PID=29804) to work on /home/airflow/.local/lib/python3.7/site-packages/airflow/example_dags/example_kubernetes_executor.py
[2022-05-11 07:03:04,417] {processor.py:642} INFO - Processing file /home/airflow/.local/lib/python3.7/site-packages/airflow/example_dags/example_kubernetes_executor.py for tasks to queue
[2022-05-11 07:03:04,418] {logging_mixin.py:109} INFO - [2022-05-11 07:03:04,418] {dagbag.py:500} INFO - Filling up the DagBag from /home/airflow/.local/lib/python3.7/site-packages/airflow/example_dags/example_kubernetes_executor.py
[2022-05-11 07:03:04,445] {processor.py:652} INFO - DAG(s) dict_keys(['example_kubernetes_executor']) retrieved from /home/airflow/.local/lib/python3.7/site-packages/airflow/example_dags/example_kubernetes_executor.py
[2022-05-11 07:03:04,468] {logging_mixin.py:109} INFO - [2022-05-11 07:03:04,468] {dag.py:2398} INFO - Sync 1 DAGs
[2022-05-11 07:03:04,482] {logging_mixin.py:109} INFO - [2022-05-11 07:03:04,481] {dag.py:2937} INFO - Setting next_dagrun for example_kubernetes_executor to None
[2022-05-11 07:03:04,496] {processor.py:171} INFO - Processing /home/airflow/.local/lib/python3.7/site-packages/airflow/example_dags/example_kubernetes_executor.py took 0.085 seconds
[2022-05-11 07:03:34,809] {processor.py:163} INFO - Started process (PID=29875) to work on /home/airflow/.local/lib/python3.7/site-packages/airflow/example_dags/example_kubernetes_executor.py
[2022-05-11 07:03:34,811] {processor.py:642} INFO - Processing file /home/airflow/.local/lib/python3.7/site-packages/airflow/example_dags/example_kubernetes_executor.py for tasks to queue
[2022-05-11 07:03:34,812] {logging_mixin.py:109} INFO - [2022-05-11 07:03:34,812] {dagbag.py:500} INFO - Filling up the DagBag from /home/airflow/.local/lib/python3.7/site-packages/airflow/example_dags/example_kubernetes_executor.py
[2022-05-11 07:03:34,838] {processor.py:652} INFO - DAG(s) dict_keys(['example_kubernetes_executor']) retrieved from /home/airflow/.local/lib/python3.7/site-packages/airflow/example_dags/example_kubernetes_executor.py
[2022-05-11 07:03:34,866] {logging_mixin.py:109} INFO - [2022-05-11 07:03:34,866] {dag.py:2398} INFO - Sync 1 DAGs
[2022-05-11 07:03:34,880] {logging_mixin.py:109} INFO - [2022-05-11 07:03:34,880] {dag.py:2937} INFO - Setting next_dagrun for example_kubernetes_executor to None
[2022-05-11 07:03:34,896] {processor.py:171} INFO - Processing /home/airflow/.local/lib/python3.7/site-packages/airflow/example_dags/example_kubernetes_executor.py took 0.091 seconds
[2022-05-11 07:04:05,675] {processor.py:163} INFO - Started process (PID=29938) to work on /home/airflow/.local/lib/python3.7/site-packages/airflow/example_dags/example_kubernetes_executor.py
[2022-05-11 07:04:05,677] {processor.py:642} INFO - Processing file /home/airflow/.local/lib/python3.7/site-packages/airflow/example_dags/example_kubernetes_executor.py for tasks to queue
[2022-05-11 07:04:05,678] {logging_mixin.py:109} INFO - [2022-05-11 07:04:05,678] {dagbag.py:500} INFO - Filling up the DagBag from /home/airflow/.local/lib/python3.7/site-packages/airflow/example_dags/example_kubernetes_executor.py
[2022-05-11 07:04:05,701] {processor.py:652} INFO - DAG(s) dict_keys(['example_kubernetes_executor']) retrieved from /home/airflow/.local/lib/python3.7/site-packages/airflow/example_dags/example_kubernetes_executor.py
[2022-05-11 07:04:05,726] {logging_mixin.py:109} INFO - [2022-05-11 07:04:05,726] {dag.py:2398} INFO - Sync 1 DAGs
[2022-05-11 07:04:05,742] {logging_mixin.py:109} INFO - [2022-05-11 07:04:05,742] {dag.py:2937} INFO - Setting next_dagrun for example_kubernetes_executor to None
[2022-05-11 07:04:05,758] {processor.py:171} INFO - Processing /home/airflow/.local/lib/python3.7/site-packages/airflow/example_dags/example_kubernetes_executor.py took 0.087 seconds
[2022-05-11 07:04:36,133] {processor.py:163} INFO - Started process (PID=30011) to work on /home/airflow/.local/lib/python3.7/site-packages/airflow/example_dags/example_kubernetes_executor.py
[2022-05-11 07:04:36,135] {processor.py:642} INFO - Processing file /home/airflow/.local/lib/python3.7/site-packages/airflow/example_dags/example_kubernetes_executor.py for tasks to queue
[2022-05-11 07:04:36,136] {logging_mixin.py:109} INFO - [2022-05-11 07:04:36,136] {dagbag.py:500} INFO - Filling up the DagBag from /home/airflow/.local/lib/python3.7/site-packages/airflow/example_dags/example_kubernetes_executor.py
[2022-05-11 07:04:36,157] {processor.py:652} INFO - DAG(s) dict_keys(['example_kubernetes_executor']) retrieved from /home/airflow/.local/lib/python3.7/site-packages/airflow/example_dags/example_kubernetes_executor.py
[2022-05-11 07:04:36,185] {logging_mixin.py:109} INFO - [2022-05-11 07:04:36,185] {dag.py:2398} INFO - Sync 1 DAGs
[2022-05-11 07:04:36,203] {logging_mixin.py:109} INFO - [2022-05-11 07:04:36,203] {dag.py:2937} INFO - Setting next_dagrun for example_kubernetes_executor to None
[2022-05-11 07:04:36,219] {processor.py:171} INFO - Processing /home/airflow/.local/lib/python3.7/site-packages/airflow/example_dags/example_kubernetes_executor.py took 0.089 seconds
[2022-05-11 07:05:06,667] {processor.py:163} INFO - Started process (PID=30075) to work on /home/airflow/.local/lib/python3.7/site-packages/airflow/example_dags/example_kubernetes_executor.py
[2022-05-11 07:05:06,668] {processor.py:642} INFO - Processing file /home/airflow/.local/lib/python3.7/site-packages/airflow/example_dags/example_kubernetes_executor.py for tasks to queue
[2022-05-11 07:05:06,669] {logging_mixin.py:109} INFO - [2022-05-11 07:05:06,669] {dagbag.py:500} INFO - Filling up the DagBag from /home/airflow/.local/lib/python3.7/site-packages/airflow/example_dags/example_kubernetes_executor.py
[2022-05-11 07:05:06,688] {processor.py:652} INFO - DAG(s) dict_keys(['example_kubernetes_executor']) retrieved from /home/airflow/.local/lib/python3.7/site-packages/airflow/example_dags/example_kubernetes_executor.py
[2022-05-11 07:05:06,713] {logging_mixin.py:109} INFO - [2022-05-11 07:05:06,713] {dag.py:2398} INFO - Sync 1 DAGs
[2022-05-11 07:05:06,728] {logging_mixin.py:109} INFO - [2022-05-11 07:05:06,728] {dag.py:2937} INFO - Setting next_dagrun for example_kubernetes_executor to None
[2022-05-11 07:05:06,742] {processor.py:171} INFO - Processing /home/airflow/.local/lib/python3.7/site-packages/airflow/example_dags/example_kubernetes_executor.py took 0.079 seconds
[2022-05-11 07:05:37,114] {processor.py:163} INFO - Started process (PID=30149) to work on /home/airflow/.local/lib/python3.7/site-packages/airflow/example_dags/example_kubernetes_executor.py
[2022-05-11 07:05:37,116] {processor.py:642} INFO - Processing file /home/airflow/.local/lib/python3.7/site-packages/airflow/example_dags/example_kubernetes_executor.py for tasks to queue
[2022-05-11 07:05:37,117] {logging_mixin.py:109} INFO - [2022-05-11 07:05:37,116] {dagbag.py:500} INFO - Filling up the DagBag from /home/airflow/.local/lib/python3.7/site-packages/airflow/example_dags/example_kubernetes_executor.py
[2022-05-11 07:05:37,136] {processor.py:652} INFO - DAG(s) dict_keys(['example_kubernetes_executor']) retrieved from /home/airflow/.local/lib/python3.7/site-packages/airflow/example_dags/example_kubernetes_executor.py
[2022-05-11 07:05:37,162] {logging_mixin.py:109} INFO - [2022-05-11 07:05:37,162] {dag.py:2398} INFO - Sync 1 DAGs
[2022-05-11 07:05:37,179] {logging_mixin.py:109} INFO - [2022-05-11 07:05:37,178] {dag.py:2937} INFO - Setting next_dagrun for example_kubernetes_executor to None
[2022-05-11 07:05:37,191] {processor.py:171} INFO - Processing /home/airflow/.local/lib/python3.7/site-packages/airflow/example_dags/example_kubernetes_executor.py took 0.080 seconds
[2022-05-11 07:06:07,601] {processor.py:163} INFO - Started process (PID=30212) to work on /home/airflow/.local/lib/python3.7/site-packages/airflow/example_dags/example_kubernetes_executor.py
[2022-05-11 07:06:07,602] {processor.py:642} INFO - Processing file /home/airflow/.local/lib/python3.7/site-packages/airflow/example_dags/example_kubernetes_executor.py for tasks to queue
[2022-05-11 07:06:07,603] {logging_mixin.py:109} INFO - [2022-05-11 07:06:07,603] {dagbag.py:500} INFO - Filling up the DagBag from /home/airflow/.local/lib/python3.7/site-packages/airflow/example_dags/example_kubernetes_executor.py
[2022-05-11 07:06:07,625] {processor.py:652} INFO - DAG(s) dict_keys(['example_kubernetes_executor']) retrieved from /home/airflow/.local/lib/python3.7/site-packages/airflow/example_dags/example_kubernetes_executor.py
[2022-05-11 07:06:07,648] {logging_mixin.py:109} INFO - [2022-05-11 07:06:07,648] {dag.py:2398} INFO - Sync 1 DAGs
[2022-05-11 07:06:07,661] {logging_mixin.py:109} INFO - [2022-05-11 07:06:07,661] {dag.py:2937} INFO - Setting next_dagrun for example_kubernetes_executor to None
[2022-05-11 07:06:07,672] {processor.py:171} INFO - Processing /home/airflow/.local/lib/python3.7/site-packages/airflow/example_dags/example_kubernetes_executor.py took 0.074 seconds
[2022-05-11 07:06:38,035] {processor.py:163} INFO - Started process (PID=30283) to work on /home/airflow/.local/lib/python3.7/site-packages/airflow/example_dags/example_kubernetes_executor.py
[2022-05-11 07:06:38,036] {processor.py:642} INFO - Processing file /home/airflow/.local/lib/python3.7/site-packages/airflow/example_dags/example_kubernetes_executor.py for tasks to queue
[2022-05-11 07:06:38,037] {logging_mixin.py:109} INFO - [2022-05-11 07:06:38,037] {dagbag.py:500} INFO - Filling up the DagBag from /home/airflow/.local/lib/python3.7/site-packages/airflow/example_dags/example_kubernetes_executor.py
[2022-05-11 07:06:38,061] {processor.py:652} INFO - DAG(s) dict_keys(['example_kubernetes_executor']) retrieved from /home/airflow/.local/lib/python3.7/site-packages/airflow/example_dags/example_kubernetes_executor.py
[2022-05-11 07:06:38,085] {logging_mixin.py:109} INFO - [2022-05-11 07:06:38,084] {dag.py:2398} INFO - Sync 1 DAGs
[2022-05-11 07:06:38,098] {logging_mixin.py:109} INFO - [2022-05-11 07:06:38,098] {dag.py:2937} INFO - Setting next_dagrun for example_kubernetes_executor to None
[2022-05-11 07:06:38,113] {processor.py:171} INFO - Processing /home/airflow/.local/lib/python3.7/site-packages/airflow/example_dags/example_kubernetes_executor.py took 0.083 seconds
[2022-05-11 07:07:08,619] {processor.py:163} INFO - Started process (PID=30354) to work on /home/airflow/.local/lib/python3.7/site-packages/airflow/example_dags/example_kubernetes_executor.py
[2022-05-11 07:07:08,622] {processor.py:642} INFO - Processing file /home/airflow/.local/lib/python3.7/site-packages/airflow/example_dags/example_kubernetes_executor.py for tasks to queue
[2022-05-11 07:07:08,623] {logging_mixin.py:109} INFO - [2022-05-11 07:07:08,623] {dagbag.py:500} INFO - Filling up the DagBag from /home/airflow/.local/lib/python3.7/site-packages/airflow/example_dags/example_kubernetes_executor.py
[2022-05-11 07:07:08,645] {processor.py:652} INFO - DAG(s) dict_keys(['example_kubernetes_executor']) retrieved from /home/airflow/.local/lib/python3.7/site-packages/airflow/example_dags/example_kubernetes_executor.py
[2022-05-11 07:07:08,669] {logging_mixin.py:109} INFO - [2022-05-11 07:07:08,669] {dag.py:2398} INFO - Sync 1 DAGs
[2022-05-11 07:07:08,687] {logging_mixin.py:109} INFO - [2022-05-11 07:07:08,687] {dag.py:2937} INFO - Setting next_dagrun for example_kubernetes_executor to None
[2022-05-11 07:07:08,701] {processor.py:171} INFO - Processing /home/airflow/.local/lib/python3.7/site-packages/airflow/example_dags/example_kubernetes_executor.py took 0.086 seconds
[2022-05-11 07:07:38,916] {processor.py:163} INFO - Started process (PID=30418) to work on /home/airflow/.local/lib/python3.7/site-packages/airflow/example_dags/example_kubernetes_executor.py
[2022-05-11 07:07:38,917] {processor.py:642} INFO - Processing file /home/airflow/.local/lib/python3.7/site-packages/airflow/example_dags/example_kubernetes_executor.py for tasks to queue
[2022-05-11 07:07:38,918] {logging_mixin.py:109} INFO - [2022-05-11 07:07:38,918] {dagbag.py:500} INFO - Filling up the DagBag from /home/airflow/.local/lib/python3.7/site-packages/airflow/example_dags/example_kubernetes_executor.py
[2022-05-11 07:07:38,940] {processor.py:652} INFO - DAG(s) dict_keys(['example_kubernetes_executor']) retrieved from /home/airflow/.local/lib/python3.7/site-packages/airflow/example_dags/example_kubernetes_executor.py
[2022-05-11 07:07:38,964] {logging_mixin.py:109} INFO - [2022-05-11 07:07:38,964] {dag.py:2398} INFO - Sync 1 DAGs
[2022-05-11 07:07:38,977] {logging_mixin.py:109} INFO - [2022-05-11 07:07:38,977] {dag.py:2937} INFO - Setting next_dagrun for example_kubernetes_executor to None
[2022-05-11 07:07:38,992] {processor.py:171} INFO - Processing /home/airflow/.local/lib/python3.7/site-packages/airflow/example_dags/example_kubernetes_executor.py took 0.079 seconds
[2022-05-11 07:08:09,234] {processor.py:163} INFO - Started process (PID=30490) to work on /home/airflow/.local/lib/python3.7/site-packages/airflow/example_dags/example_kubernetes_executor.py
[2022-05-11 07:08:09,236] {processor.py:642} INFO - Processing file /home/airflow/.local/lib/python3.7/site-packages/airflow/example_dags/example_kubernetes_executor.py for tasks to queue
[2022-05-11 07:08:09,237] {logging_mixin.py:109} INFO - [2022-05-11 07:08:09,237] {dagbag.py:500} INFO - Filling up the DagBag from /home/airflow/.local/lib/python3.7/site-packages/airflow/example_dags/example_kubernetes_executor.py
[2022-05-11 07:08:09,259] {processor.py:652} INFO - DAG(s) dict_keys(['example_kubernetes_executor']) retrieved from /home/airflow/.local/lib/python3.7/site-packages/airflow/example_dags/example_kubernetes_executor.py
[2022-05-11 07:08:09,283] {logging_mixin.py:109} INFO - [2022-05-11 07:08:09,283] {dag.py:2398} INFO - Sync 1 DAGs
[2022-05-11 07:08:09,297] {logging_mixin.py:109} INFO - [2022-05-11 07:08:09,297] {dag.py:2937} INFO - Setting next_dagrun for example_kubernetes_executor to None
[2022-05-11 07:08:09,310] {processor.py:171} INFO - Processing /home/airflow/.local/lib/python3.7/site-packages/airflow/example_dags/example_kubernetes_executor.py took 0.079 seconds
[2022-05-11 07:08:39,693] {processor.py:163} INFO - Started process (PID=30552) to work on /home/airflow/.local/lib/python3.7/site-packages/airflow/example_dags/example_kubernetes_executor.py
[2022-05-11 07:08:39,695] {processor.py:642} INFO - Processing file /home/airflow/.local/lib/python3.7/site-packages/airflow/example_dags/example_kubernetes_executor.py for tasks to queue
[2022-05-11 07:08:39,696] {logging_mixin.py:109} INFO - [2022-05-11 07:08:39,696] {dagbag.py:500} INFO - Filling up the DagBag from /home/airflow/.local/lib/python3.7/site-packages/airflow/example_dags/example_kubernetes_executor.py
[2022-05-11 07:08:39,720] {processor.py:652} INFO - DAG(s) dict_keys(['example_kubernetes_executor']) retrieved from /home/airflow/.local/lib/python3.7/site-packages/airflow/example_dags/example_kubernetes_executor.py
[2022-05-11 07:08:39,747] {logging_mixin.py:109} INFO - [2022-05-11 07:08:39,747] {dag.py:2398} INFO - Sync 1 DAGs
[2022-05-11 07:08:39,762] {logging_mixin.py:109} INFO - [2022-05-11 07:08:39,762] {dag.py:2937} INFO - Setting next_dagrun for example_kubernetes_executor to None
[2022-05-11 07:08:39,777] {processor.py:171} INFO - Processing /home/airflow/.local/lib/python3.7/site-packages/airflow/example_dags/example_kubernetes_executor.py took 0.090 seconds
[2022-05-11 07:09:10,125] {processor.py:163} INFO - Started process (PID=30625) to work on /home/airflow/.local/lib/python3.7/site-packages/airflow/example_dags/example_kubernetes_executor.py
[2022-05-11 07:09:10,128] {processor.py:642} INFO - Processing file /home/airflow/.local/lib/python3.7/site-packages/airflow/example_dags/example_kubernetes_executor.py for tasks to queue
[2022-05-11 07:09:10,129] {logging_mixin.py:109} INFO - [2022-05-11 07:09:10,129] {dagbag.py:500} INFO - Filling up the DagBag from /home/airflow/.local/lib/python3.7/site-packages/airflow/example_dags/example_kubernetes_executor.py
[2022-05-11 07:09:10,156] {processor.py:652} INFO - DAG(s) dict_keys(['example_kubernetes_executor']) retrieved from /home/airflow/.local/lib/python3.7/site-packages/airflow/example_dags/example_kubernetes_executor.py
[2022-05-11 07:09:10,184] {logging_mixin.py:109} INFO - [2022-05-11 07:09:10,184] {dag.py:2398} INFO - Sync 1 DAGs
[2022-05-11 07:09:10,201] {logging_mixin.py:109} INFO - [2022-05-11 07:09:10,201] {dag.py:2937} INFO - Setting next_dagrun for example_kubernetes_executor to None
[2022-05-11 07:09:10,219] {processor.py:171} INFO - Processing /home/airflow/.local/lib/python3.7/site-packages/airflow/example_dags/example_kubernetes_executor.py took 0.100 seconds
[2022-05-11 07:09:40,570] {processor.py:163} INFO - Started process (PID=30687) to work on /home/airflow/.local/lib/python3.7/site-packages/airflow/example_dags/example_kubernetes_executor.py
[2022-05-11 07:09:40,571] {processor.py:642} INFO - Processing file /home/airflow/.local/lib/python3.7/site-packages/airflow/example_dags/example_kubernetes_executor.py for tasks to queue
[2022-05-11 07:09:40,572] {logging_mixin.py:109} INFO - [2022-05-11 07:09:40,572] {dagbag.py:500} INFO - Filling up the DagBag from /home/airflow/.local/lib/python3.7/site-packages/airflow/example_dags/example_kubernetes_executor.py
[2022-05-11 07:09:40,593] {processor.py:652} INFO - DAG(s) dict_keys(['example_kubernetes_executor']) retrieved from /home/airflow/.local/lib/python3.7/site-packages/airflow/example_dags/example_kubernetes_executor.py
[2022-05-11 07:09:40,615] {logging_mixin.py:109} INFO - [2022-05-11 07:09:40,615] {dag.py:2398} INFO - Sync 1 DAGs
[2022-05-11 07:09:40,628] {logging_mixin.py:109} INFO - [2022-05-11 07:09:40,628] {dag.py:2937} INFO - Setting next_dagrun for example_kubernetes_executor to None
[2022-05-11 07:09:40,642] {processor.py:171} INFO - Processing /home/airflow/.local/lib/python3.7/site-packages/airflow/example_dags/example_kubernetes_executor.py took 0.075 seconds
[2022-05-11 07:10:11,080] {processor.py:163} INFO - Started process (PID=30759) to work on /home/airflow/.local/lib/python3.7/site-packages/airflow/example_dags/example_kubernetes_executor.py
[2022-05-11 07:10:11,081] {processor.py:642} INFO - Processing file /home/airflow/.local/lib/python3.7/site-packages/airflow/example_dags/example_kubernetes_executor.py for tasks to queue
[2022-05-11 07:10:11,083] {logging_mixin.py:109} INFO - [2022-05-11 07:10:11,083] {dagbag.py:500} INFO - Filling up the DagBag from /home/airflow/.local/lib/python3.7/site-packages/airflow/example_dags/example_kubernetes_executor.py
[2022-05-11 07:10:11,111] {processor.py:652} INFO - DAG(s) dict_keys(['example_kubernetes_executor']) retrieved from /home/airflow/.local/lib/python3.7/site-packages/airflow/example_dags/example_kubernetes_executor.py
[2022-05-11 07:10:11,138] {logging_mixin.py:109} INFO - [2022-05-11 07:10:11,138] {dag.py:2398} INFO - Sync 1 DAGs
[2022-05-11 07:10:11,155] {logging_mixin.py:109} INFO - [2022-05-11 07:10:11,155] {dag.py:2937} INFO - Setting next_dagrun for example_kubernetes_executor to None
[2022-05-11 07:10:11,168] {processor.py:171} INFO - Processing /home/airflow/.local/lib/python3.7/site-packages/airflow/example_dags/example_kubernetes_executor.py took 0.093 seconds
[2022-05-11 07:10:41,898] {processor.py:163} INFO - Started process (PID=30822) to work on /home/airflow/.local/lib/python3.7/site-packages/airflow/example_dags/example_kubernetes_executor.py
[2022-05-11 07:10:41,900] {processor.py:642} INFO - Processing file /home/airflow/.local/lib/python3.7/site-packages/airflow/example_dags/example_kubernetes_executor.py for tasks to queue
[2022-05-11 07:10:41,901] {logging_mixin.py:109} INFO - [2022-05-11 07:10:41,900] {dagbag.py:500} INFO - Filling up the DagBag from /home/airflow/.local/lib/python3.7/site-packages/airflow/example_dags/example_kubernetes_executor.py
[2022-05-11 07:10:41,926] {processor.py:652} INFO - DAG(s) dict_keys(['example_kubernetes_executor']) retrieved from /home/airflow/.local/lib/python3.7/site-packages/airflow/example_dags/example_kubernetes_executor.py
[2022-05-11 07:10:41,954] {logging_mixin.py:109} INFO - [2022-05-11 07:10:41,954] {dag.py:2398} INFO - Sync 1 DAGs
[2022-05-11 07:10:41,969] {logging_mixin.py:109} INFO - [2022-05-11 07:10:41,968] {dag.py:2937} INFO - Setting next_dagrun for example_kubernetes_executor to None
[2022-05-11 07:10:41,985] {processor.py:171} INFO - Processing /home/airflow/.local/lib/python3.7/site-packages/airflow/example_dags/example_kubernetes_executor.py took 0.091 seconds
[2022-05-11 07:11:12,314] {processor.py:163} INFO - Started process (PID=30895) to work on /home/airflow/.local/lib/python3.7/site-packages/airflow/example_dags/example_kubernetes_executor.py
[2022-05-11 07:11:12,316] {processor.py:642} INFO - Processing file /home/airflow/.local/lib/python3.7/site-packages/airflow/example_dags/example_kubernetes_executor.py for tasks to queue
[2022-05-11 07:11:12,317] {logging_mixin.py:109} INFO - [2022-05-11 07:11:12,317] {dagbag.py:500} INFO - Filling up the DagBag from /home/airflow/.local/lib/python3.7/site-packages/airflow/example_dags/example_kubernetes_executor.py
[2022-05-11 07:11:12,349] {processor.py:652} INFO - DAG(s) dict_keys(['example_kubernetes_executor']) retrieved from /home/airflow/.local/lib/python3.7/site-packages/airflow/example_dags/example_kubernetes_executor.py
[2022-05-11 07:11:12,383] {logging_mixin.py:109} INFO - [2022-05-11 07:11:12,383] {dag.py:2398} INFO - Sync 1 DAGs
[2022-05-11 07:11:12,404] {logging_mixin.py:109} INFO - [2022-05-11 07:11:12,404] {dag.py:2937} INFO - Setting next_dagrun for example_kubernetes_executor to None
[2022-05-11 07:11:12,421] {processor.py:171} INFO - Processing /home/airflow/.local/lib/python3.7/site-packages/airflow/example_dags/example_kubernetes_executor.py took 0.111 seconds
[2022-05-11 07:11:42,780] {processor.py:163} INFO - Started process (PID=30958) to work on /home/airflow/.local/lib/python3.7/site-packages/airflow/example_dags/example_kubernetes_executor.py
[2022-05-11 07:11:42,781] {processor.py:642} INFO - Processing file /home/airflow/.local/lib/python3.7/site-packages/airflow/example_dags/example_kubernetes_executor.py for tasks to queue
[2022-05-11 07:11:42,782] {logging_mixin.py:109} INFO - [2022-05-11 07:11:42,782] {dagbag.py:500} INFO - Filling up the DagBag from /home/airflow/.local/lib/python3.7/site-packages/airflow/example_dags/example_kubernetes_executor.py
[2022-05-11 07:11:42,801] {processor.py:652} INFO - DAG(s) dict_keys(['example_kubernetes_executor']) retrieved from /home/airflow/.local/lib/python3.7/site-packages/airflow/example_dags/example_kubernetes_executor.py
[2022-05-11 07:11:42,825] {logging_mixin.py:109} INFO - [2022-05-11 07:11:42,825] {dag.py:2398} INFO - Sync 1 DAGs
[2022-05-11 07:11:42,839] {logging_mixin.py:109} INFO - [2022-05-11 07:11:42,838] {dag.py:2937} INFO - Setting next_dagrun for example_kubernetes_executor to None
[2022-05-11 07:11:42,856] {processor.py:171} INFO - Processing /home/airflow/.local/lib/python3.7/site-packages/airflow/example_dags/example_kubernetes_executor.py took 0.079 seconds
[2022-05-11 07:12:13,516] {processor.py:163} INFO - Started process (PID=31031) to work on /home/airflow/.local/lib/python3.7/site-packages/airflow/example_dags/example_kubernetes_executor.py
[2022-05-11 07:12:13,517] {processor.py:642} INFO - Processing file /home/airflow/.local/lib/python3.7/site-packages/airflow/example_dags/example_kubernetes_executor.py for tasks to queue
[2022-05-11 07:12:13,518] {logging_mixin.py:109} INFO - [2022-05-11 07:12:13,518] {dagbag.py:500} INFO - Filling up the DagBag from /home/airflow/.local/lib/python3.7/site-packages/airflow/example_dags/example_kubernetes_executor.py
[2022-05-11 07:12:13,542] {processor.py:652} INFO - DAG(s) dict_keys(['example_kubernetes_executor']) retrieved from /home/airflow/.local/lib/python3.7/site-packages/airflow/example_dags/example_kubernetes_executor.py
[2022-05-11 07:12:13,565] {logging_mixin.py:109} INFO - [2022-05-11 07:12:13,565] {dag.py:2398} INFO - Sync 1 DAGs
[2022-05-11 07:12:13,579] {logging_mixin.py:109} INFO - [2022-05-11 07:12:13,578] {dag.py:2937} INFO - Setting next_dagrun for example_kubernetes_executor to None
[2022-05-11 07:12:13,593] {processor.py:171} INFO - Processing /home/airflow/.local/lib/python3.7/site-packages/airflow/example_dags/example_kubernetes_executor.py took 0.080 seconds
[2022-05-11 07:12:43,734] {processor.py:163} INFO - Started process (PID=31105) to work on /home/airflow/.local/lib/python3.7/site-packages/airflow/example_dags/example_kubernetes_executor.py
[2022-05-11 07:12:43,735] {processor.py:642} INFO - Processing file /home/airflow/.local/lib/python3.7/site-packages/airflow/example_dags/example_kubernetes_executor.py for tasks to queue
[2022-05-11 07:12:43,736] {logging_mixin.py:109} INFO - [2022-05-11 07:12:43,736] {dagbag.py:500} INFO - Filling up the DagBag from /home/airflow/.local/lib/python3.7/site-packages/airflow/example_dags/example_kubernetes_executor.py
[2022-05-11 07:12:43,756] {processor.py:652} INFO - DAG(s) dict_keys(['example_kubernetes_executor']) retrieved from /home/airflow/.local/lib/python3.7/site-packages/airflow/example_dags/example_kubernetes_executor.py
[2022-05-11 07:12:43,781] {logging_mixin.py:109} INFO - [2022-05-11 07:12:43,781] {dag.py:2398} INFO - Sync 1 DAGs
[2022-05-11 07:12:43,795] {logging_mixin.py:109} INFO - [2022-05-11 07:12:43,795] {dag.py:2937} INFO - Setting next_dagrun for example_kubernetes_executor to None
[2022-05-11 07:12:43,813] {processor.py:171} INFO - Processing /home/airflow/.local/lib/python3.7/site-packages/airflow/example_dags/example_kubernetes_executor.py took 0.083 seconds
[2022-05-11 07:13:14,754] {processor.py:163} INFO - Started process (PID=31168) to work on /home/airflow/.local/lib/python3.7/site-packages/airflow/example_dags/example_kubernetes_executor.py
[2022-05-11 07:13:14,755] {processor.py:642} INFO - Processing file /home/airflow/.local/lib/python3.7/site-packages/airflow/example_dags/example_kubernetes_executor.py for tasks to queue
[2022-05-11 07:13:14,756] {logging_mixin.py:109} INFO - [2022-05-11 07:13:14,756] {dagbag.py:500} INFO - Filling up the DagBag from /home/airflow/.local/lib/python3.7/site-packages/airflow/example_dags/example_kubernetes_executor.py
[2022-05-11 07:13:14,779] {processor.py:652} INFO - DAG(s) dict_keys(['example_kubernetes_executor']) retrieved from /home/airflow/.local/lib/python3.7/site-packages/airflow/example_dags/example_kubernetes_executor.py
[2022-05-11 07:13:14,805] {logging_mixin.py:109} INFO - [2022-05-11 07:13:14,805] {dag.py:2398} INFO - Sync 1 DAGs
[2022-05-11 07:13:14,817] {logging_mixin.py:109} INFO - [2022-05-11 07:13:14,817] {dag.py:2937} INFO - Setting next_dagrun for example_kubernetes_executor to None
[2022-05-11 07:13:14,835] {processor.py:171} INFO - Processing /home/airflow/.local/lib/python3.7/site-packages/airflow/example_dags/example_kubernetes_executor.py took 0.085 seconds
[2022-05-11 07:13:45,157] {processor.py:163} INFO - Started process (PID=31242) to work on /home/airflow/.local/lib/python3.7/site-packages/airflow/example_dags/example_kubernetes_executor.py
[2022-05-11 07:13:45,158] {processor.py:642} INFO - Processing file /home/airflow/.local/lib/python3.7/site-packages/airflow/example_dags/example_kubernetes_executor.py for tasks to queue
[2022-05-11 07:13:45,159] {logging_mixin.py:109} INFO - [2022-05-11 07:13:45,159] {dagbag.py:500} INFO - Filling up the DagBag from /home/airflow/.local/lib/python3.7/site-packages/airflow/example_dags/example_kubernetes_executor.py
[2022-05-11 07:13:45,181] {processor.py:652} INFO - DAG(s) dict_keys(['example_kubernetes_executor']) retrieved from /home/airflow/.local/lib/python3.7/site-packages/airflow/example_dags/example_kubernetes_executor.py
[2022-05-11 07:13:45,206] {logging_mixin.py:109} INFO - [2022-05-11 07:13:45,206] {dag.py:2398} INFO - Sync 1 DAGs
[2022-05-11 07:13:45,221] {logging_mixin.py:109} INFO - [2022-05-11 07:13:45,221] {dag.py:2937} INFO - Setting next_dagrun for example_kubernetes_executor to None
[2022-05-11 07:13:45,237] {processor.py:171} INFO - Processing /home/airflow/.local/lib/python3.7/site-packages/airflow/example_dags/example_kubernetes_executor.py took 0.085 seconds
[2022-05-11 07:14:15,573] {processor.py:163} INFO - Started process (PID=31304) to work on /home/airflow/.local/lib/python3.7/site-packages/airflow/example_dags/example_kubernetes_executor.py
[2022-05-11 07:14:15,575] {processor.py:642} INFO - Processing file /home/airflow/.local/lib/python3.7/site-packages/airflow/example_dags/example_kubernetes_executor.py for tasks to queue
[2022-05-11 07:14:15,575] {logging_mixin.py:109} INFO - [2022-05-11 07:14:15,575] {dagbag.py:500} INFO - Filling up the DagBag from /home/airflow/.local/lib/python3.7/site-packages/airflow/example_dags/example_kubernetes_executor.py
[2022-05-11 07:14:15,598] {processor.py:652} INFO - DAG(s) dict_keys(['example_kubernetes_executor']) retrieved from /home/airflow/.local/lib/python3.7/site-packages/airflow/example_dags/example_kubernetes_executor.py
[2022-05-11 07:14:15,627] {logging_mixin.py:109} INFO - [2022-05-11 07:14:15,626] {dag.py:2398} INFO - Sync 1 DAGs
[2022-05-11 07:14:15,645] {logging_mixin.py:109} INFO - [2022-05-11 07:14:15,645] {dag.py:2937} INFO - Setting next_dagrun for example_kubernetes_executor to None
[2022-05-11 07:14:15,661] {processor.py:171} INFO - Processing /home/airflow/.local/lib/python3.7/site-packages/airflow/example_dags/example_kubernetes_executor.py took 0.091 seconds
[2022-05-11 07:14:46,028] {processor.py:163} INFO - Started process (PID=31377) to work on /home/airflow/.local/lib/python3.7/site-packages/airflow/example_dags/example_kubernetes_executor.py
[2022-05-11 07:14:46,029] {processor.py:642} INFO - Processing file /home/airflow/.local/lib/python3.7/site-packages/airflow/example_dags/example_kubernetes_executor.py for tasks to queue
[2022-05-11 07:14:46,030] {logging_mixin.py:109} INFO - [2022-05-11 07:14:46,030] {dagbag.py:500} INFO - Filling up the DagBag from /home/airflow/.local/lib/python3.7/site-packages/airflow/example_dags/example_kubernetes_executor.py
[2022-05-11 07:14:46,054] {processor.py:652} INFO - DAG(s) dict_keys(['example_kubernetes_executor']) retrieved from /home/airflow/.local/lib/python3.7/site-packages/airflow/example_dags/example_kubernetes_executor.py
[2022-05-11 07:14:46,082] {logging_mixin.py:109} INFO - [2022-05-11 07:14:46,082] {dag.py:2398} INFO - Sync 1 DAGs
[2022-05-11 07:14:46,102] {logging_mixin.py:109} INFO - [2022-05-11 07:14:46,102] {dag.py:2937} INFO - Setting next_dagrun for example_kubernetes_executor to None
[2022-05-11 07:14:46,120] {processor.py:171} INFO - Processing /home/airflow/.local/lib/python3.7/site-packages/airflow/example_dags/example_kubernetes_executor.py took 0.096 seconds
[2022-05-11 07:15:16,299] {processor.py:163} INFO - Started process (PID=31440) to work on /home/airflow/.local/lib/python3.7/site-packages/airflow/example_dags/example_kubernetes_executor.py
[2022-05-11 07:15:16,300] {processor.py:642} INFO - Processing file /home/airflow/.local/lib/python3.7/site-packages/airflow/example_dags/example_kubernetes_executor.py for tasks to queue
[2022-05-11 07:15:16,301] {logging_mixin.py:109} INFO - [2022-05-11 07:15:16,301] {dagbag.py:500} INFO - Filling up the DagBag from /home/airflow/.local/lib/python3.7/site-packages/airflow/example_dags/example_kubernetes_executor.py
[2022-05-11 07:15:16,325] {processor.py:652} INFO - DAG(s) dict_keys(['example_kubernetes_executor']) retrieved from /home/airflow/.local/lib/python3.7/site-packages/airflow/example_dags/example_kubernetes_executor.py
[2022-05-11 07:15:16,349] {logging_mixin.py:109} INFO - [2022-05-11 07:15:16,349] {dag.py:2398} INFO - Sync 1 DAGs
[2022-05-11 07:15:16,367] {logging_mixin.py:109} INFO - [2022-05-11 07:15:16,367] {dag.py:2937} INFO - Setting next_dagrun for example_kubernetes_executor to None
[2022-05-11 07:15:16,384] {processor.py:171} INFO - Processing /home/airflow/.local/lib/python3.7/site-packages/airflow/example_dags/example_kubernetes_executor.py took 0.088 seconds
[2022-05-11 07:15:46,479] {processor.py:163} INFO - Started process (PID=31515) to work on /home/airflow/.local/lib/python3.7/site-packages/airflow/example_dags/example_kubernetes_executor.py
[2022-05-11 07:15:46,482] {processor.py:642} INFO - Processing file /home/airflow/.local/lib/python3.7/site-packages/airflow/example_dags/example_kubernetes_executor.py for tasks to queue
[2022-05-11 07:15:46,483] {logging_mixin.py:109} INFO - [2022-05-11 07:15:46,483] {dagbag.py:500} INFO - Filling up the DagBag from /home/airflow/.local/lib/python3.7/site-packages/airflow/example_dags/example_kubernetes_executor.py
[2022-05-11 07:15:46,523] {processor.py:652} INFO - DAG(s) dict_keys(['example_kubernetes_executor']) retrieved from /home/airflow/.local/lib/python3.7/site-packages/airflow/example_dags/example_kubernetes_executor.py
[2022-05-11 07:15:46,562] {logging_mixin.py:109} INFO - [2022-05-11 07:15:46,562] {dag.py:2398} INFO - Sync 1 DAGs
[2022-05-11 07:15:46,583] {logging_mixin.py:109} INFO - [2022-05-11 07:15:46,583] {dag.py:2937} INFO - Setting next_dagrun for example_kubernetes_executor to None
[2022-05-11 07:15:46,602] {processor.py:171} INFO - Processing /home/airflow/.local/lib/python3.7/site-packages/airflow/example_dags/example_kubernetes_executor.py took 0.130 seconds
[2022-05-11 07:16:17,009] {processor.py:163} INFO - Started process (PID=31579) to work on /home/airflow/.local/lib/python3.7/site-packages/airflow/example_dags/example_kubernetes_executor.py
[2022-05-11 07:16:17,010] {processor.py:642} INFO - Processing file /home/airflow/.local/lib/python3.7/site-packages/airflow/example_dags/example_kubernetes_executor.py for tasks to queue
[2022-05-11 07:16:17,011] {logging_mixin.py:109} INFO - [2022-05-11 07:16:17,011] {dagbag.py:500} INFO - Filling up the DagBag from /home/airflow/.local/lib/python3.7/site-packages/airflow/example_dags/example_kubernetes_executor.py
[2022-05-11 07:16:17,033] {processor.py:652} INFO - DAG(s) dict_keys(['example_kubernetes_executor']) retrieved from /home/airflow/.local/lib/python3.7/site-packages/airflow/example_dags/example_kubernetes_executor.py
[2022-05-11 07:16:17,054] {logging_mixin.py:109} INFO - [2022-05-11 07:16:17,054] {dag.py:2398} INFO - Sync 1 DAGs
[2022-05-11 07:16:17,071] {logging_mixin.py:109} INFO - [2022-05-11 07:16:17,071] {dag.py:2937} INFO - Setting next_dagrun for example_kubernetes_executor to None
[2022-05-11 07:16:17,088] {processor.py:171} INFO - Processing /home/airflow/.local/lib/python3.7/site-packages/airflow/example_dags/example_kubernetes_executor.py took 0.082 seconds
[2022-05-11 07:16:47,575] {processor.py:163} INFO - Started process (PID=31652) to work on /home/airflow/.local/lib/python3.7/site-packages/airflow/example_dags/example_kubernetes_executor.py
[2022-05-11 07:16:47,577] {processor.py:642} INFO - Processing file /home/airflow/.local/lib/python3.7/site-packages/airflow/example_dags/example_kubernetes_executor.py for tasks to queue
[2022-05-11 07:16:47,578] {logging_mixin.py:109} INFO - [2022-05-11 07:16:47,578] {dagbag.py:500} INFO - Filling up the DagBag from /home/airflow/.local/lib/python3.7/site-packages/airflow/example_dags/example_kubernetes_executor.py
[2022-05-11 07:16:47,619] {processor.py:652} INFO - DAG(s) dict_keys(['example_kubernetes_executor']) retrieved from /home/airflow/.local/lib/python3.7/site-packages/airflow/example_dags/example_kubernetes_executor.py
[2022-05-11 07:16:47,653] {logging_mixin.py:109} INFO - [2022-05-11 07:16:47,653] {dag.py:2398} INFO - Sync 1 DAGs
[2022-05-11 07:16:47,673] {logging_mixin.py:109} INFO - [2022-05-11 07:16:47,673] {dag.py:2937} INFO - Setting next_dagrun for example_kubernetes_executor to None
[2022-05-11 07:16:47,694] {processor.py:171} INFO - Processing /home/airflow/.local/lib/python3.7/site-packages/airflow/example_dags/example_kubernetes_executor.py took 0.123 seconds
[2022-05-11 07:17:18,165] {processor.py:163} INFO - Started process (PID=31714) to work on /home/airflow/.local/lib/python3.7/site-packages/airflow/example_dags/example_kubernetes_executor.py
[2022-05-11 07:17:18,167] {processor.py:642} INFO - Processing file /home/airflow/.local/lib/python3.7/site-packages/airflow/example_dags/example_kubernetes_executor.py for tasks to queue
[2022-05-11 07:17:18,168] {logging_mixin.py:109} INFO - [2022-05-11 07:17:18,168] {dagbag.py:500} INFO - Filling up the DagBag from /home/airflow/.local/lib/python3.7/site-packages/airflow/example_dags/example_kubernetes_executor.py
[2022-05-11 07:17:18,210] {processor.py:652} INFO - DAG(s) dict_keys(['example_kubernetes_executor']) retrieved from /home/airflow/.local/lib/python3.7/site-packages/airflow/example_dags/example_kubernetes_executor.py
[2022-05-11 07:17:18,251] {logging_mixin.py:109} INFO - [2022-05-11 07:17:18,251] {dag.py:2398} INFO - Sync 1 DAGs
[2022-05-11 07:17:18,276] {logging_mixin.py:109} INFO - [2022-05-11 07:17:18,276] {dag.py:2937} INFO - Setting next_dagrun for example_kubernetes_executor to None
[2022-05-11 07:17:18,297] {processor.py:171} INFO - Processing /home/airflow/.local/lib/python3.7/site-packages/airflow/example_dags/example_kubernetes_executor.py took 0.137 seconds
[2022-05-11 07:17:48,524] {processor.py:163} INFO - Started process (PID=31788) to work on /home/airflow/.local/lib/python3.7/site-packages/airflow/example_dags/example_kubernetes_executor.py
[2022-05-11 07:17:48,526] {processor.py:642} INFO - Processing file /home/airflow/.local/lib/python3.7/site-packages/airflow/example_dags/example_kubernetes_executor.py for tasks to queue
[2022-05-11 07:17:48,527] {logging_mixin.py:109} INFO - [2022-05-11 07:17:48,526] {dagbag.py:500} INFO - Filling up the DagBag from /home/airflow/.local/lib/python3.7/site-packages/airflow/example_dags/example_kubernetes_executor.py
[2022-05-11 07:17:48,549] {processor.py:652} INFO - DAG(s) dict_keys(['example_kubernetes_executor']) retrieved from /home/airflow/.local/lib/python3.7/site-packages/airflow/example_dags/example_kubernetes_executor.py
[2022-05-11 07:17:48,584] {logging_mixin.py:109} INFO - [2022-05-11 07:17:48,584] {dag.py:2398} INFO - Sync 1 DAGs
[2022-05-11 07:17:48,604] {logging_mixin.py:109} INFO - [2022-05-11 07:17:48,604] {dag.py:2937} INFO - Setting next_dagrun for example_kubernetes_executor to None
[2022-05-11 07:17:48,620] {processor.py:171} INFO - Processing /home/airflow/.local/lib/python3.7/site-packages/airflow/example_dags/example_kubernetes_executor.py took 0.099 seconds
[2022-05-11 07:18:19,239] {processor.py:163} INFO - Started process (PID=31851) to work on /home/airflow/.local/lib/python3.7/site-packages/airflow/example_dags/example_kubernetes_executor.py
[2022-05-11 07:18:19,240] {processor.py:642} INFO - Processing file /home/airflow/.local/lib/python3.7/site-packages/airflow/example_dags/example_kubernetes_executor.py for tasks to queue
[2022-05-11 07:18:19,241] {logging_mixin.py:109} INFO - [2022-05-11 07:18:19,241] {dagbag.py:500} INFO - Filling up the DagBag from /home/airflow/.local/lib/python3.7/site-packages/airflow/example_dags/example_kubernetes_executor.py
[2022-05-11 07:18:19,268] {processor.py:652} INFO - DAG(s) dict_keys(['example_kubernetes_executor']) retrieved from /home/airflow/.local/lib/python3.7/site-packages/airflow/example_dags/example_kubernetes_executor.py
[2022-05-11 07:18:19,297] {logging_mixin.py:109} INFO - [2022-05-11 07:18:19,296] {dag.py:2398} INFO - Sync 1 DAGs
[2022-05-11 07:18:19,314] {logging_mixin.py:109} INFO - [2022-05-11 07:18:19,314] {dag.py:2937} INFO - Setting next_dagrun for example_kubernetes_executor to None
[2022-05-11 07:18:19,327] {processor.py:171} INFO - Processing /home/airflow/.local/lib/python3.7/site-packages/airflow/example_dags/example_kubernetes_executor.py took 0.093 seconds
[2022-05-11 07:18:49,526] {processor.py:163} INFO - Started process (PID=31923) to work on /home/airflow/.local/lib/python3.7/site-packages/airflow/example_dags/example_kubernetes_executor.py
[2022-05-11 07:18:49,528] {processor.py:642} INFO - Processing file /home/airflow/.local/lib/python3.7/site-packages/airflow/example_dags/example_kubernetes_executor.py for tasks to queue
[2022-05-11 07:18:49,529] {logging_mixin.py:109} INFO - [2022-05-11 07:18:49,529] {dagbag.py:500} INFO - Filling up the DagBag from /home/airflow/.local/lib/python3.7/site-packages/airflow/example_dags/example_kubernetes_executor.py
[2022-05-11 07:18:49,566] {processor.py:652} INFO - DAG(s) dict_keys(['example_kubernetes_executor']) retrieved from /home/airflow/.local/lib/python3.7/site-packages/airflow/example_dags/example_kubernetes_executor.py
[2022-05-11 07:18:49,610] {logging_mixin.py:109} INFO - [2022-05-11 07:18:49,610] {dag.py:2398} INFO - Sync 1 DAGs
[2022-05-11 07:18:49,637] {logging_mixin.py:109} INFO - [2022-05-11 07:18:49,637] {dag.py:2937} INFO - Setting next_dagrun for example_kubernetes_executor to None
[2022-05-11 07:18:49,660] {processor.py:171} INFO - Processing /home/airflow/.local/lib/python3.7/site-packages/airflow/example_dags/example_kubernetes_executor.py took 0.137 seconds
[2022-05-11 07:19:19,820] {processor.py:163} INFO - Started process (PID=31986) to work on /home/airflow/.local/lib/python3.7/site-packages/airflow/example_dags/example_kubernetes_executor.py
[2022-05-11 07:19:19,822] {processor.py:642} INFO - Processing file /home/airflow/.local/lib/python3.7/site-packages/airflow/example_dags/example_kubernetes_executor.py for tasks to queue
[2022-05-11 07:19:19,824] {logging_mixin.py:109} INFO - [2022-05-11 07:19:19,823] {dagbag.py:500} INFO - Filling up the DagBag from /home/airflow/.local/lib/python3.7/site-packages/airflow/example_dags/example_kubernetes_executor.py
[2022-05-11 07:19:19,847] {processor.py:652} INFO - DAG(s) dict_keys(['example_kubernetes_executor']) retrieved from /home/airflow/.local/lib/python3.7/site-packages/airflow/example_dags/example_kubernetes_executor.py
[2022-05-11 07:19:19,877] {logging_mixin.py:109} INFO - [2022-05-11 07:19:19,876] {dag.py:2398} INFO - Sync 1 DAGs
[2022-05-11 07:19:19,892] {logging_mixin.py:109} INFO - [2022-05-11 07:19:19,892] {dag.py:2937} INFO - Setting next_dagrun for example_kubernetes_executor to None
[2022-05-11 07:19:19,911] {processor.py:171} INFO - Processing /home/airflow/.local/lib/python3.7/site-packages/airflow/example_dags/example_kubernetes_executor.py took 0.095 seconds
[2022-05-11 07:19:50,820] {processor.py:163} INFO - Started process (PID=32055) to work on /home/airflow/.local/lib/python3.7/site-packages/airflow/example_dags/example_kubernetes_executor.py
[2022-05-11 07:19:50,821] {processor.py:642} INFO - Processing file /home/airflow/.local/lib/python3.7/site-packages/airflow/example_dags/example_kubernetes_executor.py for tasks to queue
[2022-05-11 07:19:50,822] {logging_mixin.py:109} INFO - [2022-05-11 07:19:50,822] {dagbag.py:500} INFO - Filling up the DagBag from /home/airflow/.local/lib/python3.7/site-packages/airflow/example_dags/example_kubernetes_executor.py
[2022-05-11 07:19:50,847] {processor.py:652} INFO - DAG(s) dict_keys(['example_kubernetes_executor']) retrieved from /home/airflow/.local/lib/python3.7/site-packages/airflow/example_dags/example_kubernetes_executor.py
[2022-05-11 07:19:50,876] {logging_mixin.py:109} INFO - [2022-05-11 07:19:50,876] {dag.py:2398} INFO - Sync 1 DAGs
[2022-05-11 07:19:50,895] {logging_mixin.py:109} INFO - [2022-05-11 07:19:50,895] {dag.py:2937} INFO - Setting next_dagrun for example_kubernetes_executor to None
[2022-05-11 07:19:50,911] {processor.py:171} INFO - Processing /home/airflow/.local/lib/python3.7/site-packages/airflow/example_dags/example_kubernetes_executor.py took 0.094 seconds
[2022-05-11 07:20:21,235] {processor.py:163} INFO - Started process (PID=32120) to work on /home/airflow/.local/lib/python3.7/site-packages/airflow/example_dags/example_kubernetes_executor.py
[2022-05-11 07:20:21,236] {processor.py:642} INFO - Processing file /home/airflow/.local/lib/python3.7/site-packages/airflow/example_dags/example_kubernetes_executor.py for tasks to queue
[2022-05-11 07:20:21,237] {logging_mixin.py:109} INFO - [2022-05-11 07:20:21,237] {dagbag.py:500} INFO - Filling up the DagBag from /home/airflow/.local/lib/python3.7/site-packages/airflow/example_dags/example_kubernetes_executor.py
[2022-05-11 07:20:21,266] {processor.py:652} INFO - DAG(s) dict_keys(['example_kubernetes_executor']) retrieved from /home/airflow/.local/lib/python3.7/site-packages/airflow/example_dags/example_kubernetes_executor.py
[2022-05-11 07:20:21,296] {logging_mixin.py:109} INFO - [2022-05-11 07:20:21,296] {dag.py:2398} INFO - Sync 1 DAGs
[2022-05-11 07:20:21,321] {logging_mixin.py:109} INFO - [2022-05-11 07:20:21,321] {dag.py:2937} INFO - Setting next_dagrun for example_kubernetes_executor to None
[2022-05-11 07:20:21,340] {processor.py:171} INFO - Processing /home/airflow/.local/lib/python3.7/site-packages/airflow/example_dags/example_kubernetes_executor.py took 0.110 seconds
[2022-05-11 07:20:51,480] {processor.py:163} INFO - Started process (PID=32183) to work on /home/airflow/.local/lib/python3.7/site-packages/airflow/example_dags/example_kubernetes_executor.py
[2022-05-11 07:20:51,481] {processor.py:642} INFO - Processing file /home/airflow/.local/lib/python3.7/site-packages/airflow/example_dags/example_kubernetes_executor.py for tasks to queue
[2022-05-11 07:20:51,482] {logging_mixin.py:109} INFO - [2022-05-11 07:20:51,482] {dagbag.py:500} INFO - Filling up the DagBag from /home/airflow/.local/lib/python3.7/site-packages/airflow/example_dags/example_kubernetes_executor.py
[2022-05-11 07:20:51,503] {processor.py:652} INFO - DAG(s) dict_keys(['example_kubernetes_executor']) retrieved from /home/airflow/.local/lib/python3.7/site-packages/airflow/example_dags/example_kubernetes_executor.py
[2022-05-11 07:20:51,529] {logging_mixin.py:109} INFO - [2022-05-11 07:20:51,529] {dag.py:2398} INFO - Sync 1 DAGs
[2022-05-11 07:20:51,544] {logging_mixin.py:109} INFO - [2022-05-11 07:20:51,543] {dag.py:2937} INFO - Setting next_dagrun for example_kubernetes_executor to None
[2022-05-11 07:20:51,558] {processor.py:171} INFO - Processing /home/airflow/.local/lib/python3.7/site-packages/airflow/example_dags/example_kubernetes_executor.py took 0.081 seconds
[2022-05-11 07:21:22,210] {processor.py:163} INFO - Started process (PID=32256) to work on /home/airflow/.local/lib/python3.7/site-packages/airflow/example_dags/example_kubernetes_executor.py
[2022-05-11 07:21:22,212] {processor.py:642} INFO - Processing file /home/airflow/.local/lib/python3.7/site-packages/airflow/example_dags/example_kubernetes_executor.py for tasks to queue
[2022-05-11 07:21:22,213] {logging_mixin.py:109} INFO - [2022-05-11 07:21:22,213] {dagbag.py:500} INFO - Filling up the DagBag from /home/airflow/.local/lib/python3.7/site-packages/airflow/example_dags/example_kubernetes_executor.py
[2022-05-11 07:21:22,242] {processor.py:652} INFO - DAG(s) dict_keys(['example_kubernetes_executor']) retrieved from /home/airflow/.local/lib/python3.7/site-packages/airflow/example_dags/example_kubernetes_executor.py
[2022-05-11 07:21:22,275] {logging_mixin.py:109} INFO - [2022-05-11 07:21:22,275] {dag.py:2398} INFO - Sync 1 DAGs
[2022-05-11 07:21:22,290] {logging_mixin.py:109} INFO - [2022-05-11 07:21:22,290] {dag.py:2937} INFO - Setting next_dagrun for example_kubernetes_executor to None
[2022-05-11 07:21:22,303] {processor.py:171} INFO - Processing /home/airflow/.local/lib/python3.7/site-packages/airflow/example_dags/example_kubernetes_executor.py took 0.097 seconds
[2022-05-11 07:21:52,427] {processor.py:163} INFO - Started process (PID=32328) to work on /home/airflow/.local/lib/python3.7/site-packages/airflow/example_dags/example_kubernetes_executor.py
[2022-05-11 07:21:52,429] {processor.py:642} INFO - Processing file /home/airflow/.local/lib/python3.7/site-packages/airflow/example_dags/example_kubernetes_executor.py for tasks to queue
[2022-05-11 07:21:52,430] {logging_mixin.py:109} INFO - [2022-05-11 07:21:52,430] {dagbag.py:500} INFO - Filling up the DagBag from /home/airflow/.local/lib/python3.7/site-packages/airflow/example_dags/example_kubernetes_executor.py
[2022-05-11 07:21:52,453] {processor.py:652} INFO - DAG(s) dict_keys(['example_kubernetes_executor']) retrieved from /home/airflow/.local/lib/python3.7/site-packages/airflow/example_dags/example_kubernetes_executor.py
[2022-05-11 07:21:52,484] {logging_mixin.py:109} INFO - [2022-05-11 07:21:52,484] {dag.py:2398} INFO - Sync 1 DAGs
[2022-05-11 07:21:52,500] {logging_mixin.py:109} INFO - [2022-05-11 07:21:52,500] {dag.py:2937} INFO - Setting next_dagrun for example_kubernetes_executor to None
[2022-05-11 07:21:52,521] {processor.py:171} INFO - Processing /home/airflow/.local/lib/python3.7/site-packages/airflow/example_dags/example_kubernetes_executor.py took 0.098 seconds
[2022-05-11 07:22:22,717] {processor.py:163} INFO - Started process (PID=32392) to work on /home/airflow/.local/lib/python3.7/site-packages/airflow/example_dags/example_kubernetes_executor.py
[2022-05-11 07:22:22,718] {processor.py:642} INFO - Processing file /home/airflow/.local/lib/python3.7/site-packages/airflow/example_dags/example_kubernetes_executor.py for tasks to queue
[2022-05-11 07:22:22,719] {logging_mixin.py:109} INFO - [2022-05-11 07:22:22,719] {dagbag.py:500} INFO - Filling up the DagBag from /home/airflow/.local/lib/python3.7/site-packages/airflow/example_dags/example_kubernetes_executor.py
[2022-05-11 07:22:22,740] {processor.py:652} INFO - DAG(s) dict_keys(['example_kubernetes_executor']) retrieved from /home/airflow/.local/lib/python3.7/site-packages/airflow/example_dags/example_kubernetes_executor.py
[2022-05-11 07:22:22,768] {logging_mixin.py:109} INFO - [2022-05-11 07:22:22,768] {dag.py:2398} INFO - Sync 1 DAGs
[2022-05-11 07:22:22,788] {logging_mixin.py:109} INFO - [2022-05-11 07:22:22,787] {dag.py:2937} INFO - Setting next_dagrun for example_kubernetes_executor to None
[2022-05-11 07:22:22,806] {processor.py:171} INFO - Processing /home/airflow/.local/lib/python3.7/site-packages/airflow/example_dags/example_kubernetes_executor.py took 0.092 seconds
[2022-05-11 07:22:52,888] {processor.py:163} INFO - Started process (PID=32455) to work on /home/airflow/.local/lib/python3.7/site-packages/airflow/example_dags/example_kubernetes_executor.py
[2022-05-11 07:22:52,890] {processor.py:642} INFO - Processing file /home/airflow/.local/lib/python3.7/site-packages/airflow/example_dags/example_kubernetes_executor.py for tasks to queue
[2022-05-11 07:22:52,892] {logging_mixin.py:109} INFO - [2022-05-11 07:22:52,892] {dagbag.py:500} INFO - Filling up the DagBag from /home/airflow/.local/lib/python3.7/site-packages/airflow/example_dags/example_kubernetes_executor.py
[2022-05-11 07:22:52,917] {processor.py:652} INFO - DAG(s) dict_keys(['example_kubernetes_executor']) retrieved from /home/airflow/.local/lib/python3.7/site-packages/airflow/example_dags/example_kubernetes_executor.py
[2022-05-11 07:22:52,947] {logging_mixin.py:109} INFO - [2022-05-11 07:22:52,946] {dag.py:2398} INFO - Sync 1 DAGs
[2022-05-11 07:22:52,962] {logging_mixin.py:109} INFO - [2022-05-11 07:22:52,962] {dag.py:2937} INFO - Setting next_dagrun for example_kubernetes_executor to None
[2022-05-11 07:22:52,978] {processor.py:171} INFO - Processing /home/airflow/.local/lib/python3.7/site-packages/airflow/example_dags/example_kubernetes_executor.py took 0.093 seconds
[2022-05-11 07:23:23,626] {processor.py:163} INFO - Started process (PID=32527) to work on /home/airflow/.local/lib/python3.7/site-packages/airflow/example_dags/example_kubernetes_executor.py
[2022-05-11 07:23:23,628] {processor.py:642} INFO - Processing file /home/airflow/.local/lib/python3.7/site-packages/airflow/example_dags/example_kubernetes_executor.py for tasks to queue
[2022-05-11 07:23:23,629] {logging_mixin.py:109} INFO - [2022-05-11 07:23:23,629] {dagbag.py:500} INFO - Filling up the DagBag from /home/airflow/.local/lib/python3.7/site-packages/airflow/example_dags/example_kubernetes_executor.py
[2022-05-11 07:23:23,659] {processor.py:652} INFO - DAG(s) dict_keys(['example_kubernetes_executor']) retrieved from /home/airflow/.local/lib/python3.7/site-packages/airflow/example_dags/example_kubernetes_executor.py
[2022-05-11 07:23:23,694] {logging_mixin.py:109} INFO - [2022-05-11 07:23:23,693] {dag.py:2398} INFO - Sync 1 DAGs
[2022-05-11 07:23:23,718] {logging_mixin.py:109} INFO - [2022-05-11 07:23:23,718] {dag.py:2937} INFO - Setting next_dagrun for example_kubernetes_executor to None
[2022-05-11 07:23:23,733] {processor.py:171} INFO - Processing /home/airflow/.local/lib/python3.7/site-packages/airflow/example_dags/example_kubernetes_executor.py took 0.112 seconds
[2022-05-11 07:23:54,032] {processor.py:163} INFO - Started process (PID=32590) to work on /home/airflow/.local/lib/python3.7/site-packages/airflow/example_dags/example_kubernetes_executor.py
[2022-05-11 07:23:54,033] {processor.py:642} INFO - Processing file /home/airflow/.local/lib/python3.7/site-packages/airflow/example_dags/example_kubernetes_executor.py for tasks to queue
[2022-05-11 07:23:54,034] {logging_mixin.py:109} INFO - [2022-05-11 07:23:54,034] {dagbag.py:500} INFO - Filling up the DagBag from /home/airflow/.local/lib/python3.7/site-packages/airflow/example_dags/example_kubernetes_executor.py
[2022-05-11 07:23:54,061] {processor.py:652} INFO - DAG(s) dict_keys(['example_kubernetes_executor']) retrieved from /home/airflow/.local/lib/python3.7/site-packages/airflow/example_dags/example_kubernetes_executor.py
[2022-05-11 07:23:54,088] {logging_mixin.py:109} INFO - [2022-05-11 07:23:54,088] {dag.py:2398} INFO - Sync 1 DAGs
[2022-05-11 07:23:54,102] {logging_mixin.py:109} INFO - [2022-05-11 07:23:54,102] {dag.py:2937} INFO - Setting next_dagrun for example_kubernetes_executor to None
[2022-05-11 07:23:54,121] {processor.py:171} INFO - Processing /home/airflow/.local/lib/python3.7/site-packages/airflow/example_dags/example_kubernetes_executor.py took 0.092 seconds
[2022-05-11 07:24:24,348] {processor.py:163} INFO - Started process (PID=32663) to work on /home/airflow/.local/lib/python3.7/site-packages/airflow/example_dags/example_kubernetes_executor.py
[2022-05-11 07:24:24,350] {processor.py:642} INFO - Processing file /home/airflow/.local/lib/python3.7/site-packages/airflow/example_dags/example_kubernetes_executor.py for tasks to queue
[2022-05-11 07:24:24,350] {logging_mixin.py:109} INFO - [2022-05-11 07:24:24,350] {dagbag.py:500} INFO - Filling up the DagBag from /home/airflow/.local/lib/python3.7/site-packages/airflow/example_dags/example_kubernetes_executor.py
[2022-05-11 07:24:24,376] {processor.py:652} INFO - DAG(s) dict_keys(['example_kubernetes_executor']) retrieved from /home/airflow/.local/lib/python3.7/site-packages/airflow/example_dags/example_kubernetes_executor.py
[2022-05-11 07:24:24,406] {logging_mixin.py:109} INFO - [2022-05-11 07:24:24,406] {dag.py:2398} INFO - Sync 1 DAGs
[2022-05-11 07:24:24,419] {logging_mixin.py:109} INFO - [2022-05-11 07:24:24,419] {dag.py:2937} INFO - Setting next_dagrun for example_kubernetes_executor to None
[2022-05-11 07:24:24,435] {processor.py:171} INFO - Processing /home/airflow/.local/lib/python3.7/site-packages/airflow/example_dags/example_kubernetes_executor.py took 0.090 seconds
[2022-05-11 07:24:54,810] {processor.py:163} INFO - Started process (PID=32727) to work on /home/airflow/.local/lib/python3.7/site-packages/airflow/example_dags/example_kubernetes_executor.py
[2022-05-11 07:24:54,811] {processor.py:642} INFO - Processing file /home/airflow/.local/lib/python3.7/site-packages/airflow/example_dags/example_kubernetes_executor.py for tasks to queue
[2022-05-11 07:24:54,812] {logging_mixin.py:109} INFO - [2022-05-11 07:24:54,812] {dagbag.py:500} INFO - Filling up the DagBag from /home/airflow/.local/lib/python3.7/site-packages/airflow/example_dags/example_kubernetes_executor.py
[2022-05-11 07:24:54,837] {processor.py:652} INFO - DAG(s) dict_keys(['example_kubernetes_executor']) retrieved from /home/airflow/.local/lib/python3.7/site-packages/airflow/example_dags/example_kubernetes_executor.py
[2022-05-11 07:24:54,862] {logging_mixin.py:109} INFO - [2022-05-11 07:24:54,862] {dag.py:2398} INFO - Sync 1 DAGs
[2022-05-11 07:24:54,877] {logging_mixin.py:109} INFO - [2022-05-11 07:24:54,877] {dag.py:2937} INFO - Setting next_dagrun for example_kubernetes_executor to None
[2022-05-11 07:24:54,895] {processor.py:171} INFO - Processing /home/airflow/.local/lib/python3.7/site-packages/airflow/example_dags/example_kubernetes_executor.py took 0.090 seconds
[2022-05-11 07:25:25,408] {processor.py:163} INFO - Started process (PID=331) to work on /home/airflow/.local/lib/python3.7/site-packages/airflow/example_dags/example_kubernetes_executor.py
[2022-05-11 07:25:25,410] {processor.py:642} INFO - Processing file /home/airflow/.local/lib/python3.7/site-packages/airflow/example_dags/example_kubernetes_executor.py for tasks to queue
[2022-05-11 07:25:25,411] {logging_mixin.py:109} INFO - [2022-05-11 07:25:25,411] {dagbag.py:500} INFO - Filling up the DagBag from /home/airflow/.local/lib/python3.7/site-packages/airflow/example_dags/example_kubernetes_executor.py
[2022-05-11 07:25:25,442] {processor.py:652} INFO - DAG(s) dict_keys(['example_kubernetes_executor']) retrieved from /home/airflow/.local/lib/python3.7/site-packages/airflow/example_dags/example_kubernetes_executor.py
[2022-05-11 07:25:25,471] {logging_mixin.py:109} INFO - [2022-05-11 07:25:25,471] {dag.py:2398} INFO - Sync 1 DAGs
[2022-05-11 07:25:25,492] {logging_mixin.py:109} INFO - [2022-05-11 07:25:25,492] {dag.py:2937} INFO - Setting next_dagrun for example_kubernetes_executor to None
[2022-05-11 07:25:25,505] {processor.py:171} INFO - Processing /home/airflow/.local/lib/python3.7/site-packages/airflow/example_dags/example_kubernetes_executor.py took 0.100 seconds
[2022-05-11 07:25:55,864] {processor.py:163} INFO - Started process (PID=394) to work on /home/airflow/.local/lib/python3.7/site-packages/airflow/example_dags/example_kubernetes_executor.py
[2022-05-11 07:25:55,865] {processor.py:642} INFO - Processing file /home/airflow/.local/lib/python3.7/site-packages/airflow/example_dags/example_kubernetes_executor.py for tasks to queue
[2022-05-11 07:25:55,866] {logging_mixin.py:109} INFO - [2022-05-11 07:25:55,866] {dagbag.py:500} INFO - Filling up the DagBag from /home/airflow/.local/lib/python3.7/site-packages/airflow/example_dags/example_kubernetes_executor.py
[2022-05-11 07:25:55,884] {processor.py:652} INFO - DAG(s) dict_keys(['example_kubernetes_executor']) retrieved from /home/airflow/.local/lib/python3.7/site-packages/airflow/example_dags/example_kubernetes_executor.py
[2022-05-11 07:25:55,905] {logging_mixin.py:109} INFO - [2022-05-11 07:25:55,905] {dag.py:2398} INFO - Sync 1 DAGs
[2022-05-11 07:25:55,919] {logging_mixin.py:109} INFO - [2022-05-11 07:25:55,919] {dag.py:2937} INFO - Setting next_dagrun for example_kubernetes_executor to None
[2022-05-11 07:25:55,933] {processor.py:171} INFO - Processing /home/airflow/.local/lib/python3.7/site-packages/airflow/example_dags/example_kubernetes_executor.py took 0.072 seconds
[2022-05-11 07:26:26,065] {processor.py:163} INFO - Started process (PID=468) to work on /home/airflow/.local/lib/python3.7/site-packages/airflow/example_dags/example_kubernetes_executor.py
[2022-05-11 07:26:26,066] {processor.py:642} INFO - Processing file /home/airflow/.local/lib/python3.7/site-packages/airflow/example_dags/example_kubernetes_executor.py for tasks to queue
[2022-05-11 07:26:26,066] {logging_mixin.py:109} INFO - [2022-05-11 07:26:26,066] {dagbag.py:500} INFO - Filling up the DagBag from /home/airflow/.local/lib/python3.7/site-packages/airflow/example_dags/example_kubernetes_executor.py
[2022-05-11 07:26:26,084] {processor.py:652} INFO - DAG(s) dict_keys(['example_kubernetes_executor']) retrieved from /home/airflow/.local/lib/python3.7/site-packages/airflow/example_dags/example_kubernetes_executor.py
[2022-05-11 07:26:26,103] {logging_mixin.py:109} INFO - [2022-05-11 07:26:26,103] {dag.py:2398} INFO - Sync 1 DAGs
[2022-05-11 07:26:26,115] {logging_mixin.py:109} INFO - [2022-05-11 07:26:26,115] {dag.py:2937} INFO - Setting next_dagrun for example_kubernetes_executor to None
[2022-05-11 07:26:26,128] {processor.py:171} INFO - Processing /home/airflow/.local/lib/python3.7/site-packages/airflow/example_dags/example_kubernetes_executor.py took 0.066 seconds
[2022-05-11 07:26:56,880] {processor.py:163} INFO - Started process (PID=542) to work on /home/airflow/.local/lib/python3.7/site-packages/airflow/example_dags/example_kubernetes_executor.py
[2022-05-11 07:26:56,881] {processor.py:642} INFO - Processing file /home/airflow/.local/lib/python3.7/site-packages/airflow/example_dags/example_kubernetes_executor.py for tasks to queue
[2022-05-11 07:26:56,882] {logging_mixin.py:109} INFO - [2022-05-11 07:26:56,882] {dagbag.py:500} INFO - Filling up the DagBag from /home/airflow/.local/lib/python3.7/site-packages/airflow/example_dags/example_kubernetes_executor.py
[2022-05-11 07:26:56,905] {processor.py:652} INFO - DAG(s) dict_keys(['example_kubernetes_executor']) retrieved from /home/airflow/.local/lib/python3.7/site-packages/airflow/example_dags/example_kubernetes_executor.py
[2022-05-11 07:26:56,929] {logging_mixin.py:109} INFO - [2022-05-11 07:26:56,929] {dag.py:2398} INFO - Sync 1 DAGs
[2022-05-11 07:26:56,944] {logging_mixin.py:109} INFO - [2022-05-11 07:26:56,944] {dag.py:2937} INFO - Setting next_dagrun for example_kubernetes_executor to None
[2022-05-11 07:26:56,957] {processor.py:171} INFO - Processing /home/airflow/.local/lib/python3.7/site-packages/airflow/example_dags/example_kubernetes_executor.py took 0.080 seconds
[2022-05-11 07:27:27,716] {processor.py:163} INFO - Started process (PID=605) to work on /home/airflow/.local/lib/python3.7/site-packages/airflow/example_dags/example_kubernetes_executor.py
[2022-05-11 07:27:27,717] {processor.py:642} INFO - Processing file /home/airflow/.local/lib/python3.7/site-packages/airflow/example_dags/example_kubernetes_executor.py for tasks to queue
[2022-05-11 07:27:27,718] {logging_mixin.py:109} INFO - [2022-05-11 07:27:27,718] {dagbag.py:500} INFO - Filling up the DagBag from /home/airflow/.local/lib/python3.7/site-packages/airflow/example_dags/example_kubernetes_executor.py
[2022-05-11 07:27:27,736] {processor.py:652} INFO - DAG(s) dict_keys(['example_kubernetes_executor']) retrieved from /home/airflow/.local/lib/python3.7/site-packages/airflow/example_dags/example_kubernetes_executor.py
[2022-05-11 07:27:27,760] {logging_mixin.py:109} INFO - [2022-05-11 07:27:27,760] {dag.py:2398} INFO - Sync 1 DAGs
[2022-05-11 07:27:27,774] {logging_mixin.py:109} INFO - [2022-05-11 07:27:27,774] {dag.py:2937} INFO - Setting next_dagrun for example_kubernetes_executor to None
[2022-05-11 07:27:27,791] {processor.py:171} INFO - Processing /home/airflow/.local/lib/python3.7/site-packages/airflow/example_dags/example_kubernetes_executor.py took 0.078 seconds
