[2022-05-11 06:56:00,938] {processor.py:163} INFO - Started process (PID=28860) to work on /home/airflow/.local/lib/python3.7/site-packages/airflow/example_dags/example_latest_only.py
[2022-05-11 06:56:00,947] {processor.py:642} INFO - Processing file /home/airflow/.local/lib/python3.7/site-packages/airflow/example_dags/example_latest_only.py for tasks to queue
[2022-05-11 06:56:00,952] {logging_mixin.py:109} INFO - [2022-05-11 06:56:00,951] {dagbag.py:500} INFO - Filling up the DagBag from /home/airflow/.local/lib/python3.7/site-packages/airflow/example_dags/example_latest_only.py
[2022-05-11 06:56:00,980] {processor.py:652} INFO - DAG(s) dict_keys(['latest_only']) retrieved from /home/airflow/.local/lib/python3.7/site-packages/airflow/example_dags/example_latest_only.py
[2022-05-11 06:56:01,036] {logging_mixin.py:109} INFO - [2022-05-11 06:56:01,036] {dag.py:2398} INFO - Sync 1 DAGs
[2022-05-11 06:56:01,065] {logging_mixin.py:109} INFO - [2022-05-11 06:56:01,065] {dag.py:2937} INFO - Setting next_dagrun for latest_only to 2022-05-11T02:56:01.064788+00:00
[2022-05-11 06:56:01,094] {processor.py:171} INFO - Processing /home/airflow/.local/lib/python3.7/site-packages/airflow/example_dags/example_latest_only.py took 0.161 seconds
[2022-05-11 06:56:31,394] {processor.py:163} INFO - Started process (PID=28924) to work on /home/airflow/.local/lib/python3.7/site-packages/airflow/example_dags/example_latest_only.py
[2022-05-11 06:56:31,396] {processor.py:642} INFO - Processing file /home/airflow/.local/lib/python3.7/site-packages/airflow/example_dags/example_latest_only.py for tasks to queue
[2022-05-11 06:56:31,396] {logging_mixin.py:109} INFO - [2022-05-11 06:56:31,396] {dagbag.py:500} INFO - Filling up the DagBag from /home/airflow/.local/lib/python3.7/site-packages/airflow/example_dags/example_latest_only.py
[2022-05-11 06:56:31,408] {processor.py:652} INFO - DAG(s) dict_keys(['latest_only']) retrieved from /home/airflow/.local/lib/python3.7/site-packages/airflow/example_dags/example_latest_only.py
[2022-05-11 06:56:31,431] {logging_mixin.py:109} INFO - [2022-05-11 06:56:31,430] {dag.py:2398} INFO - Sync 1 DAGs
[2022-05-11 06:56:31,444] {logging_mixin.py:109} INFO - [2022-05-11 06:56:31,444] {dag.py:2937} INFO - Setting next_dagrun for latest_only to 2022-05-11T02:56:31.444163+00:00
[2022-05-11 06:56:31,457] {processor.py:171} INFO - Processing /home/airflow/.local/lib/python3.7/site-packages/airflow/example_dags/example_latest_only.py took 0.066 seconds
[2022-05-11 06:57:01,762] {processor.py:163} INFO - Started process (PID=28996) to work on /home/airflow/.local/lib/python3.7/site-packages/airflow/example_dags/example_latest_only.py
[2022-05-11 06:57:01,763] {processor.py:642} INFO - Processing file /home/airflow/.local/lib/python3.7/site-packages/airflow/example_dags/example_latest_only.py for tasks to queue
[2022-05-11 06:57:01,764] {logging_mixin.py:109} INFO - [2022-05-11 06:57:01,764] {dagbag.py:500} INFO - Filling up the DagBag from /home/airflow/.local/lib/python3.7/site-packages/airflow/example_dags/example_latest_only.py
[2022-05-11 06:57:01,780] {processor.py:652} INFO - DAG(s) dict_keys(['latest_only']) retrieved from /home/airflow/.local/lib/python3.7/site-packages/airflow/example_dags/example_latest_only.py
[2022-05-11 06:57:01,802] {logging_mixin.py:109} INFO - [2022-05-11 06:57:01,802] {dag.py:2398} INFO - Sync 1 DAGs
[2022-05-11 06:57:01,818] {logging_mixin.py:109} INFO - [2022-05-11 06:57:01,818] {dag.py:2937} INFO - Setting next_dagrun for latest_only to 2022-05-11T02:57:01.818380+00:00
[2022-05-11 06:57:01,833] {processor.py:171} INFO - Processing /home/airflow/.local/lib/python3.7/site-packages/airflow/example_dags/example_latest_only.py took 0.074 seconds
[2022-05-11 06:57:32,181] {processor.py:163} INFO - Started process (PID=29060) to work on /home/airflow/.local/lib/python3.7/site-packages/airflow/example_dags/example_latest_only.py
[2022-05-11 06:57:32,183] {processor.py:642} INFO - Processing file /home/airflow/.local/lib/python3.7/site-packages/airflow/example_dags/example_latest_only.py for tasks to queue
[2022-05-11 06:57:32,184] {logging_mixin.py:109} INFO - [2022-05-11 06:57:32,183] {dagbag.py:500} INFO - Filling up the DagBag from /home/airflow/.local/lib/python3.7/site-packages/airflow/example_dags/example_latest_only.py
[2022-05-11 06:57:32,197] {processor.py:652} INFO - DAG(s) dict_keys(['latest_only']) retrieved from /home/airflow/.local/lib/python3.7/site-packages/airflow/example_dags/example_latest_only.py
[2022-05-11 06:57:32,216] {logging_mixin.py:109} INFO - [2022-05-11 06:57:32,216] {dag.py:2398} INFO - Sync 1 DAGs
[2022-05-11 06:57:32,228] {logging_mixin.py:109} INFO - [2022-05-11 06:57:32,228] {dag.py:2937} INFO - Setting next_dagrun for latest_only to 2022-05-11T02:57:32.228128+00:00
[2022-05-11 06:57:32,240] {processor.py:171} INFO - Processing /home/airflow/.local/lib/python3.7/site-packages/airflow/example_dags/example_latest_only.py took 0.062 seconds
[2022-05-11 06:58:02,986] {processor.py:163} INFO - Started process (PID=29134) to work on /home/airflow/.local/lib/python3.7/site-packages/airflow/example_dags/example_latest_only.py
[2022-05-11 06:58:02,988] {processor.py:642} INFO - Processing file /home/airflow/.local/lib/python3.7/site-packages/airflow/example_dags/example_latest_only.py for tasks to queue
[2022-05-11 06:58:02,989] {logging_mixin.py:109} INFO - [2022-05-11 06:58:02,989] {dagbag.py:500} INFO - Filling up the DagBag from /home/airflow/.local/lib/python3.7/site-packages/airflow/example_dags/example_latest_only.py
[2022-05-11 06:58:03,004] {processor.py:652} INFO - DAG(s) dict_keys(['latest_only']) retrieved from /home/airflow/.local/lib/python3.7/site-packages/airflow/example_dags/example_latest_only.py
[2022-05-11 06:58:03,027] {logging_mixin.py:109} INFO - [2022-05-11 06:58:03,027] {dag.py:2398} INFO - Sync 1 DAGs
[2022-05-11 06:58:03,044] {logging_mixin.py:109} INFO - [2022-05-11 06:58:03,044] {dag.py:2937} INFO - Setting next_dagrun for latest_only to 2022-05-11T02:58:03.043917+00:00
[2022-05-11 06:58:03,059] {processor.py:171} INFO - Processing /home/airflow/.local/lib/python3.7/site-packages/airflow/example_dags/example_latest_only.py took 0.075 seconds
[2022-05-11 06:58:33,402] {processor.py:163} INFO - Started process (PID=29206) to work on /home/airflow/.local/lib/python3.7/site-packages/airflow/example_dags/example_latest_only.py
[2022-05-11 06:58:33,403] {processor.py:642} INFO - Processing file /home/airflow/.local/lib/python3.7/site-packages/airflow/example_dags/example_latest_only.py for tasks to queue
[2022-05-11 06:58:33,404] {logging_mixin.py:109} INFO - [2022-05-11 06:58:33,404] {dagbag.py:500} INFO - Filling up the DagBag from /home/airflow/.local/lib/python3.7/site-packages/airflow/example_dags/example_latest_only.py
[2022-05-11 06:58:33,420] {processor.py:652} INFO - DAG(s) dict_keys(['latest_only']) retrieved from /home/airflow/.local/lib/python3.7/site-packages/airflow/example_dags/example_latest_only.py
[2022-05-11 06:58:33,444] {logging_mixin.py:109} INFO - [2022-05-11 06:58:33,443] {dag.py:2398} INFO - Sync 1 DAGs
[2022-05-11 06:58:33,459] {logging_mixin.py:109} INFO - [2022-05-11 06:58:33,459] {dag.py:2937} INFO - Setting next_dagrun for latest_only to 2022-05-11T02:58:33.459254+00:00
[2022-05-11 06:58:33,472] {processor.py:171} INFO - Processing /home/airflow/.local/lib/python3.7/site-packages/airflow/example_dags/example_latest_only.py took 0.073 seconds
[2022-05-11 06:59:03,666] {processor.py:163} INFO - Started process (PID=29267) to work on /home/airflow/.local/lib/python3.7/site-packages/airflow/example_dags/example_latest_only.py
[2022-05-11 06:59:03,667] {processor.py:642} INFO - Processing file /home/airflow/.local/lib/python3.7/site-packages/airflow/example_dags/example_latest_only.py for tasks to queue
[2022-05-11 06:59:03,668] {logging_mixin.py:109} INFO - [2022-05-11 06:59:03,668] {dagbag.py:500} INFO - Filling up the DagBag from /home/airflow/.local/lib/python3.7/site-packages/airflow/example_dags/example_latest_only.py
[2022-05-11 06:59:03,680] {processor.py:652} INFO - DAG(s) dict_keys(['latest_only']) retrieved from /home/airflow/.local/lib/python3.7/site-packages/airflow/example_dags/example_latest_only.py
[2022-05-11 06:59:03,701] {logging_mixin.py:109} INFO - [2022-05-11 06:59:03,701] {dag.py:2398} INFO - Sync 1 DAGs
[2022-05-11 06:59:03,715] {logging_mixin.py:109} INFO - [2022-05-11 06:59:03,715] {dag.py:2937} INFO - Setting next_dagrun for latest_only to 2022-05-11T02:59:03.715571+00:00
[2022-05-11 06:59:03,731] {processor.py:171} INFO - Processing /home/airflow/.local/lib/python3.7/site-packages/airflow/example_dags/example_latest_only.py took 0.068 seconds
[2022-05-11 06:59:34,188] {processor.py:163} INFO - Started process (PID=29340) to work on /home/airflow/.local/lib/python3.7/site-packages/airflow/example_dags/example_latest_only.py
[2022-05-11 06:59:34,190] {processor.py:642} INFO - Processing file /home/airflow/.local/lib/python3.7/site-packages/airflow/example_dags/example_latest_only.py for tasks to queue
[2022-05-11 06:59:34,191] {logging_mixin.py:109} INFO - [2022-05-11 06:59:34,191] {dagbag.py:500} INFO - Filling up the DagBag from /home/airflow/.local/lib/python3.7/site-packages/airflow/example_dags/example_latest_only.py
[2022-05-11 06:59:34,209] {processor.py:652} INFO - DAG(s) dict_keys(['latest_only']) retrieved from /home/airflow/.local/lib/python3.7/site-packages/airflow/example_dags/example_latest_only.py
[2022-05-11 06:59:34,231] {logging_mixin.py:109} INFO - [2022-05-11 06:59:34,231] {dag.py:2398} INFO - Sync 1 DAGs
[2022-05-11 06:59:34,251] {logging_mixin.py:109} INFO - [2022-05-11 06:59:34,251] {dag.py:2937} INFO - Setting next_dagrun for latest_only to 2022-05-11T02:59:34.250917+00:00
[2022-05-11 06:59:34,266] {processor.py:171} INFO - Processing /home/airflow/.local/lib/python3.7/site-packages/airflow/example_dags/example_latest_only.py took 0.081 seconds
[2022-05-11 07:00:04,425] {processor.py:163} INFO - Started process (PID=29404) to work on /home/airflow/.local/lib/python3.7/site-packages/airflow/example_dags/example_latest_only.py
[2022-05-11 07:00:04,428] {processor.py:642} INFO - Processing file /home/airflow/.local/lib/python3.7/site-packages/airflow/example_dags/example_latest_only.py for tasks to queue
[2022-05-11 07:00:04,429] {logging_mixin.py:109} INFO - [2022-05-11 07:00:04,429] {dagbag.py:500} INFO - Filling up the DagBag from /home/airflow/.local/lib/python3.7/site-packages/airflow/example_dags/example_latest_only.py
[2022-05-11 07:00:04,445] {processor.py:652} INFO - DAG(s) dict_keys(['latest_only']) retrieved from /home/airflow/.local/lib/python3.7/site-packages/airflow/example_dags/example_latest_only.py
[2022-05-11 07:00:04,469] {logging_mixin.py:109} INFO - [2022-05-11 07:00:04,469] {dag.py:2398} INFO - Sync 1 DAGs
[2022-05-11 07:00:04,485] {logging_mixin.py:109} INFO - [2022-05-11 07:00:04,485] {dag.py:2937} INFO - Setting next_dagrun for latest_only to 2022-05-11T03:00:04.485643+00:00
[2022-05-11 07:00:04,501] {processor.py:171} INFO - Processing /home/airflow/.local/lib/python3.7/site-packages/airflow/example_dags/example_latest_only.py took 0.081 seconds
[2022-05-11 07:00:34,847] {processor.py:163} INFO - Started process (PID=29478) to work on /home/airflow/.local/lib/python3.7/site-packages/airflow/example_dags/example_latest_only.py
[2022-05-11 07:00:34,849] {processor.py:642} INFO - Processing file /home/airflow/.local/lib/python3.7/site-packages/airflow/example_dags/example_latest_only.py for tasks to queue
[2022-05-11 07:00:34,850] {logging_mixin.py:109} INFO - [2022-05-11 07:00:34,850] {dagbag.py:500} INFO - Filling up the DagBag from /home/airflow/.local/lib/python3.7/site-packages/airflow/example_dags/example_latest_only.py
[2022-05-11 07:00:34,871] {processor.py:652} INFO - DAG(s) dict_keys(['latest_only']) retrieved from /home/airflow/.local/lib/python3.7/site-packages/airflow/example_dags/example_latest_only.py
[2022-05-11 07:00:34,917] {logging_mixin.py:109} INFO - [2022-05-11 07:00:34,916] {dag.py:2398} INFO - Sync 1 DAGs
[2022-05-11 07:00:34,938] {logging_mixin.py:109} INFO - [2022-05-11 07:00:34,938] {dag.py:2937} INFO - Setting next_dagrun for latest_only to 2022-05-11T03:00:34.937963+00:00
[2022-05-11 07:00:34,953] {processor.py:171} INFO - Processing /home/airflow/.local/lib/python3.7/site-packages/airflow/example_dags/example_latest_only.py took 0.109 seconds
[2022-05-11 07:01:05,234] {processor.py:163} INFO - Started process (PID=29541) to work on /home/airflow/.local/lib/python3.7/site-packages/airflow/example_dags/example_latest_only.py
[2022-05-11 07:01:05,236] {processor.py:642} INFO - Processing file /home/airflow/.local/lib/python3.7/site-packages/airflow/example_dags/example_latest_only.py for tasks to queue
[2022-05-11 07:01:05,237] {logging_mixin.py:109} INFO - [2022-05-11 07:01:05,237] {dagbag.py:500} INFO - Filling up the DagBag from /home/airflow/.local/lib/python3.7/site-packages/airflow/example_dags/example_latest_only.py
[2022-05-11 07:01:05,250] {processor.py:652} INFO - DAG(s) dict_keys(['latest_only']) retrieved from /home/airflow/.local/lib/python3.7/site-packages/airflow/example_dags/example_latest_only.py
[2022-05-11 07:01:05,277] {logging_mixin.py:109} INFO - [2022-05-11 07:01:05,277] {dag.py:2398} INFO - Sync 1 DAGs
[2022-05-11 07:01:05,291] {logging_mixin.py:109} INFO - [2022-05-11 07:01:05,291] {dag.py:2937} INFO - Setting next_dagrun for latest_only to 2022-05-11T03:01:05.291632+00:00
[2022-05-11 07:01:05,307] {processor.py:171} INFO - Processing /home/airflow/.local/lib/python3.7/site-packages/airflow/example_dags/example_latest_only.py took 0.077 seconds
[2022-05-11 07:01:35,474] {processor.py:163} INFO - Started process (PID=29614) to work on /home/airflow/.local/lib/python3.7/site-packages/airflow/example_dags/example_latest_only.py
[2022-05-11 07:01:35,475] {processor.py:642} INFO - Processing file /home/airflow/.local/lib/python3.7/site-packages/airflow/example_dags/example_latest_only.py for tasks to queue
[2022-05-11 07:01:35,476] {logging_mixin.py:109} INFO - [2022-05-11 07:01:35,476] {dagbag.py:500} INFO - Filling up the DagBag from /home/airflow/.local/lib/python3.7/site-packages/airflow/example_dags/example_latest_only.py
[2022-05-11 07:01:35,492] {processor.py:652} INFO - DAG(s) dict_keys(['latest_only']) retrieved from /home/airflow/.local/lib/python3.7/site-packages/airflow/example_dags/example_latest_only.py
[2022-05-11 07:01:35,518] {logging_mixin.py:109} INFO - [2022-05-11 07:01:35,518] {dag.py:2398} INFO - Sync 1 DAGs
[2022-05-11 07:01:35,536] {logging_mixin.py:109} INFO - [2022-05-11 07:01:35,536] {dag.py:2937} INFO - Setting next_dagrun for latest_only to 2022-05-11T03:01:35.536544+00:00
[2022-05-11 07:01:35,551] {processor.py:171} INFO - Processing /home/airflow/.local/lib/python3.7/site-packages/airflow/example_dags/example_latest_only.py took 0.082 seconds
[2022-05-11 07:02:06,077] {processor.py:163} INFO - Started process (PID=29677) to work on /home/airflow/.local/lib/python3.7/site-packages/airflow/example_dags/example_latest_only.py
[2022-05-11 07:02:06,079] {processor.py:642} INFO - Processing file /home/airflow/.local/lib/python3.7/site-packages/airflow/example_dags/example_latest_only.py for tasks to queue
[2022-05-11 07:02:06,080] {logging_mixin.py:109} INFO - [2022-05-11 07:02:06,080] {dagbag.py:500} INFO - Filling up the DagBag from /home/airflow/.local/lib/python3.7/site-packages/airflow/example_dags/example_latest_only.py
[2022-05-11 07:02:06,093] {processor.py:652} INFO - DAG(s) dict_keys(['latest_only']) retrieved from /home/airflow/.local/lib/python3.7/site-packages/airflow/example_dags/example_latest_only.py
[2022-05-11 07:02:06,112] {logging_mixin.py:109} INFO - [2022-05-11 07:02:06,112] {dag.py:2398} INFO - Sync 1 DAGs
[2022-05-11 07:02:06,127] {logging_mixin.py:109} INFO - [2022-05-11 07:02:06,127] {dag.py:2937} INFO - Setting next_dagrun for latest_only to 2022-05-11T03:02:06.126829+00:00
[2022-05-11 07:02:06,141] {processor.py:171} INFO - Processing /home/airflow/.local/lib/python3.7/site-packages/airflow/example_dags/example_latest_only.py took 0.066 seconds
[2022-05-11 07:02:36,651] {processor.py:163} INFO - Started process (PID=29751) to work on /home/airflow/.local/lib/python3.7/site-packages/airflow/example_dags/example_latest_only.py
[2022-05-11 07:02:36,653] {processor.py:642} INFO - Processing file /home/airflow/.local/lib/python3.7/site-packages/airflow/example_dags/example_latest_only.py for tasks to queue
[2022-05-11 07:02:36,653] {logging_mixin.py:109} INFO - [2022-05-11 07:02:36,653] {dagbag.py:500} INFO - Filling up the DagBag from /home/airflow/.local/lib/python3.7/site-packages/airflow/example_dags/example_latest_only.py
[2022-05-11 07:02:36,670] {processor.py:652} INFO - DAG(s) dict_keys(['latest_only']) retrieved from /home/airflow/.local/lib/python3.7/site-packages/airflow/example_dags/example_latest_only.py
[2022-05-11 07:02:36,694] {logging_mixin.py:109} INFO - [2022-05-11 07:02:36,694] {dag.py:2398} INFO - Sync 1 DAGs
[2022-05-11 07:02:36,711] {logging_mixin.py:109} INFO - [2022-05-11 07:02:36,711] {dag.py:2937} INFO - Setting next_dagrun for latest_only to 2022-05-11T03:02:36.711387+00:00
[2022-05-11 07:02:36,726] {processor.py:171} INFO - Processing /home/airflow/.local/lib/python3.7/site-packages/airflow/example_dags/example_latest_only.py took 0.079 seconds
[2022-05-11 07:03:07,196] {processor.py:163} INFO - Started process (PID=29814) to work on /home/airflow/.local/lib/python3.7/site-packages/airflow/example_dags/example_latest_only.py
[2022-05-11 07:03:07,198] {processor.py:642} INFO - Processing file /home/airflow/.local/lib/python3.7/site-packages/airflow/example_dags/example_latest_only.py for tasks to queue
[2022-05-11 07:03:07,199] {logging_mixin.py:109} INFO - [2022-05-11 07:03:07,199] {dagbag.py:500} INFO - Filling up the DagBag from /home/airflow/.local/lib/python3.7/site-packages/airflow/example_dags/example_latest_only.py
[2022-05-11 07:03:07,213] {processor.py:652} INFO - DAG(s) dict_keys(['latest_only']) retrieved from /home/airflow/.local/lib/python3.7/site-packages/airflow/example_dags/example_latest_only.py
[2022-05-11 07:03:07,237] {logging_mixin.py:109} INFO - [2022-05-11 07:03:07,237] {dag.py:2398} INFO - Sync 1 DAGs
[2022-05-11 07:03:07,251] {logging_mixin.py:109} INFO - [2022-05-11 07:03:07,250] {dag.py:2937} INFO - Setting next_dagrun for latest_only to 2022-05-11T03:03:07.250659+00:00
[2022-05-11 07:03:07,265] {processor.py:171} INFO - Processing /home/airflow/.local/lib/python3.7/site-packages/airflow/example_dags/example_latest_only.py took 0.072 seconds
[2022-05-11 07:03:37,780] {processor.py:163} INFO - Started process (PID=29885) to work on /home/airflow/.local/lib/python3.7/site-packages/airflow/example_dags/example_latest_only.py
[2022-05-11 07:03:37,782] {processor.py:642} INFO - Processing file /home/airflow/.local/lib/python3.7/site-packages/airflow/example_dags/example_latest_only.py for tasks to queue
[2022-05-11 07:03:37,783] {logging_mixin.py:109} INFO - [2022-05-11 07:03:37,783] {dagbag.py:500} INFO - Filling up the DagBag from /home/airflow/.local/lib/python3.7/site-packages/airflow/example_dags/example_latest_only.py
[2022-05-11 07:03:37,797] {processor.py:652} INFO - DAG(s) dict_keys(['latest_only']) retrieved from /home/airflow/.local/lib/python3.7/site-packages/airflow/example_dags/example_latest_only.py
[2022-05-11 07:03:37,822] {logging_mixin.py:109} INFO - [2022-05-11 07:03:37,822] {dag.py:2398} INFO - Sync 1 DAGs
[2022-05-11 07:03:37,839] {logging_mixin.py:109} INFO - [2022-05-11 07:03:37,838] {dag.py:2937} INFO - Setting next_dagrun for latest_only to 2022-05-11T03:03:37.838356+00:00
[2022-05-11 07:03:37,856] {processor.py:171} INFO - Processing /home/airflow/.local/lib/python3.7/site-packages/airflow/example_dags/example_latest_only.py took 0.079 seconds
[2022-05-11 07:04:08,541] {processor.py:163} INFO - Started process (PID=29948) to work on /home/airflow/.local/lib/python3.7/site-packages/airflow/example_dags/example_latest_only.py
[2022-05-11 07:04:08,543] {processor.py:642} INFO - Processing file /home/airflow/.local/lib/python3.7/site-packages/airflow/example_dags/example_latest_only.py for tasks to queue
[2022-05-11 07:04:08,543] {logging_mixin.py:109} INFO - [2022-05-11 07:04:08,543] {dagbag.py:500} INFO - Filling up the DagBag from /home/airflow/.local/lib/python3.7/site-packages/airflow/example_dags/example_latest_only.py
[2022-05-11 07:04:08,559] {processor.py:652} INFO - DAG(s) dict_keys(['latest_only']) retrieved from /home/airflow/.local/lib/python3.7/site-packages/airflow/example_dags/example_latest_only.py
[2022-05-11 07:04:08,580] {logging_mixin.py:109} INFO - [2022-05-11 07:04:08,580] {dag.py:2398} INFO - Sync 1 DAGs
[2022-05-11 07:04:08,594] {logging_mixin.py:109} INFO - [2022-05-11 07:04:08,593] {dag.py:2937} INFO - Setting next_dagrun for latest_only to 2022-05-11T03:04:08.593693+00:00
[2022-05-11 07:04:08,608] {processor.py:171} INFO - Processing /home/airflow/.local/lib/python3.7/site-packages/airflow/example_dags/example_latest_only.py took 0.069 seconds
[2022-05-11 07:04:39,010] {processor.py:163} INFO - Started process (PID=30021) to work on /home/airflow/.local/lib/python3.7/site-packages/airflow/example_dags/example_latest_only.py
[2022-05-11 07:04:39,011] {processor.py:642} INFO - Processing file /home/airflow/.local/lib/python3.7/site-packages/airflow/example_dags/example_latest_only.py for tasks to queue
[2022-05-11 07:04:39,012] {logging_mixin.py:109} INFO - [2022-05-11 07:04:39,012] {dagbag.py:500} INFO - Filling up the DagBag from /home/airflow/.local/lib/python3.7/site-packages/airflow/example_dags/example_latest_only.py
[2022-05-11 07:04:39,029] {processor.py:652} INFO - DAG(s) dict_keys(['latest_only']) retrieved from /home/airflow/.local/lib/python3.7/site-packages/airflow/example_dags/example_latest_only.py
[2022-05-11 07:04:39,048] {logging_mixin.py:109} INFO - [2022-05-11 07:04:39,048] {dag.py:2398} INFO - Sync 1 DAGs
[2022-05-11 07:04:39,064] {logging_mixin.py:109} INFO - [2022-05-11 07:04:39,064] {dag.py:2937} INFO - Setting next_dagrun for latest_only to 2022-05-11T03:04:39.063864+00:00
[2022-05-11 07:04:39,081] {processor.py:171} INFO - Processing /home/airflow/.local/lib/python3.7/site-packages/airflow/example_dags/example_latest_only.py took 0.075 seconds
[2022-05-11 07:05:09,518] {processor.py:163} INFO - Started process (PID=30095) to work on /home/airflow/.local/lib/python3.7/site-packages/airflow/example_dags/example_latest_only.py
[2022-05-11 07:05:09,520] {processor.py:642} INFO - Processing file /home/airflow/.local/lib/python3.7/site-packages/airflow/example_dags/example_latest_only.py for tasks to queue
[2022-05-11 07:05:09,521] {logging_mixin.py:109} INFO - [2022-05-11 07:05:09,520] {dagbag.py:500} INFO - Filling up the DagBag from /home/airflow/.local/lib/python3.7/site-packages/airflow/example_dags/example_latest_only.py
[2022-05-11 07:05:09,536] {processor.py:652} INFO - DAG(s) dict_keys(['latest_only']) retrieved from /home/airflow/.local/lib/python3.7/site-packages/airflow/example_dags/example_latest_only.py
[2022-05-11 07:05:09,559] {logging_mixin.py:109} INFO - [2022-05-11 07:05:09,559] {dag.py:2398} INFO - Sync 1 DAGs
[2022-05-11 07:05:09,576] {logging_mixin.py:109} INFO - [2022-05-11 07:05:09,576] {dag.py:2937} INFO - Setting next_dagrun for latest_only to 2022-05-11T03:05:09.575736+00:00
[2022-05-11 07:05:09,591] {processor.py:171} INFO - Processing /home/airflow/.local/lib/python3.7/site-packages/airflow/example_dags/example_latest_only.py took 0.076 seconds
[2022-05-11 07:05:39,960] {processor.py:163} INFO - Started process (PID=30159) to work on /home/airflow/.local/lib/python3.7/site-packages/airflow/example_dags/example_latest_only.py
[2022-05-11 07:05:39,961] {processor.py:642} INFO - Processing file /home/airflow/.local/lib/python3.7/site-packages/airflow/example_dags/example_latest_only.py for tasks to queue
[2022-05-11 07:05:39,962] {logging_mixin.py:109} INFO - [2022-05-11 07:05:39,962] {dagbag.py:500} INFO - Filling up the DagBag from /home/airflow/.local/lib/python3.7/site-packages/airflow/example_dags/example_latest_only.py
[2022-05-11 07:05:39,976] {processor.py:652} INFO - DAG(s) dict_keys(['latest_only']) retrieved from /home/airflow/.local/lib/python3.7/site-packages/airflow/example_dags/example_latest_only.py
[2022-05-11 07:05:39,996] {logging_mixin.py:109} INFO - [2022-05-11 07:05:39,996] {dag.py:2398} INFO - Sync 1 DAGs
[2022-05-11 07:05:40,009] {logging_mixin.py:109} INFO - [2022-05-11 07:05:40,009] {dag.py:2937} INFO - Setting next_dagrun for latest_only to 2022-05-11T03:05:40.009042+00:00
[2022-05-11 07:05:40,021] {processor.py:171} INFO - Processing /home/airflow/.local/lib/python3.7/site-packages/airflow/example_dags/example_latest_only.py took 0.065 seconds
[2022-05-11 07:06:10,443] {processor.py:163} INFO - Started process (PID=30231) to work on /home/airflow/.local/lib/python3.7/site-packages/airflow/example_dags/example_latest_only.py
[2022-05-11 07:06:10,444] {processor.py:642} INFO - Processing file /home/airflow/.local/lib/python3.7/site-packages/airflow/example_dags/example_latest_only.py for tasks to queue
[2022-05-11 07:06:10,445] {logging_mixin.py:109} INFO - [2022-05-11 07:06:10,445] {dagbag.py:500} INFO - Filling up the DagBag from /home/airflow/.local/lib/python3.7/site-packages/airflow/example_dags/example_latest_only.py
[2022-05-11 07:06:10,458] {processor.py:652} INFO - DAG(s) dict_keys(['latest_only']) retrieved from /home/airflow/.local/lib/python3.7/site-packages/airflow/example_dags/example_latest_only.py
[2022-05-11 07:06:10,477] {logging_mixin.py:109} INFO - [2022-05-11 07:06:10,477] {dag.py:2398} INFO - Sync 1 DAGs
[2022-05-11 07:06:10,491] {logging_mixin.py:109} INFO - [2022-05-11 07:06:10,491] {dag.py:2937} INFO - Setting next_dagrun for latest_only to 2022-05-11T03:06:10.490888+00:00
[2022-05-11 07:06:10,503] {processor.py:171} INFO - Processing /home/airflow/.local/lib/python3.7/site-packages/airflow/example_dags/example_latest_only.py took 0.063 seconds
[2022-05-11 07:06:40,907] {processor.py:163} INFO - Started process (PID=30293) to work on /home/airflow/.local/lib/python3.7/site-packages/airflow/example_dags/example_latest_only.py
[2022-05-11 07:06:40,909] {processor.py:642} INFO - Processing file /home/airflow/.local/lib/python3.7/site-packages/airflow/example_dags/example_latest_only.py for tasks to queue
[2022-05-11 07:06:40,910] {logging_mixin.py:109} INFO - [2022-05-11 07:06:40,910] {dagbag.py:500} INFO - Filling up the DagBag from /home/airflow/.local/lib/python3.7/site-packages/airflow/example_dags/example_latest_only.py
[2022-05-11 07:06:40,924] {processor.py:652} INFO - DAG(s) dict_keys(['latest_only']) retrieved from /home/airflow/.local/lib/python3.7/site-packages/airflow/example_dags/example_latest_only.py
[2022-05-11 07:06:40,946] {logging_mixin.py:109} INFO - [2022-05-11 07:06:40,946] {dag.py:2398} INFO - Sync 1 DAGs
[2022-05-11 07:06:40,961] {logging_mixin.py:109} INFO - [2022-05-11 07:06:40,961] {dag.py:2937} INFO - Setting next_dagrun for latest_only to 2022-05-11T03:06:40.961217+00:00
[2022-05-11 07:06:40,979] {processor.py:171} INFO - Processing /home/airflow/.local/lib/python3.7/site-packages/airflow/example_dags/example_latest_only.py took 0.076 seconds
[2022-05-11 07:07:11,555] {processor.py:163} INFO - Started process (PID=30364) to work on /home/airflow/.local/lib/python3.7/site-packages/airflow/example_dags/example_latest_only.py
[2022-05-11 07:07:11,557] {processor.py:642} INFO - Processing file /home/airflow/.local/lib/python3.7/site-packages/airflow/example_dags/example_latest_only.py for tasks to queue
[2022-05-11 07:07:11,558] {logging_mixin.py:109} INFO - [2022-05-11 07:07:11,558] {dagbag.py:500} INFO - Filling up the DagBag from /home/airflow/.local/lib/python3.7/site-packages/airflow/example_dags/example_latest_only.py
[2022-05-11 07:07:11,570] {processor.py:652} INFO - DAG(s) dict_keys(['latest_only']) retrieved from /home/airflow/.local/lib/python3.7/site-packages/airflow/example_dags/example_latest_only.py
[2022-05-11 07:07:11,590] {logging_mixin.py:109} INFO - [2022-05-11 07:07:11,590] {dag.py:2398} INFO - Sync 1 DAGs
[2022-05-11 07:07:11,606] {logging_mixin.py:109} INFO - [2022-05-11 07:07:11,606] {dag.py:2937} INFO - Setting next_dagrun for latest_only to 2022-05-11T03:07:11.606561+00:00
[2022-05-11 07:07:11,621] {processor.py:171} INFO - Processing /home/airflow/.local/lib/python3.7/site-packages/airflow/example_dags/example_latest_only.py took 0.070 seconds
[2022-05-11 07:07:42,579] {processor.py:163} INFO - Started process (PID=30428) to work on /home/airflow/.local/lib/python3.7/site-packages/airflow/example_dags/example_latest_only.py
[2022-05-11 07:07:42,581] {processor.py:642} INFO - Processing file /home/airflow/.local/lib/python3.7/site-packages/airflow/example_dags/example_latest_only.py for tasks to queue
[2022-05-11 07:07:42,582] {logging_mixin.py:109} INFO - [2022-05-11 07:07:42,582] {dagbag.py:500} INFO - Filling up the DagBag from /home/airflow/.local/lib/python3.7/site-packages/airflow/example_dags/example_latest_only.py
[2022-05-11 07:07:42,594] {processor.py:652} INFO - DAG(s) dict_keys(['latest_only']) retrieved from /home/airflow/.local/lib/python3.7/site-packages/airflow/example_dags/example_latest_only.py
[2022-05-11 07:07:42,615] {logging_mixin.py:109} INFO - [2022-05-11 07:07:42,615] {dag.py:2398} INFO - Sync 1 DAGs
[2022-05-11 07:07:42,631] {logging_mixin.py:109} INFO - [2022-05-11 07:07:42,630] {dag.py:2937} INFO - Setting next_dagrun for latest_only to 2022-05-11T03:07:42.630661+00:00
[2022-05-11 07:07:42,645] {processor.py:171} INFO - Processing /home/airflow/.local/lib/python3.7/site-packages/airflow/example_dags/example_latest_only.py took 0.069 seconds
[2022-05-11 07:08:12,993] {processor.py:163} INFO - Started process (PID=30499) to work on /home/airflow/.local/lib/python3.7/site-packages/airflow/example_dags/example_latest_only.py
[2022-05-11 07:08:12,995] {processor.py:642} INFO - Processing file /home/airflow/.local/lib/python3.7/site-packages/airflow/example_dags/example_latest_only.py for tasks to queue
[2022-05-11 07:08:12,996] {logging_mixin.py:109} INFO - [2022-05-11 07:08:12,996] {dagbag.py:500} INFO - Filling up the DagBag from /home/airflow/.local/lib/python3.7/site-packages/airflow/example_dags/example_latest_only.py
[2022-05-11 07:08:13,011] {processor.py:652} INFO - DAG(s) dict_keys(['latest_only']) retrieved from /home/airflow/.local/lib/python3.7/site-packages/airflow/example_dags/example_latest_only.py
[2022-05-11 07:08:13,035] {logging_mixin.py:109} INFO - [2022-05-11 07:08:13,035] {dag.py:2398} INFO - Sync 1 DAGs
[2022-05-11 07:08:13,053] {logging_mixin.py:109} INFO - [2022-05-11 07:08:13,053] {dag.py:2937} INFO - Setting next_dagrun for latest_only to 2022-05-11T03:08:13.053029+00:00
[2022-05-11 07:08:13,068] {processor.py:171} INFO - Processing /home/airflow/.local/lib/python3.7/site-packages/airflow/example_dags/example_latest_only.py took 0.080 seconds
[2022-05-11 07:08:43,592] {processor.py:163} INFO - Started process (PID=30572) to work on /home/airflow/.local/lib/python3.7/site-packages/airflow/example_dags/example_latest_only.py
[2022-05-11 07:08:43,594] {processor.py:642} INFO - Processing file /home/airflow/.local/lib/python3.7/site-packages/airflow/example_dags/example_latest_only.py for tasks to queue
[2022-05-11 07:08:43,595] {logging_mixin.py:109} INFO - [2022-05-11 07:08:43,595] {dagbag.py:500} INFO - Filling up the DagBag from /home/airflow/.local/lib/python3.7/site-packages/airflow/example_dags/example_latest_only.py
[2022-05-11 07:08:43,608] {processor.py:652} INFO - DAG(s) dict_keys(['latest_only']) retrieved from /home/airflow/.local/lib/python3.7/site-packages/airflow/example_dags/example_latest_only.py
[2022-05-11 07:08:43,629] {logging_mixin.py:109} INFO - [2022-05-11 07:08:43,629] {dag.py:2398} INFO - Sync 1 DAGs
[2022-05-11 07:08:43,646] {logging_mixin.py:109} INFO - [2022-05-11 07:08:43,645] {dag.py:2937} INFO - Setting next_dagrun for latest_only to 2022-05-11T03:08:43.645568+00:00
[2022-05-11 07:08:43,657] {processor.py:171} INFO - Processing /home/airflow/.local/lib/python3.7/site-packages/airflow/example_dags/example_latest_only.py took 0.068 seconds
[2022-05-11 07:09:14,184] {processor.py:163} INFO - Started process (PID=30635) to work on /home/airflow/.local/lib/python3.7/site-packages/airflow/example_dags/example_latest_only.py
[2022-05-11 07:09:14,185] {processor.py:642} INFO - Processing file /home/airflow/.local/lib/python3.7/site-packages/airflow/example_dags/example_latest_only.py for tasks to queue
[2022-05-11 07:09:14,186] {logging_mixin.py:109} INFO - [2022-05-11 07:09:14,186] {dagbag.py:500} INFO - Filling up the DagBag from /home/airflow/.local/lib/python3.7/site-packages/airflow/example_dags/example_latest_only.py
[2022-05-11 07:09:14,203] {processor.py:652} INFO - DAG(s) dict_keys(['latest_only']) retrieved from /home/airflow/.local/lib/python3.7/site-packages/airflow/example_dags/example_latest_only.py
[2022-05-11 07:09:14,227] {logging_mixin.py:109} INFO - [2022-05-11 07:09:14,227] {dag.py:2398} INFO - Sync 1 DAGs
[2022-05-11 07:09:14,247] {logging_mixin.py:109} INFO - [2022-05-11 07:09:14,247] {dag.py:2937} INFO - Setting next_dagrun for latest_only to 2022-05-11T03:09:14.247047+00:00
[2022-05-11 07:09:14,262] {processor.py:171} INFO - Processing /home/airflow/.local/lib/python3.7/site-packages/airflow/example_dags/example_latest_only.py took 0.081 seconds
[2022-05-11 07:09:44,542] {processor.py:163} INFO - Started process (PID=30705) to work on /home/airflow/.local/lib/python3.7/site-packages/airflow/example_dags/example_latest_only.py
[2022-05-11 07:09:44,544] {processor.py:642} INFO - Processing file /home/airflow/.local/lib/python3.7/site-packages/airflow/example_dags/example_latest_only.py for tasks to queue
[2022-05-11 07:09:44,546] {logging_mixin.py:109} INFO - [2022-05-11 07:09:44,546] {dagbag.py:500} INFO - Filling up the DagBag from /home/airflow/.local/lib/python3.7/site-packages/airflow/example_dags/example_latest_only.py
[2022-05-11 07:09:44,563] {processor.py:652} INFO - DAG(s) dict_keys(['latest_only']) retrieved from /home/airflow/.local/lib/python3.7/site-packages/airflow/example_dags/example_latest_only.py
[2022-05-11 07:09:44,592] {logging_mixin.py:109} INFO - [2022-05-11 07:09:44,592] {dag.py:2398} INFO - Sync 1 DAGs
[2022-05-11 07:09:44,614] {logging_mixin.py:109} INFO - [2022-05-11 07:09:44,613] {dag.py:2937} INFO - Setting next_dagrun for latest_only to 2022-05-11T03:09:44.612804+00:00
[2022-05-11 07:09:44,633] {processor.py:171} INFO - Processing /home/airflow/.local/lib/python3.7/site-packages/airflow/example_dags/example_latest_only.py took 0.095 seconds
[2022-05-11 07:10:15,008] {processor.py:163} INFO - Started process (PID=30768) to work on /home/airflow/.local/lib/python3.7/site-packages/airflow/example_dags/example_latest_only.py
[2022-05-11 07:10:15,009] {processor.py:642} INFO - Processing file /home/airflow/.local/lib/python3.7/site-packages/airflow/example_dags/example_latest_only.py for tasks to queue
[2022-05-11 07:10:15,010] {logging_mixin.py:109} INFO - [2022-05-11 07:10:15,010] {dagbag.py:500} INFO - Filling up the DagBag from /home/airflow/.local/lib/python3.7/site-packages/airflow/example_dags/example_latest_only.py
[2022-05-11 07:10:15,025] {processor.py:652} INFO - DAG(s) dict_keys(['latest_only']) retrieved from /home/airflow/.local/lib/python3.7/site-packages/airflow/example_dags/example_latest_only.py
[2022-05-11 07:10:15,063] {logging_mixin.py:109} INFO - [2022-05-11 07:10:15,062] {dag.py:2398} INFO - Sync 1 DAGs
[2022-05-11 07:10:15,082] {logging_mixin.py:109} INFO - [2022-05-11 07:10:15,082] {dag.py:2937} INFO - Setting next_dagrun for latest_only to 2022-05-11T03:10:15.082340+00:00
[2022-05-11 07:10:15,103] {processor.py:171} INFO - Processing /home/airflow/.local/lib/python3.7/site-packages/airflow/example_dags/example_latest_only.py took 0.099 seconds
[2022-05-11 07:10:45,439] {processor.py:163} INFO - Started process (PID=30841) to work on /home/airflow/.local/lib/python3.7/site-packages/airflow/example_dags/example_latest_only.py
[2022-05-11 07:10:45,441] {processor.py:642} INFO - Processing file /home/airflow/.local/lib/python3.7/site-packages/airflow/example_dags/example_latest_only.py for tasks to queue
[2022-05-11 07:10:45,443] {logging_mixin.py:109} INFO - [2022-05-11 07:10:45,442] {dagbag.py:500} INFO - Filling up the DagBag from /home/airflow/.local/lib/python3.7/site-packages/airflow/example_dags/example_latest_only.py
[2022-05-11 07:10:45,461] {processor.py:652} INFO - DAG(s) dict_keys(['latest_only']) retrieved from /home/airflow/.local/lib/python3.7/site-packages/airflow/example_dags/example_latest_only.py
[2022-05-11 07:10:45,491] {logging_mixin.py:109} INFO - [2022-05-11 07:10:45,491] {dag.py:2398} INFO - Sync 1 DAGs
[2022-05-11 07:10:45,513] {logging_mixin.py:109} INFO - [2022-05-11 07:10:45,512] {dag.py:2937} INFO - Setting next_dagrun for latest_only to 2022-05-11T03:10:45.512498+00:00
[2022-05-11 07:10:45,530] {processor.py:171} INFO - Processing /home/airflow/.local/lib/python3.7/site-packages/airflow/example_dags/example_latest_only.py took 0.096 seconds
[2022-05-11 07:11:15,757] {processor.py:163} INFO - Started process (PID=30903) to work on /home/airflow/.local/lib/python3.7/site-packages/airflow/example_dags/example_latest_only.py
[2022-05-11 07:11:15,759] {processor.py:642} INFO - Processing file /home/airflow/.local/lib/python3.7/site-packages/airflow/example_dags/example_latest_only.py for tasks to queue
[2022-05-11 07:11:15,760] {logging_mixin.py:109} INFO - [2022-05-11 07:11:15,760] {dagbag.py:500} INFO - Filling up the DagBag from /home/airflow/.local/lib/python3.7/site-packages/airflow/example_dags/example_latest_only.py
[2022-05-11 07:11:15,777] {processor.py:652} INFO - DAG(s) dict_keys(['latest_only']) retrieved from /home/airflow/.local/lib/python3.7/site-packages/airflow/example_dags/example_latest_only.py
[2022-05-11 07:11:15,800] {logging_mixin.py:109} INFO - [2022-05-11 07:11:15,799] {dag.py:2398} INFO - Sync 1 DAGs
[2022-05-11 07:11:15,820] {logging_mixin.py:109} INFO - [2022-05-11 07:11:15,820] {dag.py:2937} INFO - Setting next_dagrun for latest_only to 2022-05-11T03:11:15.820339+00:00
[2022-05-11 07:11:15,838] {processor.py:171} INFO - Processing /home/airflow/.local/lib/python3.7/site-packages/airflow/example_dags/example_latest_only.py took 0.085 seconds
[2022-05-11 07:11:46,151] {processor.py:163} INFO - Started process (PID=30976) to work on /home/airflow/.local/lib/python3.7/site-packages/airflow/example_dags/example_latest_only.py
[2022-05-11 07:11:46,152] {processor.py:642} INFO - Processing file /home/airflow/.local/lib/python3.7/site-packages/airflow/example_dags/example_latest_only.py for tasks to queue
[2022-05-11 07:11:46,153] {logging_mixin.py:109} INFO - [2022-05-11 07:11:46,153] {dagbag.py:500} INFO - Filling up the DagBag from /home/airflow/.local/lib/python3.7/site-packages/airflow/example_dags/example_latest_only.py
[2022-05-11 07:11:46,169] {processor.py:652} INFO - DAG(s) dict_keys(['latest_only']) retrieved from /home/airflow/.local/lib/python3.7/site-packages/airflow/example_dags/example_latest_only.py
[2022-05-11 07:11:46,235] {logging_mixin.py:109} INFO - [2022-05-11 07:11:46,235] {dag.py:2398} INFO - Sync 1 DAGs
[2022-05-11 07:11:46,252] {logging_mixin.py:109} INFO - [2022-05-11 07:11:46,252] {dag.py:2937} INFO - Setting next_dagrun for latest_only to 2022-05-11T03:11:46.252110+00:00
[2022-05-11 07:11:46,267] {processor.py:171} INFO - Processing /home/airflow/.local/lib/python3.7/site-packages/airflow/example_dags/example_latest_only.py took 0.119 seconds
[2022-05-11 07:12:16,914] {processor.py:163} INFO - Started process (PID=31039) to work on /home/airflow/.local/lib/python3.7/site-packages/airflow/example_dags/example_latest_only.py
[2022-05-11 07:12:16,915] {processor.py:642} INFO - Processing file /home/airflow/.local/lib/python3.7/site-packages/airflow/example_dags/example_latest_only.py for tasks to queue
[2022-05-11 07:12:16,916] {logging_mixin.py:109} INFO - [2022-05-11 07:12:16,916] {dagbag.py:500} INFO - Filling up the DagBag from /home/airflow/.local/lib/python3.7/site-packages/airflow/example_dags/example_latest_only.py
[2022-05-11 07:12:16,934] {processor.py:652} INFO - DAG(s) dict_keys(['latest_only']) retrieved from /home/airflow/.local/lib/python3.7/site-packages/airflow/example_dags/example_latest_only.py
[2022-05-11 07:12:16,955] {logging_mixin.py:109} INFO - [2022-05-11 07:12:16,955] {dag.py:2398} INFO - Sync 1 DAGs
[2022-05-11 07:12:16,973] {logging_mixin.py:109} INFO - [2022-05-11 07:12:16,973] {dag.py:2937} INFO - Setting next_dagrun for latest_only to 2022-05-11T03:12:16.972801+00:00
[2022-05-11 07:12:16,987] {processor.py:171} INFO - Processing /home/airflow/.local/lib/python3.7/site-packages/airflow/example_dags/example_latest_only.py took 0.076 seconds
[2022-05-11 07:12:47,135] {processor.py:163} INFO - Started process (PID=31113) to work on /home/airflow/.local/lib/python3.7/site-packages/airflow/example_dags/example_latest_only.py
[2022-05-11 07:12:47,136] {processor.py:642} INFO - Processing file /home/airflow/.local/lib/python3.7/site-packages/airflow/example_dags/example_latest_only.py for tasks to queue
[2022-05-11 07:12:47,138] {logging_mixin.py:109} INFO - [2022-05-11 07:12:47,137] {dagbag.py:500} INFO - Filling up the DagBag from /home/airflow/.local/lib/python3.7/site-packages/airflow/example_dags/example_latest_only.py
[2022-05-11 07:12:47,154] {processor.py:652} INFO - DAG(s) dict_keys(['latest_only']) retrieved from /home/airflow/.local/lib/python3.7/site-packages/airflow/example_dags/example_latest_only.py
[2022-05-11 07:12:47,178] {logging_mixin.py:109} INFO - [2022-05-11 07:12:47,178] {dag.py:2398} INFO - Sync 1 DAGs
[2022-05-11 07:12:47,197] {logging_mixin.py:109} INFO - [2022-05-11 07:12:47,197] {dag.py:2937} INFO - Setting next_dagrun for latest_only to 2022-05-11T03:12:47.197091+00:00
[2022-05-11 07:12:47,212] {processor.py:171} INFO - Processing /home/airflow/.local/lib/python3.7/site-packages/airflow/example_dags/example_latest_only.py took 0.081 seconds
[2022-05-11 07:13:18,187] {processor.py:163} INFO - Started process (PID=31184) to work on /home/airflow/.local/lib/python3.7/site-packages/airflow/example_dags/example_latest_only.py
[2022-05-11 07:13:18,188] {processor.py:642} INFO - Processing file /home/airflow/.local/lib/python3.7/site-packages/airflow/example_dags/example_latest_only.py for tasks to queue
[2022-05-11 07:13:18,189] {logging_mixin.py:109} INFO - [2022-05-11 07:13:18,189] {dagbag.py:500} INFO - Filling up the DagBag from /home/airflow/.local/lib/python3.7/site-packages/airflow/example_dags/example_latest_only.py
[2022-05-11 07:13:18,205] {processor.py:652} INFO - DAG(s) dict_keys(['latest_only']) retrieved from /home/airflow/.local/lib/python3.7/site-packages/airflow/example_dags/example_latest_only.py
[2022-05-11 07:13:18,228] {logging_mixin.py:109} INFO - [2022-05-11 07:13:18,228] {dag.py:2398} INFO - Sync 1 DAGs
[2022-05-11 07:13:18,246] {logging_mixin.py:109} INFO - [2022-05-11 07:13:18,246] {dag.py:2937} INFO - Setting next_dagrun for latest_only to 2022-05-11T03:13:18.245909+00:00
[2022-05-11 07:13:18,262] {processor.py:171} INFO - Processing /home/airflow/.local/lib/python3.7/site-packages/airflow/example_dags/example_latest_only.py took 0.078 seconds
[2022-05-11 07:13:48,527] {processor.py:163} INFO - Started process (PID=31250) to work on /home/airflow/.local/lib/python3.7/site-packages/airflow/example_dags/example_latest_only.py
[2022-05-11 07:13:48,529] {processor.py:642} INFO - Processing file /home/airflow/.local/lib/python3.7/site-packages/airflow/example_dags/example_latest_only.py for tasks to queue
[2022-05-11 07:13:48,530] {logging_mixin.py:109} INFO - [2022-05-11 07:13:48,530] {dagbag.py:500} INFO - Filling up the DagBag from /home/airflow/.local/lib/python3.7/site-packages/airflow/example_dags/example_latest_only.py
[2022-05-11 07:13:48,545] {processor.py:652} INFO - DAG(s) dict_keys(['latest_only']) retrieved from /home/airflow/.local/lib/python3.7/site-packages/airflow/example_dags/example_latest_only.py
[2022-05-11 07:13:48,570] {logging_mixin.py:109} INFO - [2022-05-11 07:13:48,570] {dag.py:2398} INFO - Sync 1 DAGs
[2022-05-11 07:13:48,588] {logging_mixin.py:109} INFO - [2022-05-11 07:13:48,588] {dag.py:2937} INFO - Setting next_dagrun for latest_only to 2022-05-11T03:13:48.587568+00:00
[2022-05-11 07:13:48,604] {processor.py:171} INFO - Processing /home/airflow/.local/lib/python3.7/site-packages/airflow/example_dags/example_latest_only.py took 0.080 seconds
[2022-05-11 07:14:18,989] {processor.py:163} INFO - Started process (PID=31322) to work on /home/airflow/.local/lib/python3.7/site-packages/airflow/example_dags/example_latest_only.py
[2022-05-11 07:14:18,991] {processor.py:642} INFO - Processing file /home/airflow/.local/lib/python3.7/site-packages/airflow/example_dags/example_latest_only.py for tasks to queue
[2022-05-11 07:14:18,993] {logging_mixin.py:109} INFO - [2022-05-11 07:14:18,992] {dagbag.py:500} INFO - Filling up the DagBag from /home/airflow/.local/lib/python3.7/site-packages/airflow/example_dags/example_latest_only.py
[2022-05-11 07:14:19,010] {processor.py:652} INFO - DAG(s) dict_keys(['latest_only']) retrieved from /home/airflow/.local/lib/python3.7/site-packages/airflow/example_dags/example_latest_only.py
[2022-05-11 07:14:19,029] {logging_mixin.py:109} INFO - [2022-05-11 07:14:19,029] {dag.py:2398} INFO - Sync 1 DAGs
[2022-05-11 07:14:19,045] {logging_mixin.py:109} INFO - [2022-05-11 07:14:19,044] {dag.py:2937} INFO - Setting next_dagrun for latest_only to 2022-05-11T03:14:19.044589+00:00
[2022-05-11 07:14:19,058] {processor.py:171} INFO - Processing /home/airflow/.local/lib/python3.7/site-packages/airflow/example_dags/example_latest_only.py took 0.071 seconds
[2022-05-11 07:14:49,441] {processor.py:163} INFO - Started process (PID=31385) to work on /home/airflow/.local/lib/python3.7/site-packages/airflow/example_dags/example_latest_only.py
[2022-05-11 07:14:49,442] {processor.py:642} INFO - Processing file /home/airflow/.local/lib/python3.7/site-packages/airflow/example_dags/example_latest_only.py for tasks to queue
[2022-05-11 07:14:49,443] {logging_mixin.py:109} INFO - [2022-05-11 07:14:49,443] {dagbag.py:500} INFO - Filling up the DagBag from /home/airflow/.local/lib/python3.7/site-packages/airflow/example_dags/example_latest_only.py
[2022-05-11 07:14:49,457] {processor.py:652} INFO - DAG(s) dict_keys(['latest_only']) retrieved from /home/airflow/.local/lib/python3.7/site-packages/airflow/example_dags/example_latest_only.py
[2022-05-11 07:14:49,481] {logging_mixin.py:109} INFO - [2022-05-11 07:14:49,481] {dag.py:2398} INFO - Sync 1 DAGs
[2022-05-11 07:14:49,497] {logging_mixin.py:109} INFO - [2022-05-11 07:14:49,497] {dag.py:2937} INFO - Setting next_dagrun for latest_only to 2022-05-11T03:14:49.496997+00:00
[2022-05-11 07:14:49,515] {processor.py:171} INFO - Processing /home/airflow/.local/lib/python3.7/site-packages/airflow/example_dags/example_latest_only.py took 0.077 seconds
[2022-05-11 07:15:19,686] {processor.py:163} INFO - Started process (PID=31459) to work on /home/airflow/.local/lib/python3.7/site-packages/airflow/example_dags/example_latest_only.py
[2022-05-11 07:15:19,687] {processor.py:642} INFO - Processing file /home/airflow/.local/lib/python3.7/site-packages/airflow/example_dags/example_latest_only.py for tasks to queue
[2022-05-11 07:15:19,687] {logging_mixin.py:109} INFO - [2022-05-11 07:15:19,687] {dagbag.py:500} INFO - Filling up the DagBag from /home/airflow/.local/lib/python3.7/site-packages/airflow/example_dags/example_latest_only.py
[2022-05-11 07:15:19,701] {processor.py:652} INFO - DAG(s) dict_keys(['latest_only']) retrieved from /home/airflow/.local/lib/python3.7/site-packages/airflow/example_dags/example_latest_only.py
[2022-05-11 07:15:19,725] {logging_mixin.py:109} INFO - [2022-05-11 07:15:19,725] {dag.py:2398} INFO - Sync 1 DAGs
[2022-05-11 07:15:19,741] {logging_mixin.py:109} INFO - [2022-05-11 07:15:19,741] {dag.py:2937} INFO - Setting next_dagrun for latest_only to 2022-05-11T03:15:19.741167+00:00
[2022-05-11 07:15:19,760] {processor.py:171} INFO - Processing /home/airflow/.local/lib/python3.7/site-packages/airflow/example_dags/example_latest_only.py took 0.077 seconds
[2022-05-11 07:15:50,071] {processor.py:163} INFO - Started process (PID=31523) to work on /home/airflow/.local/lib/python3.7/site-packages/airflow/example_dags/example_latest_only.py
[2022-05-11 07:15:50,073] {processor.py:642} INFO - Processing file /home/airflow/.local/lib/python3.7/site-packages/airflow/example_dags/example_latest_only.py for tasks to queue
[2022-05-11 07:15:50,073] {logging_mixin.py:109} INFO - [2022-05-11 07:15:50,073] {dagbag.py:500} INFO - Filling up the DagBag from /home/airflow/.local/lib/python3.7/site-packages/airflow/example_dags/example_latest_only.py
[2022-05-11 07:15:50,093] {processor.py:652} INFO - DAG(s) dict_keys(['latest_only']) retrieved from /home/airflow/.local/lib/python3.7/site-packages/airflow/example_dags/example_latest_only.py
[2022-05-11 07:15:50,116] {logging_mixin.py:109} INFO - [2022-05-11 07:15:50,116] {dag.py:2398} INFO - Sync 1 DAGs
[2022-05-11 07:15:50,137] {logging_mixin.py:109} INFO - [2022-05-11 07:15:50,137] {dag.py:2937} INFO - Setting next_dagrun for latest_only to 2022-05-11T03:15:50.137036+00:00
[2022-05-11 07:15:50,152] {processor.py:171} INFO - Processing /home/airflow/.local/lib/python3.7/site-packages/airflow/example_dags/example_latest_only.py took 0.084 seconds
[2022-05-11 07:16:20,475] {processor.py:163} INFO - Started process (PID=31596) to work on /home/airflow/.local/lib/python3.7/site-packages/airflow/example_dags/example_latest_only.py
[2022-05-11 07:16:20,477] {processor.py:642} INFO - Processing file /home/airflow/.local/lib/python3.7/site-packages/airflow/example_dags/example_latest_only.py for tasks to queue
[2022-05-11 07:16:20,479] {logging_mixin.py:109} INFO - [2022-05-11 07:16:20,478] {dagbag.py:500} INFO - Filling up the DagBag from /home/airflow/.local/lib/python3.7/site-packages/airflow/example_dags/example_latest_only.py
[2022-05-11 07:16:20,496] {processor.py:652} INFO - DAG(s) dict_keys(['latest_only']) retrieved from /home/airflow/.local/lib/python3.7/site-packages/airflow/example_dags/example_latest_only.py
[2022-05-11 07:16:20,520] {logging_mixin.py:109} INFO - [2022-05-11 07:16:20,520] {dag.py:2398} INFO - Sync 1 DAGs
[2022-05-11 07:16:20,536] {logging_mixin.py:109} INFO - [2022-05-11 07:16:20,536] {dag.py:2937} INFO - Setting next_dagrun for latest_only to 2022-05-11T03:16:20.535921+00:00
[2022-05-11 07:16:20,551] {processor.py:171} INFO - Processing /home/airflow/.local/lib/python3.7/site-packages/airflow/example_dags/example_latest_only.py took 0.082 seconds
[2022-05-11 07:16:51,130] {processor.py:163} INFO - Started process (PID=31660) to work on /home/airflow/.local/lib/python3.7/site-packages/airflow/example_dags/example_latest_only.py
[2022-05-11 07:16:51,132] {processor.py:642} INFO - Processing file /home/airflow/.local/lib/python3.7/site-packages/airflow/example_dags/example_latest_only.py for tasks to queue
[2022-05-11 07:16:51,133] {logging_mixin.py:109} INFO - [2022-05-11 07:16:51,133] {dagbag.py:500} INFO - Filling up the DagBag from /home/airflow/.local/lib/python3.7/site-packages/airflow/example_dags/example_latest_only.py
[2022-05-11 07:16:51,154] {processor.py:652} INFO - DAG(s) dict_keys(['latest_only']) retrieved from /home/airflow/.local/lib/python3.7/site-packages/airflow/example_dags/example_latest_only.py
[2022-05-11 07:16:51,185] {logging_mixin.py:109} INFO - [2022-05-11 07:16:51,185] {dag.py:2398} INFO - Sync 1 DAGs
[2022-05-11 07:16:51,212] {logging_mixin.py:109} INFO - [2022-05-11 07:16:51,211] {dag.py:2937} INFO - Setting next_dagrun for latest_only to 2022-05-11T03:16:51.210564+00:00
[2022-05-11 07:16:51,228] {processor.py:171} INFO - Processing /home/airflow/.local/lib/python3.7/site-packages/airflow/example_dags/example_latest_only.py took 0.102 seconds
[2022-05-11 07:17:21,730] {processor.py:163} INFO - Started process (PID=31732) to work on /home/airflow/.local/lib/python3.7/site-packages/airflow/example_dags/example_latest_only.py
[2022-05-11 07:17:21,732] {processor.py:642} INFO - Processing file /home/airflow/.local/lib/python3.7/site-packages/airflow/example_dags/example_latest_only.py for tasks to queue
[2022-05-11 07:17:21,733] {logging_mixin.py:109} INFO - [2022-05-11 07:17:21,733] {dagbag.py:500} INFO - Filling up the DagBag from /home/airflow/.local/lib/python3.7/site-packages/airflow/example_dags/example_latest_only.py
[2022-05-11 07:17:21,751] {processor.py:652} INFO - DAG(s) dict_keys(['latest_only']) retrieved from /home/airflow/.local/lib/python3.7/site-packages/airflow/example_dags/example_latest_only.py
[2022-05-11 07:17:21,778] {logging_mixin.py:109} INFO - [2022-05-11 07:17:21,777] {dag.py:2398} INFO - Sync 1 DAGs
[2022-05-11 07:17:21,797] {logging_mixin.py:109} INFO - [2022-05-11 07:17:21,797] {dag.py:2937} INFO - Setting next_dagrun for latest_only to 2022-05-11T03:17:21.796687+00:00
[2022-05-11 07:17:21,817] {processor.py:171} INFO - Processing /home/airflow/.local/lib/python3.7/site-packages/airflow/example_dags/example_latest_only.py took 0.091 seconds
[2022-05-11 07:17:52,004] {processor.py:163} INFO - Started process (PID=31796) to work on /home/airflow/.local/lib/python3.7/site-packages/airflow/example_dags/example_latest_only.py
[2022-05-11 07:17:52,006] {processor.py:642} INFO - Processing file /home/airflow/.local/lib/python3.7/site-packages/airflow/example_dags/example_latest_only.py for tasks to queue
[2022-05-11 07:17:52,006] {logging_mixin.py:109} INFO - [2022-05-11 07:17:52,006] {dagbag.py:500} INFO - Filling up the DagBag from /home/airflow/.local/lib/python3.7/site-packages/airflow/example_dags/example_latest_only.py
[2022-05-11 07:17:52,025] {processor.py:652} INFO - DAG(s) dict_keys(['latest_only']) retrieved from /home/airflow/.local/lib/python3.7/site-packages/airflow/example_dags/example_latest_only.py
[2022-05-11 07:17:52,047] {logging_mixin.py:109} INFO - [2022-05-11 07:17:52,047] {dag.py:2398} INFO - Sync 1 DAGs
[2022-05-11 07:17:52,065] {logging_mixin.py:109} INFO - [2022-05-11 07:17:52,065] {dag.py:2937} INFO - Setting next_dagrun for latest_only to 2022-05-11T03:17:52.065451+00:00
[2022-05-11 07:17:52,080] {processor.py:171} INFO - Processing /home/airflow/.local/lib/python3.7/site-packages/airflow/example_dags/example_latest_only.py took 0.079 seconds
[2022-05-11 07:18:22,725] {processor.py:163} INFO - Started process (PID=31866) to work on /home/airflow/.local/lib/python3.7/site-packages/airflow/example_dags/example_latest_only.py
[2022-05-11 07:18:22,727] {processor.py:642} INFO - Processing file /home/airflow/.local/lib/python3.7/site-packages/airflow/example_dags/example_latest_only.py for tasks to queue
[2022-05-11 07:18:22,728] {logging_mixin.py:109} INFO - [2022-05-11 07:18:22,728] {dagbag.py:500} INFO - Filling up the DagBag from /home/airflow/.local/lib/python3.7/site-packages/airflow/example_dags/example_latest_only.py
[2022-05-11 07:18:22,749] {processor.py:652} INFO - DAG(s) dict_keys(['latest_only']) retrieved from /home/airflow/.local/lib/python3.7/site-packages/airflow/example_dags/example_latest_only.py
[2022-05-11 07:18:22,780] {logging_mixin.py:109} INFO - [2022-05-11 07:18:22,780] {dag.py:2398} INFO - Sync 1 DAGs
[2022-05-11 07:18:22,800] {logging_mixin.py:109} INFO - [2022-05-11 07:18:22,800] {dag.py:2937} INFO - Setting next_dagrun for latest_only to 2022-05-11T03:18:22.800168+00:00
[2022-05-11 07:18:22,821] {processor.py:171} INFO - Processing /home/airflow/.local/lib/python3.7/site-packages/airflow/example_dags/example_latest_only.py took 0.101 seconds
[2022-05-11 07:18:53,003] {processor.py:163} INFO - Started process (PID=31931) to work on /home/airflow/.local/lib/python3.7/site-packages/airflow/example_dags/example_latest_only.py
[2022-05-11 07:18:53,006] {processor.py:642} INFO - Processing file /home/airflow/.local/lib/python3.7/site-packages/airflow/example_dags/example_latest_only.py for tasks to queue
[2022-05-11 07:18:53,007] {logging_mixin.py:109} INFO - [2022-05-11 07:18:53,007] {dagbag.py:500} INFO - Filling up the DagBag from /home/airflow/.local/lib/python3.7/site-packages/airflow/example_dags/example_latest_only.py
[2022-05-11 07:18:53,021] {processor.py:652} INFO - DAG(s) dict_keys(['latest_only']) retrieved from /home/airflow/.local/lib/python3.7/site-packages/airflow/example_dags/example_latest_only.py
[2022-05-11 07:18:53,047] {logging_mixin.py:109} INFO - [2022-05-11 07:18:53,047] {dag.py:2398} INFO - Sync 1 DAGs
[2022-05-11 07:18:53,066] {logging_mixin.py:109} INFO - [2022-05-11 07:18:53,065] {dag.py:2937} INFO - Setting next_dagrun for latest_only to 2022-05-11T03:18:53.065643+00:00
[2022-05-11 07:18:53,079] {processor.py:171} INFO - Processing /home/airflow/.local/lib/python3.7/site-packages/airflow/example_dags/example_latest_only.py took 0.079 seconds
[2022-05-11 07:19:23,247] {processor.py:163} INFO - Started process (PID=31994) to work on /home/airflow/.local/lib/python3.7/site-packages/airflow/example_dags/example_latest_only.py
[2022-05-11 07:19:23,248] {processor.py:642} INFO - Processing file /home/airflow/.local/lib/python3.7/site-packages/airflow/example_dags/example_latest_only.py for tasks to queue
[2022-05-11 07:19:23,249] {logging_mixin.py:109} INFO - [2022-05-11 07:19:23,249] {dagbag.py:500} INFO - Filling up the DagBag from /home/airflow/.local/lib/python3.7/site-packages/airflow/example_dags/example_latest_only.py
[2022-05-11 07:19:23,262] {processor.py:652} INFO - DAG(s) dict_keys(['latest_only']) retrieved from /home/airflow/.local/lib/python3.7/site-packages/airflow/example_dags/example_latest_only.py
[2022-05-11 07:19:23,285] {logging_mixin.py:109} INFO - [2022-05-11 07:19:23,285] {dag.py:2398} INFO - Sync 1 DAGs
[2022-05-11 07:19:23,301] {logging_mixin.py:109} INFO - [2022-05-11 07:19:23,301] {dag.py:2937} INFO - Setting next_dagrun for latest_only to 2022-05-11T03:19:23.301112+00:00
[2022-05-11 07:19:23,315] {processor.py:171} INFO - Processing /home/airflow/.local/lib/python3.7/site-packages/airflow/example_dags/example_latest_only.py took 0.071 seconds
[2022-05-11 07:19:53,463] {processor.py:163} INFO - Started process (PID=32065) to work on /home/airflow/.local/lib/python3.7/site-packages/airflow/example_dags/example_latest_only.py
[2022-05-11 07:19:53,464] {processor.py:642} INFO - Processing file /home/airflow/.local/lib/python3.7/site-packages/airflow/example_dags/example_latest_only.py for tasks to queue
[2022-05-11 07:19:53,465] {logging_mixin.py:109} INFO - [2022-05-11 07:19:53,465] {dagbag.py:500} INFO - Filling up the DagBag from /home/airflow/.local/lib/python3.7/site-packages/airflow/example_dags/example_latest_only.py
[2022-05-11 07:19:53,480] {processor.py:652} INFO - DAG(s) dict_keys(['latest_only']) retrieved from /home/airflow/.local/lib/python3.7/site-packages/airflow/example_dags/example_latest_only.py
[2022-05-11 07:19:53,504] {logging_mixin.py:109} INFO - [2022-05-11 07:19:53,504] {dag.py:2398} INFO - Sync 1 DAGs
[2022-05-11 07:19:53,523] {logging_mixin.py:109} INFO - [2022-05-11 07:19:53,523] {dag.py:2937} INFO - Setting next_dagrun for latest_only to 2022-05-11T03:19:53.523235+00:00
[2022-05-11 07:19:53,539] {processor.py:171} INFO - Processing /home/airflow/.local/lib/python3.7/site-packages/airflow/example_dags/example_latest_only.py took 0.080 seconds
[2022-05-11 07:20:23,840] {processor.py:163} INFO - Started process (PID=32128) to work on /home/airflow/.local/lib/python3.7/site-packages/airflow/example_dags/example_latest_only.py
[2022-05-11 07:20:23,842] {processor.py:642} INFO - Processing file /home/airflow/.local/lib/python3.7/site-packages/airflow/example_dags/example_latest_only.py for tasks to queue
[2022-05-11 07:20:23,843] {logging_mixin.py:109} INFO - [2022-05-11 07:20:23,843] {dagbag.py:500} INFO - Filling up the DagBag from /home/airflow/.local/lib/python3.7/site-packages/airflow/example_dags/example_latest_only.py
[2022-05-11 07:20:23,862] {processor.py:652} INFO - DAG(s) dict_keys(['latest_only']) retrieved from /home/airflow/.local/lib/python3.7/site-packages/airflow/example_dags/example_latest_only.py
[2022-05-11 07:20:23,894] {logging_mixin.py:109} INFO - [2022-05-11 07:20:23,894] {dag.py:2398} INFO - Sync 1 DAGs
[2022-05-11 07:20:23,918] {logging_mixin.py:109} INFO - [2022-05-11 07:20:23,918] {dag.py:2937} INFO - Setting next_dagrun for latest_only to 2022-05-11T03:20:23.918221+00:00
[2022-05-11 07:20:23,934] {processor.py:171} INFO - Processing /home/airflow/.local/lib/python3.7/site-packages/airflow/example_dags/example_latest_only.py took 0.100 seconds
[2022-05-11 07:20:54,086] {processor.py:163} INFO - Started process (PID=32201) to work on /home/airflow/.local/lib/python3.7/site-packages/airflow/example_dags/example_latest_only.py
[2022-05-11 07:20:54,088] {processor.py:642} INFO - Processing file /home/airflow/.local/lib/python3.7/site-packages/airflow/example_dags/example_latest_only.py for tasks to queue
[2022-05-11 07:20:54,089] {logging_mixin.py:109} INFO - [2022-05-11 07:20:54,089] {dagbag.py:500} INFO - Filling up the DagBag from /home/airflow/.local/lib/python3.7/site-packages/airflow/example_dags/example_latest_only.py
[2022-05-11 07:20:54,104] {processor.py:652} INFO - DAG(s) dict_keys(['latest_only']) retrieved from /home/airflow/.local/lib/python3.7/site-packages/airflow/example_dags/example_latest_only.py
[2022-05-11 07:20:54,127] {logging_mixin.py:109} INFO - [2022-05-11 07:20:54,127] {dag.py:2398} INFO - Sync 1 DAGs
[2022-05-11 07:20:54,148] {logging_mixin.py:109} INFO - [2022-05-11 07:20:54,148] {dag.py:2937} INFO - Setting next_dagrun for latest_only to 2022-05-11T03:20:54.147997+00:00
[2022-05-11 07:20:54,164] {processor.py:171} INFO - Processing /home/airflow/.local/lib/python3.7/site-packages/airflow/example_dags/example_latest_only.py took 0.080 seconds
[2022-05-11 07:21:24,588] {processor.py:163} INFO - Started process (PID=32264) to work on /home/airflow/.local/lib/python3.7/site-packages/airflow/example_dags/example_latest_only.py
[2022-05-11 07:21:24,590] {processor.py:642} INFO - Processing file /home/airflow/.local/lib/python3.7/site-packages/airflow/example_dags/example_latest_only.py for tasks to queue
[2022-05-11 07:21:24,591] {logging_mixin.py:109} INFO - [2022-05-11 07:21:24,591] {dagbag.py:500} INFO - Filling up the DagBag from /home/airflow/.local/lib/python3.7/site-packages/airflow/example_dags/example_latest_only.py
[2022-05-11 07:21:24,607] {processor.py:652} INFO - DAG(s) dict_keys(['latest_only']) retrieved from /home/airflow/.local/lib/python3.7/site-packages/airflow/example_dags/example_latest_only.py
[2022-05-11 07:21:24,630] {logging_mixin.py:109} INFO - [2022-05-11 07:21:24,630] {dag.py:2398} INFO - Sync 1 DAGs
[2022-05-11 07:21:24,646] {logging_mixin.py:109} INFO - [2022-05-11 07:21:24,646] {dag.py:2937} INFO - Setting next_dagrun for latest_only to 2022-05-11T03:21:24.646377+00:00
[2022-05-11 07:21:24,666] {processor.py:171} INFO - Processing /home/airflow/.local/lib/python3.7/site-packages/airflow/example_dags/example_latest_only.py took 0.080 seconds
[2022-05-11 07:21:54,916] {processor.py:163} INFO - Started process (PID=32336) to work on /home/airflow/.local/lib/python3.7/site-packages/airflow/example_dags/example_latest_only.py
[2022-05-11 07:21:54,918] {processor.py:642} INFO - Processing file /home/airflow/.local/lib/python3.7/site-packages/airflow/example_dags/example_latest_only.py for tasks to queue
[2022-05-11 07:21:54,919] {logging_mixin.py:109} INFO - [2022-05-11 07:21:54,919] {dagbag.py:500} INFO - Filling up the DagBag from /home/airflow/.local/lib/python3.7/site-packages/airflow/example_dags/example_latest_only.py
[2022-05-11 07:21:54,933] {processor.py:652} INFO - DAG(s) dict_keys(['latest_only']) retrieved from /home/airflow/.local/lib/python3.7/site-packages/airflow/example_dags/example_latest_only.py
[2022-05-11 07:21:54,955] {logging_mixin.py:109} INFO - [2022-05-11 07:21:54,955] {dag.py:2398} INFO - Sync 1 DAGs
[2022-05-11 07:21:54,973] {logging_mixin.py:109} INFO - [2022-05-11 07:21:54,973] {dag.py:2937} INFO - Setting next_dagrun for latest_only to 2022-05-11T03:21:54.972838+00:00
[2022-05-11 07:21:54,988] {processor.py:171} INFO - Processing /home/airflow/.local/lib/python3.7/site-packages/airflow/example_dags/example_latest_only.py took 0.076 seconds
[2022-05-11 07:22:25,319] {processor.py:163} INFO - Started process (PID=32400) to work on /home/airflow/.local/lib/python3.7/site-packages/airflow/example_dags/example_latest_only.py
[2022-05-11 07:22:25,320] {processor.py:642} INFO - Processing file /home/airflow/.local/lib/python3.7/site-packages/airflow/example_dags/example_latest_only.py for tasks to queue
[2022-05-11 07:22:25,321] {logging_mixin.py:109} INFO - [2022-05-11 07:22:25,321] {dagbag.py:500} INFO - Filling up the DagBag from /home/airflow/.local/lib/python3.7/site-packages/airflow/example_dags/example_latest_only.py
[2022-05-11 07:22:25,339] {processor.py:652} INFO - DAG(s) dict_keys(['latest_only']) retrieved from /home/airflow/.local/lib/python3.7/site-packages/airflow/example_dags/example_latest_only.py
[2022-05-11 07:22:25,363] {logging_mixin.py:109} INFO - [2022-05-11 07:22:25,363] {dag.py:2398} INFO - Sync 1 DAGs
[2022-05-11 07:22:25,380] {logging_mixin.py:109} INFO - [2022-05-11 07:22:25,380] {dag.py:2937} INFO - Setting next_dagrun for latest_only to 2022-05-11T03:22:25.380080+00:00
[2022-05-11 07:22:25,397] {processor.py:171} INFO - Processing /home/airflow/.local/lib/python3.7/site-packages/airflow/example_dags/example_latest_only.py took 0.082 seconds
[2022-05-11 07:22:55,511] {processor.py:163} INFO - Started process (PID=32473) to work on /home/airflow/.local/lib/python3.7/site-packages/airflow/example_dags/example_latest_only.py
[2022-05-11 07:22:55,512] {processor.py:642} INFO - Processing file /home/airflow/.local/lib/python3.7/site-packages/airflow/example_dags/example_latest_only.py for tasks to queue
[2022-05-11 07:22:55,513] {logging_mixin.py:109} INFO - [2022-05-11 07:22:55,513] {dagbag.py:500} INFO - Filling up the DagBag from /home/airflow/.local/lib/python3.7/site-packages/airflow/example_dags/example_latest_only.py
[2022-05-11 07:22:55,526] {processor.py:652} INFO - DAG(s) dict_keys(['latest_only']) retrieved from /home/airflow/.local/lib/python3.7/site-packages/airflow/example_dags/example_latest_only.py
[2022-05-11 07:22:55,548] {logging_mixin.py:109} INFO - [2022-05-11 07:22:55,548] {dag.py:2398} INFO - Sync 1 DAGs
[2022-05-11 07:22:55,562] {logging_mixin.py:109} INFO - [2022-05-11 07:22:55,562] {dag.py:2937} INFO - Setting next_dagrun for latest_only to 2022-05-11T03:22:55.562292+00:00
[2022-05-11 07:22:55,579] {processor.py:171} INFO - Processing /home/airflow/.local/lib/python3.7/site-packages/airflow/example_dags/example_latest_only.py took 0.071 seconds
[2022-05-11 07:23:26,147] {processor.py:163} INFO - Started process (PID=32535) to work on /home/airflow/.local/lib/python3.7/site-packages/airflow/example_dags/example_latest_only.py
[2022-05-11 07:23:26,148] {processor.py:642} INFO - Processing file /home/airflow/.local/lib/python3.7/site-packages/airflow/example_dags/example_latest_only.py for tasks to queue
[2022-05-11 07:23:26,149] {logging_mixin.py:109} INFO - [2022-05-11 07:23:26,149] {dagbag.py:500} INFO - Filling up the DagBag from /home/airflow/.local/lib/python3.7/site-packages/airflow/example_dags/example_latest_only.py
[2022-05-11 07:23:26,170] {processor.py:652} INFO - DAG(s) dict_keys(['latest_only']) retrieved from /home/airflow/.local/lib/python3.7/site-packages/airflow/example_dags/example_latest_only.py
[2022-05-11 07:23:26,199] {logging_mixin.py:109} INFO - [2022-05-11 07:23:26,199] {dag.py:2398} INFO - Sync 1 DAGs
[2022-05-11 07:23:26,219] {logging_mixin.py:109} INFO - [2022-05-11 07:23:26,219] {dag.py:2937} INFO - Setting next_dagrun for latest_only to 2022-05-11T03:23:26.219192+00:00
[2022-05-11 07:23:26,238] {processor.py:171} INFO - Processing /home/airflow/.local/lib/python3.7/site-packages/airflow/example_dags/example_latest_only.py took 0.095 seconds
[2022-05-11 07:23:56,578] {processor.py:163} INFO - Started process (PID=32607) to work on /home/airflow/.local/lib/python3.7/site-packages/airflow/example_dags/example_latest_only.py
[2022-05-11 07:23:56,581] {processor.py:642} INFO - Processing file /home/airflow/.local/lib/python3.7/site-packages/airflow/example_dags/example_latest_only.py for tasks to queue
[2022-05-11 07:23:56,582] {logging_mixin.py:109} INFO - [2022-05-11 07:23:56,582] {dagbag.py:500} INFO - Filling up the DagBag from /home/airflow/.local/lib/python3.7/site-packages/airflow/example_dags/example_latest_only.py
[2022-05-11 07:23:56,603] {processor.py:652} INFO - DAG(s) dict_keys(['latest_only']) retrieved from /home/airflow/.local/lib/python3.7/site-packages/airflow/example_dags/example_latest_only.py
[2022-05-11 07:23:56,639] {logging_mixin.py:109} INFO - [2022-05-11 07:23:56,639] {dag.py:2398} INFO - Sync 1 DAGs
[2022-05-11 07:23:56,655] {logging_mixin.py:109} INFO - [2022-05-11 07:23:56,655] {dag.py:2937} INFO - Setting next_dagrun for latest_only to 2022-05-11T03:23:56.655411+00:00
[2022-05-11 07:23:56,671] {processor.py:171} INFO - Processing /home/airflow/.local/lib/python3.7/site-packages/airflow/example_dags/example_latest_only.py took 0.096 seconds
[2022-05-11 07:24:26,871] {processor.py:163} INFO - Started process (PID=32671) to work on /home/airflow/.local/lib/python3.7/site-packages/airflow/example_dags/example_latest_only.py
[2022-05-11 07:24:26,874] {processor.py:642} INFO - Processing file /home/airflow/.local/lib/python3.7/site-packages/airflow/example_dags/example_latest_only.py for tasks to queue
[2022-05-11 07:24:26,875] {logging_mixin.py:109} INFO - [2022-05-11 07:24:26,875] {dagbag.py:500} INFO - Filling up the DagBag from /home/airflow/.local/lib/python3.7/site-packages/airflow/example_dags/example_latest_only.py
[2022-05-11 07:24:26,895] {processor.py:652} INFO - DAG(s) dict_keys(['latest_only']) retrieved from /home/airflow/.local/lib/python3.7/site-packages/airflow/example_dags/example_latest_only.py
[2022-05-11 07:24:26,923] {logging_mixin.py:109} INFO - [2022-05-11 07:24:26,923] {dag.py:2398} INFO - Sync 1 DAGs
[2022-05-11 07:24:26,939] {logging_mixin.py:109} INFO - [2022-05-11 07:24:26,939] {dag.py:2937} INFO - Setting next_dagrun for latest_only to 2022-05-11T03:24:26.939101+00:00
[2022-05-11 07:24:26,958] {processor.py:171} INFO - Processing /home/airflow/.local/lib/python3.7/site-packages/airflow/example_dags/example_latest_only.py took 0.092 seconds
[2022-05-11 07:24:57,349] {processor.py:163} INFO - Started process (PID=32744) to work on /home/airflow/.local/lib/python3.7/site-packages/airflow/example_dags/example_latest_only.py
[2022-05-11 07:24:57,352] {processor.py:642} INFO - Processing file /home/airflow/.local/lib/python3.7/site-packages/airflow/example_dags/example_latest_only.py for tasks to queue
[2022-05-11 07:24:57,353] {logging_mixin.py:109} INFO - [2022-05-11 07:24:57,353] {dagbag.py:500} INFO - Filling up the DagBag from /home/airflow/.local/lib/python3.7/site-packages/airflow/example_dags/example_latest_only.py
[2022-05-11 07:24:57,373] {processor.py:652} INFO - DAG(s) dict_keys(['latest_only']) retrieved from /home/airflow/.local/lib/python3.7/site-packages/airflow/example_dags/example_latest_only.py
[2022-05-11 07:24:57,394] {logging_mixin.py:109} INFO - [2022-05-11 07:24:57,394] {dag.py:2398} INFO - Sync 1 DAGs
[2022-05-11 07:24:57,418] {logging_mixin.py:109} INFO - [2022-05-11 07:24:57,418] {dag.py:2937} INFO - Setting next_dagrun for latest_only to 2022-05-11T03:24:57.418216+00:00
[2022-05-11 07:24:57,432] {processor.py:171} INFO - Processing /home/airflow/.local/lib/python3.7/site-packages/airflow/example_dags/example_latest_only.py took 0.088 seconds
[2022-05-11 07:25:27,907] {processor.py:163} INFO - Started process (PID=339) to work on /home/airflow/.local/lib/python3.7/site-packages/airflow/example_dags/example_latest_only.py
[2022-05-11 07:25:27,909] {processor.py:642} INFO - Processing file /home/airflow/.local/lib/python3.7/site-packages/airflow/example_dags/example_latest_only.py for tasks to queue
[2022-05-11 07:25:27,910] {logging_mixin.py:109} INFO - [2022-05-11 07:25:27,910] {dagbag.py:500} INFO - Filling up the DagBag from /home/airflow/.local/lib/python3.7/site-packages/airflow/example_dags/example_latest_only.py
[2022-05-11 07:25:27,926] {processor.py:652} INFO - DAG(s) dict_keys(['latest_only']) retrieved from /home/airflow/.local/lib/python3.7/site-packages/airflow/example_dags/example_latest_only.py
[2022-05-11 07:25:27,947] {logging_mixin.py:109} INFO - [2022-05-11 07:25:27,947] {dag.py:2398} INFO - Sync 1 DAGs
[2022-05-11 07:25:27,964] {logging_mixin.py:109} INFO - [2022-05-11 07:25:27,964] {dag.py:2937} INFO - Setting next_dagrun for latest_only to 2022-05-11T03:25:27.963765+00:00
[2022-05-11 07:25:27,982] {processor.py:171} INFO - Processing /home/airflow/.local/lib/python3.7/site-packages/airflow/example_dags/example_latest_only.py took 0.079 seconds
[2022-05-11 07:25:58,182] {processor.py:163} INFO - Started process (PID=412) to work on /home/airflow/.local/lib/python3.7/site-packages/airflow/example_dags/example_latest_only.py
[2022-05-11 07:25:58,184] {processor.py:642} INFO - Processing file /home/airflow/.local/lib/python3.7/site-packages/airflow/example_dags/example_latest_only.py for tasks to queue
[2022-05-11 07:25:58,185] {logging_mixin.py:109} INFO - [2022-05-11 07:25:58,185] {dagbag.py:500} INFO - Filling up the DagBag from /home/airflow/.local/lib/python3.7/site-packages/airflow/example_dags/example_latest_only.py
[2022-05-11 07:25:58,200] {processor.py:652} INFO - DAG(s) dict_keys(['latest_only']) retrieved from /home/airflow/.local/lib/python3.7/site-packages/airflow/example_dags/example_latest_only.py
[2022-05-11 07:25:58,217] {logging_mixin.py:109} INFO - [2022-05-11 07:25:58,217] {dag.py:2398} INFO - Sync 1 DAGs
[2022-05-11 07:25:58,230] {logging_mixin.py:109} INFO - [2022-05-11 07:25:58,229] {dag.py:2937} INFO - Setting next_dagrun for latest_only to 2022-05-11T03:25:58.229723+00:00
[2022-05-11 07:25:58,242] {processor.py:171} INFO - Processing /home/airflow/.local/lib/python3.7/site-packages/airflow/example_dags/example_latest_only.py took 0.063 seconds
[2022-05-11 07:26:28,369] {processor.py:163} INFO - Started process (PID=476) to work on /home/airflow/.local/lib/python3.7/site-packages/airflow/example_dags/example_latest_only.py
[2022-05-11 07:26:28,370] {processor.py:642} INFO - Processing file /home/airflow/.local/lib/python3.7/site-packages/airflow/example_dags/example_latest_only.py for tasks to queue
[2022-05-11 07:26:28,371] {logging_mixin.py:109} INFO - [2022-05-11 07:26:28,371] {dagbag.py:500} INFO - Filling up the DagBag from /home/airflow/.local/lib/python3.7/site-packages/airflow/example_dags/example_latest_only.py
[2022-05-11 07:26:28,383] {processor.py:652} INFO - DAG(s) dict_keys(['latest_only']) retrieved from /home/airflow/.local/lib/python3.7/site-packages/airflow/example_dags/example_latest_only.py
[2022-05-11 07:26:28,402] {logging_mixin.py:109} INFO - [2022-05-11 07:26:28,401] {dag.py:2398} INFO - Sync 1 DAGs
[2022-05-11 07:26:28,414] {logging_mixin.py:109} INFO - [2022-05-11 07:26:28,414] {dag.py:2937} INFO - Setting next_dagrun for latest_only to 2022-05-11T03:26:28.414277+00:00
[2022-05-11 07:26:28,428] {processor.py:171} INFO - Processing /home/airflow/.local/lib/python3.7/site-packages/airflow/example_dags/example_latest_only.py took 0.062 seconds
[2022-05-11 07:26:59,192] {processor.py:163} INFO - Started process (PID=550) to work on /home/airflow/.local/lib/python3.7/site-packages/airflow/example_dags/example_latest_only.py
[2022-05-11 07:26:59,193] {processor.py:642} INFO - Processing file /home/airflow/.local/lib/python3.7/site-packages/airflow/example_dags/example_latest_only.py for tasks to queue
[2022-05-11 07:26:59,194] {logging_mixin.py:109} INFO - [2022-05-11 07:26:59,194] {dagbag.py:500} INFO - Filling up the DagBag from /home/airflow/.local/lib/python3.7/site-packages/airflow/example_dags/example_latest_only.py
[2022-05-11 07:26:59,208] {processor.py:652} INFO - DAG(s) dict_keys(['latest_only']) retrieved from /home/airflow/.local/lib/python3.7/site-packages/airflow/example_dags/example_latest_only.py
[2022-05-11 07:26:59,230] {logging_mixin.py:109} INFO - [2022-05-11 07:26:59,229] {dag.py:2398} INFO - Sync 1 DAGs
[2022-05-11 07:26:59,244] {logging_mixin.py:109} INFO - [2022-05-11 07:26:59,244] {dag.py:2937} INFO - Setting next_dagrun for latest_only to 2022-05-11T03:26:59.244153+00:00
[2022-05-11 07:26:59,256] {processor.py:171} INFO - Processing /home/airflow/.local/lib/python3.7/site-packages/airflow/example_dags/example_latest_only.py took 0.067 seconds
[2022-05-11 07:27:30,037] {processor.py:163} INFO - Started process (PID=613) to work on /home/airflow/.local/lib/python3.7/site-packages/airflow/example_dags/example_latest_only.py
[2022-05-11 07:27:30,038] {processor.py:642} INFO - Processing file /home/airflow/.local/lib/python3.7/site-packages/airflow/example_dags/example_latest_only.py for tasks to queue
[2022-05-11 07:27:30,039] {logging_mixin.py:109} INFO - [2022-05-11 07:27:30,039] {dagbag.py:500} INFO - Filling up the DagBag from /home/airflow/.local/lib/python3.7/site-packages/airflow/example_dags/example_latest_only.py
[2022-05-11 07:27:30,051] {processor.py:652} INFO - DAG(s) dict_keys(['latest_only']) retrieved from /home/airflow/.local/lib/python3.7/site-packages/airflow/example_dags/example_latest_only.py
[2022-05-11 07:27:30,071] {logging_mixin.py:109} INFO - [2022-05-11 07:27:30,071] {dag.py:2398} INFO - Sync 1 DAGs
[2022-05-11 07:27:30,085] {logging_mixin.py:109} INFO - [2022-05-11 07:27:30,085] {dag.py:2937} INFO - Setting next_dagrun for latest_only to 2022-05-11T03:27:30.085293+00:00
[2022-05-11 07:27:30,098] {processor.py:171} INFO - Processing /home/airflow/.local/lib/python3.7/site-packages/airflow/example_dags/example_latest_only.py took 0.064 seconds
