[2022-05-11 06:56:05,120] {processor.py:163} INFO - Started process (PID=28886) to work on /home/airflow/.local/lib/python3.7/site-packages/airflow/example_dags/example_xcomargs.py
[2022-05-11 06:56:05,131] {processor.py:642} INFO - Processing file /home/airflow/.local/lib/python3.7/site-packages/airflow/example_dags/example_xcomargs.py for tasks to queue
[2022-05-11 06:56:05,133] {logging_mixin.py:109} INFO - [2022-05-11 06:56:05,133] {dagbag.py:500} INFO - Filling up the DagBag from /home/airflow/.local/lib/python3.7/site-packages/airflow/example_dags/example_xcomargs.py
[2022-05-11 06:56:05,230] {processor.py:652} INFO - DAG(s) dict_keys(['example_xcom_args', 'example_xcom_args_with_operators']) retrieved from /home/airflow/.local/lib/python3.7/site-packages/airflow/example_dags/example_xcomargs.py
[2022-05-11 06:56:06,706] {logging_mixin.py:109} INFO - [2022-05-11 06:56:06,705] {dag.py:2398} INFO - Sync 2 DAGs
[2022-05-11 06:56:06,744] {logging_mixin.py:109} INFO - [2022-05-11 06:56:06,744] {dag.py:2937} INFO - Setting next_dagrun for example_xcom_args to None
[2022-05-11 06:56:06,745] {logging_mixin.py:109} INFO - [2022-05-11 06:56:06,745] {dag.py:2937} INFO - Setting next_dagrun for example_xcom_args_with_operators to None
[2022-05-11 06:56:06,783] {processor.py:171} INFO - Processing /home/airflow/.local/lib/python3.7/site-packages/airflow/example_dags/example_xcomargs.py took 1.667 seconds
[2022-05-11 06:56:37,344] {processor.py:163} INFO - Started process (PID=28952) to work on /home/airflow/.local/lib/python3.7/site-packages/airflow/example_dags/example_xcomargs.py
[2022-05-11 06:56:37,345] {processor.py:642} INFO - Processing file /home/airflow/.local/lib/python3.7/site-packages/airflow/example_dags/example_xcomargs.py for tasks to queue
[2022-05-11 06:56:37,346] {logging_mixin.py:109} INFO - [2022-05-11 06:56:37,346] {dagbag.py:500} INFO - Filling up the DagBag from /home/airflow/.local/lib/python3.7/site-packages/airflow/example_dags/example_xcomargs.py
[2022-05-11 06:56:37,369] {processor.py:652} INFO - DAG(s) dict_keys(['example_xcom_args', 'example_xcom_args_with_operators']) retrieved from /home/airflow/.local/lib/python3.7/site-packages/airflow/example_dags/example_xcomargs.py
[2022-05-11 06:56:37,690] {logging_mixin.py:109} INFO - [2022-05-11 06:56:37,689] {dag.py:2398} INFO - Sync 2 DAGs
[2022-05-11 06:56:37,703] {logging_mixin.py:109} INFO - [2022-05-11 06:56:37,703] {dag.py:2937} INFO - Setting next_dagrun for example_xcom_args to None
[2022-05-11 06:56:37,704] {logging_mixin.py:109} INFO - [2022-05-11 06:56:37,704] {dag.py:2937} INFO - Setting next_dagrun for example_xcom_args_with_operators to None
[2022-05-11 06:56:37,719] {processor.py:171} INFO - Processing /home/airflow/.local/lib/python3.7/site-packages/airflow/example_dags/example_xcomargs.py took 0.380 seconds
[2022-05-11 06:57:07,801] {processor.py:163} INFO - Started process (PID=29015) to work on /home/airflow/.local/lib/python3.7/site-packages/airflow/example_dags/example_xcomargs.py
[2022-05-11 06:57:07,803] {processor.py:642} INFO - Processing file /home/airflow/.local/lib/python3.7/site-packages/airflow/example_dags/example_xcomargs.py for tasks to queue
[2022-05-11 06:57:07,804] {logging_mixin.py:109} INFO - [2022-05-11 06:57:07,804] {dagbag.py:500} INFO - Filling up the DagBag from /home/airflow/.local/lib/python3.7/site-packages/airflow/example_dags/example_xcomargs.py
[2022-05-11 06:57:07,830] {processor.py:652} INFO - DAG(s) dict_keys(['example_xcom_args', 'example_xcom_args_with_operators']) retrieved from /home/airflow/.local/lib/python3.7/site-packages/airflow/example_dags/example_xcomargs.py
[2022-05-11 06:57:08,158] {logging_mixin.py:109} INFO - [2022-05-11 06:57:08,158] {dag.py:2398} INFO - Sync 2 DAGs
[2022-05-11 06:57:08,175] {logging_mixin.py:109} INFO - [2022-05-11 06:57:08,175] {dag.py:2937} INFO - Setting next_dagrun for example_xcom_args to None
[2022-05-11 06:57:08,176] {logging_mixin.py:109} INFO - [2022-05-11 06:57:08,176] {dag.py:2937} INFO - Setting next_dagrun for example_xcom_args_with_operators to None
[2022-05-11 06:57:08,190] {processor.py:171} INFO - Processing /home/airflow/.local/lib/python3.7/site-packages/airflow/example_dags/example_xcomargs.py took 0.394 seconds
[2022-05-11 06:57:39,037] {processor.py:163} INFO - Started process (PID=29088) to work on /home/airflow/.local/lib/python3.7/site-packages/airflow/example_dags/example_xcomargs.py
[2022-05-11 06:57:39,039] {processor.py:642} INFO - Processing file /home/airflow/.local/lib/python3.7/site-packages/airflow/example_dags/example_xcomargs.py for tasks to queue
[2022-05-11 06:57:39,040] {logging_mixin.py:109} INFO - [2022-05-11 06:57:39,040] {dagbag.py:500} INFO - Filling up the DagBag from /home/airflow/.local/lib/python3.7/site-packages/airflow/example_dags/example_xcomargs.py
[2022-05-11 06:57:39,062] {processor.py:652} INFO - DAG(s) dict_keys(['example_xcom_args', 'example_xcom_args_with_operators']) retrieved from /home/airflow/.local/lib/python3.7/site-packages/airflow/example_dags/example_xcomargs.py
[2022-05-11 06:57:39,349] {logging_mixin.py:109} INFO - [2022-05-11 06:57:39,348] {dag.py:2398} INFO - Sync 2 DAGs
[2022-05-11 06:57:39,361] {logging_mixin.py:109} INFO - [2022-05-11 06:57:39,361] {dag.py:2937} INFO - Setting next_dagrun for example_xcom_args to None
[2022-05-11 06:57:39,362] {logging_mixin.py:109} INFO - [2022-05-11 06:57:39,361] {dag.py:2937} INFO - Setting next_dagrun for example_xcom_args_with_operators to None
[2022-05-11 06:57:39,375] {processor.py:171} INFO - Processing /home/airflow/.local/lib/python3.7/site-packages/airflow/example_dags/example_xcomargs.py took 0.342 seconds
[2022-05-11 06:58:09,618] {processor.py:163} INFO - Started process (PID=29161) to work on /home/airflow/.local/lib/python3.7/site-packages/airflow/example_dags/example_xcomargs.py
[2022-05-11 06:58:09,620] {processor.py:642} INFO - Processing file /home/airflow/.local/lib/python3.7/site-packages/airflow/example_dags/example_xcomargs.py for tasks to queue
[2022-05-11 06:58:09,621] {logging_mixin.py:109} INFO - [2022-05-11 06:58:09,621] {dagbag.py:500} INFO - Filling up the DagBag from /home/airflow/.local/lib/python3.7/site-packages/airflow/example_dags/example_xcomargs.py
[2022-05-11 06:58:09,646] {processor.py:652} INFO - DAG(s) dict_keys(['example_xcom_args', 'example_xcom_args_with_operators']) retrieved from /home/airflow/.local/lib/python3.7/site-packages/airflow/example_dags/example_xcomargs.py
[2022-05-11 06:58:10,001] {logging_mixin.py:109} INFO - [2022-05-11 06:58:10,001] {dag.py:2398} INFO - Sync 2 DAGs
[2022-05-11 06:58:10,013] {logging_mixin.py:109} INFO - [2022-05-11 06:58:10,013] {dag.py:2937} INFO - Setting next_dagrun for example_xcom_args to None
[2022-05-11 06:58:10,014] {logging_mixin.py:109} INFO - [2022-05-11 06:58:10,014] {dag.py:2937} INFO - Setting next_dagrun for example_xcom_args_with_operators to None
[2022-05-11 06:58:10,029] {processor.py:171} INFO - Processing /home/airflow/.local/lib/python3.7/site-packages/airflow/example_dags/example_xcomargs.py took 0.414 seconds
[2022-05-11 06:58:40,535] {processor.py:163} INFO - Started process (PID=29224) to work on /home/airflow/.local/lib/python3.7/site-packages/airflow/example_dags/example_xcomargs.py
[2022-05-11 06:58:40,537] {processor.py:642} INFO - Processing file /home/airflow/.local/lib/python3.7/site-packages/airflow/example_dags/example_xcomargs.py for tasks to queue
[2022-05-11 06:58:40,539] {logging_mixin.py:109} INFO - [2022-05-11 06:58:40,539] {dagbag.py:500} INFO - Filling up the DagBag from /home/airflow/.local/lib/python3.7/site-packages/airflow/example_dags/example_xcomargs.py
[2022-05-11 06:58:40,560] {processor.py:652} INFO - DAG(s) dict_keys(['example_xcom_args', 'example_xcom_args_with_operators']) retrieved from /home/airflow/.local/lib/python3.7/site-packages/airflow/example_dags/example_xcomargs.py
[2022-05-11 06:58:40,852] {logging_mixin.py:109} INFO - [2022-05-11 06:58:40,852] {dag.py:2398} INFO - Sync 2 DAGs
[2022-05-11 06:58:40,866] {logging_mixin.py:109} INFO - [2022-05-11 06:58:40,866] {dag.py:2937} INFO - Setting next_dagrun for example_xcom_args to None
[2022-05-11 06:58:40,867] {logging_mixin.py:109} INFO - [2022-05-11 06:58:40,867] {dag.py:2937} INFO - Setting next_dagrun for example_xcom_args_with_operators to None
[2022-05-11 06:58:40,884] {processor.py:171} INFO - Processing /home/airflow/.local/lib/python3.7/site-packages/airflow/example_dags/example_xcomargs.py took 0.353 seconds
[2022-05-11 06:59:11,050] {processor.py:163} INFO - Started process (PID=29296) to work on /home/airflow/.local/lib/python3.7/site-packages/airflow/example_dags/example_xcomargs.py
[2022-05-11 06:59:11,052] {processor.py:642} INFO - Processing file /home/airflow/.local/lib/python3.7/site-packages/airflow/example_dags/example_xcomargs.py for tasks to queue
[2022-05-11 06:59:11,052] {logging_mixin.py:109} INFO - [2022-05-11 06:59:11,052] {dagbag.py:500} INFO - Filling up the DagBag from /home/airflow/.local/lib/python3.7/site-packages/airflow/example_dags/example_xcomargs.py
[2022-05-11 06:59:11,073] {processor.py:652} INFO - DAG(s) dict_keys(['example_xcom_args', 'example_xcom_args_with_operators']) retrieved from /home/airflow/.local/lib/python3.7/site-packages/airflow/example_dags/example_xcomargs.py
[2022-05-11 06:59:11,377] {logging_mixin.py:109} INFO - [2022-05-11 06:59:11,377] {dag.py:2398} INFO - Sync 2 DAGs
[2022-05-11 06:59:11,391] {logging_mixin.py:109} INFO - [2022-05-11 06:59:11,391] {dag.py:2937} INFO - Setting next_dagrun for example_xcom_args to None
[2022-05-11 06:59:11,392] {logging_mixin.py:109} INFO - [2022-05-11 06:59:11,392] {dag.py:2937} INFO - Setting next_dagrun for example_xcom_args_with_operators to None
[2022-05-11 06:59:11,408] {processor.py:171} INFO - Processing /home/airflow/.local/lib/python3.7/site-packages/airflow/example_dags/example_xcomargs.py took 0.360 seconds
[2022-05-11 06:59:41,716] {processor.py:163} INFO - Started process (PID=29359) to work on /home/airflow/.local/lib/python3.7/site-packages/airflow/example_dags/example_xcomargs.py
[2022-05-11 06:59:41,719] {processor.py:642} INFO - Processing file /home/airflow/.local/lib/python3.7/site-packages/airflow/example_dags/example_xcomargs.py for tasks to queue
[2022-05-11 06:59:41,720] {logging_mixin.py:109} INFO - [2022-05-11 06:59:41,719] {dagbag.py:500} INFO - Filling up the DagBag from /home/airflow/.local/lib/python3.7/site-packages/airflow/example_dags/example_xcomargs.py
[2022-05-11 06:59:41,741] {processor.py:652} INFO - DAG(s) dict_keys(['example_xcom_args', 'example_xcom_args_with_operators']) retrieved from /home/airflow/.local/lib/python3.7/site-packages/airflow/example_dags/example_xcomargs.py
[2022-05-11 06:59:42,064] {logging_mixin.py:109} INFO - [2022-05-11 06:59:42,064] {dag.py:2398} INFO - Sync 2 DAGs
[2022-05-11 06:59:42,078] {logging_mixin.py:109} INFO - [2022-05-11 06:59:42,078] {dag.py:2937} INFO - Setting next_dagrun for example_xcom_args to None
[2022-05-11 06:59:42,079] {logging_mixin.py:109} INFO - [2022-05-11 06:59:42,079] {dag.py:2937} INFO - Setting next_dagrun for example_xcom_args_with_operators to None
[2022-05-11 06:59:42,098] {processor.py:171} INFO - Processing /home/airflow/.local/lib/python3.7/site-packages/airflow/example_dags/example_xcomargs.py took 0.385 seconds
[2022-05-11 07:00:12,617] {processor.py:163} INFO - Started process (PID=29433) to work on /home/airflow/.local/lib/python3.7/site-packages/airflow/example_dags/example_xcomargs.py
[2022-05-11 07:00:12,618] {processor.py:642} INFO - Processing file /home/airflow/.local/lib/python3.7/site-packages/airflow/example_dags/example_xcomargs.py for tasks to queue
[2022-05-11 07:00:12,619] {logging_mixin.py:109} INFO - [2022-05-11 07:00:12,619] {dagbag.py:500} INFO - Filling up the DagBag from /home/airflow/.local/lib/python3.7/site-packages/airflow/example_dags/example_xcomargs.py
[2022-05-11 07:00:12,637] {processor.py:652} INFO - DAG(s) dict_keys(['example_xcom_args', 'example_xcom_args_with_operators']) retrieved from /home/airflow/.local/lib/python3.7/site-packages/airflow/example_dags/example_xcomargs.py
[2022-05-11 07:00:12,662] {logging_mixin.py:109} INFO - [2022-05-11 07:00:12,662] {dag.py:2398} INFO - Sync 2 DAGs
[2022-05-11 07:00:12,676] {logging_mixin.py:109} INFO - [2022-05-11 07:00:12,676] {dag.py:2937} INFO - Setting next_dagrun for example_xcom_args to None
[2022-05-11 07:00:12,677] {logging_mixin.py:109} INFO - [2022-05-11 07:00:12,677] {dag.py:2937} INFO - Setting next_dagrun for example_xcom_args_with_operators to None
[2022-05-11 07:00:12,692] {processor.py:171} INFO - Processing /home/airflow/.local/lib/python3.7/site-packages/airflow/example_dags/example_xcomargs.py took 0.079 seconds
[2022-05-11 07:00:42,968] {processor.py:163} INFO - Started process (PID=29497) to work on /home/airflow/.local/lib/python3.7/site-packages/airflow/example_dags/example_xcomargs.py
[2022-05-11 07:00:42,970] {processor.py:642} INFO - Processing file /home/airflow/.local/lib/python3.7/site-packages/airflow/example_dags/example_xcomargs.py for tasks to queue
[2022-05-11 07:00:42,972] {logging_mixin.py:109} INFO - [2022-05-11 07:00:42,972] {dagbag.py:500} INFO - Filling up the DagBag from /home/airflow/.local/lib/python3.7/site-packages/airflow/example_dags/example_xcomargs.py
[2022-05-11 07:00:42,989] {processor.py:652} INFO - DAG(s) dict_keys(['example_xcom_args', 'example_xcom_args_with_operators']) retrieved from /home/airflow/.local/lib/python3.7/site-packages/airflow/example_dags/example_xcomargs.py
[2022-05-11 07:00:43,012] {logging_mixin.py:109} INFO - [2022-05-11 07:00:43,012] {dag.py:2398} INFO - Sync 2 DAGs
[2022-05-11 07:00:43,025] {logging_mixin.py:109} INFO - [2022-05-11 07:00:43,025] {dag.py:2937} INFO - Setting next_dagrun for example_xcom_args to None
[2022-05-11 07:00:43,026] {logging_mixin.py:109} INFO - [2022-05-11 07:00:43,026] {dag.py:2937} INFO - Setting next_dagrun for example_xcom_args_with_operators to None
[2022-05-11 07:00:43,041] {processor.py:171} INFO - Processing /home/airflow/.local/lib/python3.7/site-packages/airflow/example_dags/example_xcomargs.py took 0.075 seconds
[2022-05-11 07:01:13,477] {processor.py:163} INFO - Started process (PID=29569) to work on /home/airflow/.local/lib/python3.7/site-packages/airflow/example_dags/example_xcomargs.py
[2022-05-11 07:01:13,479] {processor.py:642} INFO - Processing file /home/airflow/.local/lib/python3.7/site-packages/airflow/example_dags/example_xcomargs.py for tasks to queue
[2022-05-11 07:01:13,480] {logging_mixin.py:109} INFO - [2022-05-11 07:01:13,480] {dagbag.py:500} INFO - Filling up the DagBag from /home/airflow/.local/lib/python3.7/site-packages/airflow/example_dags/example_xcomargs.py
[2022-05-11 07:01:13,496] {processor.py:652} INFO - DAG(s) dict_keys(['example_xcom_args', 'example_xcom_args_with_operators']) retrieved from /home/airflow/.local/lib/python3.7/site-packages/airflow/example_dags/example_xcomargs.py
[2022-05-11 07:01:13,762] {logging_mixin.py:109} INFO - [2022-05-11 07:01:13,762] {dag.py:2398} INFO - Sync 2 DAGs
[2022-05-11 07:01:13,774] {logging_mixin.py:109} INFO - [2022-05-11 07:01:13,774] {dag.py:2937} INFO - Setting next_dagrun for example_xcom_args to None
[2022-05-11 07:01:13,775] {logging_mixin.py:109} INFO - [2022-05-11 07:01:13,775] {dag.py:2937} INFO - Setting next_dagrun for example_xcom_args_with_operators to None
[2022-05-11 07:01:13,790] {processor.py:171} INFO - Processing /home/airflow/.local/lib/python3.7/site-packages/airflow/example_dags/example_xcomargs.py took 0.315 seconds
[2022-05-11 07:01:44,007] {processor.py:163} INFO - Started process (PID=29633) to work on /home/airflow/.local/lib/python3.7/site-packages/airflow/example_dags/example_xcomargs.py
[2022-05-11 07:01:44,009] {processor.py:642} INFO - Processing file /home/airflow/.local/lib/python3.7/site-packages/airflow/example_dags/example_xcomargs.py for tasks to queue
[2022-05-11 07:01:44,010] {logging_mixin.py:109} INFO - [2022-05-11 07:01:44,010] {dagbag.py:500} INFO - Filling up the DagBag from /home/airflow/.local/lib/python3.7/site-packages/airflow/example_dags/example_xcomargs.py
[2022-05-11 07:01:44,031] {processor.py:652} INFO - DAG(s) dict_keys(['example_xcom_args', 'example_xcom_args_with_operators']) retrieved from /home/airflow/.local/lib/python3.7/site-packages/airflow/example_dags/example_xcomargs.py
[2022-05-11 07:01:44,289] {logging_mixin.py:109} INFO - [2022-05-11 07:01:44,289] {dag.py:2398} INFO - Sync 2 DAGs
[2022-05-11 07:01:44,298] {logging_mixin.py:109} INFO - [2022-05-11 07:01:44,298] {dag.py:2937} INFO - Setting next_dagrun for example_xcom_args to None
[2022-05-11 07:01:44,299] {logging_mixin.py:109} INFO - [2022-05-11 07:01:44,299] {dag.py:2937} INFO - Setting next_dagrun for example_xcom_args_with_operators to None
[2022-05-11 07:01:44,312] {processor.py:171} INFO - Processing /home/airflow/.local/lib/python3.7/site-packages/airflow/example_dags/example_xcomargs.py took 0.308 seconds
[2022-05-11 07:02:14,421] {processor.py:163} INFO - Started process (PID=29706) to work on /home/airflow/.local/lib/python3.7/site-packages/airflow/example_dags/example_xcomargs.py
[2022-05-11 07:02:14,423] {processor.py:642} INFO - Processing file /home/airflow/.local/lib/python3.7/site-packages/airflow/example_dags/example_xcomargs.py for tasks to queue
[2022-05-11 07:02:14,424] {logging_mixin.py:109} INFO - [2022-05-11 07:02:14,424] {dagbag.py:500} INFO - Filling up the DagBag from /home/airflow/.local/lib/python3.7/site-packages/airflow/example_dags/example_xcomargs.py
[2022-05-11 07:02:14,443] {processor.py:652} INFO - DAG(s) dict_keys(['example_xcom_args', 'example_xcom_args_with_operators']) retrieved from /home/airflow/.local/lib/python3.7/site-packages/airflow/example_dags/example_xcomargs.py
[2022-05-11 07:02:14,745] {logging_mixin.py:109} INFO - [2022-05-11 07:02:14,744] {dag.py:2398} INFO - Sync 2 DAGs
[2022-05-11 07:02:14,757] {logging_mixin.py:109} INFO - [2022-05-11 07:02:14,757] {dag.py:2937} INFO - Setting next_dagrun for example_xcom_args to None
[2022-05-11 07:02:14,758] {logging_mixin.py:109} INFO - [2022-05-11 07:02:14,758] {dag.py:2937} INFO - Setting next_dagrun for example_xcom_args_with_operators to None
[2022-05-11 07:02:14,776] {processor.py:171} INFO - Processing /home/airflow/.local/lib/python3.7/site-packages/airflow/example_dags/example_xcomargs.py took 0.358 seconds
[2022-05-11 07:02:45,098] {processor.py:163} INFO - Started process (PID=29770) to work on /home/airflow/.local/lib/python3.7/site-packages/airflow/example_dags/example_xcomargs.py
[2022-05-11 07:02:45,100] {processor.py:642} INFO - Processing file /home/airflow/.local/lib/python3.7/site-packages/airflow/example_dags/example_xcomargs.py for tasks to queue
[2022-05-11 07:02:45,101] {logging_mixin.py:109} INFO - [2022-05-11 07:02:45,101] {dagbag.py:500} INFO - Filling up the DagBag from /home/airflow/.local/lib/python3.7/site-packages/airflow/example_dags/example_xcomargs.py
[2022-05-11 07:02:45,123] {processor.py:652} INFO - DAG(s) dict_keys(['example_xcom_args', 'example_xcom_args_with_operators']) retrieved from /home/airflow/.local/lib/python3.7/site-packages/airflow/example_dags/example_xcomargs.py
[2022-05-11 07:02:45,377] {logging_mixin.py:109} INFO - [2022-05-11 07:02:45,377] {dag.py:2398} INFO - Sync 2 DAGs
[2022-05-11 07:02:45,388] {logging_mixin.py:109} INFO - [2022-05-11 07:02:45,387] {dag.py:2937} INFO - Setting next_dagrun for example_xcom_args to None
[2022-05-11 07:02:45,388] {logging_mixin.py:109} INFO - [2022-05-11 07:02:45,388] {dag.py:2937} INFO - Setting next_dagrun for example_xcom_args_with_operators to None
[2022-05-11 07:02:45,403] {processor.py:171} INFO - Processing /home/airflow/.local/lib/python3.7/site-packages/airflow/example_dags/example_xcomargs.py took 0.308 seconds
[2022-05-11 07:03:15,880] {processor.py:163} INFO - Started process (PID=29842) to work on /home/airflow/.local/lib/python3.7/site-packages/airflow/example_dags/example_xcomargs.py
[2022-05-11 07:03:15,882] {processor.py:642} INFO - Processing file /home/airflow/.local/lib/python3.7/site-packages/airflow/example_dags/example_xcomargs.py for tasks to queue
[2022-05-11 07:03:15,883] {logging_mixin.py:109} INFO - [2022-05-11 07:03:15,883] {dagbag.py:500} INFO - Filling up the DagBag from /home/airflow/.local/lib/python3.7/site-packages/airflow/example_dags/example_xcomargs.py
[2022-05-11 07:03:15,899] {processor.py:652} INFO - DAG(s) dict_keys(['example_xcom_args', 'example_xcom_args_with_operators']) retrieved from /home/airflow/.local/lib/python3.7/site-packages/airflow/example_dags/example_xcomargs.py
[2022-05-11 07:03:16,208] {logging_mixin.py:109} INFO - [2022-05-11 07:03:16,208] {dag.py:2398} INFO - Sync 2 DAGs
[2022-05-11 07:03:16,220] {logging_mixin.py:109} INFO - [2022-05-11 07:03:16,220] {dag.py:2937} INFO - Setting next_dagrun for example_xcom_args to None
[2022-05-11 07:03:16,221] {logging_mixin.py:109} INFO - [2022-05-11 07:03:16,221] {dag.py:2937} INFO - Setting next_dagrun for example_xcom_args_with_operators to None
[2022-05-11 07:03:16,235] {processor.py:171} INFO - Processing /home/airflow/.local/lib/python3.7/site-packages/airflow/example_dags/example_xcomargs.py took 0.357 seconds
[2022-05-11 07:03:46,348] {processor.py:163} INFO - Started process (PID=29914) to work on /home/airflow/.local/lib/python3.7/site-packages/airflow/example_dags/example_xcomargs.py
[2022-05-11 07:03:46,349] {processor.py:642} INFO - Processing file /home/airflow/.local/lib/python3.7/site-packages/airflow/example_dags/example_xcomargs.py for tasks to queue
[2022-05-11 07:03:46,350] {logging_mixin.py:109} INFO - [2022-05-11 07:03:46,350] {dagbag.py:500} INFO - Filling up the DagBag from /home/airflow/.local/lib/python3.7/site-packages/airflow/example_dags/example_xcomargs.py
[2022-05-11 07:03:46,377] {processor.py:652} INFO - DAG(s) dict_keys(['example_xcom_args', 'example_xcom_args_with_operators']) retrieved from /home/airflow/.local/lib/python3.7/site-packages/airflow/example_dags/example_xcomargs.py
[2022-05-11 07:03:46,882] {logging_mixin.py:109} INFO - [2022-05-11 07:03:46,882] {dag.py:2398} INFO - Sync 2 DAGs
[2022-05-11 07:03:46,901] {logging_mixin.py:109} INFO - [2022-05-11 07:03:46,901] {dag.py:2937} INFO - Setting next_dagrun for example_xcom_args to None
[2022-05-11 07:03:46,902] {logging_mixin.py:109} INFO - [2022-05-11 07:03:46,902] {dag.py:2937} INFO - Setting next_dagrun for example_xcom_args_with_operators to None
[2022-05-11 07:03:46,923] {processor.py:171} INFO - Processing /home/airflow/.local/lib/python3.7/site-packages/airflow/example_dags/example_xcomargs.py took 0.579 seconds
[2022-05-11 07:04:17,302] {processor.py:163} INFO - Started process (PID=29977) to work on /home/airflow/.local/lib/python3.7/site-packages/airflow/example_dags/example_xcomargs.py
[2022-05-11 07:04:17,305] {processor.py:642} INFO - Processing file /home/airflow/.local/lib/python3.7/site-packages/airflow/example_dags/example_xcomargs.py for tasks to queue
[2022-05-11 07:04:17,306] {logging_mixin.py:109} INFO - [2022-05-11 07:04:17,306] {dagbag.py:500} INFO - Filling up the DagBag from /home/airflow/.local/lib/python3.7/site-packages/airflow/example_dags/example_xcomargs.py
[2022-05-11 07:04:17,325] {processor.py:652} INFO - DAG(s) dict_keys(['example_xcom_args', 'example_xcom_args_with_operators']) retrieved from /home/airflow/.local/lib/python3.7/site-packages/airflow/example_dags/example_xcomargs.py
[2022-05-11 07:04:17,588] {logging_mixin.py:109} INFO - [2022-05-11 07:04:17,588] {dag.py:2398} INFO - Sync 2 DAGs
[2022-05-11 07:04:17,599] {logging_mixin.py:109} INFO - [2022-05-11 07:04:17,599] {dag.py:2937} INFO - Setting next_dagrun for example_xcom_args to None
[2022-05-11 07:04:17,600] {logging_mixin.py:109} INFO - [2022-05-11 07:04:17,600] {dag.py:2937} INFO - Setting next_dagrun for example_xcom_args_with_operators to None
[2022-05-11 07:04:17,613] {processor.py:171} INFO - Processing /home/airflow/.local/lib/python3.7/site-packages/airflow/example_dags/example_xcomargs.py took 0.313 seconds
[2022-05-11 07:04:47,784] {processor.py:163} INFO - Started process (PID=30050) to work on /home/airflow/.local/lib/python3.7/site-packages/airflow/example_dags/example_xcomargs.py
[2022-05-11 07:04:47,786] {processor.py:642} INFO - Processing file /home/airflow/.local/lib/python3.7/site-packages/airflow/example_dags/example_xcomargs.py for tasks to queue
[2022-05-11 07:04:47,787] {logging_mixin.py:109} INFO - [2022-05-11 07:04:47,787] {dagbag.py:500} INFO - Filling up the DagBag from /home/airflow/.local/lib/python3.7/site-packages/airflow/example_dags/example_xcomargs.py
[2022-05-11 07:04:47,806] {processor.py:652} INFO - DAG(s) dict_keys(['example_xcom_args', 'example_xcom_args_with_operators']) retrieved from /home/airflow/.local/lib/python3.7/site-packages/airflow/example_dags/example_xcomargs.py
[2022-05-11 07:04:48,084] {logging_mixin.py:109} INFO - [2022-05-11 07:04:48,084] {dag.py:2398} INFO - Sync 2 DAGs
[2022-05-11 07:04:48,098] {logging_mixin.py:109} INFO - [2022-05-11 07:04:48,098] {dag.py:2937} INFO - Setting next_dagrun for example_xcom_args to None
[2022-05-11 07:04:48,099] {logging_mixin.py:109} INFO - [2022-05-11 07:04:48,099] {dag.py:2937} INFO - Setting next_dagrun for example_xcom_args_with_operators to None
[2022-05-11 07:04:48,114] {processor.py:171} INFO - Processing /home/airflow/.local/lib/python3.7/site-packages/airflow/example_dags/example_xcomargs.py took 0.334 seconds
[2022-05-11 07:05:18,216] {processor.py:163} INFO - Started process (PID=30114) to work on /home/airflow/.local/lib/python3.7/site-packages/airflow/example_dags/example_xcomargs.py
[2022-05-11 07:05:18,217] {processor.py:642} INFO - Processing file /home/airflow/.local/lib/python3.7/site-packages/airflow/example_dags/example_xcomargs.py for tasks to queue
[2022-05-11 07:05:18,218] {logging_mixin.py:109} INFO - [2022-05-11 07:05:18,218] {dagbag.py:500} INFO - Filling up the DagBag from /home/airflow/.local/lib/python3.7/site-packages/airflow/example_dags/example_xcomargs.py
[2022-05-11 07:05:18,235] {processor.py:652} INFO - DAG(s) dict_keys(['example_xcom_args', 'example_xcom_args_with_operators']) retrieved from /home/airflow/.local/lib/python3.7/site-packages/airflow/example_dags/example_xcomargs.py
[2022-05-11 07:05:18,504] {logging_mixin.py:109} INFO - [2022-05-11 07:05:18,504] {dag.py:2398} INFO - Sync 2 DAGs
[2022-05-11 07:05:18,516] {logging_mixin.py:109} INFO - [2022-05-11 07:05:18,516] {dag.py:2937} INFO - Setting next_dagrun for example_xcom_args to None
[2022-05-11 07:05:18,517] {logging_mixin.py:109} INFO - [2022-05-11 07:05:18,517] {dag.py:2937} INFO - Setting next_dagrun for example_xcom_args_with_operators to None
[2022-05-11 07:05:18,532] {processor.py:171} INFO - Processing /home/airflow/.local/lib/python3.7/site-packages/airflow/example_dags/example_xcomargs.py took 0.320 seconds
[2022-05-11 07:05:48,601] {processor.py:163} INFO - Started process (PID=30187) to work on /home/airflow/.local/lib/python3.7/site-packages/airflow/example_dags/example_xcomargs.py
[2022-05-11 07:05:48,602] {processor.py:642} INFO - Processing file /home/airflow/.local/lib/python3.7/site-packages/airflow/example_dags/example_xcomargs.py for tasks to queue
[2022-05-11 07:05:48,603] {logging_mixin.py:109} INFO - [2022-05-11 07:05:48,603] {dagbag.py:500} INFO - Filling up the DagBag from /home/airflow/.local/lib/python3.7/site-packages/airflow/example_dags/example_xcomargs.py
[2022-05-11 07:05:48,628] {processor.py:652} INFO - DAG(s) dict_keys(['example_xcom_args', 'example_xcom_args_with_operators']) retrieved from /home/airflow/.local/lib/python3.7/site-packages/airflow/example_dags/example_xcomargs.py
[2022-05-11 07:05:48,882] {logging_mixin.py:109} INFO - [2022-05-11 07:05:48,882] {dag.py:2398} INFO - Sync 2 DAGs
[2022-05-11 07:05:48,891] {logging_mixin.py:109} INFO - [2022-05-11 07:05:48,891] {dag.py:2937} INFO - Setting next_dagrun for example_xcom_args to None
[2022-05-11 07:05:48,892] {logging_mixin.py:109} INFO - [2022-05-11 07:05:48,892] {dag.py:2937} INFO - Setting next_dagrun for example_xcom_args_with_operators to None
[2022-05-11 07:05:48,904] {processor.py:171} INFO - Processing /home/airflow/.local/lib/python3.7/site-packages/airflow/example_dags/example_xcomargs.py took 0.306 seconds
[2022-05-11 07:06:19,117] {processor.py:163} INFO - Started process (PID=30250) to work on /home/airflow/.local/lib/python3.7/site-packages/airflow/example_dags/example_xcomargs.py
[2022-05-11 07:06:19,119] {processor.py:642} INFO - Processing file /home/airflow/.local/lib/python3.7/site-packages/airflow/example_dags/example_xcomargs.py for tasks to queue
[2022-05-11 07:06:19,120] {logging_mixin.py:109} INFO - [2022-05-11 07:06:19,120] {dagbag.py:500} INFO - Filling up the DagBag from /home/airflow/.local/lib/python3.7/site-packages/airflow/example_dags/example_xcomargs.py
[2022-05-11 07:06:19,138] {processor.py:652} INFO - DAG(s) dict_keys(['example_xcom_args', 'example_xcom_args_with_operators']) retrieved from /home/airflow/.local/lib/python3.7/site-packages/airflow/example_dags/example_xcomargs.py
[2022-05-11 07:06:19,423] {logging_mixin.py:109} INFO - [2022-05-11 07:06:19,423] {dag.py:2398} INFO - Sync 2 DAGs
[2022-05-11 07:06:19,435] {logging_mixin.py:109} INFO - [2022-05-11 07:06:19,435] {dag.py:2937} INFO - Setting next_dagrun for example_xcom_args to None
[2022-05-11 07:06:19,436] {logging_mixin.py:109} INFO - [2022-05-11 07:06:19,436] {dag.py:2937} INFO - Setting next_dagrun for example_xcom_args_with_operators to None
[2022-05-11 07:06:19,453] {processor.py:171} INFO - Processing /home/airflow/.local/lib/python3.7/site-packages/airflow/example_dags/example_xcomargs.py took 0.338 seconds
[2022-05-11 07:06:49,637] {processor.py:163} INFO - Started process (PID=30321) to work on /home/airflow/.local/lib/python3.7/site-packages/airflow/example_dags/example_xcomargs.py
[2022-05-11 07:06:49,639] {processor.py:642} INFO - Processing file /home/airflow/.local/lib/python3.7/site-packages/airflow/example_dags/example_xcomargs.py for tasks to queue
[2022-05-11 07:06:49,640] {logging_mixin.py:109} INFO - [2022-05-11 07:06:49,640] {dagbag.py:500} INFO - Filling up the DagBag from /home/airflow/.local/lib/python3.7/site-packages/airflow/example_dags/example_xcomargs.py
[2022-05-11 07:06:49,657] {processor.py:652} INFO - DAG(s) dict_keys(['example_xcom_args', 'example_xcom_args_with_operators']) retrieved from /home/airflow/.local/lib/python3.7/site-packages/airflow/example_dags/example_xcomargs.py
[2022-05-11 07:06:49,917] {logging_mixin.py:109} INFO - [2022-05-11 07:06:49,917] {dag.py:2398} INFO - Sync 2 DAGs
[2022-05-11 07:06:49,930] {logging_mixin.py:109} INFO - [2022-05-11 07:06:49,930] {dag.py:2937} INFO - Setting next_dagrun for example_xcom_args to None
[2022-05-11 07:06:49,931] {logging_mixin.py:109} INFO - [2022-05-11 07:06:49,931] {dag.py:2937} INFO - Setting next_dagrun for example_xcom_args_with_operators to None
[2022-05-11 07:06:49,944] {processor.py:171} INFO - Processing /home/airflow/.local/lib/python3.7/site-packages/airflow/example_dags/example_xcomargs.py took 0.309 seconds
[2022-05-11 07:07:20,021] {processor.py:163} INFO - Started process (PID=30391) to work on /home/airflow/.local/lib/python3.7/site-packages/airflow/example_dags/example_xcomargs.py
[2022-05-11 07:07:20,023] {processor.py:642} INFO - Processing file /home/airflow/.local/lib/python3.7/site-packages/airflow/example_dags/example_xcomargs.py for tasks to queue
[2022-05-11 07:07:20,024] {logging_mixin.py:109} INFO - [2022-05-11 07:07:20,024] {dagbag.py:500} INFO - Filling up the DagBag from /home/airflow/.local/lib/python3.7/site-packages/airflow/example_dags/example_xcomargs.py
[2022-05-11 07:07:20,042] {processor.py:652} INFO - DAG(s) dict_keys(['example_xcom_args', 'example_xcom_args_with_operators']) retrieved from /home/airflow/.local/lib/python3.7/site-packages/airflow/example_dags/example_xcomargs.py
[2022-05-11 07:07:20,344] {logging_mixin.py:109} INFO - [2022-05-11 07:07:20,344] {dag.py:2398} INFO - Sync 2 DAGs
[2022-05-11 07:07:20,357] {logging_mixin.py:109} INFO - [2022-05-11 07:07:20,357] {dag.py:2937} INFO - Setting next_dagrun for example_xcom_args to None
[2022-05-11 07:07:20,358] {logging_mixin.py:109} INFO - [2022-05-11 07:07:20,358] {dag.py:2937} INFO - Setting next_dagrun for example_xcom_args_with_operators to None
[2022-05-11 07:07:20,373] {processor.py:171} INFO - Processing /home/airflow/.local/lib/python3.7/site-packages/airflow/example_dags/example_xcomargs.py took 0.356 seconds
[2022-05-11 07:07:51,149] {processor.py:163} INFO - Started process (PID=30456) to work on /home/airflow/.local/lib/python3.7/site-packages/airflow/example_dags/example_xcomargs.py
[2022-05-11 07:07:51,150] {processor.py:642} INFO - Processing file /home/airflow/.local/lib/python3.7/site-packages/airflow/example_dags/example_xcomargs.py for tasks to queue
[2022-05-11 07:07:51,151] {logging_mixin.py:109} INFO - [2022-05-11 07:07:51,151] {dagbag.py:500} INFO - Filling up the DagBag from /home/airflow/.local/lib/python3.7/site-packages/airflow/example_dags/example_xcomargs.py
[2022-05-11 07:07:51,170] {processor.py:652} INFO - DAG(s) dict_keys(['example_xcom_args', 'example_xcom_args_with_operators']) retrieved from /home/airflow/.local/lib/python3.7/site-packages/airflow/example_dags/example_xcomargs.py
[2022-05-11 07:07:51,449] {logging_mixin.py:109} INFO - [2022-05-11 07:07:51,449] {dag.py:2398} INFO - Sync 2 DAGs
[2022-05-11 07:07:51,461] {logging_mixin.py:109} INFO - [2022-05-11 07:07:51,461] {dag.py:2937} INFO - Setting next_dagrun for example_xcom_args to None
[2022-05-11 07:07:51,462] {logging_mixin.py:109} INFO - [2022-05-11 07:07:51,461] {dag.py:2937} INFO - Setting next_dagrun for example_xcom_args_with_operators to None
[2022-05-11 07:07:51,477] {processor.py:171} INFO - Processing /home/airflow/.local/lib/python3.7/site-packages/airflow/example_dags/example_xcomargs.py took 0.332 seconds
[2022-05-11 07:08:21,731] {processor.py:163} INFO - Started process (PID=30528) to work on /home/airflow/.local/lib/python3.7/site-packages/airflow/example_dags/example_xcomargs.py
[2022-05-11 07:08:21,732] {processor.py:642} INFO - Processing file /home/airflow/.local/lib/python3.7/site-packages/airflow/example_dags/example_xcomargs.py for tasks to queue
[2022-05-11 07:08:21,733] {logging_mixin.py:109} INFO - [2022-05-11 07:08:21,733] {dagbag.py:500} INFO - Filling up the DagBag from /home/airflow/.local/lib/python3.7/site-packages/airflow/example_dags/example_xcomargs.py
[2022-05-11 07:08:21,755] {processor.py:652} INFO - DAG(s) dict_keys(['example_xcom_args', 'example_xcom_args_with_operators']) retrieved from /home/airflow/.local/lib/python3.7/site-packages/airflow/example_dags/example_xcomargs.py
[2022-05-11 07:08:22,081] {logging_mixin.py:109} INFO - [2022-05-11 07:08:22,081] {dag.py:2398} INFO - Sync 2 DAGs
[2022-05-11 07:08:22,094] {logging_mixin.py:109} INFO - [2022-05-11 07:08:22,094] {dag.py:2937} INFO - Setting next_dagrun for example_xcom_args to None
[2022-05-11 07:08:22,095] {logging_mixin.py:109} INFO - [2022-05-11 07:08:22,095] {dag.py:2937} INFO - Setting next_dagrun for example_xcom_args_with_operators to None
[2022-05-11 07:08:22,109] {processor.py:171} INFO - Processing /home/airflow/.local/lib/python3.7/site-packages/airflow/example_dags/example_xcomargs.py took 0.381 seconds
[2022-05-11 07:08:52,785] {processor.py:163} INFO - Started process (PID=30591) to work on /home/airflow/.local/lib/python3.7/site-packages/airflow/example_dags/example_xcomargs.py
[2022-05-11 07:08:52,786] {processor.py:642} INFO - Processing file /home/airflow/.local/lib/python3.7/site-packages/airflow/example_dags/example_xcomargs.py for tasks to queue
[2022-05-11 07:08:52,787] {logging_mixin.py:109} INFO - [2022-05-11 07:08:52,787] {dagbag.py:500} INFO - Filling up the DagBag from /home/airflow/.local/lib/python3.7/site-packages/airflow/example_dags/example_xcomargs.py
[2022-05-11 07:08:52,807] {processor.py:652} INFO - DAG(s) dict_keys(['example_xcom_args', 'example_xcom_args_with_operators']) retrieved from /home/airflow/.local/lib/python3.7/site-packages/airflow/example_dags/example_xcomargs.py
[2022-05-11 07:08:52,831] {logging_mixin.py:109} INFO - [2022-05-11 07:08:52,831] {dag.py:2398} INFO - Sync 2 DAGs
[2022-05-11 07:08:52,846] {logging_mixin.py:109} INFO - [2022-05-11 07:08:52,846] {dag.py:2937} INFO - Setting next_dagrun for example_xcom_args to None
[2022-05-11 07:08:52,847] {logging_mixin.py:109} INFO - [2022-05-11 07:08:52,847] {dag.py:2937} INFO - Setting next_dagrun for example_xcom_args_with_operators to None
[2022-05-11 07:08:52,862] {processor.py:171} INFO - Processing /home/airflow/.local/lib/python3.7/site-packages/airflow/example_dags/example_xcomargs.py took 0.080 seconds
[2022-05-11 07:09:23,528] {processor.py:163} INFO - Started process (PID=30663) to work on /home/airflow/.local/lib/python3.7/site-packages/airflow/example_dags/example_xcomargs.py
[2022-05-11 07:09:23,529] {processor.py:642} INFO - Processing file /home/airflow/.local/lib/python3.7/site-packages/airflow/example_dags/example_xcomargs.py for tasks to queue
[2022-05-11 07:09:23,530] {logging_mixin.py:109} INFO - [2022-05-11 07:09:23,530] {dagbag.py:500} INFO - Filling up the DagBag from /home/airflow/.local/lib/python3.7/site-packages/airflow/example_dags/example_xcomargs.py
[2022-05-11 07:09:23,550] {processor.py:652} INFO - DAG(s) dict_keys(['example_xcom_args', 'example_xcom_args_with_operators']) retrieved from /home/airflow/.local/lib/python3.7/site-packages/airflow/example_dags/example_xcomargs.py
[2022-05-11 07:09:23,851] {logging_mixin.py:109} INFO - [2022-05-11 07:09:23,851] {dag.py:2398} INFO - Sync 2 DAGs
[2022-05-11 07:09:23,866] {logging_mixin.py:109} INFO - [2022-05-11 07:09:23,866] {dag.py:2937} INFO - Setting next_dagrun for example_xcom_args to None
[2022-05-11 07:09:23,867] {logging_mixin.py:109} INFO - [2022-05-11 07:09:23,867] {dag.py:2937} INFO - Setting next_dagrun for example_xcom_args_with_operators to None
[2022-05-11 07:09:23,882] {processor.py:171} INFO - Processing /home/airflow/.local/lib/python3.7/site-packages/airflow/example_dags/example_xcomargs.py took 0.358 seconds
[2022-05-11 07:09:53,994] {processor.py:163} INFO - Started process (PID=30725) to work on /home/airflow/.local/lib/python3.7/site-packages/airflow/example_dags/example_xcomargs.py
[2022-05-11 07:09:53,996] {processor.py:642} INFO - Processing file /home/airflow/.local/lib/python3.7/site-packages/airflow/example_dags/example_xcomargs.py for tasks to queue
[2022-05-11 07:09:53,997] {logging_mixin.py:109} INFO - [2022-05-11 07:09:53,997] {dagbag.py:500} INFO - Filling up the DagBag from /home/airflow/.local/lib/python3.7/site-packages/airflow/example_dags/example_xcomargs.py
[2022-05-11 07:09:54,018] {processor.py:652} INFO - DAG(s) dict_keys(['example_xcom_args', 'example_xcom_args_with_operators']) retrieved from /home/airflow/.local/lib/python3.7/site-packages/airflow/example_dags/example_xcomargs.py
[2022-05-11 07:09:54,280] {logging_mixin.py:109} INFO - [2022-05-11 07:09:54,279] {dag.py:2398} INFO - Sync 2 DAGs
[2022-05-11 07:09:54,293] {logging_mixin.py:109} INFO - [2022-05-11 07:09:54,293] {dag.py:2937} INFO - Setting next_dagrun for example_xcom_args to None
[2022-05-11 07:09:54,294] {logging_mixin.py:109} INFO - [2022-05-11 07:09:54,294] {dag.py:2937} INFO - Setting next_dagrun for example_xcom_args_with_operators to None
[2022-05-11 07:09:54,314] {processor.py:171} INFO - Processing /home/airflow/.local/lib/python3.7/site-packages/airflow/example_dags/example_xcomargs.py took 0.323 seconds
[2022-05-11 07:10:24,538] {processor.py:163} INFO - Started process (PID=30797) to work on /home/airflow/.local/lib/python3.7/site-packages/airflow/example_dags/example_xcomargs.py
[2022-05-11 07:10:24,540] {processor.py:642} INFO - Processing file /home/airflow/.local/lib/python3.7/site-packages/airflow/example_dags/example_xcomargs.py for tasks to queue
[2022-05-11 07:10:24,541] {logging_mixin.py:109} INFO - [2022-05-11 07:10:24,541] {dagbag.py:500} INFO - Filling up the DagBag from /home/airflow/.local/lib/python3.7/site-packages/airflow/example_dags/example_xcomargs.py
[2022-05-11 07:10:24,565] {processor.py:652} INFO - DAG(s) dict_keys(['example_xcom_args', 'example_xcom_args_with_operators']) retrieved from /home/airflow/.local/lib/python3.7/site-packages/airflow/example_dags/example_xcomargs.py
[2022-05-11 07:10:24,880] {logging_mixin.py:109} INFO - [2022-05-11 07:10:24,880] {dag.py:2398} INFO - Sync 2 DAGs
[2022-05-11 07:10:24,892] {logging_mixin.py:109} INFO - [2022-05-11 07:10:24,892] {dag.py:2937} INFO - Setting next_dagrun for example_xcom_args to None
[2022-05-11 07:10:24,893] {logging_mixin.py:109} INFO - [2022-05-11 07:10:24,893] {dag.py:2937} INFO - Setting next_dagrun for example_xcom_args_with_operators to None
[2022-05-11 07:10:24,911] {processor.py:171} INFO - Processing /home/airflow/.local/lib/python3.7/site-packages/airflow/example_dags/example_xcomargs.py took 0.380 seconds
[2022-05-11 07:10:55,308] {processor.py:163} INFO - Started process (PID=30871) to work on /home/airflow/.local/lib/python3.7/site-packages/airflow/example_dags/example_xcomargs.py
[2022-05-11 07:10:55,309] {processor.py:642} INFO - Processing file /home/airflow/.local/lib/python3.7/site-packages/airflow/example_dags/example_xcomargs.py for tasks to queue
[2022-05-11 07:10:55,310] {logging_mixin.py:109} INFO - [2022-05-11 07:10:55,310] {dagbag.py:500} INFO - Filling up the DagBag from /home/airflow/.local/lib/python3.7/site-packages/airflow/example_dags/example_xcomargs.py
[2022-05-11 07:10:55,330] {processor.py:652} INFO - DAG(s) dict_keys(['example_xcom_args', 'example_xcom_args_with_operators']) retrieved from /home/airflow/.local/lib/python3.7/site-packages/airflow/example_dags/example_xcomargs.py
[2022-05-11 07:10:55,654] {logging_mixin.py:109} INFO - [2022-05-11 07:10:55,654] {dag.py:2398} INFO - Sync 2 DAGs
[2022-05-11 07:10:55,666] {logging_mixin.py:109} INFO - [2022-05-11 07:10:55,666] {dag.py:2937} INFO - Setting next_dagrun for example_xcom_args to None
[2022-05-11 07:10:55,667] {logging_mixin.py:109} INFO - [2022-05-11 07:10:55,667] {dag.py:2937} INFO - Setting next_dagrun for example_xcom_args_with_operators to None
[2022-05-11 07:10:55,680] {processor.py:171} INFO - Processing /home/airflow/.local/lib/python3.7/site-packages/airflow/example_dags/example_xcomargs.py took 0.375 seconds
[2022-05-11 07:11:26,081] {processor.py:163} INFO - Started process (PID=30933) to work on /home/airflow/.local/lib/python3.7/site-packages/airflow/example_dags/example_xcomargs.py
[2022-05-11 07:11:26,083] {processor.py:642} INFO - Processing file /home/airflow/.local/lib/python3.7/site-packages/airflow/example_dags/example_xcomargs.py for tasks to queue
[2022-05-11 07:11:26,084] {logging_mixin.py:109} INFO - [2022-05-11 07:11:26,084] {dagbag.py:500} INFO - Filling up the DagBag from /home/airflow/.local/lib/python3.7/site-packages/airflow/example_dags/example_xcomargs.py
[2022-05-11 07:11:26,104] {processor.py:652} INFO - DAG(s) dict_keys(['example_xcom_args', 'example_xcom_args_with_operators']) retrieved from /home/airflow/.local/lib/python3.7/site-packages/airflow/example_dags/example_xcomargs.py
[2022-05-11 07:11:26,433] {logging_mixin.py:109} INFO - [2022-05-11 07:11:26,432] {dag.py:2398} INFO - Sync 2 DAGs
[2022-05-11 07:11:26,449] {logging_mixin.py:109} INFO - [2022-05-11 07:11:26,448] {dag.py:2937} INFO - Setting next_dagrun for example_xcom_args to None
[2022-05-11 07:11:26,450] {logging_mixin.py:109} INFO - [2022-05-11 07:11:26,449] {dag.py:2937} INFO - Setting next_dagrun for example_xcom_args_with_operators to None
[2022-05-11 07:11:26,465] {processor.py:171} INFO - Processing /home/airflow/.local/lib/python3.7/site-packages/airflow/example_dags/example_xcomargs.py took 0.389 seconds
[2022-05-11 07:11:56,642] {processor.py:163} INFO - Started process (PID=31007) to work on /home/airflow/.local/lib/python3.7/site-packages/airflow/example_dags/example_xcomargs.py
[2022-05-11 07:11:56,643] {processor.py:642} INFO - Processing file /home/airflow/.local/lib/python3.7/site-packages/airflow/example_dags/example_xcomargs.py for tasks to queue
[2022-05-11 07:11:56,644] {logging_mixin.py:109} INFO - [2022-05-11 07:11:56,644] {dagbag.py:500} INFO - Filling up the DagBag from /home/airflow/.local/lib/python3.7/site-packages/airflow/example_dags/example_xcomargs.py
[2022-05-11 07:11:56,663] {processor.py:652} INFO - DAG(s) dict_keys(['example_xcom_args', 'example_xcom_args_with_operators']) retrieved from /home/airflow/.local/lib/python3.7/site-packages/airflow/example_dags/example_xcomargs.py
[2022-05-11 07:11:56,967] {logging_mixin.py:109} INFO - [2022-05-11 07:11:56,967] {dag.py:2398} INFO - Sync 2 DAGs
[2022-05-11 07:11:56,979] {logging_mixin.py:109} INFO - [2022-05-11 07:11:56,979] {dag.py:2937} INFO - Setting next_dagrun for example_xcom_args to None
[2022-05-11 07:11:56,980] {logging_mixin.py:109} INFO - [2022-05-11 07:11:56,980] {dag.py:2937} INFO - Setting next_dagrun for example_xcom_args_with_operators to None
[2022-05-11 07:11:56,995] {processor.py:171} INFO - Processing /home/airflow/.local/lib/python3.7/site-packages/airflow/example_dags/example_xcomargs.py took 0.356 seconds
[2022-05-11 07:12:27,316] {processor.py:163} INFO - Started process (PID=31070) to work on /home/airflow/.local/lib/python3.7/site-packages/airflow/example_dags/example_xcomargs.py
[2022-05-11 07:12:27,318] {processor.py:642} INFO - Processing file /home/airflow/.local/lib/python3.7/site-packages/airflow/example_dags/example_xcomargs.py for tasks to queue
[2022-05-11 07:12:27,320] {logging_mixin.py:109} INFO - [2022-05-11 07:12:27,320] {dagbag.py:500} INFO - Filling up the DagBag from /home/airflow/.local/lib/python3.7/site-packages/airflow/example_dags/example_xcomargs.py
[2022-05-11 07:12:27,341] {processor.py:652} INFO - DAG(s) dict_keys(['example_xcom_args', 'example_xcom_args_with_operators']) retrieved from /home/airflow/.local/lib/python3.7/site-packages/airflow/example_dags/example_xcomargs.py
[2022-05-11 07:12:27,647] {logging_mixin.py:109} INFO - [2022-05-11 07:12:27,646] {dag.py:2398} INFO - Sync 2 DAGs
[2022-05-11 07:12:27,658] {logging_mixin.py:109} INFO - [2022-05-11 07:12:27,658] {dag.py:2937} INFO - Setting next_dagrun for example_xcom_args to None
[2022-05-11 07:12:27,659] {logging_mixin.py:109} INFO - [2022-05-11 07:12:27,659] {dag.py:2937} INFO - Setting next_dagrun for example_xcom_args_with_operators to None
[2022-05-11 07:12:27,674] {processor.py:171} INFO - Processing /home/airflow/.local/lib/python3.7/site-packages/airflow/example_dags/example_xcomargs.py took 0.360 seconds
[2022-05-11 07:12:57,876] {processor.py:163} INFO - Started process (PID=31143) to work on /home/airflow/.local/lib/python3.7/site-packages/airflow/example_dags/example_xcomargs.py
[2022-05-11 07:12:57,877] {processor.py:642} INFO - Processing file /home/airflow/.local/lib/python3.7/site-packages/airflow/example_dags/example_xcomargs.py for tasks to queue
[2022-05-11 07:12:57,878] {logging_mixin.py:109} INFO - [2022-05-11 07:12:57,878] {dagbag.py:500} INFO - Filling up the DagBag from /home/airflow/.local/lib/python3.7/site-packages/airflow/example_dags/example_xcomargs.py
[2022-05-11 07:12:57,901] {processor.py:652} INFO - DAG(s) dict_keys(['example_xcom_args', 'example_xcom_args_with_operators']) retrieved from /home/airflow/.local/lib/python3.7/site-packages/airflow/example_dags/example_xcomargs.py
[2022-05-11 07:12:58,252] {logging_mixin.py:109} INFO - [2022-05-11 07:12:58,252] {dag.py:2398} INFO - Sync 2 DAGs
[2022-05-11 07:12:58,266] {logging_mixin.py:109} INFO - [2022-05-11 07:12:58,266] {dag.py:2937} INFO - Setting next_dagrun for example_xcom_args to None
[2022-05-11 07:12:58,267] {logging_mixin.py:109} INFO - [2022-05-11 07:12:58,267] {dag.py:2937} INFO - Setting next_dagrun for example_xcom_args_with_operators to None
[2022-05-11 07:12:58,286] {processor.py:171} INFO - Processing /home/airflow/.local/lib/python3.7/site-packages/airflow/example_dags/example_xcomargs.py took 0.413 seconds
[2022-05-11 07:13:28,893] {processor.py:163} INFO - Started process (PID=31207) to work on /home/airflow/.local/lib/python3.7/site-packages/airflow/example_dags/example_xcomargs.py
[2022-05-11 07:13:28,895] {processor.py:642} INFO - Processing file /home/airflow/.local/lib/python3.7/site-packages/airflow/example_dags/example_xcomargs.py for tasks to queue
[2022-05-11 07:13:28,896] {logging_mixin.py:109} INFO - [2022-05-11 07:13:28,896] {dagbag.py:500} INFO - Filling up the DagBag from /home/airflow/.local/lib/python3.7/site-packages/airflow/example_dags/example_xcomargs.py
[2022-05-11 07:13:28,927] {processor.py:652} INFO - DAG(s) dict_keys(['example_xcom_args', 'example_xcom_args_with_operators']) retrieved from /home/airflow/.local/lib/python3.7/site-packages/airflow/example_dags/example_xcomargs.py
[2022-05-11 07:13:29,228] {logging_mixin.py:109} INFO - [2022-05-11 07:13:29,227] {dag.py:2398} INFO - Sync 2 DAGs
[2022-05-11 07:13:29,241] {logging_mixin.py:109} INFO - [2022-05-11 07:13:29,241] {dag.py:2937} INFO - Setting next_dagrun for example_xcom_args to None
[2022-05-11 07:13:29,242] {logging_mixin.py:109} INFO - [2022-05-11 07:13:29,242] {dag.py:2937} INFO - Setting next_dagrun for example_xcom_args_with_operators to None
[2022-05-11 07:13:29,258] {processor.py:171} INFO - Processing /home/airflow/.local/lib/python3.7/site-packages/airflow/example_dags/example_xcomargs.py took 0.370 seconds
[2022-05-11 07:13:59,406] {processor.py:163} INFO - Started process (PID=31280) to work on /home/airflow/.local/lib/python3.7/site-packages/airflow/example_dags/example_xcomargs.py
[2022-05-11 07:13:59,407] {processor.py:642} INFO - Processing file /home/airflow/.local/lib/python3.7/site-packages/airflow/example_dags/example_xcomargs.py for tasks to queue
[2022-05-11 07:13:59,408] {logging_mixin.py:109} INFO - [2022-05-11 07:13:59,408] {dagbag.py:500} INFO - Filling up the DagBag from /home/airflow/.local/lib/python3.7/site-packages/airflow/example_dags/example_xcomargs.py
[2022-05-11 07:13:59,427] {processor.py:652} INFO - DAG(s) dict_keys(['example_xcom_args', 'example_xcom_args_with_operators']) retrieved from /home/airflow/.local/lib/python3.7/site-packages/airflow/example_dags/example_xcomargs.py
[2022-05-11 07:13:59,738] {logging_mixin.py:109} INFO - [2022-05-11 07:13:59,738] {dag.py:2398} INFO - Sync 2 DAGs
[2022-05-11 07:13:59,751] {logging_mixin.py:109} INFO - [2022-05-11 07:13:59,751] {dag.py:2937} INFO - Setting next_dagrun for example_xcom_args to None
[2022-05-11 07:13:59,752] {logging_mixin.py:109} INFO - [2022-05-11 07:13:59,752] {dag.py:2937} INFO - Setting next_dagrun for example_xcom_args_with_operators to None
[2022-05-11 07:13:59,769] {processor.py:171} INFO - Processing /home/airflow/.local/lib/python3.7/site-packages/airflow/example_dags/example_xcomargs.py took 0.366 seconds
[2022-05-11 07:14:29,854] {processor.py:163} INFO - Started process (PID=31343) to work on /home/airflow/.local/lib/python3.7/site-packages/airflow/example_dags/example_xcomargs.py
[2022-05-11 07:14:29,856] {processor.py:642} INFO - Processing file /home/airflow/.local/lib/python3.7/site-packages/airflow/example_dags/example_xcomargs.py for tasks to queue
[2022-05-11 07:14:29,857] {logging_mixin.py:109} INFO - [2022-05-11 07:14:29,857] {dagbag.py:500} INFO - Filling up the DagBag from /home/airflow/.local/lib/python3.7/site-packages/airflow/example_dags/example_xcomargs.py
[2022-05-11 07:14:29,878] {processor.py:652} INFO - DAG(s) dict_keys(['example_xcom_args', 'example_xcom_args_with_operators']) retrieved from /home/airflow/.local/lib/python3.7/site-packages/airflow/example_dags/example_xcomargs.py
[2022-05-11 07:14:30,309] {logging_mixin.py:109} INFO - [2022-05-11 07:14:30,309] {dag.py:2398} INFO - Sync 2 DAGs
[2022-05-11 07:14:30,326] {logging_mixin.py:109} INFO - [2022-05-11 07:14:30,325] {dag.py:2937} INFO - Setting next_dagrun for example_xcom_args to None
[2022-05-11 07:14:30,326] {logging_mixin.py:109} INFO - [2022-05-11 07:14:30,326] {dag.py:2937} INFO - Setting next_dagrun for example_xcom_args_with_operators to None
[2022-05-11 07:14:30,344] {processor.py:171} INFO - Processing /home/airflow/.local/lib/python3.7/site-packages/airflow/example_dags/example_xcomargs.py took 0.494 seconds
[2022-05-11 07:15:00,481] {processor.py:163} INFO - Started process (PID=31415) to work on /home/airflow/.local/lib/python3.7/site-packages/airflow/example_dags/example_xcomargs.py
[2022-05-11 07:15:00,482] {processor.py:642} INFO - Processing file /home/airflow/.local/lib/python3.7/site-packages/airflow/example_dags/example_xcomargs.py for tasks to queue
[2022-05-11 07:15:00,483] {logging_mixin.py:109} INFO - [2022-05-11 07:15:00,483] {dagbag.py:500} INFO - Filling up the DagBag from /home/airflow/.local/lib/python3.7/site-packages/airflow/example_dags/example_xcomargs.py
[2022-05-11 07:15:00,506] {processor.py:652} INFO - DAG(s) dict_keys(['example_xcom_args', 'example_xcom_args_with_operators']) retrieved from /home/airflow/.local/lib/python3.7/site-packages/airflow/example_dags/example_xcomargs.py
[2022-05-11 07:15:00,823] {logging_mixin.py:109} INFO - [2022-05-11 07:15:00,823] {dag.py:2398} INFO - Sync 2 DAGs
[2022-05-11 07:15:00,835] {logging_mixin.py:109} INFO - [2022-05-11 07:15:00,835] {dag.py:2937} INFO - Setting next_dagrun for example_xcom_args to None
[2022-05-11 07:15:00,835] {logging_mixin.py:109} INFO - [2022-05-11 07:15:00,835] {dag.py:2937} INFO - Setting next_dagrun for example_xcom_args_with_operators to None
[2022-05-11 07:15:00,849] {processor.py:171} INFO - Processing /home/airflow/.local/lib/python3.7/site-packages/airflow/example_dags/example_xcomargs.py took 0.371 seconds
[2022-05-11 07:15:31,364] {processor.py:163} INFO - Started process (PID=31490) to work on /home/airflow/.local/lib/python3.7/site-packages/airflow/example_dags/example_xcomargs.py
[2022-05-11 07:15:31,365] {processor.py:642} INFO - Processing file /home/airflow/.local/lib/python3.7/site-packages/airflow/example_dags/example_xcomargs.py for tasks to queue
[2022-05-11 07:15:31,366] {logging_mixin.py:109} INFO - [2022-05-11 07:15:31,366] {dagbag.py:500} INFO - Filling up the DagBag from /home/airflow/.local/lib/python3.7/site-packages/airflow/example_dags/example_xcomargs.py
[2022-05-11 07:15:31,386] {processor.py:652} INFO - DAG(s) dict_keys(['example_xcom_args', 'example_xcom_args_with_operators']) retrieved from /home/airflow/.local/lib/python3.7/site-packages/airflow/example_dags/example_xcomargs.py
[2022-05-11 07:15:31,698] {logging_mixin.py:109} INFO - [2022-05-11 07:15:31,698] {dag.py:2398} INFO - Sync 2 DAGs
[2022-05-11 07:15:31,709] {logging_mixin.py:109} INFO - [2022-05-11 07:15:31,709] {dag.py:2937} INFO - Setting next_dagrun for example_xcom_args to None
[2022-05-11 07:15:31,710] {logging_mixin.py:109} INFO - [2022-05-11 07:15:31,710] {dag.py:2937} INFO - Setting next_dagrun for example_xcom_args_with_operators to None
[2022-05-11 07:15:31,728] {processor.py:171} INFO - Processing /home/airflow/.local/lib/python3.7/site-packages/airflow/example_dags/example_xcomargs.py took 0.367 seconds
[2022-05-11 07:16:02,287] {processor.py:163} INFO - Started process (PID=31554) to work on /home/airflow/.local/lib/python3.7/site-packages/airflow/example_dags/example_xcomargs.py
[2022-05-11 07:16:02,288] {processor.py:642} INFO - Processing file /home/airflow/.local/lib/python3.7/site-packages/airflow/example_dags/example_xcomargs.py for tasks to queue
[2022-05-11 07:16:02,289] {logging_mixin.py:109} INFO - [2022-05-11 07:16:02,289] {dagbag.py:500} INFO - Filling up the DagBag from /home/airflow/.local/lib/python3.7/site-packages/airflow/example_dags/example_xcomargs.py
[2022-05-11 07:16:02,307] {processor.py:652} INFO - DAG(s) dict_keys(['example_xcom_args', 'example_xcom_args_with_operators']) retrieved from /home/airflow/.local/lib/python3.7/site-packages/airflow/example_dags/example_xcomargs.py
[2022-05-11 07:16:02,623] {logging_mixin.py:109} INFO - [2022-05-11 07:16:02,622] {dag.py:2398} INFO - Sync 2 DAGs
[2022-05-11 07:16:02,637] {logging_mixin.py:109} INFO - [2022-05-11 07:16:02,637] {dag.py:2937} INFO - Setting next_dagrun for example_xcom_args to None
[2022-05-11 07:16:02,637] {logging_mixin.py:109} INFO - [2022-05-11 07:16:02,637] {dag.py:2937} INFO - Setting next_dagrun for example_xcom_args_with_operators to None
[2022-05-11 07:16:02,654] {processor.py:171} INFO - Processing /home/airflow/.local/lib/python3.7/site-packages/airflow/example_dags/example_xcomargs.py took 0.370 seconds
[2022-05-11 07:16:33,241] {processor.py:163} INFO - Started process (PID=31627) to work on /home/airflow/.local/lib/python3.7/site-packages/airflow/example_dags/example_xcomargs.py
[2022-05-11 07:16:33,243] {processor.py:642} INFO - Processing file /home/airflow/.local/lib/python3.7/site-packages/airflow/example_dags/example_xcomargs.py for tasks to queue
[2022-05-11 07:16:33,243] {logging_mixin.py:109} INFO - [2022-05-11 07:16:33,243] {dagbag.py:500} INFO - Filling up the DagBag from /home/airflow/.local/lib/python3.7/site-packages/airflow/example_dags/example_xcomargs.py
[2022-05-11 07:16:33,267] {processor.py:652} INFO - DAG(s) dict_keys(['example_xcom_args', 'example_xcom_args_with_operators']) retrieved from /home/airflow/.local/lib/python3.7/site-packages/airflow/example_dags/example_xcomargs.py
[2022-05-11 07:16:33,292] {logging_mixin.py:109} INFO - [2022-05-11 07:16:33,292] {dag.py:2398} INFO - Sync 2 DAGs
[2022-05-11 07:16:33,308] {logging_mixin.py:109} INFO - [2022-05-11 07:16:33,308] {dag.py:2937} INFO - Setting next_dagrun for example_xcom_args to None
[2022-05-11 07:16:33,309] {logging_mixin.py:109} INFO - [2022-05-11 07:16:33,309] {dag.py:2937} INFO - Setting next_dagrun for example_xcom_args_with_operators to None
[2022-05-11 07:16:33,324] {processor.py:171} INFO - Processing /home/airflow/.local/lib/python3.7/site-packages/airflow/example_dags/example_xcomargs.py took 0.086 seconds
[2022-05-11 07:17:04,068] {processor.py:163} INFO - Started process (PID=31690) to work on /home/airflow/.local/lib/python3.7/site-packages/airflow/example_dags/example_xcomargs.py
[2022-05-11 07:17:04,070] {processor.py:642} INFO - Processing file /home/airflow/.local/lib/python3.7/site-packages/airflow/example_dags/example_xcomargs.py for tasks to queue
[2022-05-11 07:17:04,072] {logging_mixin.py:109} INFO - [2022-05-11 07:17:04,072] {dagbag.py:500} INFO - Filling up the DagBag from /home/airflow/.local/lib/python3.7/site-packages/airflow/example_dags/example_xcomargs.py
[2022-05-11 07:17:04,118] {processor.py:652} INFO - DAG(s) dict_keys(['example_xcom_args', 'example_xcom_args_with_operators']) retrieved from /home/airflow/.local/lib/python3.7/site-packages/airflow/example_dags/example_xcomargs.py
[2022-05-11 07:17:04,160] {logging_mixin.py:109} INFO - [2022-05-11 07:17:04,160] {dag.py:2398} INFO - Sync 2 DAGs
[2022-05-11 07:17:04,182] {logging_mixin.py:109} INFO - [2022-05-11 07:17:04,182] {dag.py:2937} INFO - Setting next_dagrun for example_xcom_args to None
[2022-05-11 07:17:04,183] {logging_mixin.py:109} INFO - [2022-05-11 07:17:04,183] {dag.py:2937} INFO - Setting next_dagrun for example_xcom_args_with_operators to None
[2022-05-11 07:17:04,202] {processor.py:171} INFO - Processing /home/airflow/.local/lib/python3.7/site-packages/airflow/example_dags/example_xcomargs.py took 0.139 seconds
[2022-05-11 07:17:34,267] {processor.py:163} INFO - Started process (PID=31762) to work on /home/airflow/.local/lib/python3.7/site-packages/airflow/example_dags/example_xcomargs.py
[2022-05-11 07:17:34,269] {processor.py:642} INFO - Processing file /home/airflow/.local/lib/python3.7/site-packages/airflow/example_dags/example_xcomargs.py for tasks to queue
[2022-05-11 07:17:34,271] {logging_mixin.py:109} INFO - [2022-05-11 07:17:34,271] {dagbag.py:500} INFO - Filling up the DagBag from /home/airflow/.local/lib/python3.7/site-packages/airflow/example_dags/example_xcomargs.py
[2022-05-11 07:17:34,298] {processor.py:652} INFO - DAG(s) dict_keys(['example_xcom_args', 'example_xcom_args_with_operators']) retrieved from /home/airflow/.local/lib/python3.7/site-packages/airflow/example_dags/example_xcomargs.py
[2022-05-11 07:17:34,678] {logging_mixin.py:109} INFO - [2022-05-11 07:17:34,678] {dag.py:2398} INFO - Sync 2 DAGs
[2022-05-11 07:17:34,697] {logging_mixin.py:109} INFO - [2022-05-11 07:17:34,697] {dag.py:2937} INFO - Setting next_dagrun for example_xcom_args to None
[2022-05-11 07:17:34,698] {logging_mixin.py:109} INFO - [2022-05-11 07:17:34,698] {dag.py:2937} INFO - Setting next_dagrun for example_xcom_args_with_operators to None
[2022-05-11 07:17:34,714] {processor.py:171} INFO - Processing /home/airflow/.local/lib/python3.7/site-packages/airflow/example_dags/example_xcomargs.py took 0.451 seconds
[2022-05-11 07:18:04,972] {processor.py:163} INFO - Started process (PID=31825) to work on /home/airflow/.local/lib/python3.7/site-packages/airflow/example_dags/example_xcomargs.py
[2022-05-11 07:18:04,974] {processor.py:642} INFO - Processing file /home/airflow/.local/lib/python3.7/site-packages/airflow/example_dags/example_xcomargs.py for tasks to queue
[2022-05-11 07:18:04,975] {logging_mixin.py:109} INFO - [2022-05-11 07:18:04,975] {dagbag.py:500} INFO - Filling up the DagBag from /home/airflow/.local/lib/python3.7/site-packages/airflow/example_dags/example_xcomargs.py
[2022-05-11 07:18:05,008] {processor.py:652} INFO - DAG(s) dict_keys(['example_xcom_args', 'example_xcom_args_with_operators']) retrieved from /home/airflow/.local/lib/python3.7/site-packages/airflow/example_dags/example_xcomargs.py
[2022-05-11 07:18:05,388] {logging_mixin.py:109} INFO - [2022-05-11 07:18:05,387] {dag.py:2398} INFO - Sync 2 DAGs
[2022-05-11 07:18:05,401] {logging_mixin.py:109} INFO - [2022-05-11 07:18:05,400] {dag.py:2937} INFO - Setting next_dagrun for example_xcom_args to None
[2022-05-11 07:18:05,401] {logging_mixin.py:109} INFO - [2022-05-11 07:18:05,401] {dag.py:2937} INFO - Setting next_dagrun for example_xcom_args_with_operators to None
[2022-05-11 07:18:05,419] {processor.py:171} INFO - Processing /home/airflow/.local/lib/python3.7/site-packages/airflow/example_dags/example_xcomargs.py took 0.451 seconds
[2022-05-11 07:18:35,629] {processor.py:163} INFO - Started process (PID=31897) to work on /home/airflow/.local/lib/python3.7/site-packages/airflow/example_dags/example_xcomargs.py
[2022-05-11 07:18:35,632] {processor.py:642} INFO - Processing file /home/airflow/.local/lib/python3.7/site-packages/airflow/example_dags/example_xcomargs.py for tasks to queue
[2022-05-11 07:18:35,634] {logging_mixin.py:109} INFO - [2022-05-11 07:18:35,634] {dagbag.py:500} INFO - Filling up the DagBag from /home/airflow/.local/lib/python3.7/site-packages/airflow/example_dags/example_xcomargs.py
[2022-05-11 07:18:35,661] {processor.py:652} INFO - DAG(s) dict_keys(['example_xcom_args', 'example_xcom_args_with_operators']) retrieved from /home/airflow/.local/lib/python3.7/site-packages/airflow/example_dags/example_xcomargs.py
[2022-05-11 07:18:36,110] {logging_mixin.py:109} INFO - [2022-05-11 07:18:36,110] {dag.py:2398} INFO - Sync 2 DAGs
[2022-05-11 07:18:36,133] {logging_mixin.py:109} INFO - [2022-05-11 07:18:36,133] {dag.py:2937} INFO - Setting next_dagrun for example_xcom_args to None
[2022-05-11 07:18:36,134] {logging_mixin.py:109} INFO - [2022-05-11 07:18:36,134] {dag.py:2937} INFO - Setting next_dagrun for example_xcom_args_with_operators to None
[2022-05-11 07:18:36,155] {processor.py:171} INFO - Processing /home/airflow/.local/lib/python3.7/site-packages/airflow/example_dags/example_xcomargs.py took 0.529 seconds
[2022-05-11 07:19:06,464] {processor.py:163} INFO - Started process (PID=31960) to work on /home/airflow/.local/lib/python3.7/site-packages/airflow/example_dags/example_xcomargs.py
[2022-05-11 07:19:06,466] {processor.py:642} INFO - Processing file /home/airflow/.local/lib/python3.7/site-packages/airflow/example_dags/example_xcomargs.py for tasks to queue
[2022-05-11 07:19:06,466] {logging_mixin.py:109} INFO - [2022-05-11 07:19:06,466] {dagbag.py:500} INFO - Filling up the DagBag from /home/airflow/.local/lib/python3.7/site-packages/airflow/example_dags/example_xcomargs.py
[2022-05-11 07:19:06,486] {processor.py:652} INFO - DAG(s) dict_keys(['example_xcom_args', 'example_xcom_args_with_operators']) retrieved from /home/airflow/.local/lib/python3.7/site-packages/airflow/example_dags/example_xcomargs.py
[2022-05-11 07:19:06,769] {logging_mixin.py:109} INFO - [2022-05-11 07:19:06,769] {dag.py:2398} INFO - Sync 2 DAGs
[2022-05-11 07:19:06,782] {logging_mixin.py:109} INFO - [2022-05-11 07:19:06,781] {dag.py:2937} INFO - Setting next_dagrun for example_xcom_args to None
[2022-05-11 07:19:06,782] {logging_mixin.py:109} INFO - [2022-05-11 07:19:06,782] {dag.py:2937} INFO - Setting next_dagrun for example_xcom_args_with_operators to None
[2022-05-11 07:19:06,801] {processor.py:171} INFO - Processing /home/airflow/.local/lib/python3.7/site-packages/airflow/example_dags/example_xcomargs.py took 0.340 seconds
[2022-05-11 07:19:36,866] {processor.py:163} INFO - Started process (PID=32023) to work on /home/airflow/.local/lib/python3.7/site-packages/airflow/example_dags/example_xcomargs.py
[2022-05-11 07:19:36,868] {processor.py:642} INFO - Processing file /home/airflow/.local/lib/python3.7/site-packages/airflow/example_dags/example_xcomargs.py for tasks to queue
[2022-05-11 07:19:36,869] {logging_mixin.py:109} INFO - [2022-05-11 07:19:36,869] {dagbag.py:500} INFO - Filling up the DagBag from /home/airflow/.local/lib/python3.7/site-packages/airflow/example_dags/example_xcomargs.py
[2022-05-11 07:19:36,888] {processor.py:652} INFO - DAG(s) dict_keys(['example_xcom_args', 'example_xcom_args_with_operators']) retrieved from /home/airflow/.local/lib/python3.7/site-packages/airflow/example_dags/example_xcomargs.py
[2022-05-11 07:19:36,917] {logging_mixin.py:109} INFO - [2022-05-11 07:19:36,917] {dag.py:2398} INFO - Sync 2 DAGs
[2022-05-11 07:19:36,931] {logging_mixin.py:109} INFO - [2022-05-11 07:19:36,930] {dag.py:2937} INFO - Setting next_dagrun for example_xcom_args to None
[2022-05-11 07:19:36,932] {logging_mixin.py:109} INFO - [2022-05-11 07:19:36,931] {dag.py:2937} INFO - Setting next_dagrun for example_xcom_args_with_operators to None
[2022-05-11 07:19:36,949] {processor.py:171} INFO - Processing /home/airflow/.local/lib/python3.7/site-packages/airflow/example_dags/example_xcomargs.py took 0.085 seconds
[2022-05-11 07:20:07,457] {processor.py:163} INFO - Started process (PID=32095) to work on /home/airflow/.local/lib/python3.7/site-packages/airflow/example_dags/example_xcomargs.py
[2022-05-11 07:20:07,459] {processor.py:642} INFO - Processing file /home/airflow/.local/lib/python3.7/site-packages/airflow/example_dags/example_xcomargs.py for tasks to queue
[2022-05-11 07:20:07,460] {logging_mixin.py:109} INFO - [2022-05-11 07:20:07,460] {dagbag.py:500} INFO - Filling up the DagBag from /home/airflow/.local/lib/python3.7/site-packages/airflow/example_dags/example_xcomargs.py
[2022-05-11 07:20:07,486] {processor.py:652} INFO - DAG(s) dict_keys(['example_xcom_args', 'example_xcom_args_with_operators']) retrieved from /home/airflow/.local/lib/python3.7/site-packages/airflow/example_dags/example_xcomargs.py
[2022-05-11 07:20:07,906] {logging_mixin.py:109} INFO - [2022-05-11 07:20:07,906] {dag.py:2398} INFO - Sync 2 DAGs
[2022-05-11 07:20:07,923] {logging_mixin.py:109} INFO - [2022-05-11 07:20:07,923] {dag.py:2937} INFO - Setting next_dagrun for example_xcom_args to None
[2022-05-11 07:20:07,924] {logging_mixin.py:109} INFO - [2022-05-11 07:20:07,924] {dag.py:2937} INFO - Setting next_dagrun for example_xcom_args_with_operators to None
[2022-05-11 07:20:07,943] {processor.py:171} INFO - Processing /home/airflow/.local/lib/python3.7/site-packages/airflow/example_dags/example_xcomargs.py took 0.492 seconds
[2022-05-11 07:20:38,324] {processor.py:163} INFO - Started process (PID=32158) to work on /home/airflow/.local/lib/python3.7/site-packages/airflow/example_dags/example_xcomargs.py
[2022-05-11 07:20:38,325] {processor.py:642} INFO - Processing file /home/airflow/.local/lib/python3.7/site-packages/airflow/example_dags/example_xcomargs.py for tasks to queue
[2022-05-11 07:20:38,326] {logging_mixin.py:109} INFO - [2022-05-11 07:20:38,326] {dagbag.py:500} INFO - Filling up the DagBag from /home/airflow/.local/lib/python3.7/site-packages/airflow/example_dags/example_xcomargs.py
[2022-05-11 07:20:38,345] {processor.py:652} INFO - DAG(s) dict_keys(['example_xcom_args', 'example_xcom_args_with_operators']) retrieved from /home/airflow/.local/lib/python3.7/site-packages/airflow/example_dags/example_xcomargs.py
[2022-05-11 07:20:38,623] {logging_mixin.py:109} INFO - [2022-05-11 07:20:38,623] {dag.py:2398} INFO - Sync 2 DAGs
[2022-05-11 07:20:38,635] {logging_mixin.py:109} INFO - [2022-05-11 07:20:38,635] {dag.py:2937} INFO - Setting next_dagrun for example_xcom_args to None
[2022-05-11 07:20:38,637] {logging_mixin.py:109} INFO - [2022-05-11 07:20:38,636] {dag.py:2937} INFO - Setting next_dagrun for example_xcom_args_with_operators to None
[2022-05-11 07:20:38,653] {processor.py:171} INFO - Processing /home/airflow/.local/lib/python3.7/site-packages/airflow/example_dags/example_xcomargs.py took 0.333 seconds
[2022-05-11 07:21:09,085] {processor.py:163} INFO - Started process (PID=32231) to work on /home/airflow/.local/lib/python3.7/site-packages/airflow/example_dags/example_xcomargs.py
[2022-05-11 07:21:09,087] {processor.py:642} INFO - Processing file /home/airflow/.local/lib/python3.7/site-packages/airflow/example_dags/example_xcomargs.py for tasks to queue
[2022-05-11 07:21:09,088] {logging_mixin.py:109} INFO - [2022-05-11 07:21:09,087] {dagbag.py:500} INFO - Filling up the DagBag from /home/airflow/.local/lib/python3.7/site-packages/airflow/example_dags/example_xcomargs.py
[2022-05-11 07:21:09,109] {processor.py:652} INFO - DAG(s) dict_keys(['example_xcom_args', 'example_xcom_args_with_operators']) retrieved from /home/airflow/.local/lib/python3.7/site-packages/airflow/example_dags/example_xcomargs.py
[2022-05-11 07:21:09,446] {logging_mixin.py:109} INFO - [2022-05-11 07:21:09,446] {dag.py:2398} INFO - Sync 2 DAGs
[2022-05-11 07:21:09,463] {logging_mixin.py:109} INFO - [2022-05-11 07:21:09,463] {dag.py:2937} INFO - Setting next_dagrun for example_xcom_args to None
[2022-05-11 07:21:09,465] {logging_mixin.py:109} INFO - [2022-05-11 07:21:09,464] {dag.py:2937} INFO - Setting next_dagrun for example_xcom_args_with_operators to None
[2022-05-11 07:21:09,482] {processor.py:171} INFO - Processing /home/airflow/.local/lib/python3.7/site-packages/airflow/example_dags/example_xcomargs.py took 0.400 seconds
[2022-05-11 07:21:40,323] {processor.py:163} INFO - Started process (PID=32302) to work on /home/airflow/.local/lib/python3.7/site-packages/airflow/example_dags/example_xcomargs.py
[2022-05-11 07:21:40,325] {processor.py:642} INFO - Processing file /home/airflow/.local/lib/python3.7/site-packages/airflow/example_dags/example_xcomargs.py for tasks to queue
[2022-05-11 07:21:40,326] {logging_mixin.py:109} INFO - [2022-05-11 07:21:40,326] {dagbag.py:500} INFO - Filling up the DagBag from /home/airflow/.local/lib/python3.7/site-packages/airflow/example_dags/example_xcomargs.py
[2022-05-11 07:21:40,355] {processor.py:652} INFO - DAG(s) dict_keys(['example_xcom_args', 'example_xcom_args_with_operators']) retrieved from /home/airflow/.local/lib/python3.7/site-packages/airflow/example_dags/example_xcomargs.py
[2022-05-11 07:21:40,638] {logging_mixin.py:109} INFO - [2022-05-11 07:21:40,638] {dag.py:2398} INFO - Sync 2 DAGs
[2022-05-11 07:21:40,649] {logging_mixin.py:109} INFO - [2022-05-11 07:21:40,649] {dag.py:2937} INFO - Setting next_dagrun for example_xcom_args to None
[2022-05-11 07:21:40,650] {logging_mixin.py:109} INFO - [2022-05-11 07:21:40,649] {dag.py:2937} INFO - Setting next_dagrun for example_xcom_args_with_operators to None
[2022-05-11 07:21:40,668] {processor.py:171} INFO - Processing /home/airflow/.local/lib/python3.7/site-packages/airflow/example_dags/example_xcomargs.py took 0.349 seconds
[2022-05-11 07:22:10,921] {processor.py:163} INFO - Started process (PID=32366) to work on /home/airflow/.local/lib/python3.7/site-packages/airflow/example_dags/example_xcomargs.py
[2022-05-11 07:22:10,922] {processor.py:642} INFO - Processing file /home/airflow/.local/lib/python3.7/site-packages/airflow/example_dags/example_xcomargs.py for tasks to queue
[2022-05-11 07:22:10,923] {logging_mixin.py:109} INFO - [2022-05-11 07:22:10,923] {dagbag.py:500} INFO - Filling up the DagBag from /home/airflow/.local/lib/python3.7/site-packages/airflow/example_dags/example_xcomargs.py
[2022-05-11 07:22:10,943] {processor.py:652} INFO - DAG(s) dict_keys(['example_xcom_args', 'example_xcom_args_with_operators']) retrieved from /home/airflow/.local/lib/python3.7/site-packages/airflow/example_dags/example_xcomargs.py
[2022-05-11 07:22:11,219] {logging_mixin.py:109} INFO - [2022-05-11 07:22:11,219] {dag.py:2398} INFO - Sync 2 DAGs
[2022-05-11 07:22:11,234] {logging_mixin.py:109} INFO - [2022-05-11 07:22:11,234] {dag.py:2937} INFO - Setting next_dagrun for example_xcom_args to None
[2022-05-11 07:22:11,235] {logging_mixin.py:109} INFO - [2022-05-11 07:22:11,235] {dag.py:2937} INFO - Setting next_dagrun for example_xcom_args_with_operators to None
[2022-05-11 07:22:11,252] {processor.py:171} INFO - Processing /home/airflow/.local/lib/python3.7/site-packages/airflow/example_dags/example_xcomargs.py took 0.335 seconds
[2022-05-11 07:22:41,861] {processor.py:163} INFO - Started process (PID=32437) to work on /home/airflow/.local/lib/python3.7/site-packages/airflow/example_dags/example_xcomargs.py
[2022-05-11 07:22:41,863] {processor.py:642} INFO - Processing file /home/airflow/.local/lib/python3.7/site-packages/airflow/example_dags/example_xcomargs.py for tasks to queue
[2022-05-11 07:22:41,863] {logging_mixin.py:109} INFO - [2022-05-11 07:22:41,863] {dagbag.py:500} INFO - Filling up the DagBag from /home/airflow/.local/lib/python3.7/site-packages/airflow/example_dags/example_xcomargs.py
[2022-05-11 07:22:41,885] {processor.py:652} INFO - DAG(s) dict_keys(['example_xcom_args', 'example_xcom_args_with_operators']) retrieved from /home/airflow/.local/lib/python3.7/site-packages/airflow/example_dags/example_xcomargs.py
[2022-05-11 07:22:42,193] {logging_mixin.py:109} INFO - [2022-05-11 07:22:42,193] {dag.py:2398} INFO - Sync 2 DAGs
[2022-05-11 07:22:42,207] {logging_mixin.py:109} INFO - [2022-05-11 07:22:42,207] {dag.py:2937} INFO - Setting next_dagrun for example_xcom_args to None
[2022-05-11 07:22:42,208] {logging_mixin.py:109} INFO - [2022-05-11 07:22:42,208] {dag.py:2937} INFO - Setting next_dagrun for example_xcom_args_with_operators to None
[2022-05-11 07:22:42,227] {processor.py:171} INFO - Processing /home/airflow/.local/lib/python3.7/site-packages/airflow/example_dags/example_xcomargs.py took 0.369 seconds
[2022-05-11 07:23:12,575] {processor.py:163} INFO - Started process (PID=32504) to work on /home/airflow/.local/lib/python3.7/site-packages/airflow/example_dags/example_xcomargs.py
[2022-05-11 07:23:12,576] {processor.py:642} INFO - Processing file /home/airflow/.local/lib/python3.7/site-packages/airflow/example_dags/example_xcomargs.py for tasks to queue
[2022-05-11 07:23:12,577] {logging_mixin.py:109} INFO - [2022-05-11 07:23:12,577] {dagbag.py:500} INFO - Filling up the DagBag from /home/airflow/.local/lib/python3.7/site-packages/airflow/example_dags/example_xcomargs.py
[2022-05-11 07:23:12,610] {processor.py:652} INFO - DAG(s) dict_keys(['example_xcom_args', 'example_xcom_args_with_operators']) retrieved from /home/airflow/.local/lib/python3.7/site-packages/airflow/example_dags/example_xcomargs.py
[2022-05-11 07:23:12,974] {logging_mixin.py:109} INFO - [2022-05-11 07:23:12,973] {dag.py:2398} INFO - Sync 2 DAGs
[2022-05-11 07:23:12,993] {logging_mixin.py:109} INFO - [2022-05-11 07:23:12,992] {dag.py:2937} INFO - Setting next_dagrun for example_xcom_args to None
[2022-05-11 07:23:12,993] {logging_mixin.py:109} INFO - [2022-05-11 07:23:12,993] {dag.py:2937} INFO - Setting next_dagrun for example_xcom_args_with_operators to None
[2022-05-11 07:23:13,011] {processor.py:171} INFO - Processing /home/airflow/.local/lib/python3.7/site-packages/airflow/example_dags/example_xcomargs.py took 0.440 seconds
[2022-05-11 07:23:43,936] {processor.py:163} INFO - Started process (PID=32577) to work on /home/airflow/.local/lib/python3.7/site-packages/airflow/example_dags/example_xcomargs.py
[2022-05-11 07:23:43,937] {processor.py:642} INFO - Processing file /home/airflow/.local/lib/python3.7/site-packages/airflow/example_dags/example_xcomargs.py for tasks to queue
[2022-05-11 07:23:43,938] {logging_mixin.py:109} INFO - [2022-05-11 07:23:43,938] {dagbag.py:500} INFO - Filling up the DagBag from /home/airflow/.local/lib/python3.7/site-packages/airflow/example_dags/example_xcomargs.py
[2022-05-11 07:23:43,964] {processor.py:652} INFO - DAG(s) dict_keys(['example_xcom_args', 'example_xcom_args_with_operators']) retrieved from /home/airflow/.local/lib/python3.7/site-packages/airflow/example_dags/example_xcomargs.py
[2022-05-11 07:23:44,373] {logging_mixin.py:109} INFO - [2022-05-11 07:23:44,373] {dag.py:2398} INFO - Sync 2 DAGs
[2022-05-11 07:23:44,392] {logging_mixin.py:109} INFO - [2022-05-11 07:23:44,392] {dag.py:2937} INFO - Setting next_dagrun for example_xcom_args to None
[2022-05-11 07:23:44,393] {logging_mixin.py:109} INFO - [2022-05-11 07:23:44,393] {dag.py:2937} INFO - Setting next_dagrun for example_xcom_args_with_operators to None
[2022-05-11 07:23:44,412] {processor.py:171} INFO - Processing /home/airflow/.local/lib/python3.7/site-packages/airflow/example_dags/example_xcomargs.py took 0.479 seconds
[2022-05-11 07:24:14,487] {processor.py:163} INFO - Started process (PID=32640) to work on /home/airflow/.local/lib/python3.7/site-packages/airflow/example_dags/example_xcomargs.py
[2022-05-11 07:24:14,488] {processor.py:642} INFO - Processing file /home/airflow/.local/lib/python3.7/site-packages/airflow/example_dags/example_xcomargs.py for tasks to queue
[2022-05-11 07:24:14,489] {logging_mixin.py:109} INFO - [2022-05-11 07:24:14,489] {dagbag.py:500} INFO - Filling up the DagBag from /home/airflow/.local/lib/python3.7/site-packages/airflow/example_dags/example_xcomargs.py
[2022-05-11 07:24:14,516] {processor.py:652} INFO - DAG(s) dict_keys(['example_xcom_args', 'example_xcom_args_with_operators']) retrieved from /home/airflow/.local/lib/python3.7/site-packages/airflow/example_dags/example_xcomargs.py
[2022-05-11 07:24:14,872] {logging_mixin.py:109} INFO - [2022-05-11 07:24:14,872] {dag.py:2398} INFO - Sync 2 DAGs
[2022-05-11 07:24:14,886] {logging_mixin.py:109} INFO - [2022-05-11 07:24:14,885] {dag.py:2937} INFO - Setting next_dagrun for example_xcom_args to None
[2022-05-11 07:24:14,887] {logging_mixin.py:109} INFO - [2022-05-11 07:24:14,887] {dag.py:2937} INFO - Setting next_dagrun for example_xcom_args_with_operators to None
[2022-05-11 07:24:14,908] {processor.py:171} INFO - Processing /home/airflow/.local/lib/python3.7/site-packages/airflow/example_dags/example_xcomargs.py took 0.425 seconds
[2022-05-11 07:24:45,314] {processor.py:163} INFO - Started process (PID=32714) to work on /home/airflow/.local/lib/python3.7/site-packages/airflow/example_dags/example_xcomargs.py
[2022-05-11 07:24:45,315] {processor.py:642} INFO - Processing file /home/airflow/.local/lib/python3.7/site-packages/airflow/example_dags/example_xcomargs.py for tasks to queue
[2022-05-11 07:24:45,316] {logging_mixin.py:109} INFO - [2022-05-11 07:24:45,316] {dagbag.py:500} INFO - Filling up the DagBag from /home/airflow/.local/lib/python3.7/site-packages/airflow/example_dags/example_xcomargs.py
[2022-05-11 07:24:45,347] {processor.py:652} INFO - DAG(s) dict_keys(['example_xcom_args', 'example_xcom_args_with_operators']) retrieved from /home/airflow/.local/lib/python3.7/site-packages/airflow/example_dags/example_xcomargs.py
[2022-05-11 07:24:45,722] {logging_mixin.py:109} INFO - [2022-05-11 07:24:45,722] {dag.py:2398} INFO - Sync 2 DAGs
[2022-05-11 07:24:45,736] {logging_mixin.py:109} INFO - [2022-05-11 07:24:45,736] {dag.py:2937} INFO - Setting next_dagrun for example_xcom_args to None
[2022-05-11 07:24:45,738] {logging_mixin.py:109} INFO - [2022-05-11 07:24:45,738] {dag.py:2937} INFO - Setting next_dagrun for example_xcom_args_with_operators to None
[2022-05-11 07:24:45,755] {processor.py:171} INFO - Processing /home/airflow/.local/lib/python3.7/site-packages/airflow/example_dags/example_xcomargs.py took 0.445 seconds
[2022-05-11 07:25:16,636] {processor.py:163} INFO - Started process (PID=310) to work on /home/airflow/.local/lib/python3.7/site-packages/airflow/example_dags/example_xcomargs.py
[2022-05-11 07:25:16,637] {processor.py:642} INFO - Processing file /home/airflow/.local/lib/python3.7/site-packages/airflow/example_dags/example_xcomargs.py for tasks to queue
[2022-05-11 07:25:16,639] {logging_mixin.py:109} INFO - [2022-05-11 07:25:16,639] {dagbag.py:500} INFO - Filling up the DagBag from /home/airflow/.local/lib/python3.7/site-packages/airflow/example_dags/example_xcomargs.py
[2022-05-11 07:25:16,662] {processor.py:652} INFO - DAG(s) dict_keys(['example_xcom_args', 'example_xcom_args_with_operators']) retrieved from /home/airflow/.local/lib/python3.7/site-packages/airflow/example_dags/example_xcomargs.py
[2022-05-11 07:25:16,970] {logging_mixin.py:109} INFO - [2022-05-11 07:25:16,970] {dag.py:2398} INFO - Sync 2 DAGs
[2022-05-11 07:25:16,982] {logging_mixin.py:109} INFO - [2022-05-11 07:25:16,982] {dag.py:2937} INFO - Setting next_dagrun for example_xcom_args to None
[2022-05-11 07:25:16,983] {logging_mixin.py:109} INFO - [2022-05-11 07:25:16,983] {dag.py:2937} INFO - Setting next_dagrun for example_xcom_args_with_operators to None
[2022-05-11 07:25:16,999] {processor.py:171} INFO - Processing /home/airflow/.local/lib/python3.7/site-packages/airflow/example_dags/example_xcomargs.py took 0.367 seconds
[2022-05-11 07:25:47,907] {processor.py:163} INFO - Started process (PID=382) to work on /home/airflow/.local/lib/python3.7/site-packages/airflow/example_dags/example_xcomargs.py
[2022-05-11 07:25:47,909] {processor.py:642} INFO - Processing file /home/airflow/.local/lib/python3.7/site-packages/airflow/example_dags/example_xcomargs.py for tasks to queue
[2022-05-11 07:25:47,909] {logging_mixin.py:109} INFO - [2022-05-11 07:25:47,909] {dagbag.py:500} INFO - Filling up the DagBag from /home/airflow/.local/lib/python3.7/site-packages/airflow/example_dags/example_xcomargs.py
[2022-05-11 07:25:47,930] {processor.py:652} INFO - DAG(s) dict_keys(['example_xcom_args', 'example_xcom_args_with_operators']) retrieved from /home/airflow/.local/lib/python3.7/site-packages/airflow/example_dags/example_xcomargs.py
[2022-05-11 07:25:48,217] {logging_mixin.py:109} INFO - [2022-05-11 07:25:48,217] {dag.py:2398} INFO - Sync 2 DAGs
[2022-05-11 07:25:48,229] {logging_mixin.py:109} INFO - [2022-05-11 07:25:48,229] {dag.py:2937} INFO - Setting next_dagrun for example_xcom_args to None
[2022-05-11 07:25:48,230] {logging_mixin.py:109} INFO - [2022-05-11 07:25:48,230] {dag.py:2937} INFO - Setting next_dagrun for example_xcom_args_with_operators to None
[2022-05-11 07:25:48,243] {processor.py:171} INFO - Processing /home/airflow/.local/lib/python3.7/site-packages/airflow/example_dags/example_xcomargs.py took 0.339 seconds
[2022-05-11 07:26:18,334] {processor.py:163} INFO - Started process (PID=446) to work on /home/airflow/.local/lib/python3.7/site-packages/airflow/example_dags/example_xcomargs.py
[2022-05-11 07:26:18,335] {processor.py:642} INFO - Processing file /home/airflow/.local/lib/python3.7/site-packages/airflow/example_dags/example_xcomargs.py for tasks to queue
[2022-05-11 07:26:18,336] {logging_mixin.py:109} INFO - [2022-05-11 07:26:18,336] {dagbag.py:500} INFO - Filling up the DagBag from /home/airflow/.local/lib/python3.7/site-packages/airflow/example_dags/example_xcomargs.py
[2022-05-11 07:26:18,354] {processor.py:652} INFO - DAG(s) dict_keys(['example_xcom_args', 'example_xcom_args_with_operators']) retrieved from /home/airflow/.local/lib/python3.7/site-packages/airflow/example_dags/example_xcomargs.py
[2022-05-11 07:26:18,624] {logging_mixin.py:109} INFO - [2022-05-11 07:26:18,624] {dag.py:2398} INFO - Sync 2 DAGs
[2022-05-11 07:26:18,634] {logging_mixin.py:109} INFO - [2022-05-11 07:26:18,634] {dag.py:2937} INFO - Setting next_dagrun for example_xcom_args to None
[2022-05-11 07:26:18,635] {logging_mixin.py:109} INFO - [2022-05-11 07:26:18,635] {dag.py:2937} INFO - Setting next_dagrun for example_xcom_args_with_operators to None
[2022-05-11 07:26:18,649] {processor.py:171} INFO - Processing /home/airflow/.local/lib/python3.7/site-packages/airflow/example_dags/example_xcomargs.py took 0.317 seconds
[2022-05-11 07:26:49,162] {processor.py:163} INFO - Started process (PID=521) to work on /home/airflow/.local/lib/python3.7/site-packages/airflow/example_dags/example_xcomargs.py
[2022-05-11 07:26:49,164] {processor.py:642} INFO - Processing file /home/airflow/.local/lib/python3.7/site-packages/airflow/example_dags/example_xcomargs.py for tasks to queue
[2022-05-11 07:26:49,165] {logging_mixin.py:109} INFO - [2022-05-11 07:26:49,165] {dagbag.py:500} INFO - Filling up the DagBag from /home/airflow/.local/lib/python3.7/site-packages/airflow/example_dags/example_xcomargs.py
[2022-05-11 07:26:49,187] {processor.py:652} INFO - DAG(s) dict_keys(['example_xcom_args', 'example_xcom_args_with_operators']) retrieved from /home/airflow/.local/lib/python3.7/site-packages/airflow/example_dags/example_xcomargs.py
[2022-05-11 07:26:49,467] {logging_mixin.py:109} INFO - [2022-05-11 07:26:49,467] {dag.py:2398} INFO - Sync 2 DAGs
[2022-05-11 07:26:49,478] {logging_mixin.py:109} INFO - [2022-05-11 07:26:49,478] {dag.py:2937} INFO - Setting next_dagrun for example_xcom_args to None
[2022-05-11 07:26:49,479] {logging_mixin.py:109} INFO - [2022-05-11 07:26:49,479] {dag.py:2937} INFO - Setting next_dagrun for example_xcom_args_with_operators to None
[2022-05-11 07:26:49,492] {processor.py:171} INFO - Processing /home/airflow/.local/lib/python3.7/site-packages/airflow/example_dags/example_xcomargs.py took 0.333 seconds
[2022-05-11 07:27:19,915] {processor.py:163} INFO - Started process (PID=594) to work on /home/airflow/.local/lib/python3.7/site-packages/airflow/example_dags/example_xcomargs.py
[2022-05-11 07:27:19,917] {processor.py:642} INFO - Processing file /home/airflow/.local/lib/python3.7/site-packages/airflow/example_dags/example_xcomargs.py for tasks to queue
[2022-05-11 07:27:19,918] {logging_mixin.py:109} INFO - [2022-05-11 07:27:19,918] {dagbag.py:500} INFO - Filling up the DagBag from /home/airflow/.local/lib/python3.7/site-packages/airflow/example_dags/example_xcomargs.py
[2022-05-11 07:27:19,941] {processor.py:652} INFO - DAG(s) dict_keys(['example_xcom_args', 'example_xcom_args_with_operators']) retrieved from /home/airflow/.local/lib/python3.7/site-packages/airflow/example_dags/example_xcomargs.py
[2022-05-11 07:27:20,216] {logging_mixin.py:109} INFO - [2022-05-11 07:27:20,216] {dag.py:2398} INFO - Sync 2 DAGs
[2022-05-11 07:27:20,228] {logging_mixin.py:109} INFO - [2022-05-11 07:27:20,228] {dag.py:2937} INFO - Setting next_dagrun for example_xcom_args to None
[2022-05-11 07:27:20,228] {logging_mixin.py:109} INFO - [2022-05-11 07:27:20,228] {dag.py:2937} INFO - Setting next_dagrun for example_xcom_args_with_operators to None
[2022-05-11 07:27:20,240] {processor.py:171} INFO - Processing /home/airflow/.local/lib/python3.7/site-packages/airflow/example_dags/example_xcomargs.py took 0.328 seconds
