[2022-05-11 06:56:02,571] {processor.py:163} INFO - Started process (PID=28868) to work on /home/airflow/.local/lib/python3.7/site-packages/airflow/example_dags/example_branch_datetime_operator.py
[2022-05-11 06:56:02,580] {processor.py:642} INFO - Processing file /home/airflow/.local/lib/python3.7/site-packages/airflow/example_dags/example_branch_datetime_operator.py for tasks to queue
[2022-05-11 06:56:02,582] {logging_mixin.py:109} INFO - [2022-05-11 06:56:02,582] {dagbag.py:500} INFO - Filling up the DagBag from /home/airflow/.local/lib/python3.7/site-packages/airflow/example_dags/example_branch_datetime_operator.py
[2022-05-11 06:56:02,615] {processor.py:652} INFO - DAG(s) dict_keys(['example_branch_datetime_operator_2']) retrieved from /home/airflow/.local/lib/python3.7/site-packages/airflow/example_dags/example_branch_datetime_operator.py
[2022-05-11 06:56:02,687] {logging_mixin.py:109} INFO - [2022-05-11 06:56:02,687] {dag.py:2398} INFO - Sync 1 DAGs
[2022-05-11 06:56:02,733] {logging_mixin.py:109} INFO - [2022-05-11 06:56:02,732] {dag.py:2937} INFO - Setting next_dagrun for example_branch_datetime_operator_2 to 2022-05-10 00:00:00+00:00
[2022-05-11 06:56:02,759] {processor.py:171} INFO - Processing /home/airflow/.local/lib/python3.7/site-packages/airflow/example_dags/example_branch_datetime_operator.py took 0.192 seconds
[2022-05-11 06:56:33,386] {processor.py:163} INFO - Started process (PID=28942) to work on /home/airflow/.local/lib/python3.7/site-packages/airflow/example_dags/example_branch_datetime_operator.py
[2022-05-11 06:56:33,388] {processor.py:642} INFO - Processing file /home/airflow/.local/lib/python3.7/site-packages/airflow/example_dags/example_branch_datetime_operator.py for tasks to queue
[2022-05-11 06:56:33,388] {logging_mixin.py:109} INFO - [2022-05-11 06:56:33,388] {dagbag.py:500} INFO - Filling up the DagBag from /home/airflow/.local/lib/python3.7/site-packages/airflow/example_dags/example_branch_datetime_operator.py
[2022-05-11 06:56:33,405] {processor.py:652} INFO - DAG(s) dict_keys(['example_branch_datetime_operator_2']) retrieved from /home/airflow/.local/lib/python3.7/site-packages/airflow/example_dags/example_branch_datetime_operator.py
[2022-05-11 06:56:33,424] {logging_mixin.py:109} INFO - [2022-05-11 06:56:33,424] {dag.py:2398} INFO - Sync 1 DAGs
[2022-05-11 06:56:33,442] {logging_mixin.py:109} INFO - [2022-05-11 06:56:33,442] {dag.py:2937} INFO - Setting next_dagrun for example_branch_datetime_operator_2 to 2022-05-10 00:00:00+00:00
[2022-05-11 06:56:33,458] {processor.py:171} INFO - Processing /home/airflow/.local/lib/python3.7/site-packages/airflow/example_dags/example_branch_datetime_operator.py took 0.075 seconds
[2022-05-11 06:57:04,900] {processor.py:163} INFO - Started process (PID=29005) to work on /home/airflow/.local/lib/python3.7/site-packages/airflow/example_dags/example_branch_datetime_operator.py
[2022-05-11 06:57:04,902] {processor.py:642} INFO - Processing file /home/airflow/.local/lib/python3.7/site-packages/airflow/example_dags/example_branch_datetime_operator.py for tasks to queue
[2022-05-11 06:57:04,902] {logging_mixin.py:109} INFO - [2022-05-11 06:57:04,902] {dagbag.py:500} INFO - Filling up the DagBag from /home/airflow/.local/lib/python3.7/site-packages/airflow/example_dags/example_branch_datetime_operator.py
[2022-05-11 06:57:04,917] {processor.py:652} INFO - DAG(s) dict_keys(['example_branch_datetime_operator_2']) retrieved from /home/airflow/.local/lib/python3.7/site-packages/airflow/example_dags/example_branch_datetime_operator.py
[2022-05-11 06:57:04,938] {logging_mixin.py:109} INFO - [2022-05-11 06:57:04,938] {dag.py:2398} INFO - Sync 1 DAGs
[2022-05-11 06:57:04,954] {logging_mixin.py:109} INFO - [2022-05-11 06:57:04,954] {dag.py:2937} INFO - Setting next_dagrun for example_branch_datetime_operator_2 to 2022-05-10 00:00:00+00:00
[2022-05-11 06:57:04,968] {processor.py:171} INFO - Processing /home/airflow/.local/lib/python3.7/site-packages/airflow/example_dags/example_branch_datetime_operator.py took 0.073 seconds
[2022-05-11 06:57:35,030] {processor.py:163} INFO - Started process (PID=29078) to work on /home/airflow/.local/lib/python3.7/site-packages/airflow/example_dags/example_branch_datetime_operator.py
[2022-05-11 06:57:35,033] {processor.py:642} INFO - Processing file /home/airflow/.local/lib/python3.7/site-packages/airflow/example_dags/example_branch_datetime_operator.py for tasks to queue
[2022-05-11 06:57:35,034] {logging_mixin.py:109} INFO - [2022-05-11 06:57:35,034] {dagbag.py:500} INFO - Filling up the DagBag from /home/airflow/.local/lib/python3.7/site-packages/airflow/example_dags/example_branch_datetime_operator.py
[2022-05-11 06:57:35,052] {processor.py:652} INFO - DAG(s) dict_keys(['example_branch_datetime_operator_2']) retrieved from /home/airflow/.local/lib/python3.7/site-packages/airflow/example_dags/example_branch_datetime_operator.py
[2022-05-11 06:57:35,076] {logging_mixin.py:109} INFO - [2022-05-11 06:57:35,076] {dag.py:2398} INFO - Sync 1 DAGs
[2022-05-11 06:57:35,096] {logging_mixin.py:109} INFO - [2022-05-11 06:57:35,096] {dag.py:2937} INFO - Setting next_dagrun for example_branch_datetime_operator_2 to 2022-05-10 00:00:00+00:00
[2022-05-11 06:57:35,111] {processor.py:171} INFO - Processing /home/airflow/.local/lib/python3.7/site-packages/airflow/example_dags/example_branch_datetime_operator.py took 0.085 seconds
[2022-05-11 06:58:05,253] {processor.py:163} INFO - Started process (PID=29141) to work on /home/airflow/.local/lib/python3.7/site-packages/airflow/example_dags/example_branch_datetime_operator.py
[2022-05-11 06:58:05,255] {processor.py:642} INFO - Processing file /home/airflow/.local/lib/python3.7/site-packages/airflow/example_dags/example_branch_datetime_operator.py for tasks to queue
[2022-05-11 06:58:05,256] {logging_mixin.py:109} INFO - [2022-05-11 06:58:05,256] {dagbag.py:500} INFO - Filling up the DagBag from /home/airflow/.local/lib/python3.7/site-packages/airflow/example_dags/example_branch_datetime_operator.py
[2022-05-11 06:58:05,271] {processor.py:652} INFO - DAG(s) dict_keys(['example_branch_datetime_operator_2']) retrieved from /home/airflow/.local/lib/python3.7/site-packages/airflow/example_dags/example_branch_datetime_operator.py
[2022-05-11 06:58:05,291] {logging_mixin.py:109} INFO - [2022-05-11 06:58:05,290] {dag.py:2398} INFO - Sync 1 DAGs
[2022-05-11 06:58:05,305] {logging_mixin.py:109} INFO - [2022-05-11 06:58:05,305] {dag.py:2937} INFO - Setting next_dagrun for example_branch_datetime_operator_2 to 2022-05-10 00:00:00+00:00
[2022-05-11 06:58:05,322] {processor.py:171} INFO - Processing /home/airflow/.local/lib/python3.7/site-packages/airflow/example_dags/example_branch_datetime_operator.py took 0.072 seconds
[2022-05-11 06:58:35,886] {processor.py:163} INFO - Started process (PID=29214) to work on /home/airflow/.local/lib/python3.7/site-packages/airflow/example_dags/example_branch_datetime_operator.py
[2022-05-11 06:58:35,888] {processor.py:642} INFO - Processing file /home/airflow/.local/lib/python3.7/site-packages/airflow/example_dags/example_branch_datetime_operator.py for tasks to queue
[2022-05-11 06:58:35,889] {logging_mixin.py:109} INFO - [2022-05-11 06:58:35,889] {dagbag.py:500} INFO - Filling up the DagBag from /home/airflow/.local/lib/python3.7/site-packages/airflow/example_dags/example_branch_datetime_operator.py
[2022-05-11 06:58:35,905] {processor.py:652} INFO - DAG(s) dict_keys(['example_branch_datetime_operator_2']) retrieved from /home/airflow/.local/lib/python3.7/site-packages/airflow/example_dags/example_branch_datetime_operator.py
[2022-05-11 06:58:35,927] {logging_mixin.py:109} INFO - [2022-05-11 06:58:35,927] {dag.py:2398} INFO - Sync 1 DAGs
[2022-05-11 06:58:35,943] {logging_mixin.py:109} INFO - [2022-05-11 06:58:35,943] {dag.py:2937} INFO - Setting next_dagrun for example_branch_datetime_operator_2 to 2022-05-10 00:00:00+00:00
[2022-05-11 06:58:35,957] {processor.py:171} INFO - Processing /home/airflow/.local/lib/python3.7/site-packages/airflow/example_dags/example_branch_datetime_operator.py took 0.074 seconds
[2022-05-11 06:59:06,321] {processor.py:163} INFO - Started process (PID=29276) to work on /home/airflow/.local/lib/python3.7/site-packages/airflow/example_dags/example_branch_datetime_operator.py
[2022-05-11 06:59:06,322] {processor.py:642} INFO - Processing file /home/airflow/.local/lib/python3.7/site-packages/airflow/example_dags/example_branch_datetime_operator.py for tasks to queue
[2022-05-11 06:59:06,323] {logging_mixin.py:109} INFO - [2022-05-11 06:59:06,323] {dagbag.py:500} INFO - Filling up the DagBag from /home/airflow/.local/lib/python3.7/site-packages/airflow/example_dags/example_branch_datetime_operator.py
[2022-05-11 06:59:06,337] {processor.py:652} INFO - DAG(s) dict_keys(['example_branch_datetime_operator_2']) retrieved from /home/airflow/.local/lib/python3.7/site-packages/airflow/example_dags/example_branch_datetime_operator.py
[2022-05-11 06:59:06,361] {logging_mixin.py:109} INFO - [2022-05-11 06:59:06,360] {dag.py:2398} INFO - Sync 1 DAGs
[2022-05-11 06:59:06,378] {logging_mixin.py:109} INFO - [2022-05-11 06:59:06,378] {dag.py:2937} INFO - Setting next_dagrun for example_branch_datetime_operator_2 to 2022-05-10 00:00:00+00:00
[2022-05-11 06:59:06,395] {processor.py:171} INFO - Processing /home/airflow/.local/lib/python3.7/site-packages/airflow/example_dags/example_branch_datetime_operator.py took 0.077 seconds
[2022-05-11 06:59:37,002] {processor.py:163} INFO - Started process (PID=29349) to work on /home/airflow/.local/lib/python3.7/site-packages/airflow/example_dags/example_branch_datetime_operator.py
[2022-05-11 06:59:37,004] {processor.py:642} INFO - Processing file /home/airflow/.local/lib/python3.7/site-packages/airflow/example_dags/example_branch_datetime_operator.py for tasks to queue
[2022-05-11 06:59:37,005] {logging_mixin.py:109} INFO - [2022-05-11 06:59:37,005] {dagbag.py:500} INFO - Filling up the DagBag from /home/airflow/.local/lib/python3.7/site-packages/airflow/example_dags/example_branch_datetime_operator.py
[2022-05-11 06:59:37,019] {processor.py:652} INFO - DAG(s) dict_keys(['example_branch_datetime_operator_2']) retrieved from /home/airflow/.local/lib/python3.7/site-packages/airflow/example_dags/example_branch_datetime_operator.py
[2022-05-11 06:59:37,043] {logging_mixin.py:109} INFO - [2022-05-11 06:59:37,043] {dag.py:2398} INFO - Sync 1 DAGs
[2022-05-11 06:59:37,061] {logging_mixin.py:109} INFO - [2022-05-11 06:59:37,061] {dag.py:2937} INFO - Setting next_dagrun for example_branch_datetime_operator_2 to 2022-05-10 00:00:00+00:00
[2022-05-11 06:59:37,075] {processor.py:171} INFO - Processing /home/airflow/.local/lib/python3.7/site-packages/airflow/example_dags/example_branch_datetime_operator.py took 0.076 seconds
[2022-05-11 07:00:07,852] {processor.py:163} INFO - Started process (PID=29413) to work on /home/airflow/.local/lib/python3.7/site-packages/airflow/example_dags/example_branch_datetime_operator.py
[2022-05-11 07:00:07,854] {processor.py:642} INFO - Processing file /home/airflow/.local/lib/python3.7/site-packages/airflow/example_dags/example_branch_datetime_operator.py for tasks to queue
[2022-05-11 07:00:07,855] {logging_mixin.py:109} INFO - [2022-05-11 07:00:07,855] {dagbag.py:500} INFO - Filling up the DagBag from /home/airflow/.local/lib/python3.7/site-packages/airflow/example_dags/example_branch_datetime_operator.py
[2022-05-11 07:00:07,869] {processor.py:652} INFO - DAG(s) dict_keys(['example_branch_datetime_operator_2']) retrieved from /home/airflow/.local/lib/python3.7/site-packages/airflow/example_dags/example_branch_datetime_operator.py
[2022-05-11 07:00:07,891] {logging_mixin.py:109} INFO - [2022-05-11 07:00:07,891] {dag.py:2398} INFO - Sync 1 DAGs
[2022-05-11 07:00:07,912] {logging_mixin.py:109} INFO - [2022-05-11 07:00:07,912] {dag.py:2937} INFO - Setting next_dagrun for example_branch_datetime_operator_2 to 2022-05-10 00:00:00+00:00
[2022-05-11 07:00:07,927] {processor.py:171} INFO - Processing /home/airflow/.local/lib/python3.7/site-packages/airflow/example_dags/example_branch_datetime_operator.py took 0.078 seconds
[2022-05-11 07:00:38,295] {processor.py:163} INFO - Started process (PID=29487) to work on /home/airflow/.local/lib/python3.7/site-packages/airflow/example_dags/example_branch_datetime_operator.py
[2022-05-11 07:00:38,297] {processor.py:642} INFO - Processing file /home/airflow/.local/lib/python3.7/site-packages/airflow/example_dags/example_branch_datetime_operator.py for tasks to queue
[2022-05-11 07:00:38,298] {logging_mixin.py:109} INFO - [2022-05-11 07:00:38,298] {dagbag.py:500} INFO - Filling up the DagBag from /home/airflow/.local/lib/python3.7/site-packages/airflow/example_dags/example_branch_datetime_operator.py
[2022-05-11 07:00:38,315] {processor.py:652} INFO - DAG(s) dict_keys(['example_branch_datetime_operator_2']) retrieved from /home/airflow/.local/lib/python3.7/site-packages/airflow/example_dags/example_branch_datetime_operator.py
[2022-05-11 07:00:38,339] {logging_mixin.py:109} INFO - [2022-05-11 07:00:38,338] {dag.py:2398} INFO - Sync 1 DAGs
[2022-05-11 07:00:38,357] {logging_mixin.py:109} INFO - [2022-05-11 07:00:38,356] {dag.py:2937} INFO - Setting next_dagrun for example_branch_datetime_operator_2 to 2022-05-10 00:00:00+00:00
[2022-05-11 07:00:38,372] {processor.py:171} INFO - Processing /home/airflow/.local/lib/python3.7/site-packages/airflow/example_dags/example_branch_datetime_operator.py took 0.080 seconds
[2022-05-11 07:01:08,747] {processor.py:163} INFO - Started process (PID=29550) to work on /home/airflow/.local/lib/python3.7/site-packages/airflow/example_dags/example_branch_datetime_operator.py
[2022-05-11 07:01:08,749] {processor.py:642} INFO - Processing file /home/airflow/.local/lib/python3.7/site-packages/airflow/example_dags/example_branch_datetime_operator.py for tasks to queue
[2022-05-11 07:01:08,750] {logging_mixin.py:109} INFO - [2022-05-11 07:01:08,750] {dagbag.py:500} INFO - Filling up the DagBag from /home/airflow/.local/lib/python3.7/site-packages/airflow/example_dags/example_branch_datetime_operator.py
[2022-05-11 07:01:08,766] {processor.py:652} INFO - DAG(s) dict_keys(['example_branch_datetime_operator_2']) retrieved from /home/airflow/.local/lib/python3.7/site-packages/airflow/example_dags/example_branch_datetime_operator.py
[2022-05-11 07:01:08,788] {logging_mixin.py:109} INFO - [2022-05-11 07:01:08,788] {dag.py:2398} INFO - Sync 1 DAGs
[2022-05-11 07:01:08,804] {logging_mixin.py:109} INFO - [2022-05-11 07:01:08,804] {dag.py:2937} INFO - Setting next_dagrun for example_branch_datetime_operator_2 to 2022-05-10 00:00:00+00:00
[2022-05-11 07:01:08,819] {processor.py:171} INFO - Processing /home/airflow/.local/lib/python3.7/site-packages/airflow/example_dags/example_branch_datetime_operator.py took 0.074 seconds
[2022-05-11 07:01:38,974] {processor.py:163} INFO - Started process (PID=29622) to work on /home/airflow/.local/lib/python3.7/site-packages/airflow/example_dags/example_branch_datetime_operator.py
[2022-05-11 07:01:38,976] {processor.py:642} INFO - Processing file /home/airflow/.local/lib/python3.7/site-packages/airflow/example_dags/example_branch_datetime_operator.py for tasks to queue
[2022-05-11 07:01:38,977] {logging_mixin.py:109} INFO - [2022-05-11 07:01:38,977] {dagbag.py:500} INFO - Filling up the DagBag from /home/airflow/.local/lib/python3.7/site-packages/airflow/example_dags/example_branch_datetime_operator.py
[2022-05-11 07:01:38,990] {processor.py:652} INFO - DAG(s) dict_keys(['example_branch_datetime_operator_2']) retrieved from /home/airflow/.local/lib/python3.7/site-packages/airflow/example_dags/example_branch_datetime_operator.py
[2022-05-11 07:01:39,011] {logging_mixin.py:109} INFO - [2022-05-11 07:01:39,011] {dag.py:2398} INFO - Sync 1 DAGs
[2022-05-11 07:01:39,027] {logging_mixin.py:109} INFO - [2022-05-11 07:01:39,027] {dag.py:2937} INFO - Setting next_dagrun for example_branch_datetime_operator_2 to 2022-05-10 00:00:00+00:00
[2022-05-11 07:01:39,043] {processor.py:171} INFO - Processing /home/airflow/.local/lib/python3.7/site-packages/airflow/example_dags/example_branch_datetime_operator.py took 0.073 seconds
[2022-05-11 07:02:09,648] {processor.py:163} INFO - Started process (PID=29696) to work on /home/airflow/.local/lib/python3.7/site-packages/airflow/example_dags/example_branch_datetime_operator.py
[2022-05-11 07:02:09,649] {processor.py:642} INFO - Processing file /home/airflow/.local/lib/python3.7/site-packages/airflow/example_dags/example_branch_datetime_operator.py for tasks to queue
[2022-05-11 07:02:09,651] {logging_mixin.py:109} INFO - [2022-05-11 07:02:09,650] {dagbag.py:500} INFO - Filling up the DagBag from /home/airflow/.local/lib/python3.7/site-packages/airflow/example_dags/example_branch_datetime_operator.py
[2022-05-11 07:02:09,669] {processor.py:652} INFO - DAG(s) dict_keys(['example_branch_datetime_operator_2']) retrieved from /home/airflow/.local/lib/python3.7/site-packages/airflow/example_dags/example_branch_datetime_operator.py
[2022-05-11 07:02:09,693] {logging_mixin.py:109} INFO - [2022-05-11 07:02:09,693] {dag.py:2398} INFO - Sync 1 DAGs
[2022-05-11 07:02:09,712] {logging_mixin.py:109} INFO - [2022-05-11 07:02:09,712] {dag.py:2937} INFO - Setting next_dagrun for example_branch_datetime_operator_2 to 2022-05-10 00:00:00+00:00
[2022-05-11 07:02:09,735] {processor.py:171} INFO - Processing /home/airflow/.local/lib/python3.7/site-packages/airflow/example_dags/example_branch_datetime_operator.py took 0.090 seconds
[2022-05-11 07:02:40,267] {processor.py:163} INFO - Started process (PID=29760) to work on /home/airflow/.local/lib/python3.7/site-packages/airflow/example_dags/example_branch_datetime_operator.py
[2022-05-11 07:02:40,268] {processor.py:642} INFO - Processing file /home/airflow/.local/lib/python3.7/site-packages/airflow/example_dags/example_branch_datetime_operator.py for tasks to queue
[2022-05-11 07:02:40,269] {logging_mixin.py:109} INFO - [2022-05-11 07:02:40,269] {dagbag.py:500} INFO - Filling up the DagBag from /home/airflow/.local/lib/python3.7/site-packages/airflow/example_dags/example_branch_datetime_operator.py
[2022-05-11 07:02:40,285] {processor.py:652} INFO - DAG(s) dict_keys(['example_branch_datetime_operator_2']) retrieved from /home/airflow/.local/lib/python3.7/site-packages/airflow/example_dags/example_branch_datetime_operator.py
[2022-05-11 07:02:40,308] {logging_mixin.py:109} INFO - [2022-05-11 07:02:40,308] {dag.py:2398} INFO - Sync 1 DAGs
[2022-05-11 07:02:40,324] {logging_mixin.py:109} INFO - [2022-05-11 07:02:40,324] {dag.py:2937} INFO - Setting next_dagrun for example_branch_datetime_operator_2 to 2022-05-10 00:00:00+00:00
[2022-05-11 07:02:40,340] {processor.py:171} INFO - Processing /home/airflow/.local/lib/python3.7/site-packages/airflow/example_dags/example_branch_datetime_operator.py took 0.076 seconds
[2022-05-11 07:03:10,781] {processor.py:163} INFO - Started process (PID=29832) to work on /home/airflow/.local/lib/python3.7/site-packages/airflow/example_dags/example_branch_datetime_operator.py
[2022-05-11 07:03:10,783] {processor.py:642} INFO - Processing file /home/airflow/.local/lib/python3.7/site-packages/airflow/example_dags/example_branch_datetime_operator.py for tasks to queue
[2022-05-11 07:03:10,784] {logging_mixin.py:109} INFO - [2022-05-11 07:03:10,784] {dagbag.py:500} INFO - Filling up the DagBag from /home/airflow/.local/lib/python3.7/site-packages/airflow/example_dags/example_branch_datetime_operator.py
[2022-05-11 07:03:10,806] {processor.py:652} INFO - DAG(s) dict_keys(['example_branch_datetime_operator_2']) retrieved from /home/airflow/.local/lib/python3.7/site-packages/airflow/example_dags/example_branch_datetime_operator.py
[2022-05-11 07:03:10,826] {logging_mixin.py:109} INFO - [2022-05-11 07:03:10,826] {dag.py:2398} INFO - Sync 1 DAGs
[2022-05-11 07:03:10,841] {logging_mixin.py:109} INFO - [2022-05-11 07:03:10,841] {dag.py:2937} INFO - Setting next_dagrun for example_branch_datetime_operator_2 to 2022-05-10 00:00:00+00:00
[2022-05-11 07:03:10,856] {processor.py:171} INFO - Processing /home/airflow/.local/lib/python3.7/site-packages/airflow/example_dags/example_branch_datetime_operator.py took 0.078 seconds
[2022-05-11 07:03:41,561] {processor.py:163} INFO - Started process (PID=29894) to work on /home/airflow/.local/lib/python3.7/site-packages/airflow/example_dags/example_branch_datetime_operator.py
[2022-05-11 07:03:41,563] {processor.py:642} INFO - Processing file /home/airflow/.local/lib/python3.7/site-packages/airflow/example_dags/example_branch_datetime_operator.py for tasks to queue
[2022-05-11 07:03:41,564] {logging_mixin.py:109} INFO - [2022-05-11 07:03:41,564] {dagbag.py:500} INFO - Filling up the DagBag from /home/airflow/.local/lib/python3.7/site-packages/airflow/example_dags/example_branch_datetime_operator.py
[2022-05-11 07:03:41,580] {processor.py:652} INFO - DAG(s) dict_keys(['example_branch_datetime_operator_2']) retrieved from /home/airflow/.local/lib/python3.7/site-packages/airflow/example_dags/example_branch_datetime_operator.py
[2022-05-11 07:03:41,605] {logging_mixin.py:109} INFO - [2022-05-11 07:03:41,604] {dag.py:2398} INFO - Sync 1 DAGs
[2022-05-11 07:03:41,627] {logging_mixin.py:109} INFO - [2022-05-11 07:03:41,627] {dag.py:2937} INFO - Setting next_dagrun for example_branch_datetime_operator_2 to 2022-05-10 00:00:00+00:00
[2022-05-11 07:03:41,640] {processor.py:171} INFO - Processing /home/airflow/.local/lib/python3.7/site-packages/airflow/example_dags/example_branch_datetime_operator.py took 0.082 seconds
[2022-05-11 07:04:12,190] {processor.py:163} INFO - Started process (PID=29967) to work on /home/airflow/.local/lib/python3.7/site-packages/airflow/example_dags/example_branch_datetime_operator.py
[2022-05-11 07:04:12,192] {processor.py:642} INFO - Processing file /home/airflow/.local/lib/python3.7/site-packages/airflow/example_dags/example_branch_datetime_operator.py for tasks to queue
[2022-05-11 07:04:12,193] {logging_mixin.py:109} INFO - [2022-05-11 07:04:12,193] {dagbag.py:500} INFO - Filling up the DagBag from /home/airflow/.local/lib/python3.7/site-packages/airflow/example_dags/example_branch_datetime_operator.py
[2022-05-11 07:04:12,211] {processor.py:652} INFO - DAG(s) dict_keys(['example_branch_datetime_operator_2']) retrieved from /home/airflow/.local/lib/python3.7/site-packages/airflow/example_dags/example_branch_datetime_operator.py
[2022-05-11 07:04:12,234] {logging_mixin.py:109} INFO - [2022-05-11 07:04:12,234] {dag.py:2398} INFO - Sync 1 DAGs
[2022-05-11 07:04:12,249] {logging_mixin.py:109} INFO - [2022-05-11 07:04:12,249] {dag.py:2937} INFO - Setting next_dagrun for example_branch_datetime_operator_2 to 2022-05-10 00:00:00+00:00
[2022-05-11 07:04:12,262] {processor.py:171} INFO - Processing /home/airflow/.local/lib/python3.7/site-packages/airflow/example_dags/example_branch_datetime_operator.py took 0.076 seconds
[2022-05-11 07:04:42,683] {processor.py:163} INFO - Started process (PID=30030) to work on /home/airflow/.local/lib/python3.7/site-packages/airflow/example_dags/example_branch_datetime_operator.py
[2022-05-11 07:04:42,684] {processor.py:642} INFO - Processing file /home/airflow/.local/lib/python3.7/site-packages/airflow/example_dags/example_branch_datetime_operator.py for tasks to queue
[2022-05-11 07:04:42,685] {logging_mixin.py:109} INFO - [2022-05-11 07:04:42,685] {dagbag.py:500} INFO - Filling up the DagBag from /home/airflow/.local/lib/python3.7/site-packages/airflow/example_dags/example_branch_datetime_operator.py
[2022-05-11 07:04:42,701] {processor.py:652} INFO - DAG(s) dict_keys(['example_branch_datetime_operator_2']) retrieved from /home/airflow/.local/lib/python3.7/site-packages/airflow/example_dags/example_branch_datetime_operator.py
[2022-05-11 07:04:42,720] {logging_mixin.py:109} INFO - [2022-05-11 07:04:42,720] {dag.py:2398} INFO - Sync 1 DAGs
[2022-05-11 07:04:42,740] {logging_mixin.py:109} INFO - [2022-05-11 07:04:42,740] {dag.py:2937} INFO - Setting next_dagrun for example_branch_datetime_operator_2 to 2022-05-10 00:00:00+00:00
[2022-05-11 07:04:42,752] {processor.py:171} INFO - Processing /home/airflow/.local/lib/python3.7/site-packages/airflow/example_dags/example_branch_datetime_operator.py took 0.072 seconds
[2022-05-11 07:05:13,194] {processor.py:163} INFO - Started process (PID=30104) to work on /home/airflow/.local/lib/python3.7/site-packages/airflow/example_dags/example_branch_datetime_operator.py
[2022-05-11 07:05:13,195] {processor.py:642} INFO - Processing file /home/airflow/.local/lib/python3.7/site-packages/airflow/example_dags/example_branch_datetime_operator.py for tasks to queue
[2022-05-11 07:05:13,196] {logging_mixin.py:109} INFO - [2022-05-11 07:05:13,196] {dagbag.py:500} INFO - Filling up the DagBag from /home/airflow/.local/lib/python3.7/site-packages/airflow/example_dags/example_branch_datetime_operator.py
[2022-05-11 07:05:13,212] {processor.py:652} INFO - DAG(s) dict_keys(['example_branch_datetime_operator_2']) retrieved from /home/airflow/.local/lib/python3.7/site-packages/airflow/example_dags/example_branch_datetime_operator.py
[2022-05-11 07:05:13,230] {logging_mixin.py:109} INFO - [2022-05-11 07:05:13,230] {dag.py:2398} INFO - Sync 1 DAGs
[2022-05-11 07:05:13,243] {logging_mixin.py:109} INFO - [2022-05-11 07:05:13,243] {dag.py:2937} INFO - Setting next_dagrun for example_branch_datetime_operator_2 to 2022-05-10 00:00:00+00:00
[2022-05-11 07:05:13,257] {processor.py:171} INFO - Processing /home/airflow/.local/lib/python3.7/site-packages/airflow/example_dags/example_branch_datetime_operator.py took 0.066 seconds
[2022-05-11 07:05:43,625] {processor.py:163} INFO - Started process (PID=30168) to work on /home/airflow/.local/lib/python3.7/site-packages/airflow/example_dags/example_branch_datetime_operator.py
[2022-05-11 07:05:43,627] {processor.py:642} INFO - Processing file /home/airflow/.local/lib/python3.7/site-packages/airflow/example_dags/example_branch_datetime_operator.py for tasks to queue
[2022-05-11 07:05:43,628] {logging_mixin.py:109} INFO - [2022-05-11 07:05:43,628] {dagbag.py:500} INFO - Filling up the DagBag from /home/airflow/.local/lib/python3.7/site-packages/airflow/example_dags/example_branch_datetime_operator.py
[2022-05-11 07:05:43,644] {processor.py:652} INFO - DAG(s) dict_keys(['example_branch_datetime_operator_2']) retrieved from /home/airflow/.local/lib/python3.7/site-packages/airflow/example_dags/example_branch_datetime_operator.py
[2022-05-11 07:05:43,667] {logging_mixin.py:109} INFO - [2022-05-11 07:05:43,667] {dag.py:2398} INFO - Sync 1 DAGs
[2022-05-11 07:05:43,685] {logging_mixin.py:109} INFO - [2022-05-11 07:05:43,685] {dag.py:2937} INFO - Setting next_dagrun for example_branch_datetime_operator_2 to 2022-05-10 00:00:00+00:00
[2022-05-11 07:05:43,699] {processor.py:171} INFO - Processing /home/airflow/.local/lib/python3.7/site-packages/airflow/example_dags/example_branch_datetime_operator.py took 0.077 seconds
[2022-05-11 07:06:13,926] {processor.py:163} INFO - Started process (PID=30239) to work on /home/airflow/.local/lib/python3.7/site-packages/airflow/example_dags/example_branch_datetime_operator.py
[2022-05-11 07:06:13,928] {processor.py:642} INFO - Processing file /home/airflow/.local/lib/python3.7/site-packages/airflow/example_dags/example_branch_datetime_operator.py for tasks to queue
[2022-05-11 07:06:13,929] {logging_mixin.py:109} INFO - [2022-05-11 07:06:13,929] {dagbag.py:500} INFO - Filling up the DagBag from /home/airflow/.local/lib/python3.7/site-packages/airflow/example_dags/example_branch_datetime_operator.py
[2022-05-11 07:06:13,947] {processor.py:652} INFO - DAG(s) dict_keys(['example_branch_datetime_operator_2']) retrieved from /home/airflow/.local/lib/python3.7/site-packages/airflow/example_dags/example_branch_datetime_operator.py
[2022-05-11 07:06:13,965] {logging_mixin.py:109} INFO - [2022-05-11 07:06:13,965] {dag.py:2398} INFO - Sync 1 DAGs
[2022-05-11 07:06:13,980] {logging_mixin.py:109} INFO - [2022-05-11 07:06:13,980] {dag.py:2937} INFO - Setting next_dagrun for example_branch_datetime_operator_2 to 2022-05-10 00:00:00+00:00
[2022-05-11 07:06:13,997] {processor.py:171} INFO - Processing /home/airflow/.local/lib/python3.7/site-packages/airflow/example_dags/example_branch_datetime_operator.py took 0.075 seconds
[2022-05-11 07:06:44,390] {processor.py:163} INFO - Started process (PID=30310) to work on /home/airflow/.local/lib/python3.7/site-packages/airflow/example_dags/example_branch_datetime_operator.py
[2022-05-11 07:06:44,392] {processor.py:642} INFO - Processing file /home/airflow/.local/lib/python3.7/site-packages/airflow/example_dags/example_branch_datetime_operator.py for tasks to queue
[2022-05-11 07:06:44,393] {logging_mixin.py:109} INFO - [2022-05-11 07:06:44,393] {dagbag.py:500} INFO - Filling up the DagBag from /home/airflow/.local/lib/python3.7/site-packages/airflow/example_dags/example_branch_datetime_operator.py
[2022-05-11 07:06:44,410] {processor.py:652} INFO - DAG(s) dict_keys(['example_branch_datetime_operator_2']) retrieved from /home/airflow/.local/lib/python3.7/site-packages/airflow/example_dags/example_branch_datetime_operator.py
[2022-05-11 07:06:44,429] {logging_mixin.py:109} INFO - [2022-05-11 07:06:44,429] {dag.py:2398} INFO - Sync 1 DAGs
[2022-05-11 07:06:44,446] {logging_mixin.py:109} INFO - [2022-05-11 07:06:44,445] {dag.py:2937} INFO - Setting next_dagrun for example_branch_datetime_operator_2 to 2022-05-10 00:00:00+00:00
[2022-05-11 07:06:44,463] {processor.py:171} INFO - Processing /home/airflow/.local/lib/python3.7/site-packages/airflow/example_dags/example_branch_datetime_operator.py took 0.076 seconds
[2022-05-11 07:07:15,040] {processor.py:163} INFO - Started process (PID=30372) to work on /home/airflow/.local/lib/python3.7/site-packages/airflow/example_dags/example_branch_datetime_operator.py
[2022-05-11 07:07:15,042] {processor.py:642} INFO - Processing file /home/airflow/.local/lib/python3.7/site-packages/airflow/example_dags/example_branch_datetime_operator.py for tasks to queue
[2022-05-11 07:07:15,044] {logging_mixin.py:109} INFO - [2022-05-11 07:07:15,043] {dagbag.py:500} INFO - Filling up the DagBag from /home/airflow/.local/lib/python3.7/site-packages/airflow/example_dags/example_branch_datetime_operator.py
[2022-05-11 07:07:15,060] {processor.py:652} INFO - DAG(s) dict_keys(['example_branch_datetime_operator_2']) retrieved from /home/airflow/.local/lib/python3.7/site-packages/airflow/example_dags/example_branch_datetime_operator.py
[2022-05-11 07:07:15,078] {logging_mixin.py:109} INFO - [2022-05-11 07:07:15,078] {dag.py:2398} INFO - Sync 1 DAGs
[2022-05-11 07:07:15,092] {logging_mixin.py:109} INFO - [2022-05-11 07:07:15,092] {dag.py:2937} INFO - Setting next_dagrun for example_branch_datetime_operator_2 to 2022-05-10 00:00:00+00:00
[2022-05-11 07:07:15,109] {processor.py:171} INFO - Processing /home/airflow/.local/lib/python3.7/site-packages/airflow/example_dags/example_branch_datetime_operator.py took 0.073 seconds
[2022-05-11 07:07:45,215] {processor.py:163} INFO - Started process (PID=30445) to work on /home/airflow/.local/lib/python3.7/site-packages/airflow/example_dags/example_branch_datetime_operator.py
[2022-05-11 07:07:45,217] {processor.py:642} INFO - Processing file /home/airflow/.local/lib/python3.7/site-packages/airflow/example_dags/example_branch_datetime_operator.py for tasks to queue
[2022-05-11 07:07:45,218] {logging_mixin.py:109} INFO - [2022-05-11 07:07:45,218] {dagbag.py:500} INFO - Filling up the DagBag from /home/airflow/.local/lib/python3.7/site-packages/airflow/example_dags/example_branch_datetime_operator.py
[2022-05-11 07:07:45,239] {processor.py:652} INFO - DAG(s) dict_keys(['example_branch_datetime_operator_2']) retrieved from /home/airflow/.local/lib/python3.7/site-packages/airflow/example_dags/example_branch_datetime_operator.py
[2022-05-11 07:07:45,261] {logging_mixin.py:109} INFO - [2022-05-11 07:07:45,260] {dag.py:2398} INFO - Sync 1 DAGs
[2022-05-11 07:07:45,277] {logging_mixin.py:109} INFO - [2022-05-11 07:07:45,277] {dag.py:2937} INFO - Setting next_dagrun for example_branch_datetime_operator_2 to 2022-05-10 00:00:00+00:00
[2022-05-11 07:07:45,291] {processor.py:171} INFO - Processing /home/airflow/.local/lib/python3.7/site-packages/airflow/example_dags/example_branch_datetime_operator.py took 0.081 seconds
[2022-05-11 07:08:15,668] {processor.py:163} INFO - Started process (PID=30508) to work on /home/airflow/.local/lib/python3.7/site-packages/airflow/example_dags/example_branch_datetime_operator.py
[2022-05-11 07:08:15,670] {processor.py:642} INFO - Processing file /home/airflow/.local/lib/python3.7/site-packages/airflow/example_dags/example_branch_datetime_operator.py for tasks to queue
[2022-05-11 07:08:15,671] {logging_mixin.py:109} INFO - [2022-05-11 07:08:15,671] {dagbag.py:500} INFO - Filling up the DagBag from /home/airflow/.local/lib/python3.7/site-packages/airflow/example_dags/example_branch_datetime_operator.py
[2022-05-11 07:08:15,686] {processor.py:652} INFO - DAG(s) dict_keys(['example_branch_datetime_operator_2']) retrieved from /home/airflow/.local/lib/python3.7/site-packages/airflow/example_dags/example_branch_datetime_operator.py
[2022-05-11 07:08:15,708] {logging_mixin.py:109} INFO - [2022-05-11 07:08:15,708] {dag.py:2398} INFO - Sync 1 DAGs
[2022-05-11 07:08:15,725] {logging_mixin.py:109} INFO - [2022-05-11 07:08:15,725] {dag.py:2937} INFO - Setting next_dagrun for example_branch_datetime_operator_2 to 2022-05-10 00:00:00+00:00
[2022-05-11 07:08:15,738] {processor.py:171} INFO - Processing /home/airflow/.local/lib/python3.7/site-packages/airflow/example_dags/example_branch_datetime_operator.py took 0.073 seconds
[2022-05-11 07:08:46,138] {processor.py:163} INFO - Started process (PID=30580) to work on /home/airflow/.local/lib/python3.7/site-packages/airflow/example_dags/example_branch_datetime_operator.py
[2022-05-11 07:08:46,140] {processor.py:642} INFO - Processing file /home/airflow/.local/lib/python3.7/site-packages/airflow/example_dags/example_branch_datetime_operator.py for tasks to queue
[2022-05-11 07:08:46,140] {logging_mixin.py:109} INFO - [2022-05-11 07:08:46,140] {dagbag.py:500} INFO - Filling up the DagBag from /home/airflow/.local/lib/python3.7/site-packages/airflow/example_dags/example_branch_datetime_operator.py
[2022-05-11 07:08:46,154] {processor.py:652} INFO - DAG(s) dict_keys(['example_branch_datetime_operator_2']) retrieved from /home/airflow/.local/lib/python3.7/site-packages/airflow/example_dags/example_branch_datetime_operator.py
[2022-05-11 07:08:46,175] {logging_mixin.py:109} INFO - [2022-05-11 07:08:46,175] {dag.py:2398} INFO - Sync 1 DAGs
[2022-05-11 07:08:46,192] {logging_mixin.py:109} INFO - [2022-05-11 07:08:46,192] {dag.py:2937} INFO - Setting next_dagrun for example_branch_datetime_operator_2 to 2022-05-10 00:00:00+00:00
[2022-05-11 07:08:46,203] {processor.py:171} INFO - Processing /home/airflow/.local/lib/python3.7/site-packages/airflow/example_dags/example_branch_datetime_operator.py took 0.068 seconds
[2022-05-11 07:09:16,829] {processor.py:163} INFO - Started process (PID=30643) to work on /home/airflow/.local/lib/python3.7/site-packages/airflow/example_dags/example_branch_datetime_operator.py
[2022-05-11 07:09:16,831] {processor.py:642} INFO - Processing file /home/airflow/.local/lib/python3.7/site-packages/airflow/example_dags/example_branch_datetime_operator.py for tasks to queue
[2022-05-11 07:09:16,832] {logging_mixin.py:109} INFO - [2022-05-11 07:09:16,832] {dagbag.py:500} INFO - Filling up the DagBag from /home/airflow/.local/lib/python3.7/site-packages/airflow/example_dags/example_branch_datetime_operator.py
[2022-05-11 07:09:16,847] {processor.py:652} INFO - DAG(s) dict_keys(['example_branch_datetime_operator_2']) retrieved from /home/airflow/.local/lib/python3.7/site-packages/airflow/example_dags/example_branch_datetime_operator.py
[2022-05-11 07:09:16,866] {logging_mixin.py:109} INFO - [2022-05-11 07:09:16,866] {dag.py:2398} INFO - Sync 1 DAGs
[2022-05-11 07:09:16,882] {logging_mixin.py:109} INFO - [2022-05-11 07:09:16,882] {dag.py:2937} INFO - Setting next_dagrun for example_branch_datetime_operator_2 to 2022-05-10 00:00:00+00:00
[2022-05-11 07:09:16,897] {processor.py:171} INFO - Processing /home/airflow/.local/lib/python3.7/site-packages/airflow/example_dags/example_branch_datetime_operator.py took 0.070 seconds
[2022-05-11 07:09:47,268] {processor.py:163} INFO - Started process (PID=30714) to work on /home/airflow/.local/lib/python3.7/site-packages/airflow/example_dags/example_branch_datetime_operator.py
[2022-05-11 07:09:47,270] {processor.py:642} INFO - Processing file /home/airflow/.local/lib/python3.7/site-packages/airflow/example_dags/example_branch_datetime_operator.py for tasks to queue
[2022-05-11 07:09:47,271] {logging_mixin.py:109} INFO - [2022-05-11 07:09:47,270] {dagbag.py:500} INFO - Filling up the DagBag from /home/airflow/.local/lib/python3.7/site-packages/airflow/example_dags/example_branch_datetime_operator.py
[2022-05-11 07:09:47,287] {processor.py:652} INFO - DAG(s) dict_keys(['example_branch_datetime_operator_2']) retrieved from /home/airflow/.local/lib/python3.7/site-packages/airflow/example_dags/example_branch_datetime_operator.py
[2022-05-11 07:09:47,309] {logging_mixin.py:109} INFO - [2022-05-11 07:09:47,309] {dag.py:2398} INFO - Sync 1 DAGs
[2022-05-11 07:09:47,324] {logging_mixin.py:109} INFO - [2022-05-11 07:09:47,324] {dag.py:2937} INFO - Setting next_dagrun for example_branch_datetime_operator_2 to 2022-05-10 00:00:00+00:00
[2022-05-11 07:09:47,337] {processor.py:171} INFO - Processing /home/airflow/.local/lib/python3.7/site-packages/airflow/example_dags/example_branch_datetime_operator.py took 0.071 seconds
[2022-05-11 07:10:17,832] {processor.py:163} INFO - Started process (PID=30777) to work on /home/airflow/.local/lib/python3.7/site-packages/airflow/example_dags/example_branch_datetime_operator.py
[2022-05-11 07:10:17,833] {processor.py:642} INFO - Processing file /home/airflow/.local/lib/python3.7/site-packages/airflow/example_dags/example_branch_datetime_operator.py for tasks to queue
[2022-05-11 07:10:17,834] {logging_mixin.py:109} INFO - [2022-05-11 07:10:17,834] {dagbag.py:500} INFO - Filling up the DagBag from /home/airflow/.local/lib/python3.7/site-packages/airflow/example_dags/example_branch_datetime_operator.py
[2022-05-11 07:10:17,856] {processor.py:652} INFO - DAG(s) dict_keys(['example_branch_datetime_operator_2']) retrieved from /home/airflow/.local/lib/python3.7/site-packages/airflow/example_dags/example_branch_datetime_operator.py
[2022-05-11 07:10:17,879] {logging_mixin.py:109} INFO - [2022-05-11 07:10:17,879] {dag.py:2398} INFO - Sync 1 DAGs
[2022-05-11 07:10:17,901] {logging_mixin.py:109} INFO - [2022-05-11 07:10:17,900] {dag.py:2937} INFO - Setting next_dagrun for example_branch_datetime_operator_2 to 2022-05-10 00:00:00+00:00
[2022-05-11 07:10:17,922] {processor.py:171} INFO - Processing /home/airflow/.local/lib/python3.7/site-packages/airflow/example_dags/example_branch_datetime_operator.py took 0.094 seconds
[2022-05-11 07:10:48,601] {processor.py:163} INFO - Started process (PID=30850) to work on /home/airflow/.local/lib/python3.7/site-packages/airflow/example_dags/example_branch_datetime_operator.py
[2022-05-11 07:10:48,602] {processor.py:642} INFO - Processing file /home/airflow/.local/lib/python3.7/site-packages/airflow/example_dags/example_branch_datetime_operator.py for tasks to queue
[2022-05-11 07:10:48,604] {logging_mixin.py:109} INFO - [2022-05-11 07:10:48,603] {dagbag.py:500} INFO - Filling up the DagBag from /home/airflow/.local/lib/python3.7/site-packages/airflow/example_dags/example_branch_datetime_operator.py
[2022-05-11 07:10:48,625] {processor.py:652} INFO - DAG(s) dict_keys(['example_branch_datetime_operator_2']) retrieved from /home/airflow/.local/lib/python3.7/site-packages/airflow/example_dags/example_branch_datetime_operator.py
[2022-05-11 07:10:48,646] {logging_mixin.py:109} INFO - [2022-05-11 07:10:48,646] {dag.py:2398} INFO - Sync 1 DAGs
[2022-05-11 07:10:48,664] {logging_mixin.py:109} INFO - [2022-05-11 07:10:48,663] {dag.py:2937} INFO - Setting next_dagrun for example_branch_datetime_operator_2 to 2022-05-10 00:00:00+00:00
[2022-05-11 07:10:48,679] {processor.py:171} INFO - Processing /home/airflow/.local/lib/python3.7/site-packages/airflow/example_dags/example_branch_datetime_operator.py took 0.082 seconds
[2022-05-11 07:11:19,324] {processor.py:163} INFO - Started process (PID=30922) to work on /home/airflow/.local/lib/python3.7/site-packages/airflow/example_dags/example_branch_datetime_operator.py
[2022-05-11 07:11:19,326] {processor.py:642} INFO - Processing file /home/airflow/.local/lib/python3.7/site-packages/airflow/example_dags/example_branch_datetime_operator.py for tasks to queue
[2022-05-11 07:11:19,327] {logging_mixin.py:109} INFO - [2022-05-11 07:11:19,327] {dagbag.py:500} INFO - Filling up the DagBag from /home/airflow/.local/lib/python3.7/site-packages/airflow/example_dags/example_branch_datetime_operator.py
[2022-05-11 07:11:19,350] {processor.py:652} INFO - DAG(s) dict_keys(['example_branch_datetime_operator_2']) retrieved from /home/airflow/.local/lib/python3.7/site-packages/airflow/example_dags/example_branch_datetime_operator.py
[2022-05-11 07:11:19,408] {logging_mixin.py:109} INFO - [2022-05-11 07:11:19,408] {dag.py:2398} INFO - Sync 1 DAGs
[2022-05-11 07:11:19,426] {logging_mixin.py:109} INFO - [2022-05-11 07:11:19,426] {dag.py:2937} INFO - Setting next_dagrun for example_branch_datetime_operator_2 to 2022-05-10 00:00:00+00:00
[2022-05-11 07:11:19,443] {processor.py:171} INFO - Processing /home/airflow/.local/lib/python3.7/site-packages/airflow/example_dags/example_branch_datetime_operator.py took 0.123 seconds
[2022-05-11 07:11:50,058] {processor.py:163} INFO - Started process (PID=30986) to work on /home/airflow/.local/lib/python3.7/site-packages/airflow/example_dags/example_branch_datetime_operator.py
[2022-05-11 07:11:50,060] {processor.py:642} INFO - Processing file /home/airflow/.local/lib/python3.7/site-packages/airflow/example_dags/example_branch_datetime_operator.py for tasks to queue
[2022-05-11 07:11:50,061] {logging_mixin.py:109} INFO - [2022-05-11 07:11:50,061] {dagbag.py:500} INFO - Filling up the DagBag from /home/airflow/.local/lib/python3.7/site-packages/airflow/example_dags/example_branch_datetime_operator.py
[2022-05-11 07:11:50,077] {processor.py:652} INFO - DAG(s) dict_keys(['example_branch_datetime_operator_2']) retrieved from /home/airflow/.local/lib/python3.7/site-packages/airflow/example_dags/example_branch_datetime_operator.py
[2022-05-11 07:11:50,098] {logging_mixin.py:109} INFO - [2022-05-11 07:11:50,098] {dag.py:2398} INFO - Sync 1 DAGs
[2022-05-11 07:11:50,113] {logging_mixin.py:109} INFO - [2022-05-11 07:11:50,113] {dag.py:2937} INFO - Setting next_dagrun for example_branch_datetime_operator_2 to 2022-05-10 00:00:00+00:00
[2022-05-11 07:11:50,128] {processor.py:171} INFO - Processing /home/airflow/.local/lib/python3.7/site-packages/airflow/example_dags/example_branch_datetime_operator.py took 0.073 seconds
[2022-05-11 07:12:20,743] {processor.py:163} INFO - Started process (PID=31059) to work on /home/airflow/.local/lib/python3.7/site-packages/airflow/example_dags/example_branch_datetime_operator.py
[2022-05-11 07:12:20,744] {processor.py:642} INFO - Processing file /home/airflow/.local/lib/python3.7/site-packages/airflow/example_dags/example_branch_datetime_operator.py for tasks to queue
[2022-05-11 07:12:20,746] {logging_mixin.py:109} INFO - [2022-05-11 07:12:20,745] {dagbag.py:500} INFO - Filling up the DagBag from /home/airflow/.local/lib/python3.7/site-packages/airflow/example_dags/example_branch_datetime_operator.py
[2022-05-11 07:12:20,767] {processor.py:652} INFO - DAG(s) dict_keys(['example_branch_datetime_operator_2']) retrieved from /home/airflow/.local/lib/python3.7/site-packages/airflow/example_dags/example_branch_datetime_operator.py
[2022-05-11 07:12:20,798] {logging_mixin.py:109} INFO - [2022-05-11 07:12:20,798] {dag.py:2398} INFO - Sync 1 DAGs
[2022-05-11 07:12:20,816] {logging_mixin.py:109} INFO - [2022-05-11 07:12:20,816] {dag.py:2937} INFO - Setting next_dagrun for example_branch_datetime_operator_2 to 2022-05-10 00:00:00+00:00
[2022-05-11 07:12:20,834] {processor.py:171} INFO - Processing /home/airflow/.local/lib/python3.7/site-packages/airflow/example_dags/example_branch_datetime_operator.py took 0.094 seconds
[2022-05-11 07:12:51,322] {processor.py:163} INFO - Started process (PID=31123) to work on /home/airflow/.local/lib/python3.7/site-packages/airflow/example_dags/example_branch_datetime_operator.py
[2022-05-11 07:12:51,324] {processor.py:642} INFO - Processing file /home/airflow/.local/lib/python3.7/site-packages/airflow/example_dags/example_branch_datetime_operator.py for tasks to queue
[2022-05-11 07:12:51,325] {logging_mixin.py:109} INFO - [2022-05-11 07:12:51,325] {dagbag.py:500} INFO - Filling up the DagBag from /home/airflow/.local/lib/python3.7/site-packages/airflow/example_dags/example_branch_datetime_operator.py
[2022-05-11 07:12:51,342] {processor.py:652} INFO - DAG(s) dict_keys(['example_branch_datetime_operator_2']) retrieved from /home/airflow/.local/lib/python3.7/site-packages/airflow/example_dags/example_branch_datetime_operator.py
[2022-05-11 07:12:51,363] {logging_mixin.py:109} INFO - [2022-05-11 07:12:51,363] {dag.py:2398} INFO - Sync 1 DAGs
[2022-05-11 07:12:51,384] {logging_mixin.py:109} INFO - [2022-05-11 07:12:51,384] {dag.py:2937} INFO - Setting next_dagrun for example_branch_datetime_operator_2 to 2022-05-10 00:00:00+00:00
[2022-05-11 07:12:51,398] {processor.py:171} INFO - Processing /home/airflow/.local/lib/python3.7/site-packages/airflow/example_dags/example_branch_datetime_operator.py took 0.079 seconds
[2022-05-11 07:13:22,136] {processor.py:163} INFO - Started process (PID=31196) to work on /home/airflow/.local/lib/python3.7/site-packages/airflow/example_dags/example_branch_datetime_operator.py
[2022-05-11 07:13:22,138] {processor.py:642} INFO - Processing file /home/airflow/.local/lib/python3.7/site-packages/airflow/example_dags/example_branch_datetime_operator.py for tasks to queue
[2022-05-11 07:13:22,139] {logging_mixin.py:109} INFO - [2022-05-11 07:13:22,139] {dagbag.py:500} INFO - Filling up the DagBag from /home/airflow/.local/lib/python3.7/site-packages/airflow/example_dags/example_branch_datetime_operator.py
[2022-05-11 07:13:22,158] {processor.py:652} INFO - DAG(s) dict_keys(['example_branch_datetime_operator_2']) retrieved from /home/airflow/.local/lib/python3.7/site-packages/airflow/example_dags/example_branch_datetime_operator.py
[2022-05-11 07:13:22,187] {logging_mixin.py:109} INFO - [2022-05-11 07:13:22,187] {dag.py:2398} INFO - Sync 1 DAGs
[2022-05-11 07:13:22,210] {logging_mixin.py:109} INFO - [2022-05-11 07:13:22,210] {dag.py:2937} INFO - Setting next_dagrun for example_branch_datetime_operator_2 to 2022-05-10 00:00:00+00:00
[2022-05-11 07:13:22,226] {processor.py:171} INFO - Processing /home/airflow/.local/lib/python3.7/site-packages/airflow/example_dags/example_branch_datetime_operator.py took 0.092 seconds
[2022-05-11 07:13:52,313] {processor.py:163} INFO - Started process (PID=31259) to work on /home/airflow/.local/lib/python3.7/site-packages/airflow/example_dags/example_branch_datetime_operator.py
[2022-05-11 07:13:52,314] {processor.py:642} INFO - Processing file /home/airflow/.local/lib/python3.7/site-packages/airflow/example_dags/example_branch_datetime_operator.py for tasks to queue
[2022-05-11 07:13:52,315] {logging_mixin.py:109} INFO - [2022-05-11 07:13:52,315] {dagbag.py:500} INFO - Filling up the DagBag from /home/airflow/.local/lib/python3.7/site-packages/airflow/example_dags/example_branch_datetime_operator.py
[2022-05-11 07:13:52,329] {processor.py:652} INFO - DAG(s) dict_keys(['example_branch_datetime_operator_2']) retrieved from /home/airflow/.local/lib/python3.7/site-packages/airflow/example_dags/example_branch_datetime_operator.py
[2022-05-11 07:13:52,351] {logging_mixin.py:109} INFO - [2022-05-11 07:13:52,350] {dag.py:2398} INFO - Sync 1 DAGs
[2022-05-11 07:13:52,368] {logging_mixin.py:109} INFO - [2022-05-11 07:13:52,368] {dag.py:2937} INFO - Setting next_dagrun for example_branch_datetime_operator_2 to 2022-05-10 00:00:00+00:00
[2022-05-11 07:13:52,383] {processor.py:171} INFO - Processing /home/airflow/.local/lib/python3.7/site-packages/airflow/example_dags/example_branch_datetime_operator.py took 0.076 seconds
[2022-05-11 07:14:22,763] {processor.py:163} INFO - Started process (PID=31331) to work on /home/airflow/.local/lib/python3.7/site-packages/airflow/example_dags/example_branch_datetime_operator.py
[2022-05-11 07:14:22,764] {processor.py:642} INFO - Processing file /home/airflow/.local/lib/python3.7/site-packages/airflow/example_dags/example_branch_datetime_operator.py for tasks to queue
[2022-05-11 07:14:22,765] {logging_mixin.py:109} INFO - [2022-05-11 07:14:22,765] {dagbag.py:500} INFO - Filling up the DagBag from /home/airflow/.local/lib/python3.7/site-packages/airflow/example_dags/example_branch_datetime_operator.py
[2022-05-11 07:14:22,782] {processor.py:652} INFO - DAG(s) dict_keys(['example_branch_datetime_operator_2']) retrieved from /home/airflow/.local/lib/python3.7/site-packages/airflow/example_dags/example_branch_datetime_operator.py
[2022-05-11 07:14:22,805] {logging_mixin.py:109} INFO - [2022-05-11 07:14:22,805] {dag.py:2398} INFO - Sync 1 DAGs
[2022-05-11 07:14:22,822] {logging_mixin.py:109} INFO - [2022-05-11 07:14:22,822] {dag.py:2937} INFO - Setting next_dagrun for example_branch_datetime_operator_2 to 2022-05-10 00:00:00+00:00
[2022-05-11 07:14:22,837] {processor.py:171} INFO - Processing /home/airflow/.local/lib/python3.7/site-packages/airflow/example_dags/example_branch_datetime_operator.py took 0.077 seconds
[2022-05-11 07:14:53,235] {processor.py:163} INFO - Started process (PID=31394) to work on /home/airflow/.local/lib/python3.7/site-packages/airflow/example_dags/example_branch_datetime_operator.py
[2022-05-11 07:14:53,236] {processor.py:642} INFO - Processing file /home/airflow/.local/lib/python3.7/site-packages/airflow/example_dags/example_branch_datetime_operator.py for tasks to queue
[2022-05-11 07:14:53,237] {logging_mixin.py:109} INFO - [2022-05-11 07:14:53,237] {dagbag.py:500} INFO - Filling up the DagBag from /home/airflow/.local/lib/python3.7/site-packages/airflow/example_dags/example_branch_datetime_operator.py
[2022-05-11 07:14:53,252] {processor.py:652} INFO - DAG(s) dict_keys(['example_branch_datetime_operator_2']) retrieved from /home/airflow/.local/lib/python3.7/site-packages/airflow/example_dags/example_branch_datetime_operator.py
[2022-05-11 07:14:53,276] {logging_mixin.py:109} INFO - [2022-05-11 07:14:53,276] {dag.py:2398} INFO - Sync 1 DAGs
[2022-05-11 07:14:53,299] {logging_mixin.py:109} INFO - [2022-05-11 07:14:53,299] {dag.py:2937} INFO - Setting next_dagrun for example_branch_datetime_operator_2 to 2022-05-10 00:00:00+00:00
[2022-05-11 07:14:53,315] {processor.py:171} INFO - Processing /home/airflow/.local/lib/python3.7/site-packages/airflow/example_dags/example_branch_datetime_operator.py took 0.083 seconds
[2022-05-11 07:15:23,407] {processor.py:163} INFO - Started process (PID=31468) to work on /home/airflow/.local/lib/python3.7/site-packages/airflow/example_dags/example_branch_datetime_operator.py
[2022-05-11 07:15:23,409] {processor.py:642} INFO - Processing file /home/airflow/.local/lib/python3.7/site-packages/airflow/example_dags/example_branch_datetime_operator.py for tasks to queue
[2022-05-11 07:15:23,410] {logging_mixin.py:109} INFO - [2022-05-11 07:15:23,409] {dagbag.py:500} INFO - Filling up the DagBag from /home/airflow/.local/lib/python3.7/site-packages/airflow/example_dags/example_branch_datetime_operator.py
[2022-05-11 07:15:23,427] {processor.py:652} INFO - DAG(s) dict_keys(['example_branch_datetime_operator_2']) retrieved from /home/airflow/.local/lib/python3.7/site-packages/airflow/example_dags/example_branch_datetime_operator.py
[2022-05-11 07:15:23,450] {logging_mixin.py:109} INFO - [2022-05-11 07:15:23,450] {dag.py:2398} INFO - Sync 1 DAGs
[2022-05-11 07:15:23,466] {logging_mixin.py:109} INFO - [2022-05-11 07:15:23,466] {dag.py:2937} INFO - Setting next_dagrun for example_branch_datetime_operator_2 to 2022-05-10 00:00:00+00:00
[2022-05-11 07:15:23,483] {processor.py:171} INFO - Processing /home/airflow/.local/lib/python3.7/site-packages/airflow/example_dags/example_branch_datetime_operator.py took 0.080 seconds
[2022-05-11 07:15:53,850] {processor.py:163} INFO - Started process (PID=31532) to work on /home/airflow/.local/lib/python3.7/site-packages/airflow/example_dags/example_branch_datetime_operator.py
[2022-05-11 07:15:53,852] {processor.py:642} INFO - Processing file /home/airflow/.local/lib/python3.7/site-packages/airflow/example_dags/example_branch_datetime_operator.py for tasks to queue
[2022-05-11 07:15:53,853] {logging_mixin.py:109} INFO - [2022-05-11 07:15:53,853] {dagbag.py:500} INFO - Filling up the DagBag from /home/airflow/.local/lib/python3.7/site-packages/airflow/example_dags/example_branch_datetime_operator.py
[2022-05-11 07:15:53,868] {processor.py:652} INFO - DAG(s) dict_keys(['example_branch_datetime_operator_2']) retrieved from /home/airflow/.local/lib/python3.7/site-packages/airflow/example_dags/example_branch_datetime_operator.py
[2022-05-11 07:15:53,891] {logging_mixin.py:109} INFO - [2022-05-11 07:15:53,891] {dag.py:2398} INFO - Sync 1 DAGs
[2022-05-11 07:15:53,907] {logging_mixin.py:109} INFO - [2022-05-11 07:15:53,907] {dag.py:2937} INFO - Setting next_dagrun for example_branch_datetime_operator_2 to 2022-05-10 00:00:00+00:00
[2022-05-11 07:15:53,924] {processor.py:171} INFO - Processing /home/airflow/.local/lib/python3.7/site-packages/airflow/example_dags/example_branch_datetime_operator.py took 0.076 seconds
[2022-05-11 07:16:24,497] {processor.py:163} INFO - Started process (PID=31605) to work on /home/airflow/.local/lib/python3.7/site-packages/airflow/example_dags/example_branch_datetime_operator.py
[2022-05-11 07:16:24,498] {processor.py:642} INFO - Processing file /home/airflow/.local/lib/python3.7/site-packages/airflow/example_dags/example_branch_datetime_operator.py for tasks to queue
[2022-05-11 07:16:24,499] {logging_mixin.py:109} INFO - [2022-05-11 07:16:24,499] {dagbag.py:500} INFO - Filling up the DagBag from /home/airflow/.local/lib/python3.7/site-packages/airflow/example_dags/example_branch_datetime_operator.py
[2022-05-11 07:16:24,520] {processor.py:652} INFO - DAG(s) dict_keys(['example_branch_datetime_operator_2']) retrieved from /home/airflow/.local/lib/python3.7/site-packages/airflow/example_dags/example_branch_datetime_operator.py
[2022-05-11 07:16:24,550] {logging_mixin.py:109} INFO - [2022-05-11 07:16:24,549] {dag.py:2398} INFO - Sync 1 DAGs
[2022-05-11 07:16:24,570] {logging_mixin.py:109} INFO - [2022-05-11 07:16:24,570] {dag.py:2937} INFO - Setting next_dagrun for example_branch_datetime_operator_2 to 2022-05-10 00:00:00+00:00
[2022-05-11 07:16:24,587] {processor.py:171} INFO - Processing /home/airflow/.local/lib/python3.7/site-packages/airflow/example_dags/example_branch_datetime_operator.py took 0.095 seconds
[2022-05-11 07:16:55,016] {processor.py:163} INFO - Started process (PID=31669) to work on /home/airflow/.local/lib/python3.7/site-packages/airflow/example_dags/example_branch_datetime_operator.py
[2022-05-11 07:16:55,019] {processor.py:642} INFO - Processing file /home/airflow/.local/lib/python3.7/site-packages/airflow/example_dags/example_branch_datetime_operator.py for tasks to queue
[2022-05-11 07:16:55,020] {logging_mixin.py:109} INFO - [2022-05-11 07:16:55,020] {dagbag.py:500} INFO - Filling up the DagBag from /home/airflow/.local/lib/python3.7/site-packages/airflow/example_dags/example_branch_datetime_operator.py
[2022-05-11 07:16:55,047] {processor.py:652} INFO - DAG(s) dict_keys(['example_branch_datetime_operator_2']) retrieved from /home/airflow/.local/lib/python3.7/site-packages/airflow/example_dags/example_branch_datetime_operator.py
[2022-05-11 07:16:55,073] {logging_mixin.py:109} INFO - [2022-05-11 07:16:55,072] {dag.py:2398} INFO - Sync 1 DAGs
[2022-05-11 07:16:55,100] {logging_mixin.py:109} INFO - [2022-05-11 07:16:55,100] {dag.py:2937} INFO - Setting next_dagrun for example_branch_datetime_operator_2 to 2022-05-10 00:00:00+00:00
[2022-05-11 07:16:55,119] {processor.py:171} INFO - Processing /home/airflow/.local/lib/python3.7/site-packages/airflow/example_dags/example_branch_datetime_operator.py took 0.107 seconds
[2022-05-11 07:17:25,574] {processor.py:163} INFO - Started process (PID=31741) to work on /home/airflow/.local/lib/python3.7/site-packages/airflow/example_dags/example_branch_datetime_operator.py
[2022-05-11 07:17:25,576] {processor.py:642} INFO - Processing file /home/airflow/.local/lib/python3.7/site-packages/airflow/example_dags/example_branch_datetime_operator.py for tasks to queue
[2022-05-11 07:17:25,577] {logging_mixin.py:109} INFO - [2022-05-11 07:17:25,576] {dagbag.py:500} INFO - Filling up the DagBag from /home/airflow/.local/lib/python3.7/site-packages/airflow/example_dags/example_branch_datetime_operator.py
[2022-05-11 07:17:25,597] {processor.py:652} INFO - DAG(s) dict_keys(['example_branch_datetime_operator_2']) retrieved from /home/airflow/.local/lib/python3.7/site-packages/airflow/example_dags/example_branch_datetime_operator.py
[2022-05-11 07:17:25,630] {logging_mixin.py:109} INFO - [2022-05-11 07:17:25,630] {dag.py:2398} INFO - Sync 1 DAGs
[2022-05-11 07:17:25,655] {logging_mixin.py:109} INFO - [2022-05-11 07:17:25,654] {dag.py:2937} INFO - Setting next_dagrun for example_branch_datetime_operator_2 to 2022-05-10 00:00:00+00:00
[2022-05-11 07:17:25,674] {processor.py:171} INFO - Processing /home/airflow/.local/lib/python3.7/site-packages/airflow/example_dags/example_branch_datetime_operator.py took 0.104 seconds
[2022-05-11 07:17:55,923] {processor.py:163} INFO - Started process (PID=31805) to work on /home/airflow/.local/lib/python3.7/site-packages/airflow/example_dags/example_branch_datetime_operator.py
[2022-05-11 07:17:55,925] {processor.py:642} INFO - Processing file /home/airflow/.local/lib/python3.7/site-packages/airflow/example_dags/example_branch_datetime_operator.py for tasks to queue
[2022-05-11 07:17:55,927] {logging_mixin.py:109} INFO - [2022-05-11 07:17:55,927] {dagbag.py:500} INFO - Filling up the DagBag from /home/airflow/.local/lib/python3.7/site-packages/airflow/example_dags/example_branch_datetime_operator.py
[2022-05-11 07:17:55,961] {processor.py:652} INFO - DAG(s) dict_keys(['example_branch_datetime_operator_2']) retrieved from /home/airflow/.local/lib/python3.7/site-packages/airflow/example_dags/example_branch_datetime_operator.py
[2022-05-11 07:17:55,996] {logging_mixin.py:109} INFO - [2022-05-11 07:17:55,996] {dag.py:2398} INFO - Sync 1 DAGs
[2022-05-11 07:17:56,023] {logging_mixin.py:109} INFO - [2022-05-11 07:17:56,022] {dag.py:2937} INFO - Setting next_dagrun for example_branch_datetime_operator_2 to 2022-05-10 00:00:00+00:00
[2022-05-11 07:17:56,039] {processor.py:171} INFO - Processing /home/airflow/.local/lib/python3.7/site-packages/airflow/example_dags/example_branch_datetime_operator.py took 0.123 seconds
[2022-05-11 07:18:26,595] {processor.py:163} INFO - Started process (PID=31877) to work on /home/airflow/.local/lib/python3.7/site-packages/airflow/example_dags/example_branch_datetime_operator.py
[2022-05-11 07:18:26,597] {processor.py:642} INFO - Processing file /home/airflow/.local/lib/python3.7/site-packages/airflow/example_dags/example_branch_datetime_operator.py for tasks to queue
[2022-05-11 07:18:26,598] {logging_mixin.py:109} INFO - [2022-05-11 07:18:26,598] {dagbag.py:500} INFO - Filling up the DagBag from /home/airflow/.local/lib/python3.7/site-packages/airflow/example_dags/example_branch_datetime_operator.py
[2022-05-11 07:18:26,625] {processor.py:652} INFO - DAG(s) dict_keys(['example_branch_datetime_operator_2']) retrieved from /home/airflow/.local/lib/python3.7/site-packages/airflow/example_dags/example_branch_datetime_operator.py
[2022-05-11 07:18:26,656] {logging_mixin.py:109} INFO - [2022-05-11 07:18:26,656] {dag.py:2398} INFO - Sync 1 DAGs
[2022-05-11 07:18:26,683] {logging_mixin.py:109} INFO - [2022-05-11 07:18:26,683] {dag.py:2937} INFO - Setting next_dagrun for example_branch_datetime_operator_2 to 2022-05-10 00:00:00+00:00
[2022-05-11 07:18:26,707] {processor.py:171} INFO - Processing /home/airflow/.local/lib/python3.7/site-packages/airflow/example_dags/example_branch_datetime_operator.py took 0.117 seconds
[2022-05-11 07:18:57,713] {processor.py:163} INFO - Started process (PID=31940) to work on /home/airflow/.local/lib/python3.7/site-packages/airflow/example_dags/example_branch_datetime_operator.py
[2022-05-11 07:18:57,715] {processor.py:642} INFO - Processing file /home/airflow/.local/lib/python3.7/site-packages/airflow/example_dags/example_branch_datetime_operator.py for tasks to queue
[2022-05-11 07:18:57,716] {logging_mixin.py:109} INFO - [2022-05-11 07:18:57,715] {dagbag.py:500} INFO - Filling up the DagBag from /home/airflow/.local/lib/python3.7/site-packages/airflow/example_dags/example_branch_datetime_operator.py
[2022-05-11 07:18:57,741] {processor.py:652} INFO - DAG(s) dict_keys(['example_branch_datetime_operator_2']) retrieved from /home/airflow/.local/lib/python3.7/site-packages/airflow/example_dags/example_branch_datetime_operator.py
[2022-05-11 07:18:57,761] {logging_mixin.py:109} INFO - [2022-05-11 07:18:57,761] {dag.py:2398} INFO - Sync 1 DAGs
[2022-05-11 07:18:57,782] {logging_mixin.py:109} INFO - [2022-05-11 07:18:57,781] {dag.py:2937} INFO - Setting next_dagrun for example_branch_datetime_operator_2 to 2022-05-10 00:00:00+00:00
[2022-05-11 07:18:57,798] {processor.py:171} INFO - Processing /home/airflow/.local/lib/python3.7/site-packages/airflow/example_dags/example_branch_datetime_operator.py took 0.088 seconds
[2022-05-11 07:19:29,400] {processor.py:163} INFO - Started process (PID=32012) to work on /home/airflow/.local/lib/python3.7/site-packages/airflow/example_dags/example_branch_datetime_operator.py
[2022-05-11 07:19:29,403] {processor.py:642} INFO - Processing file /home/airflow/.local/lib/python3.7/site-packages/airflow/example_dags/example_branch_datetime_operator.py for tasks to queue
[2022-05-11 07:19:29,404] {logging_mixin.py:109} INFO - [2022-05-11 07:19:29,404] {dagbag.py:500} INFO - Filling up the DagBag from /home/airflow/.local/lib/python3.7/site-packages/airflow/example_dags/example_branch_datetime_operator.py
[2022-05-11 07:19:29,432] {processor.py:652} INFO - DAG(s) dict_keys(['example_branch_datetime_operator_2']) retrieved from /home/airflow/.local/lib/python3.7/site-packages/airflow/example_dags/example_branch_datetime_operator.py
[2022-05-11 07:19:29,467] {logging_mixin.py:109} INFO - [2022-05-11 07:19:29,467] {dag.py:2398} INFO - Sync 1 DAGs
[2022-05-11 07:19:29,496] {logging_mixin.py:109} INFO - [2022-05-11 07:19:29,496] {dag.py:2937} INFO - Setting next_dagrun for example_branch_datetime_operator_2 to 2022-05-10 00:00:00+00:00
[2022-05-11 07:19:29,515] {processor.py:171} INFO - Processing /home/airflow/.local/lib/python3.7/site-packages/airflow/example_dags/example_branch_datetime_operator.py took 0.119 seconds
[2022-05-11 07:20:00,392] {processor.py:163} INFO - Started process (PID=32074) to work on /home/airflow/.local/lib/python3.7/site-packages/airflow/example_dags/example_branch_datetime_operator.py
[2022-05-11 07:20:00,394] {processor.py:642} INFO - Processing file /home/airflow/.local/lib/python3.7/site-packages/airflow/example_dags/example_branch_datetime_operator.py for tasks to queue
[2022-05-11 07:20:00,395] {logging_mixin.py:109} INFO - [2022-05-11 07:20:00,395] {dagbag.py:500} INFO - Filling up the DagBag from /home/airflow/.local/lib/python3.7/site-packages/airflow/example_dags/example_branch_datetime_operator.py
[2022-05-11 07:20:00,417] {processor.py:652} INFO - DAG(s) dict_keys(['example_branch_datetime_operator_2']) retrieved from /home/airflow/.local/lib/python3.7/site-packages/airflow/example_dags/example_branch_datetime_operator.py
[2022-05-11 07:20:00,441] {logging_mixin.py:109} INFO - [2022-05-11 07:20:00,441] {dag.py:2398} INFO - Sync 1 DAGs
[2022-05-11 07:20:00,465] {logging_mixin.py:109} INFO - [2022-05-11 07:20:00,465] {dag.py:2937} INFO - Setting next_dagrun for example_branch_datetime_operator_2 to 2022-05-10 00:00:00+00:00
[2022-05-11 07:20:00,483] {processor.py:171} INFO - Processing /home/airflow/.local/lib/python3.7/site-packages/airflow/example_dags/example_branch_datetime_operator.py took 0.095 seconds
[2022-05-11 07:20:30,959] {processor.py:163} INFO - Started process (PID=32147) to work on /home/airflow/.local/lib/python3.7/site-packages/airflow/example_dags/example_branch_datetime_operator.py
[2022-05-11 07:20:30,962] {processor.py:642} INFO - Processing file /home/airflow/.local/lib/python3.7/site-packages/airflow/example_dags/example_branch_datetime_operator.py for tasks to queue
[2022-05-11 07:20:30,965] {logging_mixin.py:109} INFO - [2022-05-11 07:20:30,965] {dagbag.py:500} INFO - Filling up the DagBag from /home/airflow/.local/lib/python3.7/site-packages/airflow/example_dags/example_branch_datetime_operator.py
[2022-05-11 07:20:30,985] {processor.py:652} INFO - DAG(s) dict_keys(['example_branch_datetime_operator_2']) retrieved from /home/airflow/.local/lib/python3.7/site-packages/airflow/example_dags/example_branch_datetime_operator.py
[2022-05-11 07:20:31,014] {logging_mixin.py:109} INFO - [2022-05-11 07:20:31,014] {dag.py:2398} INFO - Sync 1 DAGs
[2022-05-11 07:20:31,033] {logging_mixin.py:109} INFO - [2022-05-11 07:20:31,033] {dag.py:2937} INFO - Setting next_dagrun for example_branch_datetime_operator_2 to 2022-05-10 00:00:00+00:00
[2022-05-11 07:20:31,049] {processor.py:171} INFO - Processing /home/airflow/.local/lib/python3.7/site-packages/airflow/example_dags/example_branch_datetime_operator.py took 0.096 seconds
[2022-05-11 07:21:02,173] {processor.py:163} INFO - Started process (PID=32210) to work on /home/airflow/.local/lib/python3.7/site-packages/airflow/example_dags/example_branch_datetime_operator.py
[2022-05-11 07:21:02,175] {processor.py:642} INFO - Processing file /home/airflow/.local/lib/python3.7/site-packages/airflow/example_dags/example_branch_datetime_operator.py for tasks to queue
[2022-05-11 07:21:02,176] {logging_mixin.py:109} INFO - [2022-05-11 07:21:02,176] {dagbag.py:500} INFO - Filling up the DagBag from /home/airflow/.local/lib/python3.7/site-packages/airflow/example_dags/example_branch_datetime_operator.py
[2022-05-11 07:21:02,197] {processor.py:652} INFO - DAG(s) dict_keys(['example_branch_datetime_operator_2']) retrieved from /home/airflow/.local/lib/python3.7/site-packages/airflow/example_dags/example_branch_datetime_operator.py
[2022-05-11 07:21:02,224] {logging_mixin.py:109} INFO - [2022-05-11 07:21:02,224] {dag.py:2398} INFO - Sync 1 DAGs
[2022-05-11 07:21:02,245] {logging_mixin.py:109} INFO - [2022-05-11 07:21:02,245] {dag.py:2937} INFO - Setting next_dagrun for example_branch_datetime_operator_2 to 2022-05-10 00:00:00+00:00
[2022-05-11 07:21:02,266] {processor.py:171} INFO - Processing /home/airflow/.local/lib/python3.7/site-packages/airflow/example_dags/example_branch_datetime_operator.py took 0.100 seconds
[2022-05-11 07:21:33,434] {processor.py:163} INFO - Started process (PID=32282) to work on /home/airflow/.local/lib/python3.7/site-packages/airflow/example_dags/example_branch_datetime_operator.py
[2022-05-11 07:21:33,436] {processor.py:642} INFO - Processing file /home/airflow/.local/lib/python3.7/site-packages/airflow/example_dags/example_branch_datetime_operator.py for tasks to queue
[2022-05-11 07:21:33,436] {logging_mixin.py:109} INFO - [2022-05-11 07:21:33,436] {dagbag.py:500} INFO - Filling up the DagBag from /home/airflow/.local/lib/python3.7/site-packages/airflow/example_dags/example_branch_datetime_operator.py
[2022-05-11 07:21:33,454] {processor.py:652} INFO - DAG(s) dict_keys(['example_branch_datetime_operator_2']) retrieved from /home/airflow/.local/lib/python3.7/site-packages/airflow/example_dags/example_branch_datetime_operator.py
[2022-05-11 07:21:33,477] {logging_mixin.py:109} INFO - [2022-05-11 07:21:33,477] {dag.py:2398} INFO - Sync 1 DAGs
[2022-05-11 07:21:33,495] {logging_mixin.py:109} INFO - [2022-05-11 07:21:33,495] {dag.py:2937} INFO - Setting next_dagrun for example_branch_datetime_operator_2 to 2022-05-10 00:00:00+00:00
[2022-05-11 07:21:33,516] {processor.py:171} INFO - Processing /home/airflow/.local/lib/python3.7/site-packages/airflow/example_dags/example_branch_datetime_operator.py took 0.085 seconds
[2022-05-11 07:22:05,007] {processor.py:163} INFO - Started process (PID=32355) to work on /home/airflow/.local/lib/python3.7/site-packages/airflow/example_dags/example_branch_datetime_operator.py
[2022-05-11 07:22:05,011] {processor.py:642} INFO - Processing file /home/airflow/.local/lib/python3.7/site-packages/airflow/example_dags/example_branch_datetime_operator.py for tasks to queue
[2022-05-11 07:22:05,013] {logging_mixin.py:109} INFO - [2022-05-11 07:22:05,013] {dagbag.py:500} INFO - Filling up the DagBag from /home/airflow/.local/lib/python3.7/site-packages/airflow/example_dags/example_branch_datetime_operator.py
[2022-05-11 07:22:05,045] {processor.py:652} INFO - DAG(s) dict_keys(['example_branch_datetime_operator_2']) retrieved from /home/airflow/.local/lib/python3.7/site-packages/airflow/example_dags/example_branch_datetime_operator.py
[2022-05-11 07:22:05,081] {logging_mixin.py:109} INFO - [2022-05-11 07:22:05,081] {dag.py:2398} INFO - Sync 1 DAGs
[2022-05-11 07:22:05,116] {logging_mixin.py:109} INFO - [2022-05-11 07:22:05,116] {dag.py:2937} INFO - Setting next_dagrun for example_branch_datetime_operator_2 to 2022-05-10 00:00:00+00:00
[2022-05-11 07:22:05,135] {processor.py:171} INFO - Processing /home/airflow/.local/lib/python3.7/site-packages/airflow/example_dags/example_branch_datetime_operator.py took 0.133 seconds
[2022-05-11 07:22:36,136] {processor.py:163} INFO - Started process (PID=32418) to work on /home/airflow/.local/lib/python3.7/site-packages/airflow/example_dags/example_branch_datetime_operator.py
[2022-05-11 07:22:36,138] {processor.py:642} INFO - Processing file /home/airflow/.local/lib/python3.7/site-packages/airflow/example_dags/example_branch_datetime_operator.py for tasks to queue
[2022-05-11 07:22:36,139] {logging_mixin.py:109} INFO - [2022-05-11 07:22:36,139] {dagbag.py:500} INFO - Filling up the DagBag from /home/airflow/.local/lib/python3.7/site-packages/airflow/example_dags/example_branch_datetime_operator.py
[2022-05-11 07:22:36,158] {processor.py:652} INFO - DAG(s) dict_keys(['example_branch_datetime_operator_2']) retrieved from /home/airflow/.local/lib/python3.7/site-packages/airflow/example_dags/example_branch_datetime_operator.py
[2022-05-11 07:22:36,188] {logging_mixin.py:109} INFO - [2022-05-11 07:22:36,187] {dag.py:2398} INFO - Sync 1 DAGs
[2022-05-11 07:22:36,211] {logging_mixin.py:109} INFO - [2022-05-11 07:22:36,211] {dag.py:2937} INFO - Setting next_dagrun for example_branch_datetime_operator_2 to 2022-05-10 00:00:00+00:00
[2022-05-11 07:22:36,226] {processor.py:171} INFO - Processing /home/airflow/.local/lib/python3.7/site-packages/airflow/example_dags/example_branch_datetime_operator.py took 0.093 seconds
[2022-05-11 07:23:07,687] {processor.py:163} INFO - Started process (PID=32492) to work on /home/airflow/.local/lib/python3.7/site-packages/airflow/example_dags/example_branch_datetime_operator.py
[2022-05-11 07:23:07,688] {processor.py:642} INFO - Processing file /home/airflow/.local/lib/python3.7/site-packages/airflow/example_dags/example_branch_datetime_operator.py for tasks to queue
[2022-05-11 07:23:07,689] {logging_mixin.py:109} INFO - [2022-05-11 07:23:07,689] {dagbag.py:500} INFO - Filling up the DagBag from /home/airflow/.local/lib/python3.7/site-packages/airflow/example_dags/example_branch_datetime_operator.py
[2022-05-11 07:23:07,708] {processor.py:652} INFO - DAG(s) dict_keys(['example_branch_datetime_operator_2']) retrieved from /home/airflow/.local/lib/python3.7/site-packages/airflow/example_dags/example_branch_datetime_operator.py
[2022-05-11 07:23:07,733] {logging_mixin.py:109} INFO - [2022-05-11 07:23:07,733] {dag.py:2398} INFO - Sync 1 DAGs
[2022-05-11 07:23:07,754] {logging_mixin.py:109} INFO - [2022-05-11 07:23:07,754] {dag.py:2937} INFO - Setting next_dagrun for example_branch_datetime_operator_2 to 2022-05-10 00:00:00+00:00
[2022-05-11 07:23:07,769] {processor.py:171} INFO - Processing /home/airflow/.local/lib/python3.7/site-packages/airflow/example_dags/example_branch_datetime_operator.py took 0.085 seconds
[2022-05-11 07:23:38,261] {processor.py:163} INFO - Started process (PID=32555) to work on /home/airflow/.local/lib/python3.7/site-packages/airflow/example_dags/example_branch_datetime_operator.py
[2022-05-11 07:23:38,263] {processor.py:642} INFO - Processing file /home/airflow/.local/lib/python3.7/site-packages/airflow/example_dags/example_branch_datetime_operator.py for tasks to queue
[2022-05-11 07:23:38,264] {logging_mixin.py:109} INFO - [2022-05-11 07:23:38,264] {dagbag.py:500} INFO - Filling up the DagBag from /home/airflow/.local/lib/python3.7/site-packages/airflow/example_dags/example_branch_datetime_operator.py
[2022-05-11 07:23:38,280] {processor.py:652} INFO - DAG(s) dict_keys(['example_branch_datetime_operator_2']) retrieved from /home/airflow/.local/lib/python3.7/site-packages/airflow/example_dags/example_branch_datetime_operator.py
[2022-05-11 07:23:38,304] {logging_mixin.py:109} INFO - [2022-05-11 07:23:38,304] {dag.py:2398} INFO - Sync 1 DAGs
[2022-05-11 07:23:38,328] {logging_mixin.py:109} INFO - [2022-05-11 07:23:38,328] {dag.py:2937} INFO - Setting next_dagrun for example_branch_datetime_operator_2 to 2022-05-10 00:00:00+00:00
[2022-05-11 07:23:38,343] {processor.py:171} INFO - Processing /home/airflow/.local/lib/python3.7/site-packages/airflow/example_dags/example_branch_datetime_operator.py took 0.085 seconds
[2022-05-11 07:24:09,769] {processor.py:163} INFO - Started process (PID=32627) to work on /home/airflow/.local/lib/python3.7/site-packages/airflow/example_dags/example_branch_datetime_operator.py
[2022-05-11 07:24:09,771] {processor.py:642} INFO - Processing file /home/airflow/.local/lib/python3.7/site-packages/airflow/example_dags/example_branch_datetime_operator.py for tasks to queue
[2022-05-11 07:24:09,771] {logging_mixin.py:109} INFO - [2022-05-11 07:24:09,771] {dagbag.py:500} INFO - Filling up the DagBag from /home/airflow/.local/lib/python3.7/site-packages/airflow/example_dags/example_branch_datetime_operator.py
[2022-05-11 07:24:09,787] {processor.py:652} INFO - DAG(s) dict_keys(['example_branch_datetime_operator_2']) retrieved from /home/airflow/.local/lib/python3.7/site-packages/airflow/example_dags/example_branch_datetime_operator.py
[2022-05-11 07:24:09,813] {logging_mixin.py:109} INFO - [2022-05-11 07:24:09,813] {dag.py:2398} INFO - Sync 1 DAGs
[2022-05-11 07:24:09,829] {logging_mixin.py:109} INFO - [2022-05-11 07:24:09,829] {dag.py:2937} INFO - Setting next_dagrun for example_branch_datetime_operator_2 to 2022-05-10 00:00:00+00:00
[2022-05-11 07:24:09,846] {processor.py:171} INFO - Processing /home/airflow/.local/lib/python3.7/site-packages/airflow/example_dags/example_branch_datetime_operator.py took 0.080 seconds
[2022-05-11 07:24:40,279] {processor.py:163} INFO - Started process (PID=32691) to work on /home/airflow/.local/lib/python3.7/site-packages/airflow/example_dags/example_branch_datetime_operator.py
[2022-05-11 07:24:40,281] {processor.py:642} INFO - Processing file /home/airflow/.local/lib/python3.7/site-packages/airflow/example_dags/example_branch_datetime_operator.py for tasks to queue
[2022-05-11 07:24:40,282] {logging_mixin.py:109} INFO - [2022-05-11 07:24:40,282] {dagbag.py:500} INFO - Filling up the DagBag from /home/airflow/.local/lib/python3.7/site-packages/airflow/example_dags/example_branch_datetime_operator.py
[2022-05-11 07:24:40,300] {processor.py:652} INFO - DAG(s) dict_keys(['example_branch_datetime_operator_2']) retrieved from /home/airflow/.local/lib/python3.7/site-packages/airflow/example_dags/example_branch_datetime_operator.py
[2022-05-11 07:24:40,324] {logging_mixin.py:109} INFO - [2022-05-11 07:24:40,323] {dag.py:2398} INFO - Sync 1 DAGs
[2022-05-11 07:24:40,340] {logging_mixin.py:109} INFO - [2022-05-11 07:24:40,340] {dag.py:2937} INFO - Setting next_dagrun for example_branch_datetime_operator_2 to 2022-05-10 00:00:00+00:00
[2022-05-11 07:24:40,355] {processor.py:171} INFO - Processing /home/airflow/.local/lib/python3.7/site-packages/airflow/example_dags/example_branch_datetime_operator.py took 0.080 seconds
[2022-05-11 07:25:10,754] {processor.py:163} INFO - Started process (PID=32764) to work on /home/airflow/.local/lib/python3.7/site-packages/airflow/example_dags/example_branch_datetime_operator.py
[2022-05-11 07:25:10,757] {processor.py:642} INFO - Processing file /home/airflow/.local/lib/python3.7/site-packages/airflow/example_dags/example_branch_datetime_operator.py for tasks to queue
[2022-05-11 07:25:10,759] {logging_mixin.py:109} INFO - [2022-05-11 07:25:10,759] {dagbag.py:500} INFO - Filling up the DagBag from /home/airflow/.local/lib/python3.7/site-packages/airflow/example_dags/example_branch_datetime_operator.py
[2022-05-11 07:25:10,779] {processor.py:652} INFO - DAG(s) dict_keys(['example_branch_datetime_operator_2']) retrieved from /home/airflow/.local/lib/python3.7/site-packages/airflow/example_dags/example_branch_datetime_operator.py
[2022-05-11 07:25:10,804] {logging_mixin.py:109} INFO - [2022-05-11 07:25:10,804] {dag.py:2398} INFO - Sync 1 DAGs
[2022-05-11 07:25:10,826] {logging_mixin.py:109} INFO - [2022-05-11 07:25:10,826] {dag.py:2937} INFO - Setting next_dagrun for example_branch_datetime_operator_2 to 2022-05-10 00:00:00+00:00
[2022-05-11 07:25:10,842] {processor.py:171} INFO - Processing /home/airflow/.local/lib/python3.7/site-packages/airflow/example_dags/example_branch_datetime_operator.py took 0.091 seconds
[2022-05-11 07:25:41,101] {processor.py:163} INFO - Started process (PID=358) to work on /home/airflow/.local/lib/python3.7/site-packages/airflow/example_dags/example_branch_datetime_operator.py
[2022-05-11 07:25:41,103] {processor.py:642} INFO - Processing file /home/airflow/.local/lib/python3.7/site-packages/airflow/example_dags/example_branch_datetime_operator.py for tasks to queue
[2022-05-11 07:25:41,103] {logging_mixin.py:109} INFO - [2022-05-11 07:25:41,103] {dagbag.py:500} INFO - Filling up the DagBag from /home/airflow/.local/lib/python3.7/site-packages/airflow/example_dags/example_branch_datetime_operator.py
[2022-05-11 07:25:41,120] {processor.py:652} INFO - DAG(s) dict_keys(['example_branch_datetime_operator_2']) retrieved from /home/airflow/.local/lib/python3.7/site-packages/airflow/example_dags/example_branch_datetime_operator.py
[2022-05-11 07:25:41,141] {logging_mixin.py:109} INFO - [2022-05-11 07:25:41,141] {dag.py:2398} INFO - Sync 1 DAGs
[2022-05-11 07:25:41,158] {logging_mixin.py:109} INFO - [2022-05-11 07:25:41,157] {dag.py:2937} INFO - Setting next_dagrun for example_branch_datetime_operator_2 to 2022-05-10 00:00:00+00:00
[2022-05-11 07:25:41,172] {processor.py:171} INFO - Processing /home/airflow/.local/lib/python3.7/site-packages/airflow/example_dags/example_branch_datetime_operator.py took 0.073 seconds
[2022-05-11 07:26:11,520] {processor.py:163} INFO - Started process (PID=432) to work on /home/airflow/.local/lib/python3.7/site-packages/airflow/example_dags/example_branch_datetime_operator.py
[2022-05-11 07:26:11,522] {processor.py:642} INFO - Processing file /home/airflow/.local/lib/python3.7/site-packages/airflow/example_dags/example_branch_datetime_operator.py for tasks to queue
[2022-05-11 07:26:11,523] {logging_mixin.py:109} INFO - [2022-05-11 07:26:11,523] {dagbag.py:500} INFO - Filling up the DagBag from /home/airflow/.local/lib/python3.7/site-packages/airflow/example_dags/example_branch_datetime_operator.py
[2022-05-11 07:26:11,546] {processor.py:652} INFO - DAG(s) dict_keys(['example_branch_datetime_operator_2']) retrieved from /home/airflow/.local/lib/python3.7/site-packages/airflow/example_dags/example_branch_datetime_operator.py
[2022-05-11 07:26:11,569] {logging_mixin.py:109} INFO - [2022-05-11 07:26:11,569] {dag.py:2398} INFO - Sync 1 DAGs
[2022-05-11 07:26:11,589] {logging_mixin.py:109} INFO - [2022-05-11 07:26:11,589] {dag.py:2937} INFO - Setting next_dagrun for example_branch_datetime_operator_2 to 2022-05-10 00:00:00+00:00
[2022-05-11 07:26:11,604] {processor.py:171} INFO - Processing /home/airflow/.local/lib/python3.7/site-packages/airflow/example_dags/example_branch_datetime_operator.py took 0.087 seconds
[2022-05-11 07:26:42,413] {processor.py:163} INFO - Started process (PID=496) to work on /home/airflow/.local/lib/python3.7/site-packages/airflow/example_dags/example_branch_datetime_operator.py
[2022-05-11 07:26:42,415] {processor.py:642} INFO - Processing file /home/airflow/.local/lib/python3.7/site-packages/airflow/example_dags/example_branch_datetime_operator.py for tasks to queue
[2022-05-11 07:26:42,416] {logging_mixin.py:109} INFO - [2022-05-11 07:26:42,416] {dagbag.py:500} INFO - Filling up the DagBag from /home/airflow/.local/lib/python3.7/site-packages/airflow/example_dags/example_branch_datetime_operator.py
[2022-05-11 07:26:42,430] {processor.py:652} INFO - DAG(s) dict_keys(['example_branch_datetime_operator_2']) retrieved from /home/airflow/.local/lib/python3.7/site-packages/airflow/example_dags/example_branch_datetime_operator.py
[2022-05-11 07:26:42,450] {logging_mixin.py:109} INFO - [2022-05-11 07:26:42,450] {dag.py:2398} INFO - Sync 1 DAGs
[2022-05-11 07:26:42,464] {logging_mixin.py:109} INFO - [2022-05-11 07:26:42,464] {dag.py:2937} INFO - Setting next_dagrun for example_branch_datetime_operator_2 to 2022-05-10 00:00:00+00:00
[2022-05-11 07:26:42,477] {processor.py:171} INFO - Processing /home/airflow/.local/lib/python3.7/site-packages/airflow/example_dags/example_branch_datetime_operator.py took 0.067 seconds
[2022-05-11 07:27:13,156] {processor.py:163} INFO - Started process (PID=569) to work on /home/airflow/.local/lib/python3.7/site-packages/airflow/example_dags/example_branch_datetime_operator.py
[2022-05-11 07:27:13,157] {processor.py:642} INFO - Processing file /home/airflow/.local/lib/python3.7/site-packages/airflow/example_dags/example_branch_datetime_operator.py for tasks to queue
[2022-05-11 07:27:13,158] {logging_mixin.py:109} INFO - [2022-05-11 07:27:13,158] {dagbag.py:500} INFO - Filling up the DagBag from /home/airflow/.local/lib/python3.7/site-packages/airflow/example_dags/example_branch_datetime_operator.py
[2022-05-11 07:27:13,173] {processor.py:652} INFO - DAG(s) dict_keys(['example_branch_datetime_operator_2']) retrieved from /home/airflow/.local/lib/python3.7/site-packages/airflow/example_dags/example_branch_datetime_operator.py
[2022-05-11 07:27:13,192] {logging_mixin.py:109} INFO - [2022-05-11 07:27:13,192] {dag.py:2398} INFO - Sync 1 DAGs
[2022-05-11 07:27:13,209] {logging_mixin.py:109} INFO - [2022-05-11 07:27:13,209] {dag.py:2937} INFO - Setting next_dagrun for example_branch_datetime_operator_2 to 2022-05-10 00:00:00+00:00
[2022-05-11 07:27:13,223] {processor.py:171} INFO - Processing /home/airflow/.local/lib/python3.7/site-packages/airflow/example_dags/example_branch_datetime_operator.py took 0.070 seconds
[2022-05-11 07:27:44,373] {processor.py:163} INFO - Started process (PID=643) to work on /home/airflow/.local/lib/python3.7/site-packages/airflow/example_dags/example_branch_datetime_operator.py
[2022-05-11 07:27:44,374] {processor.py:642} INFO - Processing file /home/airflow/.local/lib/python3.7/site-packages/airflow/example_dags/example_branch_datetime_operator.py for tasks to queue
[2022-05-11 07:27:44,375] {logging_mixin.py:109} INFO - [2022-05-11 07:27:44,375] {dagbag.py:500} INFO - Filling up the DagBag from /home/airflow/.local/lib/python3.7/site-packages/airflow/example_dags/example_branch_datetime_operator.py
[2022-05-11 07:27:44,390] {processor.py:652} INFO - DAG(s) dict_keys(['example_branch_datetime_operator_2']) retrieved from /home/airflow/.local/lib/python3.7/site-packages/airflow/example_dags/example_branch_datetime_operator.py
[2022-05-11 07:27:44,408] {logging_mixin.py:109} INFO - [2022-05-11 07:27:44,408] {dag.py:2398} INFO - Sync 1 DAGs
[2022-05-11 07:27:44,423] {logging_mixin.py:109} INFO - [2022-05-11 07:27:44,423] {dag.py:2937} INFO - Setting next_dagrun for example_branch_datetime_operator_2 to 2022-05-10 00:00:00+00:00
[2022-05-11 07:27:44,433] {processor.py:171} INFO - Processing /home/airflow/.local/lib/python3.7/site-packages/airflow/example_dags/example_branch_datetime_operator.py took 0.063 seconds
