[2022-05-11 06:55:58,695] {processor.py:163} INFO - Started process (PID=28853) to work on /home/airflow/.local/lib/python3.7/site-packages/airflow/example_dags/example_task_group.py
[2022-05-11 06:55:58,703] {processor.py:642} INFO - Processing file /home/airflow/.local/lib/python3.7/site-packages/airflow/example_dags/example_task_group.py for tasks to queue
[2022-05-11 06:55:58,709] {logging_mixin.py:109} INFO - [2022-05-11 06:55:58,705] {dagbag.py:500} INFO - Filling up the DagBag from /home/airflow/.local/lib/python3.7/site-packages/airflow/example_dags/example_task_group.py
[2022-05-11 06:55:58,752] {processor.py:652} INFO - DAG(s) dict_keys(['example_task_group']) retrieved from /home/airflow/.local/lib/python3.7/site-packages/airflow/example_dags/example_task_group.py
[2022-05-11 06:55:58,813] {logging_mixin.py:109} INFO - [2022-05-11 06:55:58,813] {dag.py:2398} INFO - Sync 1 DAGs
[2022-05-11 06:55:58,847] {logging_mixin.py:109} INFO - [2022-05-11 06:55:58,847] {dag.py:2937} INFO - Setting next_dagrun for example_task_group to 2022-05-10T06:55:58.846203+00:00
[2022-05-11 06:55:58,899] {processor.py:171} INFO - Processing /home/airflow/.local/lib/python3.7/site-packages/airflow/example_dags/example_task_group.py took 0.208 seconds
[2022-05-11 06:56:29,499] {processor.py:163} INFO - Started process (PID=28917) to work on /home/airflow/.local/lib/python3.7/site-packages/airflow/example_dags/example_task_group.py
[2022-05-11 06:56:29,501] {processor.py:642} INFO - Processing file /home/airflow/.local/lib/python3.7/site-packages/airflow/example_dags/example_task_group.py for tasks to queue
[2022-05-11 06:56:29,502] {logging_mixin.py:109} INFO - [2022-05-11 06:56:29,502] {dagbag.py:500} INFO - Filling up the DagBag from /home/airflow/.local/lib/python3.7/site-packages/airflow/example_dags/example_task_group.py
[2022-05-11 06:56:29,528] {processor.py:652} INFO - DAG(s) dict_keys(['example_task_group']) retrieved from /home/airflow/.local/lib/python3.7/site-packages/airflow/example_dags/example_task_group.py
[2022-05-11 06:56:29,553] {logging_mixin.py:109} INFO - [2022-05-11 06:56:29,553] {dag.py:2398} INFO - Sync 1 DAGs
[2022-05-11 06:56:29,570] {logging_mixin.py:109} INFO - [2022-05-11 06:56:29,570] {dag.py:2937} INFO - Setting next_dagrun for example_task_group to 2022-05-10T06:56:29.570269+00:00
[2022-05-11 06:56:29,591] {processor.py:171} INFO - Processing /home/airflow/.local/lib/python3.7/site-packages/airflow/example_dags/example_task_group.py took 0.098 seconds
[2022-05-11 06:56:59,888] {processor.py:163} INFO - Started process (PID=28989) to work on /home/airflow/.local/lib/python3.7/site-packages/airflow/example_dags/example_task_group.py
[2022-05-11 06:56:59,890] {processor.py:642} INFO - Processing file /home/airflow/.local/lib/python3.7/site-packages/airflow/example_dags/example_task_group.py for tasks to queue
[2022-05-11 06:56:59,891] {logging_mixin.py:109} INFO - [2022-05-11 06:56:59,891] {dagbag.py:500} INFO - Filling up the DagBag from /home/airflow/.local/lib/python3.7/site-packages/airflow/example_dags/example_task_group.py
[2022-05-11 06:56:59,906] {processor.py:652} INFO - DAG(s) dict_keys(['example_task_group']) retrieved from /home/airflow/.local/lib/python3.7/site-packages/airflow/example_dags/example_task_group.py
[2022-05-11 06:56:59,928] {logging_mixin.py:109} INFO - [2022-05-11 06:56:59,927] {dag.py:2398} INFO - Sync 1 DAGs
[2022-05-11 06:56:59,948] {logging_mixin.py:109} INFO - [2022-05-11 06:56:59,948] {dag.py:2937} INFO - Setting next_dagrun for example_task_group to 2022-05-10T06:56:59.948090+00:00
[2022-05-11 06:56:59,966] {processor.py:171} INFO - Processing /home/airflow/.local/lib/python3.7/site-packages/airflow/example_dags/example_task_group.py took 0.081 seconds
[2022-05-11 06:57:30,427] {processor.py:163} INFO - Started process (PID=29053) to work on /home/airflow/.local/lib/python3.7/site-packages/airflow/example_dags/example_task_group.py
[2022-05-11 06:57:30,429] {processor.py:642} INFO - Processing file /home/airflow/.local/lib/python3.7/site-packages/airflow/example_dags/example_task_group.py for tasks to queue
[2022-05-11 06:57:30,430] {logging_mixin.py:109} INFO - [2022-05-11 06:57:30,430] {dagbag.py:500} INFO - Filling up the DagBag from /home/airflow/.local/lib/python3.7/site-packages/airflow/example_dags/example_task_group.py
[2022-05-11 06:57:30,448] {processor.py:652} INFO - DAG(s) dict_keys(['example_task_group']) retrieved from /home/airflow/.local/lib/python3.7/site-packages/airflow/example_dags/example_task_group.py
[2022-05-11 06:57:30,470] {logging_mixin.py:109} INFO - [2022-05-11 06:57:30,470] {dag.py:2398} INFO - Sync 1 DAGs
[2022-05-11 06:57:30,483] {logging_mixin.py:109} INFO - [2022-05-11 06:57:30,483] {dag.py:2937} INFO - Setting next_dagrun for example_task_group to 2022-05-10T06:57:30.483366+00:00
[2022-05-11 06:57:30,499] {processor.py:171} INFO - Processing /home/airflow/.local/lib/python3.7/site-packages/airflow/example_dags/example_task_group.py took 0.075 seconds
[2022-05-11 06:58:01,420] {processor.py:163} INFO - Started process (PID=29127) to work on /home/airflow/.local/lib/python3.7/site-packages/airflow/example_dags/example_task_group.py
[2022-05-11 06:58:01,422] {processor.py:642} INFO - Processing file /home/airflow/.local/lib/python3.7/site-packages/airflow/example_dags/example_task_group.py for tasks to queue
[2022-05-11 06:58:01,423] {logging_mixin.py:109} INFO - [2022-05-11 06:58:01,422] {dagbag.py:500} INFO - Filling up the DagBag from /home/airflow/.local/lib/python3.7/site-packages/airflow/example_dags/example_task_group.py
[2022-05-11 06:58:01,436] {processor.py:652} INFO - DAG(s) dict_keys(['example_task_group']) retrieved from /home/airflow/.local/lib/python3.7/site-packages/airflow/example_dags/example_task_group.py
[2022-05-11 06:58:01,460] {logging_mixin.py:109} INFO - [2022-05-11 06:58:01,460] {dag.py:2398} INFO - Sync 1 DAGs
[2022-05-11 06:58:01,481] {logging_mixin.py:109} INFO - [2022-05-11 06:58:01,480] {dag.py:2937} INFO - Setting next_dagrun for example_task_group to 2022-05-10T06:58:01.480645+00:00
[2022-05-11 06:58:01,498] {processor.py:171} INFO - Processing /home/airflow/.local/lib/python3.7/site-packages/airflow/example_dags/example_task_group.py took 0.080 seconds
[2022-05-11 06:58:31,880] {processor.py:163} INFO - Started process (PID=29190) to work on /home/airflow/.local/lib/python3.7/site-packages/airflow/example_dags/example_task_group.py
[2022-05-11 06:58:31,882] {processor.py:642} INFO - Processing file /home/airflow/.local/lib/python3.7/site-packages/airflow/example_dags/example_task_group.py for tasks to queue
[2022-05-11 06:58:31,883] {logging_mixin.py:109} INFO - [2022-05-11 06:58:31,883] {dagbag.py:500} INFO - Filling up the DagBag from /home/airflow/.local/lib/python3.7/site-packages/airflow/example_dags/example_task_group.py
[2022-05-11 06:58:31,900] {processor.py:652} INFO - DAG(s) dict_keys(['example_task_group']) retrieved from /home/airflow/.local/lib/python3.7/site-packages/airflow/example_dags/example_task_group.py
[2022-05-11 06:58:31,921] {logging_mixin.py:109} INFO - [2022-05-11 06:58:31,921] {dag.py:2398} INFO - Sync 1 DAGs
[2022-05-11 06:58:31,936] {logging_mixin.py:109} INFO - [2022-05-11 06:58:31,936] {dag.py:2937} INFO - Setting next_dagrun for example_task_group to 2022-05-10T06:58:31.935888+00:00
[2022-05-11 06:58:31,950] {processor.py:171} INFO - Processing /home/airflow/.local/lib/python3.7/site-packages/airflow/example_dags/example_task_group.py took 0.073 seconds
[2022-05-11 06:59:02,040] {processor.py:163} INFO - Started process (PID=29260) to work on /home/airflow/.local/lib/python3.7/site-packages/airflow/example_dags/example_task_group.py
[2022-05-11 06:59:02,041] {processor.py:642} INFO - Processing file /home/airflow/.local/lib/python3.7/site-packages/airflow/example_dags/example_task_group.py for tasks to queue
[2022-05-11 06:59:02,042] {logging_mixin.py:109} INFO - [2022-05-11 06:59:02,042] {dagbag.py:500} INFO - Filling up the DagBag from /home/airflow/.local/lib/python3.7/site-packages/airflow/example_dags/example_task_group.py
[2022-05-11 06:59:02,057] {processor.py:652} INFO - DAG(s) dict_keys(['example_task_group']) retrieved from /home/airflow/.local/lib/python3.7/site-packages/airflow/example_dags/example_task_group.py
[2022-05-11 06:59:02,078] {logging_mixin.py:109} INFO - [2022-05-11 06:59:02,078] {dag.py:2398} INFO - Sync 1 DAGs
[2022-05-11 06:59:02,090] {logging_mixin.py:109} INFO - [2022-05-11 06:59:02,090] {dag.py:2937} INFO - Setting next_dagrun for example_task_group to 2022-05-10T06:59:02.090627+00:00
[2022-05-11 06:59:02,103] {processor.py:171} INFO - Processing /home/airflow/.local/lib/python3.7/site-packages/airflow/example_dags/example_task_group.py took 0.066 seconds
[2022-05-11 06:59:32,481] {processor.py:163} INFO - Started process (PID=29331) to work on /home/airflow/.local/lib/python3.7/site-packages/airflow/example_dags/example_task_group.py
[2022-05-11 06:59:32,483] {processor.py:642} INFO - Processing file /home/airflow/.local/lib/python3.7/site-packages/airflow/example_dags/example_task_group.py for tasks to queue
[2022-05-11 06:59:32,484] {logging_mixin.py:109} INFO - [2022-05-11 06:59:32,484] {dagbag.py:500} INFO - Filling up the DagBag from /home/airflow/.local/lib/python3.7/site-packages/airflow/example_dags/example_task_group.py
[2022-05-11 06:59:32,501] {processor.py:652} INFO - DAG(s) dict_keys(['example_task_group']) retrieved from /home/airflow/.local/lib/python3.7/site-packages/airflow/example_dags/example_task_group.py
[2022-05-11 06:59:32,527] {logging_mixin.py:109} INFO - [2022-05-11 06:59:32,526] {dag.py:2398} INFO - Sync 1 DAGs
[2022-05-11 06:59:32,542] {logging_mixin.py:109} INFO - [2022-05-11 06:59:32,542] {dag.py:2937} INFO - Setting next_dagrun for example_task_group to 2022-05-10T06:59:32.542151+00:00
[2022-05-11 06:59:32,558] {processor.py:171} INFO - Processing /home/airflow/.local/lib/python3.7/site-packages/airflow/example_dags/example_task_group.py took 0.081 seconds
[2022-05-11 07:00:02,612] {processor.py:163} INFO - Started process (PID=29396) to work on /home/airflow/.local/lib/python3.7/site-packages/airflow/example_dags/example_task_group.py
[2022-05-11 07:00:02,613] {processor.py:642} INFO - Processing file /home/airflow/.local/lib/python3.7/site-packages/airflow/example_dags/example_task_group.py for tasks to queue
[2022-05-11 07:00:02,614] {logging_mixin.py:109} INFO - [2022-05-11 07:00:02,614] {dagbag.py:500} INFO - Filling up the DagBag from /home/airflow/.local/lib/python3.7/site-packages/airflow/example_dags/example_task_group.py
[2022-05-11 07:00:02,632] {processor.py:652} INFO - DAG(s) dict_keys(['example_task_group']) retrieved from /home/airflow/.local/lib/python3.7/site-packages/airflow/example_dags/example_task_group.py
[2022-05-11 07:00:02,652] {logging_mixin.py:109} INFO - [2022-05-11 07:00:02,652] {dag.py:2398} INFO - Sync 1 DAGs
[2022-05-11 07:00:02,667] {logging_mixin.py:109} INFO - [2022-05-11 07:00:02,666] {dag.py:2937} INFO - Setting next_dagrun for example_task_group to 2022-05-10T07:00:02.666638+00:00
[2022-05-11 07:00:02,680] {processor.py:171} INFO - Processing /home/airflow/.local/lib/python3.7/site-packages/airflow/example_dags/example_task_group.py took 0.072 seconds
[2022-05-11 07:00:32,811] {processor.py:163} INFO - Started process (PID=29470) to work on /home/airflow/.local/lib/python3.7/site-packages/airflow/example_dags/example_task_group.py
[2022-05-11 07:00:32,813] {processor.py:642} INFO - Processing file /home/airflow/.local/lib/python3.7/site-packages/airflow/example_dags/example_task_group.py for tasks to queue
[2022-05-11 07:00:32,814] {logging_mixin.py:109} INFO - [2022-05-11 07:00:32,814] {dagbag.py:500} INFO - Filling up the DagBag from /home/airflow/.local/lib/python3.7/site-packages/airflow/example_dags/example_task_group.py
[2022-05-11 07:00:32,841] {processor.py:652} INFO - DAG(s) dict_keys(['example_task_group']) retrieved from /home/airflow/.local/lib/python3.7/site-packages/airflow/example_dags/example_task_group.py
[2022-05-11 07:00:32,866] {logging_mixin.py:109} INFO - [2022-05-11 07:00:32,866] {dag.py:2398} INFO - Sync 1 DAGs
[2022-05-11 07:00:32,881] {logging_mixin.py:109} INFO - [2022-05-11 07:00:32,881] {dag.py:2937} INFO - Setting next_dagrun for example_task_group to 2022-05-10T07:00:32.881054+00:00
[2022-05-11 07:00:32,901] {processor.py:171} INFO - Processing /home/airflow/.local/lib/python3.7/site-packages/airflow/example_dags/example_task_group.py took 0.094 seconds
[2022-05-11 07:01:03,503] {processor.py:163} INFO - Started process (PID=29533) to work on /home/airflow/.local/lib/python3.7/site-packages/airflow/example_dags/example_task_group.py
[2022-05-11 07:01:03,506] {processor.py:642} INFO - Processing file /home/airflow/.local/lib/python3.7/site-packages/airflow/example_dags/example_task_group.py for tasks to queue
[2022-05-11 07:01:03,507] {logging_mixin.py:109} INFO - [2022-05-11 07:01:03,506] {dagbag.py:500} INFO - Filling up the DagBag from /home/airflow/.local/lib/python3.7/site-packages/airflow/example_dags/example_task_group.py
[2022-05-11 07:01:03,520] {processor.py:652} INFO - DAG(s) dict_keys(['example_task_group']) retrieved from /home/airflow/.local/lib/python3.7/site-packages/airflow/example_dags/example_task_group.py
[2022-05-11 07:01:03,542] {logging_mixin.py:109} INFO - [2022-05-11 07:01:03,542] {dag.py:2398} INFO - Sync 1 DAGs
[2022-05-11 07:01:03,553] {logging_mixin.py:109} INFO - [2022-05-11 07:01:03,553] {dag.py:2937} INFO - Setting next_dagrun for example_task_group to 2022-05-10T07:01:03.553612+00:00
[2022-05-11 07:01:03,567] {processor.py:171} INFO - Processing /home/airflow/.local/lib/python3.7/site-packages/airflow/example_dags/example_task_group.py took 0.068 seconds
[2022-05-11 07:01:34,098] {processor.py:163} INFO - Started process (PID=29606) to work on /home/airflow/.local/lib/python3.7/site-packages/airflow/example_dags/example_task_group.py
[2022-05-11 07:01:34,099] {processor.py:642} INFO - Processing file /home/airflow/.local/lib/python3.7/site-packages/airflow/example_dags/example_task_group.py for tasks to queue
[2022-05-11 07:01:34,100] {logging_mixin.py:109} INFO - [2022-05-11 07:01:34,100] {dagbag.py:500} INFO - Filling up the DagBag from /home/airflow/.local/lib/python3.7/site-packages/airflow/example_dags/example_task_group.py
[2022-05-11 07:01:34,115] {processor.py:652} INFO - DAG(s) dict_keys(['example_task_group']) retrieved from /home/airflow/.local/lib/python3.7/site-packages/airflow/example_dags/example_task_group.py
[2022-05-11 07:01:34,139] {logging_mixin.py:109} INFO - [2022-05-11 07:01:34,139] {dag.py:2398} INFO - Sync 1 DAGs
[2022-05-11 07:01:34,155] {logging_mixin.py:109} INFO - [2022-05-11 07:01:34,154] {dag.py:2937} INFO - Setting next_dagrun for example_task_group to 2022-05-10T07:01:34.154656+00:00
[2022-05-11 07:01:34,172] {processor.py:171} INFO - Processing /home/airflow/.local/lib/python3.7/site-packages/airflow/example_dags/example_task_group.py took 0.078 seconds
[2022-05-11 07:02:04,394] {processor.py:163} INFO - Started process (PID=29669) to work on /home/airflow/.local/lib/python3.7/site-packages/airflow/example_dags/example_task_group.py
[2022-05-11 07:02:04,396] {processor.py:642} INFO - Processing file /home/airflow/.local/lib/python3.7/site-packages/airflow/example_dags/example_task_group.py for tasks to queue
[2022-05-11 07:02:04,396] {logging_mixin.py:109} INFO - [2022-05-11 07:02:04,396] {dagbag.py:500} INFO - Filling up the DagBag from /home/airflow/.local/lib/python3.7/site-packages/airflow/example_dags/example_task_group.py
[2022-05-11 07:02:04,413] {processor.py:652} INFO - DAG(s) dict_keys(['example_task_group']) retrieved from /home/airflow/.local/lib/python3.7/site-packages/airflow/example_dags/example_task_group.py
[2022-05-11 07:02:04,435] {logging_mixin.py:109} INFO - [2022-05-11 07:02:04,434] {dag.py:2398} INFO - Sync 1 DAGs
[2022-05-11 07:02:04,448] {logging_mixin.py:109} INFO - [2022-05-11 07:02:04,448] {dag.py:2937} INFO - Setting next_dagrun for example_task_group to 2022-05-10T07:02:04.448041+00:00
[2022-05-11 07:02:04,460] {processor.py:171} INFO - Processing /home/airflow/.local/lib/python3.7/site-packages/airflow/example_dags/example_task_group.py took 0.069 seconds
[2022-05-11 07:02:34,841] {processor.py:163} INFO - Started process (PID=29743) to work on /home/airflow/.local/lib/python3.7/site-packages/airflow/example_dags/example_task_group.py
[2022-05-11 07:02:34,843] {processor.py:642} INFO - Processing file /home/airflow/.local/lib/python3.7/site-packages/airflow/example_dags/example_task_group.py for tasks to queue
[2022-05-11 07:02:34,844] {logging_mixin.py:109} INFO - [2022-05-11 07:02:34,844] {dagbag.py:500} INFO - Filling up the DagBag from /home/airflow/.local/lib/python3.7/site-packages/airflow/example_dags/example_task_group.py
[2022-05-11 07:02:34,862] {processor.py:652} INFO - DAG(s) dict_keys(['example_task_group']) retrieved from /home/airflow/.local/lib/python3.7/site-packages/airflow/example_dags/example_task_group.py
[2022-05-11 07:02:34,887] {logging_mixin.py:109} INFO - [2022-05-11 07:02:34,887] {dag.py:2398} INFO - Sync 1 DAGs
[2022-05-11 07:02:34,902] {logging_mixin.py:109} INFO - [2022-05-11 07:02:34,902] {dag.py:2937} INFO - Setting next_dagrun for example_task_group to 2022-05-10T07:02:34.901974+00:00
[2022-05-11 07:02:34,920] {processor.py:171} INFO - Processing /home/airflow/.local/lib/python3.7/site-packages/airflow/example_dags/example_task_group.py took 0.082 seconds
[2022-05-11 07:03:05,450] {processor.py:163} INFO - Started process (PID=29806) to work on /home/airflow/.local/lib/python3.7/site-packages/airflow/example_dags/example_task_group.py
[2022-05-11 07:03:05,452] {processor.py:642} INFO - Processing file /home/airflow/.local/lib/python3.7/site-packages/airflow/example_dags/example_task_group.py for tasks to queue
[2022-05-11 07:03:05,453] {logging_mixin.py:109} INFO - [2022-05-11 07:03:05,453] {dagbag.py:500} INFO - Filling up the DagBag from /home/airflow/.local/lib/python3.7/site-packages/airflow/example_dags/example_task_group.py
[2022-05-11 07:03:05,473] {processor.py:652} INFO - DAG(s) dict_keys(['example_task_group']) retrieved from /home/airflow/.local/lib/python3.7/site-packages/airflow/example_dags/example_task_group.py
[2022-05-11 07:03:05,496] {logging_mixin.py:109} INFO - [2022-05-11 07:03:05,496] {dag.py:2398} INFO - Sync 1 DAGs
[2022-05-11 07:03:05,511] {logging_mixin.py:109} INFO - [2022-05-11 07:03:05,511] {dag.py:2937} INFO - Setting next_dagrun for example_task_group to 2022-05-10T07:03:05.511494+00:00
[2022-05-11 07:03:05,533] {processor.py:171} INFO - Processing /home/airflow/.local/lib/python3.7/site-packages/airflow/example_dags/example_task_group.py took 0.087 seconds
[2022-05-11 07:03:35,937] {processor.py:163} INFO - Started process (PID=29877) to work on /home/airflow/.local/lib/python3.7/site-packages/airflow/example_dags/example_task_group.py
[2022-05-11 07:03:35,940] {processor.py:642} INFO - Processing file /home/airflow/.local/lib/python3.7/site-packages/airflow/example_dags/example_task_group.py for tasks to queue
[2022-05-11 07:03:35,941] {logging_mixin.py:109} INFO - [2022-05-11 07:03:35,940] {dagbag.py:500} INFO - Filling up the DagBag from /home/airflow/.local/lib/python3.7/site-packages/airflow/example_dags/example_task_group.py
[2022-05-11 07:03:35,962] {processor.py:652} INFO - DAG(s) dict_keys(['example_task_group']) retrieved from /home/airflow/.local/lib/python3.7/site-packages/airflow/example_dags/example_task_group.py
[2022-05-11 07:03:35,988] {logging_mixin.py:109} INFO - [2022-05-11 07:03:35,988] {dag.py:2398} INFO - Sync 1 DAGs
[2022-05-11 07:03:36,003] {logging_mixin.py:109} INFO - [2022-05-11 07:03:36,003] {dag.py:2937} INFO - Setting next_dagrun for example_task_group to 2022-05-10T07:03:36.002776+00:00
[2022-05-11 07:03:36,015] {processor.py:171} INFO - Processing /home/airflow/.local/lib/python3.7/site-packages/airflow/example_dags/example_task_group.py took 0.082 seconds
[2022-05-11 07:04:06,815] {processor.py:163} INFO - Started process (PID=29940) to work on /home/airflow/.local/lib/python3.7/site-packages/airflow/example_dags/example_task_group.py
[2022-05-11 07:04:06,817] {processor.py:642} INFO - Processing file /home/airflow/.local/lib/python3.7/site-packages/airflow/example_dags/example_task_group.py for tasks to queue
[2022-05-11 07:04:06,818] {logging_mixin.py:109} INFO - [2022-05-11 07:04:06,818] {dagbag.py:500} INFO - Filling up the DagBag from /home/airflow/.local/lib/python3.7/site-packages/airflow/example_dags/example_task_group.py
[2022-05-11 07:04:06,839] {processor.py:652} INFO - DAG(s) dict_keys(['example_task_group']) retrieved from /home/airflow/.local/lib/python3.7/site-packages/airflow/example_dags/example_task_group.py
[2022-05-11 07:04:06,862] {logging_mixin.py:109} INFO - [2022-05-11 07:04:06,862] {dag.py:2398} INFO - Sync 1 DAGs
[2022-05-11 07:04:06,877] {logging_mixin.py:109} INFO - [2022-05-11 07:04:06,877] {dag.py:2937} INFO - Setting next_dagrun for example_task_group to 2022-05-10T07:04:06.877426+00:00
[2022-05-11 07:04:06,892] {processor.py:171} INFO - Processing /home/airflow/.local/lib/python3.7/site-packages/airflow/example_dags/example_task_group.py took 0.080 seconds
[2022-05-11 07:04:37,258] {processor.py:163} INFO - Started process (PID=30013) to work on /home/airflow/.local/lib/python3.7/site-packages/airflow/example_dags/example_task_group.py
[2022-05-11 07:04:37,260] {processor.py:642} INFO - Processing file /home/airflow/.local/lib/python3.7/site-packages/airflow/example_dags/example_task_group.py for tasks to queue
[2022-05-11 07:04:37,261] {logging_mixin.py:109} INFO - [2022-05-11 07:04:37,261] {dagbag.py:500} INFO - Filling up the DagBag from /home/airflow/.local/lib/python3.7/site-packages/airflow/example_dags/example_task_group.py
[2022-05-11 07:04:37,275] {processor.py:652} INFO - DAG(s) dict_keys(['example_task_group']) retrieved from /home/airflow/.local/lib/python3.7/site-packages/airflow/example_dags/example_task_group.py
[2022-05-11 07:04:37,294] {logging_mixin.py:109} INFO - [2022-05-11 07:04:37,294] {dag.py:2398} INFO - Sync 1 DAGs
[2022-05-11 07:04:37,309] {logging_mixin.py:109} INFO - [2022-05-11 07:04:37,309] {dag.py:2937} INFO - Setting next_dagrun for example_task_group to 2022-05-10T07:04:37.308888+00:00
[2022-05-11 07:04:37,323] {processor.py:171} INFO - Processing /home/airflow/.local/lib/python3.7/site-packages/airflow/example_dags/example_task_group.py took 0.068 seconds
[2022-05-11 07:05:07,775] {processor.py:163} INFO - Started process (PID=30077) to work on /home/airflow/.local/lib/python3.7/site-packages/airflow/example_dags/example_task_group.py
[2022-05-11 07:05:07,777] {processor.py:642} INFO - Processing file /home/airflow/.local/lib/python3.7/site-packages/airflow/example_dags/example_task_group.py for tasks to queue
[2022-05-11 07:05:07,778] {logging_mixin.py:109} INFO - [2022-05-11 07:05:07,777] {dagbag.py:500} INFO - Filling up the DagBag from /home/airflow/.local/lib/python3.7/site-packages/airflow/example_dags/example_task_group.py
[2022-05-11 07:05:07,795] {processor.py:652} INFO - DAG(s) dict_keys(['example_task_group']) retrieved from /home/airflow/.local/lib/python3.7/site-packages/airflow/example_dags/example_task_group.py
[2022-05-11 07:05:07,819] {logging_mixin.py:109} INFO - [2022-05-11 07:05:07,819] {dag.py:2398} INFO - Sync 1 DAGs
[2022-05-11 07:05:07,836] {logging_mixin.py:109} INFO - [2022-05-11 07:05:07,836] {dag.py:2937} INFO - Setting next_dagrun for example_task_group to 2022-05-10T07:05:07.836198+00:00
[2022-05-11 07:05:07,852] {processor.py:171} INFO - Processing /home/airflow/.local/lib/python3.7/site-packages/airflow/example_dags/example_task_group.py took 0.080 seconds
[2022-05-11 07:05:38,218] {processor.py:163} INFO - Started process (PID=30151) to work on /home/airflow/.local/lib/python3.7/site-packages/airflow/example_dags/example_task_group.py
[2022-05-11 07:05:38,221] {processor.py:642} INFO - Processing file /home/airflow/.local/lib/python3.7/site-packages/airflow/example_dags/example_task_group.py for tasks to queue
[2022-05-11 07:05:38,222] {logging_mixin.py:109} INFO - [2022-05-11 07:05:38,222] {dagbag.py:500} INFO - Filling up the DagBag from /home/airflow/.local/lib/python3.7/site-packages/airflow/example_dags/example_task_group.py
[2022-05-11 07:05:38,237] {processor.py:652} INFO - DAG(s) dict_keys(['example_task_group']) retrieved from /home/airflow/.local/lib/python3.7/site-packages/airflow/example_dags/example_task_group.py
[2022-05-11 07:05:38,294] {logging_mixin.py:109} INFO - [2022-05-11 07:05:38,293] {dag.py:2398} INFO - Sync 1 DAGs
[2022-05-11 07:05:38,311] {logging_mixin.py:109} INFO - [2022-05-11 07:05:38,311] {dag.py:2937} INFO - Setting next_dagrun for example_task_group to 2022-05-10T07:05:38.311400+00:00
[2022-05-11 07:05:38,325] {processor.py:171} INFO - Processing /home/airflow/.local/lib/python3.7/site-packages/airflow/example_dags/example_task_group.py took 0.110 seconds
[2022-05-11 07:06:08,660] {processor.py:163} INFO - Started process (PID=30223) to work on /home/airflow/.local/lib/python3.7/site-packages/airflow/example_dags/example_task_group.py
[2022-05-11 07:06:08,662] {processor.py:642} INFO - Processing file /home/airflow/.local/lib/python3.7/site-packages/airflow/example_dags/example_task_group.py for tasks to queue
[2022-05-11 07:06:08,662] {logging_mixin.py:109} INFO - [2022-05-11 07:06:08,662] {dagbag.py:500} INFO - Filling up the DagBag from /home/airflow/.local/lib/python3.7/site-packages/airflow/example_dags/example_task_group.py
[2022-05-11 07:06:08,679] {processor.py:652} INFO - DAG(s) dict_keys(['example_task_group']) retrieved from /home/airflow/.local/lib/python3.7/site-packages/airflow/example_dags/example_task_group.py
[2022-05-11 07:06:08,701] {logging_mixin.py:109} INFO - [2022-05-11 07:06:08,701] {dag.py:2398} INFO - Sync 1 DAGs
[2022-05-11 07:06:08,716] {logging_mixin.py:109} INFO - [2022-05-11 07:06:08,716] {dag.py:2937} INFO - Setting next_dagrun for example_task_group to 2022-05-10T07:06:08.715795+00:00
[2022-05-11 07:06:08,729] {processor.py:171} INFO - Processing /home/airflow/.local/lib/python3.7/site-packages/airflow/example_dags/example_task_group.py took 0.073 seconds
[2022-05-11 07:06:39,169] {processor.py:163} INFO - Started process (PID=30285) to work on /home/airflow/.local/lib/python3.7/site-packages/airflow/example_dags/example_task_group.py
[2022-05-11 07:06:39,170] {processor.py:642} INFO - Processing file /home/airflow/.local/lib/python3.7/site-packages/airflow/example_dags/example_task_group.py for tasks to queue
[2022-05-11 07:06:39,171] {logging_mixin.py:109} INFO - [2022-05-11 07:06:39,171] {dagbag.py:500} INFO - Filling up the DagBag from /home/airflow/.local/lib/python3.7/site-packages/airflow/example_dags/example_task_group.py
[2022-05-11 07:06:39,185] {processor.py:652} INFO - DAG(s) dict_keys(['example_task_group']) retrieved from /home/airflow/.local/lib/python3.7/site-packages/airflow/example_dags/example_task_group.py
[2022-05-11 07:06:39,203] {logging_mixin.py:109} INFO - [2022-05-11 07:06:39,203] {dag.py:2398} INFO - Sync 1 DAGs
[2022-05-11 07:06:39,216] {logging_mixin.py:109} INFO - [2022-05-11 07:06:39,216] {dag.py:2937} INFO - Setting next_dagrun for example_task_group to 2022-05-10T07:06:39.216555+00:00
[2022-05-11 07:06:39,232] {processor.py:171} INFO - Processing /home/airflow/.local/lib/python3.7/site-packages/airflow/example_dags/example_task_group.py took 0.066 seconds
[2022-05-11 07:07:09,731] {processor.py:163} INFO - Started process (PID=30356) to work on /home/airflow/.local/lib/python3.7/site-packages/airflow/example_dags/example_task_group.py
[2022-05-11 07:07:09,733] {processor.py:642} INFO - Processing file /home/airflow/.local/lib/python3.7/site-packages/airflow/example_dags/example_task_group.py for tasks to queue
[2022-05-11 07:07:09,734] {logging_mixin.py:109} INFO - [2022-05-11 07:07:09,734] {dagbag.py:500} INFO - Filling up the DagBag from /home/airflow/.local/lib/python3.7/site-packages/airflow/example_dags/example_task_group.py
[2022-05-11 07:07:09,755] {processor.py:652} INFO - DAG(s) dict_keys(['example_task_group']) retrieved from /home/airflow/.local/lib/python3.7/site-packages/airflow/example_dags/example_task_group.py
[2022-05-11 07:07:09,775] {logging_mixin.py:109} INFO - [2022-05-11 07:07:09,775] {dag.py:2398} INFO - Sync 1 DAGs
[2022-05-11 07:07:09,790] {logging_mixin.py:109} INFO - [2022-05-11 07:07:09,790] {dag.py:2937} INFO - Setting next_dagrun for example_task_group to 2022-05-10T07:07:09.790300+00:00
[2022-05-11 07:07:09,807] {processor.py:171} INFO - Processing /home/airflow/.local/lib/python3.7/site-packages/airflow/example_dags/example_task_group.py took 0.080 seconds
[2022-05-11 07:07:39,946] {processor.py:163} INFO - Started process (PID=30420) to work on /home/airflow/.local/lib/python3.7/site-packages/airflow/example_dags/example_task_group.py
[2022-05-11 07:07:39,948] {processor.py:642} INFO - Processing file /home/airflow/.local/lib/python3.7/site-packages/airflow/example_dags/example_task_group.py for tasks to queue
[2022-05-11 07:07:39,949] {logging_mixin.py:109} INFO - [2022-05-11 07:07:39,949] {dagbag.py:500} INFO - Filling up the DagBag from /home/airflow/.local/lib/python3.7/site-packages/airflow/example_dags/example_task_group.py
[2022-05-11 07:07:39,963] {processor.py:652} INFO - DAG(s) dict_keys(['example_task_group']) retrieved from /home/airflow/.local/lib/python3.7/site-packages/airflow/example_dags/example_task_group.py
[2022-05-11 07:07:39,981] {logging_mixin.py:109} INFO - [2022-05-11 07:07:39,981] {dag.py:2398} INFO - Sync 1 DAGs
[2022-05-11 07:07:39,995] {logging_mixin.py:109} INFO - [2022-05-11 07:07:39,995] {dag.py:2937} INFO - Setting next_dagrun for example_task_group to 2022-05-10T07:07:39.995244+00:00
[2022-05-11 07:07:40,009] {processor.py:171} INFO - Processing /home/airflow/.local/lib/python3.7/site-packages/airflow/example_dags/example_task_group.py took 0.067 seconds
[2022-05-11 07:08:10,267] {processor.py:163} INFO - Started process (PID=30492) to work on /home/airflow/.local/lib/python3.7/site-packages/airflow/example_dags/example_task_group.py
[2022-05-11 07:08:10,269] {processor.py:642} INFO - Processing file /home/airflow/.local/lib/python3.7/site-packages/airflow/example_dags/example_task_group.py for tasks to queue
[2022-05-11 07:08:10,271] {logging_mixin.py:109} INFO - [2022-05-11 07:08:10,271] {dagbag.py:500} INFO - Filling up the DagBag from /home/airflow/.local/lib/python3.7/site-packages/airflow/example_dags/example_task_group.py
[2022-05-11 07:08:10,286] {processor.py:652} INFO - DAG(s) dict_keys(['example_task_group']) retrieved from /home/airflow/.local/lib/python3.7/site-packages/airflow/example_dags/example_task_group.py
[2022-05-11 07:08:10,309] {logging_mixin.py:109} INFO - [2022-05-11 07:08:10,309] {dag.py:2398} INFO - Sync 1 DAGs
[2022-05-11 07:08:10,326] {logging_mixin.py:109} INFO - [2022-05-11 07:08:10,326] {dag.py:2937} INFO - Setting next_dagrun for example_task_group to 2022-05-10T07:08:10.326078+00:00
[2022-05-11 07:08:10,344] {processor.py:171} INFO - Processing /home/airflow/.local/lib/python3.7/site-packages/airflow/example_dags/example_task_group.py took 0.080 seconds
[2022-05-11 07:08:40,815] {processor.py:163} INFO - Started process (PID=30554) to work on /home/airflow/.local/lib/python3.7/site-packages/airflow/example_dags/example_task_group.py
[2022-05-11 07:08:40,817] {processor.py:642} INFO - Processing file /home/airflow/.local/lib/python3.7/site-packages/airflow/example_dags/example_task_group.py for tasks to queue
[2022-05-11 07:08:40,818] {logging_mixin.py:109} INFO - [2022-05-11 07:08:40,818] {dagbag.py:500} INFO - Filling up the DagBag from /home/airflow/.local/lib/python3.7/site-packages/airflow/example_dags/example_task_group.py
[2022-05-11 07:08:40,836] {processor.py:652} INFO - DAG(s) dict_keys(['example_task_group']) retrieved from /home/airflow/.local/lib/python3.7/site-packages/airflow/example_dags/example_task_group.py
[2022-05-11 07:08:40,855] {logging_mixin.py:109} INFO - [2022-05-11 07:08:40,855] {dag.py:2398} INFO - Sync 1 DAGs
[2022-05-11 07:08:40,868] {logging_mixin.py:109} INFO - [2022-05-11 07:08:40,868] {dag.py:2937} INFO - Setting next_dagrun for example_task_group to 2022-05-10T07:08:40.868364+00:00
[2022-05-11 07:08:40,883] {processor.py:171} INFO - Processing /home/airflow/.local/lib/python3.7/site-packages/airflow/example_dags/example_task_group.py took 0.072 seconds
[2022-05-11 07:09:11,178] {processor.py:163} INFO - Started process (PID=30627) to work on /home/airflow/.local/lib/python3.7/site-packages/airflow/example_dags/example_task_group.py
[2022-05-11 07:09:11,180] {processor.py:642} INFO - Processing file /home/airflow/.local/lib/python3.7/site-packages/airflow/example_dags/example_task_group.py for tasks to queue
[2022-05-11 07:09:11,181] {logging_mixin.py:109} INFO - [2022-05-11 07:09:11,181] {dagbag.py:500} INFO - Filling up the DagBag from /home/airflow/.local/lib/python3.7/site-packages/airflow/example_dags/example_task_group.py
[2022-05-11 07:09:11,198] {processor.py:652} INFO - DAG(s) dict_keys(['example_task_group']) retrieved from /home/airflow/.local/lib/python3.7/site-packages/airflow/example_dags/example_task_group.py
[2022-05-11 07:09:11,220] {logging_mixin.py:109} INFO - [2022-05-11 07:09:11,220] {dag.py:2398} INFO - Sync 1 DAGs
[2022-05-11 07:09:11,236] {logging_mixin.py:109} INFO - [2022-05-11 07:09:11,236] {dag.py:2937} INFO - Setting next_dagrun for example_task_group to 2022-05-10T07:09:11.236108+00:00
[2022-05-11 07:09:11,252] {processor.py:171} INFO - Processing /home/airflow/.local/lib/python3.7/site-packages/airflow/example_dags/example_task_group.py took 0.077 seconds
[2022-05-11 07:09:41,613] {processor.py:163} INFO - Started process (PID=30689) to work on /home/airflow/.local/lib/python3.7/site-packages/airflow/example_dags/example_task_group.py
[2022-05-11 07:09:41,615] {processor.py:642} INFO - Processing file /home/airflow/.local/lib/python3.7/site-packages/airflow/example_dags/example_task_group.py for tasks to queue
[2022-05-11 07:09:41,616] {logging_mixin.py:109} INFO - [2022-05-11 07:09:41,616] {dagbag.py:500} INFO - Filling up the DagBag from /home/airflow/.local/lib/python3.7/site-packages/airflow/example_dags/example_task_group.py
[2022-05-11 07:09:41,632] {processor.py:652} INFO - DAG(s) dict_keys(['example_task_group']) retrieved from /home/airflow/.local/lib/python3.7/site-packages/airflow/example_dags/example_task_group.py
[2022-05-11 07:09:41,652] {logging_mixin.py:109} INFO - [2022-05-11 07:09:41,652] {dag.py:2398} INFO - Sync 1 DAGs
[2022-05-11 07:09:41,667] {logging_mixin.py:109} INFO - [2022-05-11 07:09:41,667] {dag.py:2937} INFO - Setting next_dagrun for example_task_group to 2022-05-10T07:09:41.666839+00:00
[2022-05-11 07:09:41,680] {processor.py:171} INFO - Processing /home/airflow/.local/lib/python3.7/site-packages/airflow/example_dags/example_task_group.py took 0.070 seconds
[2022-05-11 07:10:12,131] {processor.py:163} INFO - Started process (PID=30761) to work on /home/airflow/.local/lib/python3.7/site-packages/airflow/example_dags/example_task_group.py
[2022-05-11 07:10:12,134] {processor.py:642} INFO - Processing file /home/airflow/.local/lib/python3.7/site-packages/airflow/example_dags/example_task_group.py for tasks to queue
[2022-05-11 07:10:12,135] {logging_mixin.py:109} INFO - [2022-05-11 07:10:12,135] {dagbag.py:500} INFO - Filling up the DagBag from /home/airflow/.local/lib/python3.7/site-packages/airflow/example_dags/example_task_group.py
[2022-05-11 07:10:12,160] {processor.py:652} INFO - DAG(s) dict_keys(['example_task_group']) retrieved from /home/airflow/.local/lib/python3.7/site-packages/airflow/example_dags/example_task_group.py
[2022-05-11 07:10:12,184] {logging_mixin.py:109} INFO - [2022-05-11 07:10:12,184] {dag.py:2398} INFO - Sync 1 DAGs
[2022-05-11 07:10:12,202] {logging_mixin.py:109} INFO - [2022-05-11 07:10:12,201] {dag.py:2937} INFO - Setting next_dagrun for example_task_group to 2022-05-10T07:10:12.201707+00:00
[2022-05-11 07:10:12,216] {processor.py:171} INFO - Processing /home/airflow/.local/lib/python3.7/site-packages/airflow/example_dags/example_task_group.py took 0.090 seconds
[2022-05-11 07:10:42,950] {processor.py:163} INFO - Started process (PID=30834) to work on /home/airflow/.local/lib/python3.7/site-packages/airflow/example_dags/example_task_group.py
[2022-05-11 07:10:42,952] {processor.py:642} INFO - Processing file /home/airflow/.local/lib/python3.7/site-packages/airflow/example_dags/example_task_group.py for tasks to queue
[2022-05-11 07:10:42,953] {logging_mixin.py:109} INFO - [2022-05-11 07:10:42,953] {dagbag.py:500} INFO - Filling up the DagBag from /home/airflow/.local/lib/python3.7/site-packages/airflow/example_dags/example_task_group.py
[2022-05-11 07:10:42,978] {processor.py:652} INFO - DAG(s) dict_keys(['example_task_group']) retrieved from /home/airflow/.local/lib/python3.7/site-packages/airflow/example_dags/example_task_group.py
[2022-05-11 07:10:43,024] {logging_mixin.py:109} INFO - [2022-05-11 07:10:43,023] {dag.py:2398} INFO - Sync 1 DAGs
[2022-05-11 07:10:43,047] {logging_mixin.py:109} INFO - [2022-05-11 07:10:43,047] {dag.py:2937} INFO - Setting next_dagrun for example_task_group to 2022-05-10T07:10:43.047202+00:00
[2022-05-11 07:10:43,070] {processor.py:171} INFO - Processing /home/airflow/.local/lib/python3.7/site-packages/airflow/example_dags/example_task_group.py took 0.123 seconds
[2022-05-11 07:11:13,424] {processor.py:163} INFO - Started process (PID=30897) to work on /home/airflow/.local/lib/python3.7/site-packages/airflow/example_dags/example_task_group.py
[2022-05-11 07:11:13,426] {processor.py:642} INFO - Processing file /home/airflow/.local/lib/python3.7/site-packages/airflow/example_dags/example_task_group.py for tasks to queue
[2022-05-11 07:11:13,427] {logging_mixin.py:109} INFO - [2022-05-11 07:11:13,427] {dagbag.py:500} INFO - Filling up the DagBag from /home/airflow/.local/lib/python3.7/site-packages/airflow/example_dags/example_task_group.py
[2022-05-11 07:11:13,453] {processor.py:652} INFO - DAG(s) dict_keys(['example_task_group']) retrieved from /home/airflow/.local/lib/python3.7/site-packages/airflow/example_dags/example_task_group.py
[2022-05-11 07:11:13,476] {logging_mixin.py:109} INFO - [2022-05-11 07:11:13,476] {dag.py:2398} INFO - Sync 1 DAGs
[2022-05-11 07:11:13,491] {logging_mixin.py:109} INFO - [2022-05-11 07:11:13,491] {dag.py:2937} INFO - Setting next_dagrun for example_task_group to 2022-05-10T07:11:13.490555+00:00
[2022-05-11 07:11:13,503] {processor.py:171} INFO - Processing /home/airflow/.local/lib/python3.7/site-packages/airflow/example_dags/example_task_group.py took 0.084 seconds
[2022-05-11 07:11:43,895] {processor.py:163} INFO - Started process (PID=30970) to work on /home/airflow/.local/lib/python3.7/site-packages/airflow/example_dags/example_task_group.py
[2022-05-11 07:11:43,896] {processor.py:642} INFO - Processing file /home/airflow/.local/lib/python3.7/site-packages/airflow/example_dags/example_task_group.py for tasks to queue
[2022-05-11 07:11:43,897] {logging_mixin.py:109} INFO - [2022-05-11 07:11:43,897] {dagbag.py:500} INFO - Filling up the DagBag from /home/airflow/.local/lib/python3.7/site-packages/airflow/example_dags/example_task_group.py
[2022-05-11 07:11:43,916] {processor.py:652} INFO - DAG(s) dict_keys(['example_task_group']) retrieved from /home/airflow/.local/lib/python3.7/site-packages/airflow/example_dags/example_task_group.py
[2022-05-11 07:11:43,935] {logging_mixin.py:109} INFO - [2022-05-11 07:11:43,935] {dag.py:2398} INFO - Sync 1 DAGs
[2022-05-11 07:11:43,949] {logging_mixin.py:109} INFO - [2022-05-11 07:11:43,949] {dag.py:2937} INFO - Setting next_dagrun for example_task_group to 2022-05-10T07:11:43.948802+00:00
[2022-05-11 07:11:43,963] {processor.py:171} INFO - Processing /home/airflow/.local/lib/python3.7/site-packages/airflow/example_dags/example_task_group.py took 0.071 seconds
[2022-05-11 07:12:14,628] {processor.py:163} INFO - Started process (PID=31033) to work on /home/airflow/.local/lib/python3.7/site-packages/airflow/example_dags/example_task_group.py
[2022-05-11 07:12:14,630] {processor.py:642} INFO - Processing file /home/airflow/.local/lib/python3.7/site-packages/airflow/example_dags/example_task_group.py for tasks to queue
[2022-05-11 07:12:14,631] {logging_mixin.py:109} INFO - [2022-05-11 07:12:14,631] {dagbag.py:500} INFO - Filling up the DagBag from /home/airflow/.local/lib/python3.7/site-packages/airflow/example_dags/example_task_group.py
[2022-05-11 07:12:14,650] {processor.py:652} INFO - DAG(s) dict_keys(['example_task_group']) retrieved from /home/airflow/.local/lib/python3.7/site-packages/airflow/example_dags/example_task_group.py
[2022-05-11 07:12:14,678] {logging_mixin.py:109} INFO - [2022-05-11 07:12:14,678] {dag.py:2398} INFO - Sync 1 DAGs
[2022-05-11 07:12:14,695] {logging_mixin.py:109} INFO - [2022-05-11 07:12:14,695] {dag.py:2937} INFO - Setting next_dagrun for example_task_group to 2022-05-10T07:12:14.694765+00:00
[2022-05-11 07:12:14,709] {processor.py:171} INFO - Processing /home/airflow/.local/lib/python3.7/site-packages/airflow/example_dags/example_task_group.py took 0.085 seconds
[2022-05-11 07:12:44,868] {processor.py:163} INFO - Started process (PID=31107) to work on /home/airflow/.local/lib/python3.7/site-packages/airflow/example_dags/example_task_group.py
[2022-05-11 07:12:44,869] {processor.py:642} INFO - Processing file /home/airflow/.local/lib/python3.7/site-packages/airflow/example_dags/example_task_group.py for tasks to queue
[2022-05-11 07:12:44,870] {logging_mixin.py:109} INFO - [2022-05-11 07:12:44,870] {dagbag.py:500} INFO - Filling up the DagBag from /home/airflow/.local/lib/python3.7/site-packages/airflow/example_dags/example_task_group.py
[2022-05-11 07:12:44,886] {processor.py:652} INFO - DAG(s) dict_keys(['example_task_group']) retrieved from /home/airflow/.local/lib/python3.7/site-packages/airflow/example_dags/example_task_group.py
[2022-05-11 07:12:44,916] {logging_mixin.py:109} INFO - [2022-05-11 07:12:44,916] {dag.py:2398} INFO - Sync 1 DAGs
[2022-05-11 07:12:44,934] {logging_mixin.py:109} INFO - [2022-05-11 07:12:44,934] {dag.py:2937} INFO - Setting next_dagrun for example_task_group to 2022-05-10T07:12:44.934119+00:00
[2022-05-11 07:12:44,948] {processor.py:171} INFO - Processing /home/airflow/.local/lib/python3.7/site-packages/airflow/example_dags/example_task_group.py took 0.083 seconds
[2022-05-11 07:13:15,887] {processor.py:163} INFO - Started process (PID=31170) to work on /home/airflow/.local/lib/python3.7/site-packages/airflow/example_dags/example_task_group.py
[2022-05-11 07:13:15,888] {processor.py:642} INFO - Processing file /home/airflow/.local/lib/python3.7/site-packages/airflow/example_dags/example_task_group.py for tasks to queue
[2022-05-11 07:13:15,889] {logging_mixin.py:109} INFO - [2022-05-11 07:13:15,889] {dagbag.py:500} INFO - Filling up the DagBag from /home/airflow/.local/lib/python3.7/site-packages/airflow/example_dags/example_task_group.py
[2022-05-11 07:13:15,904] {processor.py:652} INFO - DAG(s) dict_keys(['example_task_group']) retrieved from /home/airflow/.local/lib/python3.7/site-packages/airflow/example_dags/example_task_group.py
[2022-05-11 07:13:15,928] {logging_mixin.py:109} INFO - [2022-05-11 07:13:15,928] {dag.py:2398} INFO - Sync 1 DAGs
[2022-05-11 07:13:15,942] {logging_mixin.py:109} INFO - [2022-05-11 07:13:15,942] {dag.py:2937} INFO - Setting next_dagrun for example_task_group to 2022-05-10T07:13:15.941904+00:00
[2022-05-11 07:13:15,958] {processor.py:171} INFO - Processing /home/airflow/.local/lib/python3.7/site-packages/airflow/example_dags/example_task_group.py took 0.074 seconds
[2022-05-11 07:13:46,283] {processor.py:163} INFO - Started process (PID=31244) to work on /home/airflow/.local/lib/python3.7/site-packages/airflow/example_dags/example_task_group.py
[2022-05-11 07:13:46,284] {processor.py:642} INFO - Processing file /home/airflow/.local/lib/python3.7/site-packages/airflow/example_dags/example_task_group.py for tasks to queue
[2022-05-11 07:13:46,285] {logging_mixin.py:109} INFO - [2022-05-11 07:13:46,285] {dagbag.py:500} INFO - Filling up the DagBag from /home/airflow/.local/lib/python3.7/site-packages/airflow/example_dags/example_task_group.py
[2022-05-11 07:13:46,302] {processor.py:652} INFO - DAG(s) dict_keys(['example_task_group']) retrieved from /home/airflow/.local/lib/python3.7/site-packages/airflow/example_dags/example_task_group.py
[2022-05-11 07:13:46,323] {logging_mixin.py:109} INFO - [2022-05-11 07:13:46,322] {dag.py:2398} INFO - Sync 1 DAGs
[2022-05-11 07:13:46,340] {logging_mixin.py:109} INFO - [2022-05-11 07:13:46,340] {dag.py:2937} INFO - Setting next_dagrun for example_task_group to 2022-05-10T07:13:46.340558+00:00
[2022-05-11 07:13:46,356] {processor.py:171} INFO - Processing /home/airflow/.local/lib/python3.7/site-packages/airflow/example_dags/example_task_group.py took 0.076 seconds
[2022-05-11 07:14:16,722] {processor.py:163} INFO - Started process (PID=31306) to work on /home/airflow/.local/lib/python3.7/site-packages/airflow/example_dags/example_task_group.py
[2022-05-11 07:14:16,723] {processor.py:642} INFO - Processing file /home/airflow/.local/lib/python3.7/site-packages/airflow/example_dags/example_task_group.py for tasks to queue
[2022-05-11 07:14:16,724] {logging_mixin.py:109} INFO - [2022-05-11 07:14:16,724] {dagbag.py:500} INFO - Filling up the DagBag from /home/airflow/.local/lib/python3.7/site-packages/airflow/example_dags/example_task_group.py
[2022-05-11 07:14:16,740] {processor.py:652} INFO - DAG(s) dict_keys(['example_task_group']) retrieved from /home/airflow/.local/lib/python3.7/site-packages/airflow/example_dags/example_task_group.py
[2022-05-11 07:14:16,763] {logging_mixin.py:109} INFO - [2022-05-11 07:14:16,763] {dag.py:2398} INFO - Sync 1 DAGs
[2022-05-11 07:14:16,781] {logging_mixin.py:109} INFO - [2022-05-11 07:14:16,781] {dag.py:2937} INFO - Setting next_dagrun for example_task_group to 2022-05-10T07:14:16.780841+00:00
[2022-05-11 07:14:16,795] {processor.py:171} INFO - Processing /home/airflow/.local/lib/python3.7/site-packages/airflow/example_dags/example_task_group.py took 0.076 seconds
[2022-05-11 07:14:47,170] {processor.py:163} INFO - Started process (PID=31379) to work on /home/airflow/.local/lib/python3.7/site-packages/airflow/example_dags/example_task_group.py
[2022-05-11 07:14:47,172] {processor.py:642} INFO - Processing file /home/airflow/.local/lib/python3.7/site-packages/airflow/example_dags/example_task_group.py for tasks to queue
[2022-05-11 07:14:47,173] {logging_mixin.py:109} INFO - [2022-05-11 07:14:47,173] {dagbag.py:500} INFO - Filling up the DagBag from /home/airflow/.local/lib/python3.7/site-packages/airflow/example_dags/example_task_group.py
[2022-05-11 07:14:47,190] {processor.py:652} INFO - DAG(s) dict_keys(['example_task_group']) retrieved from /home/airflow/.local/lib/python3.7/site-packages/airflow/example_dags/example_task_group.py
[2022-05-11 07:14:47,212] {logging_mixin.py:109} INFO - [2022-05-11 07:14:47,211] {dag.py:2398} INFO - Sync 1 DAGs
[2022-05-11 07:14:47,229] {logging_mixin.py:109} INFO - [2022-05-11 07:14:47,228] {dag.py:2937} INFO - Setting next_dagrun for example_task_group to 2022-05-10T07:14:47.228597+00:00
[2022-05-11 07:14:47,244] {processor.py:171} INFO - Processing /home/airflow/.local/lib/python3.7/site-packages/airflow/example_dags/example_task_group.py took 0.078 seconds
[2022-05-11 07:15:17,425] {processor.py:163} INFO - Started process (PID=31442) to work on /home/airflow/.local/lib/python3.7/site-packages/airflow/example_dags/example_task_group.py
[2022-05-11 07:15:17,426] {processor.py:642} INFO - Processing file /home/airflow/.local/lib/python3.7/site-packages/airflow/example_dags/example_task_group.py for tasks to queue
[2022-05-11 07:15:17,427] {logging_mixin.py:109} INFO - [2022-05-11 07:15:17,427] {dagbag.py:500} INFO - Filling up the DagBag from /home/airflow/.local/lib/python3.7/site-packages/airflow/example_dags/example_task_group.py
[2022-05-11 07:15:17,445] {processor.py:652} INFO - DAG(s) dict_keys(['example_task_group']) retrieved from /home/airflow/.local/lib/python3.7/site-packages/airflow/example_dags/example_task_group.py
[2022-05-11 07:15:17,468] {logging_mixin.py:109} INFO - [2022-05-11 07:15:17,468] {dag.py:2398} INFO - Sync 1 DAGs
[2022-05-11 07:15:17,484] {logging_mixin.py:109} INFO - [2022-05-11 07:15:17,484] {dag.py:2937} INFO - Setting next_dagrun for example_task_group to 2022-05-10T07:15:17.484234+00:00
[2022-05-11 07:15:17,499] {processor.py:171} INFO - Processing /home/airflow/.local/lib/python3.7/site-packages/airflow/example_dags/example_task_group.py took 0.078 seconds
[2022-05-11 07:15:47,664] {processor.py:163} INFO - Started process (PID=31517) to work on /home/airflow/.local/lib/python3.7/site-packages/airflow/example_dags/example_task_group.py
[2022-05-11 07:15:47,666] {processor.py:642} INFO - Processing file /home/airflow/.local/lib/python3.7/site-packages/airflow/example_dags/example_task_group.py for tasks to queue
[2022-05-11 07:15:47,667] {logging_mixin.py:109} INFO - [2022-05-11 07:15:47,667] {dagbag.py:500} INFO - Filling up the DagBag from /home/airflow/.local/lib/python3.7/site-packages/airflow/example_dags/example_task_group.py
[2022-05-11 07:15:47,684] {processor.py:652} INFO - DAG(s) dict_keys(['example_task_group']) retrieved from /home/airflow/.local/lib/python3.7/site-packages/airflow/example_dags/example_task_group.py
[2022-05-11 07:15:47,706] {logging_mixin.py:109} INFO - [2022-05-11 07:15:47,706] {dag.py:2398} INFO - Sync 1 DAGs
[2022-05-11 07:15:47,723] {logging_mixin.py:109} INFO - [2022-05-11 07:15:47,723] {dag.py:2937} INFO - Setting next_dagrun for example_task_group to 2022-05-10T07:15:47.723399+00:00
[2022-05-11 07:15:47,738] {processor.py:171} INFO - Processing /home/airflow/.local/lib/python3.7/site-packages/airflow/example_dags/example_task_group.py took 0.077 seconds
[2022-05-11 07:16:18,142] {processor.py:163} INFO - Started process (PID=31581) to work on /home/airflow/.local/lib/python3.7/site-packages/airflow/example_dags/example_task_group.py
[2022-05-11 07:16:18,143] {processor.py:642} INFO - Processing file /home/airflow/.local/lib/python3.7/site-packages/airflow/example_dags/example_task_group.py for tasks to queue
[2022-05-11 07:16:18,144] {logging_mixin.py:109} INFO - [2022-05-11 07:16:18,144] {dagbag.py:500} INFO - Filling up the DagBag from /home/airflow/.local/lib/python3.7/site-packages/airflow/example_dags/example_task_group.py
[2022-05-11 07:16:18,160] {processor.py:652} INFO - DAG(s) dict_keys(['example_task_group']) retrieved from /home/airflow/.local/lib/python3.7/site-packages/airflow/example_dags/example_task_group.py
[2022-05-11 07:16:18,187] {logging_mixin.py:109} INFO - [2022-05-11 07:16:18,187] {dag.py:2398} INFO - Sync 1 DAGs
[2022-05-11 07:16:18,202] {logging_mixin.py:109} INFO - [2022-05-11 07:16:18,201] {dag.py:2937} INFO - Setting next_dagrun for example_task_group to 2022-05-10T07:16:18.201713+00:00
[2022-05-11 07:16:18,217] {processor.py:171} INFO - Processing /home/airflow/.local/lib/python3.7/site-packages/airflow/example_dags/example_task_group.py took 0.078 seconds
[2022-05-11 07:16:48,749] {processor.py:163} INFO - Started process (PID=31654) to work on /home/airflow/.local/lib/python3.7/site-packages/airflow/example_dags/example_task_group.py
[2022-05-11 07:16:48,751] {processor.py:642} INFO - Processing file /home/airflow/.local/lib/python3.7/site-packages/airflow/example_dags/example_task_group.py for tasks to queue
[2022-05-11 07:16:48,753] {logging_mixin.py:109} INFO - [2022-05-11 07:16:48,752] {dagbag.py:500} INFO - Filling up the DagBag from /home/airflow/.local/lib/python3.7/site-packages/airflow/example_dags/example_task_group.py
[2022-05-11 07:16:48,785] {processor.py:652} INFO - DAG(s) dict_keys(['example_task_group']) retrieved from /home/airflow/.local/lib/python3.7/site-packages/airflow/example_dags/example_task_group.py
[2022-05-11 07:16:48,823] {logging_mixin.py:109} INFO - [2022-05-11 07:16:48,823] {dag.py:2398} INFO - Sync 1 DAGs
[2022-05-11 07:16:48,853] {logging_mixin.py:109} INFO - [2022-05-11 07:16:48,853] {dag.py:2937} INFO - Setting next_dagrun for example_task_group to 2022-05-10T07:16:48.853335+00:00
[2022-05-11 07:16:48,880] {processor.py:171} INFO - Processing /home/airflow/.local/lib/python3.7/site-packages/airflow/example_dags/example_task_group.py took 0.136 seconds
[2022-05-11 07:17:19,354] {processor.py:163} INFO - Started process (PID=31716) to work on /home/airflow/.local/lib/python3.7/site-packages/airflow/example_dags/example_task_group.py
[2022-05-11 07:17:19,356] {processor.py:642} INFO - Processing file /home/airflow/.local/lib/python3.7/site-packages/airflow/example_dags/example_task_group.py for tasks to queue
[2022-05-11 07:17:19,357] {logging_mixin.py:109} INFO - [2022-05-11 07:17:19,357] {dagbag.py:500} INFO - Filling up the DagBag from /home/airflow/.local/lib/python3.7/site-packages/airflow/example_dags/example_task_group.py
[2022-05-11 07:17:19,379] {processor.py:652} INFO - DAG(s) dict_keys(['example_task_group']) retrieved from /home/airflow/.local/lib/python3.7/site-packages/airflow/example_dags/example_task_group.py
[2022-05-11 07:17:19,408] {logging_mixin.py:109} INFO - [2022-05-11 07:17:19,408] {dag.py:2398} INFO - Sync 1 DAGs
[2022-05-11 07:17:19,427] {logging_mixin.py:109} INFO - [2022-05-11 07:17:19,427] {dag.py:2937} INFO - Setting next_dagrun for example_task_group to 2022-05-10T07:17:19.426946+00:00
[2022-05-11 07:17:19,445] {processor.py:171} INFO - Processing /home/airflow/.local/lib/python3.7/site-packages/airflow/example_dags/example_task_group.py took 0.097 seconds
[2022-05-11 07:17:49,687] {processor.py:163} INFO - Started process (PID=31790) to work on /home/airflow/.local/lib/python3.7/site-packages/airflow/example_dags/example_task_group.py
[2022-05-11 07:17:49,690] {processor.py:642} INFO - Processing file /home/airflow/.local/lib/python3.7/site-packages/airflow/example_dags/example_task_group.py for tasks to queue
[2022-05-11 07:17:49,691] {logging_mixin.py:109} INFO - [2022-05-11 07:17:49,691] {dagbag.py:500} INFO - Filling up the DagBag from /home/airflow/.local/lib/python3.7/site-packages/airflow/example_dags/example_task_group.py
[2022-05-11 07:17:49,709] {processor.py:652} INFO - DAG(s) dict_keys(['example_task_group']) retrieved from /home/airflow/.local/lib/python3.7/site-packages/airflow/example_dags/example_task_group.py
[2022-05-11 07:17:49,735] {logging_mixin.py:109} INFO - [2022-05-11 07:17:49,735] {dag.py:2398} INFO - Sync 1 DAGs
[2022-05-11 07:17:49,751] {logging_mixin.py:109} INFO - [2022-05-11 07:17:49,751] {dag.py:2937} INFO - Setting next_dagrun for example_task_group to 2022-05-10T07:17:49.750662+00:00
[2022-05-11 07:17:49,766] {processor.py:171} INFO - Processing /home/airflow/.local/lib/python3.7/site-packages/airflow/example_dags/example_task_group.py took 0.083 seconds
[2022-05-11 07:18:20,371] {processor.py:163} INFO - Started process (PID=31853) to work on /home/airflow/.local/lib/python3.7/site-packages/airflow/example_dags/example_task_group.py
[2022-05-11 07:18:20,372] {processor.py:642} INFO - Processing file /home/airflow/.local/lib/python3.7/site-packages/airflow/example_dags/example_task_group.py for tasks to queue
[2022-05-11 07:18:20,373] {logging_mixin.py:109} INFO - [2022-05-11 07:18:20,373] {dagbag.py:500} INFO - Filling up the DagBag from /home/airflow/.local/lib/python3.7/site-packages/airflow/example_dags/example_task_group.py
[2022-05-11 07:18:20,392] {processor.py:652} INFO - DAG(s) dict_keys(['example_task_group']) retrieved from /home/airflow/.local/lib/python3.7/site-packages/airflow/example_dags/example_task_group.py
[2022-05-11 07:18:20,416] {logging_mixin.py:109} INFO - [2022-05-11 07:18:20,416] {dag.py:2398} INFO - Sync 1 DAGs
[2022-05-11 07:18:20,434] {logging_mixin.py:109} INFO - [2022-05-11 07:18:20,434] {dag.py:2937} INFO - Setting next_dagrun for example_task_group to 2022-05-10T07:18:20.434246+00:00
[2022-05-11 07:18:20,450] {processor.py:171} INFO - Processing /home/airflow/.local/lib/python3.7/site-packages/airflow/example_dags/example_task_group.py took 0.082 seconds
[2022-05-11 07:18:50,718] {processor.py:163} INFO - Started process (PID=31925) to work on /home/airflow/.local/lib/python3.7/site-packages/airflow/example_dags/example_task_group.py
[2022-05-11 07:18:50,722] {processor.py:642} INFO - Processing file /home/airflow/.local/lib/python3.7/site-packages/airflow/example_dags/example_task_group.py for tasks to queue
[2022-05-11 07:18:50,723] {logging_mixin.py:109} INFO - [2022-05-11 07:18:50,723] {dagbag.py:500} INFO - Filling up the DagBag from /home/airflow/.local/lib/python3.7/site-packages/airflow/example_dags/example_task_group.py
[2022-05-11 07:18:50,741] {processor.py:652} INFO - DAG(s) dict_keys(['example_task_group']) retrieved from /home/airflow/.local/lib/python3.7/site-packages/airflow/example_dags/example_task_group.py
[2022-05-11 07:18:50,771] {logging_mixin.py:109} INFO - [2022-05-11 07:18:50,771] {dag.py:2398} INFO - Sync 1 DAGs
[2022-05-11 07:18:50,788] {logging_mixin.py:109} INFO - [2022-05-11 07:18:50,787] {dag.py:2937} INFO - Setting next_dagrun for example_task_group to 2022-05-10T07:18:50.787584+00:00
[2022-05-11 07:18:50,807] {processor.py:171} INFO - Processing /home/airflow/.local/lib/python3.7/site-packages/airflow/example_dags/example_task_group.py took 0.093 seconds
[2022-05-11 07:19:20,982] {processor.py:163} INFO - Started process (PID=31988) to work on /home/airflow/.local/lib/python3.7/site-packages/airflow/example_dags/example_task_group.py
[2022-05-11 07:19:20,984] {processor.py:642} INFO - Processing file /home/airflow/.local/lib/python3.7/site-packages/airflow/example_dags/example_task_group.py for tasks to queue
[2022-05-11 07:19:20,985] {logging_mixin.py:109} INFO - [2022-05-11 07:19:20,984] {dagbag.py:500} INFO - Filling up the DagBag from /home/airflow/.local/lib/python3.7/site-packages/airflow/example_dags/example_task_group.py
[2022-05-11 07:19:20,999] {processor.py:652} INFO - DAG(s) dict_keys(['example_task_group']) retrieved from /home/airflow/.local/lib/python3.7/site-packages/airflow/example_dags/example_task_group.py
[2022-05-11 07:19:21,023] {logging_mixin.py:109} INFO - [2022-05-11 07:19:21,023] {dag.py:2398} INFO - Sync 1 DAGs
[2022-05-11 07:19:21,039] {logging_mixin.py:109} INFO - [2022-05-11 07:19:21,039] {dag.py:2937} INFO - Setting next_dagrun for example_task_group to 2022-05-10T07:19:21.039135+00:00
[2022-05-11 07:19:21,054] {processor.py:171} INFO - Processing /home/airflow/.local/lib/python3.7/site-packages/airflow/example_dags/example_task_group.py took 0.077 seconds
[2022-05-11 07:19:51,968] {processor.py:163} INFO - Started process (PID=32059) to work on /home/airflow/.local/lib/python3.7/site-packages/airflow/example_dags/example_task_group.py
[2022-05-11 07:19:51,970] {processor.py:642} INFO - Processing file /home/airflow/.local/lib/python3.7/site-packages/airflow/example_dags/example_task_group.py for tasks to queue
[2022-05-11 07:19:51,971] {logging_mixin.py:109} INFO - [2022-05-11 07:19:51,971] {dagbag.py:500} INFO - Filling up the DagBag from /home/airflow/.local/lib/python3.7/site-packages/airflow/example_dags/example_task_group.py
[2022-05-11 07:19:51,992] {processor.py:652} INFO - DAG(s) dict_keys(['example_task_group']) retrieved from /home/airflow/.local/lib/python3.7/site-packages/airflow/example_dags/example_task_group.py
[2022-05-11 07:19:52,024] {logging_mixin.py:109} INFO - [2022-05-11 07:19:52,024] {dag.py:2398} INFO - Sync 1 DAGs
[2022-05-11 07:19:52,042] {logging_mixin.py:109} INFO - [2022-05-11 07:19:52,042] {dag.py:2937} INFO - Setting next_dagrun for example_task_group to 2022-05-10T07:19:52.042421+00:00
[2022-05-11 07:19:52,063] {processor.py:171} INFO - Processing /home/airflow/.local/lib/python3.7/site-packages/airflow/example_dags/example_task_group.py took 0.098 seconds
[2022-05-11 07:20:22,410] {processor.py:163} INFO - Started process (PID=32122) to work on /home/airflow/.local/lib/python3.7/site-packages/airflow/example_dags/example_task_group.py
[2022-05-11 07:20:22,413] {processor.py:642} INFO - Processing file /home/airflow/.local/lib/python3.7/site-packages/airflow/example_dags/example_task_group.py for tasks to queue
[2022-05-11 07:20:22,416] {logging_mixin.py:109} INFO - [2022-05-11 07:20:22,416] {dagbag.py:500} INFO - Filling up the DagBag from /home/airflow/.local/lib/python3.7/site-packages/airflow/example_dags/example_task_group.py
[2022-05-11 07:20:22,438] {processor.py:652} INFO - DAG(s) dict_keys(['example_task_group']) retrieved from /home/airflow/.local/lib/python3.7/site-packages/airflow/example_dags/example_task_group.py
[2022-05-11 07:20:22,469] {logging_mixin.py:109} INFO - [2022-05-11 07:20:22,469] {dag.py:2398} INFO - Sync 1 DAGs
[2022-05-11 07:20:22,489] {logging_mixin.py:109} INFO - [2022-05-11 07:20:22,488] {dag.py:2937} INFO - Setting next_dagrun for example_task_group to 2022-05-10T07:20:22.488441+00:00
[2022-05-11 07:20:22,509] {processor.py:171} INFO - Processing /home/airflow/.local/lib/python3.7/site-packages/airflow/example_dags/example_task_group.py took 0.104 seconds
[2022-05-11 07:20:52,604] {processor.py:163} INFO - Started process (PID=32195) to work on /home/airflow/.local/lib/python3.7/site-packages/airflow/example_dags/example_task_group.py
[2022-05-11 07:20:52,605] {processor.py:642} INFO - Processing file /home/airflow/.local/lib/python3.7/site-packages/airflow/example_dags/example_task_group.py for tasks to queue
[2022-05-11 07:20:52,606] {logging_mixin.py:109} INFO - [2022-05-11 07:20:52,606] {dagbag.py:500} INFO - Filling up the DagBag from /home/airflow/.local/lib/python3.7/site-packages/airflow/example_dags/example_task_group.py
[2022-05-11 07:20:52,625] {processor.py:652} INFO - DAG(s) dict_keys(['example_task_group']) retrieved from /home/airflow/.local/lib/python3.7/site-packages/airflow/example_dags/example_task_group.py
[2022-05-11 07:20:52,648] {logging_mixin.py:109} INFO - [2022-05-11 07:20:52,648] {dag.py:2398} INFO - Sync 1 DAGs
[2022-05-11 07:20:52,666] {logging_mixin.py:109} INFO - [2022-05-11 07:20:52,665] {dag.py:2937} INFO - Setting next_dagrun for example_task_group to 2022-05-10T07:20:52.665534+00:00
[2022-05-11 07:20:52,682] {processor.py:171} INFO - Processing /home/airflow/.local/lib/python3.7/site-packages/airflow/example_dags/example_task_group.py took 0.081 seconds
[2022-05-11 07:21:23,350] {processor.py:163} INFO - Started process (PID=32258) to work on /home/airflow/.local/lib/python3.7/site-packages/airflow/example_dags/example_task_group.py
[2022-05-11 07:21:23,351] {processor.py:642} INFO - Processing file /home/airflow/.local/lib/python3.7/site-packages/airflow/example_dags/example_task_group.py for tasks to queue
[2022-05-11 07:21:23,352] {logging_mixin.py:109} INFO - [2022-05-11 07:21:23,352] {dagbag.py:500} INFO - Filling up the DagBag from /home/airflow/.local/lib/python3.7/site-packages/airflow/example_dags/example_task_group.py
[2022-05-11 07:21:23,366] {processor.py:652} INFO - DAG(s) dict_keys(['example_task_group']) retrieved from /home/airflow/.local/lib/python3.7/site-packages/airflow/example_dags/example_task_group.py
[2022-05-11 07:21:23,391] {logging_mixin.py:109} INFO - [2022-05-11 07:21:23,391] {dag.py:2398} INFO - Sync 1 DAGs
[2022-05-11 07:21:23,405] {logging_mixin.py:109} INFO - [2022-05-11 07:21:23,405] {dag.py:2937} INFO - Setting next_dagrun for example_task_group to 2022-05-10T07:21:23.404785+00:00
[2022-05-11 07:21:23,421] {processor.py:171} INFO - Processing /home/airflow/.local/lib/python3.7/site-packages/airflow/example_dags/example_task_group.py took 0.075 seconds
[2022-05-11 07:21:53,590] {processor.py:163} INFO - Started process (PID=32330) to work on /home/airflow/.local/lib/python3.7/site-packages/airflow/example_dags/example_task_group.py
[2022-05-11 07:21:53,592] {processor.py:642} INFO - Processing file /home/airflow/.local/lib/python3.7/site-packages/airflow/example_dags/example_task_group.py for tasks to queue
[2022-05-11 07:21:53,593] {logging_mixin.py:109} INFO - [2022-05-11 07:21:53,592] {dagbag.py:500} INFO - Filling up the DagBag from /home/airflow/.local/lib/python3.7/site-packages/airflow/example_dags/example_task_group.py
[2022-05-11 07:21:53,610] {processor.py:652} INFO - DAG(s) dict_keys(['example_task_group']) retrieved from /home/airflow/.local/lib/python3.7/site-packages/airflow/example_dags/example_task_group.py
[2022-05-11 07:21:53,634] {logging_mixin.py:109} INFO - [2022-05-11 07:21:53,634] {dag.py:2398} INFO - Sync 1 DAGs
[2022-05-11 07:21:53,653] {logging_mixin.py:109} INFO - [2022-05-11 07:21:53,653] {dag.py:2937} INFO - Setting next_dagrun for example_task_group to 2022-05-10T07:21:53.653121+00:00
[2022-05-11 07:21:53,667] {processor.py:171} INFO - Processing /home/airflow/.local/lib/python3.7/site-packages/airflow/example_dags/example_task_group.py took 0.081 seconds
[2022-05-11 07:22:23,854] {processor.py:163} INFO - Started process (PID=32394) to work on /home/airflow/.local/lib/python3.7/site-packages/airflow/example_dags/example_task_group.py
[2022-05-11 07:22:23,856] {processor.py:642} INFO - Processing file /home/airflow/.local/lib/python3.7/site-packages/airflow/example_dags/example_task_group.py for tasks to queue
[2022-05-11 07:22:23,859] {logging_mixin.py:109} INFO - [2022-05-11 07:22:23,859] {dagbag.py:500} INFO - Filling up the DagBag from /home/airflow/.local/lib/python3.7/site-packages/airflow/example_dags/example_task_group.py
[2022-05-11 07:22:23,901] {processor.py:652} INFO - DAG(s) dict_keys(['example_task_group']) retrieved from /home/airflow/.local/lib/python3.7/site-packages/airflow/example_dags/example_task_group.py
[2022-05-11 07:22:23,943] {logging_mixin.py:109} INFO - [2022-05-11 07:22:23,943] {dag.py:2398} INFO - Sync 1 DAGs
[2022-05-11 07:22:23,970] {logging_mixin.py:109} INFO - [2022-05-11 07:22:23,970] {dag.py:2937} INFO - Setting next_dagrun for example_task_group to 2022-05-10T07:22:23.970252+00:00
[2022-05-11 07:22:23,986] {processor.py:171} INFO - Processing /home/airflow/.local/lib/python3.7/site-packages/airflow/example_dags/example_task_group.py took 0.137 seconds
[2022-05-11 07:22:54,047] {processor.py:163} INFO - Started process (PID=32465) to work on /home/airflow/.local/lib/python3.7/site-packages/airflow/example_dags/example_task_group.py
[2022-05-11 07:22:54,048] {processor.py:642} INFO - Processing file /home/airflow/.local/lib/python3.7/site-packages/airflow/example_dags/example_task_group.py for tasks to queue
[2022-05-11 07:22:54,049] {logging_mixin.py:109} INFO - [2022-05-11 07:22:54,049] {dagbag.py:500} INFO - Filling up the DagBag from /home/airflow/.local/lib/python3.7/site-packages/airflow/example_dags/example_task_group.py
[2022-05-11 07:22:54,067] {processor.py:652} INFO - DAG(s) dict_keys(['example_task_group']) retrieved from /home/airflow/.local/lib/python3.7/site-packages/airflow/example_dags/example_task_group.py
[2022-05-11 07:22:54,090] {logging_mixin.py:109} INFO - [2022-05-11 07:22:54,090] {dag.py:2398} INFO - Sync 1 DAGs
[2022-05-11 07:22:54,108] {logging_mixin.py:109} INFO - [2022-05-11 07:22:54,108] {dag.py:2937} INFO - Setting next_dagrun for example_task_group to 2022-05-10T07:22:54.108506+00:00
[2022-05-11 07:22:54,125] {processor.py:171} INFO - Processing /home/airflow/.local/lib/python3.7/site-packages/airflow/example_dags/example_task_group.py took 0.081 seconds
[2022-05-11 07:23:24,788] {processor.py:163} INFO - Started process (PID=32529) to work on /home/airflow/.local/lib/python3.7/site-packages/airflow/example_dags/example_task_group.py
[2022-05-11 07:23:24,790] {processor.py:642} INFO - Processing file /home/airflow/.local/lib/python3.7/site-packages/airflow/example_dags/example_task_group.py for tasks to queue
[2022-05-11 07:23:24,792] {logging_mixin.py:109} INFO - [2022-05-11 07:23:24,792] {dagbag.py:500} INFO - Filling up the DagBag from /home/airflow/.local/lib/python3.7/site-packages/airflow/example_dags/example_task_group.py
[2022-05-11 07:23:24,811] {processor.py:652} INFO - DAG(s) dict_keys(['example_task_group']) retrieved from /home/airflow/.local/lib/python3.7/site-packages/airflow/example_dags/example_task_group.py
[2022-05-11 07:23:24,842] {logging_mixin.py:109} INFO - [2022-05-11 07:23:24,841] {dag.py:2398} INFO - Sync 1 DAGs
[2022-05-11 07:23:24,859] {logging_mixin.py:109} INFO - [2022-05-11 07:23:24,859] {dag.py:2937} INFO - Setting next_dagrun for example_task_group to 2022-05-10T07:23:24.859126+00:00
[2022-05-11 07:23:24,877] {processor.py:171} INFO - Processing /home/airflow/.local/lib/python3.7/site-packages/airflow/example_dags/example_task_group.py took 0.095 seconds
[2022-05-11 07:23:55,166] {processor.py:163} INFO - Started process (PID=32601) to work on /home/airflow/.local/lib/python3.7/site-packages/airflow/example_dags/example_task_group.py
[2022-05-11 07:23:55,167] {processor.py:642} INFO - Processing file /home/airflow/.local/lib/python3.7/site-packages/airflow/example_dags/example_task_group.py for tasks to queue
[2022-05-11 07:23:55,168] {logging_mixin.py:109} INFO - [2022-05-11 07:23:55,168] {dagbag.py:500} INFO - Filling up the DagBag from /home/airflow/.local/lib/python3.7/site-packages/airflow/example_dags/example_task_group.py
[2022-05-11 07:23:55,186] {processor.py:652} INFO - DAG(s) dict_keys(['example_task_group']) retrieved from /home/airflow/.local/lib/python3.7/site-packages/airflow/example_dags/example_task_group.py
[2022-05-11 07:23:55,213] {logging_mixin.py:109} INFO - [2022-05-11 07:23:55,213] {dag.py:2398} INFO - Sync 1 DAGs
[2022-05-11 07:23:55,230] {logging_mixin.py:109} INFO - [2022-05-11 07:23:55,229] {dag.py:2937} INFO - Setting next_dagrun for example_task_group to 2022-05-10T07:23:55.229460+00:00
[2022-05-11 07:23:55,247] {processor.py:171} INFO - Processing /home/airflow/.local/lib/python3.7/site-packages/airflow/example_dags/example_task_group.py took 0.085 seconds
[2022-05-11 07:24:25,488] {processor.py:163} INFO - Started process (PID=32665) to work on /home/airflow/.local/lib/python3.7/site-packages/airflow/example_dags/example_task_group.py
[2022-05-11 07:24:25,490] {processor.py:642} INFO - Processing file /home/airflow/.local/lib/python3.7/site-packages/airflow/example_dags/example_task_group.py for tasks to queue
[2022-05-11 07:24:25,491] {logging_mixin.py:109} INFO - [2022-05-11 07:24:25,491] {dagbag.py:500} INFO - Filling up the DagBag from /home/airflow/.local/lib/python3.7/site-packages/airflow/example_dags/example_task_group.py
[2022-05-11 07:24:25,520] {processor.py:652} INFO - DAG(s) dict_keys(['example_task_group']) retrieved from /home/airflow/.local/lib/python3.7/site-packages/airflow/example_dags/example_task_group.py
[2022-05-11 07:24:25,545] {logging_mixin.py:109} INFO - [2022-05-11 07:24:25,545] {dag.py:2398} INFO - Sync 1 DAGs
[2022-05-11 07:24:25,560] {logging_mixin.py:109} INFO - [2022-05-11 07:24:25,559] {dag.py:2937} INFO - Setting next_dagrun for example_task_group to 2022-05-10T07:24:25.559483+00:00
[2022-05-11 07:24:25,575] {processor.py:171} INFO - Processing /home/airflow/.local/lib/python3.7/site-packages/airflow/example_dags/example_task_group.py took 0.090 seconds
[2022-05-11 07:24:55,937] {processor.py:163} INFO - Started process (PID=32738) to work on /home/airflow/.local/lib/python3.7/site-packages/airflow/example_dags/example_task_group.py
[2022-05-11 07:24:55,938] {processor.py:642} INFO - Processing file /home/airflow/.local/lib/python3.7/site-packages/airflow/example_dags/example_task_group.py for tasks to queue
[2022-05-11 07:24:55,939] {logging_mixin.py:109} INFO - [2022-05-11 07:24:55,939] {dagbag.py:500} INFO - Filling up the DagBag from /home/airflow/.local/lib/python3.7/site-packages/airflow/example_dags/example_task_group.py
[2022-05-11 07:24:55,960] {processor.py:652} INFO - DAG(s) dict_keys(['example_task_group']) retrieved from /home/airflow/.local/lib/python3.7/site-packages/airflow/example_dags/example_task_group.py
[2022-05-11 07:24:55,981] {logging_mixin.py:109} INFO - [2022-05-11 07:24:55,981] {dag.py:2398} INFO - Sync 1 DAGs
[2022-05-11 07:24:56,000] {logging_mixin.py:109} INFO - [2022-05-11 07:24:56,000] {dag.py:2937} INFO - Setting next_dagrun for example_task_group to 2022-05-10T07:24:55.999995+00:00
[2022-05-11 07:24:56,013] {processor.py:171} INFO - Processing /home/airflow/.local/lib/python3.7/site-packages/airflow/example_dags/example_task_group.py took 0.080 seconds
[2022-05-11 07:25:26,555] {processor.py:163} INFO - Started process (PID=333) to work on /home/airflow/.local/lib/python3.7/site-packages/airflow/example_dags/example_task_group.py
[2022-05-11 07:25:26,556] {processor.py:642} INFO - Processing file /home/airflow/.local/lib/python3.7/site-packages/airflow/example_dags/example_task_group.py for tasks to queue
[2022-05-11 07:25:26,557] {logging_mixin.py:109} INFO - [2022-05-11 07:25:26,557] {dagbag.py:500} INFO - Filling up the DagBag from /home/airflow/.local/lib/python3.7/site-packages/airflow/example_dags/example_task_group.py
[2022-05-11 07:25:26,574] {processor.py:652} INFO - DAG(s) dict_keys(['example_task_group']) retrieved from /home/airflow/.local/lib/python3.7/site-packages/airflow/example_dags/example_task_group.py
[2022-05-11 07:25:26,597] {logging_mixin.py:109} INFO - [2022-05-11 07:25:26,596] {dag.py:2398} INFO - Sync 1 DAGs
[2022-05-11 07:25:26,611] {logging_mixin.py:109} INFO - [2022-05-11 07:25:26,611] {dag.py:2937} INFO - Setting next_dagrun for example_task_group to 2022-05-10T07:25:26.610927+00:00
[2022-05-11 07:25:26,627] {processor.py:171} INFO - Processing /home/airflow/.local/lib/python3.7/site-packages/airflow/example_dags/example_task_group.py took 0.076 seconds
[2022-05-11 07:25:56,981] {processor.py:163} INFO - Started process (PID=406) to work on /home/airflow/.local/lib/python3.7/site-packages/airflow/example_dags/example_task_group.py
[2022-05-11 07:25:56,982] {processor.py:642} INFO - Processing file /home/airflow/.local/lib/python3.7/site-packages/airflow/example_dags/example_task_group.py for tasks to queue
[2022-05-11 07:25:56,983] {logging_mixin.py:109} INFO - [2022-05-11 07:25:56,983] {dagbag.py:500} INFO - Filling up the DagBag from /home/airflow/.local/lib/python3.7/site-packages/airflow/example_dags/example_task_group.py
[2022-05-11 07:25:56,996] {processor.py:652} INFO - DAG(s) dict_keys(['example_task_group']) retrieved from /home/airflow/.local/lib/python3.7/site-packages/airflow/example_dags/example_task_group.py
[2022-05-11 07:25:57,017] {logging_mixin.py:109} INFO - [2022-05-11 07:25:57,017] {dag.py:2398} INFO - Sync 1 DAGs
[2022-05-11 07:25:57,030] {logging_mixin.py:109} INFO - [2022-05-11 07:25:57,030] {dag.py:2937} INFO - Setting next_dagrun for example_task_group to 2022-05-10T07:25:57.030052+00:00
[2022-05-11 07:25:57,043] {processor.py:171} INFO - Processing /home/airflow/.local/lib/python3.7/site-packages/airflow/example_dags/example_task_group.py took 0.065 seconds
[2022-05-11 07:26:27,166] {processor.py:163} INFO - Started process (PID=470) to work on /home/airflow/.local/lib/python3.7/site-packages/airflow/example_dags/example_task_group.py
[2022-05-11 07:26:27,168] {processor.py:642} INFO - Processing file /home/airflow/.local/lib/python3.7/site-packages/airflow/example_dags/example_task_group.py for tasks to queue
[2022-05-11 07:26:27,168] {logging_mixin.py:109} INFO - [2022-05-11 07:26:27,168] {dagbag.py:500} INFO - Filling up the DagBag from /home/airflow/.local/lib/python3.7/site-packages/airflow/example_dags/example_task_group.py
[2022-05-11 07:26:27,182] {processor.py:652} INFO - DAG(s) dict_keys(['example_task_group']) retrieved from /home/airflow/.local/lib/python3.7/site-packages/airflow/example_dags/example_task_group.py
[2022-05-11 07:26:27,201] {logging_mixin.py:109} INFO - [2022-05-11 07:26:27,201] {dag.py:2398} INFO - Sync 1 DAGs
[2022-05-11 07:26:27,213] {logging_mixin.py:109} INFO - [2022-05-11 07:26:27,213] {dag.py:2937} INFO - Setting next_dagrun for example_task_group to 2022-05-10T07:26:27.213219+00:00
[2022-05-11 07:26:27,226] {processor.py:171} INFO - Processing /home/airflow/.local/lib/python3.7/site-packages/airflow/example_dags/example_task_group.py took 0.063 seconds
[2022-05-11 07:26:58,014] {processor.py:163} INFO - Started process (PID=544) to work on /home/airflow/.local/lib/python3.7/site-packages/airflow/example_dags/example_task_group.py
[2022-05-11 07:26:58,016] {processor.py:642} INFO - Processing file /home/airflow/.local/lib/python3.7/site-packages/airflow/example_dags/example_task_group.py for tasks to queue
[2022-05-11 07:26:58,017] {logging_mixin.py:109} INFO - [2022-05-11 07:26:58,017] {dagbag.py:500} INFO - Filling up the DagBag from /home/airflow/.local/lib/python3.7/site-packages/airflow/example_dags/example_task_group.py
[2022-05-11 07:26:58,030] {processor.py:652} INFO - DAG(s) dict_keys(['example_task_group']) retrieved from /home/airflow/.local/lib/python3.7/site-packages/airflow/example_dags/example_task_group.py
[2022-05-11 07:26:58,050] {logging_mixin.py:109} INFO - [2022-05-11 07:26:58,050] {dag.py:2398} INFO - Sync 1 DAGs
[2022-05-11 07:26:58,063] {logging_mixin.py:109} INFO - [2022-05-11 07:26:58,063] {dag.py:2937} INFO - Setting next_dagrun for example_task_group to 2022-05-10T07:26:58.063317+00:00
[2022-05-11 07:26:58,078] {processor.py:171} INFO - Processing /home/airflow/.local/lib/python3.7/site-packages/airflow/example_dags/example_task_group.py took 0.066 seconds
[2022-05-11 07:27:28,832] {processor.py:163} INFO - Started process (PID=607) to work on /home/airflow/.local/lib/python3.7/site-packages/airflow/example_dags/example_task_group.py
[2022-05-11 07:27:28,833] {processor.py:642} INFO - Processing file /home/airflow/.local/lib/python3.7/site-packages/airflow/example_dags/example_task_group.py for tasks to queue
[2022-05-11 07:27:28,834] {logging_mixin.py:109} INFO - [2022-05-11 07:27:28,834] {dagbag.py:500} INFO - Filling up the DagBag from /home/airflow/.local/lib/python3.7/site-packages/airflow/example_dags/example_task_group.py
[2022-05-11 07:27:28,849] {processor.py:652} INFO - DAG(s) dict_keys(['example_task_group']) retrieved from /home/airflow/.local/lib/python3.7/site-packages/airflow/example_dags/example_task_group.py
[2022-05-11 07:27:28,867] {logging_mixin.py:109} INFO - [2022-05-11 07:27:28,867] {dag.py:2398} INFO - Sync 1 DAGs
[2022-05-11 07:27:28,880] {logging_mixin.py:109} INFO - [2022-05-11 07:27:28,880] {dag.py:2937} INFO - Setting next_dagrun for example_task_group to 2022-05-10T07:27:28.880143+00:00
[2022-05-11 07:27:28,893] {processor.py:171} INFO - Processing /home/airflow/.local/lib/python3.7/site-packages/airflow/example_dags/example_task_group.py took 0.064 seconds
