[2022-05-11 06:55:59,866] {processor.py:163} INFO - Started process (PID=28857) to work on /home/airflow/.local/lib/python3.7/site-packages/airflow/example_dags/tutorial_taskflow_api_etl.py
[2022-05-11 06:55:59,933] {processor.py:642} INFO - Processing file /home/airflow/.local/lib/python3.7/site-packages/airflow/example_dags/tutorial_taskflow_api_etl.py for tasks to queue
[2022-05-11 06:55:59,964] {logging_mixin.py:109} INFO - [2022-05-11 06:55:59,964] {dagbag.py:500} INFO - Filling up the DagBag from /home/airflow/.local/lib/python3.7/site-packages/airflow/example_dags/tutorial_taskflow_api_etl.py
[2022-05-11 06:56:00,070] {processor.py:652} INFO - DAG(s) dict_keys(['tutorial_taskflow_api_etl']) retrieved from /home/airflow/.local/lib/python3.7/site-packages/airflow/example_dags/tutorial_taskflow_api_etl.py
[2022-05-11 06:56:01,172] {logging_mixin.py:109} INFO - [2022-05-11 06:56:01,172] {dag.py:2398} INFO - Sync 1 DAGs
[2022-05-11 06:56:01,211] {logging_mixin.py:109} INFO - [2022-05-11 06:56:01,211] {dag.py:2937} INFO - Setting next_dagrun for tutorial_taskflow_api_etl to None
[2022-05-11 06:56:01,263] {processor.py:171} INFO - Processing /home/airflow/.local/lib/python3.7/site-packages/airflow/example_dags/tutorial_taskflow_api_etl.py took 1.401 seconds
[2022-05-11 06:56:31,502] {processor.py:163} INFO - Started process (PID=28925) to work on /home/airflow/.local/lib/python3.7/site-packages/airflow/example_dags/tutorial_taskflow_api_etl.py
[2022-05-11 06:56:31,504] {processor.py:642} INFO - Processing file /home/airflow/.local/lib/python3.7/site-packages/airflow/example_dags/tutorial_taskflow_api_etl.py for tasks to queue
[2022-05-11 06:56:31,505] {logging_mixin.py:109} INFO - [2022-05-11 06:56:31,505] {dagbag.py:500} INFO - Filling up the DagBag from /home/airflow/.local/lib/python3.7/site-packages/airflow/example_dags/tutorial_taskflow_api_etl.py
[2022-05-11 06:56:31,526] {processor.py:652} INFO - DAG(s) dict_keys(['tutorial_taskflow_api_etl']) retrieved from /home/airflow/.local/lib/python3.7/site-packages/airflow/example_dags/tutorial_taskflow_api_etl.py
[2022-05-11 06:56:31,847] {logging_mixin.py:109} INFO - [2022-05-11 06:56:31,847] {dag.py:2398} INFO - Sync 1 DAGs
[2022-05-11 06:56:31,859] {logging_mixin.py:109} INFO - [2022-05-11 06:56:31,859] {dag.py:2937} INFO - Setting next_dagrun for tutorial_taskflow_api_etl to None
[2022-05-11 06:56:31,873] {processor.py:171} INFO - Processing /home/airflow/.local/lib/python3.7/site-packages/airflow/example_dags/tutorial_taskflow_api_etl.py took 0.375 seconds
[2022-05-11 06:57:01,988] {processor.py:163} INFO - Started process (PID=28998) to work on /home/airflow/.local/lib/python3.7/site-packages/airflow/example_dags/tutorial_taskflow_api_etl.py
[2022-05-11 06:57:01,989] {processor.py:642} INFO - Processing file /home/airflow/.local/lib/python3.7/site-packages/airflow/example_dags/tutorial_taskflow_api_etl.py for tasks to queue
[2022-05-11 06:57:01,990] {logging_mixin.py:109} INFO - [2022-05-11 06:57:01,990] {dagbag.py:500} INFO - Filling up the DagBag from /home/airflow/.local/lib/python3.7/site-packages/airflow/example_dags/tutorial_taskflow_api_etl.py
[2022-05-11 06:57:02,005] {processor.py:652} INFO - DAG(s) dict_keys(['tutorial_taskflow_api_etl']) retrieved from /home/airflow/.local/lib/python3.7/site-packages/airflow/example_dags/tutorial_taskflow_api_etl.py
[2022-05-11 06:57:02,294] {logging_mixin.py:109} INFO - [2022-05-11 06:57:02,294] {dag.py:2398} INFO - Sync 1 DAGs
[2022-05-11 06:57:02,306] {logging_mixin.py:109} INFO - [2022-05-11 06:57:02,306] {dag.py:2937} INFO - Setting next_dagrun for tutorial_taskflow_api_etl to None
[2022-05-11 06:57:02,320] {processor.py:171} INFO - Processing /home/airflow/.local/lib/python3.7/site-packages/airflow/example_dags/tutorial_taskflow_api_etl.py took 0.334 seconds
[2022-05-11 06:57:32,390] {processor.py:163} INFO - Started process (PID=29062) to work on /home/airflow/.local/lib/python3.7/site-packages/airflow/example_dags/tutorial_taskflow_api_etl.py
[2022-05-11 06:57:32,392] {processor.py:642} INFO - Processing file /home/airflow/.local/lib/python3.7/site-packages/airflow/example_dags/tutorial_taskflow_api_etl.py for tasks to queue
[2022-05-11 06:57:32,393] {logging_mixin.py:109} INFO - [2022-05-11 06:57:32,393] {dagbag.py:500} INFO - Filling up the DagBag from /home/airflow/.local/lib/python3.7/site-packages/airflow/example_dags/tutorial_taskflow_api_etl.py
[2022-05-11 06:57:32,410] {processor.py:652} INFO - DAG(s) dict_keys(['tutorial_taskflow_api_etl']) retrieved from /home/airflow/.local/lib/python3.7/site-packages/airflow/example_dags/tutorial_taskflow_api_etl.py
[2022-05-11 06:57:32,667] {logging_mixin.py:109} INFO - [2022-05-11 06:57:32,667] {dag.py:2398} INFO - Sync 1 DAGs
[2022-05-11 06:57:32,679] {logging_mixin.py:109} INFO - [2022-05-11 06:57:32,679] {dag.py:2937} INFO - Setting next_dagrun for tutorial_taskflow_api_etl to None
[2022-05-11 06:57:32,694] {processor.py:171} INFO - Processing /home/airflow/.local/lib/python3.7/site-packages/airflow/example_dags/tutorial_taskflow_api_etl.py took 0.307 seconds
[2022-05-11 06:58:02,789] {processor.py:163} INFO - Started process (PID=29131) to work on /home/airflow/.local/lib/python3.7/site-packages/airflow/example_dags/tutorial_taskflow_api_etl.py
[2022-05-11 06:58:02,791] {processor.py:642} INFO - Processing file /home/airflow/.local/lib/python3.7/site-packages/airflow/example_dags/tutorial_taskflow_api_etl.py for tasks to queue
[2022-05-11 06:58:02,792] {logging_mixin.py:109} INFO - [2022-05-11 06:58:02,792] {dagbag.py:500} INFO - Filling up the DagBag from /home/airflow/.local/lib/python3.7/site-packages/airflow/example_dags/tutorial_taskflow_api_etl.py
[2022-05-11 06:58:02,810] {processor.py:652} INFO - DAG(s) dict_keys(['tutorial_taskflow_api_etl']) retrieved from /home/airflow/.local/lib/python3.7/site-packages/airflow/example_dags/tutorial_taskflow_api_etl.py
[2022-05-11 06:58:03,105] {logging_mixin.py:109} INFO - [2022-05-11 06:58:03,105] {dag.py:2398} INFO - Sync 1 DAGs
[2022-05-11 06:58:03,118] {logging_mixin.py:109} INFO - [2022-05-11 06:58:03,117] {dag.py:2937} INFO - Setting next_dagrun for tutorial_taskflow_api_etl to None
[2022-05-11 06:58:03,135] {processor.py:171} INFO - Processing /home/airflow/.local/lib/python3.7/site-packages/airflow/example_dags/tutorial_taskflow_api_etl.py took 0.349 seconds
[2022-05-11 06:58:33,217] {processor.py:163} INFO - Started process (PID=29203) to work on /home/airflow/.local/lib/python3.7/site-packages/airflow/example_dags/tutorial_taskflow_api_etl.py
[2022-05-11 06:58:33,219] {processor.py:642} INFO - Processing file /home/airflow/.local/lib/python3.7/site-packages/airflow/example_dags/tutorial_taskflow_api_etl.py for tasks to queue
[2022-05-11 06:58:33,220] {logging_mixin.py:109} INFO - [2022-05-11 06:58:33,220] {dagbag.py:500} INFO - Filling up the DagBag from /home/airflow/.local/lib/python3.7/site-packages/airflow/example_dags/tutorial_taskflow_api_etl.py
[2022-05-11 06:58:33,245] {processor.py:652} INFO - DAG(s) dict_keys(['tutorial_taskflow_api_etl']) retrieved from /home/airflow/.local/lib/python3.7/site-packages/airflow/example_dags/tutorial_taskflow_api_etl.py
[2022-05-11 06:58:33,568] {logging_mixin.py:109} INFO - [2022-05-11 06:58:33,568] {dag.py:2398} INFO - Sync 1 DAGs
[2022-05-11 06:58:33,582] {logging_mixin.py:109} INFO - [2022-05-11 06:58:33,582] {dag.py:2937} INFO - Setting next_dagrun for tutorial_taskflow_api_etl to None
[2022-05-11 06:58:33,598] {processor.py:171} INFO - Processing /home/airflow/.local/lib/python3.7/site-packages/airflow/example_dags/tutorial_taskflow_api_etl.py took 0.384 seconds
[2022-05-11 06:59:03,778] {processor.py:163} INFO - Started process (PID=29268) to work on /home/airflow/.local/lib/python3.7/site-packages/airflow/example_dags/tutorial_taskflow_api_etl.py
[2022-05-11 06:59:03,780] {processor.py:642} INFO - Processing file /home/airflow/.local/lib/python3.7/site-packages/airflow/example_dags/tutorial_taskflow_api_etl.py for tasks to queue
[2022-05-11 06:59:03,781] {logging_mixin.py:109} INFO - [2022-05-11 06:59:03,781] {dagbag.py:500} INFO - Filling up the DagBag from /home/airflow/.local/lib/python3.7/site-packages/airflow/example_dags/tutorial_taskflow_api_etl.py
[2022-05-11 06:59:03,801] {processor.py:652} INFO - DAG(s) dict_keys(['tutorial_taskflow_api_etl']) retrieved from /home/airflow/.local/lib/python3.7/site-packages/airflow/example_dags/tutorial_taskflow_api_etl.py
[2022-05-11 06:59:04,088] {logging_mixin.py:109} INFO - [2022-05-11 06:59:04,088] {dag.py:2398} INFO - Sync 1 DAGs
[2022-05-11 06:59:04,098] {logging_mixin.py:109} INFO - [2022-05-11 06:59:04,098] {dag.py:2937} INFO - Setting next_dagrun for tutorial_taskflow_api_etl to None
[2022-05-11 06:59:04,113] {processor.py:171} INFO - Processing /home/airflow/.local/lib/python3.7/site-packages/airflow/example_dags/tutorial_taskflow_api_etl.py took 0.338 seconds
[2022-05-11 06:59:34,404] {processor.py:163} INFO - Started process (PID=29343) to work on /home/airflow/.local/lib/python3.7/site-packages/airflow/example_dags/tutorial_taskflow_api_etl.py
[2022-05-11 06:59:34,406] {processor.py:642} INFO - Processing file /home/airflow/.local/lib/python3.7/site-packages/airflow/example_dags/tutorial_taskflow_api_etl.py for tasks to queue
[2022-05-11 06:59:34,407] {logging_mixin.py:109} INFO - [2022-05-11 06:59:34,407] {dagbag.py:500} INFO - Filling up the DagBag from /home/airflow/.local/lib/python3.7/site-packages/airflow/example_dags/tutorial_taskflow_api_etl.py
[2022-05-11 06:59:34,425] {processor.py:652} INFO - DAG(s) dict_keys(['tutorial_taskflow_api_etl']) retrieved from /home/airflow/.local/lib/python3.7/site-packages/airflow/example_dags/tutorial_taskflow_api_etl.py
[2022-05-11 06:59:34,750] {logging_mixin.py:109} INFO - [2022-05-11 06:59:34,749] {dag.py:2398} INFO - Sync 1 DAGs
[2022-05-11 06:59:34,763] {logging_mixin.py:109} INFO - [2022-05-11 06:59:34,763] {dag.py:2937} INFO - Setting next_dagrun for tutorial_taskflow_api_etl to None
[2022-05-11 06:59:34,779] {processor.py:171} INFO - Processing /home/airflow/.local/lib/python3.7/site-packages/airflow/example_dags/tutorial_taskflow_api_etl.py took 0.378 seconds
[2022-05-11 07:00:05,587] {processor.py:163} INFO - Started process (PID=29407) to work on /home/airflow/.local/lib/python3.7/site-packages/airflow/example_dags/tutorial_taskflow_api_etl.py
[2022-05-11 07:00:05,590] {processor.py:642} INFO - Processing file /home/airflow/.local/lib/python3.7/site-packages/airflow/example_dags/tutorial_taskflow_api_etl.py for tasks to queue
[2022-05-11 07:00:05,591] {logging_mixin.py:109} INFO - [2022-05-11 07:00:05,591] {dagbag.py:500} INFO - Filling up the DagBag from /home/airflow/.local/lib/python3.7/site-packages/airflow/example_dags/tutorial_taskflow_api_etl.py
[2022-05-11 07:00:05,607] {processor.py:652} INFO - DAG(s) dict_keys(['tutorial_taskflow_api_etl']) retrieved from /home/airflow/.local/lib/python3.7/site-packages/airflow/example_dags/tutorial_taskflow_api_etl.py
[2022-05-11 07:00:05,872] {logging_mixin.py:109} INFO - [2022-05-11 07:00:05,872] {dag.py:2398} INFO - Sync 1 DAGs
[2022-05-11 07:00:05,886] {logging_mixin.py:109} INFO - [2022-05-11 07:00:05,886] {dag.py:2937} INFO - Setting next_dagrun for tutorial_taskflow_api_etl to None
[2022-05-11 07:00:05,902] {processor.py:171} INFO - Processing /home/airflow/.local/lib/python3.7/site-packages/airflow/example_dags/tutorial_taskflow_api_etl.py took 0.318 seconds
[2022-05-11 07:00:36,040] {processor.py:163} INFO - Started process (PID=29481) to work on /home/airflow/.local/lib/python3.7/site-packages/airflow/example_dags/tutorial_taskflow_api_etl.py
[2022-05-11 07:00:36,041] {processor.py:642} INFO - Processing file /home/airflow/.local/lib/python3.7/site-packages/airflow/example_dags/tutorial_taskflow_api_etl.py for tasks to queue
[2022-05-11 07:00:36,042] {logging_mixin.py:109} INFO - [2022-05-11 07:00:36,042] {dagbag.py:500} INFO - Filling up the DagBag from /home/airflow/.local/lib/python3.7/site-packages/airflow/example_dags/tutorial_taskflow_api_etl.py
[2022-05-11 07:00:36,060] {processor.py:652} INFO - DAG(s) dict_keys(['tutorial_taskflow_api_etl']) retrieved from /home/airflow/.local/lib/python3.7/site-packages/airflow/example_dags/tutorial_taskflow_api_etl.py
[2022-05-11 07:00:36,320] {logging_mixin.py:109} INFO - [2022-05-11 07:00:36,320] {dag.py:2398} INFO - Sync 1 DAGs
[2022-05-11 07:00:36,334] {logging_mixin.py:109} INFO - [2022-05-11 07:00:36,333] {dag.py:2937} INFO - Setting next_dagrun for tutorial_taskflow_api_etl to None
[2022-05-11 07:00:36,349] {processor.py:171} INFO - Processing /home/airflow/.local/lib/python3.7/site-packages/airflow/example_dags/tutorial_taskflow_api_etl.py took 0.313 seconds
[2022-05-11 07:01:06,498] {processor.py:163} INFO - Started process (PID=29545) to work on /home/airflow/.local/lib/python3.7/site-packages/airflow/example_dags/tutorial_taskflow_api_etl.py
[2022-05-11 07:01:06,500] {processor.py:642} INFO - Processing file /home/airflow/.local/lib/python3.7/site-packages/airflow/example_dags/tutorial_taskflow_api_etl.py for tasks to queue
[2022-05-11 07:01:06,501] {logging_mixin.py:109} INFO - [2022-05-11 07:01:06,501] {dagbag.py:500} INFO - Filling up the DagBag from /home/airflow/.local/lib/python3.7/site-packages/airflow/example_dags/tutorial_taskflow_api_etl.py
[2022-05-11 07:01:06,525] {processor.py:652} INFO - DAG(s) dict_keys(['tutorial_taskflow_api_etl']) retrieved from /home/airflow/.local/lib/python3.7/site-packages/airflow/example_dags/tutorial_taskflow_api_etl.py
[2022-05-11 07:01:06,809] {logging_mixin.py:109} INFO - [2022-05-11 07:01:06,809] {dag.py:2398} INFO - Sync 1 DAGs
[2022-05-11 07:01:06,819] {logging_mixin.py:109} INFO - [2022-05-11 07:01:06,819] {dag.py:2937} INFO - Setting next_dagrun for tutorial_taskflow_api_etl to None
[2022-05-11 07:01:06,833] {processor.py:171} INFO - Processing /home/airflow/.local/lib/python3.7/site-packages/airflow/example_dags/tutorial_taskflow_api_etl.py took 0.339 seconds
[2022-05-11 07:01:37,742] {processor.py:163} INFO - Started process (PID=29618) to work on /home/airflow/.local/lib/python3.7/site-packages/airflow/example_dags/tutorial_taskflow_api_etl.py
[2022-05-11 07:01:37,743] {processor.py:642} INFO - Processing file /home/airflow/.local/lib/python3.7/site-packages/airflow/example_dags/tutorial_taskflow_api_etl.py for tasks to queue
[2022-05-11 07:01:37,745] {logging_mixin.py:109} INFO - [2022-05-11 07:01:37,745] {dagbag.py:500} INFO - Filling up the DagBag from /home/airflow/.local/lib/python3.7/site-packages/airflow/example_dags/tutorial_taskflow_api_etl.py
[2022-05-11 07:01:37,764] {processor.py:652} INFO - DAG(s) dict_keys(['tutorial_taskflow_api_etl']) retrieved from /home/airflow/.local/lib/python3.7/site-packages/airflow/example_dags/tutorial_taskflow_api_etl.py
[2022-05-11 07:01:38,031] {logging_mixin.py:109} INFO - [2022-05-11 07:01:38,031] {dag.py:2398} INFO - Sync 1 DAGs
[2022-05-11 07:01:38,040] {logging_mixin.py:109} INFO - [2022-05-11 07:01:38,040] {dag.py:2937} INFO - Setting next_dagrun for tutorial_taskflow_api_etl to None
[2022-05-11 07:01:38,055] {processor.py:171} INFO - Processing /home/airflow/.local/lib/python3.7/site-packages/airflow/example_dags/tutorial_taskflow_api_etl.py took 0.316 seconds
[2022-05-11 07:02:08,344] {processor.py:163} INFO - Started process (PID=29681) to work on /home/airflow/.local/lib/python3.7/site-packages/airflow/example_dags/tutorial_taskflow_api_etl.py
[2022-05-11 07:02:08,346] {processor.py:642} INFO - Processing file /home/airflow/.local/lib/python3.7/site-packages/airflow/example_dags/tutorial_taskflow_api_etl.py for tasks to queue
[2022-05-11 07:02:08,347] {logging_mixin.py:109} INFO - [2022-05-11 07:02:08,347] {dagbag.py:500} INFO - Filling up the DagBag from /home/airflow/.local/lib/python3.7/site-packages/airflow/example_dags/tutorial_taskflow_api_etl.py
[2022-05-11 07:02:08,371] {processor.py:652} INFO - DAG(s) dict_keys(['tutorial_taskflow_api_etl']) retrieved from /home/airflow/.local/lib/python3.7/site-packages/airflow/example_dags/tutorial_taskflow_api_etl.py
[2022-05-11 07:02:08,622] {logging_mixin.py:109} INFO - [2022-05-11 07:02:08,622] {dag.py:2398} INFO - Sync 1 DAGs
[2022-05-11 07:02:08,631] {logging_mixin.py:109} INFO - [2022-05-11 07:02:08,631] {dag.py:2937} INFO - Setting next_dagrun for tutorial_taskflow_api_etl to None
[2022-05-11 07:02:08,644] {processor.py:171} INFO - Processing /home/airflow/.local/lib/python3.7/site-packages/airflow/example_dags/tutorial_taskflow_api_etl.py took 0.304 seconds
[2022-05-11 07:02:38,946] {processor.py:163} INFO - Started process (PID=29755) to work on /home/airflow/.local/lib/python3.7/site-packages/airflow/example_dags/tutorial_taskflow_api_etl.py
[2022-05-11 07:02:38,948] {processor.py:642} INFO - Processing file /home/airflow/.local/lib/python3.7/site-packages/airflow/example_dags/tutorial_taskflow_api_etl.py for tasks to queue
[2022-05-11 07:02:38,949] {logging_mixin.py:109} INFO - [2022-05-11 07:02:38,948] {dagbag.py:500} INFO - Filling up the DagBag from /home/airflow/.local/lib/python3.7/site-packages/airflow/example_dags/tutorial_taskflow_api_etl.py
[2022-05-11 07:02:38,968] {processor.py:652} INFO - DAG(s) dict_keys(['tutorial_taskflow_api_etl']) retrieved from /home/airflow/.local/lib/python3.7/site-packages/airflow/example_dags/tutorial_taskflow_api_etl.py
[2022-05-11 07:02:39,301] {logging_mixin.py:109} INFO - [2022-05-11 07:02:39,301] {dag.py:2398} INFO - Sync 1 DAGs
[2022-05-11 07:02:39,312] {logging_mixin.py:109} INFO - [2022-05-11 07:02:39,312] {dag.py:2937} INFO - Setting next_dagrun for tutorial_taskflow_api_etl to None
[2022-05-11 07:02:39,329] {processor.py:171} INFO - Processing /home/airflow/.local/lib/python3.7/site-packages/airflow/example_dags/tutorial_taskflow_api_etl.py took 0.387 seconds
[2022-05-11 07:03:09,454] {processor.py:163} INFO - Started process (PID=29825) to work on /home/airflow/.local/lib/python3.7/site-packages/airflow/example_dags/tutorial_taskflow_api_etl.py
[2022-05-11 07:03:09,456] {processor.py:642} INFO - Processing file /home/airflow/.local/lib/python3.7/site-packages/airflow/example_dags/tutorial_taskflow_api_etl.py for tasks to queue
[2022-05-11 07:03:09,457] {logging_mixin.py:109} INFO - [2022-05-11 07:03:09,457] {dagbag.py:500} INFO - Filling up the DagBag from /home/airflow/.local/lib/python3.7/site-packages/airflow/example_dags/tutorial_taskflow_api_etl.py
[2022-05-11 07:03:09,481] {processor.py:652} INFO - DAG(s) dict_keys(['tutorial_taskflow_api_etl']) retrieved from /home/airflow/.local/lib/python3.7/site-packages/airflow/example_dags/tutorial_taskflow_api_etl.py
[2022-05-11 07:03:09,763] {logging_mixin.py:109} INFO - [2022-05-11 07:03:09,763] {dag.py:2398} INFO - Sync 1 DAGs
[2022-05-11 07:03:09,777] {logging_mixin.py:109} INFO - [2022-05-11 07:03:09,777] {dag.py:2937} INFO - Setting next_dagrun for tutorial_taskflow_api_etl to None
[2022-05-11 07:03:09,793] {processor.py:171} INFO - Processing /home/airflow/.local/lib/python3.7/site-packages/airflow/example_dags/tutorial_taskflow_api_etl.py took 0.342 seconds
[2022-05-11 07:03:40,197] {processor.py:163} INFO - Started process (PID=29889) to work on /home/airflow/.local/lib/python3.7/site-packages/airflow/example_dags/tutorial_taskflow_api_etl.py
[2022-05-11 07:03:40,199] {processor.py:642} INFO - Processing file /home/airflow/.local/lib/python3.7/site-packages/airflow/example_dags/tutorial_taskflow_api_etl.py for tasks to queue
[2022-05-11 07:03:40,200] {logging_mixin.py:109} INFO - [2022-05-11 07:03:40,200] {dagbag.py:500} INFO - Filling up the DagBag from /home/airflow/.local/lib/python3.7/site-packages/airflow/example_dags/tutorial_taskflow_api_etl.py
[2022-05-11 07:03:40,217] {processor.py:652} INFO - DAG(s) dict_keys(['tutorial_taskflow_api_etl']) retrieved from /home/airflow/.local/lib/python3.7/site-packages/airflow/example_dags/tutorial_taskflow_api_etl.py
[2022-05-11 07:03:40,518] {logging_mixin.py:109} INFO - [2022-05-11 07:03:40,518] {dag.py:2398} INFO - Sync 1 DAGs
[2022-05-11 07:03:40,530] {logging_mixin.py:109} INFO - [2022-05-11 07:03:40,530] {dag.py:2937} INFO - Setting next_dagrun for tutorial_taskflow_api_etl to None
[2022-05-11 07:03:40,542] {processor.py:171} INFO - Processing /home/airflow/.local/lib/python3.7/site-packages/airflow/example_dags/tutorial_taskflow_api_etl.py took 0.349 seconds
[2022-05-11 07:04:10,804] {processor.py:163} INFO - Started process (PID=29962) to work on /home/airflow/.local/lib/python3.7/site-packages/airflow/example_dags/tutorial_taskflow_api_etl.py
[2022-05-11 07:04:10,806] {processor.py:642} INFO - Processing file /home/airflow/.local/lib/python3.7/site-packages/airflow/example_dags/tutorial_taskflow_api_etl.py for tasks to queue
[2022-05-11 07:04:10,807] {logging_mixin.py:109} INFO - [2022-05-11 07:04:10,807] {dagbag.py:500} INFO - Filling up the DagBag from /home/airflow/.local/lib/python3.7/site-packages/airflow/example_dags/tutorial_taskflow_api_etl.py
[2022-05-11 07:04:10,827] {processor.py:652} INFO - DAG(s) dict_keys(['tutorial_taskflow_api_etl']) retrieved from /home/airflow/.local/lib/python3.7/site-packages/airflow/example_dags/tutorial_taskflow_api_etl.py
[2022-05-11 07:04:11,130] {logging_mixin.py:109} INFO - [2022-05-11 07:04:11,130] {dag.py:2398} INFO - Sync 1 DAGs
[2022-05-11 07:04:11,141] {logging_mixin.py:109} INFO - [2022-05-11 07:04:11,141] {dag.py:2937} INFO - Setting next_dagrun for tutorial_taskflow_api_etl to None
[2022-05-11 07:04:11,153] {processor.py:171} INFO - Processing /home/airflow/.local/lib/python3.7/site-packages/airflow/example_dags/tutorial_taskflow_api_etl.py took 0.352 seconds
[2022-05-11 07:04:41,299] {processor.py:163} INFO - Started process (PID=30025) to work on /home/airflow/.local/lib/python3.7/site-packages/airflow/example_dags/tutorial_taskflow_api_etl.py
[2022-05-11 07:04:41,301] {processor.py:642} INFO - Processing file /home/airflow/.local/lib/python3.7/site-packages/airflow/example_dags/tutorial_taskflow_api_etl.py for tasks to queue
[2022-05-11 07:04:41,302] {logging_mixin.py:109} INFO - [2022-05-11 07:04:41,302] {dagbag.py:500} INFO - Filling up the DagBag from /home/airflow/.local/lib/python3.7/site-packages/airflow/example_dags/tutorial_taskflow_api_etl.py
[2022-05-11 07:04:41,323] {processor.py:652} INFO - DAG(s) dict_keys(['tutorial_taskflow_api_etl']) retrieved from /home/airflow/.local/lib/python3.7/site-packages/airflow/example_dags/tutorial_taskflow_api_etl.py
[2022-05-11 07:04:41,626] {logging_mixin.py:109} INFO - [2022-05-11 07:04:41,626] {dag.py:2398} INFO - Sync 1 DAGs
[2022-05-11 07:04:41,637] {logging_mixin.py:109} INFO - [2022-05-11 07:04:41,637] {dag.py:2937} INFO - Setting next_dagrun for tutorial_taskflow_api_etl to None
[2022-05-11 07:04:41,650] {processor.py:171} INFO - Processing /home/airflow/.local/lib/python3.7/site-packages/airflow/example_dags/tutorial_taskflow_api_etl.py took 0.354 seconds
[2022-05-11 07:05:11,881] {processor.py:163} INFO - Started process (PID=30099) to work on /home/airflow/.local/lib/python3.7/site-packages/airflow/example_dags/tutorial_taskflow_api_etl.py
[2022-05-11 07:05:11,882] {processor.py:642} INFO - Processing file /home/airflow/.local/lib/python3.7/site-packages/airflow/example_dags/tutorial_taskflow_api_etl.py for tasks to queue
[2022-05-11 07:05:11,883] {logging_mixin.py:109} INFO - [2022-05-11 07:05:11,883] {dagbag.py:500} INFO - Filling up the DagBag from /home/airflow/.local/lib/python3.7/site-packages/airflow/example_dags/tutorial_taskflow_api_etl.py
[2022-05-11 07:05:11,900] {processor.py:652} INFO - DAG(s) dict_keys(['tutorial_taskflow_api_etl']) retrieved from /home/airflow/.local/lib/python3.7/site-packages/airflow/example_dags/tutorial_taskflow_api_etl.py
[2022-05-11 07:05:12,174] {logging_mixin.py:109} INFO - [2022-05-11 07:05:12,174] {dag.py:2398} INFO - Sync 1 DAGs
[2022-05-11 07:05:12,186] {logging_mixin.py:109} INFO - [2022-05-11 07:05:12,186] {dag.py:2937} INFO - Setting next_dagrun for tutorial_taskflow_api_etl to None
[2022-05-11 07:05:12,201] {processor.py:171} INFO - Processing /home/airflow/.local/lib/python3.7/site-packages/airflow/example_dags/tutorial_taskflow_api_etl.py took 0.323 seconds
[2022-05-11 07:05:42,315] {processor.py:163} INFO - Started process (PID=30163) to work on /home/airflow/.local/lib/python3.7/site-packages/airflow/example_dags/tutorial_taskflow_api_etl.py
[2022-05-11 07:05:42,317] {processor.py:642} INFO - Processing file /home/airflow/.local/lib/python3.7/site-packages/airflow/example_dags/tutorial_taskflow_api_etl.py for tasks to queue
[2022-05-11 07:05:42,318] {logging_mixin.py:109} INFO - [2022-05-11 07:05:42,318] {dagbag.py:500} INFO - Filling up the DagBag from /home/airflow/.local/lib/python3.7/site-packages/airflow/example_dags/tutorial_taskflow_api_etl.py
[2022-05-11 07:05:42,337] {processor.py:652} INFO - DAG(s) dict_keys(['tutorial_taskflow_api_etl']) retrieved from /home/airflow/.local/lib/python3.7/site-packages/airflow/example_dags/tutorial_taskflow_api_etl.py
[2022-05-11 07:05:42,589] {logging_mixin.py:109} INFO - [2022-05-11 07:05:42,588] {dag.py:2398} INFO - Sync 1 DAGs
[2022-05-11 07:05:42,601] {logging_mixin.py:109} INFO - [2022-05-11 07:05:42,601] {dag.py:2937} INFO - Setting next_dagrun for tutorial_taskflow_api_etl to None
[2022-05-11 07:05:42,619] {processor.py:171} INFO - Processing /home/airflow/.local/lib/python3.7/site-packages/airflow/example_dags/tutorial_taskflow_api_etl.py took 0.308 seconds
[2022-05-11 07:06:12,707] {processor.py:163} INFO - Started process (PID=30235) to work on /home/airflow/.local/lib/python3.7/site-packages/airflow/example_dags/tutorial_taskflow_api_etl.py
[2022-05-11 07:06:12,708] {processor.py:642} INFO - Processing file /home/airflow/.local/lib/python3.7/site-packages/airflow/example_dags/tutorial_taskflow_api_etl.py for tasks to queue
[2022-05-11 07:06:12,709] {logging_mixin.py:109} INFO - [2022-05-11 07:06:12,709] {dagbag.py:500} INFO - Filling up the DagBag from /home/airflow/.local/lib/python3.7/site-packages/airflow/example_dags/tutorial_taskflow_api_etl.py
[2022-05-11 07:06:12,732] {processor.py:652} INFO - DAG(s) dict_keys(['tutorial_taskflow_api_etl']) retrieved from /home/airflow/.local/lib/python3.7/site-packages/airflow/example_dags/tutorial_taskflow_api_etl.py
[2022-05-11 07:06:13,029] {logging_mixin.py:109} INFO - [2022-05-11 07:06:13,028] {dag.py:2398} INFO - Sync 1 DAGs
[2022-05-11 07:06:13,043] {logging_mixin.py:109} INFO - [2022-05-11 07:06:13,043] {dag.py:2937} INFO - Setting next_dagrun for tutorial_taskflow_api_etl to None
[2022-05-11 07:06:13,060] {processor.py:171} INFO - Processing /home/airflow/.local/lib/python3.7/site-packages/airflow/example_dags/tutorial_taskflow_api_etl.py took 0.358 seconds
[2022-05-11 07:06:43,179] {processor.py:163} INFO - Started process (PID=30297) to work on /home/airflow/.local/lib/python3.7/site-packages/airflow/example_dags/tutorial_taskflow_api_etl.py
[2022-05-11 07:06:43,181] {processor.py:642} INFO - Processing file /home/airflow/.local/lib/python3.7/site-packages/airflow/example_dags/tutorial_taskflow_api_etl.py for tasks to queue
[2022-05-11 07:06:43,182] {logging_mixin.py:109} INFO - [2022-05-11 07:06:43,182] {dagbag.py:500} INFO - Filling up the DagBag from /home/airflow/.local/lib/python3.7/site-packages/airflow/example_dags/tutorial_taskflow_api_etl.py
[2022-05-11 07:06:43,198] {processor.py:652} INFO - DAG(s) dict_keys(['tutorial_taskflow_api_etl']) retrieved from /home/airflow/.local/lib/python3.7/site-packages/airflow/example_dags/tutorial_taskflow_api_etl.py
[2022-05-11 07:06:43,458] {logging_mixin.py:109} INFO - [2022-05-11 07:06:43,458] {dag.py:2398} INFO - Sync 1 DAGs
[2022-05-11 07:06:43,469] {logging_mixin.py:109} INFO - [2022-05-11 07:06:43,469] {dag.py:2937} INFO - Setting next_dagrun for tutorial_taskflow_api_etl to None
[2022-05-11 07:06:43,548] {processor.py:171} INFO - Processing /home/airflow/.local/lib/python3.7/site-packages/airflow/example_dags/tutorial_taskflow_api_etl.py took 0.372 seconds
[2022-05-11 07:07:13,911] {processor.py:163} INFO - Started process (PID=30368) to work on /home/airflow/.local/lib/python3.7/site-packages/airflow/example_dags/tutorial_taskflow_api_etl.py
[2022-05-11 07:07:13,913] {processor.py:642} INFO - Processing file /home/airflow/.local/lib/python3.7/site-packages/airflow/example_dags/tutorial_taskflow_api_etl.py for tasks to queue
[2022-05-11 07:07:13,915] {logging_mixin.py:109} INFO - [2022-05-11 07:07:13,914] {dagbag.py:500} INFO - Filling up the DagBag from /home/airflow/.local/lib/python3.7/site-packages/airflow/example_dags/tutorial_taskflow_api_etl.py
[2022-05-11 07:07:13,934] {processor.py:652} INFO - DAG(s) dict_keys(['tutorial_taskflow_api_etl']) retrieved from /home/airflow/.local/lib/python3.7/site-packages/airflow/example_dags/tutorial_taskflow_api_etl.py
[2022-05-11 07:07:13,953] {logging_mixin.py:109} INFO - [2022-05-11 07:07:13,953] {dag.py:2398} INFO - Sync 1 DAGs
[2022-05-11 07:07:13,967] {logging_mixin.py:109} INFO - [2022-05-11 07:07:13,967] {dag.py:2937} INFO - Setting next_dagrun for tutorial_taskflow_api_etl to None
[2022-05-11 07:07:13,980] {processor.py:171} INFO - Processing /home/airflow/.local/lib/python3.7/site-packages/airflow/example_dags/tutorial_taskflow_api_etl.py took 0.073 seconds
[2022-05-11 07:07:44,819] {processor.py:163} INFO - Started process (PID=30441) to work on /home/airflow/.local/lib/python3.7/site-packages/airflow/example_dags/tutorial_taskflow_api_etl.py
[2022-05-11 07:07:44,820] {processor.py:642} INFO - Processing file /home/airflow/.local/lib/python3.7/site-packages/airflow/example_dags/tutorial_taskflow_api_etl.py for tasks to queue
[2022-05-11 07:07:44,821] {logging_mixin.py:109} INFO - [2022-05-11 07:07:44,821] {dagbag.py:500} INFO - Filling up the DagBag from /home/airflow/.local/lib/python3.7/site-packages/airflow/example_dags/tutorial_taskflow_api_etl.py
[2022-05-11 07:07:44,836] {processor.py:652} INFO - DAG(s) dict_keys(['tutorial_taskflow_api_etl']) retrieved from /home/airflow/.local/lib/python3.7/site-packages/airflow/example_dags/tutorial_taskflow_api_etl.py
[2022-05-11 07:07:45,131] {logging_mixin.py:109} INFO - [2022-05-11 07:07:45,131] {dag.py:2398} INFO - Sync 1 DAGs
[2022-05-11 07:07:45,144] {logging_mixin.py:109} INFO - [2022-05-11 07:07:45,144] {dag.py:2937} INFO - Setting next_dagrun for tutorial_taskflow_api_etl to None
[2022-05-11 07:07:45,159] {processor.py:171} INFO - Processing /home/airflow/.local/lib/python3.7/site-packages/airflow/example_dags/tutorial_taskflow_api_etl.py took 0.343 seconds
[2022-05-11 07:08:15,372] {processor.py:163} INFO - Started process (PID=30504) to work on /home/airflow/.local/lib/python3.7/site-packages/airflow/example_dags/tutorial_taskflow_api_etl.py
[2022-05-11 07:08:15,374] {processor.py:642} INFO - Processing file /home/airflow/.local/lib/python3.7/site-packages/airflow/example_dags/tutorial_taskflow_api_etl.py for tasks to queue
[2022-05-11 07:08:15,375] {logging_mixin.py:109} INFO - [2022-05-11 07:08:15,375] {dagbag.py:500} INFO - Filling up the DagBag from /home/airflow/.local/lib/python3.7/site-packages/airflow/example_dags/tutorial_taskflow_api_etl.py
[2022-05-11 07:08:15,393] {processor.py:652} INFO - DAG(s) dict_keys(['tutorial_taskflow_api_etl']) retrieved from /home/airflow/.local/lib/python3.7/site-packages/airflow/example_dags/tutorial_taskflow_api_etl.py
[2022-05-11 07:08:15,664] {logging_mixin.py:109} INFO - [2022-05-11 07:08:15,664] {dag.py:2398} INFO - Sync 1 DAGs
[2022-05-11 07:08:15,675] {logging_mixin.py:109} INFO - [2022-05-11 07:08:15,675] {dag.py:2937} INFO - Setting next_dagrun for tutorial_taskflow_api_etl to None
[2022-05-11 07:08:15,692] {processor.py:171} INFO - Processing /home/airflow/.local/lib/python3.7/site-packages/airflow/example_dags/tutorial_taskflow_api_etl.py took 0.324 seconds
[2022-05-11 07:08:45,839] {processor.py:163} INFO - Started process (PID=30576) to work on /home/airflow/.local/lib/python3.7/site-packages/airflow/example_dags/tutorial_taskflow_api_etl.py
[2022-05-11 07:08:45,841] {processor.py:642} INFO - Processing file /home/airflow/.local/lib/python3.7/site-packages/airflow/example_dags/tutorial_taskflow_api_etl.py for tasks to queue
[2022-05-11 07:08:45,842] {logging_mixin.py:109} INFO - [2022-05-11 07:08:45,842] {dagbag.py:500} INFO - Filling up the DagBag from /home/airflow/.local/lib/python3.7/site-packages/airflow/example_dags/tutorial_taskflow_api_etl.py
[2022-05-11 07:08:45,859] {processor.py:652} INFO - DAG(s) dict_keys(['tutorial_taskflow_api_etl']) retrieved from /home/airflow/.local/lib/python3.7/site-packages/airflow/example_dags/tutorial_taskflow_api_etl.py
[2022-05-11 07:08:46,139] {logging_mixin.py:109} INFO - [2022-05-11 07:08:46,139] {dag.py:2398} INFO - Sync 1 DAGs
[2022-05-11 07:08:46,150] {logging_mixin.py:109} INFO - [2022-05-11 07:08:46,150] {dag.py:2937} INFO - Setting next_dagrun for tutorial_taskflow_api_etl to None
[2022-05-11 07:08:46,164] {processor.py:171} INFO - Processing /home/airflow/.local/lib/python3.7/site-packages/airflow/example_dags/tutorial_taskflow_api_etl.py took 0.328 seconds
[2022-05-11 07:09:16,544] {processor.py:163} INFO - Started process (PID=30639) to work on /home/airflow/.local/lib/python3.7/site-packages/airflow/example_dags/tutorial_taskflow_api_etl.py
[2022-05-11 07:09:16,546] {processor.py:642} INFO - Processing file /home/airflow/.local/lib/python3.7/site-packages/airflow/example_dags/tutorial_taskflow_api_etl.py for tasks to queue
[2022-05-11 07:09:16,548] {logging_mixin.py:109} INFO - [2022-05-11 07:09:16,548] {dagbag.py:500} INFO - Filling up the DagBag from /home/airflow/.local/lib/python3.7/site-packages/airflow/example_dags/tutorial_taskflow_api_etl.py
[2022-05-11 07:09:16,563] {processor.py:652} INFO - DAG(s) dict_keys(['tutorial_taskflow_api_etl']) retrieved from /home/airflow/.local/lib/python3.7/site-packages/airflow/example_dags/tutorial_taskflow_api_etl.py
[2022-05-11 07:09:16,845] {logging_mixin.py:109} INFO - [2022-05-11 07:09:16,845] {dag.py:2398} INFO - Sync 1 DAGs
[2022-05-11 07:09:16,859] {logging_mixin.py:109} INFO - [2022-05-11 07:09:16,859] {dag.py:2937} INFO - Setting next_dagrun for tutorial_taskflow_api_etl to None
[2022-05-11 07:09:16,874] {processor.py:171} INFO - Processing /home/airflow/.local/lib/python3.7/site-packages/airflow/example_dags/tutorial_taskflow_api_etl.py took 0.332 seconds
[2022-05-11 07:09:46,997] {processor.py:163} INFO - Started process (PID=30710) to work on /home/airflow/.local/lib/python3.7/site-packages/airflow/example_dags/tutorial_taskflow_api_etl.py
[2022-05-11 07:09:46,999] {processor.py:642} INFO - Processing file /home/airflow/.local/lib/python3.7/site-packages/airflow/example_dags/tutorial_taskflow_api_etl.py for tasks to queue
[2022-05-11 07:09:47,000] {logging_mixin.py:109} INFO - [2022-05-11 07:09:47,000] {dagbag.py:500} INFO - Filling up the DagBag from /home/airflow/.local/lib/python3.7/site-packages/airflow/example_dags/tutorial_taskflow_api_etl.py
[2022-05-11 07:09:47,020] {processor.py:652} INFO - DAG(s) dict_keys(['tutorial_taskflow_api_etl']) retrieved from /home/airflow/.local/lib/python3.7/site-packages/airflow/example_dags/tutorial_taskflow_api_etl.py
[2022-05-11 07:09:47,290] {logging_mixin.py:109} INFO - [2022-05-11 07:09:47,290] {dag.py:2398} INFO - Sync 1 DAGs
[2022-05-11 07:09:47,303] {logging_mixin.py:109} INFO - [2022-05-11 07:09:47,303] {dag.py:2937} INFO - Setting next_dagrun for tutorial_taskflow_api_etl to None
[2022-05-11 07:09:47,318] {processor.py:171} INFO - Processing /home/airflow/.local/lib/python3.7/site-packages/airflow/example_dags/tutorial_taskflow_api_etl.py took 0.325 seconds
[2022-05-11 07:10:17,557] {processor.py:163} INFO - Started process (PID=30773) to work on /home/airflow/.local/lib/python3.7/site-packages/airflow/example_dags/tutorial_taskflow_api_etl.py
[2022-05-11 07:10:17,559] {processor.py:642} INFO - Processing file /home/airflow/.local/lib/python3.7/site-packages/airflow/example_dags/tutorial_taskflow_api_etl.py for tasks to queue
[2022-05-11 07:10:17,560] {logging_mixin.py:109} INFO - [2022-05-11 07:10:17,560] {dagbag.py:500} INFO - Filling up the DagBag from /home/airflow/.local/lib/python3.7/site-packages/airflow/example_dags/tutorial_taskflow_api_etl.py
[2022-05-11 07:10:17,580] {processor.py:652} INFO - DAG(s) dict_keys(['tutorial_taskflow_api_etl']) retrieved from /home/airflow/.local/lib/python3.7/site-packages/airflow/example_dags/tutorial_taskflow_api_etl.py
[2022-05-11 07:10:17,882] {logging_mixin.py:109} INFO - [2022-05-11 07:10:17,882] {dag.py:2398} INFO - Sync 1 DAGs
[2022-05-11 07:10:17,898] {logging_mixin.py:109} INFO - [2022-05-11 07:10:17,898] {dag.py:2937} INFO - Setting next_dagrun for tutorial_taskflow_api_etl to None
[2022-05-11 07:10:17,919] {processor.py:171} INFO - Processing /home/airflow/.local/lib/python3.7/site-packages/airflow/example_dags/tutorial_taskflow_api_etl.py took 0.366 seconds
[2022-05-11 07:10:48,301] {processor.py:163} INFO - Started process (PID=30846) to work on /home/airflow/.local/lib/python3.7/site-packages/airflow/example_dags/tutorial_taskflow_api_etl.py
[2022-05-11 07:10:48,302] {processor.py:642} INFO - Processing file /home/airflow/.local/lib/python3.7/site-packages/airflow/example_dags/tutorial_taskflow_api_etl.py for tasks to queue
[2022-05-11 07:10:48,303] {logging_mixin.py:109} INFO - [2022-05-11 07:10:48,303] {dagbag.py:500} INFO - Filling up the DagBag from /home/airflow/.local/lib/python3.7/site-packages/airflow/example_dags/tutorial_taskflow_api_etl.py
[2022-05-11 07:10:48,319] {processor.py:652} INFO - DAG(s) dict_keys(['tutorial_taskflow_api_etl']) retrieved from /home/airflow/.local/lib/python3.7/site-packages/airflow/example_dags/tutorial_taskflow_api_etl.py
[2022-05-11 07:10:48,620] {logging_mixin.py:109} INFO - [2022-05-11 07:10:48,620] {dag.py:2398} INFO - Sync 1 DAGs
[2022-05-11 07:10:48,635] {logging_mixin.py:109} INFO - [2022-05-11 07:10:48,634] {dag.py:2937} INFO - Setting next_dagrun for tutorial_taskflow_api_etl to None
[2022-05-11 07:10:48,649] {processor.py:171} INFO - Processing /home/airflow/.local/lib/python3.7/site-packages/airflow/example_dags/tutorial_taskflow_api_etl.py took 0.352 seconds
[2022-05-11 07:11:19,017] {processor.py:163} INFO - Started process (PID=30918) to work on /home/airflow/.local/lib/python3.7/site-packages/airflow/example_dags/tutorial_taskflow_api_etl.py
[2022-05-11 07:11:19,019] {processor.py:642} INFO - Processing file /home/airflow/.local/lib/python3.7/site-packages/airflow/example_dags/tutorial_taskflow_api_etl.py for tasks to queue
[2022-05-11 07:11:19,020] {logging_mixin.py:109} INFO - [2022-05-11 07:11:19,020] {dagbag.py:500} INFO - Filling up the DagBag from /home/airflow/.local/lib/python3.7/site-packages/airflow/example_dags/tutorial_taskflow_api_etl.py
[2022-05-11 07:11:19,039] {processor.py:652} INFO - DAG(s) dict_keys(['tutorial_taskflow_api_etl']) retrieved from /home/airflow/.local/lib/python3.7/site-packages/airflow/example_dags/tutorial_taskflow_api_etl.py
[2022-05-11 07:11:19,357] {logging_mixin.py:109} INFO - [2022-05-11 07:11:19,357] {dag.py:2398} INFO - Sync 1 DAGs
[2022-05-11 07:11:19,367] {logging_mixin.py:109} INFO - [2022-05-11 07:11:19,367] {dag.py:2937} INFO - Setting next_dagrun for tutorial_taskflow_api_etl to None
[2022-05-11 07:11:19,380] {processor.py:171} INFO - Processing /home/airflow/.local/lib/python3.7/site-packages/airflow/example_dags/tutorial_taskflow_api_etl.py took 0.367 seconds
[2022-05-11 07:11:49,774] {processor.py:163} INFO - Started process (PID=30982) to work on /home/airflow/.local/lib/python3.7/site-packages/airflow/example_dags/tutorial_taskflow_api_etl.py
[2022-05-11 07:11:49,776] {processor.py:642} INFO - Processing file /home/airflow/.local/lib/python3.7/site-packages/airflow/example_dags/tutorial_taskflow_api_etl.py for tasks to queue
[2022-05-11 07:11:49,776] {logging_mixin.py:109} INFO - [2022-05-11 07:11:49,776] {dagbag.py:500} INFO - Filling up the DagBag from /home/airflow/.local/lib/python3.7/site-packages/airflow/example_dags/tutorial_taskflow_api_etl.py
[2022-05-11 07:11:49,796] {processor.py:652} INFO - DAG(s) dict_keys(['tutorial_taskflow_api_etl']) retrieved from /home/airflow/.local/lib/python3.7/site-packages/airflow/example_dags/tutorial_taskflow_api_etl.py
[2022-05-11 07:11:50,080] {logging_mixin.py:109} INFO - [2022-05-11 07:11:50,079] {dag.py:2398} INFO - Sync 1 DAGs
[2022-05-11 07:11:50,092] {logging_mixin.py:109} INFO - [2022-05-11 07:11:50,092] {dag.py:2937} INFO - Setting next_dagrun for tutorial_taskflow_api_etl to None
[2022-05-11 07:11:50,107] {processor.py:171} INFO - Processing /home/airflow/.local/lib/python3.7/site-packages/airflow/example_dags/tutorial_taskflow_api_etl.py took 0.336 seconds
[2022-05-11 07:12:20,371] {processor.py:163} INFO - Started process (PID=31055) to work on /home/airflow/.local/lib/python3.7/site-packages/airflow/example_dags/tutorial_taskflow_api_etl.py
[2022-05-11 07:12:20,373] {processor.py:642} INFO - Processing file /home/airflow/.local/lib/python3.7/site-packages/airflow/example_dags/tutorial_taskflow_api_etl.py for tasks to queue
[2022-05-11 07:12:20,377] {logging_mixin.py:109} INFO - [2022-05-11 07:12:20,377] {dagbag.py:500} INFO - Filling up the DagBag from /home/airflow/.local/lib/python3.7/site-packages/airflow/example_dags/tutorial_taskflow_api_etl.py
[2022-05-11 07:12:20,403] {processor.py:652} INFO - DAG(s) dict_keys(['tutorial_taskflow_api_etl']) retrieved from /home/airflow/.local/lib/python3.7/site-packages/airflow/example_dags/tutorial_taskflow_api_etl.py
[2022-05-11 07:12:20,726] {logging_mixin.py:109} INFO - [2022-05-11 07:12:20,726] {dag.py:2398} INFO - Sync 1 DAGs
[2022-05-11 07:12:20,741] {logging_mixin.py:109} INFO - [2022-05-11 07:12:20,741] {dag.py:2937} INFO - Setting next_dagrun for tutorial_taskflow_api_etl to None
[2022-05-11 07:12:20,758] {processor.py:171} INFO - Processing /home/airflow/.local/lib/python3.7/site-packages/airflow/example_dags/tutorial_taskflow_api_etl.py took 0.391 seconds
[2022-05-11 07:12:50,837] {processor.py:163} INFO - Started process (PID=31121) to work on /home/airflow/.local/lib/python3.7/site-packages/airflow/example_dags/tutorial_taskflow_api_etl.py
[2022-05-11 07:12:50,838] {processor.py:642} INFO - Processing file /home/airflow/.local/lib/python3.7/site-packages/airflow/example_dags/tutorial_taskflow_api_etl.py for tasks to queue
[2022-05-11 07:12:50,839] {logging_mixin.py:109} INFO - [2022-05-11 07:12:50,839] {dagbag.py:500} INFO - Filling up the DagBag from /home/airflow/.local/lib/python3.7/site-packages/airflow/example_dags/tutorial_taskflow_api_etl.py
[2022-05-11 07:12:50,859] {processor.py:652} INFO - DAG(s) dict_keys(['tutorial_taskflow_api_etl']) retrieved from /home/airflow/.local/lib/python3.7/site-packages/airflow/example_dags/tutorial_taskflow_api_etl.py
[2022-05-11 07:12:51,143] {logging_mixin.py:109} INFO - [2022-05-11 07:12:51,143] {dag.py:2398} INFO - Sync 1 DAGs
[2022-05-11 07:12:51,154] {logging_mixin.py:109} INFO - [2022-05-11 07:12:51,154] {dag.py:2937} INFO - Setting next_dagrun for tutorial_taskflow_api_etl to None
[2022-05-11 07:12:51,168] {processor.py:171} INFO - Processing /home/airflow/.local/lib/python3.7/site-packages/airflow/example_dags/tutorial_taskflow_api_etl.py took 0.335 seconds
[2022-05-11 07:13:22,027] {processor.py:163} INFO - Started process (PID=31194) to work on /home/airflow/.local/lib/python3.7/site-packages/airflow/example_dags/tutorial_taskflow_api_etl.py
[2022-05-11 07:13:22,029] {processor.py:642} INFO - Processing file /home/airflow/.local/lib/python3.7/site-packages/airflow/example_dags/tutorial_taskflow_api_etl.py for tasks to queue
[2022-05-11 07:13:22,030] {logging_mixin.py:109} INFO - [2022-05-11 07:13:22,030] {dagbag.py:500} INFO - Filling up the DagBag from /home/airflow/.local/lib/python3.7/site-packages/airflow/example_dags/tutorial_taskflow_api_etl.py
[2022-05-11 07:13:22,052] {processor.py:652} INFO - DAG(s) dict_keys(['tutorial_taskflow_api_etl']) retrieved from /home/airflow/.local/lib/python3.7/site-packages/airflow/example_dags/tutorial_taskflow_api_etl.py
[2022-05-11 07:13:22,393] {logging_mixin.py:109} INFO - [2022-05-11 07:13:22,393] {dag.py:2398} INFO - Sync 1 DAGs
[2022-05-11 07:13:22,407] {logging_mixin.py:109} INFO - [2022-05-11 07:13:22,407] {dag.py:2937} INFO - Setting next_dagrun for tutorial_taskflow_api_etl to None
[2022-05-11 07:13:22,422] {processor.py:171} INFO - Processing /home/airflow/.local/lib/python3.7/site-packages/airflow/example_dags/tutorial_taskflow_api_etl.py took 0.397 seconds
[2022-05-11 07:13:52,530] {processor.py:163} INFO - Started process (PID=31261) to work on /home/airflow/.local/lib/python3.7/site-packages/airflow/example_dags/tutorial_taskflow_api_etl.py
[2022-05-11 07:13:52,532] {processor.py:642} INFO - Processing file /home/airflow/.local/lib/python3.7/site-packages/airflow/example_dags/tutorial_taskflow_api_etl.py for tasks to queue
[2022-05-11 07:13:52,532] {logging_mixin.py:109} INFO - [2022-05-11 07:13:52,532] {dagbag.py:500} INFO - Filling up the DagBag from /home/airflow/.local/lib/python3.7/site-packages/airflow/example_dags/tutorial_taskflow_api_etl.py
[2022-05-11 07:13:52,552] {processor.py:652} INFO - DAG(s) dict_keys(['tutorial_taskflow_api_etl']) retrieved from /home/airflow/.local/lib/python3.7/site-packages/airflow/example_dags/tutorial_taskflow_api_etl.py
[2022-05-11 07:13:52,878] {logging_mixin.py:109} INFO - [2022-05-11 07:13:52,878] {dag.py:2398} INFO - Sync 1 DAGs
[2022-05-11 07:13:52,889] {logging_mixin.py:109} INFO - [2022-05-11 07:13:52,889] {dag.py:2937} INFO - Setting next_dagrun for tutorial_taskflow_api_etl to None
[2022-05-11 07:13:52,902] {processor.py:171} INFO - Processing /home/airflow/.local/lib/python3.7/site-packages/airflow/example_dags/tutorial_taskflow_api_etl.py took 0.376 seconds
[2022-05-11 07:14:23,155] {processor.py:163} INFO - Started process (PID=31334) to work on /home/airflow/.local/lib/python3.7/site-packages/airflow/example_dags/tutorial_taskflow_api_etl.py
[2022-05-11 07:14:23,156] {processor.py:642} INFO - Processing file /home/airflow/.local/lib/python3.7/site-packages/airflow/example_dags/tutorial_taskflow_api_etl.py for tasks to queue
[2022-05-11 07:14:23,157] {logging_mixin.py:109} INFO - [2022-05-11 07:14:23,157] {dagbag.py:500} INFO - Filling up the DagBag from /home/airflow/.local/lib/python3.7/site-packages/airflow/example_dags/tutorial_taskflow_api_etl.py
[2022-05-11 07:14:23,185] {processor.py:652} INFO - DAG(s) dict_keys(['tutorial_taskflow_api_etl']) retrieved from /home/airflow/.local/lib/python3.7/site-packages/airflow/example_dags/tutorial_taskflow_api_etl.py
[2022-05-11 07:14:23,474] {logging_mixin.py:109} INFO - [2022-05-11 07:14:23,474] {dag.py:2398} INFO - Sync 1 DAGs
[2022-05-11 07:14:23,489] {logging_mixin.py:109} INFO - [2022-05-11 07:14:23,489] {dag.py:2937} INFO - Setting next_dagrun for tutorial_taskflow_api_etl to None
[2022-05-11 07:14:23,506] {processor.py:171} INFO - Processing /home/airflow/.local/lib/python3.7/site-packages/airflow/example_dags/tutorial_taskflow_api_etl.py took 0.355 seconds
[2022-05-11 07:14:53,609] {processor.py:163} INFO - Started process (PID=31397) to work on /home/airflow/.local/lib/python3.7/site-packages/airflow/example_dags/tutorial_taskflow_api_etl.py
[2022-05-11 07:14:53,610] {processor.py:642} INFO - Processing file /home/airflow/.local/lib/python3.7/site-packages/airflow/example_dags/tutorial_taskflow_api_etl.py for tasks to queue
[2022-05-11 07:14:53,611] {logging_mixin.py:109} INFO - [2022-05-11 07:14:53,611] {dagbag.py:500} INFO - Filling up the DagBag from /home/airflow/.local/lib/python3.7/site-packages/airflow/example_dags/tutorial_taskflow_api_etl.py
[2022-05-11 07:14:53,632] {processor.py:652} INFO - DAG(s) dict_keys(['tutorial_taskflow_api_etl']) retrieved from /home/airflow/.local/lib/python3.7/site-packages/airflow/example_dags/tutorial_taskflow_api_etl.py
[2022-05-11 07:14:53,934] {logging_mixin.py:109} INFO - [2022-05-11 07:14:53,934] {dag.py:2398} INFO - Sync 1 DAGs
[2022-05-11 07:14:53,948] {logging_mixin.py:109} INFO - [2022-05-11 07:14:53,948] {dag.py:2937} INFO - Setting next_dagrun for tutorial_taskflow_api_etl to None
[2022-05-11 07:14:53,963] {processor.py:171} INFO - Processing /home/airflow/.local/lib/python3.7/site-packages/airflow/example_dags/tutorial_taskflow_api_etl.py took 0.358 seconds
[2022-05-11 07:15:24,777] {processor.py:163} INFO - Started process (PID=31472) to work on /home/airflow/.local/lib/python3.7/site-packages/airflow/example_dags/tutorial_taskflow_api_etl.py
[2022-05-11 07:15:24,778] {processor.py:642} INFO - Processing file /home/airflow/.local/lib/python3.7/site-packages/airflow/example_dags/tutorial_taskflow_api_etl.py for tasks to queue
[2022-05-11 07:15:24,779] {logging_mixin.py:109} INFO - [2022-05-11 07:15:24,779] {dagbag.py:500} INFO - Filling up the DagBag from /home/airflow/.local/lib/python3.7/site-packages/airflow/example_dags/tutorial_taskflow_api_etl.py
[2022-05-11 07:15:24,801] {processor.py:652} INFO - DAG(s) dict_keys(['tutorial_taskflow_api_etl']) retrieved from /home/airflow/.local/lib/python3.7/site-packages/airflow/example_dags/tutorial_taskflow_api_etl.py
[2022-05-11 07:15:25,096] {logging_mixin.py:109} INFO - [2022-05-11 07:15:25,095] {dag.py:2398} INFO - Sync 1 DAGs
[2022-05-11 07:15:25,111] {logging_mixin.py:109} INFO - [2022-05-11 07:15:25,111] {dag.py:2937} INFO - Setting next_dagrun for tutorial_taskflow_api_etl to None
[2022-05-11 07:15:25,126] {processor.py:171} INFO - Processing /home/airflow/.local/lib/python3.7/site-packages/airflow/example_dags/tutorial_taskflow_api_etl.py took 0.353 seconds
[2022-05-11 07:15:55,204] {processor.py:163} INFO - Started process (PID=31546) to work on /home/airflow/.local/lib/python3.7/site-packages/airflow/example_dags/tutorial_taskflow_api_etl.py
[2022-05-11 07:15:55,206] {processor.py:642} INFO - Processing file /home/airflow/.local/lib/python3.7/site-packages/airflow/example_dags/tutorial_taskflow_api_etl.py for tasks to queue
[2022-05-11 07:15:55,207] {logging_mixin.py:109} INFO - [2022-05-11 07:15:55,206] {dagbag.py:500} INFO - Filling up the DagBag from /home/airflow/.local/lib/python3.7/site-packages/airflow/example_dags/tutorial_taskflow_api_etl.py
[2022-05-11 07:15:55,233] {processor.py:652} INFO - DAG(s) dict_keys(['tutorial_taskflow_api_etl']) retrieved from /home/airflow/.local/lib/python3.7/site-packages/airflow/example_dags/tutorial_taskflow_api_etl.py
[2022-05-11 07:15:55,576] {logging_mixin.py:109} INFO - [2022-05-11 07:15:55,575] {dag.py:2398} INFO - Sync 1 DAGs
[2022-05-11 07:15:55,589] {logging_mixin.py:109} INFO - [2022-05-11 07:15:55,589] {dag.py:2937} INFO - Setting next_dagrun for tutorial_taskflow_api_etl to None
[2022-05-11 07:15:55,606] {processor.py:171} INFO - Processing /home/airflow/.local/lib/python3.7/site-packages/airflow/example_dags/tutorial_taskflow_api_etl.py took 0.405 seconds
[2022-05-11 07:16:25,768] {processor.py:163} INFO - Started process (PID=31609) to work on /home/airflow/.local/lib/python3.7/site-packages/airflow/example_dags/tutorial_taskflow_api_etl.py
[2022-05-11 07:16:25,770] {processor.py:642} INFO - Processing file /home/airflow/.local/lib/python3.7/site-packages/airflow/example_dags/tutorial_taskflow_api_etl.py for tasks to queue
[2022-05-11 07:16:25,771] {logging_mixin.py:109} INFO - [2022-05-11 07:16:25,771] {dagbag.py:500} INFO - Filling up the DagBag from /home/airflow/.local/lib/python3.7/site-packages/airflow/example_dags/tutorial_taskflow_api_etl.py
[2022-05-11 07:16:25,795] {processor.py:652} INFO - DAG(s) dict_keys(['tutorial_taskflow_api_etl']) retrieved from /home/airflow/.local/lib/python3.7/site-packages/airflow/example_dags/tutorial_taskflow_api_etl.py
[2022-05-11 07:16:26,125] {logging_mixin.py:109} INFO - [2022-05-11 07:16:26,125] {dag.py:2398} INFO - Sync 1 DAGs
[2022-05-11 07:16:26,140] {logging_mixin.py:109} INFO - [2022-05-11 07:16:26,140] {dag.py:2937} INFO - Setting next_dagrun for tutorial_taskflow_api_etl to None
[2022-05-11 07:16:26,155] {processor.py:171} INFO - Processing /home/airflow/.local/lib/python3.7/site-packages/airflow/example_dags/tutorial_taskflow_api_etl.py took 0.390 seconds
[2022-05-11 07:16:56,355] {processor.py:163} INFO - Started process (PID=31682) to work on /home/airflow/.local/lib/python3.7/site-packages/airflow/example_dags/tutorial_taskflow_api_etl.py
[2022-05-11 07:16:56,356] {processor.py:642} INFO - Processing file /home/airflow/.local/lib/python3.7/site-packages/airflow/example_dags/tutorial_taskflow_api_etl.py for tasks to queue
[2022-05-11 07:16:56,357] {logging_mixin.py:109} INFO - [2022-05-11 07:16:56,357] {dagbag.py:500} INFO - Filling up the DagBag from /home/airflow/.local/lib/python3.7/site-packages/airflow/example_dags/tutorial_taskflow_api_etl.py
[2022-05-11 07:16:56,383] {processor.py:652} INFO - DAG(s) dict_keys(['tutorial_taskflow_api_etl']) retrieved from /home/airflow/.local/lib/python3.7/site-packages/airflow/example_dags/tutorial_taskflow_api_etl.py
[2022-05-11 07:16:56,871] {logging_mixin.py:109} INFO - [2022-05-11 07:16:56,871] {dag.py:2398} INFO - Sync 1 DAGs
[2022-05-11 07:16:56,897] {logging_mixin.py:109} INFO - [2022-05-11 07:16:56,897] {dag.py:2937} INFO - Setting next_dagrun for tutorial_taskflow_api_etl to None
[2022-05-11 07:16:56,922] {processor.py:171} INFO - Processing /home/airflow/.local/lib/python3.7/site-packages/airflow/example_dags/tutorial_taskflow_api_etl.py took 0.571 seconds
[2022-05-11 07:17:26,993] {processor.py:163} INFO - Started process (PID=31747) to work on /home/airflow/.local/lib/python3.7/site-packages/airflow/example_dags/tutorial_taskflow_api_etl.py
[2022-05-11 07:17:26,995] {processor.py:642} INFO - Processing file /home/airflow/.local/lib/python3.7/site-packages/airflow/example_dags/tutorial_taskflow_api_etl.py for tasks to queue
[2022-05-11 07:17:26,996] {logging_mixin.py:109} INFO - [2022-05-11 07:17:26,996] {dagbag.py:500} INFO - Filling up the DagBag from /home/airflow/.local/lib/python3.7/site-packages/airflow/example_dags/tutorial_taskflow_api_etl.py
[2022-05-11 07:17:27,018] {processor.py:652} INFO - DAG(s) dict_keys(['tutorial_taskflow_api_etl']) retrieved from /home/airflow/.local/lib/python3.7/site-packages/airflow/example_dags/tutorial_taskflow_api_etl.py
[2022-05-11 07:17:27,346] {logging_mixin.py:109} INFO - [2022-05-11 07:17:27,346] {dag.py:2398} INFO - Sync 1 DAGs
[2022-05-11 07:17:27,361] {logging_mixin.py:109} INFO - [2022-05-11 07:17:27,361] {dag.py:2937} INFO - Setting next_dagrun for tutorial_taskflow_api_etl to None
[2022-05-11 07:17:27,378] {processor.py:171} INFO - Processing /home/airflow/.local/lib/python3.7/site-packages/airflow/example_dags/tutorial_taskflow_api_etl.py took 0.388 seconds
[2022-05-11 07:17:58,342] {processor.py:163} INFO - Started process (PID=31820) to work on /home/airflow/.local/lib/python3.7/site-packages/airflow/example_dags/tutorial_taskflow_api_etl.py
[2022-05-11 07:17:58,344] {processor.py:642} INFO - Processing file /home/airflow/.local/lib/python3.7/site-packages/airflow/example_dags/tutorial_taskflow_api_etl.py for tasks to queue
[2022-05-11 07:17:58,345] {logging_mixin.py:109} INFO - [2022-05-11 07:17:58,345] {dagbag.py:500} INFO - Filling up the DagBag from /home/airflow/.local/lib/python3.7/site-packages/airflow/example_dags/tutorial_taskflow_api_etl.py
[2022-05-11 07:17:58,370] {processor.py:652} INFO - DAG(s) dict_keys(['tutorial_taskflow_api_etl']) retrieved from /home/airflow/.local/lib/python3.7/site-packages/airflow/example_dags/tutorial_taskflow_api_etl.py
[2022-05-11 07:17:58,796] {logging_mixin.py:109} INFO - [2022-05-11 07:17:58,796] {dag.py:2398} INFO - Sync 1 DAGs
[2022-05-11 07:17:58,810] {logging_mixin.py:109} INFO - [2022-05-11 07:17:58,810] {dag.py:2937} INFO - Setting next_dagrun for tutorial_taskflow_api_etl to None
[2022-05-11 07:17:58,829] {processor.py:171} INFO - Processing /home/airflow/.local/lib/python3.7/site-packages/airflow/example_dags/tutorial_taskflow_api_etl.py took 0.491 seconds
[2022-05-11 07:18:28,987] {processor.py:163} INFO - Started process (PID=31883) to work on /home/airflow/.local/lib/python3.7/site-packages/airflow/example_dags/tutorial_taskflow_api_etl.py
[2022-05-11 07:18:28,989] {processor.py:642} INFO - Processing file /home/airflow/.local/lib/python3.7/site-packages/airflow/example_dags/tutorial_taskflow_api_etl.py for tasks to queue
[2022-05-11 07:18:28,990] {logging_mixin.py:109} INFO - [2022-05-11 07:18:28,990] {dagbag.py:500} INFO - Filling up the DagBag from /home/airflow/.local/lib/python3.7/site-packages/airflow/example_dags/tutorial_taskflow_api_etl.py
[2022-05-11 07:18:29,013] {processor.py:652} INFO - DAG(s) dict_keys(['tutorial_taskflow_api_etl']) retrieved from /home/airflow/.local/lib/python3.7/site-packages/airflow/example_dags/tutorial_taskflow_api_etl.py
[2022-05-11 07:18:29,035] {logging_mixin.py:109} INFO - [2022-05-11 07:18:29,035] {dag.py:2398} INFO - Sync 1 DAGs
[2022-05-11 07:18:29,056] {logging_mixin.py:109} INFO - [2022-05-11 07:18:29,055] {dag.py:2937} INFO - Setting next_dagrun for tutorial_taskflow_api_etl to None
[2022-05-11 07:18:29,068] {processor.py:171} INFO - Processing /home/airflow/.local/lib/python3.7/site-packages/airflow/example_dags/tutorial_taskflow_api_etl.py took 0.084 seconds
[2022-05-11 07:18:59,116] {processor.py:163} INFO - Started process (PID=31946) to work on /home/airflow/.local/lib/python3.7/site-packages/airflow/example_dags/tutorial_taskflow_api_etl.py
[2022-05-11 07:18:59,118] {processor.py:642} INFO - Processing file /home/airflow/.local/lib/python3.7/site-packages/airflow/example_dags/tutorial_taskflow_api_etl.py for tasks to queue
[2022-05-11 07:18:59,119] {logging_mixin.py:109} INFO - [2022-05-11 07:18:59,118] {dagbag.py:500} INFO - Filling up the DagBag from /home/airflow/.local/lib/python3.7/site-packages/airflow/example_dags/tutorial_taskflow_api_etl.py
[2022-05-11 07:18:59,141] {processor.py:652} INFO - DAG(s) dict_keys(['tutorial_taskflow_api_etl']) retrieved from /home/airflow/.local/lib/python3.7/site-packages/airflow/example_dags/tutorial_taskflow_api_etl.py
[2022-05-11 07:18:59,465] {logging_mixin.py:109} INFO - [2022-05-11 07:18:59,465] {dag.py:2398} INFO - Sync 1 DAGs
[2022-05-11 07:18:59,480] {logging_mixin.py:109} INFO - [2022-05-11 07:18:59,480] {dag.py:2937} INFO - Setting next_dagrun for tutorial_taskflow_api_etl to None
[2022-05-11 07:18:59,501] {processor.py:171} INFO - Processing /home/airflow/.local/lib/python3.7/site-packages/airflow/example_dags/tutorial_taskflow_api_etl.py took 0.389 seconds
[2022-05-11 07:19:29,862] {processor.py:163} INFO - Started process (PID=32016) to work on /home/airflow/.local/lib/python3.7/site-packages/airflow/example_dags/tutorial_taskflow_api_etl.py
[2022-05-11 07:19:29,864] {processor.py:642} INFO - Processing file /home/airflow/.local/lib/python3.7/site-packages/airflow/example_dags/tutorial_taskflow_api_etl.py for tasks to queue
[2022-05-11 07:19:29,865] {logging_mixin.py:109} INFO - [2022-05-11 07:19:29,865] {dagbag.py:500} INFO - Filling up the DagBag from /home/airflow/.local/lib/python3.7/site-packages/airflow/example_dags/tutorial_taskflow_api_etl.py
[2022-05-11 07:19:29,899] {processor.py:652} INFO - DAG(s) dict_keys(['tutorial_taskflow_api_etl']) retrieved from /home/airflow/.local/lib/python3.7/site-packages/airflow/example_dags/tutorial_taskflow_api_etl.py
[2022-05-11 07:19:30,342] {logging_mixin.py:109} INFO - [2022-05-11 07:19:30,342] {dag.py:2398} INFO - Sync 1 DAGs
[2022-05-11 07:19:30,358] {logging_mixin.py:109} INFO - [2022-05-11 07:19:30,358] {dag.py:2937} INFO - Setting next_dagrun for tutorial_taskflow_api_etl to None
[2022-05-11 07:19:30,378] {processor.py:171} INFO - Processing /home/airflow/.local/lib/python3.7/site-packages/airflow/example_dags/tutorial_taskflow_api_etl.py took 0.520 seconds
[2022-05-11 07:20:00,657] {processor.py:163} INFO - Started process (PID=32076) to work on /home/airflow/.local/lib/python3.7/site-packages/airflow/example_dags/tutorial_taskflow_api_etl.py
[2022-05-11 07:20:00,660] {processor.py:642} INFO - Processing file /home/airflow/.local/lib/python3.7/site-packages/airflow/example_dags/tutorial_taskflow_api_etl.py for tasks to queue
[2022-05-11 07:20:00,662] {logging_mixin.py:109} INFO - [2022-05-11 07:20:00,661] {dagbag.py:500} INFO - Filling up the DagBag from /home/airflow/.local/lib/python3.7/site-packages/airflow/example_dags/tutorial_taskflow_api_etl.py
[2022-05-11 07:20:00,686] {processor.py:652} INFO - DAG(s) dict_keys(['tutorial_taskflow_api_etl']) retrieved from /home/airflow/.local/lib/python3.7/site-packages/airflow/example_dags/tutorial_taskflow_api_etl.py
[2022-05-11 07:20:01,069] {logging_mixin.py:109} INFO - [2022-05-11 07:20:01,069] {dag.py:2398} INFO - Sync 1 DAGs
[2022-05-11 07:20:01,084] {logging_mixin.py:109} INFO - [2022-05-11 07:20:01,084] {dag.py:2937} INFO - Setting next_dagrun for tutorial_taskflow_api_etl to None
[2022-05-11 07:20:01,103] {processor.py:171} INFO - Processing /home/airflow/.local/lib/python3.7/site-packages/airflow/example_dags/tutorial_taskflow_api_etl.py took 0.450 seconds
[2022-05-11 07:20:31,238] {processor.py:163} INFO - Started process (PID=32149) to work on /home/airflow/.local/lib/python3.7/site-packages/airflow/example_dags/tutorial_taskflow_api_etl.py
[2022-05-11 07:20:31,241] {processor.py:642} INFO - Processing file /home/airflow/.local/lib/python3.7/site-packages/airflow/example_dags/tutorial_taskflow_api_etl.py for tasks to queue
[2022-05-11 07:20:31,242] {logging_mixin.py:109} INFO - [2022-05-11 07:20:31,242] {dagbag.py:500} INFO - Filling up the DagBag from /home/airflow/.local/lib/python3.7/site-packages/airflow/example_dags/tutorial_taskflow_api_etl.py
[2022-05-11 07:20:31,271] {processor.py:652} INFO - DAG(s) dict_keys(['tutorial_taskflow_api_etl']) retrieved from /home/airflow/.local/lib/python3.7/site-packages/airflow/example_dags/tutorial_taskflow_api_etl.py
[2022-05-11 07:20:31,642] {logging_mixin.py:109} INFO - [2022-05-11 07:20:31,641] {dag.py:2398} INFO - Sync 1 DAGs
[2022-05-11 07:20:31,659] {logging_mixin.py:109} INFO - [2022-05-11 07:20:31,659] {dag.py:2937} INFO - Setting next_dagrun for tutorial_taskflow_api_etl to None
[2022-05-11 07:20:31,676] {processor.py:171} INFO - Processing /home/airflow/.local/lib/python3.7/site-packages/airflow/example_dags/tutorial_taskflow_api_etl.py took 0.444 seconds
[2022-05-11 07:21:02,414] {processor.py:163} INFO - Started process (PID=32214) to work on /home/airflow/.local/lib/python3.7/site-packages/airflow/example_dags/tutorial_taskflow_api_etl.py
[2022-05-11 07:21:02,416] {processor.py:642} INFO - Processing file /home/airflow/.local/lib/python3.7/site-packages/airflow/example_dags/tutorial_taskflow_api_etl.py for tasks to queue
[2022-05-11 07:21:02,417] {logging_mixin.py:109} INFO - [2022-05-11 07:21:02,417] {dagbag.py:500} INFO - Filling up the DagBag from /home/airflow/.local/lib/python3.7/site-packages/airflow/example_dags/tutorial_taskflow_api_etl.py
[2022-05-11 07:21:02,448] {processor.py:652} INFO - DAG(s) dict_keys(['tutorial_taskflow_api_etl']) retrieved from /home/airflow/.local/lib/python3.7/site-packages/airflow/example_dags/tutorial_taskflow_api_etl.py
[2022-05-11 07:21:02,848] {logging_mixin.py:109} INFO - [2022-05-11 07:21:02,848] {dag.py:2398} INFO - Sync 1 DAGs
[2022-05-11 07:21:02,870] {logging_mixin.py:109} INFO - [2022-05-11 07:21:02,869] {dag.py:2937} INFO - Setting next_dagrun for tutorial_taskflow_api_etl to None
[2022-05-11 07:21:02,885] {processor.py:171} INFO - Processing /home/airflow/.local/lib/python3.7/site-packages/airflow/example_dags/tutorial_taskflow_api_etl.py took 0.477 seconds
[2022-05-11 07:21:33,822] {processor.py:163} INFO - Started process (PID=32290) to work on /home/airflow/.local/lib/python3.7/site-packages/airflow/example_dags/tutorial_taskflow_api_etl.py
[2022-05-11 07:21:33,823] {processor.py:642} INFO - Processing file /home/airflow/.local/lib/python3.7/site-packages/airflow/example_dags/tutorial_taskflow_api_etl.py for tasks to queue
[2022-05-11 07:21:33,824] {logging_mixin.py:109} INFO - [2022-05-11 07:21:33,824] {dagbag.py:500} INFO - Filling up the DagBag from /home/airflow/.local/lib/python3.7/site-packages/airflow/example_dags/tutorial_taskflow_api_etl.py
[2022-05-11 07:21:33,848] {processor.py:652} INFO - DAG(s) dict_keys(['tutorial_taskflow_api_etl']) retrieved from /home/airflow/.local/lib/python3.7/site-packages/airflow/example_dags/tutorial_taskflow_api_etl.py
[2022-05-11 07:21:34,146] {logging_mixin.py:109} INFO - [2022-05-11 07:21:34,146] {dag.py:2398} INFO - Sync 1 DAGs
[2022-05-11 07:21:34,157] {logging_mixin.py:109} INFO - [2022-05-11 07:21:34,157] {dag.py:2937} INFO - Setting next_dagrun for tutorial_taskflow_api_etl to None
[2022-05-11 07:21:34,176] {processor.py:171} INFO - Processing /home/airflow/.local/lib/python3.7/site-packages/airflow/example_dags/tutorial_taskflow_api_etl.py took 0.360 seconds
[2022-05-11 07:22:05,820] {processor.py:163} INFO - Started process (PID=32364) to work on /home/airflow/.local/lib/python3.7/site-packages/airflow/example_dags/tutorial_taskflow_api_etl.py
[2022-05-11 07:22:05,822] {processor.py:642} INFO - Processing file /home/airflow/.local/lib/python3.7/site-packages/airflow/example_dags/tutorial_taskflow_api_etl.py for tasks to queue
[2022-05-11 07:22:05,824] {logging_mixin.py:109} INFO - [2022-05-11 07:22:05,824] {dagbag.py:500} INFO - Filling up the DagBag from /home/airflow/.local/lib/python3.7/site-packages/airflow/example_dags/tutorial_taskflow_api_etl.py
[2022-05-11 07:22:05,852] {processor.py:652} INFO - DAG(s) dict_keys(['tutorial_taskflow_api_etl']) retrieved from /home/airflow/.local/lib/python3.7/site-packages/airflow/example_dags/tutorial_taskflow_api_etl.py
[2022-05-11 07:22:06,238] {logging_mixin.py:109} INFO - [2022-05-11 07:22:06,238] {dag.py:2398} INFO - Sync 1 DAGs
[2022-05-11 07:22:06,254] {logging_mixin.py:109} INFO - [2022-05-11 07:22:06,254] {dag.py:2937} INFO - Setting next_dagrun for tutorial_taskflow_api_etl to None
[2022-05-11 07:22:06,275] {processor.py:171} INFO - Processing /home/airflow/.local/lib/python3.7/site-packages/airflow/example_dags/tutorial_taskflow_api_etl.py took 0.461 seconds
[2022-05-11 07:22:36,378] {processor.py:163} INFO - Started process (PID=32422) to work on /home/airflow/.local/lib/python3.7/site-packages/airflow/example_dags/tutorial_taskflow_api_etl.py
[2022-05-11 07:22:36,379] {processor.py:642} INFO - Processing file /home/airflow/.local/lib/python3.7/site-packages/airflow/example_dags/tutorial_taskflow_api_etl.py for tasks to queue
[2022-05-11 07:22:36,380] {logging_mixin.py:109} INFO - [2022-05-11 07:22:36,380] {dagbag.py:500} INFO - Filling up the DagBag from /home/airflow/.local/lib/python3.7/site-packages/airflow/example_dags/tutorial_taskflow_api_etl.py
[2022-05-11 07:22:36,401] {processor.py:652} INFO - DAG(s) dict_keys(['tutorial_taskflow_api_etl']) retrieved from /home/airflow/.local/lib/python3.7/site-packages/airflow/example_dags/tutorial_taskflow_api_etl.py
[2022-05-11 07:22:36,425] {logging_mixin.py:109} INFO - [2022-05-11 07:22:36,425] {dag.py:2398} INFO - Sync 1 DAGs
[2022-05-11 07:22:36,445] {logging_mixin.py:109} INFO - [2022-05-11 07:22:36,445] {dag.py:2937} INFO - Setting next_dagrun for tutorial_taskflow_api_etl to None
[2022-05-11 07:22:36,460] {processor.py:171} INFO - Processing /home/airflow/.local/lib/python3.7/site-packages/airflow/example_dags/tutorial_taskflow_api_etl.py took 0.086 seconds
[2022-05-11 07:23:07,476] {processor.py:163} INFO - Started process (PID=32489) to work on /home/airflow/.local/lib/python3.7/site-packages/airflow/example_dags/tutorial_taskflow_api_etl.py
[2022-05-11 07:23:07,478] {processor.py:642} INFO - Processing file /home/airflow/.local/lib/python3.7/site-packages/airflow/example_dags/tutorial_taskflow_api_etl.py for tasks to queue
[2022-05-11 07:23:07,480] {logging_mixin.py:109} INFO - [2022-05-11 07:23:07,479] {dagbag.py:500} INFO - Filling up the DagBag from /home/airflow/.local/lib/python3.7/site-packages/airflow/example_dags/tutorial_taskflow_api_etl.py
[2022-05-11 07:23:07,498] {processor.py:652} INFO - DAG(s) dict_keys(['tutorial_taskflow_api_etl']) retrieved from /home/airflow/.local/lib/python3.7/site-packages/airflow/example_dags/tutorial_taskflow_api_etl.py
[2022-05-11 07:23:07,844] {logging_mixin.py:109} INFO - [2022-05-11 07:23:07,843] {dag.py:2398} INFO - Sync 1 DAGs
[2022-05-11 07:23:07,857] {logging_mixin.py:109} INFO - [2022-05-11 07:23:07,857] {dag.py:2937} INFO - Setting next_dagrun for tutorial_taskflow_api_etl to None
[2022-05-11 07:23:07,871] {processor.py:171} INFO - Processing /home/airflow/.local/lib/python3.7/site-packages/airflow/example_dags/tutorial_taskflow_api_etl.py took 0.401 seconds
[2022-05-11 07:23:38,078] {processor.py:163} INFO - Started process (PID=32553) to work on /home/airflow/.local/lib/python3.7/site-packages/airflow/example_dags/tutorial_taskflow_api_etl.py
[2022-05-11 07:23:38,080] {processor.py:642} INFO - Processing file /home/airflow/.local/lib/python3.7/site-packages/airflow/example_dags/tutorial_taskflow_api_etl.py for tasks to queue
[2022-05-11 07:23:38,081] {logging_mixin.py:109} INFO - [2022-05-11 07:23:38,081] {dagbag.py:500} INFO - Filling up the DagBag from /home/airflow/.local/lib/python3.7/site-packages/airflow/example_dags/tutorial_taskflow_api_etl.py
[2022-05-11 07:23:38,101] {processor.py:652} INFO - DAG(s) dict_keys(['tutorial_taskflow_api_etl']) retrieved from /home/airflow/.local/lib/python3.7/site-packages/airflow/example_dags/tutorial_taskflow_api_etl.py
[2022-05-11 07:23:38,431] {logging_mixin.py:109} INFO - [2022-05-11 07:23:38,431] {dag.py:2398} INFO - Sync 1 DAGs
[2022-05-11 07:23:38,449] {logging_mixin.py:109} INFO - [2022-05-11 07:23:38,449] {dag.py:2937} INFO - Setting next_dagrun for tutorial_taskflow_api_etl to None
[2022-05-11 07:23:38,465] {processor.py:171} INFO - Processing /home/airflow/.local/lib/python3.7/site-packages/airflow/example_dags/tutorial_taskflow_api_etl.py took 0.390 seconds
[2022-05-11 07:24:09,311] {processor.py:163} INFO - Started process (PID=32624) to work on /home/airflow/.local/lib/python3.7/site-packages/airflow/example_dags/tutorial_taskflow_api_etl.py
[2022-05-11 07:24:09,313] {processor.py:642} INFO - Processing file /home/airflow/.local/lib/python3.7/site-packages/airflow/example_dags/tutorial_taskflow_api_etl.py for tasks to queue
[2022-05-11 07:24:09,314] {logging_mixin.py:109} INFO - [2022-05-11 07:24:09,314] {dagbag.py:500} INFO - Filling up the DagBag from /home/airflow/.local/lib/python3.7/site-packages/airflow/example_dags/tutorial_taskflow_api_etl.py
[2022-05-11 07:24:09,333] {processor.py:652} INFO - DAG(s) dict_keys(['tutorial_taskflow_api_etl']) retrieved from /home/airflow/.local/lib/python3.7/site-packages/airflow/example_dags/tutorial_taskflow_api_etl.py
[2022-05-11 07:24:09,604] {logging_mixin.py:109} INFO - [2022-05-11 07:24:09,604] {dag.py:2398} INFO - Sync 1 DAGs
[2022-05-11 07:24:09,617] {logging_mixin.py:109} INFO - [2022-05-11 07:24:09,617] {dag.py:2937} INFO - Setting next_dagrun for tutorial_taskflow_api_etl to None
[2022-05-11 07:24:09,633] {processor.py:171} INFO - Processing /home/airflow/.local/lib/python3.7/site-packages/airflow/example_dags/tutorial_taskflow_api_etl.py took 0.325 seconds
[2022-05-11 07:24:39,778] {processor.py:163} INFO - Started process (PID=32688) to work on /home/airflow/.local/lib/python3.7/site-packages/airflow/example_dags/tutorial_taskflow_api_etl.py
[2022-05-11 07:24:39,779] {processor.py:642} INFO - Processing file /home/airflow/.local/lib/python3.7/site-packages/airflow/example_dags/tutorial_taskflow_api_etl.py for tasks to queue
[2022-05-11 07:24:39,780] {logging_mixin.py:109} INFO - [2022-05-11 07:24:39,780] {dagbag.py:500} INFO - Filling up the DagBag from /home/airflow/.local/lib/python3.7/site-packages/airflow/example_dags/tutorial_taskflow_api_etl.py
[2022-05-11 07:24:39,799] {processor.py:652} INFO - DAG(s) dict_keys(['tutorial_taskflow_api_etl']) retrieved from /home/airflow/.local/lib/python3.7/site-packages/airflow/example_dags/tutorial_taskflow_api_etl.py
[2022-05-11 07:24:40,083] {logging_mixin.py:109} INFO - [2022-05-11 07:24:40,083] {dag.py:2398} INFO - Sync 1 DAGs
[2022-05-11 07:24:40,098] {logging_mixin.py:109} INFO - [2022-05-11 07:24:40,098] {dag.py:2937} INFO - Setting next_dagrun for tutorial_taskflow_api_etl to None
[2022-05-11 07:24:40,114] {processor.py:171} INFO - Processing /home/airflow/.local/lib/python3.7/site-packages/airflow/example_dags/tutorial_taskflow_api_etl.py took 0.340 seconds
[2022-05-11 07:25:10,191] {processor.py:163} INFO - Started process (PID=32761) to work on /home/airflow/.local/lib/python3.7/site-packages/airflow/example_dags/tutorial_taskflow_api_etl.py
[2022-05-11 07:25:10,192] {processor.py:642} INFO - Processing file /home/airflow/.local/lib/python3.7/site-packages/airflow/example_dags/tutorial_taskflow_api_etl.py for tasks to queue
[2022-05-11 07:25:10,193] {logging_mixin.py:109} INFO - [2022-05-11 07:25:10,193] {dagbag.py:500} INFO - Filling up the DagBag from /home/airflow/.local/lib/python3.7/site-packages/airflow/example_dags/tutorial_taskflow_api_etl.py
[2022-05-11 07:25:10,213] {processor.py:652} INFO - DAG(s) dict_keys(['tutorial_taskflow_api_etl']) retrieved from /home/airflow/.local/lib/python3.7/site-packages/airflow/example_dags/tutorial_taskflow_api_etl.py
[2022-05-11 07:25:10,560] {logging_mixin.py:109} INFO - [2022-05-11 07:25:10,560] {dag.py:2398} INFO - Sync 1 DAGs
[2022-05-11 07:25:10,574] {logging_mixin.py:109} INFO - [2022-05-11 07:25:10,574] {dag.py:2937} INFO - Setting next_dagrun for tutorial_taskflow_api_etl to None
[2022-05-11 07:25:10,595] {processor.py:171} INFO - Processing /home/airflow/.local/lib/python3.7/site-packages/airflow/example_dags/tutorial_taskflow_api_etl.py took 0.408 seconds
[2022-05-11 07:25:40,667] {processor.py:163} INFO - Started process (PID=355) to work on /home/airflow/.local/lib/python3.7/site-packages/airflow/example_dags/tutorial_taskflow_api_etl.py
[2022-05-11 07:25:40,668] {processor.py:642} INFO - Processing file /home/airflow/.local/lib/python3.7/site-packages/airflow/example_dags/tutorial_taskflow_api_etl.py for tasks to queue
[2022-05-11 07:25:40,669] {logging_mixin.py:109} INFO - [2022-05-11 07:25:40,669] {dagbag.py:500} INFO - Filling up the DagBag from /home/airflow/.local/lib/python3.7/site-packages/airflow/example_dags/tutorial_taskflow_api_etl.py
[2022-05-11 07:25:40,685] {processor.py:652} INFO - DAG(s) dict_keys(['tutorial_taskflow_api_etl']) retrieved from /home/airflow/.local/lib/python3.7/site-packages/airflow/example_dags/tutorial_taskflow_api_etl.py
[2022-05-11 07:25:40,950] {logging_mixin.py:109} INFO - [2022-05-11 07:25:40,950] {dag.py:2398} INFO - Sync 1 DAGs
[2022-05-11 07:25:40,962] {logging_mixin.py:109} INFO - [2022-05-11 07:25:40,962] {dag.py:2937} INFO - Setting next_dagrun for tutorial_taskflow_api_etl to None
[2022-05-11 07:25:40,976] {processor.py:171} INFO - Processing /home/airflow/.local/lib/python3.7/site-packages/airflow/example_dags/tutorial_taskflow_api_etl.py took 0.312 seconds
[2022-05-11 07:26:11,040] {processor.py:163} INFO - Started process (PID=429) to work on /home/airflow/.local/lib/python3.7/site-packages/airflow/example_dags/tutorial_taskflow_api_etl.py
[2022-05-11 07:26:11,042] {processor.py:642} INFO - Processing file /home/airflow/.local/lib/python3.7/site-packages/airflow/example_dags/tutorial_taskflow_api_etl.py for tasks to queue
[2022-05-11 07:26:11,043] {logging_mixin.py:109} INFO - [2022-05-11 07:26:11,043] {dagbag.py:500} INFO - Filling up the DagBag from /home/airflow/.local/lib/python3.7/site-packages/airflow/example_dags/tutorial_taskflow_api_etl.py
[2022-05-11 07:26:11,059] {processor.py:652} INFO - DAG(s) dict_keys(['tutorial_taskflow_api_etl']) retrieved from /home/airflow/.local/lib/python3.7/site-packages/airflow/example_dags/tutorial_taskflow_api_etl.py
[2022-05-11 07:26:11,386] {logging_mixin.py:109} INFO - [2022-05-11 07:26:11,386] {dag.py:2398} INFO - Sync 1 DAGs
[2022-05-11 07:26:11,398] {logging_mixin.py:109} INFO - [2022-05-11 07:26:11,397] {dag.py:2937} INFO - Setting next_dagrun for tutorial_taskflow_api_etl to None
[2022-05-11 07:26:11,412] {processor.py:171} INFO - Processing /home/airflow/.local/lib/python3.7/site-packages/airflow/example_dags/tutorial_taskflow_api_etl.py took 0.375 seconds
[2022-05-11 07:26:42,187] {processor.py:163} INFO - Started process (PID=493) to work on /home/airflow/.local/lib/python3.7/site-packages/airflow/example_dags/tutorial_taskflow_api_etl.py
[2022-05-11 07:26:42,188] {processor.py:642} INFO - Processing file /home/airflow/.local/lib/python3.7/site-packages/airflow/example_dags/tutorial_taskflow_api_etl.py for tasks to queue
[2022-05-11 07:26:42,189] {logging_mixin.py:109} INFO - [2022-05-11 07:26:42,189] {dagbag.py:500} INFO - Filling up the DagBag from /home/airflow/.local/lib/python3.7/site-packages/airflow/example_dags/tutorial_taskflow_api_etl.py
[2022-05-11 07:26:42,206] {processor.py:652} INFO - DAG(s) dict_keys(['tutorial_taskflow_api_etl']) retrieved from /home/airflow/.local/lib/python3.7/site-packages/airflow/example_dags/tutorial_taskflow_api_etl.py
[2022-05-11 07:26:42,454] {logging_mixin.py:109} INFO - [2022-05-11 07:26:42,454] {dag.py:2398} INFO - Sync 1 DAGs
[2022-05-11 07:26:42,465] {logging_mixin.py:109} INFO - [2022-05-11 07:26:42,464] {dag.py:2937} INFO - Setting next_dagrun for tutorial_taskflow_api_etl to None
[2022-05-11 07:26:42,481] {processor.py:171} INFO - Processing /home/airflow/.local/lib/python3.7/site-packages/airflow/example_dags/tutorial_taskflow_api_etl.py took 0.297 seconds
[2022-05-11 07:27:12,987] {processor.py:163} INFO - Started process (PID=566) to work on /home/airflow/.local/lib/python3.7/site-packages/airflow/example_dags/tutorial_taskflow_api_etl.py
[2022-05-11 07:27:12,988] {processor.py:642} INFO - Processing file /home/airflow/.local/lib/python3.7/site-packages/airflow/example_dags/tutorial_taskflow_api_etl.py for tasks to queue
[2022-05-11 07:27:12,989] {logging_mixin.py:109} INFO - [2022-05-11 07:27:12,989] {dagbag.py:500} INFO - Filling up the DagBag from /home/airflow/.local/lib/python3.7/site-packages/airflow/example_dags/tutorial_taskflow_api_etl.py
[2022-05-11 07:27:13,006] {processor.py:652} INFO - DAG(s) dict_keys(['tutorial_taskflow_api_etl']) retrieved from /home/airflow/.local/lib/python3.7/site-packages/airflow/example_dags/tutorial_taskflow_api_etl.py
[2022-05-11 07:27:13,271] {logging_mixin.py:109} INFO - [2022-05-11 07:27:13,271] {dag.py:2398} INFO - Sync 1 DAGs
[2022-05-11 07:27:13,282] {logging_mixin.py:109} INFO - [2022-05-11 07:27:13,282] {dag.py:2937} INFO - Setting next_dagrun for tutorial_taskflow_api_etl to None
[2022-05-11 07:27:13,298] {processor.py:171} INFO - Processing /home/airflow/.local/lib/python3.7/site-packages/airflow/example_dags/tutorial_taskflow_api_etl.py took 0.314 seconds
[2022-05-11 07:27:43,924] {processor.py:163} INFO - Started process (PID=640) to work on /home/airflow/.local/lib/python3.7/site-packages/airflow/example_dags/tutorial_taskflow_api_etl.py
[2022-05-11 07:27:43,926] {processor.py:642} INFO - Processing file /home/airflow/.local/lib/python3.7/site-packages/airflow/example_dags/tutorial_taskflow_api_etl.py for tasks to queue
[2022-05-11 07:27:43,926] {logging_mixin.py:109} INFO - [2022-05-11 07:27:43,926] {dagbag.py:500} INFO - Filling up the DagBag from /home/airflow/.local/lib/python3.7/site-packages/airflow/example_dags/tutorial_taskflow_api_etl.py
[2022-05-11 07:27:43,944] {processor.py:652} INFO - DAG(s) dict_keys(['tutorial_taskflow_api_etl']) retrieved from /home/airflow/.local/lib/python3.7/site-packages/airflow/example_dags/tutorial_taskflow_api_etl.py
[2022-05-11 07:27:44,221] {logging_mixin.py:109} INFO - [2022-05-11 07:27:44,221] {dag.py:2398} INFO - Sync 1 DAGs
[2022-05-11 07:27:44,231] {logging_mixin.py:109} INFO - [2022-05-11 07:27:44,231] {dag.py:2937} INFO - Setting next_dagrun for tutorial_taskflow_api_etl to None
[2022-05-11 07:27:44,246] {processor.py:171} INFO - Processing /home/airflow/.local/lib/python3.7/site-packages/airflow/example_dags/tutorial_taskflow_api_etl.py took 0.325 seconds
