[2022-04-28 07:25:40,427] {taskinstance.py:1043} INFO - Dependencies all met for <TaskInstance: first.scrape scheduled__2022-04-27T00:00:00+00:00 [queued]>
[2022-04-28 07:25:40,482] {taskinstance.py:1043} INFO - Dependencies all met for <TaskInstance: first.scrape scheduled__2022-04-27T00:00:00+00:00 [queued]>
[2022-04-28 07:25:40,489] {taskinstance.py:1249} INFO - 
--------------------------------------------------------------------------------
[2022-04-28 07:25:40,505] {taskinstance.py:1250} INFO - Starting attempt 1 of 2
[2022-04-28 07:25:40,509] {taskinstance.py:1251} INFO - 
--------------------------------------------------------------------------------
[2022-04-28 07:25:40,586] {taskinstance.py:1270} INFO - Executing <Task(PythonOperator): scrape> on 2022-04-27 00:00:00+00:00
[2022-04-28 07:25:40,609] {standard_task_runner.py:52} INFO - Started process 10194 to run task
[2022-04-28 07:25:40,614] {standard_task_runner.py:79} INFO - Running: ['***', 'tasks', 'run', 'first', 'scrape', 'scheduled__2022-04-27T00:00:00+00:00', '--job-id', '12', '--raw', '--subdir', 'DAGS_FOLDER/first.py', '--cfg-path', '/tmp/tmp_4qi0io9', '--error-file', '/tmp/tmpdxgs5fd0']
[2022-04-28 07:25:40,680] {standard_task_runner.py:80} INFO - Job 12: Subtask scrape
[2022-04-28 07:25:41,031] {logging_mixin.py:109} INFO - Running <TaskInstance: first.scrape scheduled__2022-04-27T00:00:00+00:00 [running]> on host 65467f9f0591
[2022-04-28 07:25:41,352] {taskinstance.py:1448} INFO - Exporting the following env vars:
AIRFLOW_CTX_DAG_EMAIL=***@example.com
AIRFLOW_CTX_DAG_OWNER=***
AIRFLOW_CTX_DAG_ID=first
AIRFLOW_CTX_TASK_ID=scrape
AIRFLOW_CTX_EXECUTION_DATE=2022-04-27T00:00:00+00:00
AIRFLOW_CTX_DAG_RUN_ID=scheduled__2022-04-27T00:00:00+00:00
[2022-04-28 07:25:41,414] {first.py:22} INFO - performing scraping
[2022-04-28 07:25:41,426] {python.py:175} INFO - Done. Returned value was: None
[2022-04-28 07:25:41,465] {taskinstance.py:1288} INFO - Marking task as SUCCESS. dag_id=first, task_id=scrape, execution_date=20220427T000000, start_date=20220428T072540, end_date=20220428T072541
[2022-04-28 07:25:41,557] {local_task_job.py:154} INFO - Task exited with return code 0
[2022-04-28 07:25:41,730] {local_task_job.py:264} INFO - 1 downstream tasks scheduled from follow-on schedule check
