[2022-04-26 11:27:41,412] {taskinstance.py:1043} INFO - Dependencies all met for <TaskInstance: example_bash_operator.runme_0 scheduled__2022-04-25T00:00:00+00:00 [queued]>
[2022-04-26 11:27:41,437] {taskinstance.py:1043} INFO - Dependencies all met for <TaskInstance: example_bash_operator.runme_0 scheduled__2022-04-25T00:00:00+00:00 [queued]>
[2022-04-26 11:27:41,442] {taskinstance.py:1249} INFO - 
--------------------------------------------------------------------------------
[2022-04-26 11:27:41,449] {taskinstance.py:1250} INFO - Starting attempt 1 of 1
[2022-04-26 11:27:41,449] {taskinstance.py:1251} INFO - 
--------------------------------------------------------------------------------
[2022-04-26 11:27:41,953] {taskinstance.py:1270} INFO - Executing <Task(BashOperator): runme_0> on 2022-04-25 00:00:00+00:00
[2022-04-26 11:27:41,975] {standard_task_runner.py:52} INFO - Started process 6144 to run task
[2022-04-26 11:27:41,982] {standard_task_runner.py:79} INFO - Running: ['***', 'tasks', 'run', 'example_bash_operator', 'runme_0', 'scheduled__2022-04-25T00:00:00+00:00', '--job-id', '9', '--raw', '--subdir', '/home/***/.local/lib/python3.7/site-packages/***/example_dags/example_bash_operator.py', '--cfg-path', '/tmp/tmppmjnrg0r', '--error-file', '/tmp/tmpwf3tpnod']
[2022-04-26 11:27:41,993] {standard_task_runner.py:80} INFO - Job 9: Subtask runme_0
[2022-04-26 11:27:42,106] {logging_mixin.py:109} INFO - Running <TaskInstance: example_bash_operator.runme_0 scheduled__2022-04-25T00:00:00+00:00 [running]> on host c6f211ee236a
[2022-04-26 11:27:42,225] {taskinstance.py:1448} INFO - Exporting the following env vars:
AIRFLOW_CTX_DAG_OWNER=***
AIRFLOW_CTX_DAG_ID=example_bash_operator
AIRFLOW_CTX_TASK_ID=runme_0
AIRFLOW_CTX_EXECUTION_DATE=2022-04-25T00:00:00+00:00
AIRFLOW_CTX_DAG_RUN_ID=scheduled__2022-04-25T00:00:00+00:00
[2022-04-26 11:27:42,227] {subprocess.py:62} INFO - Tmp dir root location: 
 /tmp
[2022-04-26 11:27:42,228] {subprocess.py:74} INFO - Running command: ['bash', '-c', 'echo "example_bash_operator__runme_0__20220425" && sleep 1']
[2022-04-26 11:27:42,243] {subprocess.py:85} INFO - Output:
[2022-04-26 11:27:42,245] {subprocess.py:89} INFO - example_bash_operator__runme_0__20220425
[2022-04-26 11:27:43,247] {subprocess.py:93} INFO - Command exited with return code 0
[2022-04-26 11:27:43,278] {taskinstance.py:1288} INFO - Marking task as SUCCESS. dag_id=example_bash_operator, task_id=runme_0, execution_date=20220425T000000, start_date=20220426T112741, end_date=20220426T112743
[2022-04-26 11:27:43,342] {local_task_job.py:154} INFO - Task exited with return code 0
[2022-04-26 11:27:43,382] {local_task_job.py:264} INFO - 0 downstream tasks scheduled from follow-on schedule check
