[2022-05-11 06:55:54,795] {processor.py:163} INFO - Started process (PID=28844) to work on /opt/airflow/dags/ej5.py
[2022-05-11 06:55:54,811] {processor.py:642} INFO - Processing file /opt/airflow/dags/ej5.py for tasks to queue
[2022-05-11 06:55:54,818] {logging_mixin.py:109} INFO - [2022-05-11 06:55:54,818] {dagbag.py:500} INFO - Filling up the DagBag from /opt/airflow/dags/ej5.py
[2022-05-11 06:55:55,044] {processor.py:652} INFO - DAG(s) dict_keys(['ej5']) retrieved from /opt/airflow/dags/ej5.py
[2022-05-11 06:55:56,134] {logging_mixin.py:109} INFO - [2022-05-11 06:55:56,134] {dag.py:2398} INFO - Sync 1 DAGs
[2022-05-11 06:55:56,189] {logging_mixin.py:109} INFO - [2022-05-11 06:55:56,189] {dag.py:2937} INFO - Setting next_dagrun for ej5 to 2022-05-10T00:00:00+00:00
[2022-05-11 06:55:56,349] {processor.py:171} INFO - Processing /opt/airflow/dags/ej5.py took 1.558 seconds
[2022-05-11 06:56:26,769] {processor.py:163} INFO - Started process (PID=28909) to work on /opt/airflow/dags/ej5.py
[2022-05-11 06:56:26,770] {processor.py:642} INFO - Processing file /opt/airflow/dags/ej5.py for tasks to queue
[2022-05-11 06:56:26,772] {logging_mixin.py:109} INFO - [2022-05-11 06:56:26,772] {dagbag.py:500} INFO - Filling up the DagBag from /opt/airflow/dags/ej5.py
[2022-05-11 06:56:26,829] {processor.py:652} INFO - DAG(s) dict_keys(['ej5']) retrieved from /opt/airflow/dags/ej5.py
[2022-05-11 06:56:26,856] {logging_mixin.py:109} INFO - [2022-05-11 06:56:26,855] {dag.py:2398} INFO - Sync 1 DAGs
[2022-05-11 06:56:26,871] {logging_mixin.py:109} INFO - [2022-05-11 06:56:26,870] {dag.py:2937} INFO - Setting next_dagrun for ej5 to 2022-05-10T00:00:00+00:00
[2022-05-11 06:56:26,888] {processor.py:171} INFO - Processing /opt/airflow/dags/ej5.py took 0.123 seconds
[2022-05-11 06:56:57,162] {processor.py:163} INFO - Started process (PID=28979) to work on /opt/airflow/dags/ej5.py
[2022-05-11 06:56:57,164] {processor.py:642} INFO - Processing file /opt/airflow/dags/ej5.py for tasks to queue
[2022-05-11 06:56:57,165] {logging_mixin.py:109} INFO - [2022-05-11 06:56:57,165] {dagbag.py:500} INFO - Filling up the DagBag from /opt/airflow/dags/ej5.py
[2022-05-11 06:56:57,211] {processor.py:652} INFO - DAG(s) dict_keys(['ej5']) retrieved from /opt/airflow/dags/ej5.py
[2022-05-11 06:56:57,233] {logging_mixin.py:109} INFO - [2022-05-11 06:56:57,233] {dag.py:2398} INFO - Sync 1 DAGs
[2022-05-11 06:56:57,247] {logging_mixin.py:109} INFO - [2022-05-11 06:56:57,247] {dag.py:2937} INFO - Setting next_dagrun for ej5 to 2022-05-10T00:00:00+00:00
[2022-05-11 06:56:57,263] {processor.py:171} INFO - Processing /opt/airflow/dags/ej5.py took 0.104 seconds
[2022-05-11 06:57:27,641] {processor.py:163} INFO - Started process (PID=29045) to work on /opt/airflow/dags/ej5.py
[2022-05-11 06:57:27,644] {processor.py:642} INFO - Processing file /opt/airflow/dags/ej5.py for tasks to queue
[2022-05-11 06:57:27,645] {logging_mixin.py:109} INFO - [2022-05-11 06:57:27,645] {dagbag.py:500} INFO - Filling up the DagBag from /opt/airflow/dags/ej5.py
[2022-05-11 06:57:27,690] {processor.py:652} INFO - DAG(s) dict_keys(['ej5']) retrieved from /opt/airflow/dags/ej5.py
[2022-05-11 06:57:27,711] {logging_mixin.py:109} INFO - [2022-05-11 06:57:27,711] {dag.py:2398} INFO - Sync 1 DAGs
[2022-05-11 06:57:27,727] {logging_mixin.py:109} INFO - [2022-05-11 06:57:27,727] {dag.py:2937} INFO - Setting next_dagrun for ej5 to 2022-05-10T00:00:00+00:00
[2022-05-11 06:57:27,745] {processor.py:171} INFO - Processing /opt/airflow/dags/ej5.py took 0.108 seconds
[2022-05-11 06:57:57,851] {processor.py:163} INFO - Started process (PID=29118) to work on /opt/airflow/dags/ej5.py
[2022-05-11 06:57:57,853] {processor.py:642} INFO - Processing file /opt/airflow/dags/ej5.py for tasks to queue
[2022-05-11 06:57:57,854] {logging_mixin.py:109} INFO - [2022-05-11 06:57:57,853] {dagbag.py:500} INFO - Filling up the DagBag from /opt/airflow/dags/ej5.py
[2022-05-11 06:57:57,890] {processor.py:652} INFO - DAG(s) dict_keys(['ej5']) retrieved from /opt/airflow/dags/ej5.py
[2022-05-11 06:57:57,911] {logging_mixin.py:109} INFO - [2022-05-11 06:57:57,911] {dag.py:2398} INFO - Sync 1 DAGs
[2022-05-11 06:57:57,929] {logging_mixin.py:109} INFO - [2022-05-11 06:57:57,929] {dag.py:2937} INFO - Setting next_dagrun for ej5 to 2022-05-10T00:00:00+00:00
[2022-05-11 06:57:57,947] {processor.py:171} INFO - Processing /opt/airflow/dags/ej5.py took 0.100 seconds
[2022-05-11 06:58:28,344] {processor.py:163} INFO - Started process (PID=29181) to work on /opt/airflow/dags/ej5.py
[2022-05-11 06:58:28,346] {processor.py:642} INFO - Processing file /opt/airflow/dags/ej5.py for tasks to queue
[2022-05-11 06:58:28,347] {logging_mixin.py:109} INFO - [2022-05-11 06:58:28,347] {dagbag.py:500} INFO - Filling up the DagBag from /opt/airflow/dags/ej5.py
[2022-05-11 06:58:28,380] {processor.py:652} INFO - DAG(s) dict_keys(['ej5']) retrieved from /opt/airflow/dags/ej5.py
[2022-05-11 06:58:28,402] {logging_mixin.py:109} INFO - [2022-05-11 06:58:28,402] {dag.py:2398} INFO - Sync 1 DAGs
[2022-05-11 06:58:28,419] {logging_mixin.py:109} INFO - [2022-05-11 06:58:28,419] {dag.py:2937} INFO - Setting next_dagrun for ej5 to 2022-05-10T00:00:00+00:00
[2022-05-11 06:58:28,435] {processor.py:171} INFO - Processing /opt/airflow/dags/ej5.py took 0.094 seconds
[2022-05-11 06:58:58,605] {processor.py:163} INFO - Started process (PID=29252) to work on /opt/airflow/dags/ej5.py
[2022-05-11 06:58:58,606] {processor.py:642} INFO - Processing file /opt/airflow/dags/ej5.py for tasks to queue
[2022-05-11 06:58:58,607] {logging_mixin.py:109} INFO - [2022-05-11 06:58:58,607] {dagbag.py:500} INFO - Filling up the DagBag from /opt/airflow/dags/ej5.py
[2022-05-11 06:58:58,641] {processor.py:652} INFO - DAG(s) dict_keys(['ej5']) retrieved from /opt/airflow/dags/ej5.py
[2022-05-11 06:58:58,660] {logging_mixin.py:109} INFO - [2022-05-11 06:58:58,660] {dag.py:2398} INFO - Sync 1 DAGs
[2022-05-11 06:58:58,678] {logging_mixin.py:109} INFO - [2022-05-11 06:58:58,677] {dag.py:2937} INFO - Setting next_dagrun for ej5 to 2022-05-10T00:00:00+00:00
[2022-05-11 06:58:58,693] {processor.py:171} INFO - Processing /opt/airflow/dags/ej5.py took 0.092 seconds
[2022-05-11 06:59:28,907] {processor.py:163} INFO - Started process (PID=29316) to work on /opt/airflow/dags/ej5.py
[2022-05-11 06:59:28,910] {processor.py:642} INFO - Processing file /opt/airflow/dags/ej5.py for tasks to queue
[2022-05-11 06:59:28,911] {logging_mixin.py:109} INFO - [2022-05-11 06:59:28,911] {dagbag.py:500} INFO - Filling up the DagBag from /opt/airflow/dags/ej5.py
[2022-05-11 06:59:28,943] {processor.py:652} INFO - DAG(s) dict_keys(['ej5']) retrieved from /opt/airflow/dags/ej5.py
[2022-05-11 06:59:29,012] {logging_mixin.py:109} INFO - [2022-05-11 06:59:29,012] {dag.py:2398} INFO - Sync 1 DAGs
[2022-05-11 06:59:29,042] {logging_mixin.py:109} INFO - [2022-05-11 06:59:29,041] {dag.py:2937} INFO - Setting next_dagrun for ej5 to 2022-05-10T00:00:00+00:00
[2022-05-11 06:59:29,059] {processor.py:171} INFO - Processing /opt/airflow/dags/ej5.py took 0.157 seconds
[2022-05-11 06:59:59,170] {processor.py:163} INFO - Started process (PID=29389) to work on /opt/airflow/dags/ej5.py
[2022-05-11 06:59:59,172] {processor.py:642} INFO - Processing file /opt/airflow/dags/ej5.py for tasks to queue
[2022-05-11 06:59:59,173] {logging_mixin.py:109} INFO - [2022-05-11 06:59:59,173] {dagbag.py:500} INFO - Filling up the DagBag from /opt/airflow/dags/ej5.py
[2022-05-11 06:59:59,216] {processor.py:652} INFO - DAG(s) dict_keys(['ej5']) retrieved from /opt/airflow/dags/ej5.py
[2022-05-11 06:59:59,239] {logging_mixin.py:109} INFO - [2022-05-11 06:59:59,239] {dag.py:2398} INFO - Sync 1 DAGs
[2022-05-11 06:59:59,256] {logging_mixin.py:109} INFO - [2022-05-11 06:59:59,255] {dag.py:2937} INFO - Setting next_dagrun for ej5 to 2022-05-10T00:00:00+00:00
[2022-05-11 06:59:59,271] {processor.py:171} INFO - Processing /opt/airflow/dags/ej5.py took 0.105 seconds
[2022-05-11 07:00:29,451] {processor.py:163} INFO - Started process (PID=29453) to work on /opt/airflow/dags/ej5.py
[2022-05-11 07:00:29,452] {processor.py:642} INFO - Processing file /opt/airflow/dags/ej5.py for tasks to queue
[2022-05-11 07:00:29,453] {logging_mixin.py:109} INFO - [2022-05-11 07:00:29,453] {dagbag.py:500} INFO - Filling up the DagBag from /opt/airflow/dags/ej5.py
[2022-05-11 07:00:29,494] {processor.py:652} INFO - DAG(s) dict_keys(['ej5']) retrieved from /opt/airflow/dags/ej5.py
[2022-05-11 07:00:29,516] {logging_mixin.py:109} INFO - [2022-05-11 07:00:29,516] {dag.py:2398} INFO - Sync 1 DAGs
[2022-05-11 07:00:29,531] {logging_mixin.py:109} INFO - [2022-05-11 07:00:29,531] {dag.py:2937} INFO - Setting next_dagrun for ej5 to 2022-05-10T00:00:00+00:00
[2022-05-11 07:00:29,545] {processor.py:171} INFO - Processing /opt/airflow/dags/ej5.py took 0.098 seconds
[2022-05-11 07:01:00,086] {processor.py:163} INFO - Started process (PID=29526) to work on /opt/airflow/dags/ej5.py
[2022-05-11 07:01:00,088] {processor.py:642} INFO - Processing file /opt/airflow/dags/ej5.py for tasks to queue
[2022-05-11 07:01:00,089] {logging_mixin.py:109} INFO - [2022-05-11 07:01:00,089] {dagbag.py:500} INFO - Filling up the DagBag from /opt/airflow/dags/ej5.py
[2022-05-11 07:01:00,127] {processor.py:652} INFO - DAG(s) dict_keys(['ej5']) retrieved from /opt/airflow/dags/ej5.py
[2022-05-11 07:01:00,147] {logging_mixin.py:109} INFO - [2022-05-11 07:01:00,147] {dag.py:2398} INFO - Sync 1 DAGs
[2022-05-11 07:01:00,162] {logging_mixin.py:109} INFO - [2022-05-11 07:01:00,162] {dag.py:2937} INFO - Setting next_dagrun for ej5 to 2022-05-10T00:00:00+00:00
[2022-05-11 07:01:00,176] {processor.py:171} INFO - Processing /opt/airflow/dags/ej5.py took 0.093 seconds
[2022-05-11 07:01:30,786] {processor.py:163} INFO - Started process (PID=29589) to work on /opt/airflow/dags/ej5.py
[2022-05-11 07:01:30,788] {processor.py:642} INFO - Processing file /opt/airflow/dags/ej5.py for tasks to queue
[2022-05-11 07:01:30,790] {logging_mixin.py:109} INFO - [2022-05-11 07:01:30,789] {dagbag.py:500} INFO - Filling up the DagBag from /opt/airflow/dags/ej5.py
[2022-05-11 07:01:30,828] {processor.py:652} INFO - DAG(s) dict_keys(['ej5']) retrieved from /opt/airflow/dags/ej5.py
[2022-05-11 07:01:30,849] {logging_mixin.py:109} INFO - [2022-05-11 07:01:30,849] {dag.py:2398} INFO - Sync 1 DAGs
[2022-05-11 07:01:30,863] {logging_mixin.py:109} INFO - [2022-05-11 07:01:30,863] {dag.py:2937} INFO - Setting next_dagrun for ej5 to 2022-05-10T00:00:00+00:00
[2022-05-11 07:01:30,880] {processor.py:171} INFO - Processing /opt/airflow/dags/ej5.py took 0.098 seconds
[2022-05-11 07:02:01,040] {processor.py:163} INFO - Started process (PID=29662) to work on /opt/airflow/dags/ej5.py
[2022-05-11 07:02:01,042] {processor.py:642} INFO - Processing file /opt/airflow/dags/ej5.py for tasks to queue
[2022-05-11 07:02:01,043] {logging_mixin.py:109} INFO - [2022-05-11 07:02:01,043] {dagbag.py:500} INFO - Filling up the DagBag from /opt/airflow/dags/ej5.py
[2022-05-11 07:02:01,082] {processor.py:652} INFO - DAG(s) dict_keys(['ej5']) retrieved from /opt/airflow/dags/ej5.py
[2022-05-11 07:02:01,105] {logging_mixin.py:109} INFO - [2022-05-11 07:02:01,105] {dag.py:2398} INFO - Sync 1 DAGs
[2022-05-11 07:02:01,121] {logging_mixin.py:109} INFO - [2022-05-11 07:02:01,121] {dag.py:2937} INFO - Setting next_dagrun for ej5 to 2022-05-10T00:00:00+00:00
[2022-05-11 07:02:01,137] {processor.py:171} INFO - Processing /opt/airflow/dags/ej5.py took 0.100 seconds
[2022-05-11 07:02:31,476] {processor.py:163} INFO - Started process (PID=29726) to work on /opt/airflow/dags/ej5.py
[2022-05-11 07:02:31,478] {processor.py:642} INFO - Processing file /opt/airflow/dags/ej5.py for tasks to queue
[2022-05-11 07:02:31,480] {logging_mixin.py:109} INFO - [2022-05-11 07:02:31,480] {dagbag.py:500} INFO - Filling up the DagBag from /opt/airflow/dags/ej5.py
[2022-05-11 07:02:31,527] {processor.py:652} INFO - DAG(s) dict_keys(['ej5']) retrieved from /opt/airflow/dags/ej5.py
[2022-05-11 07:02:31,552] {logging_mixin.py:109} INFO - [2022-05-11 07:02:31,552] {dag.py:2398} INFO - Sync 1 DAGs
[2022-05-11 07:02:31,573] {logging_mixin.py:109} INFO - [2022-05-11 07:02:31,572] {dag.py:2937} INFO - Setting next_dagrun for ej5 to 2022-05-10T00:00:00+00:00
[2022-05-11 07:02:31,593] {processor.py:171} INFO - Processing /opt/airflow/dags/ej5.py took 0.121 seconds
[2022-05-11 07:03:02,238] {processor.py:163} INFO - Started process (PID=29799) to work on /opt/airflow/dags/ej5.py
[2022-05-11 07:03:02,240] {processor.py:642} INFO - Processing file /opt/airflow/dags/ej5.py for tasks to queue
[2022-05-11 07:03:02,241] {logging_mixin.py:109} INFO - [2022-05-11 07:03:02,241] {dagbag.py:500} INFO - Filling up the DagBag from /opt/airflow/dags/ej5.py
[2022-05-11 07:03:02,282] {processor.py:652} INFO - DAG(s) dict_keys(['ej5']) retrieved from /opt/airflow/dags/ej5.py
[2022-05-11 07:03:02,303] {logging_mixin.py:109} INFO - [2022-05-11 07:03:02,303] {dag.py:2398} INFO - Sync 1 DAGs
[2022-05-11 07:03:02,318] {logging_mixin.py:109} INFO - [2022-05-11 07:03:02,318] {dag.py:2937} INFO - Setting next_dagrun for ej5 to 2022-05-10T00:00:00+00:00
[2022-05-11 07:03:02,338] {processor.py:171} INFO - Processing /opt/airflow/dags/ej5.py took 0.103 seconds
[2022-05-11 07:03:32,616] {processor.py:163} INFO - Started process (PID=29861) to work on /opt/airflow/dags/ej5.py
[2022-05-11 07:03:32,617] {processor.py:642} INFO - Processing file /opt/airflow/dags/ej5.py for tasks to queue
[2022-05-11 07:03:32,618] {logging_mixin.py:109} INFO - [2022-05-11 07:03:32,618] {dagbag.py:500} INFO - Filling up the DagBag from /opt/airflow/dags/ej5.py
[2022-05-11 07:03:32,661] {processor.py:652} INFO - DAG(s) dict_keys(['ej5']) retrieved from /opt/airflow/dags/ej5.py
[2022-05-11 07:03:32,682] {logging_mixin.py:109} INFO - [2022-05-11 07:03:32,682] {dag.py:2398} INFO - Sync 1 DAGs
[2022-05-11 07:03:32,696] {logging_mixin.py:109} INFO - [2022-05-11 07:03:32,696] {dag.py:2937} INFO - Setting next_dagrun for ej5 to 2022-05-10T00:00:00+00:00
[2022-05-11 07:03:32,710] {processor.py:171} INFO - Processing /opt/airflow/dags/ej5.py took 0.097 seconds
[2022-05-11 07:04:03,466] {processor.py:163} INFO - Started process (PID=29933) to work on /opt/airflow/dags/ej5.py
[2022-05-11 07:04:03,468] {processor.py:642} INFO - Processing file /opt/airflow/dags/ej5.py for tasks to queue
[2022-05-11 07:04:03,469] {logging_mixin.py:109} INFO - [2022-05-11 07:04:03,469] {dagbag.py:500} INFO - Filling up the DagBag from /opt/airflow/dags/ej5.py
[2022-05-11 07:04:03,505] {processor.py:652} INFO - DAG(s) dict_keys(['ej5']) retrieved from /opt/airflow/dags/ej5.py
[2022-05-11 07:04:03,529] {logging_mixin.py:109} INFO - [2022-05-11 07:04:03,529] {dag.py:2398} INFO - Sync 1 DAGs
[2022-05-11 07:04:03,543] {logging_mixin.py:109} INFO - [2022-05-11 07:04:03,543] {dag.py:2937} INFO - Setting next_dagrun for ej5 to 2022-05-10T00:00:00+00:00
[2022-05-11 07:04:03,559] {processor.py:171} INFO - Processing /opt/airflow/dags/ej5.py took 0.096 seconds
[2022-05-11 07:04:33,961] {processor.py:163} INFO - Started process (PID=30006) to work on /opt/airflow/dags/ej5.py
[2022-05-11 07:04:33,962] {processor.py:642} INFO - Processing file /opt/airflow/dags/ej5.py for tasks to queue
[2022-05-11 07:04:33,963] {logging_mixin.py:109} INFO - [2022-05-11 07:04:33,963] {dagbag.py:500} INFO - Filling up the DagBag from /opt/airflow/dags/ej5.py
[2022-05-11 07:04:33,996] {processor.py:652} INFO - DAG(s) dict_keys(['ej5']) retrieved from /opt/airflow/dags/ej5.py
[2022-05-11 07:04:34,017] {logging_mixin.py:109} INFO - [2022-05-11 07:04:34,017] {dag.py:2398} INFO - Sync 1 DAGs
[2022-05-11 07:04:34,033] {logging_mixin.py:109} INFO - [2022-05-11 07:04:34,033] {dag.py:2937} INFO - Setting next_dagrun for ej5 to 2022-05-10T00:00:00+00:00
[2022-05-11 07:04:34,047] {processor.py:171} INFO - Processing /opt/airflow/dags/ej5.py took 0.090 seconds
[2022-05-11 07:05:04,465] {processor.py:163} INFO - Started process (PID=30070) to work on /opt/airflow/dags/ej5.py
[2022-05-11 07:05:04,467] {processor.py:642} INFO - Processing file /opt/airflow/dags/ej5.py for tasks to queue
[2022-05-11 07:05:04,469] {logging_mixin.py:109} INFO - [2022-05-11 07:05:04,468] {dagbag.py:500} INFO - Filling up the DagBag from /opt/airflow/dags/ej5.py
[2022-05-11 07:05:04,507] {processor.py:652} INFO - DAG(s) dict_keys(['ej5']) retrieved from /opt/airflow/dags/ej5.py
[2022-05-11 07:05:04,526] {logging_mixin.py:109} INFO - [2022-05-11 07:05:04,526] {dag.py:2398} INFO - Sync 1 DAGs
[2022-05-11 07:05:04,540] {logging_mixin.py:109} INFO - [2022-05-11 07:05:04,540] {dag.py:2937} INFO - Setting next_dagrun for ej5 to 2022-05-10T00:00:00+00:00
[2022-05-11 07:05:04,557] {processor.py:171} INFO - Processing /opt/airflow/dags/ej5.py took 0.097 seconds
[2022-05-11 07:05:34,933] {processor.py:163} INFO - Started process (PID=30144) to work on /opt/airflow/dags/ej5.py
[2022-05-11 07:05:34,935] {processor.py:642} INFO - Processing file /opt/airflow/dags/ej5.py for tasks to queue
[2022-05-11 07:05:34,936] {logging_mixin.py:109} INFO - [2022-05-11 07:05:34,936] {dagbag.py:500} INFO - Filling up the DagBag from /opt/airflow/dags/ej5.py
[2022-05-11 07:05:34,964] {processor.py:652} INFO - DAG(s) dict_keys(['ej5']) retrieved from /opt/airflow/dags/ej5.py
[2022-05-11 07:05:34,984] {logging_mixin.py:109} INFO - [2022-05-11 07:05:34,984] {dag.py:2398} INFO - Sync 1 DAGs
[2022-05-11 07:05:34,998] {logging_mixin.py:109} INFO - [2022-05-11 07:05:34,998] {dag.py:2937} INFO - Setting next_dagrun for ej5 to 2022-05-10T00:00:00+00:00
[2022-05-11 07:05:35,013] {processor.py:171} INFO - Processing /opt/airflow/dags/ej5.py took 0.083 seconds
[2022-05-11 07:06:05,311] {processor.py:163} INFO - Started process (PID=30207) to work on /opt/airflow/dags/ej5.py
[2022-05-11 07:06:05,313] {processor.py:642} INFO - Processing file /opt/airflow/dags/ej5.py for tasks to queue
[2022-05-11 07:06:05,313] {logging_mixin.py:109} INFO - [2022-05-11 07:06:05,313] {dagbag.py:500} INFO - Filling up the DagBag from /opt/airflow/dags/ej5.py
[2022-05-11 07:06:05,351] {processor.py:652} INFO - DAG(s) dict_keys(['ej5']) retrieved from /opt/airflow/dags/ej5.py
[2022-05-11 07:06:05,370] {logging_mixin.py:109} INFO - [2022-05-11 07:06:05,369] {dag.py:2398} INFO - Sync 1 DAGs
[2022-05-11 07:06:05,382] {logging_mixin.py:109} INFO - [2022-05-11 07:06:05,382] {dag.py:2937} INFO - Setting next_dagrun for ej5 to 2022-05-10T00:00:00+00:00
[2022-05-11 07:06:05,397] {processor.py:171} INFO - Processing /opt/airflow/dags/ej5.py took 0.089 seconds
[2022-05-11 07:06:35,848] {processor.py:163} INFO - Started process (PID=30278) to work on /opt/airflow/dags/ej5.py
[2022-05-11 07:06:35,849] {processor.py:642} INFO - Processing file /opt/airflow/dags/ej5.py for tasks to queue
[2022-05-11 07:06:35,850] {logging_mixin.py:109} INFO - [2022-05-11 07:06:35,850] {dagbag.py:500} INFO - Filling up the DagBag from /opt/airflow/dags/ej5.py
[2022-05-11 07:06:35,891] {processor.py:652} INFO - DAG(s) dict_keys(['ej5']) retrieved from /opt/airflow/dags/ej5.py
[2022-05-11 07:06:35,913] {logging_mixin.py:109} INFO - [2022-05-11 07:06:35,913] {dag.py:2398} INFO - Sync 1 DAGs
[2022-05-11 07:06:35,928] {logging_mixin.py:109} INFO - [2022-05-11 07:06:35,928] {dag.py:2937} INFO - Setting next_dagrun for ej5 to 2022-05-10T00:00:00+00:00
[2022-05-11 07:06:35,943] {processor.py:171} INFO - Processing /opt/airflow/dags/ej5.py took 0.097 seconds
[2022-05-11 07:07:06,407] {processor.py:163} INFO - Started process (PID=30340) to work on /opt/airflow/dags/ej5.py
[2022-05-11 07:07:06,409] {processor.py:642} INFO - Processing file /opt/airflow/dags/ej5.py for tasks to queue
[2022-05-11 07:07:06,410] {logging_mixin.py:109} INFO - [2022-05-11 07:07:06,410] {dagbag.py:500} INFO - Filling up the DagBag from /opt/airflow/dags/ej5.py
[2022-05-11 07:07:06,455] {processor.py:652} INFO - DAG(s) dict_keys(['ej5']) retrieved from /opt/airflow/dags/ej5.py
[2022-05-11 07:07:06,475] {logging_mixin.py:109} INFO - [2022-05-11 07:07:06,475] {dag.py:2398} INFO - Sync 1 DAGs
[2022-05-11 07:07:06,487] {logging_mixin.py:109} INFO - [2022-05-11 07:07:06,487] {dag.py:2937} INFO - Setting next_dagrun for ej5 to 2022-05-10T00:00:00+00:00
[2022-05-11 07:07:06,503] {processor.py:171} INFO - Processing /opt/airflow/dags/ej5.py took 0.099 seconds
[2022-05-11 07:07:36,755] {processor.py:163} INFO - Started process (PID=30413) to work on /opt/airflow/dags/ej5.py
[2022-05-11 07:07:36,757] {processor.py:642} INFO - Processing file /opt/airflow/dags/ej5.py for tasks to queue
[2022-05-11 07:07:36,757] {logging_mixin.py:109} INFO - [2022-05-11 07:07:36,757] {dagbag.py:500} INFO - Filling up the DagBag from /opt/airflow/dags/ej5.py
[2022-05-11 07:07:36,791] {processor.py:652} INFO - DAG(s) dict_keys(['ej5']) retrieved from /opt/airflow/dags/ej5.py
[2022-05-11 07:07:36,810] {logging_mixin.py:109} INFO - [2022-05-11 07:07:36,810] {dag.py:2398} INFO - Sync 1 DAGs
[2022-05-11 07:07:36,823] {logging_mixin.py:109} INFO - [2022-05-11 07:07:36,823] {dag.py:2937} INFO - Setting next_dagrun for ej5 to 2022-05-10T00:00:00+00:00
[2022-05-11 07:07:36,837] {processor.py:171} INFO - Processing /opt/airflow/dags/ej5.py took 0.086 seconds
[2022-05-11 07:08:07,000] {processor.py:163} INFO - Started process (PID=30475) to work on /opt/airflow/dags/ej5.py
[2022-05-11 07:08:07,002] {processor.py:642} INFO - Processing file /opt/airflow/dags/ej5.py for tasks to queue
[2022-05-11 07:08:07,003] {logging_mixin.py:109} INFO - [2022-05-11 07:08:07,003] {dagbag.py:500} INFO - Filling up the DagBag from /opt/airflow/dags/ej5.py
[2022-05-11 07:08:07,032] {processor.py:652} INFO - DAG(s) dict_keys(['ej5']) retrieved from /opt/airflow/dags/ej5.py
[2022-05-11 07:08:07,101] {logging_mixin.py:109} INFO - [2022-05-11 07:08:07,101] {dag.py:2398} INFO - Sync 1 DAGs
[2022-05-11 07:08:07,120] {logging_mixin.py:109} INFO - [2022-05-11 07:08:07,119] {dag.py:2937} INFO - Setting next_dagrun for ej5 to 2022-05-10T00:00:00+00:00
[2022-05-11 07:08:07,137] {processor.py:171} INFO - Processing /opt/airflow/dags/ej5.py took 0.140 seconds
[2022-05-11 07:08:37,461] {processor.py:163} INFO - Started process (PID=30547) to work on /opt/airflow/dags/ej5.py
[2022-05-11 07:08:37,463] {processor.py:642} INFO - Processing file /opt/airflow/dags/ej5.py for tasks to queue
[2022-05-11 07:08:37,464] {logging_mixin.py:109} INFO - [2022-05-11 07:08:37,464] {dagbag.py:500} INFO - Filling up the DagBag from /opt/airflow/dags/ej5.py
[2022-05-11 07:08:37,495] {processor.py:652} INFO - DAG(s) dict_keys(['ej5']) retrieved from /opt/airflow/dags/ej5.py
[2022-05-11 07:08:37,565] {logging_mixin.py:109} INFO - [2022-05-11 07:08:37,564] {dag.py:2398} INFO - Sync 1 DAGs
[2022-05-11 07:08:37,582] {logging_mixin.py:109} INFO - [2022-05-11 07:08:37,582] {dag.py:2937} INFO - Setting next_dagrun for ej5 to 2022-05-10T00:00:00+00:00
[2022-05-11 07:08:37,597] {processor.py:171} INFO - Processing /opt/airflow/dags/ej5.py took 0.140 seconds
[2022-05-11 07:09:07,743] {processor.py:163} INFO - Started process (PID=30620) to work on /opt/airflow/dags/ej5.py
[2022-05-11 07:09:07,745] {processor.py:642} INFO - Processing file /opt/airflow/dags/ej5.py for tasks to queue
[2022-05-11 07:09:07,746] {logging_mixin.py:109} INFO - [2022-05-11 07:09:07,746] {dagbag.py:500} INFO - Filling up the DagBag from /opt/airflow/dags/ej5.py
[2022-05-11 07:09:07,790] {processor.py:652} INFO - DAG(s) dict_keys(['ej5']) retrieved from /opt/airflow/dags/ej5.py
[2022-05-11 07:09:07,817] {logging_mixin.py:109} INFO - [2022-05-11 07:09:07,817] {dag.py:2398} INFO - Sync 1 DAGs
[2022-05-11 07:09:07,836] {logging_mixin.py:109} INFO - [2022-05-11 07:09:07,836] {dag.py:2937} INFO - Setting next_dagrun for ej5 to 2022-05-10T00:00:00+00:00
[2022-05-11 07:09:07,856] {processor.py:171} INFO - Processing /opt/airflow/dags/ej5.py took 0.115 seconds
[2022-05-11 07:09:38,400] {processor.py:163} INFO - Started process (PID=30682) to work on /opt/airflow/dags/ej5.py
[2022-05-11 07:09:38,401] {processor.py:642} INFO - Processing file /opt/airflow/dags/ej5.py for tasks to queue
[2022-05-11 07:09:38,402] {logging_mixin.py:109} INFO - [2022-05-11 07:09:38,402] {dagbag.py:500} INFO - Filling up the DagBag from /opt/airflow/dags/ej5.py
[2022-05-11 07:09:38,446] {processor.py:652} INFO - DAG(s) dict_keys(['ej5']) retrieved from /opt/airflow/dags/ej5.py
[2022-05-11 07:09:38,466] {logging_mixin.py:109} INFO - [2022-05-11 07:09:38,466] {dag.py:2398} INFO - Sync 1 DAGs
[2022-05-11 07:09:38,480] {logging_mixin.py:109} INFO - [2022-05-11 07:09:38,480] {dag.py:2937} INFO - Setting next_dagrun for ej5 to 2022-05-10T00:00:00+00:00
[2022-05-11 07:09:38,495] {processor.py:171} INFO - Processing /opt/airflow/dags/ej5.py took 0.099 seconds
[2022-05-11 07:10:08,765] {processor.py:163} INFO - Started process (PID=30754) to work on /opt/airflow/dags/ej5.py
[2022-05-11 07:10:08,767] {processor.py:642} INFO - Processing file /opt/airflow/dags/ej5.py for tasks to queue
[2022-05-11 07:10:08,768] {logging_mixin.py:109} INFO - [2022-05-11 07:10:08,768] {dagbag.py:500} INFO - Filling up the DagBag from /opt/airflow/dags/ej5.py
[2022-05-11 07:10:08,809] {processor.py:652} INFO - DAG(s) dict_keys(['ej5']) retrieved from /opt/airflow/dags/ej5.py
[2022-05-11 07:10:08,829] {logging_mixin.py:109} INFO - [2022-05-11 07:10:08,829] {dag.py:2398} INFO - Sync 1 DAGs
[2022-05-11 07:10:08,844] {logging_mixin.py:109} INFO - [2022-05-11 07:10:08,843] {dag.py:2937} INFO - Setting next_dagrun for ej5 to 2022-05-10T00:00:00+00:00
[2022-05-11 07:10:08,860] {processor.py:171} INFO - Processing /opt/airflow/dags/ej5.py took 0.098 seconds
[2022-05-11 07:10:39,518] {processor.py:163} INFO - Started process (PID=30817) to work on /opt/airflow/dags/ej5.py
[2022-05-11 07:10:39,520] {processor.py:642} INFO - Processing file /opt/airflow/dags/ej5.py for tasks to queue
[2022-05-11 07:10:39,521] {logging_mixin.py:109} INFO - [2022-05-11 07:10:39,521] {dagbag.py:500} INFO - Filling up the DagBag from /opt/airflow/dags/ej5.py
[2022-05-11 07:10:39,569] {processor.py:652} INFO - DAG(s) dict_keys(['ej5']) retrieved from /opt/airflow/dags/ej5.py
[2022-05-11 07:10:39,593] {logging_mixin.py:109} INFO - [2022-05-11 07:10:39,593] {dag.py:2398} INFO - Sync 1 DAGs
[2022-05-11 07:10:39,608] {logging_mixin.py:109} INFO - [2022-05-11 07:10:39,608] {dag.py:2937} INFO - Setting next_dagrun for ej5 to 2022-05-10T00:00:00+00:00
[2022-05-11 07:10:39,628] {processor.py:171} INFO - Processing /opt/airflow/dags/ej5.py took 0.114 seconds
[2022-05-11 07:11:10,083] {processor.py:163} INFO - Started process (PID=30890) to work on /opt/airflow/dags/ej5.py
[2022-05-11 07:11:10,085] {processor.py:642} INFO - Processing file /opt/airflow/dags/ej5.py for tasks to queue
[2022-05-11 07:11:10,086] {logging_mixin.py:109} INFO - [2022-05-11 07:11:10,086] {dagbag.py:500} INFO - Filling up the DagBag from /opt/airflow/dags/ej5.py
[2022-05-11 07:11:10,134] {processor.py:652} INFO - DAG(s) dict_keys(['ej5']) retrieved from /opt/airflow/dags/ej5.py
[2022-05-11 07:11:10,156] {logging_mixin.py:109} INFO - [2022-05-11 07:11:10,156] {dag.py:2398} INFO - Sync 1 DAGs
[2022-05-11 07:11:10,168] {logging_mixin.py:109} INFO - [2022-05-11 07:11:10,168] {dag.py:2937} INFO - Setting next_dagrun for ej5 to 2022-05-10T00:00:00+00:00
[2022-05-11 07:11:10,185] {processor.py:171} INFO - Processing /opt/airflow/dags/ej5.py took 0.105 seconds
[2022-05-11 07:11:40,632] {processor.py:163} INFO - Started process (PID=30953) to work on /opt/airflow/dags/ej5.py
[2022-05-11 07:11:40,633] {processor.py:642} INFO - Processing file /opt/airflow/dags/ej5.py for tasks to queue
[2022-05-11 07:11:40,634] {logging_mixin.py:109} INFO - [2022-05-11 07:11:40,634] {dagbag.py:500} INFO - Filling up the DagBag from /opt/airflow/dags/ej5.py
[2022-05-11 07:11:40,657] {processor.py:652} INFO - DAG(s) dict_keys(['ej5']) retrieved from /opt/airflow/dags/ej5.py
[2022-05-11 07:11:40,677] {logging_mixin.py:109} INFO - [2022-05-11 07:11:40,677] {dag.py:2398} INFO - Sync 1 DAGs
[2022-05-11 07:11:40,692] {logging_mixin.py:109} INFO - [2022-05-11 07:11:40,692] {dag.py:2937} INFO - Setting next_dagrun for ej5 to 2022-05-10T00:00:00+00:00
[2022-05-11 07:11:40,708] {processor.py:171} INFO - Processing /opt/airflow/dags/ej5.py took 0.079 seconds
[2022-05-11 07:12:11,363] {processor.py:163} INFO - Started process (PID=31026) to work on /opt/airflow/dags/ej5.py
[2022-05-11 07:12:11,364] {processor.py:642} INFO - Processing file /opt/airflow/dags/ej5.py for tasks to queue
[2022-05-11 07:12:11,365] {logging_mixin.py:109} INFO - [2022-05-11 07:12:11,365] {dagbag.py:500} INFO - Filling up the DagBag from /opt/airflow/dags/ej5.py
[2022-05-11 07:12:11,399] {processor.py:652} INFO - DAG(s) dict_keys(['ej5']) retrieved from /opt/airflow/dags/ej5.py
[2022-05-11 07:12:11,420] {logging_mixin.py:109} INFO - [2022-05-11 07:12:11,420] {dag.py:2398} INFO - Sync 1 DAGs
[2022-05-11 07:12:11,435] {logging_mixin.py:109} INFO - [2022-05-11 07:12:11,435] {dag.py:2937} INFO - Setting next_dagrun for ej5 to 2022-05-10T00:00:00+00:00
[2022-05-11 07:12:11,452] {processor.py:171} INFO - Processing /opt/airflow/dags/ej5.py took 0.093 seconds
[2022-05-11 07:12:42,314] {processor.py:163} INFO - Started process (PID=31090) to work on /opt/airflow/dags/ej5.py
[2022-05-11 07:12:42,315] {processor.py:642} INFO - Processing file /opt/airflow/dags/ej5.py for tasks to queue
[2022-05-11 07:12:42,316] {logging_mixin.py:109} INFO - [2022-05-11 07:12:42,316] {dagbag.py:500} INFO - Filling up the DagBag from /opt/airflow/dags/ej5.py
[2022-05-11 07:12:42,341] {processor.py:652} INFO - DAG(s) dict_keys(['ej5']) retrieved from /opt/airflow/dags/ej5.py
[2022-05-11 07:12:42,360] {logging_mixin.py:109} INFO - [2022-05-11 07:12:42,360] {dag.py:2398} INFO - Sync 1 DAGs
[2022-05-11 07:12:42,382] {logging_mixin.py:109} INFO - [2022-05-11 07:12:42,381] {dag.py:2937} INFO - Setting next_dagrun for ej5 to 2022-05-10T00:00:00+00:00
[2022-05-11 07:12:42,396] {processor.py:171} INFO - Processing /opt/airflow/dags/ej5.py took 0.085 seconds
[2022-05-11 07:13:12,586] {processor.py:163} INFO - Started process (PID=31163) to work on /opt/airflow/dags/ej5.py
[2022-05-11 07:13:12,587] {processor.py:642} INFO - Processing file /opt/airflow/dags/ej5.py for tasks to queue
[2022-05-11 07:13:12,588] {logging_mixin.py:109} INFO - [2022-05-11 07:13:12,588] {dagbag.py:500} INFO - Filling up the DagBag from /opt/airflow/dags/ej5.py
[2022-05-11 07:13:12,611] {processor.py:652} INFO - DAG(s) dict_keys(['ej5']) retrieved from /opt/airflow/dags/ej5.py
[2022-05-11 07:13:12,636] {logging_mixin.py:109} INFO - [2022-05-11 07:13:12,636] {dag.py:2398} INFO - Sync 1 DAGs
[2022-05-11 07:13:12,650] {logging_mixin.py:109} INFO - [2022-05-11 07:13:12,650] {dag.py:2937} INFO - Setting next_dagrun for ej5 to 2022-05-10T00:00:00+00:00
[2022-05-11 07:13:12,669] {processor.py:171} INFO - Processing /opt/airflow/dags/ej5.py took 0.086 seconds
[2022-05-11 07:13:42,896] {processor.py:163} INFO - Started process (PID=31237) to work on /opt/airflow/dags/ej5.py
[2022-05-11 07:13:42,897] {processor.py:642} INFO - Processing file /opt/airflow/dags/ej5.py for tasks to queue
[2022-05-11 07:13:42,898] {logging_mixin.py:109} INFO - [2022-05-11 07:13:42,898] {dagbag.py:500} INFO - Filling up the DagBag from /opt/airflow/dags/ej5.py
[2022-05-11 07:13:42,928] {processor.py:652} INFO - DAG(s) dict_keys(['ej5']) retrieved from /opt/airflow/dags/ej5.py
[2022-05-11 07:13:42,950] {logging_mixin.py:109} INFO - [2022-05-11 07:13:42,949] {dag.py:2398} INFO - Sync 1 DAGs
[2022-05-11 07:13:42,964] {logging_mixin.py:109} INFO - [2022-05-11 07:13:42,964] {dag.py:2937} INFO - Setting next_dagrun for ej5 to 2022-05-10T00:00:00+00:00
[2022-05-11 07:13:42,979] {processor.py:171} INFO - Processing /opt/airflow/dags/ej5.py took 0.086 seconds
[2022-05-11 07:14:13,308] {processor.py:163} INFO - Started process (PID=31299) to work on /opt/airflow/dags/ej5.py
[2022-05-11 07:14:13,309] {processor.py:642} INFO - Processing file /opt/airflow/dags/ej5.py for tasks to queue
[2022-05-11 07:14:13,310] {logging_mixin.py:109} INFO - [2022-05-11 07:14:13,310] {dagbag.py:500} INFO - Filling up the DagBag from /opt/airflow/dags/ej5.py
[2022-05-11 07:14:13,337] {processor.py:652} INFO - DAG(s) dict_keys(['ej5']) retrieved from /opt/airflow/dags/ej5.py
[2022-05-11 07:14:13,358] {logging_mixin.py:109} INFO - [2022-05-11 07:14:13,358] {dag.py:2398} INFO - Sync 1 DAGs
[2022-05-11 07:14:13,373] {logging_mixin.py:109} INFO - [2022-05-11 07:14:13,373] {dag.py:2937} INFO - Setting next_dagrun for ej5 to 2022-05-10T00:00:00+00:00
[2022-05-11 07:14:13,389] {processor.py:171} INFO - Processing /opt/airflow/dags/ej5.py took 0.084 seconds
[2022-05-11 07:14:43,856] {processor.py:163} INFO - Started process (PID=31372) to work on /opt/airflow/dags/ej5.py
[2022-05-11 07:14:43,858] {processor.py:642} INFO - Processing file /opt/airflow/dags/ej5.py for tasks to queue
[2022-05-11 07:14:43,859] {logging_mixin.py:109} INFO - [2022-05-11 07:14:43,859] {dagbag.py:500} INFO - Filling up the DagBag from /opt/airflow/dags/ej5.py
[2022-05-11 07:14:43,892] {processor.py:652} INFO - DAG(s) dict_keys(['ej5']) retrieved from /opt/airflow/dags/ej5.py
[2022-05-11 07:14:43,915] {logging_mixin.py:109} INFO - [2022-05-11 07:14:43,915] {dag.py:2398} INFO - Sync 1 DAGs
[2022-05-11 07:14:43,932] {logging_mixin.py:109} INFO - [2022-05-11 07:14:43,932] {dag.py:2937} INFO - Setting next_dagrun for ej5 to 2022-05-10T00:00:00+00:00
[2022-05-11 07:14:43,948] {processor.py:171} INFO - Processing /opt/airflow/dags/ej5.py took 0.096 seconds
[2022-05-11 07:15:14,136] {processor.py:163} INFO - Started process (PID=31435) to work on /opt/airflow/dags/ej5.py
[2022-05-11 07:15:14,138] {processor.py:642} INFO - Processing file /opt/airflow/dags/ej5.py for tasks to queue
[2022-05-11 07:15:14,139] {logging_mixin.py:109} INFO - [2022-05-11 07:15:14,139] {dagbag.py:500} INFO - Filling up the DagBag from /opt/airflow/dags/ej5.py
[2022-05-11 07:15:14,167] {processor.py:652} INFO - DAG(s) dict_keys(['ej5']) retrieved from /opt/airflow/dags/ej5.py
[2022-05-11 07:15:14,189] {logging_mixin.py:109} INFO - [2022-05-11 07:15:14,189] {dag.py:2398} INFO - Sync 1 DAGs
[2022-05-11 07:15:14,206] {logging_mixin.py:109} INFO - [2022-05-11 07:15:14,206] {dag.py:2937} INFO - Setting next_dagrun for ej5 to 2022-05-10T00:00:00+00:00
[2022-05-11 07:15:14,222] {processor.py:171} INFO - Processing /opt/airflow/dags/ej5.py took 0.089 seconds
[2022-05-11 07:15:44,303] {processor.py:163} INFO - Started process (PID=31510) to work on /opt/airflow/dags/ej5.py
[2022-05-11 07:15:44,305] {processor.py:642} INFO - Processing file /opt/airflow/dags/ej5.py for tasks to queue
[2022-05-11 07:15:44,306] {logging_mixin.py:109} INFO - [2022-05-11 07:15:44,306] {dagbag.py:500} INFO - Filling up the DagBag from /opt/airflow/dags/ej5.py
[2022-05-11 07:15:44,334] {processor.py:652} INFO - DAG(s) dict_keys(['ej5']) retrieved from /opt/airflow/dags/ej5.py
[2022-05-11 07:15:44,356] {logging_mixin.py:109} INFO - [2022-05-11 07:15:44,355] {dag.py:2398} INFO - Sync 1 DAGs
[2022-05-11 07:15:44,376] {logging_mixin.py:109} INFO - [2022-05-11 07:15:44,375] {dag.py:2937} INFO - Setting next_dagrun for ej5 to 2022-05-10T00:00:00+00:00
[2022-05-11 07:15:44,394] {processor.py:171} INFO - Processing /opt/airflow/dags/ej5.py took 0.093 seconds
[2022-05-11 07:16:14,849] {processor.py:163} INFO - Started process (PID=31574) to work on /opt/airflow/dags/ej5.py
[2022-05-11 07:16:14,851] {processor.py:642} INFO - Processing file /opt/airflow/dags/ej5.py for tasks to queue
[2022-05-11 07:16:14,852] {logging_mixin.py:109} INFO - [2022-05-11 07:16:14,852] {dagbag.py:500} INFO - Filling up the DagBag from /opt/airflow/dags/ej5.py
[2022-05-11 07:16:14,878] {processor.py:652} INFO - DAG(s) dict_keys(['ej5']) retrieved from /opt/airflow/dags/ej5.py
[2022-05-11 07:16:14,901] {logging_mixin.py:109} INFO - [2022-05-11 07:16:14,900] {dag.py:2398} INFO - Sync 1 DAGs
[2022-05-11 07:16:14,916] {logging_mixin.py:109} INFO - [2022-05-11 07:16:14,915] {dag.py:2937} INFO - Setting next_dagrun for ej5 to 2022-05-10T00:00:00+00:00
[2022-05-11 07:16:14,933] {processor.py:171} INFO - Processing /opt/airflow/dags/ej5.py took 0.087 seconds
[2022-05-11 07:16:45,327] {processor.py:163} INFO - Started process (PID=31647) to work on /opt/airflow/dags/ej5.py
[2022-05-11 07:16:45,329] {processor.py:642} INFO - Processing file /opt/airflow/dags/ej5.py for tasks to queue
[2022-05-11 07:16:45,330] {logging_mixin.py:109} INFO - [2022-05-11 07:16:45,330] {dagbag.py:500} INFO - Filling up the DagBag from /opt/airflow/dags/ej5.py
[2022-05-11 07:16:45,366] {processor.py:652} INFO - DAG(s) dict_keys(['ej5']) retrieved from /opt/airflow/dags/ej5.py
[2022-05-11 07:16:45,393] {logging_mixin.py:109} INFO - [2022-05-11 07:16:45,393] {dag.py:2398} INFO - Sync 1 DAGs
[2022-05-11 07:16:45,410] {logging_mixin.py:109} INFO - [2022-05-11 07:16:45,410] {dag.py:2937} INFO - Setting next_dagrun for ej5 to 2022-05-10T00:00:00+00:00
[2022-05-11 07:16:45,430] {processor.py:171} INFO - Processing /opt/airflow/dags/ej5.py took 0.107 seconds
[2022-05-11 07:17:15,907] {processor.py:163} INFO - Started process (PID=31709) to work on /opt/airflow/dags/ej5.py
[2022-05-11 07:17:15,910] {processor.py:642} INFO - Processing file /opt/airflow/dags/ej5.py for tasks to queue
[2022-05-11 07:17:15,911] {logging_mixin.py:109} INFO - [2022-05-11 07:17:15,911] {dagbag.py:500} INFO - Filling up the DagBag from /opt/airflow/dags/ej5.py
[2022-05-11 07:17:15,953] {processor.py:652} INFO - DAG(s) dict_keys(['ej5']) retrieved from /opt/airflow/dags/ej5.py
[2022-05-11 07:17:15,983] {logging_mixin.py:109} INFO - [2022-05-11 07:17:15,982] {dag.py:2398} INFO - Sync 1 DAGs
[2022-05-11 07:17:16,005] {logging_mixin.py:109} INFO - [2022-05-11 07:17:16,005] {dag.py:2937} INFO - Setting next_dagrun for ej5 to 2022-05-10T00:00:00+00:00
[2022-05-11 07:17:16,027] {processor.py:171} INFO - Processing /opt/airflow/dags/ej5.py took 0.125 seconds
[2022-05-11 07:17:46,328] {processor.py:163} INFO - Started process (PID=31783) to work on /opt/airflow/dags/ej5.py
[2022-05-11 07:17:46,331] {processor.py:642} INFO - Processing file /opt/airflow/dags/ej5.py for tasks to queue
[2022-05-11 07:17:46,335] {logging_mixin.py:109} INFO - [2022-05-11 07:17:46,334] {dagbag.py:500} INFO - Filling up the DagBag from /opt/airflow/dags/ej5.py
[2022-05-11 07:17:46,373] {processor.py:652} INFO - DAG(s) dict_keys(['ej5']) retrieved from /opt/airflow/dags/ej5.py
[2022-05-11 07:17:46,399] {logging_mixin.py:109} INFO - [2022-05-11 07:17:46,399] {dag.py:2398} INFO - Sync 1 DAGs
[2022-05-11 07:17:46,422] {logging_mixin.py:109} INFO - [2022-05-11 07:17:46,422] {dag.py:2937} INFO - Setting next_dagrun for ej5 to 2022-05-10T00:00:00+00:00
[2022-05-11 07:17:46,443] {processor.py:171} INFO - Processing /opt/airflow/dags/ej5.py took 0.118 seconds
[2022-05-11 07:18:17,076] {processor.py:163} INFO - Started process (PID=31846) to work on /opt/airflow/dags/ej5.py
[2022-05-11 07:18:17,077] {processor.py:642} INFO - Processing file /opt/airflow/dags/ej5.py for tasks to queue
[2022-05-11 07:18:17,078] {logging_mixin.py:109} INFO - [2022-05-11 07:18:17,078] {dagbag.py:500} INFO - Filling up the DagBag from /opt/airflow/dags/ej5.py
[2022-05-11 07:18:17,107] {processor.py:652} INFO - DAG(s) dict_keys(['ej5']) retrieved from /opt/airflow/dags/ej5.py
[2022-05-11 07:18:17,133] {logging_mixin.py:109} INFO - [2022-05-11 07:18:17,133] {dag.py:2398} INFO - Sync 1 DAGs
[2022-05-11 07:18:17,152] {logging_mixin.py:109} INFO - [2022-05-11 07:18:17,152] {dag.py:2937} INFO - Setting next_dagrun for ej5 to 2022-05-10T00:00:00+00:00
[2022-05-11 07:18:17,167] {processor.py:171} INFO - Processing /opt/airflow/dags/ej5.py took 0.095 seconds
[2022-05-11 07:18:47,325] {processor.py:163} INFO - Started process (PID=31908) to work on /opt/airflow/dags/ej5.py
[2022-05-11 07:18:47,326] {processor.py:642} INFO - Processing file /opt/airflow/dags/ej5.py for tasks to queue
[2022-05-11 07:18:47,327] {logging_mixin.py:109} INFO - [2022-05-11 07:18:47,327] {dagbag.py:500} INFO - Filling up the DagBag from /opt/airflow/dags/ej5.py
[2022-05-11 07:18:47,367] {processor.py:652} INFO - DAG(s) dict_keys(['ej5']) retrieved from /opt/airflow/dags/ej5.py
[2022-05-11 07:18:47,393] {logging_mixin.py:109} INFO - [2022-05-11 07:18:47,393] {dag.py:2398} INFO - Sync 1 DAGs
[2022-05-11 07:18:47,417] {logging_mixin.py:109} INFO - [2022-05-11 07:18:47,417] {dag.py:2937} INFO - Setting next_dagrun for ej5 to 2022-05-10T00:00:00+00:00
[2022-05-11 07:18:47,434] {processor.py:171} INFO - Processing /opt/airflow/dags/ej5.py took 0.116 seconds
[2022-05-11 07:19:17,624] {processor.py:163} INFO - Started process (PID=31981) to work on /opt/airflow/dags/ej5.py
[2022-05-11 07:19:17,626] {processor.py:642} INFO - Processing file /opt/airflow/dags/ej5.py for tasks to queue
[2022-05-11 07:19:17,627] {logging_mixin.py:109} INFO - [2022-05-11 07:19:17,627] {dagbag.py:500} INFO - Filling up the DagBag from /opt/airflow/dags/ej5.py
[2022-05-11 07:19:17,667] {processor.py:652} INFO - DAG(s) dict_keys(['ej5']) retrieved from /opt/airflow/dags/ej5.py
[2022-05-11 07:19:17,698] {logging_mixin.py:109} INFO - [2022-05-11 07:19:17,698] {dag.py:2398} INFO - Sync 1 DAGs
[2022-05-11 07:19:17,721] {logging_mixin.py:109} INFO - [2022-05-11 07:19:17,720] {dag.py:2937} INFO - Setting next_dagrun for ej5 to 2022-05-10T00:00:00+00:00
[2022-05-11 07:19:17,742] {processor.py:171} INFO - Processing /opt/airflow/dags/ej5.py took 0.122 seconds
[2022-05-11 07:19:48,591] {processor.py:163} INFO - Started process (PID=32043) to work on /opt/airflow/dags/ej5.py
[2022-05-11 07:19:48,592] {processor.py:642} INFO - Processing file /opt/airflow/dags/ej5.py for tasks to queue
[2022-05-11 07:19:48,593] {logging_mixin.py:109} INFO - [2022-05-11 07:19:48,593] {dagbag.py:500} INFO - Filling up the DagBag from /opt/airflow/dags/ej5.py
[2022-05-11 07:19:48,620] {processor.py:652} INFO - DAG(s) dict_keys(['ej5']) retrieved from /opt/airflow/dags/ej5.py
[2022-05-11 07:19:48,643] {logging_mixin.py:109} INFO - [2022-05-11 07:19:48,643] {dag.py:2398} INFO - Sync 1 DAGs
[2022-05-11 07:19:48,660] {logging_mixin.py:109} INFO - [2022-05-11 07:19:48,660] {dag.py:2937} INFO - Setting next_dagrun for ej5 to 2022-05-10T00:00:00+00:00
[2022-05-11 07:19:48,678] {processor.py:171} INFO - Processing /opt/airflow/dags/ej5.py took 0.091 seconds
[2022-05-11 07:20:18,944] {processor.py:163} INFO - Started process (PID=32115) to work on /opt/airflow/dags/ej5.py
[2022-05-11 07:20:18,946] {processor.py:642} INFO - Processing file /opt/airflow/dags/ej5.py for tasks to queue
[2022-05-11 07:20:18,947] {logging_mixin.py:109} INFO - [2022-05-11 07:20:18,947] {dagbag.py:500} INFO - Filling up the DagBag from /opt/airflow/dags/ej5.py
[2022-05-11 07:20:18,980] {processor.py:652} INFO - DAG(s) dict_keys(['ej5']) retrieved from /opt/airflow/dags/ej5.py
[2022-05-11 07:20:19,002] {logging_mixin.py:109} INFO - [2022-05-11 07:20:19,002] {dag.py:2398} INFO - Sync 1 DAGs
[2022-05-11 07:20:19,018] {logging_mixin.py:109} INFO - [2022-05-11 07:20:19,018] {dag.py:2937} INFO - Setting next_dagrun for ej5 to 2022-05-10T00:00:00+00:00
[2022-05-11 07:20:19,033] {processor.py:171} INFO - Processing /opt/airflow/dags/ej5.py took 0.092 seconds
[2022-05-11 07:20:49,414] {processor.py:163} INFO - Started process (PID=32178) to work on /opt/airflow/dags/ej5.py
[2022-05-11 07:20:49,416] {processor.py:642} INFO - Processing file /opt/airflow/dags/ej5.py for tasks to queue
[2022-05-11 07:20:49,417] {logging_mixin.py:109} INFO - [2022-05-11 07:20:49,417] {dagbag.py:500} INFO - Filling up the DagBag from /opt/airflow/dags/ej5.py
[2022-05-11 07:20:49,461] {processor.py:652} INFO - DAG(s) dict_keys(['ej5']) retrieved from /opt/airflow/dags/ej5.py
[2022-05-11 07:20:49,493] {logging_mixin.py:109} INFO - [2022-05-11 07:20:49,493] {dag.py:2398} INFO - Sync 1 DAGs
[2022-05-11 07:20:49,512] {logging_mixin.py:109} INFO - [2022-05-11 07:20:49,512] {dag.py:2937} INFO - Setting next_dagrun for ej5 to 2022-05-10T00:00:00+00:00
[2022-05-11 07:20:49,531] {processor.py:171} INFO - Processing /opt/airflow/dags/ej5.py took 0.125 seconds
[2022-05-11 07:21:19,968] {processor.py:163} INFO - Started process (PID=32251) to work on /opt/airflow/dags/ej5.py
[2022-05-11 07:21:19,970] {processor.py:642} INFO - Processing file /opt/airflow/dags/ej5.py for tasks to queue
[2022-05-11 07:21:19,971] {logging_mixin.py:109} INFO - [2022-05-11 07:21:19,970] {dagbag.py:500} INFO - Filling up the DagBag from /opt/airflow/dags/ej5.py
[2022-05-11 07:21:19,998] {processor.py:652} INFO - DAG(s) dict_keys(['ej5']) retrieved from /opt/airflow/dags/ej5.py
[2022-05-11 07:21:20,019] {logging_mixin.py:109} INFO - [2022-05-11 07:21:20,019] {dag.py:2398} INFO - Sync 1 DAGs
[2022-05-11 07:21:20,036] {logging_mixin.py:109} INFO - [2022-05-11 07:21:20,036] {dag.py:2937} INFO - Setting next_dagrun for ej5 to 2022-05-10T00:00:00+00:00
[2022-05-11 07:21:20,056] {processor.py:171} INFO - Processing /opt/airflow/dags/ej5.py took 0.091 seconds
[2022-05-11 07:21:50,149] {processor.py:163} INFO - Started process (PID=32313) to work on /opt/airflow/dags/ej5.py
[2022-05-11 07:21:50,151] {processor.py:642} INFO - Processing file /opt/airflow/dags/ej5.py for tasks to queue
[2022-05-11 07:21:50,152] {logging_mixin.py:109} INFO - [2022-05-11 07:21:50,152] {dagbag.py:500} INFO - Filling up the DagBag from /opt/airflow/dags/ej5.py
[2022-05-11 07:21:50,181] {processor.py:652} INFO - DAG(s) dict_keys(['ej5']) retrieved from /opt/airflow/dags/ej5.py
[2022-05-11 07:21:50,202] {logging_mixin.py:109} INFO - [2022-05-11 07:21:50,202] {dag.py:2398} INFO - Sync 1 DAGs
[2022-05-11 07:21:50,219] {logging_mixin.py:109} INFO - [2022-05-11 07:21:50,218] {dag.py:2937} INFO - Setting next_dagrun for ej5 to 2022-05-10T00:00:00+00:00
[2022-05-11 07:21:50,236] {processor.py:171} INFO - Processing /opt/airflow/dags/ej5.py took 0.091 seconds
[2022-05-11 07:22:20,338] {processor.py:163} INFO - Started process (PID=32387) to work on /opt/airflow/dags/ej5.py
[2022-05-11 07:22:20,341] {processor.py:642} INFO - Processing file /opt/airflow/dags/ej5.py for tasks to queue
[2022-05-11 07:22:20,342] {logging_mixin.py:109} INFO - [2022-05-11 07:22:20,342] {dagbag.py:500} INFO - Filling up the DagBag from /opt/airflow/dags/ej5.py
[2022-05-11 07:22:20,390] {processor.py:652} INFO - DAG(s) dict_keys(['ej5']) retrieved from /opt/airflow/dags/ej5.py
[2022-05-11 07:22:20,425] {logging_mixin.py:109} INFO - [2022-05-11 07:22:20,425] {dag.py:2398} INFO - Sync 1 DAGs
[2022-05-11 07:22:20,454] {logging_mixin.py:109} INFO - [2022-05-11 07:22:20,454] {dag.py:2937} INFO - Setting next_dagrun for ej5 to 2022-05-10T00:00:00+00:00
[2022-05-11 07:22:20,476] {processor.py:171} INFO - Processing /opt/airflow/dags/ej5.py took 0.143 seconds
[2022-05-11 07:22:50,737] {processor.py:163} INFO - Started process (PID=32450) to work on /opt/airflow/dags/ej5.py
[2022-05-11 07:22:50,739] {processor.py:642} INFO - Processing file /opt/airflow/dags/ej5.py for tasks to queue
[2022-05-11 07:22:50,740] {logging_mixin.py:109} INFO - [2022-05-11 07:22:50,740] {dagbag.py:500} INFO - Filling up the DagBag from /opt/airflow/dags/ej5.py
[2022-05-11 07:22:50,765] {processor.py:652} INFO - DAG(s) dict_keys(['ej5']) retrieved from /opt/airflow/dags/ej5.py
[2022-05-11 07:22:50,789] {logging_mixin.py:109} INFO - [2022-05-11 07:22:50,789] {dag.py:2398} INFO - Sync 1 DAGs
[2022-05-11 07:22:50,806] {logging_mixin.py:109} INFO - [2022-05-11 07:22:50,806] {dag.py:2937} INFO - Setting next_dagrun for ej5 to 2022-05-10T00:00:00+00:00
[2022-05-11 07:22:50,823] {processor.py:171} INFO - Processing /opt/airflow/dags/ej5.py took 0.088 seconds
[2022-05-11 07:23:21,416] {processor.py:163} INFO - Started process (PID=32522) to work on /opt/airflow/dags/ej5.py
[2022-05-11 07:23:21,417] {processor.py:642} INFO - Processing file /opt/airflow/dags/ej5.py for tasks to queue
[2022-05-11 07:23:21,418] {logging_mixin.py:109} INFO - [2022-05-11 07:23:21,418] {dagbag.py:500} INFO - Filling up the DagBag from /opt/airflow/dags/ej5.py
[2022-05-11 07:23:21,447] {processor.py:652} INFO - DAG(s) dict_keys(['ej5']) retrieved from /opt/airflow/dags/ej5.py
[2022-05-11 07:23:21,482] {logging_mixin.py:109} INFO - [2022-05-11 07:23:21,482] {dag.py:2398} INFO - Sync 1 DAGs
[2022-05-11 07:23:21,504] {logging_mixin.py:109} INFO - [2022-05-11 07:23:21,503] {dag.py:2937} INFO - Setting next_dagrun for ej5 to 2022-05-10T00:00:00+00:00
[2022-05-11 07:23:21,534] {processor.py:171} INFO - Processing /opt/airflow/dags/ej5.py took 0.122 seconds
[2022-05-11 07:23:51,754] {processor.py:163} INFO - Started process (PID=32585) to work on /opt/airflow/dags/ej5.py
[2022-05-11 07:23:51,756] {processor.py:642} INFO - Processing file /opt/airflow/dags/ej5.py for tasks to queue
[2022-05-11 07:23:51,757] {logging_mixin.py:109} INFO - [2022-05-11 07:23:51,757] {dagbag.py:500} INFO - Filling up the DagBag from /opt/airflow/dags/ej5.py
[2022-05-11 07:23:51,786] {processor.py:652} INFO - DAG(s) dict_keys(['ej5']) retrieved from /opt/airflow/dags/ej5.py
[2022-05-11 07:23:51,814] {logging_mixin.py:109} INFO - [2022-05-11 07:23:51,813] {dag.py:2398} INFO - Sync 1 DAGs
[2022-05-11 07:23:51,836] {logging_mixin.py:109} INFO - [2022-05-11 07:23:51,836] {dag.py:2937} INFO - Setting next_dagrun for ej5 to 2022-05-10T00:00:00+00:00
[2022-05-11 07:23:51,853] {processor.py:171} INFO - Processing /opt/airflow/dags/ej5.py took 0.105 seconds
[2022-05-11 07:24:22,297] {processor.py:163} INFO - Started process (PID=32658) to work on /opt/airflow/dags/ej5.py
[2022-05-11 07:24:22,299] {processor.py:642} INFO - Processing file /opt/airflow/dags/ej5.py for tasks to queue
[2022-05-11 07:24:22,300] {logging_mixin.py:109} INFO - [2022-05-11 07:24:22,300] {dagbag.py:500} INFO - Filling up the DagBag from /opt/airflow/dags/ej5.py
[2022-05-11 07:24:22,329] {processor.py:652} INFO - DAG(s) dict_keys(['ej5']) retrieved from /opt/airflow/dags/ej5.py
[2022-05-11 07:24:22,349] {logging_mixin.py:109} INFO - [2022-05-11 07:24:22,349] {dag.py:2398} INFO - Sync 1 DAGs
[2022-05-11 07:24:22,368] {logging_mixin.py:109} INFO - [2022-05-11 07:24:22,368] {dag.py:2937} INFO - Setting next_dagrun for ej5 to 2022-05-10T00:00:00+00:00
[2022-05-11 07:24:22,384] {processor.py:171} INFO - Processing /opt/airflow/dags/ej5.py took 0.091 seconds
[2022-05-11 07:24:52,653] {processor.py:163} INFO - Started process (PID=32722) to work on /opt/airflow/dags/ej5.py
[2022-05-11 07:24:52,655] {processor.py:642} INFO - Processing file /opt/airflow/dags/ej5.py for tasks to queue
[2022-05-11 07:24:52,656] {logging_mixin.py:109} INFO - [2022-05-11 07:24:52,656] {dagbag.py:500} INFO - Filling up the DagBag from /opt/airflow/dags/ej5.py
[2022-05-11 07:24:52,685] {processor.py:652} INFO - DAG(s) dict_keys(['ej5']) retrieved from /opt/airflow/dags/ej5.py
[2022-05-11 07:24:52,706] {logging_mixin.py:109} INFO - [2022-05-11 07:24:52,706] {dag.py:2398} INFO - Sync 1 DAGs
[2022-05-11 07:24:52,723] {logging_mixin.py:109} INFO - [2022-05-11 07:24:52,723] {dag.py:2937} INFO - Setting next_dagrun for ej5 to 2022-05-10T00:00:00+00:00
[2022-05-11 07:24:52,740] {processor.py:171} INFO - Processing /opt/airflow/dags/ej5.py took 0.090 seconds
[2022-05-11 07:25:23,250] {processor.py:163} INFO - Started process (PID=326) to work on /opt/airflow/dags/ej5.py
[2022-05-11 07:25:23,252] {processor.py:642} INFO - Processing file /opt/airflow/dags/ej5.py for tasks to queue
[2022-05-11 07:25:23,253] {logging_mixin.py:109} INFO - [2022-05-11 07:25:23,253] {dagbag.py:500} INFO - Filling up the DagBag from /opt/airflow/dags/ej5.py
[2022-05-11 07:25:23,278] {processor.py:652} INFO - DAG(s) dict_keys(['ej5']) retrieved from /opt/airflow/dags/ej5.py
[2022-05-11 07:25:23,301] {logging_mixin.py:109} INFO - [2022-05-11 07:25:23,301] {dag.py:2398} INFO - Sync 1 DAGs
[2022-05-11 07:25:23,316] {logging_mixin.py:109} INFO - [2022-05-11 07:25:23,316] {dag.py:2937} INFO - Setting next_dagrun for ej5 to 2022-05-10T00:00:00+00:00
[2022-05-11 07:25:23,332] {processor.py:171} INFO - Processing /opt/airflow/dags/ej5.py took 0.085 seconds
[2022-05-11 07:25:53,685] {processor.py:163} INFO - Started process (PID=389) to work on /opt/airflow/dags/ej5.py
[2022-05-11 07:25:53,686] {processor.py:642} INFO - Processing file /opt/airflow/dags/ej5.py for tasks to queue
[2022-05-11 07:25:53,687] {logging_mixin.py:109} INFO - [2022-05-11 07:25:53,687] {dagbag.py:500} INFO - Filling up the DagBag from /opt/airflow/dags/ej5.py
[2022-05-11 07:25:53,713] {processor.py:652} INFO - DAG(s) dict_keys(['ej5']) retrieved from /opt/airflow/dags/ej5.py
[2022-05-11 07:25:53,764] {logging_mixin.py:109} INFO - [2022-05-11 07:25:53,763] {dag.py:2398} INFO - Sync 1 DAGs
[2022-05-11 07:25:53,782] {logging_mixin.py:109} INFO - [2022-05-11 07:25:53,782] {dag.py:2937} INFO - Setting next_dagrun for ej5 to 2022-05-10T00:00:00+00:00
[2022-05-11 07:25:53,796] {processor.py:171} INFO - Processing /opt/airflow/dags/ej5.py took 0.113 seconds
[2022-05-11 07:26:23,918] {processor.py:163} INFO - Started process (PID=463) to work on /opt/airflow/dags/ej5.py
[2022-05-11 07:26:23,920] {processor.py:642} INFO - Processing file /opt/airflow/dags/ej5.py for tasks to queue
[2022-05-11 07:26:23,921] {logging_mixin.py:109} INFO - [2022-05-11 07:26:23,921] {dagbag.py:500} INFO - Filling up the DagBag from /opt/airflow/dags/ej5.py
[2022-05-11 07:26:23,949] {processor.py:652} INFO - DAG(s) dict_keys(['ej5']) retrieved from /opt/airflow/dags/ej5.py
[2022-05-11 07:26:23,970] {logging_mixin.py:109} INFO - [2022-05-11 07:26:23,970] {dag.py:2398} INFO - Sync 1 DAGs
[2022-05-11 07:26:23,983] {logging_mixin.py:109} INFO - [2022-05-11 07:26:23,982] {dag.py:2937} INFO - Setting next_dagrun for ej5 to 2022-05-10T00:00:00+00:00
[2022-05-11 07:26:23,996] {processor.py:171} INFO - Processing /opt/airflow/dags/ej5.py took 0.081 seconds
[2022-05-11 07:26:54,680] {processor.py:163} INFO - Started process (PID=527) to work on /opt/airflow/dags/ej5.py
[2022-05-11 07:26:54,682] {processor.py:642} INFO - Processing file /opt/airflow/dags/ej5.py for tasks to queue
[2022-05-11 07:26:54,683] {logging_mixin.py:109} INFO - [2022-05-11 07:26:54,683] {dagbag.py:500} INFO - Filling up the DagBag from /opt/airflow/dags/ej5.py
[2022-05-11 07:26:54,730] {processor.py:652} INFO - DAG(s) dict_keys(['ej5']) retrieved from /opt/airflow/dags/ej5.py
[2022-05-11 07:26:54,760] {logging_mixin.py:109} INFO - [2022-05-11 07:26:54,760] {dag.py:2398} INFO - Sync 1 DAGs
[2022-05-11 07:26:54,776] {logging_mixin.py:109} INFO - [2022-05-11 07:26:54,776] {dag.py:2937} INFO - Setting next_dagrun for ej5 to 2022-05-10T00:00:00+00:00
[2022-05-11 07:26:54,793] {processor.py:171} INFO - Processing /opt/airflow/dags/ej5.py took 0.117 seconds
[2022-05-11 07:27:25,560] {processor.py:163} INFO - Started process (PID=600) to work on /opt/airflow/dags/ej5.py
[2022-05-11 07:27:25,562] {processor.py:642} INFO - Processing file /opt/airflow/dags/ej5.py for tasks to queue
[2022-05-11 07:27:25,563] {logging_mixin.py:109} INFO - [2022-05-11 07:27:25,563] {dagbag.py:500} INFO - Filling up the DagBag from /opt/airflow/dags/ej5.py
[2022-05-11 07:27:25,592] {processor.py:652} INFO - DAG(s) dict_keys(['ej5']) retrieved from /opt/airflow/dags/ej5.py
[2022-05-11 07:27:25,613] {logging_mixin.py:109} INFO - [2022-05-11 07:27:25,613] {dag.py:2398} INFO - Sync 1 DAGs
[2022-05-11 07:27:25,629] {logging_mixin.py:109} INFO - [2022-05-11 07:27:25,629] {dag.py:2937} INFO - Setting next_dagrun for ej5 to 2022-05-10T00:00:00+00:00
[2022-05-11 07:27:25,646] {processor.py:171} INFO - Processing /opt/airflow/dags/ej5.py took 0.090 seconds
