[2022-05-11 06:55:52,825] {processor.py:163} INFO - Started process (PID=28843) to work on /opt/airflow/dags/ej6.py
[2022-05-11 06:55:52,837] {processor.py:642} INFO - Processing file /opt/airflow/dags/ej6.py for tasks to queue
[2022-05-11 06:55:52,839] {logging_mixin.py:109} INFO - [2022-05-11 06:55:52,839] {dagbag.py:500} INFO - Filling up the DagBag from /opt/airflow/dags/ej6.py
[2022-05-11 06:55:53,132] {processor.py:652} INFO - DAG(s) dict_keys(['ej6']) retrieved from /opt/airflow/dags/ej6.py
[2022-05-11 06:55:54,263] {logging_mixin.py:109} INFO - [2022-05-11 06:55:54,263] {dag.py:2398} INFO - Sync 1 DAGs
[2022-05-11 06:55:54,346] {logging_mixin.py:109} INFO - [2022-05-11 06:55:54,344] {dag.py:2937} INFO - Setting next_dagrun for ej6 to 2022-05-10T00:00:00+00:00
[2022-05-11 06:55:54,449] {processor.py:171} INFO - Processing /opt/airflow/dags/ej6.py took 1.633 seconds
[2022-05-11 06:56:24,550] {processor.py:163} INFO - Started process (PID=28907) to work on /opt/airflow/dags/ej6.py
[2022-05-11 06:56:24,552] {processor.py:642} INFO - Processing file /opt/airflow/dags/ej6.py for tasks to queue
[2022-05-11 06:56:24,553] {logging_mixin.py:109} INFO - [2022-05-11 06:56:24,553] {dagbag.py:500} INFO - Filling up the DagBag from /opt/airflow/dags/ej6.py
[2022-05-11 06:56:24,617] {processor.py:652} INFO - DAG(s) dict_keys(['ej6']) retrieved from /opt/airflow/dags/ej6.py
[2022-05-11 06:56:24,643] {logging_mixin.py:109} INFO - [2022-05-11 06:56:24,643] {dag.py:2398} INFO - Sync 1 DAGs
[2022-05-11 06:56:24,657] {logging_mixin.py:109} INFO - [2022-05-11 06:56:24,656] {dag.py:2937} INFO - Setting next_dagrun for ej6 to 2022-05-10T00:00:00+00:00
[2022-05-11 06:56:24,668] {processor.py:171} INFO - Processing /opt/airflow/dags/ej6.py took 0.122 seconds
[2022-05-11 06:56:55,036] {processor.py:163} INFO - Started process (PID=28971) to work on /opt/airflow/dags/ej6.py
[2022-05-11 06:56:55,038] {processor.py:642} INFO - Processing file /opt/airflow/dags/ej6.py for tasks to queue
[2022-05-11 06:56:55,040] {logging_mixin.py:109} INFO - [2022-05-11 06:56:55,039] {dagbag.py:500} INFO - Filling up the DagBag from /opt/airflow/dags/ej6.py
[2022-05-11 06:56:55,092] {processor.py:652} INFO - DAG(s) dict_keys(['ej6']) retrieved from /opt/airflow/dags/ej6.py
[2022-05-11 06:56:55,115] {logging_mixin.py:109} INFO - [2022-05-11 06:56:55,114] {dag.py:2398} INFO - Sync 1 DAGs
[2022-05-11 06:56:55,133] {logging_mixin.py:109} INFO - [2022-05-11 06:56:55,133] {dag.py:2937} INFO - Setting next_dagrun for ej6 to 2022-05-10T00:00:00+00:00
[2022-05-11 06:56:55,152] {processor.py:171} INFO - Processing /opt/airflow/dags/ej6.py took 0.120 seconds
[2022-05-11 06:57:25,526] {processor.py:163} INFO - Started process (PID=29044) to work on /opt/airflow/dags/ej6.py
[2022-05-11 06:57:25,528] {processor.py:642} INFO - Processing file /opt/airflow/dags/ej6.py for tasks to queue
[2022-05-11 06:57:25,530] {logging_mixin.py:109} INFO - [2022-05-11 06:57:25,530] {dagbag.py:500} INFO - Filling up the DagBag from /opt/airflow/dags/ej6.py
[2022-05-11 06:57:25,571] {processor.py:652} INFO - DAG(s) dict_keys(['ej6']) retrieved from /opt/airflow/dags/ej6.py
[2022-05-11 06:57:25,595] {logging_mixin.py:109} INFO - [2022-05-11 06:57:25,595] {dag.py:2398} INFO - Sync 1 DAGs
[2022-05-11 06:57:25,613] {logging_mixin.py:109} INFO - [2022-05-11 06:57:25,613] {dag.py:2937} INFO - Setting next_dagrun for ej6 to 2022-05-10T00:00:00+00:00
[2022-05-11 06:57:25,681] {processor.py:171} INFO - Processing /opt/airflow/dags/ej6.py took 0.159 seconds
[2022-05-11 06:57:55,758] {processor.py:163} INFO - Started process (PID=29107) to work on /opt/airflow/dags/ej6.py
[2022-05-11 06:57:55,759] {processor.py:642} INFO - Processing file /opt/airflow/dags/ej6.py for tasks to queue
[2022-05-11 06:57:55,760] {logging_mixin.py:109} INFO - [2022-05-11 06:57:55,760] {dagbag.py:500} INFO - Filling up the DagBag from /opt/airflow/dags/ej6.py
[2022-05-11 06:57:55,805] {processor.py:652} INFO - DAG(s) dict_keys(['ej6']) retrieved from /opt/airflow/dags/ej6.py
[2022-05-11 06:57:55,825] {logging_mixin.py:109} INFO - [2022-05-11 06:57:55,824] {dag.py:2398} INFO - Sync 1 DAGs
[2022-05-11 06:57:55,838] {logging_mixin.py:109} INFO - [2022-05-11 06:57:55,838] {dag.py:2937} INFO - Setting next_dagrun for ej6 to 2022-05-10T00:00:00+00:00
[2022-05-11 06:57:55,854] {processor.py:171} INFO - Processing /opt/airflow/dags/ej6.py took 0.099 seconds
[2022-05-11 06:58:26,267] {processor.py:163} INFO - Started process (PID=29180) to work on /opt/airflow/dags/ej6.py
[2022-05-11 06:58:26,270] {processor.py:642} INFO - Processing file /opt/airflow/dags/ej6.py for tasks to queue
[2022-05-11 06:58:26,271] {logging_mixin.py:109} INFO - [2022-05-11 06:58:26,271] {dagbag.py:500} INFO - Filling up the DagBag from /opt/airflow/dags/ej6.py
[2022-05-11 06:58:26,326] {processor.py:652} INFO - DAG(s) dict_keys(['ej6']) retrieved from /opt/airflow/dags/ej6.py
[2022-05-11 06:58:26,348] {logging_mixin.py:109} INFO - [2022-05-11 06:58:26,348] {dag.py:2398} INFO - Sync 1 DAGs
[2022-05-11 06:58:26,363] {logging_mixin.py:109} INFO - [2022-05-11 06:58:26,363] {dag.py:2937} INFO - Setting next_dagrun for ej6 to 2022-05-10T00:00:00+00:00
[2022-05-11 06:58:26,382] {processor.py:171} INFO - Processing /opt/airflow/dags/ej6.py took 0.118 seconds
[2022-05-11 06:58:56,518] {processor.py:163} INFO - Started process (PID=29242) to work on /opt/airflow/dags/ej6.py
[2022-05-11 06:58:56,520] {processor.py:642} INFO - Processing file /opt/airflow/dags/ej6.py for tasks to queue
[2022-05-11 06:58:56,521] {logging_mixin.py:109} INFO - [2022-05-11 06:58:56,521] {dagbag.py:500} INFO - Filling up the DagBag from /opt/airflow/dags/ej6.py
[2022-05-11 06:58:56,577] {processor.py:652} INFO - DAG(s) dict_keys(['ej6']) retrieved from /opt/airflow/dags/ej6.py
[2022-05-11 06:58:56,601] {logging_mixin.py:109} INFO - [2022-05-11 06:58:56,601] {dag.py:2398} INFO - Sync 1 DAGs
[2022-05-11 06:58:56,618] {logging_mixin.py:109} INFO - [2022-05-11 06:58:56,617] {dag.py:2937} INFO - Setting next_dagrun for ej6 to 2022-05-10T00:00:00+00:00
[2022-05-11 06:58:56,636] {processor.py:171} INFO - Processing /opt/airflow/dags/ej6.py took 0.120 seconds
[2022-05-11 06:59:26,747] {processor.py:163} INFO - Started process (PID=29315) to work on /opt/airflow/dags/ej6.py
[2022-05-11 06:59:26,748] {processor.py:642} INFO - Processing file /opt/airflow/dags/ej6.py for tasks to queue
[2022-05-11 06:59:26,749] {logging_mixin.py:109} INFO - [2022-05-11 06:59:26,749] {dagbag.py:500} INFO - Filling up the DagBag from /opt/airflow/dags/ej6.py
[2022-05-11 06:59:26,793] {processor.py:652} INFO - DAG(s) dict_keys(['ej6']) retrieved from /opt/airflow/dags/ej6.py
[2022-05-11 06:59:26,817] {logging_mixin.py:109} INFO - [2022-05-11 06:59:26,817] {dag.py:2398} INFO - Sync 1 DAGs
[2022-05-11 06:59:26,830] {logging_mixin.py:109} INFO - [2022-05-11 06:59:26,830] {dag.py:2937} INFO - Setting next_dagrun for ej6 to 2022-05-10T00:00:00+00:00
[2022-05-11 06:59:26,843] {processor.py:171} INFO - Processing /opt/airflow/dags/ej6.py took 0.100 seconds
[2022-05-11 06:59:56,990] {processor.py:163} INFO - Started process (PID=29388) to work on /opt/airflow/dags/ej6.py
[2022-05-11 06:59:56,992] {processor.py:642} INFO - Processing file /opt/airflow/dags/ej6.py for tasks to queue
[2022-05-11 06:59:56,993] {logging_mixin.py:109} INFO - [2022-05-11 06:59:56,993] {dagbag.py:500} INFO - Filling up the DagBag from /opt/airflow/dags/ej6.py
[2022-05-11 06:59:57,027] {processor.py:652} INFO - DAG(s) dict_keys(['ej6']) retrieved from /opt/airflow/dags/ej6.py
[2022-05-11 06:59:57,050] {logging_mixin.py:109} INFO - [2022-05-11 06:59:57,050] {dag.py:2398} INFO - Sync 1 DAGs
[2022-05-11 06:59:57,064] {logging_mixin.py:109} INFO - [2022-05-11 06:59:57,064] {dag.py:2937} INFO - Setting next_dagrun for ej6 to 2022-05-10T00:00:00+00:00
[2022-05-11 06:59:57,081] {processor.py:171} INFO - Processing /opt/airflow/dags/ej6.py took 0.093 seconds
[2022-05-11 07:00:27,326] {processor.py:163} INFO - Started process (PID=29452) to work on /opt/airflow/dags/ej6.py
[2022-05-11 07:00:27,328] {processor.py:642} INFO - Processing file /opt/airflow/dags/ej6.py for tasks to queue
[2022-05-11 07:00:27,329] {logging_mixin.py:109} INFO - [2022-05-11 07:00:27,329] {dagbag.py:500} INFO - Filling up the DagBag from /opt/airflow/dags/ej6.py
[2022-05-11 07:00:27,372] {processor.py:652} INFO - DAG(s) dict_keys(['ej6']) retrieved from /opt/airflow/dags/ej6.py
[2022-05-11 07:00:27,396] {logging_mixin.py:109} INFO - [2022-05-11 07:00:27,395] {dag.py:2398} INFO - Sync 1 DAGs
[2022-05-11 07:00:27,411] {logging_mixin.py:109} INFO - [2022-05-11 07:00:27,411] {dag.py:2937} INFO - Setting next_dagrun for ej6 to 2022-05-10T00:00:00+00:00
[2022-05-11 07:00:27,430] {processor.py:171} INFO - Processing /opt/airflow/dags/ej6.py took 0.108 seconds
[2022-05-11 07:00:57,968] {processor.py:163} INFO - Started process (PID=29525) to work on /opt/airflow/dags/ej6.py
[2022-05-11 07:00:57,970] {processor.py:642} INFO - Processing file /opt/airflow/dags/ej6.py for tasks to queue
[2022-05-11 07:00:57,972] {logging_mixin.py:109} INFO - [2022-05-11 07:00:57,972] {dagbag.py:500} INFO - Filling up the DagBag from /opt/airflow/dags/ej6.py
[2022-05-11 07:00:58,009] {processor.py:652} INFO - DAG(s) dict_keys(['ej6']) retrieved from /opt/airflow/dags/ej6.py
[2022-05-11 07:00:58,030] {logging_mixin.py:109} INFO - [2022-05-11 07:00:58,030] {dag.py:2398} INFO - Sync 1 DAGs
[2022-05-11 07:00:58,044] {logging_mixin.py:109} INFO - [2022-05-11 07:00:58,044] {dag.py:2937} INFO - Setting next_dagrun for ej6 to 2022-05-10T00:00:00+00:00
[2022-05-11 07:00:58,060] {processor.py:171} INFO - Processing /opt/airflow/dags/ej6.py took 0.094 seconds
[2022-05-11 07:01:28,681] {processor.py:163} INFO - Started process (PID=29588) to work on /opt/airflow/dags/ej6.py
[2022-05-11 07:01:28,682] {processor.py:642} INFO - Processing file /opt/airflow/dags/ej6.py for tasks to queue
[2022-05-11 07:01:28,683] {logging_mixin.py:109} INFO - [2022-05-11 07:01:28,683] {dagbag.py:500} INFO - Filling up the DagBag from /opt/airflow/dags/ej6.py
[2022-05-11 07:01:28,733] {processor.py:652} INFO - DAG(s) dict_keys(['ej6']) retrieved from /opt/airflow/dags/ej6.py
[2022-05-11 07:01:28,756] {logging_mixin.py:109} INFO - [2022-05-11 07:01:28,756] {dag.py:2398} INFO - Sync 1 DAGs
[2022-05-11 07:01:28,769] {logging_mixin.py:109} INFO - [2022-05-11 07:01:28,769] {dag.py:2937} INFO - Setting next_dagrun for ej6 to 2022-05-10T00:00:00+00:00
[2022-05-11 07:01:28,790] {processor.py:171} INFO - Processing /opt/airflow/dags/ej6.py took 0.112 seconds
[2022-05-11 07:01:58,934] {processor.py:163} INFO - Started process (PID=29661) to work on /opt/airflow/dags/ej6.py
[2022-05-11 07:01:58,936] {processor.py:642} INFO - Processing file /opt/airflow/dags/ej6.py for tasks to queue
[2022-05-11 07:01:58,937] {logging_mixin.py:109} INFO - [2022-05-11 07:01:58,936] {dagbag.py:500} INFO - Filling up the DagBag from /opt/airflow/dags/ej6.py
[2022-05-11 07:01:58,977] {processor.py:652} INFO - DAG(s) dict_keys(['ej6']) retrieved from /opt/airflow/dags/ej6.py
[2022-05-11 07:01:59,001] {logging_mixin.py:109} INFO - [2022-05-11 07:01:59,001] {dag.py:2398} INFO - Sync 1 DAGs
[2022-05-11 07:01:59,017] {logging_mixin.py:109} INFO - [2022-05-11 07:01:59,016] {dag.py:2937} INFO - Setting next_dagrun for ej6 to 2022-05-10T00:00:00+00:00
[2022-05-11 07:01:59,034] {processor.py:171} INFO - Processing /opt/airflow/dags/ej6.py took 0.105 seconds
[2022-05-11 07:02:29,358] {processor.py:163} INFO - Started process (PID=29725) to work on /opt/airflow/dags/ej6.py
[2022-05-11 07:02:29,360] {processor.py:642} INFO - Processing file /opt/airflow/dags/ej6.py for tasks to queue
[2022-05-11 07:02:29,361] {logging_mixin.py:109} INFO - [2022-05-11 07:02:29,361] {dagbag.py:500} INFO - Filling up the DagBag from /opt/airflow/dags/ej6.py
[2022-05-11 07:02:29,414] {processor.py:652} INFO - DAG(s) dict_keys(['ej6']) retrieved from /opt/airflow/dags/ej6.py
[2022-05-11 07:02:29,443] {logging_mixin.py:109} INFO - [2022-05-11 07:02:29,441] {dag.py:2398} INFO - Sync 1 DAGs
[2022-05-11 07:02:29,459] {logging_mixin.py:109} INFO - [2022-05-11 07:02:29,459] {dag.py:2937} INFO - Setting next_dagrun for ej6 to 2022-05-10T00:00:00+00:00
[2022-05-11 07:02:29,475] {processor.py:171} INFO - Processing /opt/airflow/dags/ej6.py took 0.121 seconds
[2022-05-11 07:03:00,081] {processor.py:163} INFO - Started process (PID=29798) to work on /opt/airflow/dags/ej6.py
[2022-05-11 07:03:00,083] {processor.py:642} INFO - Processing file /opt/airflow/dags/ej6.py for tasks to queue
[2022-05-11 07:03:00,084] {logging_mixin.py:109} INFO - [2022-05-11 07:03:00,084] {dagbag.py:500} INFO - Filling up the DagBag from /opt/airflow/dags/ej6.py
[2022-05-11 07:03:00,129] {processor.py:652} INFO - DAG(s) dict_keys(['ej6']) retrieved from /opt/airflow/dags/ej6.py
[2022-05-11 07:03:00,151] {logging_mixin.py:109} INFO - [2022-05-11 07:03:00,151] {dag.py:2398} INFO - Sync 1 DAGs
[2022-05-11 07:03:00,167] {logging_mixin.py:109} INFO - [2022-05-11 07:03:00,167] {dag.py:2937} INFO - Setting next_dagrun for ej6 to 2022-05-10T00:00:00+00:00
[2022-05-11 07:03:00,184] {processor.py:171} INFO - Processing /opt/airflow/dags/ej6.py took 0.106 seconds
[2022-05-11 07:03:30,547] {processor.py:163} INFO - Started process (PID=29860) to work on /opt/airflow/dags/ej6.py
[2022-05-11 07:03:30,548] {processor.py:642} INFO - Processing file /opt/airflow/dags/ej6.py for tasks to queue
[2022-05-11 07:03:30,550] {logging_mixin.py:109} INFO - [2022-05-11 07:03:30,549] {dagbag.py:500} INFO - Filling up the DagBag from /opt/airflow/dags/ej6.py
[2022-05-11 07:03:30,600] {processor.py:652} INFO - DAG(s) dict_keys(['ej6']) retrieved from /opt/airflow/dags/ej6.py
[2022-05-11 07:03:30,625] {logging_mixin.py:109} INFO - [2022-05-11 07:03:30,625] {dag.py:2398} INFO - Sync 1 DAGs
[2022-05-11 07:03:30,640] {logging_mixin.py:109} INFO - [2022-05-11 07:03:30,640] {dag.py:2937} INFO - Setting next_dagrun for ej6 to 2022-05-10T00:00:00+00:00
[2022-05-11 07:03:30,659] {processor.py:171} INFO - Processing /opt/airflow/dags/ej6.py took 0.116 seconds
[2022-05-11 07:04:01,348] {processor.py:163} INFO - Started process (PID=29932) to work on /opt/airflow/dags/ej6.py
[2022-05-11 07:04:01,350] {processor.py:642} INFO - Processing file /opt/airflow/dags/ej6.py for tasks to queue
[2022-05-11 07:04:01,351] {logging_mixin.py:109} INFO - [2022-05-11 07:04:01,351] {dagbag.py:500} INFO - Filling up the DagBag from /opt/airflow/dags/ej6.py
[2022-05-11 07:04:01,406] {processor.py:652} INFO - DAG(s) dict_keys(['ej6']) retrieved from /opt/airflow/dags/ej6.py
[2022-05-11 07:04:01,426] {logging_mixin.py:109} INFO - [2022-05-11 07:04:01,426] {dag.py:2398} INFO - Sync 1 DAGs
[2022-05-11 07:04:01,440] {logging_mixin.py:109} INFO - [2022-05-11 07:04:01,440] {dag.py:2937} INFO - Setting next_dagrun for ej6 to 2022-05-10T00:00:00+00:00
[2022-05-11 07:04:01,454] {processor.py:171} INFO - Processing /opt/airflow/dags/ej6.py took 0.109 seconds
[2022-05-11 07:04:31,870] {processor.py:163} INFO - Started process (PID=29995) to work on /opt/airflow/dags/ej6.py
[2022-05-11 07:04:31,871] {processor.py:642} INFO - Processing file /opt/airflow/dags/ej6.py for tasks to queue
[2022-05-11 07:04:31,872] {logging_mixin.py:109} INFO - [2022-05-11 07:04:31,872] {dagbag.py:500} INFO - Filling up the DagBag from /opt/airflow/dags/ej6.py
[2022-05-11 07:04:31,918] {processor.py:652} INFO - DAG(s) dict_keys(['ej6']) retrieved from /opt/airflow/dags/ej6.py
[2022-05-11 07:04:31,936] {logging_mixin.py:109} INFO - [2022-05-11 07:04:31,936] {dag.py:2398} INFO - Sync 1 DAGs
[2022-05-11 07:04:31,950] {logging_mixin.py:109} INFO - [2022-05-11 07:04:31,950] {dag.py:2937} INFO - Setting next_dagrun for ej6 to 2022-05-10T00:00:00+00:00
[2022-05-11 07:04:31,964] {processor.py:171} INFO - Processing /opt/airflow/dags/ej6.py took 0.098 seconds
[2022-05-11 07:05:02,352] {processor.py:163} INFO - Started process (PID=30069) to work on /opt/airflow/dags/ej6.py
[2022-05-11 07:05:02,354] {processor.py:642} INFO - Processing file /opt/airflow/dags/ej6.py for tasks to queue
[2022-05-11 07:05:02,355] {logging_mixin.py:109} INFO - [2022-05-11 07:05:02,355] {dagbag.py:500} INFO - Filling up the DagBag from /opt/airflow/dags/ej6.py
[2022-05-11 07:05:02,393] {processor.py:652} INFO - DAG(s) dict_keys(['ej6']) retrieved from /opt/airflow/dags/ej6.py
[2022-05-11 07:05:02,417] {logging_mixin.py:109} INFO - [2022-05-11 07:05:02,416] {dag.py:2398} INFO - Sync 1 DAGs
[2022-05-11 07:05:02,431] {logging_mixin.py:109} INFO - [2022-05-11 07:05:02,431] {dag.py:2937} INFO - Setting next_dagrun for ej6 to 2022-05-10T00:00:00+00:00
[2022-05-11 07:05:02,447] {processor.py:171} INFO - Processing /opt/airflow/dags/ej6.py took 0.099 seconds
[2022-05-11 07:05:32,837] {processor.py:163} INFO - Started process (PID=30143) to work on /opt/airflow/dags/ej6.py
[2022-05-11 07:05:32,839] {processor.py:642} INFO - Processing file /opt/airflow/dags/ej6.py for tasks to queue
[2022-05-11 07:05:32,840] {logging_mixin.py:109} INFO - [2022-05-11 07:05:32,840] {dagbag.py:500} INFO - Filling up the DagBag from /opt/airflow/dags/ej6.py
[2022-05-11 07:05:32,889] {processor.py:652} INFO - DAG(s) dict_keys(['ej6']) retrieved from /opt/airflow/dags/ej6.py
[2022-05-11 07:05:32,909] {logging_mixin.py:109} INFO - [2022-05-11 07:05:32,909] {dag.py:2398} INFO - Sync 1 DAGs
[2022-05-11 07:05:32,927] {logging_mixin.py:109} INFO - [2022-05-11 07:05:32,927] {dag.py:2937} INFO - Setting next_dagrun for ej6 to 2022-05-10T00:00:00+00:00
[2022-05-11 07:05:32,942] {processor.py:171} INFO - Processing /opt/airflow/dags/ej6.py took 0.108 seconds
[2022-05-11 07:06:03,217] {processor.py:163} INFO - Started process (PID=30206) to work on /opt/airflow/dags/ej6.py
[2022-05-11 07:06:03,219] {processor.py:642} INFO - Processing file /opt/airflow/dags/ej6.py for tasks to queue
[2022-05-11 07:06:03,220] {logging_mixin.py:109} INFO - [2022-05-11 07:06:03,220] {dagbag.py:500} INFO - Filling up the DagBag from /opt/airflow/dags/ej6.py
[2022-05-11 07:06:03,265] {processor.py:652} INFO - DAG(s) dict_keys(['ej6']) retrieved from /opt/airflow/dags/ej6.py
[2022-05-11 07:06:03,284] {logging_mixin.py:109} INFO - [2022-05-11 07:06:03,284] {dag.py:2398} INFO - Sync 1 DAGs
[2022-05-11 07:06:03,300] {logging_mixin.py:109} INFO - [2022-05-11 07:06:03,300] {dag.py:2937} INFO - Setting next_dagrun for ej6 to 2022-05-10T00:00:00+00:00
[2022-05-11 07:06:03,316] {processor.py:171} INFO - Processing /opt/airflow/dags/ej6.py took 0.101 seconds
[2022-05-11 07:06:33,740] {processor.py:163} INFO - Started process (PID=30277) to work on /opt/airflow/dags/ej6.py
[2022-05-11 07:06:33,742] {processor.py:642} INFO - Processing file /opt/airflow/dags/ej6.py for tasks to queue
[2022-05-11 07:06:33,743] {logging_mixin.py:109} INFO - [2022-05-11 07:06:33,743] {dagbag.py:500} INFO - Filling up the DagBag from /opt/airflow/dags/ej6.py
[2022-05-11 07:06:33,780] {processor.py:652} INFO - DAG(s) dict_keys(['ej6']) retrieved from /opt/airflow/dags/ej6.py
[2022-05-11 07:06:33,803] {logging_mixin.py:109} INFO - [2022-05-11 07:06:33,803] {dag.py:2398} INFO - Sync 1 DAGs
[2022-05-11 07:06:33,822] {logging_mixin.py:109} INFO - [2022-05-11 07:06:33,822] {dag.py:2937} INFO - Setting next_dagrun for ej6 to 2022-05-10T00:00:00+00:00
[2022-05-11 07:06:33,839] {processor.py:171} INFO - Processing /opt/airflow/dags/ej6.py took 0.102 seconds
[2022-05-11 07:07:04,303] {processor.py:163} INFO - Started process (PID=30339) to work on /opt/airflow/dags/ej6.py
[2022-05-11 07:07:04,305] {processor.py:642} INFO - Processing file /opt/airflow/dags/ej6.py for tasks to queue
[2022-05-11 07:07:04,306] {logging_mixin.py:109} INFO - [2022-05-11 07:07:04,306] {dagbag.py:500} INFO - Filling up the DagBag from /opt/airflow/dags/ej6.py
[2022-05-11 07:07:04,352] {processor.py:652} INFO - DAG(s) dict_keys(['ej6']) retrieved from /opt/airflow/dags/ej6.py
[2022-05-11 07:07:04,373] {logging_mixin.py:109} INFO - [2022-05-11 07:07:04,373] {dag.py:2398} INFO - Sync 1 DAGs
[2022-05-11 07:07:04,388] {logging_mixin.py:109} INFO - [2022-05-11 07:07:04,388] {dag.py:2937} INFO - Setting next_dagrun for ej6 to 2022-05-10T00:00:00+00:00
[2022-05-11 07:07:04,406] {processor.py:171} INFO - Processing /opt/airflow/dags/ej6.py took 0.107 seconds
[2022-05-11 07:07:34,678] {processor.py:163} INFO - Started process (PID=30412) to work on /opt/airflow/dags/ej6.py
[2022-05-11 07:07:34,680] {processor.py:642} INFO - Processing file /opt/airflow/dags/ej6.py for tasks to queue
[2022-05-11 07:07:34,681] {logging_mixin.py:109} INFO - [2022-05-11 07:07:34,681] {dagbag.py:500} INFO - Filling up the DagBag from /opt/airflow/dags/ej6.py
[2022-05-11 07:07:34,722] {processor.py:652} INFO - DAG(s) dict_keys(['ej6']) retrieved from /opt/airflow/dags/ej6.py
[2022-05-11 07:07:34,744] {logging_mixin.py:109} INFO - [2022-05-11 07:07:34,744] {dag.py:2398} INFO - Sync 1 DAGs
[2022-05-11 07:07:34,759] {logging_mixin.py:109} INFO - [2022-05-11 07:07:34,759] {dag.py:2937} INFO - Setting next_dagrun for ej6 to 2022-05-10T00:00:00+00:00
[2022-05-11 07:07:34,776] {processor.py:171} INFO - Processing /opt/airflow/dags/ej6.py took 0.101 seconds
[2022-05-11 07:08:04,883] {processor.py:163} INFO - Started process (PID=30474) to work on /opt/airflow/dags/ej6.py
[2022-05-11 07:08:04,885] {processor.py:642} INFO - Processing file /opt/airflow/dags/ej6.py for tasks to queue
[2022-05-11 07:08:04,886] {logging_mixin.py:109} INFO - [2022-05-11 07:08:04,886] {dagbag.py:500} INFO - Filling up the DagBag from /opt/airflow/dags/ej6.py
[2022-05-11 07:08:04,931] {processor.py:652} INFO - DAG(s) dict_keys(['ej6']) retrieved from /opt/airflow/dags/ej6.py
[2022-05-11 07:08:04,953] {logging_mixin.py:109} INFO - [2022-05-11 07:08:04,953] {dag.py:2398} INFO - Sync 1 DAGs
[2022-05-11 07:08:04,966] {logging_mixin.py:109} INFO - [2022-05-11 07:08:04,966] {dag.py:2937} INFO - Setting next_dagrun for ej6 to 2022-05-10T00:00:00+00:00
[2022-05-11 07:08:04,981] {processor.py:171} INFO - Processing /opt/airflow/dags/ej6.py took 0.101 seconds
[2022-05-11 07:08:35,374] {processor.py:163} INFO - Started process (PID=30546) to work on /opt/airflow/dags/ej6.py
[2022-05-11 07:08:35,375] {processor.py:642} INFO - Processing file /opt/airflow/dags/ej6.py for tasks to queue
[2022-05-11 07:08:35,376] {logging_mixin.py:109} INFO - [2022-05-11 07:08:35,376] {dagbag.py:500} INFO - Filling up the DagBag from /opt/airflow/dags/ej6.py
[2022-05-11 07:08:35,418] {processor.py:652} INFO - DAG(s) dict_keys(['ej6']) retrieved from /opt/airflow/dags/ej6.py
[2022-05-11 07:08:35,439] {logging_mixin.py:109} INFO - [2022-05-11 07:08:35,439] {dag.py:2398} INFO - Sync 1 DAGs
[2022-05-11 07:08:35,451] {logging_mixin.py:109} INFO - [2022-05-11 07:08:35,451] {dag.py:2937} INFO - Setting next_dagrun for ej6 to 2022-05-10T00:00:00+00:00
[2022-05-11 07:08:35,466] {processor.py:171} INFO - Processing /opt/airflow/dags/ej6.py took 0.095 seconds
[2022-05-11 07:09:05,642] {processor.py:163} INFO - Started process (PID=30609) to work on /opt/airflow/dags/ej6.py
[2022-05-11 07:09:05,644] {processor.py:642} INFO - Processing file /opt/airflow/dags/ej6.py for tasks to queue
[2022-05-11 07:09:05,645] {logging_mixin.py:109} INFO - [2022-05-11 07:09:05,645] {dagbag.py:500} INFO - Filling up the DagBag from /opt/airflow/dags/ej6.py
[2022-05-11 07:09:05,695] {processor.py:652} INFO - DAG(s) dict_keys(['ej6']) retrieved from /opt/airflow/dags/ej6.py
[2022-05-11 07:09:05,721] {logging_mixin.py:109} INFO - [2022-05-11 07:09:05,721] {dag.py:2398} INFO - Sync 1 DAGs
[2022-05-11 07:09:05,736] {logging_mixin.py:109} INFO - [2022-05-11 07:09:05,736] {dag.py:2937} INFO - Setting next_dagrun for ej6 to 2022-05-10T00:00:00+00:00
[2022-05-11 07:09:05,753] {processor.py:171} INFO - Processing /opt/airflow/dags/ej6.py took 0.115 seconds
[2022-05-11 07:09:36,290] {processor.py:163} INFO - Started process (PID=30681) to work on /opt/airflow/dags/ej6.py
[2022-05-11 07:09:36,292] {processor.py:642} INFO - Processing file /opt/airflow/dags/ej6.py for tasks to queue
[2022-05-11 07:09:36,293] {logging_mixin.py:109} INFO - [2022-05-11 07:09:36,293] {dagbag.py:500} INFO - Filling up the DagBag from /opt/airflow/dags/ej6.py
[2022-05-11 07:09:36,345] {processor.py:652} INFO - DAG(s) dict_keys(['ej6']) retrieved from /opt/airflow/dags/ej6.py
[2022-05-11 07:09:36,367] {logging_mixin.py:109} INFO - [2022-05-11 07:09:36,367] {dag.py:2398} INFO - Sync 1 DAGs
[2022-05-11 07:09:36,381] {logging_mixin.py:109} INFO - [2022-05-11 07:09:36,381] {dag.py:2937} INFO - Setting next_dagrun for ej6 to 2022-05-10T00:00:00+00:00
[2022-05-11 07:09:36,405] {processor.py:171} INFO - Processing /opt/airflow/dags/ej6.py took 0.118 seconds
[2022-05-11 07:10:06,675] {processor.py:163} INFO - Started process (PID=30753) to work on /opt/airflow/dags/ej6.py
[2022-05-11 07:10:06,676] {processor.py:642} INFO - Processing file /opt/airflow/dags/ej6.py for tasks to queue
[2022-05-11 07:10:06,677] {logging_mixin.py:109} INFO - [2022-05-11 07:10:06,677] {dagbag.py:500} INFO - Filling up the DagBag from /opt/airflow/dags/ej6.py
[2022-05-11 07:10:06,729] {processor.py:652} INFO - DAG(s) dict_keys(['ej6']) retrieved from /opt/airflow/dags/ej6.py
[2022-05-11 07:10:06,751] {logging_mixin.py:109} INFO - [2022-05-11 07:10:06,750] {dag.py:2398} INFO - Sync 1 DAGs
[2022-05-11 07:10:06,766] {logging_mixin.py:109} INFO - [2022-05-11 07:10:06,766] {dag.py:2937} INFO - Setting next_dagrun for ej6 to 2022-05-10T00:00:00+00:00
[2022-05-11 07:10:06,784] {processor.py:171} INFO - Processing /opt/airflow/dags/ej6.py took 0.113 seconds
[2022-05-11 07:10:37,364] {processor.py:163} INFO - Started process (PID=30816) to work on /opt/airflow/dags/ej6.py
[2022-05-11 07:10:37,367] {processor.py:642} INFO - Processing file /opt/airflow/dags/ej6.py for tasks to queue
[2022-05-11 07:10:37,368] {logging_mixin.py:109} INFO - [2022-05-11 07:10:37,368] {dagbag.py:500} INFO - Filling up the DagBag from /opt/airflow/dags/ej6.py
[2022-05-11 07:10:37,429] {processor.py:652} INFO - DAG(s) dict_keys(['ej6']) retrieved from /opt/airflow/dags/ej6.py
[2022-05-11 07:10:37,452] {logging_mixin.py:109} INFO - [2022-05-11 07:10:37,452] {dag.py:2398} INFO - Sync 1 DAGs
[2022-05-11 07:10:37,467] {logging_mixin.py:109} INFO - [2022-05-11 07:10:37,467] {dag.py:2937} INFO - Setting next_dagrun for ej6 to 2022-05-10T00:00:00+00:00
[2022-05-11 07:10:37,486] {processor.py:171} INFO - Processing /opt/airflow/dags/ej6.py took 0.126 seconds
[2022-05-11 07:11:07,989] {processor.py:163} INFO - Started process (PID=30889) to work on /opt/airflow/dags/ej6.py
[2022-05-11 07:11:07,991] {processor.py:642} INFO - Processing file /opt/airflow/dags/ej6.py for tasks to queue
[2022-05-11 07:11:07,992] {logging_mixin.py:109} INFO - [2022-05-11 07:11:07,992] {dagbag.py:500} INFO - Filling up the DagBag from /opt/airflow/dags/ej6.py
[2022-05-11 07:11:08,038] {processor.py:652} INFO - DAG(s) dict_keys(['ej6']) retrieved from /opt/airflow/dags/ej6.py
[2022-05-11 07:11:08,061] {logging_mixin.py:109} INFO - [2022-05-11 07:11:08,061] {dag.py:2398} INFO - Sync 1 DAGs
[2022-05-11 07:11:08,076] {logging_mixin.py:109} INFO - [2022-05-11 07:11:08,076] {dag.py:2937} INFO - Setting next_dagrun for ej6 to 2022-05-10T00:00:00+00:00
[2022-05-11 07:11:08,091] {processor.py:171} INFO - Processing /opt/airflow/dags/ej6.py took 0.105 seconds
[2022-05-11 07:11:38,469] {processor.py:163} INFO - Started process (PID=30952) to work on /opt/airflow/dags/ej6.py
[2022-05-11 07:11:38,473] {processor.py:642} INFO - Processing file /opt/airflow/dags/ej6.py for tasks to queue
[2022-05-11 07:11:38,475] {logging_mixin.py:109} INFO - [2022-05-11 07:11:38,474] {dagbag.py:500} INFO - Filling up the DagBag from /opt/airflow/dags/ej6.py
[2022-05-11 07:11:38,542] {processor.py:652} INFO - DAG(s) dict_keys(['ej6']) retrieved from /opt/airflow/dags/ej6.py
[2022-05-11 07:11:38,582] {logging_mixin.py:109} INFO - [2022-05-11 07:11:38,582] {dag.py:2398} INFO - Sync 1 DAGs
[2022-05-11 07:11:38,608] {logging_mixin.py:109} INFO - [2022-05-11 07:11:38,608] {dag.py:2937} INFO - Setting next_dagrun for ej6 to 2022-05-10T00:00:00+00:00
[2022-05-11 07:11:38,628] {processor.py:171} INFO - Processing /opt/airflow/dags/ej6.py took 0.164 seconds
[2022-05-11 07:12:09,254] {processor.py:163} INFO - Started process (PID=31025) to work on /opt/airflow/dags/ej6.py
[2022-05-11 07:12:09,256] {processor.py:642} INFO - Processing file /opt/airflow/dags/ej6.py for tasks to queue
[2022-05-11 07:12:09,258] {logging_mixin.py:109} INFO - [2022-05-11 07:12:09,257] {dagbag.py:500} INFO - Filling up the DagBag from /opt/airflow/dags/ej6.py
[2022-05-11 07:12:09,292] {processor.py:652} INFO - DAG(s) dict_keys(['ej6']) retrieved from /opt/airflow/dags/ej6.py
[2022-05-11 07:12:09,317] {logging_mixin.py:109} INFO - [2022-05-11 07:12:09,317] {dag.py:2398} INFO - Sync 1 DAGs
[2022-05-11 07:12:09,331] {logging_mixin.py:109} INFO - [2022-05-11 07:12:09,331] {dag.py:2937} INFO - Setting next_dagrun for ej6 to 2022-05-10T00:00:00+00:00
[2022-05-11 07:12:09,346] {processor.py:171} INFO - Processing /opt/airflow/dags/ej6.py took 0.095 seconds
[2022-05-11 07:12:40,196] {processor.py:163} INFO - Started process (PID=31089) to work on /opt/airflow/dags/ej6.py
[2022-05-11 07:12:40,198] {processor.py:642} INFO - Processing file /opt/airflow/dags/ej6.py for tasks to queue
[2022-05-11 07:12:40,199] {logging_mixin.py:109} INFO - [2022-05-11 07:12:40,199] {dagbag.py:500} INFO - Filling up the DagBag from /opt/airflow/dags/ej6.py
[2022-05-11 07:12:40,237] {processor.py:652} INFO - DAG(s) dict_keys(['ej6']) retrieved from /opt/airflow/dags/ej6.py
[2022-05-11 07:12:40,266] {logging_mixin.py:109} INFO - [2022-05-11 07:12:40,266] {dag.py:2398} INFO - Sync 1 DAGs
[2022-05-11 07:12:40,280] {logging_mixin.py:109} INFO - [2022-05-11 07:12:40,280] {dag.py:2937} INFO - Setting next_dagrun for ej6 to 2022-05-10T00:00:00+00:00
[2022-05-11 07:12:40,297] {processor.py:171} INFO - Processing /opt/airflow/dags/ej6.py took 0.104 seconds
[2022-05-11 07:13:10,499] {processor.py:163} INFO - Started process (PID=31162) to work on /opt/airflow/dags/ej6.py
[2022-05-11 07:13:10,500] {processor.py:642} INFO - Processing file /opt/airflow/dags/ej6.py for tasks to queue
[2022-05-11 07:13:10,501] {logging_mixin.py:109} INFO - [2022-05-11 07:13:10,501] {dagbag.py:500} INFO - Filling up the DagBag from /opt/airflow/dags/ej6.py
[2022-05-11 07:13:10,532] {processor.py:652} INFO - DAG(s) dict_keys(['ej6']) retrieved from /opt/airflow/dags/ej6.py
[2022-05-11 07:13:10,556] {logging_mixin.py:109} INFO - [2022-05-11 07:13:10,555] {dag.py:2398} INFO - Sync 1 DAGs
[2022-05-11 07:13:10,572] {logging_mixin.py:109} INFO - [2022-05-11 07:13:10,572] {dag.py:2937} INFO - Setting next_dagrun for ej6 to 2022-05-10T00:00:00+00:00
[2022-05-11 07:13:10,590] {processor.py:171} INFO - Processing /opt/airflow/dags/ej6.py took 0.094 seconds
[2022-05-11 07:13:40,768] {processor.py:163} INFO - Started process (PID=31226) to work on /opt/airflow/dags/ej6.py
[2022-05-11 07:13:40,770] {processor.py:642} INFO - Processing file /opt/airflow/dags/ej6.py for tasks to queue
[2022-05-11 07:13:40,771] {logging_mixin.py:109} INFO - [2022-05-11 07:13:40,771] {dagbag.py:500} INFO - Filling up the DagBag from /opt/airflow/dags/ej6.py
[2022-05-11 07:13:40,804] {processor.py:652} INFO - DAG(s) dict_keys(['ej6']) retrieved from /opt/airflow/dags/ej6.py
[2022-05-11 07:13:40,829] {logging_mixin.py:109} INFO - [2022-05-11 07:13:40,829] {dag.py:2398} INFO - Sync 1 DAGs
[2022-05-11 07:13:40,843] {logging_mixin.py:109} INFO - [2022-05-11 07:13:40,843] {dag.py:2937} INFO - Setting next_dagrun for ej6 to 2022-05-10T00:00:00+00:00
[2022-05-11 07:13:40,859] {processor.py:171} INFO - Processing /opt/airflow/dags/ej6.py took 0.093 seconds
[2022-05-11 07:14:11,196] {processor.py:163} INFO - Started process (PID=31298) to work on /opt/airflow/dags/ej6.py
[2022-05-11 07:14:11,200] {processor.py:642} INFO - Processing file /opt/airflow/dags/ej6.py for tasks to queue
[2022-05-11 07:14:11,202] {logging_mixin.py:109} INFO - [2022-05-11 07:14:11,202] {dagbag.py:500} INFO - Filling up the DagBag from /opt/airflow/dags/ej6.py
[2022-05-11 07:14:11,239] {processor.py:652} INFO - DAG(s) dict_keys(['ej6']) retrieved from /opt/airflow/dags/ej6.py
[2022-05-11 07:14:11,264] {logging_mixin.py:109} INFO - [2022-05-11 07:14:11,263] {dag.py:2398} INFO - Sync 1 DAGs
[2022-05-11 07:14:11,280] {logging_mixin.py:109} INFO - [2022-05-11 07:14:11,280] {dag.py:2937} INFO - Setting next_dagrun for ej6 to 2022-05-10T00:00:00+00:00
[2022-05-11 07:14:11,293] {processor.py:171} INFO - Processing /opt/airflow/dags/ej6.py took 0.102 seconds
[2022-05-11 07:14:41,819] {processor.py:163} INFO - Started process (PID=31361) to work on /opt/airflow/dags/ej6.py
[2022-05-11 07:14:41,820] {processor.py:642} INFO - Processing file /opt/airflow/dags/ej6.py for tasks to queue
[2022-05-11 07:14:41,821] {logging_mixin.py:109} INFO - [2022-05-11 07:14:41,821] {dagbag.py:500} INFO - Filling up the DagBag from /opt/airflow/dags/ej6.py
[2022-05-11 07:14:41,855] {processor.py:652} INFO - DAG(s) dict_keys(['ej6']) retrieved from /opt/airflow/dags/ej6.py
[2022-05-11 07:14:41,882] {logging_mixin.py:109} INFO - [2022-05-11 07:14:41,882] {dag.py:2398} INFO - Sync 1 DAGs
[2022-05-11 07:14:41,903] {logging_mixin.py:109} INFO - [2022-05-11 07:14:41,903] {dag.py:2937} INFO - Setting next_dagrun for ej6 to 2022-05-10T00:00:00+00:00
[2022-05-11 07:14:41,919] {processor.py:171} INFO - Processing /opt/airflow/dags/ej6.py took 0.104 seconds
[2022-05-11 07:15:11,973] {processor.py:163} INFO - Started process (PID=31433) to work on /opt/airflow/dags/ej6.py
[2022-05-11 07:15:11,976] {processor.py:642} INFO - Processing file /opt/airflow/dags/ej6.py for tasks to queue
[2022-05-11 07:15:11,977] {logging_mixin.py:109} INFO - [2022-05-11 07:15:11,977] {dagbag.py:500} INFO - Filling up the DagBag from /opt/airflow/dags/ej6.py
[2022-05-11 07:15:12,006] {processor.py:652} INFO - DAG(s) dict_keys(['ej6']) retrieved from /opt/airflow/dags/ej6.py
[2022-05-11 07:15:12,029] {logging_mixin.py:109} INFO - [2022-05-11 07:15:12,029] {dag.py:2398} INFO - Sync 1 DAGs
[2022-05-11 07:15:12,044] {logging_mixin.py:109} INFO - [2022-05-11 07:15:12,044] {dag.py:2937} INFO - Setting next_dagrun for ej6 to 2022-05-10T00:00:00+00:00
[2022-05-11 07:15:12,062] {processor.py:171} INFO - Processing /opt/airflow/dags/ej6.py took 0.094 seconds
[2022-05-11 07:15:42,137] {processor.py:163} INFO - Started process (PID=31498) to work on /opt/airflow/dags/ej6.py
[2022-05-11 07:15:42,140] {processor.py:642} INFO - Processing file /opt/airflow/dags/ej6.py for tasks to queue
[2022-05-11 07:15:42,141] {logging_mixin.py:109} INFO - [2022-05-11 07:15:42,141] {dagbag.py:500} INFO - Filling up the DagBag from /opt/airflow/dags/ej6.py
[2022-05-11 07:15:42,179] {processor.py:652} INFO - DAG(s) dict_keys(['ej6']) retrieved from /opt/airflow/dags/ej6.py
[2022-05-11 07:15:42,202] {logging_mixin.py:109} INFO - [2022-05-11 07:15:42,202] {dag.py:2398} INFO - Sync 1 DAGs
[2022-05-11 07:15:42,217] {logging_mixin.py:109} INFO - [2022-05-11 07:15:42,217] {dag.py:2937} INFO - Setting next_dagrun for ej6 to 2022-05-10T00:00:00+00:00
[2022-05-11 07:15:42,233] {processor.py:171} INFO - Processing /opt/airflow/dags/ej6.py took 0.102 seconds
[2022-05-11 07:16:12,731] {processor.py:163} INFO - Started process (PID=31573) to work on /opt/airflow/dags/ej6.py
[2022-05-11 07:16:12,733] {processor.py:642} INFO - Processing file /opt/airflow/dags/ej6.py for tasks to queue
[2022-05-11 07:16:12,734] {logging_mixin.py:109} INFO - [2022-05-11 07:16:12,734] {dagbag.py:500} INFO - Filling up the DagBag from /opt/airflow/dags/ej6.py
[2022-05-11 07:16:12,767] {processor.py:652} INFO - DAG(s) dict_keys(['ej6']) retrieved from /opt/airflow/dags/ej6.py
[2022-05-11 07:16:12,793] {logging_mixin.py:109} INFO - [2022-05-11 07:16:12,793] {dag.py:2398} INFO - Sync 1 DAGs
[2022-05-11 07:16:12,811] {logging_mixin.py:109} INFO - [2022-05-11 07:16:12,811] {dag.py:2937} INFO - Setting next_dagrun for ej6 to 2022-05-10T00:00:00+00:00
[2022-05-11 07:16:12,825] {processor.py:171} INFO - Processing /opt/airflow/dags/ej6.py took 0.097 seconds
[2022-05-11 07:16:43,177] {processor.py:163} INFO - Started process (PID=31646) to work on /opt/airflow/dags/ej6.py
[2022-05-11 07:16:43,180] {processor.py:642} INFO - Processing file /opt/airflow/dags/ej6.py for tasks to queue
[2022-05-11 07:16:43,181] {logging_mixin.py:109} INFO - [2022-05-11 07:16:43,181] {dagbag.py:500} INFO - Filling up the DagBag from /opt/airflow/dags/ej6.py
[2022-05-11 07:16:43,232] {processor.py:652} INFO - DAG(s) dict_keys(['ej6']) retrieved from /opt/airflow/dags/ej6.py
[2022-05-11 07:16:43,259] {logging_mixin.py:109} INFO - [2022-05-11 07:16:43,259] {dag.py:2398} INFO - Sync 1 DAGs
[2022-05-11 07:16:43,281] {logging_mixin.py:109} INFO - [2022-05-11 07:16:43,281] {dag.py:2937} INFO - Setting next_dagrun for ej6 to 2022-05-10T00:00:00+00:00
[2022-05-11 07:16:43,298] {processor.py:171} INFO - Processing /opt/airflow/dags/ej6.py took 0.126 seconds
[2022-05-11 07:17:13,774] {processor.py:163} INFO - Started process (PID=31708) to work on /opt/airflow/dags/ej6.py
[2022-05-11 07:17:13,777] {processor.py:642} INFO - Processing file /opt/airflow/dags/ej6.py for tasks to queue
[2022-05-11 07:17:13,778] {logging_mixin.py:109} INFO - [2022-05-11 07:17:13,778] {dagbag.py:500} INFO - Filling up the DagBag from /opt/airflow/dags/ej6.py
[2022-05-11 07:17:13,831] {processor.py:652} INFO - DAG(s) dict_keys(['ej6']) retrieved from /opt/airflow/dags/ej6.py
[2022-05-11 07:17:13,865] {logging_mixin.py:109} INFO - [2022-05-11 07:17:13,865] {dag.py:2398} INFO - Sync 1 DAGs
[2022-05-11 07:17:13,885] {logging_mixin.py:109} INFO - [2022-05-11 07:17:13,885] {dag.py:2937} INFO - Setting next_dagrun for ej6 to 2022-05-10T00:00:00+00:00
[2022-05-11 07:17:13,907] {processor.py:171} INFO - Processing /opt/airflow/dags/ej6.py took 0.139 seconds
[2022-05-11 07:17:44,212] {processor.py:163} INFO - Started process (PID=31772) to work on /opt/airflow/dags/ej6.py
[2022-05-11 07:17:44,214] {processor.py:642} INFO - Processing file /opt/airflow/dags/ej6.py for tasks to queue
[2022-05-11 07:17:44,215] {logging_mixin.py:109} INFO - [2022-05-11 07:17:44,215] {dagbag.py:500} INFO - Filling up the DagBag from /opt/airflow/dags/ej6.py
[2022-05-11 07:17:44,257] {processor.py:652} INFO - DAG(s) dict_keys(['ej6']) retrieved from /opt/airflow/dags/ej6.py
[2022-05-11 07:17:44,283] {logging_mixin.py:109} INFO - [2022-05-11 07:17:44,283] {dag.py:2398} INFO - Sync 1 DAGs
[2022-05-11 07:17:44,300] {logging_mixin.py:109} INFO - [2022-05-11 07:17:44,300] {dag.py:2937} INFO - Setting next_dagrun for ej6 to 2022-05-10T00:00:00+00:00
[2022-05-11 07:17:44,317] {processor.py:171} INFO - Processing /opt/airflow/dags/ej6.py took 0.108 seconds
[2022-05-11 07:18:14,930] {processor.py:163} INFO - Started process (PID=31845) to work on /opt/airflow/dags/ej6.py
[2022-05-11 07:18:14,932] {processor.py:642} INFO - Processing file /opt/airflow/dags/ej6.py for tasks to queue
[2022-05-11 07:18:14,933] {logging_mixin.py:109} INFO - [2022-05-11 07:18:14,933] {dagbag.py:500} INFO - Filling up the DagBag from /opt/airflow/dags/ej6.py
[2022-05-11 07:18:14,976] {processor.py:652} INFO - DAG(s) dict_keys(['ej6']) retrieved from /opt/airflow/dags/ej6.py
[2022-05-11 07:18:15,012] {logging_mixin.py:109} INFO - [2022-05-11 07:18:15,012] {dag.py:2398} INFO - Sync 1 DAGs
[2022-05-11 07:18:15,040] {logging_mixin.py:109} INFO - [2022-05-11 07:18:15,040] {dag.py:2937} INFO - Setting next_dagrun for ej6 to 2022-05-10T00:00:00+00:00
[2022-05-11 07:18:15,060] {processor.py:171} INFO - Processing /opt/airflow/dags/ej6.py took 0.134 seconds
[2022-05-11 07:18:45,162] {processor.py:163} INFO - Started process (PID=31907) to work on /opt/airflow/dags/ej6.py
[2022-05-11 07:18:45,164] {processor.py:642} INFO - Processing file /opt/airflow/dags/ej6.py for tasks to queue
[2022-05-11 07:18:45,164] {logging_mixin.py:109} INFO - [2022-05-11 07:18:45,164] {dagbag.py:500} INFO - Filling up the DagBag from /opt/airflow/dags/ej6.py
[2022-05-11 07:18:45,197] {processor.py:652} INFO - DAG(s) dict_keys(['ej6']) retrieved from /opt/airflow/dags/ej6.py
[2022-05-11 07:18:45,221] {logging_mixin.py:109} INFO - [2022-05-11 07:18:45,221] {dag.py:2398} INFO - Sync 1 DAGs
[2022-05-11 07:18:45,237] {logging_mixin.py:109} INFO - [2022-05-11 07:18:45,237] {dag.py:2937} INFO - Setting next_dagrun for ej6 to 2022-05-10T00:00:00+00:00
[2022-05-11 07:18:45,254] {processor.py:171} INFO - Processing /opt/airflow/dags/ej6.py took 0.095 seconds
[2022-05-11 07:19:15,432] {processor.py:163} INFO - Started process (PID=31980) to work on /opt/airflow/dags/ej6.py
[2022-05-11 07:19:15,435] {processor.py:642} INFO - Processing file /opt/airflow/dags/ej6.py for tasks to queue
[2022-05-11 07:19:15,436] {logging_mixin.py:109} INFO - [2022-05-11 07:19:15,436] {dagbag.py:500} INFO - Filling up the DagBag from /opt/airflow/dags/ej6.py
[2022-05-11 07:19:15,501] {processor.py:652} INFO - DAG(s) dict_keys(['ej6']) retrieved from /opt/airflow/dags/ej6.py
[2022-05-11 07:19:15,535] {logging_mixin.py:109} INFO - [2022-05-11 07:19:15,535] {dag.py:2398} INFO - Sync 1 DAGs
[2022-05-11 07:19:15,567] {logging_mixin.py:109} INFO - [2022-05-11 07:19:15,567] {dag.py:2937} INFO - Setting next_dagrun for ej6 to 2022-05-10T00:00:00+00:00
[2022-05-11 07:19:15,591] {processor.py:171} INFO - Processing /opt/airflow/dags/ej6.py took 0.164 seconds
[2022-05-11 07:19:46,483] {processor.py:163} INFO - Started process (PID=32042) to work on /opt/airflow/dags/ej6.py
[2022-05-11 07:19:46,485] {processor.py:642} INFO - Processing file /opt/airflow/dags/ej6.py for tasks to queue
[2022-05-11 07:19:46,486] {logging_mixin.py:109} INFO - [2022-05-11 07:19:46,485] {dagbag.py:500} INFO - Filling up the DagBag from /opt/airflow/dags/ej6.py
[2022-05-11 07:19:46,528] {processor.py:652} INFO - DAG(s) dict_keys(['ej6']) retrieved from /opt/airflow/dags/ej6.py
[2022-05-11 07:19:46,557] {logging_mixin.py:109} INFO - [2022-05-11 07:19:46,556] {dag.py:2398} INFO - Sync 1 DAGs
[2022-05-11 07:19:46,575] {logging_mixin.py:109} INFO - [2022-05-11 07:19:46,575] {dag.py:2937} INFO - Setting next_dagrun for ej6 to 2022-05-10T00:00:00+00:00
[2022-05-11 07:19:46,594] {processor.py:171} INFO - Processing /opt/airflow/dags/ej6.py took 0.115 seconds
[2022-05-11 07:20:16,863] {processor.py:163} INFO - Started process (PID=32114) to work on /opt/airflow/dags/ej6.py
[2022-05-11 07:20:16,865] {processor.py:642} INFO - Processing file /opt/airflow/dags/ej6.py for tasks to queue
[2022-05-11 07:20:16,866] {logging_mixin.py:109} INFO - [2022-05-11 07:20:16,866] {dagbag.py:500} INFO - Filling up the DagBag from /opt/airflow/dags/ej6.py
[2022-05-11 07:20:16,922] {processor.py:652} INFO - DAG(s) dict_keys(['ej6']) retrieved from /opt/airflow/dags/ej6.py
[2022-05-11 07:20:16,945] {logging_mixin.py:109} INFO - [2022-05-11 07:20:16,945] {dag.py:2398} INFO - Sync 1 DAGs
[2022-05-11 07:20:16,965] {logging_mixin.py:109} INFO - [2022-05-11 07:20:16,965] {dag.py:2937} INFO - Setting next_dagrun for ej6 to 2022-05-10T00:00:00+00:00
[2022-05-11 07:20:16,982] {processor.py:171} INFO - Processing /opt/airflow/dags/ej6.py took 0.124 seconds
[2022-05-11 07:20:47,105] {processor.py:163} INFO - Started process (PID=32177) to work on /opt/airflow/dags/ej6.py
[2022-05-11 07:20:47,107] {processor.py:642} INFO - Processing file /opt/airflow/dags/ej6.py for tasks to queue
[2022-05-11 07:20:47,108] {logging_mixin.py:109} INFO - [2022-05-11 07:20:47,108] {dagbag.py:500} INFO - Filling up the DagBag from /opt/airflow/dags/ej6.py
[2022-05-11 07:20:47,140] {processor.py:652} INFO - DAG(s) dict_keys(['ej6']) retrieved from /opt/airflow/dags/ej6.py
[2022-05-11 07:20:47,166] {logging_mixin.py:109} INFO - [2022-05-11 07:20:47,166] {dag.py:2398} INFO - Sync 1 DAGs
[2022-05-11 07:20:47,186] {logging_mixin.py:109} INFO - [2022-05-11 07:20:47,186] {dag.py:2937} INFO - Setting next_dagrun for ej6 to 2022-05-10T00:00:00+00:00
[2022-05-11 07:20:47,203] {processor.py:171} INFO - Processing /opt/airflow/dags/ej6.py took 0.100 seconds
[2022-05-11 07:21:17,891] {processor.py:163} INFO - Started process (PID=32250) to work on /opt/airflow/dags/ej6.py
[2022-05-11 07:21:17,894] {processor.py:642} INFO - Processing file /opt/airflow/dags/ej6.py for tasks to queue
[2022-05-11 07:21:17,895] {logging_mixin.py:109} INFO - [2022-05-11 07:21:17,895] {dagbag.py:500} INFO - Filling up the DagBag from /opt/airflow/dags/ej6.py
[2022-05-11 07:21:17,927] {processor.py:652} INFO - DAG(s) dict_keys(['ej6']) retrieved from /opt/airflow/dags/ej6.py
[2022-05-11 07:21:17,948] {logging_mixin.py:109} INFO - [2022-05-11 07:21:17,948] {dag.py:2398} INFO - Sync 1 DAGs
[2022-05-11 07:21:17,968] {logging_mixin.py:109} INFO - [2022-05-11 07:21:17,968] {dag.py:2937} INFO - Setting next_dagrun for ej6 to 2022-05-10T00:00:00+00:00
[2022-05-11 07:21:17,985] {processor.py:171} INFO - Processing /opt/airflow/dags/ej6.py took 0.098 seconds
[2022-05-11 07:21:48,098] {processor.py:163} INFO - Started process (PID=32312) to work on /opt/airflow/dags/ej6.py
[2022-05-11 07:21:48,100] {processor.py:642} INFO - Processing file /opt/airflow/dags/ej6.py for tasks to queue
[2022-05-11 07:21:48,102] {logging_mixin.py:109} INFO - [2022-05-11 07:21:48,101] {dagbag.py:500} INFO - Filling up the DagBag from /opt/airflow/dags/ej6.py
[2022-05-11 07:21:48,141] {processor.py:652} INFO - DAG(s) dict_keys(['ej6']) retrieved from /opt/airflow/dags/ej6.py
[2022-05-11 07:21:48,163] {logging_mixin.py:109} INFO - [2022-05-11 07:21:48,162] {dag.py:2398} INFO - Sync 1 DAGs
[2022-05-11 07:21:48,180] {logging_mixin.py:109} INFO - [2022-05-11 07:21:48,180] {dag.py:2937} INFO - Setting next_dagrun for ej6 to 2022-05-10T00:00:00+00:00
[2022-05-11 07:21:48,199] {processor.py:171} INFO - Processing /opt/airflow/dags/ej6.py took 0.106 seconds
[2022-05-11 07:22:18,303] {processor.py:163} INFO - Started process (PID=32386) to work on /opt/airflow/dags/ej6.py
[2022-05-11 07:22:18,308] {processor.py:642} INFO - Processing file /opt/airflow/dags/ej6.py for tasks to queue
[2022-05-11 07:22:18,309] {logging_mixin.py:109} INFO - [2022-05-11 07:22:18,309] {dagbag.py:500} INFO - Filling up the DagBag from /opt/airflow/dags/ej6.py
[2022-05-11 07:22:18,366] {processor.py:652} INFO - DAG(s) dict_keys(['ej6']) retrieved from /opt/airflow/dags/ej6.py
[2022-05-11 07:22:18,426] {logging_mixin.py:109} INFO - [2022-05-11 07:22:18,426] {dag.py:2398} INFO - Sync 1 DAGs
[2022-05-11 07:22:18,462] {logging_mixin.py:109} INFO - [2022-05-11 07:22:18,462] {dag.py:2937} INFO - Setting next_dagrun for ej6 to 2022-05-10T00:00:00+00:00
[2022-05-11 07:22:18,485] {processor.py:171} INFO - Processing /opt/airflow/dags/ej6.py took 0.187 seconds
[2022-05-11 07:22:48,652] {processor.py:163} INFO - Started process (PID=32449) to work on /opt/airflow/dags/ej6.py
[2022-05-11 07:22:48,654] {processor.py:642} INFO - Processing file /opt/airflow/dags/ej6.py for tasks to queue
[2022-05-11 07:22:48,655] {logging_mixin.py:109} INFO - [2022-05-11 07:22:48,655] {dagbag.py:500} INFO - Filling up the DagBag from /opt/airflow/dags/ej6.py
[2022-05-11 07:22:48,692] {processor.py:652} INFO - DAG(s) dict_keys(['ej6']) retrieved from /opt/airflow/dags/ej6.py
[2022-05-11 07:22:48,716] {logging_mixin.py:109} INFO - [2022-05-11 07:22:48,716] {dag.py:2398} INFO - Sync 1 DAGs
[2022-05-11 07:22:48,734] {logging_mixin.py:109} INFO - [2022-05-11 07:22:48,734] {dag.py:2937} INFO - Setting next_dagrun for ej6 to 2022-05-10T00:00:00+00:00
[2022-05-11 07:22:48,754] {processor.py:171} INFO - Processing /opt/airflow/dags/ej6.py took 0.106 seconds
[2022-05-11 07:23:19,285] {processor.py:163} INFO - Started process (PID=32521) to work on /opt/airflow/dags/ej6.py
[2022-05-11 07:23:19,286] {processor.py:642} INFO - Processing file /opt/airflow/dags/ej6.py for tasks to queue
[2022-05-11 07:23:19,287] {logging_mixin.py:109} INFO - [2022-05-11 07:23:19,287] {dagbag.py:500} INFO - Filling up the DagBag from /opt/airflow/dags/ej6.py
[2022-05-11 07:23:19,325] {processor.py:652} INFO - DAG(s) dict_keys(['ej6']) retrieved from /opt/airflow/dags/ej6.py
[2022-05-11 07:23:19,351] {logging_mixin.py:109} INFO - [2022-05-11 07:23:19,351] {dag.py:2398} INFO - Sync 1 DAGs
[2022-05-11 07:23:19,367] {logging_mixin.py:109} INFO - [2022-05-11 07:23:19,367] {dag.py:2937} INFO - Setting next_dagrun for ej6 to 2022-05-10T00:00:00+00:00
[2022-05-11 07:23:19,381] {processor.py:171} INFO - Processing /opt/airflow/dags/ej6.py took 0.099 seconds
[2022-05-11 07:23:49,677] {processor.py:163} INFO - Started process (PID=32584) to work on /opt/airflow/dags/ej6.py
[2022-05-11 07:23:49,679] {processor.py:642} INFO - Processing file /opt/airflow/dags/ej6.py for tasks to queue
[2022-05-11 07:23:49,680] {logging_mixin.py:109} INFO - [2022-05-11 07:23:49,680] {dagbag.py:500} INFO - Filling up the DagBag from /opt/airflow/dags/ej6.py
[2022-05-11 07:23:49,720] {processor.py:652} INFO - DAG(s) dict_keys(['ej6']) retrieved from /opt/airflow/dags/ej6.py
[2022-05-11 07:23:49,744] {logging_mixin.py:109} INFO - [2022-05-11 07:23:49,744] {dag.py:2398} INFO - Sync 1 DAGs
[2022-05-11 07:23:49,764] {logging_mixin.py:109} INFO - [2022-05-11 07:23:49,764] {dag.py:2937} INFO - Setting next_dagrun for ej6 to 2022-05-10T00:00:00+00:00
[2022-05-11 07:23:49,783] {processor.py:171} INFO - Processing /opt/airflow/dags/ej6.py took 0.110 seconds
[2022-05-11 07:24:20,246] {processor.py:163} INFO - Started process (PID=32657) to work on /opt/airflow/dags/ej6.py
[2022-05-11 07:24:20,248] {processor.py:642} INFO - Processing file /opt/airflow/dags/ej6.py for tasks to queue
[2022-05-11 07:24:20,249] {logging_mixin.py:109} INFO - [2022-05-11 07:24:20,249] {dagbag.py:500} INFO - Filling up the DagBag from /opt/airflow/dags/ej6.py
[2022-05-11 07:24:20,295] {processor.py:652} INFO - DAG(s) dict_keys(['ej6']) retrieved from /opt/airflow/dags/ej6.py
[2022-05-11 07:24:20,319] {logging_mixin.py:109} INFO - [2022-05-11 07:24:20,319] {dag.py:2398} INFO - Sync 1 DAGs
[2022-05-11 07:24:20,337] {logging_mixin.py:109} INFO - [2022-05-11 07:24:20,337] {dag.py:2937} INFO - Setting next_dagrun for ej6 to 2022-05-10T00:00:00+00:00
[2022-05-11 07:24:20,354] {processor.py:171} INFO - Processing /opt/airflow/dags/ej6.py took 0.111 seconds
[2022-05-11 07:24:50,588] {processor.py:163} INFO - Started process (PID=32721) to work on /opt/airflow/dags/ej6.py
[2022-05-11 07:24:50,590] {processor.py:642} INFO - Processing file /opt/airflow/dags/ej6.py for tasks to queue
[2022-05-11 07:24:50,593] {logging_mixin.py:109} INFO - [2022-05-11 07:24:50,593] {dagbag.py:500} INFO - Filling up the DagBag from /opt/airflow/dags/ej6.py
[2022-05-11 07:24:50,625] {processor.py:652} INFO - DAG(s) dict_keys(['ej6']) retrieved from /opt/airflow/dags/ej6.py
[2022-05-11 07:24:50,656] {logging_mixin.py:109} INFO - [2022-05-11 07:24:50,656] {dag.py:2398} INFO - Sync 1 DAGs
[2022-05-11 07:24:50,674] {logging_mixin.py:109} INFO - [2022-05-11 07:24:50,674] {dag.py:2937} INFO - Setting next_dagrun for ej6 to 2022-05-10T00:00:00+00:00
[2022-05-11 07:24:50,695] {processor.py:171} INFO - Processing /opt/airflow/dags/ej6.py took 0.112 seconds
[2022-05-11 07:25:21,175] {processor.py:163} INFO - Started process (PID=325) to work on /opt/airflow/dags/ej6.py
[2022-05-11 07:25:21,177] {processor.py:642} INFO - Processing file /opt/airflow/dags/ej6.py for tasks to queue
[2022-05-11 07:25:21,178] {logging_mixin.py:109} INFO - [2022-05-11 07:25:21,178] {dagbag.py:500} INFO - Filling up the DagBag from /opt/airflow/dags/ej6.py
[2022-05-11 07:25:21,225] {processor.py:652} INFO - DAG(s) dict_keys(['ej6']) retrieved from /opt/airflow/dags/ej6.py
[2022-05-11 07:25:21,261] {logging_mixin.py:109} INFO - [2022-05-11 07:25:21,261] {dag.py:2398} INFO - Sync 1 DAGs
[2022-05-11 07:25:21,288] {logging_mixin.py:109} INFO - [2022-05-11 07:25:21,288] {dag.py:2937} INFO - Setting next_dagrun for ej6 to 2022-05-10T00:00:00+00:00
[2022-05-11 07:25:21,312] {processor.py:171} INFO - Processing /opt/airflow/dags/ej6.py took 0.143 seconds
[2022-05-11 07:25:51,623] {processor.py:163} INFO - Started process (PID=388) to work on /opt/airflow/dags/ej6.py
[2022-05-11 07:25:51,625] {processor.py:642} INFO - Processing file /opt/airflow/dags/ej6.py for tasks to queue
[2022-05-11 07:25:51,625] {logging_mixin.py:109} INFO - [2022-05-11 07:25:51,625] {dagbag.py:500} INFO - Filling up the DagBag from /opt/airflow/dags/ej6.py
[2022-05-11 07:25:51,660] {processor.py:652} INFO - DAG(s) dict_keys(['ej6']) retrieved from /opt/airflow/dags/ej6.py
[2022-05-11 07:25:51,679] {logging_mixin.py:109} INFO - [2022-05-11 07:25:51,679] {dag.py:2398} INFO - Sync 1 DAGs
[2022-05-11 07:25:51,692] {logging_mixin.py:109} INFO - [2022-05-11 07:25:51,692] {dag.py:2937} INFO - Setting next_dagrun for ej6 to 2022-05-10T00:00:00+00:00
[2022-05-11 07:25:51,712] {processor.py:171} INFO - Processing /opt/airflow/dags/ej6.py took 0.092 seconds
[2022-05-11 07:26:21,857] {processor.py:163} INFO - Started process (PID=462) to work on /opt/airflow/dags/ej6.py
[2022-05-11 07:26:21,858] {processor.py:642} INFO - Processing file /opt/airflow/dags/ej6.py for tasks to queue
[2022-05-11 07:26:21,859] {logging_mixin.py:109} INFO - [2022-05-11 07:26:21,859] {dagbag.py:500} INFO - Filling up the DagBag from /opt/airflow/dags/ej6.py
[2022-05-11 07:26:21,885] {processor.py:652} INFO - DAG(s) dict_keys(['ej6']) retrieved from /opt/airflow/dags/ej6.py
[2022-05-11 07:26:21,903] {logging_mixin.py:109} INFO - [2022-05-11 07:26:21,903] {dag.py:2398} INFO - Sync 1 DAGs
[2022-05-11 07:26:21,916] {logging_mixin.py:109} INFO - [2022-05-11 07:26:21,916] {dag.py:2937} INFO - Setting next_dagrun for ej6 to 2022-05-10T00:00:00+00:00
[2022-05-11 07:26:21,930] {processor.py:171} INFO - Processing /opt/airflow/dags/ej6.py took 0.077 seconds
[2022-05-11 07:26:52,606] {processor.py:163} INFO - Started process (PID=526) to work on /opt/airflow/dags/ej6.py
[2022-05-11 07:26:52,607] {processor.py:642} INFO - Processing file /opt/airflow/dags/ej6.py for tasks to queue
[2022-05-11 07:26:52,608] {logging_mixin.py:109} INFO - [2022-05-11 07:26:52,608] {dagbag.py:500} INFO - Filling up the DagBag from /opt/airflow/dags/ej6.py
[2022-05-11 07:26:52,634] {processor.py:652} INFO - DAG(s) dict_keys(['ej6']) retrieved from /opt/airflow/dags/ej6.py
[2022-05-11 07:26:52,652] {logging_mixin.py:109} INFO - [2022-05-11 07:26:52,651] {dag.py:2398} INFO - Sync 1 DAGs
[2022-05-11 07:26:52,664] {logging_mixin.py:109} INFO - [2022-05-11 07:26:52,664] {dag.py:2937} INFO - Setting next_dagrun for ej6 to 2022-05-10T00:00:00+00:00
[2022-05-11 07:26:52,684] {processor.py:171} INFO - Processing /opt/airflow/dags/ej6.py took 0.081 seconds
[2022-05-11 07:27:23,493] {processor.py:163} INFO - Started process (PID=599) to work on /opt/airflow/dags/ej6.py
[2022-05-11 07:27:23,494] {processor.py:642} INFO - Processing file /opt/airflow/dags/ej6.py for tasks to queue
[2022-05-11 07:27:23,495] {logging_mixin.py:109} INFO - [2022-05-11 07:27:23,495] {dagbag.py:500} INFO - Filling up the DagBag from /opt/airflow/dags/ej6.py
[2022-05-11 07:27:23,533] {processor.py:652} INFO - DAG(s) dict_keys(['ej6']) retrieved from /opt/airflow/dags/ej6.py
[2022-05-11 07:27:23,556] {logging_mixin.py:109} INFO - [2022-05-11 07:27:23,556] {dag.py:2398} INFO - Sync 1 DAGs
[2022-05-11 07:27:23,571] {logging_mixin.py:109} INFO - [2022-05-11 07:27:23,570] {dag.py:2937} INFO - Setting next_dagrun for ej6 to 2022-05-10T00:00:00+00:00
[2022-05-11 07:27:23,585] {processor.py:171} INFO - Processing /opt/airflow/dags/ej6.py took 0.097 seconds
