[2022-05-11 06:55:52,027] {processor.py:163} INFO - Started process (PID=28840) to work on /opt/airflow/dags/ej8.py
[2022-05-11 06:55:52,041] {processor.py:642} INFO - Processing file /opt/airflow/dags/ej8.py for tasks to queue
[2022-05-11 06:55:52,060] {logging_mixin.py:109} INFO - [2022-05-11 06:55:52,060] {dagbag.py:500} INFO - Filling up the DagBag from /opt/airflow/dags/ej8.py
[2022-05-11 06:55:52,435] {logging_mixin.py:109} INFO - [2022-05-11 06:55:52,423] {dagbag.py:334} ERROR - Failed to import: /opt/airflow/dags/ej8.py
Traceback (most recent call last):
  File "/home/airflow/.local/lib/python3.7/site-packages/airflow/models/dagbag.py", line 331, in _load_modules_from_file
    loader.exec_module(new_module)
  File "<frozen importlib._bootstrap_external>", line 728, in exec_module
  File "<frozen importlib._bootstrap>", line 219, in _call_with_frames_removed
  File "/opt/airflow/dags/ej8.py", line 4, in <module>
    from airflow.providers.apache.hive.operators.hive import HiveOperator
ModuleNotFoundError: No module named 'airflow.providers.apache'
[2022-05-11 06:55:52,436] {processor.py:654} WARNING - No viable dags retrieved from /opt/airflow/dags/ej8.py
[2022-05-11 06:55:52,605] {processor.py:171} INFO - Processing /opt/airflow/dags/ej8.py took 0.582 seconds
[2022-05-11 06:56:23,312] {processor.py:163} INFO - Started process (PID=28905) to work on /opt/airflow/dags/ej8.py
[2022-05-11 06:56:23,314] {processor.py:642} INFO - Processing file /opt/airflow/dags/ej8.py for tasks to queue
[2022-05-11 06:56:23,315] {logging_mixin.py:109} INFO - [2022-05-11 06:56:23,314] {dagbag.py:500} INFO - Filling up the DagBag from /opt/airflow/dags/ej8.py
[2022-05-11 06:56:23,359] {logging_mixin.py:109} INFO - [2022-05-11 06:56:23,355] {dagbag.py:334} ERROR - Failed to import: /opt/airflow/dags/ej8.py
Traceback (most recent call last):
  File "/home/airflow/.local/lib/python3.7/site-packages/airflow/models/dagbag.py", line 331, in _load_modules_from_file
    loader.exec_module(new_module)
  File "<frozen importlib._bootstrap_external>", line 728, in exec_module
  File "<frozen importlib._bootstrap>", line 219, in _call_with_frames_removed
  File "/opt/airflow/dags/ej8.py", line 4, in <module>
    from airflow.providers.apache.hive.operators.hive import HiveOperator
ModuleNotFoundError: No module named 'airflow.providers.apache'
[2022-05-11 06:56:23,361] {processor.py:654} WARNING - No viable dags retrieved from /opt/airflow/dags/ej8.py
[2022-05-11 06:56:23,394] {processor.py:171} INFO - Processing /opt/airflow/dags/ej8.py took 0.085 seconds
[2022-05-11 06:56:53,840] {processor.py:163} INFO - Started process (PID=28968) to work on /opt/airflow/dags/ej8.py
[2022-05-11 06:56:53,842] {processor.py:642} INFO - Processing file /opt/airflow/dags/ej8.py for tasks to queue
[2022-05-11 06:56:53,843] {logging_mixin.py:109} INFO - [2022-05-11 06:56:53,843] {dagbag.py:500} INFO - Filling up the DagBag from /opt/airflow/dags/ej8.py
[2022-05-11 06:56:53,887] {logging_mixin.py:109} INFO - [2022-05-11 06:56:53,880] {dagbag.py:334} ERROR - Failed to import: /opt/airflow/dags/ej8.py
Traceback (most recent call last):
  File "/home/airflow/.local/lib/python3.7/site-packages/airflow/models/dagbag.py", line 331, in _load_modules_from_file
    loader.exec_module(new_module)
  File "<frozen importlib._bootstrap_external>", line 728, in exec_module
  File "<frozen importlib._bootstrap>", line 219, in _call_with_frames_removed
  File "/opt/airflow/dags/ej8.py", line 4, in <module>
    from airflow.providers.apache.hive.operators.hive import HiveOperator
ModuleNotFoundError: No module named 'airflow.providers.apache'
[2022-05-11 06:56:53,889] {processor.py:654} WARNING - No viable dags retrieved from /opt/airflow/dags/ej8.py
[2022-05-11 06:56:53,918] {processor.py:171} INFO - Processing /opt/airflow/dags/ej8.py took 0.083 seconds
[2022-05-11 06:57:24,332] {processor.py:163} INFO - Started process (PID=29041) to work on /opt/airflow/dags/ej8.py
[2022-05-11 06:57:24,335] {processor.py:642} INFO - Processing file /opt/airflow/dags/ej8.py for tasks to queue
[2022-05-11 06:57:24,336] {logging_mixin.py:109} INFO - [2022-05-11 06:57:24,336] {dagbag.py:500} INFO - Filling up the DagBag from /opt/airflow/dags/ej8.py
[2022-05-11 06:57:24,384] {logging_mixin.py:109} INFO - [2022-05-11 06:57:24,376] {dagbag.py:334} ERROR - Failed to import: /opt/airflow/dags/ej8.py
Traceback (most recent call last):
  File "/home/airflow/.local/lib/python3.7/site-packages/airflow/models/dagbag.py", line 331, in _load_modules_from_file
    loader.exec_module(new_module)
  File "<frozen importlib._bootstrap_external>", line 728, in exec_module
  File "<frozen importlib._bootstrap>", line 219, in _call_with_frames_removed
  File "/opt/airflow/dags/ej8.py", line 4, in <module>
    from airflow.providers.apache.hive.operators.hive import HiveOperator
ModuleNotFoundError: No module named 'airflow.providers.apache'
[2022-05-11 06:57:24,386] {processor.py:654} WARNING - No viable dags retrieved from /opt/airflow/dags/ej8.py
[2022-05-11 06:57:24,414] {processor.py:171} INFO - Processing /opt/airflow/dags/ej8.py took 0.086 seconds
[2022-05-11 06:57:54,542] {processor.py:163} INFO - Started process (PID=29104) to work on /opt/airflow/dags/ej8.py
[2022-05-11 06:57:54,544] {processor.py:642} INFO - Processing file /opt/airflow/dags/ej8.py for tasks to queue
[2022-05-11 06:57:54,545] {logging_mixin.py:109} INFO - [2022-05-11 06:57:54,545] {dagbag.py:500} INFO - Filling up the DagBag from /opt/airflow/dags/ej8.py
[2022-05-11 06:57:54,601] {logging_mixin.py:109} INFO - [2022-05-11 06:57:54,593] {dagbag.py:334} ERROR - Failed to import: /opt/airflow/dags/ej8.py
Traceback (most recent call last):
  File "/home/airflow/.local/lib/python3.7/site-packages/airflow/models/dagbag.py", line 331, in _load_modules_from_file
    loader.exec_module(new_module)
  File "<frozen importlib._bootstrap_external>", line 728, in exec_module
  File "<frozen importlib._bootstrap>", line 219, in _call_with_frames_removed
  File "/opt/airflow/dags/ej8.py", line 4, in <module>
    from airflow.providers.apache.hive.operators.hive import HiveOperator
ModuleNotFoundError: No module named 'airflow.providers.apache'
[2022-05-11 06:57:54,603] {processor.py:654} WARNING - No viable dags retrieved from /opt/airflow/dags/ej8.py
[2022-05-11 06:57:54,632] {processor.py:171} INFO - Processing /opt/airflow/dags/ej8.py took 0.092 seconds
[2022-05-11 06:58:25,107] {processor.py:163} INFO - Started process (PID=29177) to work on /opt/airflow/dags/ej8.py
[2022-05-11 06:58:25,108] {processor.py:642} INFO - Processing file /opt/airflow/dags/ej8.py for tasks to queue
[2022-05-11 06:58:25,110] {logging_mixin.py:109} INFO - [2022-05-11 06:58:25,109] {dagbag.py:500} INFO - Filling up the DagBag from /opt/airflow/dags/ej8.py
[2022-05-11 06:58:25,147] {logging_mixin.py:109} INFO - [2022-05-11 06:58:25,141] {dagbag.py:334} ERROR - Failed to import: /opt/airflow/dags/ej8.py
Traceback (most recent call last):
  File "/home/airflow/.local/lib/python3.7/site-packages/airflow/models/dagbag.py", line 331, in _load_modules_from_file
    loader.exec_module(new_module)
  File "<frozen importlib._bootstrap_external>", line 728, in exec_module
  File "<frozen importlib._bootstrap>", line 219, in _call_with_frames_removed
  File "/opt/airflow/dags/ej8.py", line 4, in <module>
    from airflow.providers.apache.hive.operators.hive import HiveOperator
ModuleNotFoundError: No module named 'airflow.providers.apache'
[2022-05-11 06:58:25,148] {processor.py:654} WARNING - No viable dags retrieved from /opt/airflow/dags/ej8.py
[2022-05-11 06:58:25,172] {processor.py:171} INFO - Processing /opt/airflow/dags/ej8.py took 0.069 seconds
[2022-05-11 06:58:55,338] {processor.py:163} INFO - Started process (PID=29239) to work on /opt/airflow/dags/ej8.py
[2022-05-11 06:58:55,340] {processor.py:642} INFO - Processing file /opt/airflow/dags/ej8.py for tasks to queue
[2022-05-11 06:58:55,341] {logging_mixin.py:109} INFO - [2022-05-11 06:58:55,341] {dagbag.py:500} INFO - Filling up the DagBag from /opt/airflow/dags/ej8.py
[2022-05-11 06:58:55,384] {logging_mixin.py:109} INFO - [2022-05-11 06:58:55,377] {dagbag.py:334} ERROR - Failed to import: /opt/airflow/dags/ej8.py
Traceback (most recent call last):
  File "/home/airflow/.local/lib/python3.7/site-packages/airflow/models/dagbag.py", line 331, in _load_modules_from_file
    loader.exec_module(new_module)
  File "<frozen importlib._bootstrap_external>", line 728, in exec_module
  File "<frozen importlib._bootstrap>", line 219, in _call_with_frames_removed
  File "/opt/airflow/dags/ej8.py", line 4, in <module>
    from airflow.providers.apache.hive.operators.hive import HiveOperator
ModuleNotFoundError: No module named 'airflow.providers.apache'
[2022-05-11 06:58:55,387] {processor.py:654} WARNING - No viable dags retrieved from /opt/airflow/dags/ej8.py
[2022-05-11 06:58:55,413] {processor.py:171} INFO - Processing /opt/airflow/dags/ej8.py took 0.080 seconds
[2022-05-11 06:59:25,501] {processor.py:163} INFO - Started process (PID=29312) to work on /opt/airflow/dags/ej8.py
[2022-05-11 06:59:25,503] {processor.py:642} INFO - Processing file /opt/airflow/dags/ej8.py for tasks to queue
[2022-05-11 06:59:25,504] {logging_mixin.py:109} INFO - [2022-05-11 06:59:25,504] {dagbag.py:500} INFO - Filling up the DagBag from /opt/airflow/dags/ej8.py
[2022-05-11 06:59:25,546] {logging_mixin.py:109} INFO - [2022-05-11 06:59:25,537] {dagbag.py:334} ERROR - Failed to import: /opt/airflow/dags/ej8.py
Traceback (most recent call last):
  File "/home/airflow/.local/lib/python3.7/site-packages/airflow/models/dagbag.py", line 331, in _load_modules_from_file
    loader.exec_module(new_module)
  File "<frozen importlib._bootstrap_external>", line 728, in exec_module
  File "<frozen importlib._bootstrap>", line 219, in _call_with_frames_removed
  File "/opt/airflow/dags/ej8.py", line 4, in <module>
    from airflow.providers.apache.hive.operators.hive import HiveOperator
ModuleNotFoundError: No module named 'airflow.providers.apache'
[2022-05-11 06:59:25,549] {processor.py:654} WARNING - No viable dags retrieved from /opt/airflow/dags/ej8.py
[2022-05-11 06:59:25,574] {processor.py:171} INFO - Processing /opt/airflow/dags/ej8.py took 0.076 seconds
[2022-05-11 06:59:55,663] {processor.py:163} INFO - Started process (PID=29375) to work on /opt/airflow/dags/ej8.py
[2022-05-11 06:59:55,664] {processor.py:642} INFO - Processing file /opt/airflow/dags/ej8.py for tasks to queue
[2022-05-11 06:59:55,665] {logging_mixin.py:109} INFO - [2022-05-11 06:59:55,665] {dagbag.py:500} INFO - Filling up the DagBag from /opt/airflow/dags/ej8.py
[2022-05-11 06:59:55,691] {logging_mixin.py:109} INFO - [2022-05-11 06:59:55,687] {dagbag.py:334} ERROR - Failed to import: /opt/airflow/dags/ej8.py
Traceback (most recent call last):
  File "/home/airflow/.local/lib/python3.7/site-packages/airflow/models/dagbag.py", line 331, in _load_modules_from_file
    loader.exec_module(new_module)
  File "<frozen importlib._bootstrap_external>", line 728, in exec_module
  File "<frozen importlib._bootstrap>", line 219, in _call_with_frames_removed
  File "/opt/airflow/dags/ej8.py", line 4, in <module>
    from airflow.providers.apache.hive.operators.hive import HiveOperator
ModuleNotFoundError: No module named 'airflow.providers.apache'
[2022-05-11 06:59:55,693] {processor.py:654} WARNING - No viable dags retrieved from /opt/airflow/dags/ej8.py
[2022-05-11 06:59:55,720] {processor.py:171} INFO - Processing /opt/airflow/dags/ej8.py took 0.060 seconds
[2022-05-11 07:00:26,143] {processor.py:163} INFO - Started process (PID=29449) to work on /opt/airflow/dags/ej8.py
[2022-05-11 07:00:26,145] {processor.py:642} INFO - Processing file /opt/airflow/dags/ej8.py for tasks to queue
[2022-05-11 07:00:26,146] {logging_mixin.py:109} INFO - [2022-05-11 07:00:26,146] {dagbag.py:500} INFO - Filling up the DagBag from /opt/airflow/dags/ej8.py
[2022-05-11 07:00:26,186] {logging_mixin.py:109} INFO - [2022-05-11 07:00:26,181] {dagbag.py:334} ERROR - Failed to import: /opt/airflow/dags/ej8.py
Traceback (most recent call last):
  File "/home/airflow/.local/lib/python3.7/site-packages/airflow/models/dagbag.py", line 331, in _load_modules_from_file
    loader.exec_module(new_module)
  File "<frozen importlib._bootstrap_external>", line 728, in exec_module
  File "<frozen importlib._bootstrap>", line 219, in _call_with_frames_removed
  File "/opt/airflow/dags/ej8.py", line 4, in <module>
    from airflow.providers.apache.hive.operators.hive import HiveOperator
ModuleNotFoundError: No module named 'airflow.providers.apache'
[2022-05-11 07:00:26,188] {processor.py:654} WARNING - No viable dags retrieved from /opt/airflow/dags/ej8.py
[2022-05-11 07:00:26,214] {processor.py:171} INFO - Processing /opt/airflow/dags/ej8.py took 0.073 seconds
[2022-05-11 07:00:56,820] {processor.py:163} INFO - Started process (PID=29519) to work on /opt/airflow/dags/ej8.py
[2022-05-11 07:00:56,822] {processor.py:642} INFO - Processing file /opt/airflow/dags/ej8.py for tasks to queue
[2022-05-11 07:00:56,823] {logging_mixin.py:109} INFO - [2022-05-11 07:00:56,823] {dagbag.py:500} INFO - Filling up the DagBag from /opt/airflow/dags/ej8.py
[2022-05-11 07:00:56,862] {logging_mixin.py:109} INFO - [2022-05-11 07:00:56,856] {dagbag.py:334} ERROR - Failed to import: /opt/airflow/dags/ej8.py
Traceback (most recent call last):
  File "/home/airflow/.local/lib/python3.7/site-packages/airflow/models/dagbag.py", line 331, in _load_modules_from_file
    loader.exec_module(new_module)
  File "<frozen importlib._bootstrap_external>", line 728, in exec_module
  File "<frozen importlib._bootstrap>", line 219, in _call_with_frames_removed
  File "/opt/airflow/dags/ej8.py", line 4, in <module>
    from airflow.providers.apache.hive.operators.hive import HiveOperator
ModuleNotFoundError: No module named 'airflow.providers.apache'
[2022-05-11 07:00:56,864] {processor.py:654} WARNING - No viable dags retrieved from /opt/airflow/dags/ej8.py
[2022-05-11 07:00:56,891] {processor.py:171} INFO - Processing /opt/airflow/dags/ej8.py took 0.073 seconds
[2022-05-11 07:01:27,511] {processor.py:163} INFO - Started process (PID=29585) to work on /opt/airflow/dags/ej8.py
[2022-05-11 07:01:27,513] {processor.py:642} INFO - Processing file /opt/airflow/dags/ej8.py for tasks to queue
[2022-05-11 07:01:27,514] {logging_mixin.py:109} INFO - [2022-05-11 07:01:27,514] {dagbag.py:500} INFO - Filling up the DagBag from /opt/airflow/dags/ej8.py
[2022-05-11 07:01:27,553] {logging_mixin.py:109} INFO - [2022-05-11 07:01:27,547] {dagbag.py:334} ERROR - Failed to import: /opt/airflow/dags/ej8.py
Traceback (most recent call last):
  File "/home/airflow/.local/lib/python3.7/site-packages/airflow/models/dagbag.py", line 331, in _load_modules_from_file
    loader.exec_module(new_module)
  File "<frozen importlib._bootstrap_external>", line 728, in exec_module
  File "<frozen importlib._bootstrap>", line 219, in _call_with_frames_removed
  File "/opt/airflow/dags/ej8.py", line 4, in <module>
    from airflow.providers.apache.hive.operators.hive import HiveOperator
ModuleNotFoundError: No module named 'airflow.providers.apache'
[2022-05-11 07:01:27,555] {processor.py:654} WARNING - No viable dags retrieved from /opt/airflow/dags/ej8.py
[2022-05-11 07:01:27,578] {processor.py:171} INFO - Processing /opt/airflow/dags/ej8.py took 0.070 seconds
[2022-05-11 07:01:57,784] {processor.py:163} INFO - Started process (PID=29658) to work on /opt/airflow/dags/ej8.py
[2022-05-11 07:01:57,786] {processor.py:642} INFO - Processing file /opt/airflow/dags/ej8.py for tasks to queue
[2022-05-11 07:01:57,788] {logging_mixin.py:109} INFO - [2022-05-11 07:01:57,788] {dagbag.py:500} INFO - Filling up the DagBag from /opt/airflow/dags/ej8.py
[2022-05-11 07:01:57,817] {logging_mixin.py:109} INFO - [2022-05-11 07:01:57,812] {dagbag.py:334} ERROR - Failed to import: /opt/airflow/dags/ej8.py
Traceback (most recent call last):
  File "/home/airflow/.local/lib/python3.7/site-packages/airflow/models/dagbag.py", line 331, in _load_modules_from_file
    loader.exec_module(new_module)
  File "<frozen importlib._bootstrap_external>", line 728, in exec_module
  File "<frozen importlib._bootstrap>", line 219, in _call_with_frames_removed
  File "/opt/airflow/dags/ej8.py", line 4, in <module>
    from airflow.providers.apache.hive.operators.hive import HiveOperator
ModuleNotFoundError: No module named 'airflow.providers.apache'
[2022-05-11 07:01:57,819] {processor.py:654} WARNING - No viable dags retrieved from /opt/airflow/dags/ej8.py
[2022-05-11 07:01:57,848] {processor.py:171} INFO - Processing /opt/airflow/dags/ej8.py took 0.068 seconds
[2022-05-11 07:02:28,176] {processor.py:163} INFO - Started process (PID=29722) to work on /opt/airflow/dags/ej8.py
[2022-05-11 07:02:28,177] {processor.py:642} INFO - Processing file /opt/airflow/dags/ej8.py for tasks to queue
[2022-05-11 07:02:28,179] {logging_mixin.py:109} INFO - [2022-05-11 07:02:28,178] {dagbag.py:500} INFO - Filling up the DagBag from /opt/airflow/dags/ej8.py
[2022-05-11 07:02:28,215] {logging_mixin.py:109} INFO - [2022-05-11 07:02:28,210] {dagbag.py:334} ERROR - Failed to import: /opt/airflow/dags/ej8.py
Traceback (most recent call last):
  File "/home/airflow/.local/lib/python3.7/site-packages/airflow/models/dagbag.py", line 331, in _load_modules_from_file
    loader.exec_module(new_module)
  File "<frozen importlib._bootstrap_external>", line 728, in exec_module
  File "<frozen importlib._bootstrap>", line 219, in _call_with_frames_removed
  File "/opt/airflow/dags/ej8.py", line 4, in <module>
    from airflow.providers.apache.hive.operators.hive import HiveOperator
ModuleNotFoundError: No module named 'airflow.providers.apache'
[2022-05-11 07:02:28,218] {processor.py:654} WARNING - No viable dags retrieved from /opt/airflow/dags/ej8.py
[2022-05-11 07:02:28,248] {processor.py:171} INFO - Processing /opt/airflow/dags/ej8.py took 0.076 seconds
[2022-05-11 07:02:58,916] {processor.py:163} INFO - Started process (PID=29795) to work on /opt/airflow/dags/ej8.py
[2022-05-11 07:02:58,918] {processor.py:642} INFO - Processing file /opt/airflow/dags/ej8.py for tasks to queue
[2022-05-11 07:02:58,919] {logging_mixin.py:109} INFO - [2022-05-11 07:02:58,919] {dagbag.py:500} INFO - Filling up the DagBag from /opt/airflow/dags/ej8.py
[2022-05-11 07:02:58,958] {logging_mixin.py:109} INFO - [2022-05-11 07:02:58,951] {dagbag.py:334} ERROR - Failed to import: /opt/airflow/dags/ej8.py
Traceback (most recent call last):
  File "/home/airflow/.local/lib/python3.7/site-packages/airflow/models/dagbag.py", line 331, in _load_modules_from_file
    loader.exec_module(new_module)
  File "<frozen importlib._bootstrap_external>", line 728, in exec_module
  File "<frozen importlib._bootstrap>", line 219, in _call_with_frames_removed
  File "/opt/airflow/dags/ej8.py", line 4, in <module>
    from airflow.providers.apache.hive.operators.hive import HiveOperator
ModuleNotFoundError: No module named 'airflow.providers.apache'
[2022-05-11 07:02:58,961] {processor.py:654} WARNING - No viable dags retrieved from /opt/airflow/dags/ej8.py
[2022-05-11 07:02:58,989] {processor.py:171} INFO - Processing /opt/airflow/dags/ej8.py took 0.075 seconds
[2022-05-11 07:03:29,363] {processor.py:163} INFO - Started process (PID=29857) to work on /opt/airflow/dags/ej8.py
[2022-05-11 07:03:29,365] {processor.py:642} INFO - Processing file /opt/airflow/dags/ej8.py for tasks to queue
[2022-05-11 07:03:29,366] {logging_mixin.py:109} INFO - [2022-05-11 07:03:29,366] {dagbag.py:500} INFO - Filling up the DagBag from /opt/airflow/dags/ej8.py
[2022-05-11 07:03:29,400] {logging_mixin.py:109} INFO - [2022-05-11 07:03:29,393] {dagbag.py:334} ERROR - Failed to import: /opt/airflow/dags/ej8.py
Traceback (most recent call last):
  File "/home/airflow/.local/lib/python3.7/site-packages/airflow/models/dagbag.py", line 331, in _load_modules_from_file
    loader.exec_module(new_module)
  File "<frozen importlib._bootstrap_external>", line 728, in exec_module
  File "<frozen importlib._bootstrap>", line 219, in _call_with_frames_removed
  File "/opt/airflow/dags/ej8.py", line 4, in <module>
    from airflow.providers.apache.hive.operators.hive import HiveOperator
ModuleNotFoundError: No module named 'airflow.providers.apache'
[2022-05-11 07:03:29,402] {processor.py:654} WARNING - No viable dags retrieved from /opt/airflow/dags/ej8.py
[2022-05-11 07:03:29,430] {processor.py:171} INFO - Processing /opt/airflow/dags/ej8.py took 0.071 seconds
[2022-05-11 07:04:00,179] {processor.py:163} INFO - Started process (PID=29929) to work on /opt/airflow/dags/ej8.py
[2022-05-11 07:04:00,181] {processor.py:642} INFO - Processing file /opt/airflow/dags/ej8.py for tasks to queue
[2022-05-11 07:04:00,182] {logging_mixin.py:109} INFO - [2022-05-11 07:04:00,182] {dagbag.py:500} INFO - Filling up the DagBag from /opt/airflow/dags/ej8.py
[2022-05-11 07:04:00,215] {logging_mixin.py:109} INFO - [2022-05-11 07:04:00,210] {dagbag.py:334} ERROR - Failed to import: /opt/airflow/dags/ej8.py
Traceback (most recent call last):
  File "/home/airflow/.local/lib/python3.7/site-packages/airflow/models/dagbag.py", line 331, in _load_modules_from_file
    loader.exec_module(new_module)
  File "<frozen importlib._bootstrap_external>", line 728, in exec_module
  File "<frozen importlib._bootstrap>", line 219, in _call_with_frames_removed
  File "/opt/airflow/dags/ej8.py", line 4, in <module>
    from airflow.providers.apache.hive.operators.hive import HiveOperator
ModuleNotFoundError: No module named 'airflow.providers.apache'
[2022-05-11 07:04:00,216] {processor.py:654} WARNING - No viable dags retrieved from /opt/airflow/dags/ej8.py
[2022-05-11 07:04:00,243] {processor.py:171} INFO - Processing /opt/airflow/dags/ej8.py took 0.067 seconds
[2022-05-11 07:04:30,702] {processor.py:163} INFO - Started process (PID=29992) to work on /opt/airflow/dags/ej8.py
[2022-05-11 07:04:30,704] {processor.py:642} INFO - Processing file /opt/airflow/dags/ej8.py for tasks to queue
[2022-05-11 07:04:30,705] {logging_mixin.py:109} INFO - [2022-05-11 07:04:30,705] {dagbag.py:500} INFO - Filling up the DagBag from /opt/airflow/dags/ej8.py
[2022-05-11 07:04:30,737] {logging_mixin.py:109} INFO - [2022-05-11 07:04:30,731] {dagbag.py:334} ERROR - Failed to import: /opt/airflow/dags/ej8.py
Traceback (most recent call last):
  File "/home/airflow/.local/lib/python3.7/site-packages/airflow/models/dagbag.py", line 331, in _load_modules_from_file
    loader.exec_module(new_module)
  File "<frozen importlib._bootstrap_external>", line 728, in exec_module
  File "<frozen importlib._bootstrap>", line 219, in _call_with_frames_removed
  File "/opt/airflow/dags/ej8.py", line 4, in <module>
    from airflow.providers.apache.hive.operators.hive import HiveOperator
ModuleNotFoundError: No module named 'airflow.providers.apache'
[2022-05-11 07:04:30,739] {processor.py:654} WARNING - No viable dags retrieved from /opt/airflow/dags/ej8.py
[2022-05-11 07:04:30,764] {processor.py:171} INFO - Processing /opt/airflow/dags/ej8.py took 0.065 seconds
[2022-05-11 07:05:01,200] {processor.py:163} INFO - Started process (PID=30066) to work on /opt/airflow/dags/ej8.py
[2022-05-11 07:05:01,201] {processor.py:642} INFO - Processing file /opt/airflow/dags/ej8.py for tasks to queue
[2022-05-11 07:05:01,202] {logging_mixin.py:109} INFO - [2022-05-11 07:05:01,202] {dagbag.py:500} INFO - Filling up the DagBag from /opt/airflow/dags/ej8.py
[2022-05-11 07:05:01,237] {logging_mixin.py:109} INFO - [2022-05-11 07:05:01,231] {dagbag.py:334} ERROR - Failed to import: /opt/airflow/dags/ej8.py
Traceback (most recent call last):
  File "/home/airflow/.local/lib/python3.7/site-packages/airflow/models/dagbag.py", line 331, in _load_modules_from_file
    loader.exec_module(new_module)
  File "<frozen importlib._bootstrap_external>", line 728, in exec_module
  File "<frozen importlib._bootstrap>", line 219, in _call_with_frames_removed
  File "/opt/airflow/dags/ej8.py", line 4, in <module>
    from airflow.providers.apache.hive.operators.hive import HiveOperator
ModuleNotFoundError: No module named 'airflow.providers.apache'
[2022-05-11 07:05:01,239] {processor.py:654} WARNING - No viable dags retrieved from /opt/airflow/dags/ej8.py
[2022-05-11 07:05:01,263] {processor.py:171} INFO - Processing /opt/airflow/dags/ej8.py took 0.067 seconds
[2022-05-11 07:05:31,668] {processor.py:163} INFO - Started process (PID=30130) to work on /opt/airflow/dags/ej8.py
[2022-05-11 07:05:31,669] {processor.py:642} INFO - Processing file /opt/airflow/dags/ej8.py for tasks to queue
[2022-05-11 07:05:31,670] {logging_mixin.py:109} INFO - [2022-05-11 07:05:31,670] {dagbag.py:500} INFO - Filling up the DagBag from /opt/airflow/dags/ej8.py
[2022-05-11 07:05:31,707] {logging_mixin.py:109} INFO - [2022-05-11 07:05:31,702] {dagbag.py:334} ERROR - Failed to import: /opt/airflow/dags/ej8.py
Traceback (most recent call last):
  File "/home/airflow/.local/lib/python3.7/site-packages/airflow/models/dagbag.py", line 331, in _load_modules_from_file
    loader.exec_module(new_module)
  File "<frozen importlib._bootstrap_external>", line 728, in exec_module
  File "<frozen importlib._bootstrap>", line 219, in _call_with_frames_removed
  File "/opt/airflow/dags/ej8.py", line 4, in <module>
    from airflow.providers.apache.hive.operators.hive import HiveOperator
ModuleNotFoundError: No module named 'airflow.providers.apache'
[2022-05-11 07:05:31,709] {processor.py:654} WARNING - No viable dags retrieved from /opt/airflow/dags/ej8.py
[2022-05-11 07:05:31,734] {processor.py:171} INFO - Processing /opt/airflow/dags/ej8.py took 0.070 seconds
[2022-05-11 07:06:02,052] {processor.py:163} INFO - Started process (PID=30203) to work on /opt/airflow/dags/ej8.py
[2022-05-11 07:06:02,054] {processor.py:642} INFO - Processing file /opt/airflow/dags/ej8.py for tasks to queue
[2022-05-11 07:06:02,056] {logging_mixin.py:109} INFO - [2022-05-11 07:06:02,056] {dagbag.py:500} INFO - Filling up the DagBag from /opt/airflow/dags/ej8.py
[2022-05-11 07:06:02,091] {logging_mixin.py:109} INFO - [2022-05-11 07:06:02,086] {dagbag.py:334} ERROR - Failed to import: /opt/airflow/dags/ej8.py
Traceback (most recent call last):
  File "/home/airflow/.local/lib/python3.7/site-packages/airflow/models/dagbag.py", line 331, in _load_modules_from_file
    loader.exec_module(new_module)
  File "<frozen importlib._bootstrap_external>", line 728, in exec_module
  File "<frozen importlib._bootstrap>", line 219, in _call_with_frames_removed
  File "/opt/airflow/dags/ej8.py", line 4, in <module>
    from airflow.providers.apache.hive.operators.hive import HiveOperator
ModuleNotFoundError: No module named 'airflow.providers.apache'
[2022-05-11 07:06:02,092] {processor.py:654} WARNING - No viable dags retrieved from /opt/airflow/dags/ej8.py
[2022-05-11 07:06:02,117] {processor.py:171} INFO - Processing /opt/airflow/dags/ej8.py took 0.067 seconds
[2022-05-11 07:06:32,600] {processor.py:163} INFO - Started process (PID=30274) to work on /opt/airflow/dags/ej8.py
[2022-05-11 07:06:32,601] {processor.py:642} INFO - Processing file /opt/airflow/dags/ej8.py for tasks to queue
[2022-05-11 07:06:32,603] {logging_mixin.py:109} INFO - [2022-05-11 07:06:32,603] {dagbag.py:500} INFO - Filling up the DagBag from /opt/airflow/dags/ej8.py
[2022-05-11 07:06:32,627] {logging_mixin.py:109} INFO - [2022-05-11 07:06:32,622] {dagbag.py:334} ERROR - Failed to import: /opt/airflow/dags/ej8.py
Traceback (most recent call last):
  File "/home/airflow/.local/lib/python3.7/site-packages/airflow/models/dagbag.py", line 331, in _load_modules_from_file
    loader.exec_module(new_module)
  File "<frozen importlib._bootstrap_external>", line 728, in exec_module
  File "<frozen importlib._bootstrap>", line 219, in _call_with_frames_removed
  File "/opt/airflow/dags/ej8.py", line 4, in <module>
    from airflow.providers.apache.hive.operators.hive import HiveOperator
ModuleNotFoundError: No module named 'airflow.providers.apache'
[2022-05-11 07:06:32,629] {processor.py:654} WARNING - No viable dags retrieved from /opt/airflow/dags/ej8.py
[2022-05-11 07:06:32,656] {processor.py:171} INFO - Processing /opt/airflow/dags/ej8.py took 0.060 seconds
[2022-05-11 07:07:03,099] {processor.py:163} INFO - Started process (PID=30336) to work on /opt/airflow/dags/ej8.py
[2022-05-11 07:07:03,101] {processor.py:642} INFO - Processing file /opt/airflow/dags/ej8.py for tasks to queue
[2022-05-11 07:07:03,101] {logging_mixin.py:109} INFO - [2022-05-11 07:07:03,101] {dagbag.py:500} INFO - Filling up the DagBag from /opt/airflow/dags/ej8.py
[2022-05-11 07:07:03,152] {logging_mixin.py:109} INFO - [2022-05-11 07:07:03,144] {dagbag.py:334} ERROR - Failed to import: /opt/airflow/dags/ej8.py
Traceback (most recent call last):
  File "/home/airflow/.local/lib/python3.7/site-packages/airflow/models/dagbag.py", line 331, in _load_modules_from_file
    loader.exec_module(new_module)
  File "<frozen importlib._bootstrap_external>", line 728, in exec_module
  File "<frozen importlib._bootstrap>", line 219, in _call_with_frames_removed
  File "/opt/airflow/dags/ej8.py", line 4, in <module>
    from airflow.providers.apache.hive.operators.hive import HiveOperator
ModuleNotFoundError: No module named 'airflow.providers.apache'
[2022-05-11 07:07:03,156] {processor.py:654} WARNING - No viable dags retrieved from /opt/airflow/dags/ej8.py
[2022-05-11 07:07:03,185] {processor.py:171} INFO - Processing /opt/airflow/dags/ej8.py took 0.090 seconds
[2022-05-11 07:07:33,520] {processor.py:163} INFO - Started process (PID=30409) to work on /opt/airflow/dags/ej8.py
[2022-05-11 07:07:33,521] {processor.py:642} INFO - Processing file /opt/airflow/dags/ej8.py for tasks to queue
[2022-05-11 07:07:33,522] {logging_mixin.py:109} INFO - [2022-05-11 07:07:33,522] {dagbag.py:500} INFO - Filling up the DagBag from /opt/airflow/dags/ej8.py
[2022-05-11 07:07:33,555] {logging_mixin.py:109} INFO - [2022-05-11 07:07:33,550] {dagbag.py:334} ERROR - Failed to import: /opt/airflow/dags/ej8.py
Traceback (most recent call last):
  File "/home/airflow/.local/lib/python3.7/site-packages/airflow/models/dagbag.py", line 331, in _load_modules_from_file
    loader.exec_module(new_module)
  File "<frozen importlib._bootstrap_external>", line 728, in exec_module
  File "<frozen importlib._bootstrap>", line 219, in _call_with_frames_removed
  File "/opt/airflow/dags/ej8.py", line 4, in <module>
    from airflow.providers.apache.hive.operators.hive import HiveOperator
ModuleNotFoundError: No module named 'airflow.providers.apache'
[2022-05-11 07:07:33,557] {processor.py:654} WARNING - No viable dags retrieved from /opt/airflow/dags/ej8.py
[2022-05-11 07:07:33,581] {processor.py:171} INFO - Processing /opt/airflow/dags/ej8.py took 0.065 seconds
[2022-05-11 07:08:03,703] {processor.py:163} INFO - Started process (PID=30471) to work on /opt/airflow/dags/ej8.py
[2022-05-11 07:08:03,704] {processor.py:642} INFO - Processing file /opt/airflow/dags/ej8.py for tasks to queue
[2022-05-11 07:08:03,705] {logging_mixin.py:109} INFO - [2022-05-11 07:08:03,705] {dagbag.py:500} INFO - Filling up the DagBag from /opt/airflow/dags/ej8.py
[2022-05-11 07:08:03,743] {logging_mixin.py:109} INFO - [2022-05-11 07:08:03,739] {dagbag.py:334} ERROR - Failed to import: /opt/airflow/dags/ej8.py
Traceback (most recent call last):
  File "/home/airflow/.local/lib/python3.7/site-packages/airflow/models/dagbag.py", line 331, in _load_modules_from_file
    loader.exec_module(new_module)
  File "<frozen importlib._bootstrap_external>", line 728, in exec_module
  File "<frozen importlib._bootstrap>", line 219, in _call_with_frames_removed
  File "/opt/airflow/dags/ej8.py", line 4, in <module>
    from airflow.providers.apache.hive.operators.hive import HiveOperator
ModuleNotFoundError: No module named 'airflow.providers.apache'
[2022-05-11 07:08:03,745] {processor.py:654} WARNING - No viable dags retrieved from /opt/airflow/dags/ej8.py
[2022-05-11 07:08:03,771] {processor.py:171} INFO - Processing /opt/airflow/dags/ej8.py took 0.071 seconds
[2022-05-11 07:08:34,209] {processor.py:163} INFO - Started process (PID=30543) to work on /opt/airflow/dags/ej8.py
[2022-05-11 07:08:34,211] {processor.py:642} INFO - Processing file /opt/airflow/dags/ej8.py for tasks to queue
[2022-05-11 07:08:34,213] {logging_mixin.py:109} INFO - [2022-05-11 07:08:34,212] {dagbag.py:500} INFO - Filling up the DagBag from /opt/airflow/dags/ej8.py
[2022-05-11 07:08:34,248] {logging_mixin.py:109} INFO - [2022-05-11 07:08:34,243] {dagbag.py:334} ERROR - Failed to import: /opt/airflow/dags/ej8.py
Traceback (most recent call last):
  File "/home/airflow/.local/lib/python3.7/site-packages/airflow/models/dagbag.py", line 331, in _load_modules_from_file
    loader.exec_module(new_module)
  File "<frozen importlib._bootstrap_external>", line 728, in exec_module
  File "<frozen importlib._bootstrap>", line 219, in _call_with_frames_removed
  File "/opt/airflow/dags/ej8.py", line 4, in <module>
    from airflow.providers.apache.hive.operators.hive import HiveOperator
ModuleNotFoundError: No module named 'airflow.providers.apache'
[2022-05-11 07:08:34,250] {processor.py:654} WARNING - No viable dags retrieved from /opt/airflow/dags/ej8.py
[2022-05-11 07:08:34,277] {processor.py:171} INFO - Processing /opt/airflow/dags/ej8.py took 0.071 seconds
[2022-05-11 07:09:04,444] {processor.py:163} INFO - Started process (PID=30606) to work on /opt/airflow/dags/ej8.py
[2022-05-11 07:09:04,446] {processor.py:642} INFO - Processing file /opt/airflow/dags/ej8.py for tasks to queue
[2022-05-11 07:09:04,447] {logging_mixin.py:109} INFO - [2022-05-11 07:09:04,447] {dagbag.py:500} INFO - Filling up the DagBag from /opt/airflow/dags/ej8.py
[2022-05-11 07:09:04,499] {logging_mixin.py:109} INFO - [2022-05-11 07:09:04,489] {dagbag.py:334} ERROR - Failed to import: /opt/airflow/dags/ej8.py
Traceback (most recent call last):
  File "/home/airflow/.local/lib/python3.7/site-packages/airflow/models/dagbag.py", line 331, in _load_modules_from_file
    loader.exec_module(new_module)
  File "<frozen importlib._bootstrap_external>", line 728, in exec_module
  File "<frozen importlib._bootstrap>", line 219, in _call_with_frames_removed
  File "/opt/airflow/dags/ej8.py", line 4, in <module>
    from airflow.providers.apache.hive.operators.hive import HiveOperator
ModuleNotFoundError: No module named 'airflow.providers.apache'
[2022-05-11 07:09:04,503] {processor.py:654} WARNING - No viable dags retrieved from /opt/airflow/dags/ej8.py
[2022-05-11 07:09:04,532] {processor.py:171} INFO - Processing /opt/airflow/dags/ej8.py took 0.093 seconds
[2022-05-11 07:09:35,101] {processor.py:163} INFO - Started process (PID=30678) to work on /opt/airflow/dags/ej8.py
[2022-05-11 07:09:35,103] {processor.py:642} INFO - Processing file /opt/airflow/dags/ej8.py for tasks to queue
[2022-05-11 07:09:35,105] {logging_mixin.py:109} INFO - [2022-05-11 07:09:35,104] {dagbag.py:500} INFO - Filling up the DagBag from /opt/airflow/dags/ej8.py
[2022-05-11 07:09:35,141] {logging_mixin.py:109} INFO - [2022-05-11 07:09:35,137] {dagbag.py:334} ERROR - Failed to import: /opt/airflow/dags/ej8.py
Traceback (most recent call last):
  File "/home/airflow/.local/lib/python3.7/site-packages/airflow/models/dagbag.py", line 331, in _load_modules_from_file
    loader.exec_module(new_module)
  File "<frozen importlib._bootstrap_external>", line 728, in exec_module
  File "<frozen importlib._bootstrap>", line 219, in _call_with_frames_removed
  File "/opt/airflow/dags/ej8.py", line 4, in <module>
    from airflow.providers.apache.hive.operators.hive import HiveOperator
ModuleNotFoundError: No module named 'airflow.providers.apache'
[2022-05-11 07:09:35,143] {processor.py:654} WARNING - No viable dags retrieved from /opt/airflow/dags/ej8.py
[2022-05-11 07:09:35,169] {processor.py:171} INFO - Processing /opt/airflow/dags/ej8.py took 0.071 seconds
[2022-05-11 07:10:05,490] {processor.py:163} INFO - Started process (PID=30740) to work on /opt/airflow/dags/ej8.py
[2022-05-11 07:10:05,492] {processor.py:642} INFO - Processing file /opt/airflow/dags/ej8.py for tasks to queue
[2022-05-11 07:10:05,493] {logging_mixin.py:109} INFO - [2022-05-11 07:10:05,493] {dagbag.py:500} INFO - Filling up the DagBag from /opt/airflow/dags/ej8.py
[2022-05-11 07:10:05,533] {logging_mixin.py:109} INFO - [2022-05-11 07:10:05,525] {dagbag.py:334} ERROR - Failed to import: /opt/airflow/dags/ej8.py
Traceback (most recent call last):
  File "/home/airflow/.local/lib/python3.7/site-packages/airflow/models/dagbag.py", line 331, in _load_modules_from_file
    loader.exec_module(new_module)
  File "<frozen importlib._bootstrap_external>", line 728, in exec_module
  File "<frozen importlib._bootstrap>", line 219, in _call_with_frames_removed
  File "/opt/airflow/dags/ej8.py", line 4, in <module>
    from airflow.providers.apache.hive.operators.hive import HiveOperator
ModuleNotFoundError: No module named 'airflow.providers.apache'
[2022-05-11 07:10:05,536] {processor.py:654} WARNING - No viable dags retrieved from /opt/airflow/dags/ej8.py
[2022-05-11 07:10:05,565] {processor.py:171} INFO - Processing /opt/airflow/dags/ej8.py took 0.078 seconds
[2022-05-11 07:10:36,178] {processor.py:163} INFO - Started process (PID=30813) to work on /opt/airflow/dags/ej8.py
[2022-05-11 07:10:36,179] {processor.py:642} INFO - Processing file /opt/airflow/dags/ej8.py for tasks to queue
[2022-05-11 07:10:36,181] {logging_mixin.py:109} INFO - [2022-05-11 07:10:36,181] {dagbag.py:500} INFO - Filling up the DagBag from /opt/airflow/dags/ej8.py
[2022-05-11 07:10:36,229] {logging_mixin.py:109} INFO - [2022-05-11 07:10:36,221] {dagbag.py:334} ERROR - Failed to import: /opt/airflow/dags/ej8.py
Traceback (most recent call last):
  File "/home/airflow/.local/lib/python3.7/site-packages/airflow/models/dagbag.py", line 331, in _load_modules_from_file
    loader.exec_module(new_module)
  File "<frozen importlib._bootstrap_external>", line 728, in exec_module
  File "<frozen importlib._bootstrap>", line 219, in _call_with_frames_removed
  File "/opt/airflow/dags/ej8.py", line 4, in <module>
    from airflow.providers.apache.hive.operators.hive import HiveOperator
ModuleNotFoundError: No module named 'airflow.providers.apache'
[2022-05-11 07:10:36,232] {processor.py:654} WARNING - No viable dags retrieved from /opt/airflow/dags/ej8.py
[2022-05-11 07:10:36,259] {processor.py:171} INFO - Processing /opt/airflow/dags/ej8.py took 0.085 seconds
[2022-05-11 07:11:06,827] {processor.py:163} INFO - Started process (PID=30883) to work on /opt/airflow/dags/ej8.py
[2022-05-11 07:11:06,829] {processor.py:642} INFO - Processing file /opt/airflow/dags/ej8.py for tasks to queue
[2022-05-11 07:11:06,830] {logging_mixin.py:109} INFO - [2022-05-11 07:11:06,830] {dagbag.py:500} INFO - Filling up the DagBag from /opt/airflow/dags/ej8.py
[2022-05-11 07:11:06,861] {logging_mixin.py:109} INFO - [2022-05-11 07:11:06,855] {dagbag.py:334} ERROR - Failed to import: /opt/airflow/dags/ej8.py
Traceback (most recent call last):
  File "/home/airflow/.local/lib/python3.7/site-packages/airflow/models/dagbag.py", line 331, in _load_modules_from_file
    loader.exec_module(new_module)
  File "<frozen importlib._bootstrap_external>", line 728, in exec_module
  File "<frozen importlib._bootstrap>", line 219, in _call_with_frames_removed
  File "/opt/airflow/dags/ej8.py", line 4, in <module>
    from airflow.providers.apache.hive.operators.hive import HiveOperator
ModuleNotFoundError: No module named 'airflow.providers.apache'
[2022-05-11 07:11:06,863] {processor.py:654} WARNING - No viable dags retrieved from /opt/airflow/dags/ej8.py
[2022-05-11 07:11:06,891] {processor.py:171} INFO - Processing /opt/airflow/dags/ej8.py took 0.066 seconds
[2022-05-11 07:11:37,675] {processor.py:163} INFO - Started process (PID=30949) to work on /opt/airflow/dags/ej8.py
[2022-05-11 07:11:37,676] {processor.py:642} INFO - Processing file /opt/airflow/dags/ej8.py for tasks to queue
[2022-05-11 07:11:37,677] {logging_mixin.py:109} INFO - [2022-05-11 07:11:37,677] {dagbag.py:500} INFO - Filling up the DagBag from /opt/airflow/dags/ej8.py
[2022-05-11 07:11:37,716] {logging_mixin.py:109} INFO - [2022-05-11 07:11:37,709] {dagbag.py:334} ERROR - Failed to import: /opt/airflow/dags/ej8.py
Traceback (most recent call last):
  File "/home/airflow/.local/lib/python3.7/site-packages/airflow/models/dagbag.py", line 331, in _load_modules_from_file
    loader.exec_module(new_module)
  File "<frozen importlib._bootstrap_external>", line 728, in exec_module
  File "<frozen importlib._bootstrap>", line 219, in _call_with_frames_removed
  File "/opt/airflow/dags/ej8.py", line 4, in <module>
    from airflow.providers.apache.hive.operators.hive import HiveOperator
ModuleNotFoundError: No module named 'airflow.providers.apache'
[2022-05-11 07:11:37,719] {processor.py:654} WARNING - No viable dags retrieved from /opt/airflow/dags/ej8.py
[2022-05-11 07:11:38,046] {processor.py:171} INFO - Processing /opt/airflow/dags/ej8.py took 0.375 seconds
[2022-05-11 07:12:09,097] {processor.py:163} INFO - Started process (PID=31022) to work on /opt/airflow/dags/ej8.py
[2022-05-11 07:12:09,099] {processor.py:642} INFO - Processing file /opt/airflow/dags/ej8.py for tasks to queue
[2022-05-11 07:12:09,100] {logging_mixin.py:109} INFO - [2022-05-11 07:12:09,100] {dagbag.py:500} INFO - Filling up the DagBag from /opt/airflow/dags/ej8.py
[2022-05-11 07:12:09,123] {logging_mixin.py:109} INFO - [2022-05-11 07:12:09,118] {dagbag.py:334} ERROR - Failed to import: /opt/airflow/dags/ej8.py
Traceback (most recent call last):
  File "/home/airflow/.local/lib/python3.7/site-packages/airflow/models/dagbag.py", line 331, in _load_modules_from_file
    loader.exec_module(new_module)
  File "<frozen importlib._bootstrap_external>", line 728, in exec_module
  File "<frozen importlib._bootstrap>", line 219, in _call_with_frames_removed
  File "/opt/airflow/dags/ej8.py", line 4, in <module>
    from airflow.providers.apache.hive.operators.hive import HiveOperator
ModuleNotFoundError: No module named 'airflow.providers.apache'
[2022-05-11 07:12:09,124] {processor.py:654} WARNING - No viable dags retrieved from /opt/airflow/dags/ej8.py
[2022-05-11 07:12:09,150] {processor.py:171} INFO - Processing /opt/airflow/dags/ej8.py took 0.056 seconds
[2022-05-11 07:12:40,040] {processor.py:163} INFO - Started process (PID=31086) to work on /opt/airflow/dags/ej8.py
[2022-05-11 07:12:40,041] {processor.py:642} INFO - Processing file /opt/airflow/dags/ej8.py for tasks to queue
[2022-05-11 07:12:40,042] {logging_mixin.py:109} INFO - [2022-05-11 07:12:40,042] {dagbag.py:500} INFO - Filling up the DagBag from /opt/airflow/dags/ej8.py
[2022-05-11 07:12:40,061] {logging_mixin.py:109} INFO - [2022-05-11 07:12:40,058] {dagbag.py:334} ERROR - Failed to import: /opt/airflow/dags/ej8.py
Traceback (most recent call last):
  File "/home/airflow/.local/lib/python3.7/site-packages/airflow/models/dagbag.py", line 331, in _load_modules_from_file
    loader.exec_module(new_module)
  File "<frozen importlib._bootstrap_external>", line 728, in exec_module
  File "<frozen importlib._bootstrap>", line 219, in _call_with_frames_removed
  File "/opt/airflow/dags/ej8.py", line 4, in <module>
    from airflow.providers.apache.hive.operators.hive import HiveOperator
ModuleNotFoundError: No module named 'airflow.providers.apache'
[2022-05-11 07:12:40,062] {processor.py:654} WARNING - No viable dags retrieved from /opt/airflow/dags/ej8.py
[2022-05-11 07:12:40,085] {processor.py:171} INFO - Processing /opt/airflow/dags/ej8.py took 0.048 seconds
[2022-05-11 07:13:10,326] {processor.py:163} INFO - Started process (PID=31159) to work on /opt/airflow/dags/ej8.py
[2022-05-11 07:13:10,327] {processor.py:642} INFO - Processing file /opt/airflow/dags/ej8.py for tasks to queue
[2022-05-11 07:13:10,329] {logging_mixin.py:109} INFO - [2022-05-11 07:13:10,328] {dagbag.py:500} INFO - Filling up the DagBag from /opt/airflow/dags/ej8.py
[2022-05-11 07:13:10,354] {logging_mixin.py:109} INFO - [2022-05-11 07:13:10,348] {dagbag.py:334} ERROR - Failed to import: /opt/airflow/dags/ej8.py
Traceback (most recent call last):
  File "/home/airflow/.local/lib/python3.7/site-packages/airflow/models/dagbag.py", line 331, in _load_modules_from_file
    loader.exec_module(new_module)
  File "<frozen importlib._bootstrap_external>", line 728, in exec_module
  File "<frozen importlib._bootstrap>", line 219, in _call_with_frames_removed
  File "/opt/airflow/dags/ej8.py", line 4, in <module>
    from airflow.providers.apache.hive.operators.hive import HiveOperator
ModuleNotFoundError: No module named 'airflow.providers.apache'
[2022-05-11 07:13:10,355] {processor.py:654} WARNING - No viable dags retrieved from /opt/airflow/dags/ej8.py
[2022-05-11 07:13:10,378] {processor.py:171} INFO - Processing /opt/airflow/dags/ej8.py took 0.055 seconds
[2022-05-11 07:13:40,607] {processor.py:163} INFO - Started process (PID=31223) to work on /opt/airflow/dags/ej8.py
[2022-05-11 07:13:40,608] {processor.py:642} INFO - Processing file /opt/airflow/dags/ej8.py for tasks to queue
[2022-05-11 07:13:40,609] {logging_mixin.py:109} INFO - [2022-05-11 07:13:40,609] {dagbag.py:500} INFO - Filling up the DagBag from /opt/airflow/dags/ej8.py
[2022-05-11 07:13:40,638] {logging_mixin.py:109} INFO - [2022-05-11 07:13:40,634] {dagbag.py:334} ERROR - Failed to import: /opt/airflow/dags/ej8.py
Traceback (most recent call last):
  File "/home/airflow/.local/lib/python3.7/site-packages/airflow/models/dagbag.py", line 331, in _load_modules_from_file
    loader.exec_module(new_module)
  File "<frozen importlib._bootstrap_external>", line 728, in exec_module
  File "<frozen importlib._bootstrap>", line 219, in _call_with_frames_removed
  File "/opt/airflow/dags/ej8.py", line 4, in <module>
    from airflow.providers.apache.hive.operators.hive import HiveOperator
ModuleNotFoundError: No module named 'airflow.providers.apache'
[2022-05-11 07:13:40,639] {processor.py:654} WARNING - No viable dags retrieved from /opt/airflow/dags/ej8.py
[2022-05-11 07:13:40,664] {processor.py:171} INFO - Processing /opt/airflow/dags/ej8.py took 0.062 seconds
[2022-05-11 07:14:11,002] {processor.py:163} INFO - Started process (PID=31295) to work on /opt/airflow/dags/ej8.py
[2022-05-11 07:14:11,003] {processor.py:642} INFO - Processing file /opt/airflow/dags/ej8.py for tasks to queue
[2022-05-11 07:14:11,004] {logging_mixin.py:109} INFO - [2022-05-11 07:14:11,004] {dagbag.py:500} INFO - Filling up the DagBag from /opt/airflow/dags/ej8.py
[2022-05-11 07:14:11,022] {logging_mixin.py:109} INFO - [2022-05-11 07:14:11,018] {dagbag.py:334} ERROR - Failed to import: /opt/airflow/dags/ej8.py
Traceback (most recent call last):
  File "/home/airflow/.local/lib/python3.7/site-packages/airflow/models/dagbag.py", line 331, in _load_modules_from_file
    loader.exec_module(new_module)
  File "<frozen importlib._bootstrap_external>", line 728, in exec_module
  File "<frozen importlib._bootstrap>", line 219, in _call_with_frames_removed
  File "/opt/airflow/dags/ej8.py", line 4, in <module>
    from airflow.providers.apache.hive.operators.hive import HiveOperator
ModuleNotFoundError: No module named 'airflow.providers.apache'
[2022-05-11 07:14:11,023] {processor.py:654} WARNING - No viable dags retrieved from /opt/airflow/dags/ej8.py
[2022-05-11 07:14:11,050] {processor.py:171} INFO - Processing /opt/airflow/dags/ej8.py took 0.052 seconds
[2022-05-11 07:14:41,653] {processor.py:163} INFO - Started process (PID=31358) to work on /opt/airflow/dags/ej8.py
[2022-05-11 07:14:41,655] {processor.py:642} INFO - Processing file /opt/airflow/dags/ej8.py for tasks to queue
[2022-05-11 07:14:41,656] {logging_mixin.py:109} INFO - [2022-05-11 07:14:41,656] {dagbag.py:500} INFO - Filling up the DagBag from /opt/airflow/dags/ej8.py
[2022-05-11 07:14:41,677] {logging_mixin.py:109} INFO - [2022-05-11 07:14:41,674] {dagbag.py:334} ERROR - Failed to import: /opt/airflow/dags/ej8.py
Traceback (most recent call last):
  File "/home/airflow/.local/lib/python3.7/site-packages/airflow/models/dagbag.py", line 331, in _load_modules_from_file
    loader.exec_module(new_module)
  File "<frozen importlib._bootstrap_external>", line 728, in exec_module
  File "<frozen importlib._bootstrap>", line 219, in _call_with_frames_removed
  File "/opt/airflow/dags/ej8.py", line 4, in <module>
    from airflow.providers.apache.hive.operators.hive import HiveOperator
ModuleNotFoundError: No module named 'airflow.providers.apache'
[2022-05-11 07:14:41,678] {processor.py:654} WARNING - No viable dags retrieved from /opt/airflow/dags/ej8.py
[2022-05-11 07:14:41,708] {processor.py:171} INFO - Processing /opt/airflow/dags/ej8.py took 0.059 seconds
[2022-05-11 07:15:11,798] {processor.py:163} INFO - Started process (PID=31431) to work on /opt/airflow/dags/ej8.py
[2022-05-11 07:15:11,799] {processor.py:642} INFO - Processing file /opt/airflow/dags/ej8.py for tasks to queue
[2022-05-11 07:15:11,800] {logging_mixin.py:109} INFO - [2022-05-11 07:15:11,800] {dagbag.py:500} INFO - Filling up the DagBag from /opt/airflow/dags/ej8.py
[2022-05-11 07:15:11,822] {logging_mixin.py:109} INFO - [2022-05-11 07:15:11,818] {dagbag.py:334} ERROR - Failed to import: /opt/airflow/dags/ej8.py
Traceback (most recent call last):
  File "/home/airflow/.local/lib/python3.7/site-packages/airflow/models/dagbag.py", line 331, in _load_modules_from_file
    loader.exec_module(new_module)
  File "<frozen importlib._bootstrap_external>", line 728, in exec_module
  File "<frozen importlib._bootstrap>", line 219, in _call_with_frames_removed
  File "/opt/airflow/dags/ej8.py", line 4, in <module>
    from airflow.providers.apache.hive.operators.hive import HiveOperator
ModuleNotFoundError: No module named 'airflow.providers.apache'
[2022-05-11 07:15:11,823] {processor.py:654} WARNING - No viable dags retrieved from /opt/airflow/dags/ej8.py
[2022-05-11 07:15:11,848] {processor.py:171} INFO - Processing /opt/airflow/dags/ej8.py took 0.053 seconds
[2022-05-11 07:15:42,022] {processor.py:163} INFO - Started process (PID=31496) to work on /opt/airflow/dags/ej8.py
[2022-05-11 07:15:42,023] {processor.py:642} INFO - Processing file /opt/airflow/dags/ej8.py for tasks to queue
[2022-05-11 07:15:42,023] {logging_mixin.py:109} INFO - [2022-05-11 07:15:42,023] {dagbag.py:500} INFO - Filling up the DagBag from /opt/airflow/dags/ej8.py
[2022-05-11 07:15:42,044] {logging_mixin.py:109} INFO - [2022-05-11 07:15:42,041] {dagbag.py:334} ERROR - Failed to import: /opt/airflow/dags/ej8.py
Traceback (most recent call last):
  File "/home/airflow/.local/lib/python3.7/site-packages/airflow/models/dagbag.py", line 331, in _load_modules_from_file
    loader.exec_module(new_module)
  File "<frozen importlib._bootstrap_external>", line 728, in exec_module
  File "<frozen importlib._bootstrap>", line 219, in _call_with_frames_removed
  File "/opt/airflow/dags/ej8.py", line 4, in <module>
    from airflow.providers.apache.hive.operators.hive import HiveOperator
ModuleNotFoundError: No module named 'airflow.providers.apache'
[2022-05-11 07:15:42,045] {processor.py:654} WARNING - No viable dags retrieved from /opt/airflow/dags/ej8.py
[2022-05-11 07:15:42,068] {processor.py:171} INFO - Processing /opt/airflow/dags/ej8.py took 0.050 seconds
[2022-05-11 07:16:12,568] {processor.py:163} INFO - Started process (PID=31570) to work on /opt/airflow/dags/ej8.py
[2022-05-11 07:16:12,570] {processor.py:642} INFO - Processing file /opt/airflow/dags/ej8.py for tasks to queue
[2022-05-11 07:16:12,571] {logging_mixin.py:109} INFO - [2022-05-11 07:16:12,571] {dagbag.py:500} INFO - Filling up the DagBag from /opt/airflow/dags/ej8.py
[2022-05-11 07:16:12,591] {logging_mixin.py:109} INFO - [2022-05-11 07:16:12,586] {dagbag.py:334} ERROR - Failed to import: /opt/airflow/dags/ej8.py
Traceback (most recent call last):
  File "/home/airflow/.local/lib/python3.7/site-packages/airflow/models/dagbag.py", line 331, in _load_modules_from_file
    loader.exec_module(new_module)
  File "<frozen importlib._bootstrap_external>", line 728, in exec_module
  File "<frozen importlib._bootstrap>", line 219, in _call_with_frames_removed
  File "/opt/airflow/dags/ej8.py", line 4, in <module>
    from airflow.providers.apache.hive.operators.hive import HiveOperator
ModuleNotFoundError: No module named 'airflow.providers.apache'
[2022-05-11 07:16:12,593] {processor.py:654} WARNING - No viable dags retrieved from /opt/airflow/dags/ej8.py
[2022-05-11 07:16:12,620] {processor.py:171} INFO - Processing /opt/airflow/dags/ej8.py took 0.054 seconds
[2022-05-11 07:16:42,965] {processor.py:163} INFO - Started process (PID=31643) to work on /opt/airflow/dags/ej8.py
[2022-05-11 07:16:42,967] {processor.py:642} INFO - Processing file /opt/airflow/dags/ej8.py for tasks to queue
[2022-05-11 07:16:42,968] {logging_mixin.py:109} INFO - [2022-05-11 07:16:42,968] {dagbag.py:500} INFO - Filling up the DagBag from /opt/airflow/dags/ej8.py
[2022-05-11 07:16:43,004] {logging_mixin.py:109} INFO - [2022-05-11 07:16:42,998] {dagbag.py:334} ERROR - Failed to import: /opt/airflow/dags/ej8.py
Traceback (most recent call last):
  File "/home/airflow/.local/lib/python3.7/site-packages/airflow/models/dagbag.py", line 331, in _load_modules_from_file
    loader.exec_module(new_module)
  File "<frozen importlib._bootstrap_external>", line 728, in exec_module
  File "<frozen importlib._bootstrap>", line 219, in _call_with_frames_removed
  File "/opt/airflow/dags/ej8.py", line 4, in <module>
    from airflow.providers.apache.hive.operators.hive import HiveOperator
ModuleNotFoundError: No module named 'airflow.providers.apache'
[2022-05-11 07:16:43,006] {processor.py:654} WARNING - No viable dags retrieved from /opt/airflow/dags/ej8.py
[2022-05-11 07:16:43,040] {processor.py:171} INFO - Processing /opt/airflow/dags/ej8.py took 0.081 seconds
[2022-05-11 07:17:13,549] {processor.py:163} INFO - Started process (PID=31705) to work on /opt/airflow/dags/ej8.py
[2022-05-11 07:17:13,551] {processor.py:642} INFO - Processing file /opt/airflow/dags/ej8.py for tasks to queue
[2022-05-11 07:17:13,553] {logging_mixin.py:109} INFO - [2022-05-11 07:17:13,552] {dagbag.py:500} INFO - Filling up the DagBag from /opt/airflow/dags/ej8.py
[2022-05-11 07:17:13,583] {logging_mixin.py:109} INFO - [2022-05-11 07:17:13,578] {dagbag.py:334} ERROR - Failed to import: /opt/airflow/dags/ej8.py
Traceback (most recent call last):
  File "/home/airflow/.local/lib/python3.7/site-packages/airflow/models/dagbag.py", line 331, in _load_modules_from_file
    loader.exec_module(new_module)
  File "<frozen importlib._bootstrap_external>", line 728, in exec_module
  File "<frozen importlib._bootstrap>", line 219, in _call_with_frames_removed
  File "/opt/airflow/dags/ej8.py", line 4, in <module>
    from airflow.providers.apache.hive.operators.hive import HiveOperator
ModuleNotFoundError: No module named 'airflow.providers.apache'
[2022-05-11 07:17:13,585] {processor.py:654} WARNING - No viable dags retrieved from /opt/airflow/dags/ej8.py
[2022-05-11 07:17:13,621] {processor.py:171} INFO - Processing /opt/airflow/dags/ej8.py took 0.076 seconds
[2022-05-11 07:17:44,037] {processor.py:163} INFO - Started process (PID=31769) to work on /opt/airflow/dags/ej8.py
[2022-05-11 07:17:44,039] {processor.py:642} INFO - Processing file /opt/airflow/dags/ej8.py for tasks to queue
[2022-05-11 07:17:44,040] {logging_mixin.py:109} INFO - [2022-05-11 07:17:44,040] {dagbag.py:500} INFO - Filling up the DagBag from /opt/airflow/dags/ej8.py
[2022-05-11 07:17:44,065] {logging_mixin.py:109} INFO - [2022-05-11 07:17:44,060] {dagbag.py:334} ERROR - Failed to import: /opt/airflow/dags/ej8.py
Traceback (most recent call last):
  File "/home/airflow/.local/lib/python3.7/site-packages/airflow/models/dagbag.py", line 331, in _load_modules_from_file
    loader.exec_module(new_module)
  File "<frozen importlib._bootstrap_external>", line 728, in exec_module
  File "<frozen importlib._bootstrap>", line 219, in _call_with_frames_removed
  File "/opt/airflow/dags/ej8.py", line 4, in <module>
    from airflow.providers.apache.hive.operators.hive import HiveOperator
ModuleNotFoundError: No module named 'airflow.providers.apache'
[2022-05-11 07:17:44,068] {processor.py:654} WARNING - No viable dags retrieved from /opt/airflow/dags/ej8.py
[2022-05-11 07:17:44,093] {processor.py:171} INFO - Processing /opt/airflow/dags/ej8.py took 0.059 seconds
[2022-05-11 07:18:14,738] {processor.py:163} INFO - Started process (PID=31842) to work on /opt/airflow/dags/ej8.py
[2022-05-11 07:18:14,740] {processor.py:642} INFO - Processing file /opt/airflow/dags/ej8.py for tasks to queue
[2022-05-11 07:18:14,741] {logging_mixin.py:109} INFO - [2022-05-11 07:18:14,740] {dagbag.py:500} INFO - Filling up the DagBag from /opt/airflow/dags/ej8.py
[2022-05-11 07:18:14,773] {logging_mixin.py:109} INFO - [2022-05-11 07:18:14,767] {dagbag.py:334} ERROR - Failed to import: /opt/airflow/dags/ej8.py
Traceback (most recent call last):
  File "/home/airflow/.local/lib/python3.7/site-packages/airflow/models/dagbag.py", line 331, in _load_modules_from_file
    loader.exec_module(new_module)
  File "<frozen importlib._bootstrap_external>", line 728, in exec_module
  File "<frozen importlib._bootstrap>", line 219, in _call_with_frames_removed
  File "/opt/airflow/dags/ej8.py", line 4, in <module>
    from airflow.providers.apache.hive.operators.hive import HiveOperator
ModuleNotFoundError: No module named 'airflow.providers.apache'
[2022-05-11 07:18:14,774] {processor.py:654} WARNING - No viable dags retrieved from /opt/airflow/dags/ej8.py
[2022-05-11 07:18:14,808] {processor.py:171} INFO - Processing /opt/airflow/dags/ej8.py took 0.075 seconds
[2022-05-11 07:18:44,915] {processor.py:163} INFO - Started process (PID=31904) to work on /opt/airflow/dags/ej8.py
[2022-05-11 07:18:44,916] {processor.py:642} INFO - Processing file /opt/airflow/dags/ej8.py for tasks to queue
[2022-05-11 07:18:44,917] {logging_mixin.py:109} INFO - [2022-05-11 07:18:44,917] {dagbag.py:500} INFO - Filling up the DagBag from /opt/airflow/dags/ej8.py
[2022-05-11 07:18:44,934] {logging_mixin.py:109} INFO - [2022-05-11 07:18:44,931] {dagbag.py:334} ERROR - Failed to import: /opt/airflow/dags/ej8.py
Traceback (most recent call last):
  File "/home/airflow/.local/lib/python3.7/site-packages/airflow/models/dagbag.py", line 331, in _load_modules_from_file
    loader.exec_module(new_module)
  File "<frozen importlib._bootstrap_external>", line 728, in exec_module
  File "<frozen importlib._bootstrap>", line 219, in _call_with_frames_removed
  File "/opt/airflow/dags/ej8.py", line 4, in <module>
    from airflow.providers.apache.hive.operators.hive import HiveOperator
ModuleNotFoundError: No module named 'airflow.providers.apache'
[2022-05-11 07:18:44,935] {processor.py:654} WARNING - No viable dags retrieved from /opt/airflow/dags/ej8.py
[2022-05-11 07:18:44,964] {processor.py:171} INFO - Processing /opt/airflow/dags/ej8.py took 0.053 seconds
[2022-05-11 07:19:15,115] {processor.py:163} INFO - Started process (PID=31977) to work on /opt/airflow/dags/ej8.py
[2022-05-11 07:19:15,117] {processor.py:642} INFO - Processing file /opt/airflow/dags/ej8.py for tasks to queue
[2022-05-11 07:19:15,120] {logging_mixin.py:109} INFO - [2022-05-11 07:19:15,119] {dagbag.py:500} INFO - Filling up the DagBag from /opt/airflow/dags/ej8.py
[2022-05-11 07:19:15,157] {logging_mixin.py:109} INFO - [2022-05-11 07:19:15,148] {dagbag.py:334} ERROR - Failed to import: /opt/airflow/dags/ej8.py
Traceback (most recent call last):
  File "/home/airflow/.local/lib/python3.7/site-packages/airflow/models/dagbag.py", line 331, in _load_modules_from_file
    loader.exec_module(new_module)
  File "<frozen importlib._bootstrap_external>", line 728, in exec_module
  File "<frozen importlib._bootstrap>", line 219, in _call_with_frames_removed
  File "/opt/airflow/dags/ej8.py", line 4, in <module>
    from airflow.providers.apache.hive.operators.hive import HiveOperator
ModuleNotFoundError: No module named 'airflow.providers.apache'
[2022-05-11 07:19:15,158] {processor.py:654} WARNING - No viable dags retrieved from /opt/airflow/dags/ej8.py
[2022-05-11 07:19:15,197] {processor.py:171} INFO - Processing /opt/airflow/dags/ej8.py took 0.088 seconds
[2022-05-11 07:19:45,268] {processor.py:163} INFO - Started process (PID=32038) to work on /opt/airflow/dags/ej8.py
[2022-05-11 07:19:45,270] {processor.py:642} INFO - Processing file /opt/airflow/dags/ej8.py for tasks to queue
[2022-05-11 07:19:45,271] {logging_mixin.py:109} INFO - [2022-05-11 07:19:45,271] {dagbag.py:500} INFO - Filling up the DagBag from /opt/airflow/dags/ej8.py
[2022-05-11 07:19:45,297] {logging_mixin.py:109} INFO - [2022-05-11 07:19:45,293] {dagbag.py:334} ERROR - Failed to import: /opt/airflow/dags/ej8.py
Traceback (most recent call last):
  File "/home/airflow/.local/lib/python3.7/site-packages/airflow/models/dagbag.py", line 331, in _load_modules_from_file
    loader.exec_module(new_module)
  File "<frozen importlib._bootstrap_external>", line 728, in exec_module
  File "<frozen importlib._bootstrap>", line 219, in _call_with_frames_removed
  File "/opt/airflow/dags/ej8.py", line 4, in <module>
    from airflow.providers.apache.hive.operators.hive import HiveOperator
ModuleNotFoundError: No module named 'airflow.providers.apache'
[2022-05-11 07:19:45,299] {processor.py:654} WARNING - No viable dags retrieved from /opt/airflow/dags/ej8.py
[2022-05-11 07:19:45,328] {processor.py:171} INFO - Processing /opt/airflow/dags/ej8.py took 0.062 seconds
[2022-05-11 07:20:15,678] {processor.py:163} INFO - Started process (PID=32111) to work on /opt/airflow/dags/ej8.py
[2022-05-11 07:20:15,680] {processor.py:642} INFO - Processing file /opt/airflow/dags/ej8.py for tasks to queue
[2022-05-11 07:20:15,681] {logging_mixin.py:109} INFO - [2022-05-11 07:20:15,681] {dagbag.py:500} INFO - Filling up the DagBag from /opt/airflow/dags/ej8.py
[2022-05-11 07:20:15,701] {logging_mixin.py:109} INFO - [2022-05-11 07:20:15,699] {dagbag.py:334} ERROR - Failed to import: /opt/airflow/dags/ej8.py
Traceback (most recent call last):
  File "/home/airflow/.local/lib/python3.7/site-packages/airflow/models/dagbag.py", line 331, in _load_modules_from_file
    loader.exec_module(new_module)
  File "<frozen importlib._bootstrap_external>", line 728, in exec_module
  File "<frozen importlib._bootstrap>", line 219, in _call_with_frames_removed
  File "/opt/airflow/dags/ej8.py", line 4, in <module>
    from airflow.providers.apache.hive.operators.hive import HiveOperator
ModuleNotFoundError: No module named 'airflow.providers.apache'
[2022-05-11 07:20:15,702] {processor.py:654} WARNING - No viable dags retrieved from /opt/airflow/dags/ej8.py
[2022-05-11 07:20:15,728] {processor.py:171} INFO - Processing /opt/airflow/dags/ej8.py took 0.053 seconds
[2022-05-11 07:20:45,970] {processor.py:163} INFO - Started process (PID=32174) to work on /opt/airflow/dags/ej8.py
[2022-05-11 07:20:45,972] {processor.py:642} INFO - Processing file /opt/airflow/dags/ej8.py for tasks to queue
[2022-05-11 07:20:45,973] {logging_mixin.py:109} INFO - [2022-05-11 07:20:45,973] {dagbag.py:500} INFO - Filling up the DagBag from /opt/airflow/dags/ej8.py
[2022-05-11 07:20:45,992] {logging_mixin.py:109} INFO - [2022-05-11 07:20:45,987] {dagbag.py:334} ERROR - Failed to import: /opt/airflow/dags/ej8.py
Traceback (most recent call last):
  File "/home/airflow/.local/lib/python3.7/site-packages/airflow/models/dagbag.py", line 331, in _load_modules_from_file
    loader.exec_module(new_module)
  File "<frozen importlib._bootstrap_external>", line 728, in exec_module
  File "<frozen importlib._bootstrap>", line 219, in _call_with_frames_removed
  File "/opt/airflow/dags/ej8.py", line 4, in <module>
    from airflow.providers.apache.hive.operators.hive import HiveOperator
ModuleNotFoundError: No module named 'airflow.providers.apache'
[2022-05-11 07:20:45,995] {processor.py:654} WARNING - No viable dags retrieved from /opt/airflow/dags/ej8.py
[2022-05-11 07:20:46,019] {processor.py:171} INFO - Processing /opt/airflow/dags/ej8.py took 0.052 seconds
[2022-05-11 07:21:16,745] {processor.py:163} INFO - Started process (PID=32247) to work on /opt/airflow/dags/ej8.py
[2022-05-11 07:21:16,747] {processor.py:642} INFO - Processing file /opt/airflow/dags/ej8.py for tasks to queue
[2022-05-11 07:21:16,747] {logging_mixin.py:109} INFO - [2022-05-11 07:21:16,747] {dagbag.py:500} INFO - Filling up the DagBag from /opt/airflow/dags/ej8.py
[2022-05-11 07:21:16,768] {logging_mixin.py:109} INFO - [2022-05-11 07:21:16,765] {dagbag.py:334} ERROR - Failed to import: /opt/airflow/dags/ej8.py
Traceback (most recent call last):
  File "/home/airflow/.local/lib/python3.7/site-packages/airflow/models/dagbag.py", line 331, in _load_modules_from_file
    loader.exec_module(new_module)
  File "<frozen importlib._bootstrap_external>", line 728, in exec_module
  File "<frozen importlib._bootstrap>", line 219, in _call_with_frames_removed
  File "/opt/airflow/dags/ej8.py", line 4, in <module>
    from airflow.providers.apache.hive.operators.hive import HiveOperator
ModuleNotFoundError: No module named 'airflow.providers.apache'
[2022-05-11 07:21:16,769] {processor.py:654} WARNING - No viable dags retrieved from /opt/airflow/dags/ej8.py
[2022-05-11 07:21:16,801] {processor.py:171} INFO - Processing /opt/airflow/dags/ej8.py took 0.058 seconds
[2022-05-11 07:21:46,925] {processor.py:163} INFO - Started process (PID=32309) to work on /opt/airflow/dags/ej8.py
[2022-05-11 07:21:46,926] {processor.py:642} INFO - Processing file /opt/airflow/dags/ej8.py for tasks to queue
[2022-05-11 07:21:46,927] {logging_mixin.py:109} INFO - [2022-05-11 07:21:46,927] {dagbag.py:500} INFO - Filling up the DagBag from /opt/airflow/dags/ej8.py
[2022-05-11 07:21:46,947] {logging_mixin.py:109} INFO - [2022-05-11 07:21:46,943] {dagbag.py:334} ERROR - Failed to import: /opt/airflow/dags/ej8.py
Traceback (most recent call last):
  File "/home/airflow/.local/lib/python3.7/site-packages/airflow/models/dagbag.py", line 331, in _load_modules_from_file
    loader.exec_module(new_module)
  File "<frozen importlib._bootstrap_external>", line 728, in exec_module
  File "<frozen importlib._bootstrap>", line 219, in _call_with_frames_removed
  File "/opt/airflow/dags/ej8.py", line 4, in <module>
    from airflow.providers.apache.hive.operators.hive import HiveOperator
ModuleNotFoundError: No module named 'airflow.providers.apache'
[2022-05-11 07:21:46,948] {processor.py:654} WARNING - No viable dags retrieved from /opt/airflow/dags/ej8.py
[2022-05-11 07:21:46,972] {processor.py:171} INFO - Processing /opt/airflow/dags/ej8.py took 0.052 seconds
[2022-05-11 07:22:17,093] {processor.py:163} INFO - Started process (PID=32381) to work on /opt/airflow/dags/ej8.py
[2022-05-11 07:22:17,095] {processor.py:642} INFO - Processing file /opt/airflow/dags/ej8.py for tasks to queue
[2022-05-11 07:22:17,098] {logging_mixin.py:109} INFO - [2022-05-11 07:22:17,097] {dagbag.py:500} INFO - Filling up the DagBag from /opt/airflow/dags/ej8.py
[2022-05-11 07:22:17,119] {logging_mixin.py:109} INFO - [2022-05-11 07:22:17,116] {dagbag.py:334} ERROR - Failed to import: /opt/airflow/dags/ej8.py
Traceback (most recent call last):
  File "/home/airflow/.local/lib/python3.7/site-packages/airflow/models/dagbag.py", line 331, in _load_modules_from_file
    loader.exec_module(new_module)
  File "<frozen importlib._bootstrap_external>", line 728, in exec_module
  File "<frozen importlib._bootstrap>", line 219, in _call_with_frames_removed
  File "/opt/airflow/dags/ej8.py", line 4, in <module>
    from airflow.providers.apache.hive.operators.hive import HiveOperator
ModuleNotFoundError: No module named 'airflow.providers.apache'
[2022-05-11 07:22:17,120] {processor.py:654} WARNING - No viable dags retrieved from /opt/airflow/dags/ej8.py
[2022-05-11 07:22:17,153] {processor.py:171} INFO - Processing /opt/airflow/dags/ej8.py took 0.063 seconds
[2022-05-11 07:22:47,512] {processor.py:163} INFO - Started process (PID=32446) to work on /opt/airflow/dags/ej8.py
[2022-05-11 07:22:47,514] {processor.py:642} INFO - Processing file /opt/airflow/dags/ej8.py for tasks to queue
[2022-05-11 07:22:47,515] {logging_mixin.py:109} INFO - [2022-05-11 07:22:47,514] {dagbag.py:500} INFO - Filling up the DagBag from /opt/airflow/dags/ej8.py
[2022-05-11 07:22:47,536] {logging_mixin.py:109} INFO - [2022-05-11 07:22:47,533] {dagbag.py:334} ERROR - Failed to import: /opt/airflow/dags/ej8.py
Traceback (most recent call last):
  File "/home/airflow/.local/lib/python3.7/site-packages/airflow/models/dagbag.py", line 331, in _load_modules_from_file
    loader.exec_module(new_module)
  File "<frozen importlib._bootstrap_external>", line 728, in exec_module
  File "<frozen importlib._bootstrap>", line 219, in _call_with_frames_removed
  File "/opt/airflow/dags/ej8.py", line 4, in <module>
    from airflow.providers.apache.hive.operators.hive import HiveOperator
ModuleNotFoundError: No module named 'airflow.providers.apache'
[2022-05-11 07:22:47,537] {processor.py:654} WARNING - No viable dags retrieved from /opt/airflow/dags/ej8.py
[2022-05-11 07:22:47,564] {processor.py:171} INFO - Processing /opt/airflow/dags/ej8.py took 0.056 seconds
[2022-05-11 07:23:18,156] {processor.py:163} INFO - Started process (PID=32509) to work on /opt/airflow/dags/ej8.py
[2022-05-11 07:23:18,158] {processor.py:642} INFO - Processing file /opt/airflow/dags/ej8.py for tasks to queue
[2022-05-11 07:23:18,158] {logging_mixin.py:109} INFO - [2022-05-11 07:23:18,158] {dagbag.py:500} INFO - Filling up the DagBag from /opt/airflow/dags/ej8.py
[2022-05-11 07:23:18,179] {logging_mixin.py:109} INFO - [2022-05-11 07:23:18,175] {dagbag.py:334} ERROR - Failed to import: /opt/airflow/dags/ej8.py
Traceback (most recent call last):
  File "/home/airflow/.local/lib/python3.7/site-packages/airflow/models/dagbag.py", line 331, in _load_modules_from_file
    loader.exec_module(new_module)
  File "<frozen importlib._bootstrap_external>", line 728, in exec_module
  File "<frozen importlib._bootstrap>", line 219, in _call_with_frames_removed
  File "/opt/airflow/dags/ej8.py", line 4, in <module>
    from airflow.providers.apache.hive.operators.hive import HiveOperator
ModuleNotFoundError: No module named 'airflow.providers.apache'
[2022-05-11 07:23:18,180] {processor.py:654} WARNING - No viable dags retrieved from /opt/airflow/dags/ej8.py
[2022-05-11 07:23:18,208] {processor.py:171} INFO - Processing /opt/airflow/dags/ej8.py took 0.054 seconds
[2022-05-11 07:23:48,526] {processor.py:163} INFO - Started process (PID=32581) to work on /opt/airflow/dags/ej8.py
[2022-05-11 07:23:48,528] {processor.py:642} INFO - Processing file /opt/airflow/dags/ej8.py for tasks to queue
[2022-05-11 07:23:48,528] {logging_mixin.py:109} INFO - [2022-05-11 07:23:48,528] {dagbag.py:500} INFO - Filling up the DagBag from /opt/airflow/dags/ej8.py
[2022-05-11 07:23:48,553] {logging_mixin.py:109} INFO - [2022-05-11 07:23:48,550] {dagbag.py:334} ERROR - Failed to import: /opt/airflow/dags/ej8.py
Traceback (most recent call last):
  File "/home/airflow/.local/lib/python3.7/site-packages/airflow/models/dagbag.py", line 331, in _load_modules_from_file
    loader.exec_module(new_module)
  File "<frozen importlib._bootstrap_external>", line 728, in exec_module
  File "<frozen importlib._bootstrap>", line 219, in _call_with_frames_removed
  File "/opt/airflow/dags/ej8.py", line 4, in <module>
    from airflow.providers.apache.hive.operators.hive import HiveOperator
ModuleNotFoundError: No module named 'airflow.providers.apache'
[2022-05-11 07:23:48,554] {processor.py:654} WARNING - No viable dags retrieved from /opt/airflow/dags/ej8.py
[2022-05-11 07:23:48,582] {processor.py:171} INFO - Processing /opt/airflow/dags/ej8.py took 0.059 seconds
[2022-05-11 07:24:19,032] {processor.py:163} INFO - Started process (PID=32654) to work on /opt/airflow/dags/ej8.py
[2022-05-11 07:24:19,034] {processor.py:642} INFO - Processing file /opt/airflow/dags/ej8.py for tasks to queue
[2022-05-11 07:24:19,036] {logging_mixin.py:109} INFO - [2022-05-11 07:24:19,036] {dagbag.py:500} INFO - Filling up the DagBag from /opt/airflow/dags/ej8.py
[2022-05-11 07:24:19,061] {logging_mixin.py:109} INFO - [2022-05-11 07:24:19,057] {dagbag.py:334} ERROR - Failed to import: /opt/airflow/dags/ej8.py
Traceback (most recent call last):
  File "/home/airflow/.local/lib/python3.7/site-packages/airflow/models/dagbag.py", line 331, in _load_modules_from_file
    loader.exec_module(new_module)
  File "<frozen importlib._bootstrap_external>", line 728, in exec_module
  File "<frozen importlib._bootstrap>", line 219, in _call_with_frames_removed
  File "/opt/airflow/dags/ej8.py", line 4, in <module>
    from airflow.providers.apache.hive.operators.hive import HiveOperator
ModuleNotFoundError: No module named 'airflow.providers.apache'
[2022-05-11 07:24:19,062] {processor.py:654} WARNING - No viable dags retrieved from /opt/airflow/dags/ej8.py
[2022-05-11 07:24:19,093] {processor.py:171} INFO - Processing /opt/airflow/dags/ej8.py took 0.066 seconds
[2022-05-11 07:24:49,436] {processor.py:163} INFO - Started process (PID=32718) to work on /opt/airflow/dags/ej8.py
[2022-05-11 07:24:49,437] {processor.py:642} INFO - Processing file /opt/airflow/dags/ej8.py for tasks to queue
[2022-05-11 07:24:49,438] {logging_mixin.py:109} INFO - [2022-05-11 07:24:49,438] {dagbag.py:500} INFO - Filling up the DagBag from /opt/airflow/dags/ej8.py
[2022-05-11 07:24:49,459] {logging_mixin.py:109} INFO - [2022-05-11 07:24:49,455] {dagbag.py:334} ERROR - Failed to import: /opt/airflow/dags/ej8.py
Traceback (most recent call last):
  File "/home/airflow/.local/lib/python3.7/site-packages/airflow/models/dagbag.py", line 331, in _load_modules_from_file
    loader.exec_module(new_module)
  File "<frozen importlib._bootstrap_external>", line 728, in exec_module
  File "<frozen importlib._bootstrap>", line 219, in _call_with_frames_removed
  File "/opt/airflow/dags/ej8.py", line 4, in <module>
    from airflow.providers.apache.hive.operators.hive import HiveOperator
ModuleNotFoundError: No module named 'airflow.providers.apache'
[2022-05-11 07:24:49,460] {processor.py:654} WARNING - No viable dags retrieved from /opt/airflow/dags/ej8.py
[2022-05-11 07:24:49,491] {processor.py:171} INFO - Processing /opt/airflow/dags/ej8.py took 0.061 seconds
[2022-05-11 07:25:20,006] {processor.py:163} INFO - Started process (PID=320) to work on /opt/airflow/dags/ej8.py
[2022-05-11 07:25:20,008] {processor.py:642} INFO - Processing file /opt/airflow/dags/ej8.py for tasks to queue
[2022-05-11 07:25:20,009] {logging_mixin.py:109} INFO - [2022-05-11 07:25:20,009] {dagbag.py:500} INFO - Filling up the DagBag from /opt/airflow/dags/ej8.py
[2022-05-11 07:25:20,036] {logging_mixin.py:109} INFO - [2022-05-11 07:25:20,033] {dagbag.py:334} ERROR - Failed to import: /opt/airflow/dags/ej8.py
Traceback (most recent call last):
  File "/home/airflow/.local/lib/python3.7/site-packages/airflow/models/dagbag.py", line 331, in _load_modules_from_file
    loader.exec_module(new_module)
  File "<frozen importlib._bootstrap_external>", line 728, in exec_module
  File "<frozen importlib._bootstrap>", line 219, in _call_with_frames_removed
  File "/opt/airflow/dags/ej8.py", line 4, in <module>
    from airflow.providers.apache.hive.operators.hive import HiveOperator
ModuleNotFoundError: No module named 'airflow.providers.apache'
[2022-05-11 07:25:20,038] {processor.py:654} WARNING - No viable dags retrieved from /opt/airflow/dags/ej8.py
[2022-05-11 07:25:20,070] {processor.py:171} INFO - Processing /opt/airflow/dags/ej8.py took 0.068 seconds
[2022-05-11 07:25:50,484] {processor.py:163} INFO - Started process (PID=385) to work on /opt/airflow/dags/ej8.py
[2022-05-11 07:25:50,485] {processor.py:642} INFO - Processing file /opt/airflow/dags/ej8.py for tasks to queue
[2022-05-11 07:25:50,486] {logging_mixin.py:109} INFO - [2022-05-11 07:25:50,486] {dagbag.py:500} INFO - Filling up the DagBag from /opt/airflow/dags/ej8.py
[2022-05-11 07:25:50,505] {logging_mixin.py:109} INFO - [2022-05-11 07:25:50,501] {dagbag.py:334} ERROR - Failed to import: /opt/airflow/dags/ej8.py
Traceback (most recent call last):
  File "/home/airflow/.local/lib/python3.7/site-packages/airflow/models/dagbag.py", line 331, in _load_modules_from_file
    loader.exec_module(new_module)
  File "<frozen importlib._bootstrap_external>", line 728, in exec_module
  File "<frozen importlib._bootstrap>", line 219, in _call_with_frames_removed
  File "/opt/airflow/dags/ej8.py", line 4, in <module>
    from airflow.providers.apache.hive.operators.hive import HiveOperator
ModuleNotFoundError: No module named 'airflow.providers.apache'
[2022-05-11 07:25:50,506] {processor.py:654} WARNING - No viable dags retrieved from /opt/airflow/dags/ej8.py
[2022-05-11 07:25:50,530] {processor.py:171} INFO - Processing /opt/airflow/dags/ej8.py took 0.049 seconds
[2022-05-11 07:26:20,741] {processor.py:163} INFO - Started process (PID=459) to work on /opt/airflow/dags/ej8.py
[2022-05-11 07:26:20,742] {processor.py:642} INFO - Processing file /opt/airflow/dags/ej8.py for tasks to queue
[2022-05-11 07:26:20,743] {logging_mixin.py:109} INFO - [2022-05-11 07:26:20,743] {dagbag.py:500} INFO - Filling up the DagBag from /opt/airflow/dags/ej8.py
[2022-05-11 07:26:20,761] {logging_mixin.py:109} INFO - [2022-05-11 07:26:20,758] {dagbag.py:334} ERROR - Failed to import: /opt/airflow/dags/ej8.py
Traceback (most recent call last):
  File "/home/airflow/.local/lib/python3.7/site-packages/airflow/models/dagbag.py", line 331, in _load_modules_from_file
    loader.exec_module(new_module)
  File "<frozen importlib._bootstrap_external>", line 728, in exec_module
  File "<frozen importlib._bootstrap>", line 219, in _call_with_frames_removed
  File "/opt/airflow/dags/ej8.py", line 4, in <module>
    from airflow.providers.apache.hive.operators.hive import HiveOperator
ModuleNotFoundError: No module named 'airflow.providers.apache'
[2022-05-11 07:26:20,762] {processor.py:654} WARNING - No viable dags retrieved from /opt/airflow/dags/ej8.py
[2022-05-11 07:26:20,785] {processor.py:171} INFO - Processing /opt/airflow/dags/ej8.py took 0.046 seconds
[2022-05-11 07:26:51,487] {processor.py:163} INFO - Started process (PID=523) to work on /opt/airflow/dags/ej8.py
[2022-05-11 07:26:51,488] {processor.py:642} INFO - Processing file /opt/airflow/dags/ej8.py for tasks to queue
[2022-05-11 07:26:51,489] {logging_mixin.py:109} INFO - [2022-05-11 07:26:51,489] {dagbag.py:500} INFO - Filling up the DagBag from /opt/airflow/dags/ej8.py
[2022-05-11 07:26:51,506] {logging_mixin.py:109} INFO - [2022-05-11 07:26:51,503] {dagbag.py:334} ERROR - Failed to import: /opt/airflow/dags/ej8.py
Traceback (most recent call last):
  File "/home/airflow/.local/lib/python3.7/site-packages/airflow/models/dagbag.py", line 331, in _load_modules_from_file
    loader.exec_module(new_module)
  File "<frozen importlib._bootstrap_external>", line 728, in exec_module
  File "<frozen importlib._bootstrap>", line 219, in _call_with_frames_removed
  File "/opt/airflow/dags/ej8.py", line 4, in <module>
    from airflow.providers.apache.hive.operators.hive import HiveOperator
ModuleNotFoundError: No module named 'airflow.providers.apache'
[2022-05-11 07:26:51,507] {processor.py:654} WARNING - No viable dags retrieved from /opt/airflow/dags/ej8.py
[2022-05-11 07:26:51,528] {processor.py:171} INFO - Processing /opt/airflow/dags/ej8.py took 0.044 seconds
[2022-05-11 07:27:22,354] {processor.py:163} INFO - Started process (PID=596) to work on /opt/airflow/dags/ej8.py
[2022-05-11 07:27:22,355] {processor.py:642} INFO - Processing file /opt/airflow/dags/ej8.py for tasks to queue
[2022-05-11 07:27:22,356] {logging_mixin.py:109} INFO - [2022-05-11 07:27:22,356] {dagbag.py:500} INFO - Filling up the DagBag from /opt/airflow/dags/ej8.py
[2022-05-11 07:27:22,376] {logging_mixin.py:109} INFO - [2022-05-11 07:27:22,372] {dagbag.py:334} ERROR - Failed to import: /opt/airflow/dags/ej8.py
Traceback (most recent call last):
  File "/home/airflow/.local/lib/python3.7/site-packages/airflow/models/dagbag.py", line 331, in _load_modules_from_file
    loader.exec_module(new_module)
  File "<frozen importlib._bootstrap_external>", line 728, in exec_module
  File "<frozen importlib._bootstrap>", line 219, in _call_with_frames_removed
  File "/opt/airflow/dags/ej8.py", line 4, in <module>
    from airflow.providers.apache.hive.operators.hive import HiveOperator
ModuleNotFoundError: No module named 'airflow.providers.apache'
[2022-05-11 07:27:22,377] {processor.py:654} WARNING - No viable dags retrieved from /opt/airflow/dags/ej8.py
[2022-05-11 07:27:22,402] {processor.py:171} INFO - Processing /opt/airflow/dags/ej8.py took 0.052 seconds
