[2022-05-11 06:55:48,139] {processor.py:163} INFO - Started process (PID=28836) to work on /opt/airflow/dags/first.py
[2022-05-11 06:55:48,141] {processor.py:642} INFO - Processing file /opt/airflow/dags/first.py for tasks to queue
[2022-05-11 06:55:48,142] {logging_mixin.py:109} INFO - [2022-05-11 06:55:48,142] {dagbag.py:500} INFO - Filling up the DagBag from /opt/airflow/dags/first.py
[2022-05-11 06:55:48,231] {processor.py:652} INFO - DAG(s) dict_keys(['first']) retrieved from /opt/airflow/dags/first.py
[2022-05-11 06:55:49,109] {logging_mixin.py:109} INFO - [2022-05-11 06:55:49,109] {dag.py:2398} INFO - Sync 1 DAGs
[2022-05-11 06:55:49,172] {logging_mixin.py:109} INFO - [2022-05-11 06:55:49,172] {dag.py:2937} INFO - Setting next_dagrun for first to 2022-05-09T00:00:00+00:00
[2022-05-11 06:55:49,264] {processor.py:171} INFO - Processing /opt/airflow/dags/first.py took 1.128 seconds
[2022-05-11 06:56:20,083] {processor.py:163} INFO - Started process (PID=28895) to work on /opt/airflow/dags/first.py
[2022-05-11 06:56:20,085] {processor.py:642} INFO - Processing file /opt/airflow/dags/first.py for tasks to queue
[2022-05-11 06:56:20,086] {logging_mixin.py:109} INFO - [2022-05-11 06:56:20,086] {dagbag.py:500} INFO - Filling up the DagBag from /opt/airflow/dags/first.py
[2022-05-11 06:56:20,145] {processor.py:652} INFO - DAG(s) dict_keys(['first']) retrieved from /opt/airflow/dags/first.py
[2022-05-11 06:56:20,166] {logging_mixin.py:109} INFO - [2022-05-11 06:56:20,166] {dag.py:2398} INFO - Sync 1 DAGs
[2022-05-11 06:56:20,183] {logging_mixin.py:109} INFO - [2022-05-11 06:56:20,182] {dag.py:2937} INFO - Setting next_dagrun for first to 2022-05-09T00:00:00+00:00
[2022-05-11 06:56:20,197] {processor.py:171} INFO - Processing /opt/airflow/dags/first.py took 0.118 seconds
[2022-05-11 06:56:50,644] {processor.py:163} INFO - Started process (PID=28965) to work on /opt/airflow/dags/first.py
[2022-05-11 06:56:50,645] {processor.py:642} INFO - Processing file /opt/airflow/dags/first.py for tasks to queue
[2022-05-11 06:56:50,646] {logging_mixin.py:109} INFO - [2022-05-11 06:56:50,646] {dagbag.py:500} INFO - Filling up the DagBag from /opt/airflow/dags/first.py
[2022-05-11 06:56:50,673] {processor.py:652} INFO - DAG(s) dict_keys(['first']) retrieved from /opt/airflow/dags/first.py
[2022-05-11 06:56:50,696] {logging_mixin.py:109} INFO - [2022-05-11 06:56:50,696] {dag.py:2398} INFO - Sync 1 DAGs
[2022-05-11 06:56:50,709] {logging_mixin.py:109} INFO - [2022-05-11 06:56:50,709] {dag.py:2937} INFO - Setting next_dagrun for first to 2022-05-09T00:00:00+00:00
[2022-05-11 06:56:50,723] {processor.py:171} INFO - Processing /opt/airflow/dags/first.py took 0.082 seconds
[2022-05-11 06:57:21,074] {processor.py:163} INFO - Started process (PID=29028) to work on /opt/airflow/dags/first.py
[2022-05-11 06:57:21,076] {processor.py:642} INFO - Processing file /opt/airflow/dags/first.py for tasks to queue
[2022-05-11 06:57:21,076] {logging_mixin.py:109} INFO - [2022-05-11 06:57:21,076] {dagbag.py:500} INFO - Filling up the DagBag from /opt/airflow/dags/first.py
[2022-05-11 06:57:21,107] {processor.py:652} INFO - DAG(s) dict_keys(['first']) retrieved from /opt/airflow/dags/first.py
[2022-05-11 06:57:21,168] {logging_mixin.py:109} INFO - [2022-05-11 06:57:21,168] {dag.py:2398} INFO - Sync 1 DAGs
[2022-05-11 06:57:21,187] {logging_mixin.py:109} INFO - [2022-05-11 06:57:21,187] {dag.py:2937} INFO - Setting next_dagrun for first to 2022-05-09T00:00:00+00:00
[2022-05-11 06:57:21,205] {processor.py:171} INFO - Processing /opt/airflow/dags/first.py took 0.134 seconds
[2022-05-11 06:57:51,323] {processor.py:163} INFO - Started process (PID=29101) to work on /opt/airflow/dags/first.py
[2022-05-11 06:57:51,325] {processor.py:642} INFO - Processing file /opt/airflow/dags/first.py for tasks to queue
[2022-05-11 06:57:51,326] {logging_mixin.py:109} INFO - [2022-05-11 06:57:51,326] {dagbag.py:500} INFO - Filling up the DagBag from /opt/airflow/dags/first.py
[2022-05-11 06:57:51,358] {processor.py:652} INFO - DAG(s) dict_keys(['first']) retrieved from /opt/airflow/dags/first.py
[2022-05-11 06:57:51,380] {logging_mixin.py:109} INFO - [2022-05-11 06:57:51,379] {dag.py:2398} INFO - Sync 1 DAGs
[2022-05-11 06:57:51,396] {logging_mixin.py:109} INFO - [2022-05-11 06:57:51,396] {dag.py:2937} INFO - Setting next_dagrun for first to 2022-05-09T00:00:00+00:00
[2022-05-11 06:57:51,411] {processor.py:171} INFO - Processing /opt/airflow/dags/first.py took 0.092 seconds
[2022-05-11 06:58:21,897] {processor.py:163} INFO - Started process (PID=29174) to work on /opt/airflow/dags/first.py
[2022-05-11 06:58:21,898] {processor.py:642} INFO - Processing file /opt/airflow/dags/first.py for tasks to queue
[2022-05-11 06:58:21,899] {logging_mixin.py:109} INFO - [2022-05-11 06:58:21,899] {dagbag.py:500} INFO - Filling up the DagBag from /opt/airflow/dags/first.py
[2022-05-11 06:58:21,936] {processor.py:652} INFO - DAG(s) dict_keys(['first']) retrieved from /opt/airflow/dags/first.py
[2022-05-11 06:58:21,961] {logging_mixin.py:109} INFO - [2022-05-11 06:58:21,961] {dag.py:2398} INFO - Sync 1 DAGs
[2022-05-11 06:58:21,979] {logging_mixin.py:109} INFO - [2022-05-11 06:58:21,979] {dag.py:2937} INFO - Setting next_dagrun for first to 2022-05-09T00:00:00+00:00
[2022-05-11 06:58:21,994] {processor.py:171} INFO - Processing /opt/airflow/dags/first.py took 0.102 seconds
[2022-05-11 06:58:52,233] {processor.py:163} INFO - Started process (PID=29236) to work on /opt/airflow/dags/first.py
[2022-05-11 06:58:52,235] {processor.py:642} INFO - Processing file /opt/airflow/dags/first.py for tasks to queue
[2022-05-11 06:58:52,236] {logging_mixin.py:109} INFO - [2022-05-11 06:58:52,236] {dagbag.py:500} INFO - Filling up the DagBag from /opt/airflow/dags/first.py
[2022-05-11 06:58:52,280] {processor.py:652} INFO - DAG(s) dict_keys(['first']) retrieved from /opt/airflow/dags/first.py
[2022-05-11 06:58:52,302] {logging_mixin.py:109} INFO - [2022-05-11 06:58:52,302] {dag.py:2398} INFO - Sync 1 DAGs
[2022-05-11 06:58:52,316] {logging_mixin.py:109} INFO - [2022-05-11 06:58:52,316] {dag.py:2937} INFO - Setting next_dagrun for first to 2022-05-09T00:00:00+00:00
[2022-05-11 06:58:52,331] {processor.py:171} INFO - Processing /opt/airflow/dags/first.py took 0.102 seconds
[2022-05-11 06:59:22,416] {processor.py:163} INFO - Started process (PID=29309) to work on /opt/airflow/dags/first.py
[2022-05-11 06:59:22,418] {processor.py:642} INFO - Processing file /opt/airflow/dags/first.py for tasks to queue
[2022-05-11 06:59:22,419] {logging_mixin.py:109} INFO - [2022-05-11 06:59:22,419] {dagbag.py:500} INFO - Filling up the DagBag from /opt/airflow/dags/first.py
[2022-05-11 06:59:22,478] {processor.py:652} INFO - DAG(s) dict_keys(['first']) retrieved from /opt/airflow/dags/first.py
[2022-05-11 06:59:22,506] {logging_mixin.py:109} INFO - [2022-05-11 06:59:22,506] {dag.py:2398} INFO - Sync 1 DAGs
[2022-05-11 06:59:22,530] {logging_mixin.py:109} INFO - [2022-05-11 06:59:22,529] {dag.py:2937} INFO - Setting next_dagrun for first to 2022-05-09T00:00:00+00:00
[2022-05-11 06:59:22,547] {processor.py:171} INFO - Processing /opt/airflow/dags/first.py took 0.137 seconds
[2022-05-11 06:59:53,498] {processor.py:163} INFO - Started process (PID=29372) to work on /opt/airflow/dags/first.py
[2022-05-11 06:59:53,499] {processor.py:642} INFO - Processing file /opt/airflow/dags/first.py for tasks to queue
[2022-05-11 06:59:53,501] {logging_mixin.py:109} INFO - [2022-05-11 06:59:53,500] {dagbag.py:500} INFO - Filling up the DagBag from /opt/airflow/dags/first.py
[2022-05-11 06:59:53,544] {processor.py:652} INFO - DAG(s) dict_keys(['first']) retrieved from /opt/airflow/dags/first.py
[2022-05-11 06:59:53,564] {logging_mixin.py:109} INFO - [2022-05-11 06:59:53,564] {dag.py:2398} INFO - Sync 1 DAGs
[2022-05-11 06:59:53,576] {logging_mixin.py:109} INFO - [2022-05-11 06:59:53,576] {dag.py:2937} INFO - Setting next_dagrun for first to 2022-05-09T00:00:00+00:00
[2022-05-11 06:59:53,591] {processor.py:171} INFO - Processing /opt/airflow/dags/first.py took 0.096 seconds
[2022-05-11 07:00:23,935] {processor.py:163} INFO - Started process (PID=29446) to work on /opt/airflow/dags/first.py
[2022-05-11 07:00:23,937] {processor.py:642} INFO - Processing file /opt/airflow/dags/first.py for tasks to queue
[2022-05-11 07:00:23,939] {logging_mixin.py:109} INFO - [2022-05-11 07:00:23,939] {dagbag.py:500} INFO - Filling up the DagBag from /opt/airflow/dags/first.py
[2022-05-11 07:00:23,980] {processor.py:652} INFO - DAG(s) dict_keys(['first']) retrieved from /opt/airflow/dags/first.py
[2022-05-11 07:00:24,001] {logging_mixin.py:109} INFO - [2022-05-11 07:00:24,001] {dag.py:2398} INFO - Sync 1 DAGs
[2022-05-11 07:00:24,014] {logging_mixin.py:109} INFO - [2022-05-11 07:00:24,014] {dag.py:2937} INFO - Setting next_dagrun for first to 2022-05-09T00:00:00+00:00
[2022-05-11 07:00:24,033] {processor.py:171} INFO - Processing /opt/airflow/dags/first.py took 0.103 seconds
[2022-05-11 07:00:54,640] {processor.py:163} INFO - Started process (PID=29510) to work on /opt/airflow/dags/first.py
[2022-05-11 07:00:54,643] {processor.py:642} INFO - Processing file /opt/airflow/dags/first.py for tasks to queue
[2022-05-11 07:00:54,644] {logging_mixin.py:109} INFO - [2022-05-11 07:00:54,644] {dagbag.py:500} INFO - Filling up the DagBag from /opt/airflow/dags/first.py
[2022-05-11 07:00:54,686] {processor.py:652} INFO - DAG(s) dict_keys(['first']) retrieved from /opt/airflow/dags/first.py
[2022-05-11 07:00:54,706] {logging_mixin.py:109} INFO - [2022-05-11 07:00:54,706] {dag.py:2398} INFO - Sync 1 DAGs
[2022-05-11 07:00:54,720] {logging_mixin.py:109} INFO - [2022-05-11 07:00:54,720] {dag.py:2937} INFO - Setting next_dagrun for first to 2022-05-09T00:00:00+00:00
[2022-05-11 07:00:54,735] {processor.py:171} INFO - Processing /opt/airflow/dags/first.py took 0.097 seconds
[2022-05-11 07:01:25,332] {processor.py:163} INFO - Started process (PID=29582) to work on /opt/airflow/dags/first.py
[2022-05-11 07:01:25,334] {processor.py:642} INFO - Processing file /opt/airflow/dags/first.py for tasks to queue
[2022-05-11 07:01:25,334] {logging_mixin.py:109} INFO - [2022-05-11 07:01:25,334] {dagbag.py:500} INFO - Filling up the DagBag from /opt/airflow/dags/first.py
[2022-05-11 07:01:25,362] {processor.py:652} INFO - DAG(s) dict_keys(['first']) retrieved from /opt/airflow/dags/first.py
[2022-05-11 07:01:25,388] {logging_mixin.py:109} INFO - [2022-05-11 07:01:25,388] {dag.py:2398} INFO - Sync 1 DAGs
[2022-05-11 07:01:25,401] {logging_mixin.py:109} INFO - [2022-05-11 07:01:25,401] {dag.py:2937} INFO - Setting next_dagrun for first to 2022-05-09T00:00:00+00:00
[2022-05-11 07:01:25,417] {processor.py:171} INFO - Processing /opt/airflow/dags/first.py took 0.088 seconds
[2022-05-11 07:01:55,595] {processor.py:163} INFO - Started process (PID=29645) to work on /opt/airflow/dags/first.py
[2022-05-11 07:01:55,597] {processor.py:642} INFO - Processing file /opt/airflow/dags/first.py for tasks to queue
[2022-05-11 07:01:55,598] {logging_mixin.py:109} INFO - [2022-05-11 07:01:55,598] {dagbag.py:500} INFO - Filling up the DagBag from /opt/airflow/dags/first.py
[2022-05-11 07:01:55,642] {processor.py:652} INFO - DAG(s) dict_keys(['first']) retrieved from /opt/airflow/dags/first.py
[2022-05-11 07:01:55,661] {logging_mixin.py:109} INFO - [2022-05-11 07:01:55,661] {dag.py:2398} INFO - Sync 1 DAGs
[2022-05-11 07:01:55,674] {logging_mixin.py:109} INFO - [2022-05-11 07:01:55,674] {dag.py:2937} INFO - Setting next_dagrun for first to 2022-05-09T00:00:00+00:00
[2022-05-11 07:01:55,690] {processor.py:171} INFO - Processing /opt/airflow/dags/first.py took 0.097 seconds
[2022-05-11 07:02:26,106] {processor.py:163} INFO - Started process (PID=29719) to work on /opt/airflow/dags/first.py
[2022-05-11 07:02:26,108] {processor.py:642} INFO - Processing file /opt/airflow/dags/first.py for tasks to queue
[2022-05-11 07:02:26,109] {logging_mixin.py:109} INFO - [2022-05-11 07:02:26,109] {dagbag.py:500} INFO - Filling up the DagBag from /opt/airflow/dags/first.py
[2022-05-11 07:02:26,157] {processor.py:652} INFO - DAG(s) dict_keys(['first']) retrieved from /opt/airflow/dags/first.py
[2022-05-11 07:02:26,179] {logging_mixin.py:109} INFO - [2022-05-11 07:02:26,179] {dag.py:2398} INFO - Sync 1 DAGs
[2022-05-11 07:02:26,193] {logging_mixin.py:109} INFO - [2022-05-11 07:02:26,193] {dag.py:2937} INFO - Setting next_dagrun for first to 2022-05-09T00:00:00+00:00
[2022-05-11 07:02:26,209] {processor.py:171} INFO - Processing /opt/airflow/dags/first.py took 0.106 seconds
[2022-05-11 07:02:56,740] {processor.py:163} INFO - Started process (PID=29782) to work on /opt/airflow/dags/first.py
[2022-05-11 07:02:56,742] {processor.py:642} INFO - Processing file /opt/airflow/dags/first.py for tasks to queue
[2022-05-11 07:02:56,744] {logging_mixin.py:109} INFO - [2022-05-11 07:02:56,744] {dagbag.py:500} INFO - Filling up the DagBag from /opt/airflow/dags/first.py
[2022-05-11 07:02:56,784] {processor.py:652} INFO - DAG(s) dict_keys(['first']) retrieved from /opt/airflow/dags/first.py
[2022-05-11 07:02:56,802] {logging_mixin.py:109} INFO - [2022-05-11 07:02:56,802] {dag.py:2398} INFO - Sync 1 DAGs
[2022-05-11 07:02:56,815] {logging_mixin.py:109} INFO - [2022-05-11 07:02:56,815] {dag.py:2937} INFO - Setting next_dagrun for first to 2022-05-09T00:00:00+00:00
[2022-05-11 07:02:56,831] {processor.py:171} INFO - Processing /opt/airflow/dags/first.py took 0.094 seconds
[2022-05-11 07:03:27,158] {processor.py:163} INFO - Started process (PID=29854) to work on /opt/airflow/dags/first.py
[2022-05-11 07:03:27,160] {processor.py:642} INFO - Processing file /opt/airflow/dags/first.py for tasks to queue
[2022-05-11 07:03:27,161] {logging_mixin.py:109} INFO - [2022-05-11 07:03:27,161] {dagbag.py:500} INFO - Filling up the DagBag from /opt/airflow/dags/first.py
[2022-05-11 07:03:27,213] {processor.py:652} INFO - DAG(s) dict_keys(['first']) retrieved from /opt/airflow/dags/first.py
[2022-05-11 07:03:27,238] {logging_mixin.py:109} INFO - [2022-05-11 07:03:27,237] {dag.py:2398} INFO - Sync 1 DAGs
[2022-05-11 07:03:27,253] {logging_mixin.py:109} INFO - [2022-05-11 07:03:27,253] {dag.py:2937} INFO - Setting next_dagrun for first to 2022-05-09T00:00:00+00:00
[2022-05-11 07:03:27,269] {processor.py:171} INFO - Processing /opt/airflow/dags/first.py took 0.115 seconds
[2022-05-11 07:03:58,002] {processor.py:163} INFO - Started process (PID=29924) to work on /opt/airflow/dags/first.py
[2022-05-11 07:03:58,004] {processor.py:642} INFO - Processing file /opt/airflow/dags/first.py for tasks to queue
[2022-05-11 07:03:58,005] {logging_mixin.py:109} INFO - [2022-05-11 07:03:58,005] {dagbag.py:500} INFO - Filling up the DagBag from /opt/airflow/dags/first.py
[2022-05-11 07:03:58,050] {processor.py:652} INFO - DAG(s) dict_keys(['first']) retrieved from /opt/airflow/dags/first.py
[2022-05-11 07:03:58,072] {logging_mixin.py:109} INFO - [2022-05-11 07:03:58,072] {dag.py:2398} INFO - Sync 1 DAGs
[2022-05-11 07:03:58,087] {logging_mixin.py:109} INFO - [2022-05-11 07:03:58,087] {dag.py:2937} INFO - Setting next_dagrun for first to 2022-05-09T00:00:00+00:00
[2022-05-11 07:03:58,105] {processor.py:171} INFO - Processing /opt/airflow/dags/first.py took 0.105 seconds
[2022-05-11 07:04:28,526] {processor.py:163} INFO - Started process (PID=29989) to work on /opt/airflow/dags/first.py
[2022-05-11 07:04:28,527] {processor.py:642} INFO - Processing file /opt/airflow/dags/first.py for tasks to queue
[2022-05-11 07:04:28,528] {logging_mixin.py:109} INFO - [2022-05-11 07:04:28,528] {dagbag.py:500} INFO - Filling up the DagBag from /opt/airflow/dags/first.py
[2022-05-11 07:04:28,556] {processor.py:652} INFO - DAG(s) dict_keys(['first']) retrieved from /opt/airflow/dags/first.py
[2022-05-11 07:04:28,578] {logging_mixin.py:109} INFO - [2022-05-11 07:04:28,578] {dag.py:2398} INFO - Sync 1 DAGs
[2022-05-11 07:04:28,594] {logging_mixin.py:109} INFO - [2022-05-11 07:04:28,593] {dag.py:2937} INFO - Setting next_dagrun for first to 2022-05-09T00:00:00+00:00
[2022-05-11 07:04:28,611] {processor.py:171} INFO - Processing /opt/airflow/dags/first.py took 0.090 seconds
[2022-05-11 07:04:59,024] {processor.py:163} INFO - Started process (PID=30063) to work on /opt/airflow/dags/first.py
[2022-05-11 07:04:59,025] {processor.py:642} INFO - Processing file /opt/airflow/dags/first.py for tasks to queue
[2022-05-11 07:04:59,027] {logging_mixin.py:109} INFO - [2022-05-11 07:04:59,026] {dagbag.py:500} INFO - Filling up the DagBag from /opt/airflow/dags/first.py
[2022-05-11 07:04:59,062] {processor.py:652} INFO - DAG(s) dict_keys(['first']) retrieved from /opt/airflow/dags/first.py
[2022-05-11 07:04:59,084] {logging_mixin.py:109} INFO - [2022-05-11 07:04:59,084] {dag.py:2398} INFO - Sync 1 DAGs
[2022-05-11 07:04:59,097] {logging_mixin.py:109} INFO - [2022-05-11 07:04:59,097] {dag.py:2937} INFO - Setting next_dagrun for first to 2022-05-09T00:00:00+00:00
[2022-05-11 07:04:59,110] {processor.py:171} INFO - Processing /opt/airflow/dags/first.py took 0.089 seconds
[2022-05-11 07:05:29,511] {processor.py:163} INFO - Started process (PID=30127) to work on /opt/airflow/dags/first.py
[2022-05-11 07:05:29,512] {processor.py:642} INFO - Processing file /opt/airflow/dags/first.py for tasks to queue
[2022-05-11 07:05:29,513] {logging_mixin.py:109} INFO - [2022-05-11 07:05:29,513] {dagbag.py:500} INFO - Filling up the DagBag from /opt/airflow/dags/first.py
[2022-05-11 07:05:29,537] {processor.py:652} INFO - DAG(s) dict_keys(['first']) retrieved from /opt/airflow/dags/first.py
[2022-05-11 07:05:29,559] {logging_mixin.py:109} INFO - [2022-05-11 07:05:29,559] {dag.py:2398} INFO - Sync 1 DAGs
[2022-05-11 07:05:29,576] {logging_mixin.py:109} INFO - [2022-05-11 07:05:29,575] {dag.py:2937} INFO - Setting next_dagrun for first to 2022-05-09T00:00:00+00:00
[2022-05-11 07:05:29,591] {processor.py:171} INFO - Processing /opt/airflow/dags/first.py took 0.083 seconds
[2022-05-11 07:05:59,861] {processor.py:163} INFO - Started process (PID=30200) to work on /opt/airflow/dags/first.py
[2022-05-11 07:05:59,862] {processor.py:642} INFO - Processing file /opt/airflow/dags/first.py for tasks to queue
[2022-05-11 07:05:59,863] {logging_mixin.py:109} INFO - [2022-05-11 07:05:59,863] {dagbag.py:500} INFO - Filling up the DagBag from /opt/airflow/dags/first.py
[2022-05-11 07:05:59,916] {processor.py:652} INFO - DAG(s) dict_keys(['first']) retrieved from /opt/airflow/dags/first.py
[2022-05-11 07:05:59,935] {logging_mixin.py:109} INFO - [2022-05-11 07:05:59,935] {dag.py:2398} INFO - Sync 1 DAGs
[2022-05-11 07:05:59,947] {logging_mixin.py:109} INFO - [2022-05-11 07:05:59,947] {dag.py:2937} INFO - Setting next_dagrun for first to 2022-05-09T00:00:00+00:00
[2022-05-11 07:05:59,964] {processor.py:171} INFO - Processing /opt/airflow/dags/first.py took 0.106 seconds
[2022-05-11 07:06:30,427] {processor.py:163} INFO - Started process (PID=30262) to work on /opt/airflow/dags/first.py
[2022-05-11 07:06:30,429] {processor.py:642} INFO - Processing file /opt/airflow/dags/first.py for tasks to queue
[2022-05-11 07:06:30,430] {logging_mixin.py:109} INFO - [2022-05-11 07:06:30,430] {dagbag.py:500} INFO - Filling up the DagBag from /opt/airflow/dags/first.py
[2022-05-11 07:06:30,461] {processor.py:652} INFO - DAG(s) dict_keys(['first']) retrieved from /opt/airflow/dags/first.py
[2022-05-11 07:06:30,478] {logging_mixin.py:109} INFO - [2022-05-11 07:06:30,478] {dag.py:2398} INFO - Sync 1 DAGs
[2022-05-11 07:06:30,491] {logging_mixin.py:109} INFO - [2022-05-11 07:06:30,491] {dag.py:2937} INFO - Setting next_dagrun for first to 2022-05-09T00:00:00+00:00
[2022-05-11 07:06:30,507] {processor.py:171} INFO - Processing /opt/airflow/dags/first.py took 0.084 seconds
[2022-05-11 07:07:00,905] {processor.py:163} INFO - Started process (PID=30333) to work on /opt/airflow/dags/first.py
[2022-05-11 07:07:00,907] {processor.py:642} INFO - Processing file /opt/airflow/dags/first.py for tasks to queue
[2022-05-11 07:07:00,908] {logging_mixin.py:109} INFO - [2022-05-11 07:07:00,908] {dagbag.py:500} INFO - Filling up the DagBag from /opt/airflow/dags/first.py
[2022-05-11 07:07:00,947] {processor.py:652} INFO - DAG(s) dict_keys(['first']) retrieved from /opt/airflow/dags/first.py
[2022-05-11 07:07:00,968] {logging_mixin.py:109} INFO - [2022-05-11 07:07:00,968] {dag.py:2398} INFO - Sync 1 DAGs
[2022-05-11 07:07:00,981] {logging_mixin.py:109} INFO - [2022-05-11 07:07:00,981] {dag.py:2937} INFO - Setting next_dagrun for first to 2022-05-09T00:00:00+00:00
[2022-05-11 07:07:00,998] {processor.py:171} INFO - Processing /opt/airflow/dags/first.py took 0.097 seconds
[2022-05-11 07:07:31,341] {processor.py:163} INFO - Started process (PID=30396) to work on /opt/airflow/dags/first.py
[2022-05-11 07:07:31,342] {processor.py:642} INFO - Processing file /opt/airflow/dags/first.py for tasks to queue
[2022-05-11 07:07:31,343] {logging_mixin.py:109} INFO - [2022-05-11 07:07:31,343] {dagbag.py:500} INFO - Filling up the DagBag from /opt/airflow/dags/first.py
[2022-05-11 07:07:31,385] {processor.py:652} INFO - DAG(s) dict_keys(['first']) retrieved from /opt/airflow/dags/first.py
[2022-05-11 07:07:31,404] {logging_mixin.py:109} INFO - [2022-05-11 07:07:31,404] {dag.py:2398} INFO - Sync 1 DAGs
[2022-05-11 07:07:31,416] {logging_mixin.py:109} INFO - [2022-05-11 07:07:31,416] {dag.py:2937} INFO - Setting next_dagrun for first to 2022-05-09T00:00:00+00:00
[2022-05-11 07:07:31,433] {processor.py:171} INFO - Processing /opt/airflow/dags/first.py took 0.095 seconds
[2022-05-11 07:08:01,553] {processor.py:163} INFO - Started process (PID=30468) to work on /opt/airflow/dags/first.py
[2022-05-11 07:08:01,555] {processor.py:642} INFO - Processing file /opt/airflow/dags/first.py for tasks to queue
[2022-05-11 07:08:01,556] {logging_mixin.py:109} INFO - [2022-05-11 07:08:01,556] {dagbag.py:500} INFO - Filling up the DagBag from /opt/airflow/dags/first.py
[2022-05-11 07:08:01,607] {processor.py:652} INFO - DAG(s) dict_keys(['first']) retrieved from /opt/airflow/dags/first.py
[2022-05-11 07:08:01,629] {logging_mixin.py:109} INFO - [2022-05-11 07:08:01,628] {dag.py:2398} INFO - Sync 1 DAGs
[2022-05-11 07:08:01,642] {logging_mixin.py:109} INFO - [2022-05-11 07:08:01,642] {dag.py:2937} INFO - Setting next_dagrun for first to 2022-05-09T00:00:00+00:00
[2022-05-11 07:08:01,658] {processor.py:171} INFO - Processing /opt/airflow/dags/first.py took 0.108 seconds
[2022-05-11 07:08:32,013] {processor.py:163} INFO - Started process (PID=30540) to work on /opt/airflow/dags/first.py
[2022-05-11 07:08:32,015] {processor.py:642} INFO - Processing file /opt/airflow/dags/first.py for tasks to queue
[2022-05-11 07:08:32,016] {logging_mixin.py:109} INFO - [2022-05-11 07:08:32,016] {dagbag.py:500} INFO - Filling up the DagBag from /opt/airflow/dags/first.py
[2022-05-11 07:08:32,050] {processor.py:652} INFO - DAG(s) dict_keys(['first']) retrieved from /opt/airflow/dags/first.py
[2022-05-11 07:08:32,072] {logging_mixin.py:109} INFO - [2022-05-11 07:08:32,072] {dag.py:2398} INFO - Sync 1 DAGs
[2022-05-11 07:08:32,089] {logging_mixin.py:109} INFO - [2022-05-11 07:08:32,089] {dag.py:2937} INFO - Setting next_dagrun for first to 2022-05-09T00:00:00+00:00
[2022-05-11 07:08:32,104] {processor.py:171} INFO - Processing /opt/airflow/dags/first.py took 0.094 seconds
[2022-05-11 07:09:02,218] {processor.py:163} INFO - Started process (PID=30603) to work on /opt/airflow/dags/first.py
[2022-05-11 07:09:02,220] {processor.py:642} INFO - Processing file /opt/airflow/dags/first.py for tasks to queue
[2022-05-11 07:09:02,222] {logging_mixin.py:109} INFO - [2022-05-11 07:09:02,222] {dagbag.py:500} INFO - Filling up the DagBag from /opt/airflow/dags/first.py
[2022-05-11 07:09:02,275] {processor.py:652} INFO - DAG(s) dict_keys(['first']) retrieved from /opt/airflow/dags/first.py
[2022-05-11 07:09:02,300] {logging_mixin.py:109} INFO - [2022-05-11 07:09:02,300] {dag.py:2398} INFO - Sync 1 DAGs
[2022-05-11 07:09:02,321] {logging_mixin.py:109} INFO - [2022-05-11 07:09:02,321] {dag.py:2937} INFO - Setting next_dagrun for first to 2022-05-09T00:00:00+00:00
[2022-05-11 07:09:02,339] {processor.py:171} INFO - Processing /opt/airflow/dags/first.py took 0.126 seconds
[2022-05-11 07:09:32,878] {processor.py:163} INFO - Started process (PID=30675) to work on /opt/airflow/dags/first.py
[2022-05-11 07:09:32,880] {processor.py:642} INFO - Processing file /opt/airflow/dags/first.py for tasks to queue
[2022-05-11 07:09:32,881] {logging_mixin.py:109} INFO - [2022-05-11 07:09:32,881] {dagbag.py:500} INFO - Filling up the DagBag from /opt/airflow/dags/first.py
[2022-05-11 07:09:32,914] {processor.py:652} INFO - DAG(s) dict_keys(['first']) retrieved from /opt/airflow/dags/first.py
[2022-05-11 07:09:32,934] {logging_mixin.py:109} INFO - [2022-05-11 07:09:32,934] {dag.py:2398} INFO - Sync 1 DAGs
[2022-05-11 07:09:32,946] {logging_mixin.py:109} INFO - [2022-05-11 07:09:32,946] {dag.py:2937} INFO - Setting next_dagrun for first to 2022-05-09T00:00:00+00:00
[2022-05-11 07:09:32,961] {processor.py:171} INFO - Processing /opt/airflow/dags/first.py took 0.085 seconds
[2022-05-11 07:10:03,294] {processor.py:163} INFO - Started process (PID=30737) to work on /opt/airflow/dags/first.py
[2022-05-11 07:10:03,296] {processor.py:642} INFO - Processing file /opt/airflow/dags/first.py for tasks to queue
[2022-05-11 07:10:03,297] {logging_mixin.py:109} INFO - [2022-05-11 07:10:03,297] {dagbag.py:500} INFO - Filling up the DagBag from /opt/airflow/dags/first.py
[2022-05-11 07:10:03,336] {processor.py:652} INFO - DAG(s) dict_keys(['first']) retrieved from /opt/airflow/dags/first.py
[2022-05-11 07:10:03,360] {logging_mixin.py:109} INFO - [2022-05-11 07:10:03,360] {dag.py:2398} INFO - Sync 1 DAGs
[2022-05-11 07:10:03,372] {logging_mixin.py:109} INFO - [2022-05-11 07:10:03,372] {dag.py:2937} INFO - Setting next_dagrun for first to 2022-05-09T00:00:00+00:00
[2022-05-11 07:10:03,388] {processor.py:171} INFO - Processing /opt/airflow/dags/first.py took 0.097 seconds
[2022-05-11 07:10:33,927] {processor.py:163} INFO - Started process (PID=30810) to work on /opt/airflow/dags/first.py
[2022-05-11 07:10:33,931] {processor.py:642} INFO - Processing file /opt/airflow/dags/first.py for tasks to queue
[2022-05-11 07:10:33,932] {logging_mixin.py:109} INFO - [2022-05-11 07:10:33,932] {dagbag.py:500} INFO - Filling up the DagBag from /opt/airflow/dags/first.py
[2022-05-11 07:10:34,001] {processor.py:652} INFO - DAG(s) dict_keys(['first']) retrieved from /opt/airflow/dags/first.py
[2022-05-11 07:10:34,027] {logging_mixin.py:109} INFO - [2022-05-11 07:10:34,027] {dag.py:2398} INFO - Sync 1 DAGs
[2022-05-11 07:10:34,044] {logging_mixin.py:109} INFO - [2022-05-11 07:10:34,044] {dag.py:2937} INFO - Setting next_dagrun for first to 2022-05-09T00:00:00+00:00
[2022-05-11 07:10:34,067] {processor.py:171} INFO - Processing /opt/airflow/dags/first.py took 0.149 seconds
[2022-05-11 07:11:04,751] {processor.py:163} INFO - Started process (PID=30874) to work on /opt/airflow/dags/first.py
[2022-05-11 07:11:04,753] {processor.py:642} INFO - Processing file /opt/airflow/dags/first.py for tasks to queue
[2022-05-11 07:11:04,754] {logging_mixin.py:109} INFO - [2022-05-11 07:11:04,753] {dagbag.py:500} INFO - Filling up the DagBag from /opt/airflow/dags/first.py
[2022-05-11 07:11:04,802] {processor.py:652} INFO - DAG(s) dict_keys(['first']) retrieved from /opt/airflow/dags/first.py
[2022-05-11 07:11:04,823] {logging_mixin.py:109} INFO - [2022-05-11 07:11:04,823] {dag.py:2398} INFO - Sync 1 DAGs
[2022-05-11 07:11:04,839] {logging_mixin.py:109} INFO - [2022-05-11 07:11:04,839] {dag.py:2937} INFO - Setting next_dagrun for first to 2022-05-09T00:00:00+00:00
[2022-05-11 07:11:04,857] {processor.py:171} INFO - Processing /opt/airflow/dags/first.py took 0.109 seconds
[2022-05-11 07:11:35,465] {processor.py:163} INFO - Started process (PID=30946) to work on /opt/airflow/dags/first.py
[2022-05-11 07:11:35,468] {processor.py:642} INFO - Processing file /opt/airflow/dags/first.py for tasks to queue
[2022-05-11 07:11:35,469] {logging_mixin.py:109} INFO - [2022-05-11 07:11:35,469] {dagbag.py:500} INFO - Filling up the DagBag from /opt/airflow/dags/first.py
[2022-05-11 07:11:35,511] {processor.py:652} INFO - DAG(s) dict_keys(['first']) retrieved from /opt/airflow/dags/first.py
[2022-05-11 07:11:35,536] {logging_mixin.py:109} INFO - [2022-05-11 07:11:35,536] {dag.py:2398} INFO - Sync 1 DAGs
[2022-05-11 07:11:35,550] {logging_mixin.py:109} INFO - [2022-05-11 07:11:35,550] {dag.py:2937} INFO - Setting next_dagrun for first to 2022-05-09T00:00:00+00:00
[2022-05-11 07:11:35,566] {processor.py:171} INFO - Processing /opt/airflow/dags/first.py took 0.104 seconds
[2022-05-11 07:12:05,939] {processor.py:163} INFO - Started process (PID=31010) to work on /opt/airflow/dags/first.py
[2022-05-11 07:12:05,940] {processor.py:642} INFO - Processing file /opt/airflow/dags/first.py for tasks to queue
[2022-05-11 07:12:05,941] {logging_mixin.py:109} INFO - [2022-05-11 07:12:05,940] {dagbag.py:500} INFO - Filling up the DagBag from /opt/airflow/dags/first.py
[2022-05-11 07:12:05,963] {processor.py:652} INFO - DAG(s) dict_keys(['first']) retrieved from /opt/airflow/dags/first.py
[2022-05-11 07:12:05,983] {logging_mixin.py:109} INFO - [2022-05-11 07:12:05,983] {dag.py:2398} INFO - Sync 1 DAGs
[2022-05-11 07:12:05,997] {logging_mixin.py:109} INFO - [2022-05-11 07:12:05,997] {dag.py:2937} INFO - Setting next_dagrun for first to 2022-05-09T00:00:00+00:00
[2022-05-11 07:12:06,012] {processor.py:171} INFO - Processing /opt/airflow/dags/first.py took 0.076 seconds
[2022-05-11 07:12:36,873] {processor.py:163} INFO - Started process (PID=31083) to work on /opt/airflow/dags/first.py
[2022-05-11 07:12:36,874] {processor.py:642} INFO - Processing file /opt/airflow/dags/first.py for tasks to queue
[2022-05-11 07:12:36,875] {logging_mixin.py:109} INFO - [2022-05-11 07:12:36,875] {dagbag.py:500} INFO - Filling up the DagBag from /opt/airflow/dags/first.py
[2022-05-11 07:12:36,901] {processor.py:652} INFO - DAG(s) dict_keys(['first']) retrieved from /opt/airflow/dags/first.py
[2022-05-11 07:12:36,922] {logging_mixin.py:109} INFO - [2022-05-11 07:12:36,922] {dag.py:2398} INFO - Sync 1 DAGs
[2022-05-11 07:12:36,938] {logging_mixin.py:109} INFO - [2022-05-11 07:12:36,938] {dag.py:2937} INFO - Setting next_dagrun for first to 2022-05-09T00:00:00+00:00
[2022-05-11 07:12:36,958] {processor.py:171} INFO - Processing /opt/airflow/dags/first.py took 0.088 seconds
[2022-05-11 07:13:07,154] {processor.py:163} INFO - Started process (PID=31156) to work on /opt/airflow/dags/first.py
[2022-05-11 07:13:07,156] {processor.py:642} INFO - Processing file /opt/airflow/dags/first.py for tasks to queue
[2022-05-11 07:13:07,157] {logging_mixin.py:109} INFO - [2022-05-11 07:13:07,157] {dagbag.py:500} INFO - Filling up the DagBag from /opt/airflow/dags/first.py
[2022-05-11 07:13:07,184] {processor.py:652} INFO - DAG(s) dict_keys(['first']) retrieved from /opt/airflow/dags/first.py
[2022-05-11 07:13:07,205] {logging_mixin.py:109} INFO - [2022-05-11 07:13:07,205] {dag.py:2398} INFO - Sync 1 DAGs
[2022-05-11 07:13:07,222] {logging_mixin.py:109} INFO - [2022-05-11 07:13:07,222] {dag.py:2937} INFO - Setting next_dagrun for first to 2022-05-09T00:00:00+00:00
[2022-05-11 07:13:07,239] {processor.py:171} INFO - Processing /opt/airflow/dags/first.py took 0.089 seconds
[2022-05-11 07:13:37,438] {processor.py:163} INFO - Started process (PID=31220) to work on /opt/airflow/dags/first.py
[2022-05-11 07:13:37,439] {processor.py:642} INFO - Processing file /opt/airflow/dags/first.py for tasks to queue
[2022-05-11 07:13:37,440] {logging_mixin.py:109} INFO - [2022-05-11 07:13:37,440] {dagbag.py:500} INFO - Filling up the DagBag from /opt/airflow/dags/first.py
[2022-05-11 07:13:37,466] {processor.py:652} INFO - DAG(s) dict_keys(['first']) retrieved from /opt/airflow/dags/first.py
[2022-05-11 07:13:37,488] {logging_mixin.py:109} INFO - [2022-05-11 07:13:37,488] {dag.py:2398} INFO - Sync 1 DAGs
[2022-05-11 07:13:37,504] {logging_mixin.py:109} INFO - [2022-05-11 07:13:37,504] {dag.py:2937} INFO - Setting next_dagrun for first to 2022-05-09T00:00:00+00:00
[2022-05-11 07:13:37,519] {processor.py:171} INFO - Processing /opt/airflow/dags/first.py took 0.084 seconds
[2022-05-11 07:14:07,949] {processor.py:163} INFO - Started process (PID=31292) to work on /opt/airflow/dags/first.py
[2022-05-11 07:14:07,951] {processor.py:642} INFO - Processing file /opt/airflow/dags/first.py for tasks to queue
[2022-05-11 07:14:07,952] {logging_mixin.py:109} INFO - [2022-05-11 07:14:07,952] {dagbag.py:500} INFO - Filling up the DagBag from /opt/airflow/dags/first.py
[2022-05-11 07:14:07,977] {processor.py:652} INFO - DAG(s) dict_keys(['first']) retrieved from /opt/airflow/dags/first.py
[2022-05-11 07:14:07,997] {logging_mixin.py:109} INFO - [2022-05-11 07:14:07,997] {dag.py:2398} INFO - Sync 1 DAGs
[2022-05-11 07:14:08,014] {logging_mixin.py:109} INFO - [2022-05-11 07:14:08,014] {dag.py:2937} INFO - Setting next_dagrun for first to 2022-05-09T00:00:00+00:00
[2022-05-11 07:14:08,031] {processor.py:171} INFO - Processing /opt/airflow/dags/first.py took 0.085 seconds
[2022-05-11 07:14:38,493] {processor.py:163} INFO - Started process (PID=31355) to work on /opt/airflow/dags/first.py
[2022-05-11 07:14:38,496] {processor.py:642} INFO - Processing file /opt/airflow/dags/first.py for tasks to queue
[2022-05-11 07:14:38,497] {logging_mixin.py:109} INFO - [2022-05-11 07:14:38,497] {dagbag.py:500} INFO - Filling up the DagBag from /opt/airflow/dags/first.py
[2022-05-11 07:14:38,521] {processor.py:652} INFO - DAG(s) dict_keys(['first']) retrieved from /opt/airflow/dags/first.py
[2022-05-11 07:14:38,546] {logging_mixin.py:109} INFO - [2022-05-11 07:14:38,546] {dag.py:2398} INFO - Sync 1 DAGs
[2022-05-11 07:14:38,560] {logging_mixin.py:109} INFO - [2022-05-11 07:14:38,560] {dag.py:2937} INFO - Setting next_dagrun for first to 2022-05-09T00:00:00+00:00
[2022-05-11 07:14:38,577] {processor.py:171} INFO - Processing /opt/airflow/dags/first.py took 0.087 seconds
[2022-05-11 07:15:08,623] {processor.py:163} INFO - Started process (PID=31428) to work on /opt/airflow/dags/first.py
[2022-05-11 07:15:08,625] {processor.py:642} INFO - Processing file /opt/airflow/dags/first.py for tasks to queue
[2022-05-11 07:15:08,626] {logging_mixin.py:109} INFO - [2022-05-11 07:15:08,626] {dagbag.py:500} INFO - Filling up the DagBag from /opt/airflow/dags/first.py
[2022-05-11 07:15:08,660] {processor.py:652} INFO - DAG(s) dict_keys(['first']) retrieved from /opt/airflow/dags/first.py
[2022-05-11 07:15:08,688] {logging_mixin.py:109} INFO - [2022-05-11 07:15:08,687] {dag.py:2398} INFO - Sync 1 DAGs
[2022-05-11 07:15:08,703] {logging_mixin.py:109} INFO - [2022-05-11 07:15:08,703] {dag.py:2937} INFO - Setting next_dagrun for first to 2022-05-09T00:00:00+00:00
[2022-05-11 07:15:08,723] {processor.py:171} INFO - Processing /opt/airflow/dags/first.py took 0.103 seconds
[2022-05-11 07:15:38,924] {processor.py:163} INFO - Started process (PID=31493) to work on /opt/airflow/dags/first.py
[2022-05-11 07:15:38,926] {processor.py:642} INFO - Processing file /opt/airflow/dags/first.py for tasks to queue
[2022-05-11 07:15:38,927] {logging_mixin.py:109} INFO - [2022-05-11 07:15:38,927] {dagbag.py:500} INFO - Filling up the DagBag from /opt/airflow/dags/first.py
[2022-05-11 07:15:38,954] {processor.py:652} INFO - DAG(s) dict_keys(['first']) retrieved from /opt/airflow/dags/first.py
[2022-05-11 07:15:38,978] {logging_mixin.py:109} INFO - [2022-05-11 07:15:38,978] {dag.py:2398} INFO - Sync 1 DAGs
[2022-05-11 07:15:38,992] {logging_mixin.py:109} INFO - [2022-05-11 07:15:38,992] {dag.py:2937} INFO - Setting next_dagrun for first to 2022-05-09T00:00:00+00:00
[2022-05-11 07:15:39,009] {processor.py:171} INFO - Processing /opt/airflow/dags/first.py took 0.088 seconds
[2022-05-11 07:16:09,412] {processor.py:163} INFO - Started process (PID=31567) to work on /opt/airflow/dags/first.py
[2022-05-11 07:16:09,414] {processor.py:642} INFO - Processing file /opt/airflow/dags/first.py for tasks to queue
[2022-05-11 07:16:09,415] {logging_mixin.py:109} INFO - [2022-05-11 07:16:09,415] {dagbag.py:500} INFO - Filling up the DagBag from /opt/airflow/dags/first.py
[2022-05-11 07:16:09,436] {processor.py:652} INFO - DAG(s) dict_keys(['first']) retrieved from /opt/airflow/dags/first.py
[2022-05-11 07:16:09,459] {logging_mixin.py:109} INFO - [2022-05-11 07:16:09,459] {dag.py:2398} INFO - Sync 1 DAGs
[2022-05-11 07:16:09,476] {logging_mixin.py:109} INFO - [2022-05-11 07:16:09,476] {dag.py:2937} INFO - Setting next_dagrun for first to 2022-05-09T00:00:00+00:00
[2022-05-11 07:16:09,495] {processor.py:171} INFO - Processing /opt/airflow/dags/first.py took 0.086 seconds
[2022-05-11 07:16:39,766] {processor.py:163} INFO - Started process (PID=31630) to work on /opt/airflow/dags/first.py
[2022-05-11 07:16:39,768] {processor.py:642} INFO - Processing file /opt/airflow/dags/first.py for tasks to queue
[2022-05-11 07:16:39,770] {logging_mixin.py:109} INFO - [2022-05-11 07:16:39,769] {dagbag.py:500} INFO - Filling up the DagBag from /opt/airflow/dags/first.py
[2022-05-11 07:16:39,804] {processor.py:652} INFO - DAG(s) dict_keys(['first']) retrieved from /opt/airflow/dags/first.py
[2022-05-11 07:16:39,833] {logging_mixin.py:109} INFO - [2022-05-11 07:16:39,833] {dag.py:2398} INFO - Sync 1 DAGs
[2022-05-11 07:16:39,853] {logging_mixin.py:109} INFO - [2022-05-11 07:16:39,853] {dag.py:2937} INFO - Setting next_dagrun for first to 2022-05-09T00:00:00+00:00
[2022-05-11 07:16:39,868] {processor.py:171} INFO - Processing /opt/airflow/dags/first.py took 0.109 seconds
[2022-05-11 07:17:10,343] {processor.py:163} INFO - Started process (PID=31702) to work on /opt/airflow/dags/first.py
[2022-05-11 07:17:10,346] {processor.py:642} INFO - Processing file /opt/airflow/dags/first.py for tasks to queue
[2022-05-11 07:17:10,348] {logging_mixin.py:109} INFO - [2022-05-11 07:17:10,348] {dagbag.py:500} INFO - Filling up the DagBag from /opt/airflow/dags/first.py
[2022-05-11 07:17:10,390] {processor.py:652} INFO - DAG(s) dict_keys(['first']) retrieved from /opt/airflow/dags/first.py
[2022-05-11 07:17:10,425] {logging_mixin.py:109} INFO - [2022-05-11 07:17:10,425] {dag.py:2398} INFO - Sync 1 DAGs
[2022-05-11 07:17:10,446] {logging_mixin.py:109} INFO - [2022-05-11 07:17:10,445] {dag.py:2937} INFO - Setting next_dagrun for first to 2022-05-09T00:00:00+00:00
[2022-05-11 07:17:10,460] {processor.py:171} INFO - Processing /opt/airflow/dags/first.py took 0.122 seconds
[2022-05-11 07:17:40,868] {processor.py:163} INFO - Started process (PID=31766) to work on /opt/airflow/dags/first.py
[2022-05-11 07:17:40,869] {processor.py:642} INFO - Processing file /opt/airflow/dags/first.py for tasks to queue
[2022-05-11 07:17:40,870] {logging_mixin.py:109} INFO - [2022-05-11 07:17:40,870] {dagbag.py:500} INFO - Filling up the DagBag from /opt/airflow/dags/first.py
[2022-05-11 07:17:40,896] {processor.py:652} INFO - DAG(s) dict_keys(['first']) retrieved from /opt/airflow/dags/first.py
[2022-05-11 07:17:40,919] {logging_mixin.py:109} INFO - [2022-05-11 07:17:40,919] {dag.py:2398} INFO - Sync 1 DAGs
[2022-05-11 07:17:40,935] {logging_mixin.py:109} INFO - [2022-05-11 07:17:40,935] {dag.py:2937} INFO - Setting next_dagrun for first to 2022-05-09T00:00:00+00:00
[2022-05-11 07:17:40,953] {processor.py:171} INFO - Processing /opt/airflow/dags/first.py took 0.089 seconds
[2022-05-11 07:18:11,549] {processor.py:163} INFO - Started process (PID=31839) to work on /opt/airflow/dags/first.py
[2022-05-11 07:18:11,551] {processor.py:642} INFO - Processing file /opt/airflow/dags/first.py for tasks to queue
[2022-05-11 07:18:11,552] {logging_mixin.py:109} INFO - [2022-05-11 07:18:11,552] {dagbag.py:500} INFO - Filling up the DagBag from /opt/airflow/dags/first.py
[2022-05-11 07:18:11,592] {processor.py:652} INFO - DAG(s) dict_keys(['first']) retrieved from /opt/airflow/dags/first.py
[2022-05-11 07:18:11,615] {logging_mixin.py:109} INFO - [2022-05-11 07:18:11,615] {dag.py:2398} INFO - Sync 1 DAGs
[2022-05-11 07:18:11,634] {logging_mixin.py:109} INFO - [2022-05-11 07:18:11,634] {dag.py:2937} INFO - Setting next_dagrun for first to 2022-05-09T00:00:00+00:00
[2022-05-11 07:18:11,652] {processor.py:171} INFO - Processing /opt/airflow/dags/first.py took 0.106 seconds
[2022-05-11 07:18:41,741] {processor.py:163} INFO - Started process (PID=31901) to work on /opt/airflow/dags/first.py
[2022-05-11 07:18:41,742] {processor.py:642} INFO - Processing file /opt/airflow/dags/first.py for tasks to queue
[2022-05-11 07:18:41,743] {logging_mixin.py:109} INFO - [2022-05-11 07:18:41,743] {dagbag.py:500} INFO - Filling up the DagBag from /opt/airflow/dags/first.py
[2022-05-11 07:18:41,766] {processor.py:652} INFO - DAG(s) dict_keys(['first']) retrieved from /opt/airflow/dags/first.py
[2022-05-11 07:18:41,788] {logging_mixin.py:109} INFO - [2022-05-11 07:18:41,788] {dag.py:2398} INFO - Sync 1 DAGs
[2022-05-11 07:18:41,805] {logging_mixin.py:109} INFO - [2022-05-11 07:18:41,805] {dag.py:2937} INFO - Setting next_dagrun for first to 2022-05-09T00:00:00+00:00
[2022-05-11 07:18:41,822] {processor.py:171} INFO - Processing /opt/airflow/dags/first.py took 0.084 seconds
[2022-05-11 07:19:11,928] {processor.py:163} INFO - Started process (PID=31964) to work on /opt/airflow/dags/first.py
[2022-05-11 07:19:11,930] {processor.py:642} INFO - Processing file /opt/airflow/dags/first.py for tasks to queue
[2022-05-11 07:19:11,931] {logging_mixin.py:109} INFO - [2022-05-11 07:19:11,931] {dagbag.py:500} INFO - Filling up the DagBag from /opt/airflow/dags/first.py
[2022-05-11 07:19:11,960] {processor.py:652} INFO - DAG(s) dict_keys(['first']) retrieved from /opt/airflow/dags/first.py
[2022-05-11 07:19:11,985] {logging_mixin.py:109} INFO - [2022-05-11 07:19:11,984] {dag.py:2398} INFO - Sync 1 DAGs
[2022-05-11 07:19:11,999] {logging_mixin.py:109} INFO - [2022-05-11 07:19:11,999] {dag.py:2937} INFO - Setting next_dagrun for first to 2022-05-09T00:00:00+00:00
[2022-05-11 07:19:12,016] {processor.py:171} INFO - Processing /opt/airflow/dags/first.py took 0.091 seconds
[2022-05-11 07:19:42,079] {processor.py:163} INFO - Started process (PID=32036) to work on /opt/airflow/dags/first.py
[2022-05-11 07:19:42,081] {processor.py:642} INFO - Processing file /opt/airflow/dags/first.py for tasks to queue
[2022-05-11 07:19:42,082] {logging_mixin.py:109} INFO - [2022-05-11 07:19:42,081] {dagbag.py:500} INFO - Filling up the DagBag from /opt/airflow/dags/first.py
[2022-05-11 07:19:42,117] {processor.py:652} INFO - DAG(s) dict_keys(['first']) retrieved from /opt/airflow/dags/first.py
[2022-05-11 07:19:42,146] {logging_mixin.py:109} INFO - [2022-05-11 07:19:42,146] {dag.py:2398} INFO - Sync 1 DAGs
[2022-05-11 07:19:42,166] {logging_mixin.py:109} INFO - [2022-05-11 07:19:42,166] {dag.py:2937} INFO - Setting next_dagrun for first to 2022-05-09T00:00:00+00:00
[2022-05-11 07:19:42,187] {processor.py:171} INFO - Processing /opt/airflow/dags/first.py took 0.113 seconds
[2022-05-11 07:20:12,503] {processor.py:163} INFO - Started process (PID=32099) to work on /opt/airflow/dags/first.py
[2022-05-11 07:20:12,504] {processor.py:642} INFO - Processing file /opt/airflow/dags/first.py for tasks to queue
[2022-05-11 07:20:12,505] {logging_mixin.py:109} INFO - [2022-05-11 07:20:12,505] {dagbag.py:500} INFO - Filling up the DagBag from /opt/airflow/dags/first.py
[2022-05-11 07:20:12,532] {processor.py:652} INFO - DAG(s) dict_keys(['first']) retrieved from /opt/airflow/dags/first.py
[2022-05-11 07:20:12,555] {logging_mixin.py:109} INFO - [2022-05-11 07:20:12,554] {dag.py:2398} INFO - Sync 1 DAGs
[2022-05-11 07:20:12,572] {logging_mixin.py:109} INFO - [2022-05-11 07:20:12,572] {dag.py:2937} INFO - Setting next_dagrun for first to 2022-05-09T00:00:00+00:00
[2022-05-11 07:20:12,589] {processor.py:171} INFO - Processing /opt/airflow/dags/first.py took 0.089 seconds
[2022-05-11 07:20:42,818] {processor.py:163} INFO - Started process (PID=32171) to work on /opt/airflow/dags/first.py
[2022-05-11 07:20:42,819] {processor.py:642} INFO - Processing file /opt/airflow/dags/first.py for tasks to queue
[2022-05-11 07:20:42,820] {logging_mixin.py:109} INFO - [2022-05-11 07:20:42,820] {dagbag.py:500} INFO - Filling up the DagBag from /opt/airflow/dags/first.py
[2022-05-11 07:20:42,844] {processor.py:652} INFO - DAG(s) dict_keys(['first']) retrieved from /opt/airflow/dags/first.py
[2022-05-11 07:20:42,865] {logging_mixin.py:109} INFO - [2022-05-11 07:20:42,865] {dag.py:2398} INFO - Sync 1 DAGs
[2022-05-11 07:20:42,881] {logging_mixin.py:109} INFO - [2022-05-11 07:20:42,880] {dag.py:2937} INFO - Setting next_dagrun for first to 2022-05-09T00:00:00+00:00
[2022-05-11 07:20:42,897] {processor.py:171} INFO - Processing /opt/airflow/dags/first.py took 0.082 seconds
[2022-05-11 07:21:13,588] {processor.py:163} INFO - Started process (PID=32235) to work on /opt/airflow/dags/first.py
[2022-05-11 07:21:13,590] {processor.py:642} INFO - Processing file /opt/airflow/dags/first.py for tasks to queue
[2022-05-11 07:21:13,592] {logging_mixin.py:109} INFO - [2022-05-11 07:21:13,592] {dagbag.py:500} INFO - Filling up the DagBag from /opt/airflow/dags/first.py
[2022-05-11 07:21:13,619] {processor.py:652} INFO - DAG(s) dict_keys(['first']) retrieved from /opt/airflow/dags/first.py
[2022-05-11 07:21:13,641] {logging_mixin.py:109} INFO - [2022-05-11 07:21:13,640] {dag.py:2398} INFO - Sync 1 DAGs
[2022-05-11 07:21:13,659] {logging_mixin.py:109} INFO - [2022-05-11 07:21:13,659] {dag.py:2937} INFO - Setting next_dagrun for first to 2022-05-09T00:00:00+00:00
[2022-05-11 07:21:13,673] {processor.py:171} INFO - Processing /opt/airflow/dags/first.py took 0.088 seconds
[2022-05-11 07:21:43,848] {processor.py:163} INFO - Started process (PID=32306) to work on /opt/airflow/dags/first.py
[2022-05-11 07:21:43,850] {processor.py:642} INFO - Processing file /opt/airflow/dags/first.py for tasks to queue
[2022-05-11 07:21:43,850] {logging_mixin.py:109} INFO - [2022-05-11 07:21:43,850] {dagbag.py:500} INFO - Filling up the DagBag from /opt/airflow/dags/first.py
[2022-05-11 07:21:43,875] {processor.py:652} INFO - DAG(s) dict_keys(['first']) retrieved from /opt/airflow/dags/first.py
[2022-05-11 07:21:43,894] {logging_mixin.py:109} INFO - [2022-05-11 07:21:43,894] {dag.py:2398} INFO - Sync 1 DAGs
[2022-05-11 07:21:43,915] {logging_mixin.py:109} INFO - [2022-05-11 07:21:43,915] {dag.py:2937} INFO - Setting next_dagrun for first to 2022-05-09T00:00:00+00:00
[2022-05-11 07:21:43,932] {processor.py:171} INFO - Processing /opt/airflow/dags/first.py took 0.086 seconds
[2022-05-11 07:22:14,040] {processor.py:163} INFO - Started process (PID=32370) to work on /opt/airflow/dags/first.py
[2022-05-11 07:22:14,041] {processor.py:642} INFO - Processing file /opt/airflow/dags/first.py for tasks to queue
[2022-05-11 07:22:14,042] {logging_mixin.py:109} INFO - [2022-05-11 07:22:14,042] {dagbag.py:500} INFO - Filling up the DagBag from /opt/airflow/dags/first.py
[2022-05-11 07:22:14,066] {processor.py:652} INFO - DAG(s) dict_keys(['first']) retrieved from /opt/airflow/dags/first.py
[2022-05-11 07:22:14,088] {logging_mixin.py:109} INFO - [2022-05-11 07:22:14,088] {dag.py:2398} INFO - Sync 1 DAGs
[2022-05-11 07:22:14,103] {logging_mixin.py:109} INFO - [2022-05-11 07:22:14,102] {dag.py:2937} INFO - Setting next_dagrun for first to 2022-05-09T00:00:00+00:00
[2022-05-11 07:22:14,119] {processor.py:171} INFO - Processing /opt/airflow/dags/first.py took 0.082 seconds
[2022-05-11 07:22:44,458] {processor.py:163} INFO - Started process (PID=32443) to work on /opt/airflow/dags/first.py
[2022-05-11 07:22:44,460] {processor.py:642} INFO - Processing file /opt/airflow/dags/first.py for tasks to queue
[2022-05-11 07:22:44,461] {logging_mixin.py:109} INFO - [2022-05-11 07:22:44,461] {dagbag.py:500} INFO - Filling up the DagBag from /opt/airflow/dags/first.py
[2022-05-11 07:22:44,500] {processor.py:652} INFO - DAG(s) dict_keys(['first']) retrieved from /opt/airflow/dags/first.py
[2022-05-11 07:22:44,529] {logging_mixin.py:109} INFO - [2022-05-11 07:22:44,529] {dag.py:2398} INFO - Sync 1 DAGs
[2022-05-11 07:22:44,550] {logging_mixin.py:109} INFO - [2022-05-11 07:22:44,550] {dag.py:2937} INFO - Setting next_dagrun for first to 2022-05-09T00:00:00+00:00
[2022-05-11 07:22:44,572] {processor.py:171} INFO - Processing /opt/airflow/dags/first.py took 0.117 seconds
[2022-05-11 07:23:15,105] {processor.py:163} INFO - Started process (PID=32506) to work on /opt/airflow/dags/first.py
[2022-05-11 07:23:15,106] {processor.py:642} INFO - Processing file /opt/airflow/dags/first.py for tasks to queue
[2022-05-11 07:23:15,107] {logging_mixin.py:109} INFO - [2022-05-11 07:23:15,107] {dagbag.py:500} INFO - Filling up the DagBag from /opt/airflow/dags/first.py
[2022-05-11 07:23:15,131] {processor.py:652} INFO - DAG(s) dict_keys(['first']) retrieved from /opt/airflow/dags/first.py
[2022-05-11 07:23:15,153] {logging_mixin.py:109} INFO - [2022-05-11 07:23:15,152] {dag.py:2398} INFO - Sync 1 DAGs
[2022-05-11 07:23:15,170] {logging_mixin.py:109} INFO - [2022-05-11 07:23:15,170] {dag.py:2937} INFO - Setting next_dagrun for first to 2022-05-09T00:00:00+00:00
[2022-05-11 07:23:15,187] {processor.py:171} INFO - Processing /opt/airflow/dags/first.py took 0.085 seconds
[2022-05-11 07:23:45,435] {processor.py:163} INFO - Started process (PID=32578) to work on /opt/airflow/dags/first.py
[2022-05-11 07:23:45,437] {processor.py:642} INFO - Processing file /opt/airflow/dags/first.py for tasks to queue
[2022-05-11 07:23:45,437] {logging_mixin.py:109} INFO - [2022-05-11 07:23:45,437] {dagbag.py:500} INFO - Filling up the DagBag from /opt/airflow/dags/first.py
[2022-05-11 07:23:45,464] {processor.py:652} INFO - DAG(s) dict_keys(['first']) retrieved from /opt/airflow/dags/first.py
[2022-05-11 07:23:45,483] {logging_mixin.py:109} INFO - [2022-05-11 07:23:45,483] {dag.py:2398} INFO - Sync 1 DAGs
[2022-05-11 07:23:45,500] {logging_mixin.py:109} INFO - [2022-05-11 07:23:45,500] {dag.py:2937} INFO - Setting next_dagrun for first to 2022-05-09T00:00:00+00:00
[2022-05-11 07:23:45,517] {processor.py:171} INFO - Processing /opt/airflow/dags/first.py took 0.085 seconds
[2022-05-11 07:24:15,944] {processor.py:163} INFO - Started process (PID=32641) to work on /opt/airflow/dags/first.py
[2022-05-11 07:24:15,945] {processor.py:642} INFO - Processing file /opt/airflow/dags/first.py for tasks to queue
[2022-05-11 07:24:15,946] {logging_mixin.py:109} INFO - [2022-05-11 07:24:15,946] {dagbag.py:500} INFO - Filling up the DagBag from /opt/airflow/dags/first.py
[2022-05-11 07:24:15,977] {processor.py:652} INFO - DAG(s) dict_keys(['first']) retrieved from /opt/airflow/dags/first.py
[2022-05-11 07:24:16,001] {logging_mixin.py:109} INFO - [2022-05-11 07:24:16,001] {dag.py:2398} INFO - Sync 1 DAGs
[2022-05-11 07:24:16,018] {logging_mixin.py:109} INFO - [2022-05-11 07:24:16,018] {dag.py:2937} INFO - Setting next_dagrun for first to 2022-05-09T00:00:00+00:00
[2022-05-11 07:24:16,036] {processor.py:171} INFO - Processing /opt/airflow/dags/first.py took 0.096 seconds
[2022-05-11 07:24:46,364] {processor.py:163} INFO - Started process (PID=32715) to work on /opt/airflow/dags/first.py
[2022-05-11 07:24:46,366] {processor.py:642} INFO - Processing file /opt/airflow/dags/first.py for tasks to queue
[2022-05-11 07:24:46,367] {logging_mixin.py:109} INFO - [2022-05-11 07:24:46,367] {dagbag.py:500} INFO - Filling up the DagBag from /opt/airflow/dags/first.py
[2022-05-11 07:24:46,392] {processor.py:652} INFO - DAG(s) dict_keys(['first']) retrieved from /opt/airflow/dags/first.py
[2022-05-11 07:24:46,412] {logging_mixin.py:109} INFO - [2022-05-11 07:24:46,412] {dag.py:2398} INFO - Sync 1 DAGs
[2022-05-11 07:24:46,425] {logging_mixin.py:109} INFO - [2022-05-11 07:24:46,425] {dag.py:2937} INFO - Setting next_dagrun for first to 2022-05-09T00:00:00+00:00
[2022-05-11 07:24:46,443] {processor.py:171} INFO - Processing /opt/airflow/dags/first.py took 0.082 seconds
[2022-05-11 07:25:16,532] {processor.py:163} INFO - Started process (PID=308) to work on /opt/airflow/dags/first.py
[2022-05-11 07:25:16,533] {processor.py:642} INFO - Processing file /opt/airflow/dags/first.py for tasks to queue
[2022-05-11 07:25:16,534] {logging_mixin.py:109} INFO - [2022-05-11 07:25:16,533] {dagbag.py:500} INFO - Filling up the DagBag from /opt/airflow/dags/first.py
[2022-05-11 07:25:16,557] {processor.py:652} INFO - DAG(s) dict_keys(['first']) retrieved from /opt/airflow/dags/first.py
[2022-05-11 07:25:16,581] {logging_mixin.py:109} INFO - [2022-05-11 07:25:16,580] {dag.py:2398} INFO - Sync 1 DAGs
[2022-05-11 07:25:16,595] {logging_mixin.py:109} INFO - [2022-05-11 07:25:16,594] {dag.py:2937} INFO - Setting next_dagrun for first to 2022-05-09T00:00:00+00:00
[2022-05-11 07:25:16,613] {processor.py:171} INFO - Processing /opt/airflow/dags/first.py took 0.085 seconds
[2022-05-11 07:25:46,816] {processor.py:163} INFO - Started process (PID=380) to work on /opt/airflow/dags/first.py
[2022-05-11 07:25:46,817] {processor.py:642} INFO - Processing file /opt/airflow/dags/first.py for tasks to queue
[2022-05-11 07:25:46,818] {logging_mixin.py:109} INFO - [2022-05-11 07:25:46,818] {dagbag.py:500} INFO - Filling up the DagBag from /opt/airflow/dags/first.py
[2022-05-11 07:25:46,844] {processor.py:652} INFO - DAG(s) dict_keys(['first']) retrieved from /opt/airflow/dags/first.py
[2022-05-11 07:25:46,865] {logging_mixin.py:109} INFO - [2022-05-11 07:25:46,865] {dag.py:2398} INFO - Sync 1 DAGs
[2022-05-11 07:25:46,880] {logging_mixin.py:109} INFO - [2022-05-11 07:25:46,880] {dag.py:2937} INFO - Setting next_dagrun for first to 2022-05-09T00:00:00+00:00
[2022-05-11 07:25:46,896] {processor.py:171} INFO - Processing /opt/airflow/dags/first.py took 0.082 seconds
[2022-05-11 07:26:17,251] {processor.py:163} INFO - Started process (PID=444) to work on /opt/airflow/dags/first.py
[2022-05-11 07:26:17,252] {processor.py:642} INFO - Processing file /opt/airflow/dags/first.py for tasks to queue
[2022-05-11 07:26:17,253] {logging_mixin.py:109} INFO - [2022-05-11 07:26:17,253] {dagbag.py:500} INFO - Filling up the DagBag from /opt/airflow/dags/first.py
[2022-05-11 07:26:17,274] {processor.py:652} INFO - DAG(s) dict_keys(['first']) retrieved from /opt/airflow/dags/first.py
[2022-05-11 07:26:17,292] {logging_mixin.py:109} INFO - [2022-05-11 07:26:17,292] {dag.py:2398} INFO - Sync 1 DAGs
[2022-05-11 07:26:17,304] {logging_mixin.py:109} INFO - [2022-05-11 07:26:17,304] {dag.py:2937} INFO - Setting next_dagrun for first to 2022-05-09T00:00:00+00:00
[2022-05-11 07:26:17,319] {processor.py:171} INFO - Processing /opt/airflow/dags/first.py took 0.071 seconds
[2022-05-11 07:26:48,008] {processor.py:163} INFO - Started process (PID=518) to work on /opt/airflow/dags/first.py
[2022-05-11 07:26:48,009] {processor.py:642} INFO - Processing file /opt/airflow/dags/first.py for tasks to queue
[2022-05-11 07:26:48,010] {logging_mixin.py:109} INFO - [2022-05-11 07:26:48,010] {dagbag.py:500} INFO - Filling up the DagBag from /opt/airflow/dags/first.py
[2022-05-11 07:26:48,030] {processor.py:652} INFO - DAG(s) dict_keys(['first']) retrieved from /opt/airflow/dags/first.py
[2022-05-11 07:26:48,049] {logging_mixin.py:109} INFO - [2022-05-11 07:26:48,049] {dag.py:2398} INFO - Sync 1 DAGs
[2022-05-11 07:26:48,065] {logging_mixin.py:109} INFO - [2022-05-11 07:26:48,065] {dag.py:2937} INFO - Setting next_dagrun for first to 2022-05-09T00:00:00+00:00
[2022-05-11 07:26:48,080] {processor.py:171} INFO - Processing /opt/airflow/dags/first.py took 0.075 seconds
[2022-05-11 07:27:18,800] {processor.py:163} INFO - Started process (PID=591) to work on /opt/airflow/dags/first.py
[2022-05-11 07:27:18,801] {processor.py:642} INFO - Processing file /opt/airflow/dags/first.py for tasks to queue
[2022-05-11 07:27:18,802] {logging_mixin.py:109} INFO - [2022-05-11 07:27:18,802] {dagbag.py:500} INFO - Filling up the DagBag from /opt/airflow/dags/first.py
[2022-05-11 07:27:18,822] {processor.py:652} INFO - DAG(s) dict_keys(['first']) retrieved from /opt/airflow/dags/first.py
[2022-05-11 07:27:18,839] {logging_mixin.py:109} INFO - [2022-05-11 07:27:18,839] {dag.py:2398} INFO - Sync 1 DAGs
[2022-05-11 07:27:18,852] {logging_mixin.py:109} INFO - [2022-05-11 07:27:18,851] {dag.py:2937} INFO - Setting next_dagrun for first to 2022-05-09T00:00:00+00:00
[2022-05-11 07:27:18,867] {processor.py:171} INFO - Processing /opt/airflow/dags/first.py took 0.070 seconds
