[2022-04-27 07:25:02,671] {taskinstance.py:1043} INFO - Dependencies all met for <TaskInstance: example_bash_operator.runme_1 scheduled__2022-04-26T00:00:00+00:00 [queued]>
[2022-04-27 07:25:02,759] {taskinstance.py:1043} INFO - Dependencies all met for <TaskInstance: example_bash_operator.runme_1 scheduled__2022-04-26T00:00:00+00:00 [queued]>
[2022-04-27 07:25:02,780] {taskinstance.py:1249} INFO - 
--------------------------------------------------------------------------------
[2022-04-27 07:25:02,790] {taskinstance.py:1250} INFO - Starting attempt 1 of 1
[2022-04-27 07:25:02,810] {taskinstance.py:1251} INFO - 
--------------------------------------------------------------------------------
[2022-04-27 07:25:02,890] {taskinstance.py:1270} INFO - Executing <Task(BashOperator): runme_1> on 2022-04-26 00:00:00+00:00
[2022-04-27 07:25:03,074] {standard_task_runner.py:79} INFO - Running: ['***', 'tasks', 'run', 'example_bash_operator', 'runme_1', 'scheduled__2022-04-26T00:00:00+00:00', '--job-id', '18', '--raw', '--subdir', '/home/***/.local/lib/python3.7/site-packages/***/example_dags/example_bash_operator.py', '--cfg-path', '/tmp/tmp609n1rto', '--error-file', '/tmp/tmp9sphmkrh']
[2022-04-27 07:25:03,117] {standard_task_runner.py:80} INFO - Job 18: Subtask runme_1
[2022-04-27 07:25:03,057] {standard_task_runner.py:52} INFO - Started process 6727 to run task
[2022-04-27 07:25:03,552] {logging_mixin.py:109} INFO - Running <TaskInstance: example_bash_operator.runme_1 scheduled__2022-04-26T00:00:00+00:00 [running]> on host c6f211ee236a
[2022-04-27 07:25:04,625] {taskinstance.py:1448} INFO - Exporting the following env vars:
AIRFLOW_CTX_DAG_OWNER=***
AIRFLOW_CTX_DAG_ID=example_bash_operator
AIRFLOW_CTX_TASK_ID=runme_1
AIRFLOW_CTX_EXECUTION_DATE=2022-04-26T00:00:00+00:00
AIRFLOW_CTX_DAG_RUN_ID=scheduled__2022-04-26T00:00:00+00:00
[2022-04-27 07:25:04,651] {subprocess.py:62} INFO - Tmp dir root location: 
 /tmp
[2022-04-27 07:25:04,661] {subprocess.py:74} INFO - Running command: ['bash', '-c', 'echo "example_bash_operator__runme_1__20220426" && sleep 1']
[2022-04-27 07:25:04,699] {subprocess.py:85} INFO - Output:
[2022-04-27 07:25:04,710] {subprocess.py:89} INFO - example_bash_operator__runme_1__20220426
[2022-04-27 07:25:05,714] {subprocess.py:93} INFO - Command exited with return code 0
[2022-04-27 07:25:06,471] {taskinstance.py:1288} INFO - Marking task as SUCCESS. dag_id=example_bash_operator, task_id=runme_1, execution_date=20220426T000000, start_date=20220427T072502, end_date=20220427T072506
[2022-04-27 07:25:06,610] {local_task_job.py:154} INFO - Task exited with return code 0
[2022-04-27 07:25:06,842] {local_task_job.py:264} INFO - 0 downstream tasks scheduled from follow-on schedule check
