[2022-04-26 11:27:40,565] {taskinstance.py:1043} INFO - Dependencies all met for <TaskInstance: example_bash_operator.this_will_skip manual__2022-04-26T11:27:38.097902+00:00 [queued]>
[2022-04-26 11:27:40,592] {taskinstance.py:1043} INFO - Dependencies all met for <TaskInstance: example_bash_operator.this_will_skip manual__2022-04-26T11:27:38.097902+00:00 [queued]>
[2022-04-26 11:27:40,592] {taskinstance.py:1249} INFO - 
--------------------------------------------------------------------------------
[2022-04-26 11:27:40,595] {taskinstance.py:1250} INFO - Starting attempt 1 of 1
[2022-04-26 11:27:40,595] {taskinstance.py:1251} INFO - 
--------------------------------------------------------------------------------
[2022-04-26 11:27:40,641] {taskinstance.py:1270} INFO - Executing <Task(BashOperator): this_will_skip> on 2022-04-26 11:27:38.097902+00:00
[2022-04-26 11:27:40,654] {standard_task_runner.py:52} INFO - Started process 6138 to run task
[2022-04-26 11:27:40,706] {standard_task_runner.py:79} INFO - Running: ['***', 'tasks', 'run', 'example_bash_operator', 'this_will_skip', 'manual__2022-04-26T11:27:38.097902+00:00', '--job-id', '6', '--raw', '--subdir', '/home/***/.local/lib/python3.7/site-packages/***/example_dags/example_bash_operator.py', '--cfg-path', '/tmp/tmpdmp8jw8_', '--error-file', '/tmp/tmpmg0b5vbz']
[2022-04-26 11:27:40,724] {standard_task_runner.py:80} INFO - Job 6: Subtask this_will_skip
[2022-04-26 11:27:41,489] {logging_mixin.py:109} INFO - Running <TaskInstance: example_bash_operator.this_will_skip manual__2022-04-26T11:27:38.097902+00:00 [running]> on host c6f211ee236a
[2022-04-26 11:27:42,043] {taskinstance.py:1448} INFO - Exporting the following env vars:
AIRFLOW_CTX_DAG_OWNER=***
AIRFLOW_CTX_DAG_ID=example_bash_operator
AIRFLOW_CTX_TASK_ID=this_will_skip
AIRFLOW_CTX_EXECUTION_DATE=2022-04-26T11:27:38.097902+00:00
AIRFLOW_CTX_DAG_RUN_ID=manual__2022-04-26T11:27:38.097902+00:00
[2022-04-26 11:27:42,050] {subprocess.py:62} INFO - Tmp dir root location: 
 /tmp
[2022-04-26 11:27:42,051] {subprocess.py:74} INFO - Running command: ['bash', '-c', 'echo "hello world"; exit 99;']
[2022-04-26 11:27:42,077] {subprocess.py:85} INFO - Output:
[2022-04-26 11:27:42,078] {subprocess.py:89} INFO - hello world
[2022-04-26 11:27:42,078] {subprocess.py:93} INFO - Command exited with return code 99
[2022-04-26 11:27:42,082] {taskinstance.py:1367} INFO - Bash command returned exit code 99. Skipping.
[2022-04-26 11:27:42,102] {taskinstance.py:1288} INFO - Marking task as SKIPPED. dag_id=example_bash_operator, task_id=this_will_skip, execution_date=20220426T112738, start_date=20220426T112740, end_date=20220426T112742
[2022-04-26 11:27:42,168] {local_task_job.py:154} INFO - Task exited with return code 0
[2022-04-26 11:27:42,241] {local_task_job.py:264} INFO - 0 downstream tasks scheduled from follow-on schedule check
