[2022-04-27 07:25:02,161] {taskinstance.py:1043} INFO - Dependencies all met for <TaskInstance: example_bash_operator.this_will_skip scheduled__2022-04-26T00:00:00+00:00 [queued]>
[2022-04-27 07:25:02,272] {taskinstance.py:1043} INFO - Dependencies all met for <TaskInstance: example_bash_operator.this_will_skip scheduled__2022-04-26T00:00:00+00:00 [queued]>
[2022-04-27 07:25:02,303] {taskinstance.py:1249} INFO - 
--------------------------------------------------------------------------------
[2022-04-27 07:25:02,319] {taskinstance.py:1250} INFO - Starting attempt 1 of 1
[2022-04-27 07:25:02,335] {taskinstance.py:1251} INFO - 
--------------------------------------------------------------------------------
[2022-04-27 07:25:02,458] {taskinstance.py:1270} INFO - Executing <Task(BashOperator): this_will_skip> on 2022-04-26 00:00:00+00:00
[2022-04-27 07:25:02,509] {standard_task_runner.py:52} INFO - Started process 6725 to run task
[2022-04-27 07:25:02,517] {standard_task_runner.py:79} INFO - Running: ['***', 'tasks', 'run', 'example_bash_operator', 'this_will_skip', 'scheduled__2022-04-26T00:00:00+00:00', '--job-id', '16', '--raw', '--subdir', '/home/***/.local/lib/python3.7/site-packages/***/example_dags/example_bash_operator.py', '--cfg-path', '/tmp/tmp4pxxe4k6', '--error-file', '/tmp/tmp60t7wd3s']
[2022-04-27 07:25:02,536] {standard_task_runner.py:80} INFO - Job 16: Subtask this_will_skip
[2022-04-27 07:25:02,862] {logging_mixin.py:109} INFO - Running <TaskInstance: example_bash_operator.this_will_skip scheduled__2022-04-26T00:00:00+00:00 [running]> on host c6f211ee236a
[2022-04-27 07:25:03,325] {taskinstance.py:1448} INFO - Exporting the following env vars:
AIRFLOW_CTX_DAG_OWNER=***
AIRFLOW_CTX_DAG_ID=example_bash_operator
AIRFLOW_CTX_TASK_ID=this_will_skip
AIRFLOW_CTX_EXECUTION_DATE=2022-04-26T00:00:00+00:00
AIRFLOW_CTX_DAG_RUN_ID=scheduled__2022-04-26T00:00:00+00:00
[2022-04-27 07:25:03,341] {subprocess.py:62} INFO - Tmp dir root location: 
 /tmp
[2022-04-27 07:25:03,343] {subprocess.py:74} INFO - Running command: ['bash', '-c', 'echo "hello world"; exit 99;']
[2022-04-27 07:25:03,392] {subprocess.py:85} INFO - Output:
[2022-04-27 07:25:03,437] {subprocess.py:89} INFO - hello world
[2022-04-27 07:25:03,457] {subprocess.py:93} INFO - Command exited with return code 99
[2022-04-27 07:25:03,499] {taskinstance.py:1367} INFO - Bash command returned exit code 99. Skipping.
[2022-04-27 07:25:03,791] {taskinstance.py:1288} INFO - Marking task as SKIPPED. dag_id=example_bash_operator, task_id=this_will_skip, execution_date=20220426T000000, start_date=20220427T072502, end_date=20220427T072503
[2022-04-27 07:25:04,630] {local_task_job.py:154} INFO - Task exited with return code 0
[2022-04-27 07:25:04,780] {local_task_job.py:264} INFO - 0 downstream tasks scheduled from follow-on schedule check
