[2022-04-26 11:27:44,181] {taskinstance.py:1043} INFO - Dependencies all met for <TaskInstance: example_bash_operator.run_after_loop manual__2022-04-26T11:27:38.097902+00:00 [queued]>
[2022-04-26 11:27:44,203] {taskinstance.py:1043} INFO - Dependencies all met for <TaskInstance: example_bash_operator.run_after_loop manual__2022-04-26T11:27:38.097902+00:00 [queued]>
[2022-04-26 11:27:44,205] {taskinstance.py:1249} INFO - 
--------------------------------------------------------------------------------
[2022-04-26 11:27:44,205] {taskinstance.py:1250} INFO - Starting attempt 1 of 1
[2022-04-26 11:27:44,206] {taskinstance.py:1251} INFO - 
--------------------------------------------------------------------------------
[2022-04-26 11:27:44,232] {taskinstance.py:1270} INFO - Executing <Task(BashOperator): run_after_loop> on 2022-04-26 11:27:38.097902+00:00
[2022-04-26 11:27:44,261] {standard_task_runner.py:52} INFO - Started process 6156 to run task
[2022-04-26 11:27:44,266] {standard_task_runner.py:79} INFO - Running: ['***', 'tasks', 'run', 'example_bash_operator', 'run_after_loop', 'manual__2022-04-26T11:27:38.097902+00:00', '--job-id', '14', '--raw', '--subdir', '/home/***/.local/lib/python3.7/site-packages/***/example_dags/example_bash_operator.py', '--cfg-path', '/tmp/tmp3g7iuqvc', '--error-file', '/tmp/tmp7ry0ee93']
[2022-04-26 11:27:44,267] {standard_task_runner.py:80} INFO - Job 14: Subtask run_after_loop
[2022-04-26 11:27:44,397] {logging_mixin.py:109} INFO - Running <TaskInstance: example_bash_operator.run_after_loop manual__2022-04-26T11:27:38.097902+00:00 [running]> on host c6f211ee236a
[2022-04-26 11:27:44,507] {taskinstance.py:1448} INFO - Exporting the following env vars:
AIRFLOW_CTX_DAG_OWNER=***
AIRFLOW_CTX_DAG_ID=example_bash_operator
AIRFLOW_CTX_TASK_ID=run_after_loop
AIRFLOW_CTX_EXECUTION_DATE=2022-04-26T11:27:38.097902+00:00
AIRFLOW_CTX_DAG_RUN_ID=manual__2022-04-26T11:27:38.097902+00:00
[2022-04-26 11:27:44,514] {subprocess.py:62} INFO - Tmp dir root location: 
 /tmp
[2022-04-26 11:27:44,515] {subprocess.py:74} INFO - Running command: ['bash', '-c', 'echo 1']
[2022-04-26 11:27:44,530] {subprocess.py:85} INFO - Output:
[2022-04-26 11:27:44,532] {subprocess.py:89} INFO - 1
[2022-04-26 11:27:44,533] {subprocess.py:93} INFO - Command exited with return code 0
[2022-04-26 11:27:44,585] {taskinstance.py:1288} INFO - Marking task as SUCCESS. dag_id=example_bash_operator, task_id=run_after_loop, execution_date=20220426T112738, start_date=20220426T112744, end_date=20220426T112744
[2022-04-26 11:27:44,640] {local_task_job.py:154} INFO - Task exited with return code 0
[2022-04-26 11:27:44,683] {local_task_job.py:264} INFO - 0 downstream tasks scheduled from follow-on schedule check
