[2022-04-29 18:00:59,932] {processor.py:163} INFO - Started process (PID=14581) to work on /opt/airflow/dags/ej1.py
[2022-04-29 18:00:59,963] {processor.py:642} INFO - Processing file /opt/airflow/dags/ej1.py for tasks to queue
[2022-04-29 18:01:00,011] {logging_mixin.py:109} INFO - [2022-04-29 18:01:00,010] {dagbag.py:500} INFO - Filling up the DagBag from /opt/airflow/dags/ej1.py
[2022-04-29 18:01:03,242] {processor.py:652} INFO - DAG(s) dict_keys(['ej1']) retrieved from /opt/airflow/dags/ej1.py
[2022-04-29 18:01:15,301] {logging_mixin.py:109} INFO - [2022-04-29 18:01:15,301] {dag.py:2398} INFO - Sync 1 DAGs
[2022-04-29 18:01:15,332] {logging_mixin.py:109} INFO - [2022-04-29 18:01:15,332] {dag.py:2937} INFO - Setting next_dagrun for ej1 to 2022-04-27T00:00:00+00:00
[2022-04-29 18:01:15,376] {processor.py:171} INFO - Processing /opt/airflow/dags/ej1.py took 15.478 seconds
[2022-04-29 18:01:45,665] {processor.py:163} INFO - Started process (PID=14641) to work on /opt/airflow/dags/ej1.py
[2022-04-29 18:01:45,672] {processor.py:642} INFO - Processing file /opt/airflow/dags/ej1.py for tasks to queue
[2022-04-29 18:01:45,680] {logging_mixin.py:109} INFO - [2022-04-29 18:01:45,680] {dagbag.py:500} INFO - Filling up the DagBag from /opt/airflow/dags/ej1.py
[2022-04-29 18:01:45,748] {processor.py:652} INFO - DAG(s) dict_keys(['ej1']) retrieved from /opt/airflow/dags/ej1.py
[2022-04-29 18:01:45,799] {logging_mixin.py:109} INFO - [2022-04-29 18:01:45,799] {dag.py:2398} INFO - Sync 1 DAGs
[2022-04-29 18:01:45,851] {logging_mixin.py:109} INFO - [2022-04-29 18:01:45,850] {dag.py:2937} INFO - Setting next_dagrun for ej1 to 2022-04-27T00:00:00+00:00
[2022-04-29 18:01:46,856] {processor.py:171} INFO - Processing /opt/airflow/dags/ej1.py took 1.196 seconds
[2022-04-29 18:02:17,028] {processor.py:163} INFO - Started process (PID=14692) to work on /opt/airflow/dags/ej1.py
[2022-04-29 18:02:17,031] {processor.py:642} INFO - Processing file /opt/airflow/dags/ej1.py for tasks to queue
[2022-04-29 18:02:17,032] {logging_mixin.py:109} INFO - [2022-04-29 18:02:17,032] {dagbag.py:500} INFO - Filling up the DagBag from /opt/airflow/dags/ej1.py
[2022-04-29 18:02:17,072] {processor.py:652} INFO - DAG(s) dict_keys(['ej1']) retrieved from /opt/airflow/dags/ej1.py
[2022-04-29 18:02:17,119] {logging_mixin.py:109} INFO - [2022-04-29 18:02:17,119] {dag.py:2398} INFO - Sync 1 DAGs
[2022-04-29 18:02:17,166] {logging_mixin.py:109} INFO - [2022-04-29 18:02:17,166] {dag.py:2937} INFO - Setting next_dagrun for ej1 to 2022-04-27T00:00:00+00:00
[2022-04-29 18:02:17,216] {processor.py:171} INFO - Processing /opt/airflow/dags/ej1.py took 0.193 seconds
[2022-04-29 18:02:48,248] {processor.py:163} INFO - Started process (PID=14752) to work on /opt/airflow/dags/ej1.py
[2022-04-29 18:02:48,251] {processor.py:642} INFO - Processing file /opt/airflow/dags/ej1.py for tasks to queue
[2022-04-29 18:02:48,253] {logging_mixin.py:109} INFO - [2022-04-29 18:02:48,253] {dagbag.py:500} INFO - Filling up the DagBag from /opt/airflow/dags/ej1.py
[2022-04-29 18:02:48,284] {processor.py:652} INFO - DAG(s) dict_keys(['ej1']) retrieved from /opt/airflow/dags/ej1.py
[2022-04-29 18:02:48,322] {logging_mixin.py:109} INFO - [2022-04-29 18:02:48,321] {dag.py:2398} INFO - Sync 1 DAGs
[2022-04-29 18:02:48,366] {logging_mixin.py:109} INFO - [2022-04-29 18:02:48,366] {dag.py:2937} INFO - Setting next_dagrun for ej1 to 2022-04-27T00:00:00+00:00
[2022-04-29 18:02:48,397] {processor.py:171} INFO - Processing /opt/airflow/dags/ej1.py took 0.154 seconds
[2022-04-29 18:03:18,690] {processor.py:163} INFO - Started process (PID=14812) to work on /opt/airflow/dags/ej1.py
[2022-04-29 18:03:18,692] {processor.py:642} INFO - Processing file /opt/airflow/dags/ej1.py for tasks to queue
[2022-04-29 18:03:18,693] {logging_mixin.py:109} INFO - [2022-04-29 18:03:18,693] {dagbag.py:500} INFO - Filling up the DagBag from /opt/airflow/dags/ej1.py
[2022-04-29 18:03:18,730] {processor.py:652} INFO - DAG(s) dict_keys(['ej1']) retrieved from /opt/airflow/dags/ej1.py
[2022-04-29 18:03:18,765] {logging_mixin.py:109} INFO - [2022-04-29 18:03:18,765] {dag.py:2398} INFO - Sync 1 DAGs
[2022-04-29 18:03:18,789] {logging_mixin.py:109} INFO - [2022-04-29 18:03:18,789] {dag.py:2937} INFO - Setting next_dagrun for ej1 to 2022-04-27T00:00:00+00:00
[2022-04-29 18:03:18,810] {processor.py:171} INFO - Processing /opt/airflow/dags/ej1.py took 0.124 seconds
[2022-04-29 18:03:49,068] {processor.py:163} INFO - Started process (PID=14882) to work on /opt/airflow/dags/ej1.py
[2022-04-29 18:03:49,070] {processor.py:642} INFO - Processing file /opt/airflow/dags/ej1.py for tasks to queue
[2022-04-29 18:03:49,072] {logging_mixin.py:109} INFO - [2022-04-29 18:03:49,071] {dagbag.py:500} INFO - Filling up the DagBag from /opt/airflow/dags/ej1.py
[2022-04-29 18:03:49,125] {processor.py:652} INFO - DAG(s) dict_keys(['ej1']) retrieved from /opt/airflow/dags/ej1.py
[2022-04-29 18:03:49,174] {logging_mixin.py:109} INFO - [2022-04-29 18:03:49,174] {dag.py:2398} INFO - Sync 1 DAGs
[2022-04-29 18:03:49,226] {logging_mixin.py:109} INFO - [2022-04-29 18:03:49,226] {dag.py:2937} INFO - Setting next_dagrun for ej1 to 2022-04-27T00:00:00+00:00
[2022-04-29 18:03:49,252] {processor.py:171} INFO - Processing /opt/airflow/dags/ej1.py took 0.188 seconds
[2022-04-29 18:04:19,514] {processor.py:163} INFO - Started process (PID=14945) to work on /opt/airflow/dags/ej1.py
[2022-04-29 18:04:19,516] {processor.py:642} INFO - Processing file /opt/airflow/dags/ej1.py for tasks to queue
[2022-04-29 18:04:19,517] {logging_mixin.py:109} INFO - [2022-04-29 18:04:19,517] {dagbag.py:500} INFO - Filling up the DagBag from /opt/airflow/dags/ej1.py
[2022-04-29 18:04:19,535] {processor.py:652} INFO - DAG(s) dict_keys(['ej1']) retrieved from /opt/airflow/dags/ej1.py
[2022-04-29 18:04:19,558] {logging_mixin.py:109} INFO - [2022-04-29 18:04:19,558] {dag.py:2398} INFO - Sync 1 DAGs
[2022-04-29 18:04:19,573] {logging_mixin.py:109} INFO - [2022-04-29 18:04:19,573] {dag.py:2937} INFO - Setting next_dagrun for ej1 to 2022-04-27T00:00:00+00:00
[2022-04-29 18:04:19,591] {processor.py:171} INFO - Processing /opt/airflow/dags/ej1.py took 0.081 seconds
[2022-04-29 18:04:49,833] {processor.py:163} INFO - Started process (PID=15016) to work on /opt/airflow/dags/ej1.py
[2022-04-29 18:04:49,834] {processor.py:642} INFO - Processing file /opt/airflow/dags/ej1.py for tasks to queue
[2022-04-29 18:04:49,835] {logging_mixin.py:109} INFO - [2022-04-29 18:04:49,835] {dagbag.py:500} INFO - Filling up the DagBag from /opt/airflow/dags/ej1.py
[2022-04-29 18:04:49,858] {processor.py:652} INFO - DAG(s) dict_keys(['ej1']) retrieved from /opt/airflow/dags/ej1.py
[2022-04-29 18:04:49,882] {logging_mixin.py:109} INFO - [2022-04-29 18:04:49,882] {dag.py:2398} INFO - Sync 1 DAGs
[2022-04-29 18:04:49,899] {logging_mixin.py:109} INFO - [2022-04-29 18:04:49,899] {dag.py:2937} INFO - Setting next_dagrun for ej1 to 2022-04-27T00:00:00+00:00
[2022-04-29 18:04:49,917] {processor.py:171} INFO - Processing /opt/airflow/dags/ej1.py took 0.088 seconds
[2022-04-29 18:05:20,176] {processor.py:163} INFO - Started process (PID=15076) to work on /opt/airflow/dags/ej1.py
[2022-04-29 18:05:20,177] {processor.py:642} INFO - Processing file /opt/airflow/dags/ej1.py for tasks to queue
[2022-04-29 18:05:20,177] {logging_mixin.py:109} INFO - [2022-04-29 18:05:20,177] {dagbag.py:500} INFO - Filling up the DagBag from /opt/airflow/dags/ej1.py
[2022-04-29 18:05:20,193] {processor.py:652} INFO - DAG(s) dict_keys(['ej1']) retrieved from /opt/airflow/dags/ej1.py
[2022-04-29 18:05:20,213] {logging_mixin.py:109} INFO - [2022-04-29 18:05:20,213] {dag.py:2398} INFO - Sync 1 DAGs
[2022-04-29 18:05:20,226] {logging_mixin.py:109} INFO - [2022-04-29 18:05:20,226] {dag.py:2937} INFO - Setting next_dagrun for ej1 to 2022-04-27T00:00:00+00:00
[2022-04-29 18:05:20,240] {processor.py:171} INFO - Processing /opt/airflow/dags/ej1.py took 0.068 seconds
[2022-04-29 18:05:50,475] {processor.py:163} INFO - Started process (PID=15136) to work on /opt/airflow/dags/ej1.py
[2022-04-29 18:05:50,476] {processor.py:642} INFO - Processing file /opt/airflow/dags/ej1.py for tasks to queue
[2022-04-29 18:05:50,477] {logging_mixin.py:109} INFO - [2022-04-29 18:05:50,477] {dagbag.py:500} INFO - Filling up the DagBag from /opt/airflow/dags/ej1.py
[2022-04-29 18:05:50,513] {processor.py:652} INFO - DAG(s) dict_keys(['ej1']) retrieved from /opt/airflow/dags/ej1.py
[2022-04-29 18:05:50,535] {logging_mixin.py:109} INFO - [2022-04-29 18:05:50,534] {dag.py:2398} INFO - Sync 1 DAGs
[2022-04-29 18:05:50,550] {logging_mixin.py:109} INFO - [2022-04-29 18:05:50,550] {dag.py:2937} INFO - Setting next_dagrun for ej1 to 2022-04-27T00:00:00+00:00
[2022-04-29 18:05:50,567] {processor.py:171} INFO - Processing /opt/airflow/dags/ej1.py took 0.096 seconds
