[2022-04-29 18:01:16,402] {processor.py:163} INFO - Started process (PID=14583) to work on /opt/airflow/dags/ej2.py
[2022-04-29 18:01:16,412] {processor.py:642} INFO - Processing file /opt/airflow/dags/ej2.py for tasks to queue
[2022-04-29 18:01:16,427] {logging_mixin.py:109} INFO - [2022-04-29 18:01:16,426] {dagbag.py:500} INFO - Filling up the DagBag from /opt/airflow/dags/ej2.py
[2022-04-29 18:01:16,532] {processor.py:652} INFO - DAG(s) dict_keys(['ej2']) retrieved from /opt/airflow/dags/ej2.py
[2022-04-29 18:01:17,528] {logging_mixin.py:109} INFO - [2022-04-29 18:01:17,528] {dag.py:2398} INFO - Sync 1 DAGs
[2022-04-29 18:01:17,566] {logging_mixin.py:109} INFO - [2022-04-29 18:01:17,565] {dag.py:2937} INFO - Setting next_dagrun for ej2 to 2022-04-28T00:00:00+00:00
[2022-04-29 18:01:17,801] {processor.py:171} INFO - Processing /opt/airflow/dags/ej2.py took 1.404 seconds
[2022-04-29 18:01:47,948] {processor.py:163} INFO - Started process (PID=14643) to work on /opt/airflow/dags/ej2.py
[2022-04-29 18:01:47,951] {processor.py:642} INFO - Processing file /opt/airflow/dags/ej2.py for tasks to queue
[2022-04-29 18:01:47,953] {logging_mixin.py:109} INFO - [2022-04-29 18:01:47,952] {dagbag.py:500} INFO - Filling up the DagBag from /opt/airflow/dags/ej2.py
[2022-04-29 18:01:47,986] {processor.py:652} INFO - DAG(s) dict_keys(['ej2']) retrieved from /opt/airflow/dags/ej2.py
[2022-04-29 18:01:48,045] {logging_mixin.py:109} INFO - [2022-04-29 18:01:48,045] {dag.py:2398} INFO - Sync 1 DAGs
[2022-04-29 18:01:48,080] {logging_mixin.py:109} INFO - [2022-04-29 18:01:48,080] {dag.py:2937} INFO - Setting next_dagrun for ej2 to 2022-04-28T00:00:00+00:00
[2022-04-29 18:01:48,109] {processor.py:171} INFO - Processing /opt/airflow/dags/ej2.py took 0.166 seconds
[2022-04-29 18:02:18,414] {processor.py:163} INFO - Started process (PID=14694) to work on /opt/airflow/dags/ej2.py
[2022-04-29 18:02:18,425] {processor.py:642} INFO - Processing file /opt/airflow/dags/ej2.py for tasks to queue
[2022-04-29 18:02:18,453] {logging_mixin.py:109} INFO - [2022-04-29 18:02:18,453] {dagbag.py:500} INFO - Filling up the DagBag from /opt/airflow/dags/ej2.py
[2022-04-29 18:02:18,856] {processor.py:652} INFO - DAG(s) dict_keys(['ej2']) retrieved from /opt/airflow/dags/ej2.py
[2022-04-29 18:02:18,910] {logging_mixin.py:109} INFO - [2022-04-29 18:02:18,910] {dag.py:2398} INFO - Sync 1 DAGs
[2022-04-29 18:02:18,939] {logging_mixin.py:109} INFO - [2022-04-29 18:02:18,938] {dag.py:2937} INFO - Setting next_dagrun for ej2 to 2022-04-28T00:00:00+00:00
[2022-04-29 18:02:20,626] {processor.py:171} INFO - Processing /opt/airflow/dags/ej2.py took 2.216 seconds
[2022-04-29 18:02:51,037] {processor.py:163} INFO - Started process (PID=14763) to work on /opt/airflow/dags/ej2.py
[2022-04-29 18:02:51,049] {processor.py:642} INFO - Processing file /opt/airflow/dags/ej2.py for tasks to queue
[2022-04-29 18:02:51,059] {logging_mixin.py:109} INFO - [2022-04-29 18:02:51,059] {dagbag.py:500} INFO - Filling up the DagBag from /opt/airflow/dags/ej2.py
[2022-04-29 18:02:52,065] {processor.py:652} INFO - DAG(s) dict_keys(['ej2']) retrieved from /opt/airflow/dags/ej2.py
[2022-04-29 18:02:52,128] {logging_mixin.py:109} INFO - [2022-04-29 18:02:52,128] {dag.py:2398} INFO - Sync 1 DAGs
[2022-04-29 18:02:52,184] {logging_mixin.py:109} INFO - [2022-04-29 18:02:52,184] {dag.py:2937} INFO - Setting next_dagrun for ej2 to 2022-04-28T00:00:00+00:00
[2022-04-29 18:02:52,249] {processor.py:171} INFO - Processing /opt/airflow/dags/ej2.py took 1.218 seconds
[2022-04-29 18:03:22,763] {processor.py:163} INFO - Started process (PID=14824) to work on /opt/airflow/dags/ej2.py
[2022-04-29 18:03:22,765] {processor.py:642} INFO - Processing file /opt/airflow/dags/ej2.py for tasks to queue
[2022-04-29 18:03:22,766] {logging_mixin.py:109} INFO - [2022-04-29 18:03:22,766] {dagbag.py:500} INFO - Filling up the DagBag from /opt/airflow/dags/ej2.py
[2022-04-29 18:03:22,790] {processor.py:652} INFO - DAG(s) dict_keys(['ej2']) retrieved from /opt/airflow/dags/ej2.py
[2022-04-29 18:03:22,811] {logging_mixin.py:109} INFO - [2022-04-29 18:03:22,811] {dag.py:2398} INFO - Sync 1 DAGs
[2022-04-29 18:03:22,829] {logging_mixin.py:109} INFO - [2022-04-29 18:03:22,829] {dag.py:2937} INFO - Setting next_dagrun for ej2 to 2022-04-28T00:00:00+00:00
[2022-04-29 18:03:22,844] {processor.py:171} INFO - Processing /opt/airflow/dags/ej2.py took 0.084 seconds
[2022-04-29 18:03:53,321] {processor.py:163} INFO - Started process (PID=14884) to work on /opt/airflow/dags/ej2.py
[2022-04-29 18:03:53,322] {processor.py:642} INFO - Processing file /opt/airflow/dags/ej2.py for tasks to queue
[2022-04-29 18:03:53,323] {logging_mixin.py:109} INFO - [2022-04-29 18:03:53,323] {dagbag.py:500} INFO - Filling up the DagBag from /opt/airflow/dags/ej2.py
[2022-04-29 18:03:53,341] {processor.py:652} INFO - DAG(s) dict_keys(['ej2']) retrieved from /opt/airflow/dags/ej2.py
[2022-04-29 18:03:53,362] {logging_mixin.py:109} INFO - [2022-04-29 18:03:53,362] {dag.py:2398} INFO - Sync 1 DAGs
[2022-04-29 18:03:53,377] {logging_mixin.py:109} INFO - [2022-04-29 18:03:53,377] {dag.py:2937} INFO - Setting next_dagrun for ej2 to 2022-04-28T00:00:00+00:00
[2022-04-29 18:03:53,395] {processor.py:171} INFO - Processing /opt/airflow/dags/ej2.py took 0.078 seconds
[2022-04-29 18:04:23,593] {processor.py:163} INFO - Started process (PID=14947) to work on /opt/airflow/dags/ej2.py
[2022-04-29 18:04:23,595] {processor.py:642} INFO - Processing file /opt/airflow/dags/ej2.py for tasks to queue
[2022-04-29 18:04:23,596] {logging_mixin.py:109} INFO - [2022-04-29 18:04:23,596] {dagbag.py:500} INFO - Filling up the DagBag from /opt/airflow/dags/ej2.py
[2022-04-29 18:04:23,617] {processor.py:652} INFO - DAG(s) dict_keys(['ej2']) retrieved from /opt/airflow/dags/ej2.py
[2022-04-29 18:04:23,638] {logging_mixin.py:109} INFO - [2022-04-29 18:04:23,637] {dag.py:2398} INFO - Sync 1 DAGs
[2022-04-29 18:04:23,654] {logging_mixin.py:109} INFO - [2022-04-29 18:04:23,654] {dag.py:2937} INFO - Setting next_dagrun for ej2 to 2022-04-28T00:00:00+00:00
[2022-04-29 18:04:23,673] {processor.py:171} INFO - Processing /opt/airflow/dags/ej2.py took 0.083 seconds
[2022-04-29 18:04:53,912] {processor.py:163} INFO - Started process (PID=15018) to work on /opt/airflow/dags/ej2.py
[2022-04-29 18:04:53,913] {processor.py:642} INFO - Processing file /opt/airflow/dags/ej2.py for tasks to queue
[2022-04-29 18:04:53,914] {logging_mixin.py:109} INFO - [2022-04-29 18:04:53,914] {dagbag.py:500} INFO - Filling up the DagBag from /opt/airflow/dags/ej2.py
[2022-04-29 18:04:53,948] {processor.py:652} INFO - DAG(s) dict_keys(['ej2']) retrieved from /opt/airflow/dags/ej2.py
[2022-04-29 18:04:53,975] {logging_mixin.py:109} INFO - [2022-04-29 18:04:53,975] {dag.py:2398} INFO - Sync 1 DAGs
[2022-04-29 18:04:53,991] {logging_mixin.py:109} INFO - [2022-04-29 18:04:53,991] {dag.py:2937} INFO - Setting next_dagrun for ej2 to 2022-04-28T00:00:00+00:00
[2022-04-29 18:04:54,010] {processor.py:171} INFO - Processing /opt/airflow/dags/ej2.py took 0.102 seconds
[2022-04-29 18:05:24,265] {processor.py:163} INFO - Started process (PID=15078) to work on /opt/airflow/dags/ej2.py
[2022-04-29 18:05:24,267] {processor.py:642} INFO - Processing file /opt/airflow/dags/ej2.py for tasks to queue
[2022-04-29 18:05:24,268] {logging_mixin.py:109} INFO - [2022-04-29 18:05:24,268] {dagbag.py:500} INFO - Filling up the DagBag from /opt/airflow/dags/ej2.py
[2022-04-29 18:05:24,290] {processor.py:652} INFO - DAG(s) dict_keys(['ej2']) retrieved from /opt/airflow/dags/ej2.py
[2022-04-29 18:05:24,315] {logging_mixin.py:109} INFO - [2022-04-29 18:05:24,315] {dag.py:2398} INFO - Sync 1 DAGs
[2022-04-29 18:05:24,332] {logging_mixin.py:109} INFO - [2022-04-29 18:05:24,331] {dag.py:2937} INFO - Setting next_dagrun for ej2 to 2022-04-28T00:00:00+00:00
[2022-04-29 18:05:24,355] {processor.py:171} INFO - Processing /opt/airflow/dags/ej2.py took 0.093 seconds
