[2022-04-29 18:01:14,856] {processor.py:163} INFO - Started process (PID=14582) to work on /opt/airflow/dags/ej3.py
[2022-04-29 18:01:14,870] {processor.py:642} INFO - Processing file /opt/airflow/dags/ej3.py for tasks to queue
[2022-04-29 18:01:14,873] {logging_mixin.py:109} INFO - [2022-04-29 18:01:14,873] {dagbag.py:500} INFO - Filling up the DagBag from /opt/airflow/dags/ej3.py
[2022-04-29 18:01:14,935] {processor.py:652} INFO - DAG(s) dict_keys(['ej3']) retrieved from /opt/airflow/dags/ej3.py
[2022-04-29 18:01:15,956] {logging_mixin.py:109} INFO - [2022-04-29 18:01:15,956] {dag.py:2398} INFO - Sync 1 DAGs
[2022-04-29 18:01:15,995] {logging_mixin.py:109} INFO - [2022-04-29 18:01:15,995] {dag.py:2937} INFO - Setting next_dagrun for ej3 to 2022-05-03T00:01:00+00:00
[2022-04-29 18:01:16,031] {processor.py:171} INFO - Processing /opt/airflow/dags/ej3.py took 1.182 seconds
[2022-04-29 18:01:46,908] {processor.py:163} INFO - Started process (PID=14642) to work on /opt/airflow/dags/ej3.py
[2022-04-29 18:01:46,912] {processor.py:642} INFO - Processing file /opt/airflow/dags/ej3.py for tasks to queue
[2022-04-29 18:01:46,914] {logging_mixin.py:109} INFO - [2022-04-29 18:01:46,914] {dagbag.py:500} INFO - Filling up the DagBag from /opt/airflow/dags/ej3.py
[2022-04-29 18:01:46,972] {processor.py:652} INFO - DAG(s) dict_keys(['ej3']) retrieved from /opt/airflow/dags/ej3.py
[2022-04-29 18:01:47,012] {logging_mixin.py:109} INFO - [2022-04-29 18:01:47,012] {dag.py:2398} INFO - Sync 1 DAGs
[2022-04-29 18:01:47,050] {logging_mixin.py:109} INFO - [2022-04-29 18:01:47,049] {dag.py:2937} INFO - Setting next_dagrun for ej3 to 2022-05-03T00:01:00+00:00
[2022-04-29 18:01:47,091] {processor.py:171} INFO - Processing /opt/airflow/dags/ej3.py took 0.191 seconds
[2022-04-29 18:02:17,378] {processor.py:163} INFO - Started process (PID=14693) to work on /opt/airflow/dags/ej3.py
[2022-04-29 18:02:17,382] {processor.py:642} INFO - Processing file /opt/airflow/dags/ej3.py for tasks to queue
[2022-04-29 18:02:17,391] {logging_mixin.py:109} INFO - [2022-04-29 18:02:17,391] {dagbag.py:500} INFO - Filling up the DagBag from /opt/airflow/dags/ej3.py
[2022-04-29 18:02:17,547] {processor.py:652} INFO - DAG(s) dict_keys(['ej3']) retrieved from /opt/airflow/dags/ej3.py
[2022-04-29 18:02:17,602] {logging_mixin.py:109} INFO - [2022-04-29 18:02:17,601] {dag.py:2398} INFO - Sync 1 DAGs
[2022-04-29 18:02:17,697] {logging_mixin.py:109} INFO - [2022-04-29 18:02:17,697] {dag.py:2937} INFO - Setting next_dagrun for ej3 to 2022-05-03T00:01:00+00:00
[2022-04-29 18:02:20,608] {processor.py:171} INFO - Processing /opt/airflow/dags/ej3.py took 3.235 seconds
[2022-04-29 18:02:51,036] {processor.py:163} INFO - Started process (PID=14762) to work on /opt/airflow/dags/ej3.py
[2022-04-29 18:02:51,052] {processor.py:642} INFO - Processing file /opt/airflow/dags/ej3.py for tasks to queue
[2022-04-29 18:02:51,059] {logging_mixin.py:109} INFO - [2022-04-29 18:02:51,059] {dagbag.py:500} INFO - Filling up the DagBag from /opt/airflow/dags/ej3.py
[2022-04-29 18:02:51,713] {processor.py:652} INFO - DAG(s) dict_keys(['ej3']) retrieved from /opt/airflow/dags/ej3.py
[2022-04-29 18:02:51,778] {logging_mixin.py:109} INFO - [2022-04-29 18:02:51,778] {dag.py:2398} INFO - Sync 1 DAGs
[2022-04-29 18:02:51,844] {logging_mixin.py:109} INFO - [2022-04-29 18:02:51,843] {dag.py:2937} INFO - Setting next_dagrun for ej3 to 2022-05-03T00:01:00+00:00
[2022-04-29 18:02:51,930] {processor.py:171} INFO - Processing /opt/airflow/dags/ej3.py took 0.900 seconds
[2022-04-29 18:03:22,763] {processor.py:163} INFO - Started process (PID=14823) to work on /opt/airflow/dags/ej3.py
[2022-04-29 18:03:22,765] {processor.py:642} INFO - Processing file /opt/airflow/dags/ej3.py for tasks to queue
[2022-04-29 18:03:22,766] {logging_mixin.py:109} INFO - [2022-04-29 18:03:22,766] {dagbag.py:500} INFO - Filling up the DagBag from /opt/airflow/dags/ej3.py
[2022-04-29 18:03:22,793] {processor.py:652} INFO - DAG(s) dict_keys(['ej3']) retrieved from /opt/airflow/dags/ej3.py
[2022-04-29 18:03:22,812] {logging_mixin.py:109} INFO - [2022-04-29 18:03:22,812] {dag.py:2398} INFO - Sync 1 DAGs
[2022-04-29 18:03:22,830] {logging_mixin.py:109} INFO - [2022-04-29 18:03:22,830] {dag.py:2937} INFO - Setting next_dagrun for ej3 to 2022-05-03T00:01:00+00:00
[2022-04-29 18:03:22,847] {processor.py:171} INFO - Processing /opt/airflow/dags/ej3.py took 0.089 seconds
[2022-04-29 18:03:53,317] {processor.py:163} INFO - Started process (PID=14883) to work on /opt/airflow/dags/ej3.py
[2022-04-29 18:03:53,319] {processor.py:642} INFO - Processing file /opt/airflow/dags/ej3.py for tasks to queue
[2022-04-29 18:03:53,320] {logging_mixin.py:109} INFO - [2022-04-29 18:03:53,320] {dagbag.py:500} INFO - Filling up the DagBag from /opt/airflow/dags/ej3.py
[2022-04-29 18:03:53,340] {processor.py:652} INFO - DAG(s) dict_keys(['ej3']) retrieved from /opt/airflow/dags/ej3.py
[2022-04-29 18:03:53,361] {logging_mixin.py:109} INFO - [2022-04-29 18:03:53,361] {dag.py:2398} INFO - Sync 1 DAGs
[2022-04-29 18:03:53,379] {logging_mixin.py:109} INFO - [2022-04-29 18:03:53,379] {dag.py:2937} INFO - Setting next_dagrun for ej3 to 2022-05-03T00:01:00+00:00
[2022-04-29 18:03:53,400] {processor.py:171} INFO - Processing /opt/airflow/dags/ej3.py took 0.087 seconds
[2022-04-29 18:04:23,592] {processor.py:163} INFO - Started process (PID=14946) to work on /opt/airflow/dags/ej3.py
[2022-04-29 18:04:23,594] {processor.py:642} INFO - Processing file /opt/airflow/dags/ej3.py for tasks to queue
[2022-04-29 18:04:23,595] {logging_mixin.py:109} INFO - [2022-04-29 18:04:23,595] {dagbag.py:500} INFO - Filling up the DagBag from /opt/airflow/dags/ej3.py
[2022-04-29 18:04:23,617] {processor.py:652} INFO - DAG(s) dict_keys(['ej3']) retrieved from /opt/airflow/dags/ej3.py
[2022-04-29 18:04:23,638] {logging_mixin.py:109} INFO - [2022-04-29 18:04:23,638] {dag.py:2398} INFO - Sync 1 DAGs
[2022-04-29 18:04:23,655] {logging_mixin.py:109} INFO - [2022-04-29 18:04:23,655] {dag.py:2937} INFO - Setting next_dagrun for ej3 to 2022-05-03T00:01:00+00:00
[2022-04-29 18:04:23,670] {processor.py:171} INFO - Processing /opt/airflow/dags/ej3.py took 0.081 seconds
[2022-04-29 18:04:53,912] {processor.py:163} INFO - Started process (PID=15017) to work on /opt/airflow/dags/ej3.py
[2022-04-29 18:04:53,913] {processor.py:642} INFO - Processing file /opt/airflow/dags/ej3.py for tasks to queue
[2022-04-29 18:04:53,914] {logging_mixin.py:109} INFO - [2022-04-29 18:04:53,914] {dagbag.py:500} INFO - Filling up the DagBag from /opt/airflow/dags/ej3.py
[2022-04-29 18:04:53,948] {processor.py:652} INFO - DAG(s) dict_keys(['ej3']) retrieved from /opt/airflow/dags/ej3.py
[2022-04-29 18:04:53,974] {logging_mixin.py:109} INFO - [2022-04-29 18:04:53,974] {dag.py:2398} INFO - Sync 1 DAGs
[2022-04-29 18:04:53,992] {logging_mixin.py:109} INFO - [2022-04-29 18:04:53,992] {dag.py:2937} INFO - Setting next_dagrun for ej3 to 2022-05-03T00:01:00+00:00
[2022-04-29 18:04:54,014] {processor.py:171} INFO - Processing /opt/airflow/dags/ej3.py took 0.105 seconds
[2022-04-29 18:05:24,265] {processor.py:163} INFO - Started process (PID=15077) to work on /opt/airflow/dags/ej3.py
[2022-04-29 18:05:24,267] {processor.py:642} INFO - Processing file /opt/airflow/dags/ej3.py for tasks to queue
[2022-04-29 18:05:24,268] {logging_mixin.py:109} INFO - [2022-04-29 18:05:24,267] {dagbag.py:500} INFO - Filling up the DagBag from /opt/airflow/dags/ej3.py
[2022-04-29 18:05:24,290] {processor.py:652} INFO - DAG(s) dict_keys(['ej3']) retrieved from /opt/airflow/dags/ej3.py
[2022-04-29 18:05:24,315] {logging_mixin.py:109} INFO - [2022-04-29 18:05:24,315] {dag.py:2398} INFO - Sync 1 DAGs
[2022-04-29 18:05:24,332] {logging_mixin.py:109} INFO - [2022-04-29 18:05:24,332] {dag.py:2937} INFO - Setting next_dagrun for ej3 to 2022-05-03T00:01:00+00:00
[2022-04-29 18:05:24,348] {processor.py:171} INFO - Processing /opt/airflow/dags/ej3.py took 0.086 seconds
