[2022-04-27 10:02:19,687] {taskinstance.py:1043} INFO - Dependencies all met for <TaskInstance: first.scrape scheduled__2022-04-25T00:00:00+00:00 [queued]>
[2022-04-27 10:02:19,701] {taskinstance.py:1043} INFO - Dependencies all met for <TaskInstance: first.scrape scheduled__2022-04-25T00:00:00+00:00 [queued]>
[2022-04-27 10:02:19,702] {taskinstance.py:1249} INFO - 
--------------------------------------------------------------------------------
[2022-04-27 10:02:19,702] {taskinstance.py:1250} INFO - Starting attempt 1 of 2
[2022-04-27 10:02:19,702] {taskinstance.py:1251} INFO - 
--------------------------------------------------------------------------------
[2022-04-27 10:02:19,720] {taskinstance.py:1270} INFO - Executing <Task(PythonOperator): scrape> on 2022-04-25 00:00:00+00:00
[2022-04-27 10:02:19,726] {standard_task_runner.py:52} INFO - Started process 3095 to run task
[2022-04-27 10:02:19,729] {standard_task_runner.py:79} INFO - Running: ['***', 'tasks', 'run', 'first', 'scrape', 'scheduled__2022-04-25T00:00:00+00:00', '--job-id', '3', '--raw', '--subdir', 'DAGS_FOLDER/first.py', '--cfg-path', '/tmp/tmpb0t_4ccg', '--error-file', '/tmp/tmpepqe0or6']
[2022-04-27 10:02:19,730] {standard_task_runner.py:80} INFO - Job 3: Subtask scrape
[2022-04-27 10:02:19,784] {logging_mixin.py:109} INFO - Running <TaskInstance: first.scrape scheduled__2022-04-25T00:00:00+00:00 [running]> on host 65467f9f0591
[2022-04-27 10:02:19,847] {taskinstance.py:1448} INFO - Exporting the following env vars:
AIRFLOW_CTX_DAG_EMAIL=***@example.com
AIRFLOW_CTX_DAG_OWNER=***
AIRFLOW_CTX_DAG_ID=first
AIRFLOW_CTX_TASK_ID=scrape
AIRFLOW_CTX_EXECUTION_DATE=2022-04-25T00:00:00+00:00
AIRFLOW_CTX_DAG_RUN_ID=scheduled__2022-04-25T00:00:00+00:00
[2022-04-27 10:02:19,848] {first.py:22} INFO - performing scraping
[2022-04-27 10:02:19,849] {python.py:175} INFO - Done. Returned value was: None
[2022-04-27 10:02:19,862] {taskinstance.py:1288} INFO - Marking task as SUCCESS. dag_id=first, task_id=scrape, execution_date=20220425T000000, start_date=20220427T100219, end_date=20220427T100219
[2022-04-27 10:02:19,902] {local_task_job.py:154} INFO - Task exited with return code 0
[2022-04-27 10:02:19,943] {local_task_job.py:264} INFO - 1 downstream tasks scheduled from follow-on schedule check
