[2022-04-27 10:05:22,863] {taskinstance.py:1043} INFO - Dependencies all met for <TaskInstance: first.save manual__2022-04-27T10:05:20.037814+00:00 [queued]>
[2022-04-27 10:05:22,878] {taskinstance.py:1043} INFO - Dependencies all met for <TaskInstance: first.save manual__2022-04-27T10:05:20.037814+00:00 [queued]>
[2022-04-27 10:05:22,878] {taskinstance.py:1249} INFO - 
--------------------------------------------------------------------------------
[2022-04-27 10:05:22,879] {taskinstance.py:1250} INFO - Starting attempt 1 of 2
[2022-04-27 10:05:22,879] {taskinstance.py:1251} INFO - 
--------------------------------------------------------------------------------
[2022-04-27 10:05:22,893] {taskinstance.py:1270} INFO - Executing <Task(PythonOperator): save> on 2022-04-27 10:05:20.037814+00:00
[2022-04-27 10:05:22,898] {standard_task_runner.py:52} INFO - Started process 3244 to run task
[2022-04-27 10:05:22,902] {standard_task_runner.py:79} INFO - Running: ['***', 'tasks', 'run', 'first', 'save', 'manual__2022-04-27T10:05:20.037814+00:00', '--job-id', '11', '--raw', '--subdir', 'DAGS_FOLDER/first.py', '--cfg-path', '/tmp/tmpoqynvu6b', '--error-file', '/tmp/tmpuxpr3ojd']
[2022-04-27 10:05:22,903] {standard_task_runner.py:80} INFO - Job 11: Subtask save
[2022-04-27 10:05:22,979] {logging_mixin.py:109} INFO - Running <TaskInstance: first.save manual__2022-04-27T10:05:20.037814+00:00 [running]> on host 65467f9f0591
[2022-04-27 10:05:23,054] {taskinstance.py:1448} INFO - Exporting the following env vars:
AIRFLOW_CTX_DAG_EMAIL=***@example.com
AIRFLOW_CTX_DAG_OWNER=***
AIRFLOW_CTX_DAG_ID=first
AIRFLOW_CTX_TASK_ID=save
AIRFLOW_CTX_EXECUTION_DATE=2022-04-27T10:05:20.037814+00:00
AIRFLOW_CTX_DAG_RUN_ID=manual__2022-04-27T10:05:20.037814+00:00
[2022-04-27 10:05:23,055] {first.py:28} INFO - performing saving
[2022-04-27 10:05:23,056] {python.py:175} INFO - Done. Returned value was: None
[2022-04-27 10:05:23,069] {taskinstance.py:1288} INFO - Marking task as SUCCESS. dag_id=first, task_id=save, execution_date=20220427T100520, start_date=20220427T100522, end_date=20220427T100523
[2022-04-27 10:05:23,114] {local_task_job.py:154} INFO - Task exited with return code 0
[2022-04-27 10:05:23,142] {local_task_job.py:264} INFO - 0 downstream tasks scheduled from follow-on schedule check
