[2022-05-17 06:58:10,550] {processor.py:163} INFO - Started process (PID=10479) to work on /opt/airflow/dags/ej1.py
[2022-05-17 06:58:10,554] {processor.py:642} INFO - Processing file /opt/airflow/dags/ej1.py for tasks to queue
[2022-05-17 06:58:10,555] {logging_mixin.py:109} INFO - [2022-05-17 06:58:10,555] {dagbag.py:500} INFO - Filling up the DagBag from /opt/airflow/dags/ej1.py
[2022-05-17 06:58:10,648] {processor.py:652} INFO - DAG(s) dict_keys(['ej1']) retrieved from /opt/airflow/dags/ej1.py
[2022-05-17 06:58:11,245] {logging_mixin.py:109} INFO - [2022-05-17 06:58:11,245] {dag.py:2398} INFO - Sync 1 DAGs
[2022-05-17 06:58:11,269] {logging_mixin.py:109} INFO - [2022-05-17 06:58:11,269] {dag.py:2937} INFO - Setting next_dagrun for ej1 to 2022-05-15T00:00:00+00:00
[2022-05-17 06:58:11,312] {processor.py:171} INFO - Processing /opt/airflow/dags/ej1.py took 0.766 seconds
[2022-05-17 06:58:41,553] {processor.py:163} INFO - Started process (PID=10541) to work on /opt/airflow/dags/ej1.py
[2022-05-17 06:58:41,554] {processor.py:642} INFO - Processing file /opt/airflow/dags/ej1.py for tasks to queue
[2022-05-17 06:58:41,555] {logging_mixin.py:109} INFO - [2022-05-17 06:58:41,555] {dagbag.py:500} INFO - Filling up the DagBag from /opt/airflow/dags/ej1.py
[2022-05-17 06:58:41,582] {processor.py:652} INFO - DAG(s) dict_keys(['ej1']) retrieved from /opt/airflow/dags/ej1.py
[2022-05-17 06:58:41,602] {logging_mixin.py:109} INFO - [2022-05-17 06:58:41,602] {dag.py:2398} INFO - Sync 1 DAGs
[2022-05-17 06:58:41,618] {logging_mixin.py:109} INFO - [2022-05-17 06:58:41,618] {dag.py:2937} INFO - Setting next_dagrun for ej1 to 2022-05-15T00:00:00+00:00
[2022-05-17 06:58:41,633] {processor.py:171} INFO - Processing /opt/airflow/dags/ej1.py took 0.083 seconds
[2022-05-17 06:59:11,753] {processor.py:163} INFO - Started process (PID=10614) to work on /opt/airflow/dags/ej1.py
[2022-05-17 06:59:11,754] {processor.py:642} INFO - Processing file /opt/airflow/dags/ej1.py for tasks to queue
[2022-05-17 06:59:11,755] {logging_mixin.py:109} INFO - [2022-05-17 06:59:11,755] {dagbag.py:500} INFO - Filling up the DagBag from /opt/airflow/dags/ej1.py
[2022-05-17 06:59:11,779] {processor.py:652} INFO - DAG(s) dict_keys(['ej1']) retrieved from /opt/airflow/dags/ej1.py
[2022-05-17 06:59:11,799] {logging_mixin.py:109} INFO - [2022-05-17 06:59:11,799] {dag.py:2398} INFO - Sync 1 DAGs
[2022-05-17 06:59:11,817] {logging_mixin.py:109} INFO - [2022-05-17 06:59:11,817] {dag.py:2937} INFO - Setting next_dagrun for ej1 to 2022-05-15T00:00:00+00:00
[2022-05-17 06:59:11,831] {processor.py:171} INFO - Processing /opt/airflow/dags/ej1.py took 0.081 seconds
[2022-05-17 06:59:41,952] {processor.py:163} INFO - Started process (PID=10677) to work on /opt/airflow/dags/ej1.py
[2022-05-17 06:59:41,954] {processor.py:642} INFO - Processing file /opt/airflow/dags/ej1.py for tasks to queue
[2022-05-17 06:59:41,954] {logging_mixin.py:109} INFO - [2022-05-17 06:59:41,954] {dagbag.py:500} INFO - Filling up the DagBag from /opt/airflow/dags/ej1.py
[2022-05-17 06:59:41,994] {processor.py:652} INFO - DAG(s) dict_keys(['ej1']) retrieved from /opt/airflow/dags/ej1.py
[2022-05-17 06:59:42,012] {logging_mixin.py:109} INFO - [2022-05-17 06:59:42,012] {dag.py:2398} INFO - Sync 1 DAGs
[2022-05-17 06:59:42,028] {logging_mixin.py:109} INFO - [2022-05-17 06:59:42,028] {dag.py:2937} INFO - Setting next_dagrun for ej1 to 2022-05-15T00:00:00+00:00
[2022-05-17 06:59:42,045] {processor.py:171} INFO - Processing /opt/airflow/dags/ej1.py took 0.096 seconds
[2022-05-17 07:00:12,444] {processor.py:163} INFO - Started process (PID=10750) to work on /opt/airflow/dags/ej1.py
[2022-05-17 07:00:12,445] {processor.py:642} INFO - Processing file /opt/airflow/dags/ej1.py for tasks to queue
[2022-05-17 07:00:12,446] {logging_mixin.py:109} INFO - [2022-05-17 07:00:12,446] {dagbag.py:500} INFO - Filling up the DagBag from /opt/airflow/dags/ej1.py
[2022-05-17 07:00:12,476] {processor.py:652} INFO - DAG(s) dict_keys(['ej1']) retrieved from /opt/airflow/dags/ej1.py
[2022-05-17 07:00:12,494] {logging_mixin.py:109} INFO - [2022-05-17 07:00:12,494] {dag.py:2398} INFO - Sync 1 DAGs
[2022-05-17 07:00:12,508] {logging_mixin.py:109} INFO - [2022-05-17 07:00:12,507] {dag.py:2937} INFO - Setting next_dagrun for ej1 to 2022-05-15T00:00:00+00:00
[2022-05-17 07:00:12,523] {processor.py:171} INFO - Processing /opt/airflow/dags/ej1.py took 0.081 seconds
[2022-05-17 07:00:43,265] {processor.py:163} INFO - Started process (PID=10813) to work on /opt/airflow/dags/ej1.py
[2022-05-17 07:00:43,267] {processor.py:642} INFO - Processing file /opt/airflow/dags/ej1.py for tasks to queue
[2022-05-17 07:00:43,268] {logging_mixin.py:109} INFO - [2022-05-17 07:00:43,268] {dagbag.py:500} INFO - Filling up the DagBag from /opt/airflow/dags/ej1.py
[2022-05-17 07:00:43,294] {processor.py:652} INFO - DAG(s) dict_keys(['ej1']) retrieved from /opt/airflow/dags/ej1.py
[2022-05-17 07:00:43,312] {logging_mixin.py:109} INFO - [2022-05-17 07:00:43,312] {dag.py:2398} INFO - Sync 1 DAGs
[2022-05-17 07:00:43,326] {logging_mixin.py:109} INFO - [2022-05-17 07:00:43,326] {dag.py:2937} INFO - Setting next_dagrun for ej1 to 2022-05-15T00:00:00+00:00
[2022-05-17 07:00:43,339] {processor.py:171} INFO - Processing /opt/airflow/dags/ej1.py took 0.076 seconds
[2022-05-17 07:01:13,954] {processor.py:163} INFO - Started process (PID=10886) to work on /opt/airflow/dags/ej1.py
[2022-05-17 07:01:13,956] {processor.py:642} INFO - Processing file /opt/airflow/dags/ej1.py for tasks to queue
[2022-05-17 07:01:13,957] {logging_mixin.py:109} INFO - [2022-05-17 07:01:13,957] {dagbag.py:500} INFO - Filling up the DagBag from /opt/airflow/dags/ej1.py
[2022-05-17 07:01:13,984] {processor.py:652} INFO - DAG(s) dict_keys(['ej1']) retrieved from /opt/airflow/dags/ej1.py
[2022-05-17 07:01:14,002] {logging_mixin.py:109} INFO - [2022-05-17 07:01:14,002] {dag.py:2398} INFO - Sync 1 DAGs
[2022-05-17 07:01:14,016] {logging_mixin.py:109} INFO - [2022-05-17 07:01:14,016] {dag.py:2937} INFO - Setting next_dagrun for ej1 to 2022-05-15T00:00:00+00:00
[2022-05-17 07:01:14,032] {processor.py:171} INFO - Processing /opt/airflow/dags/ej1.py took 0.080 seconds
[2022-05-17 07:01:44,732] {processor.py:163} INFO - Started process (PID=10948) to work on /opt/airflow/dags/ej1.py
[2022-05-17 07:01:44,734] {processor.py:642} INFO - Processing file /opt/airflow/dags/ej1.py for tasks to queue
[2022-05-17 07:01:44,735] {logging_mixin.py:109} INFO - [2022-05-17 07:01:44,735] {dagbag.py:500} INFO - Filling up the DagBag from /opt/airflow/dags/ej1.py
[2022-05-17 07:01:44,760] {processor.py:652} INFO - DAG(s) dict_keys(['ej1']) retrieved from /opt/airflow/dags/ej1.py
[2022-05-17 07:01:44,776] {logging_mixin.py:109} INFO - [2022-05-17 07:01:44,776] {dag.py:2398} INFO - Sync 1 DAGs
[2022-05-17 07:01:44,789] {logging_mixin.py:109} INFO - [2022-05-17 07:01:44,789] {dag.py:2937} INFO - Setting next_dagrun for ej1 to 2022-05-15T00:00:00+00:00
[2022-05-17 07:01:44,801] {processor.py:171} INFO - Processing /opt/airflow/dags/ej1.py took 0.071 seconds
[2022-05-17 07:02:15,356] {processor.py:163} INFO - Started process (PID=11022) to work on /opt/airflow/dags/ej1.py
[2022-05-17 07:02:15,357] {processor.py:642} INFO - Processing file /opt/airflow/dags/ej1.py for tasks to queue
[2022-05-17 07:02:15,358] {logging_mixin.py:109} INFO - [2022-05-17 07:02:15,358] {dagbag.py:500} INFO - Filling up the DagBag from /opt/airflow/dags/ej1.py
[2022-05-17 07:02:15,385] {processor.py:652} INFO - DAG(s) dict_keys(['ej1']) retrieved from /opt/airflow/dags/ej1.py
[2022-05-17 07:02:15,401] {logging_mixin.py:109} INFO - [2022-05-17 07:02:15,401] {dag.py:2398} INFO - Sync 1 DAGs
[2022-05-17 07:02:15,414] {logging_mixin.py:109} INFO - [2022-05-17 07:02:15,414] {dag.py:2937} INFO - Setting next_dagrun for ej1 to 2022-05-15T00:00:00+00:00
[2022-05-17 07:02:15,431] {processor.py:171} INFO - Processing /opt/airflow/dags/ej1.py took 0.077 seconds
[2022-05-17 07:02:45,564] {processor.py:163} INFO - Started process (PID=11095) to work on /opt/airflow/dags/ej1.py
[2022-05-17 07:02:45,566] {processor.py:642} INFO - Processing file /opt/airflow/dags/ej1.py for tasks to queue
[2022-05-17 07:02:45,566] {logging_mixin.py:109} INFO - [2022-05-17 07:02:45,566] {dagbag.py:500} INFO - Filling up the DagBag from /opt/airflow/dags/ej1.py
[2022-05-17 07:02:45,585] {processor.py:652} INFO - DAG(s) dict_keys(['ej1']) retrieved from /opt/airflow/dags/ej1.py
[2022-05-17 07:02:45,600] {logging_mixin.py:109} INFO - [2022-05-17 07:02:45,600] {dag.py:2398} INFO - Sync 1 DAGs
[2022-05-17 07:02:45,616] {logging_mixin.py:109} INFO - [2022-05-17 07:02:45,615] {dag.py:2937} INFO - Setting next_dagrun for ej1 to 2022-05-15T00:00:00+00:00
[2022-05-17 07:02:45,628] {processor.py:171} INFO - Processing /opt/airflow/dags/ej1.py took 0.066 seconds
[2022-05-17 07:03:15,685] {processor.py:163} INFO - Started process (PID=11159) to work on /opt/airflow/dags/ej1.py
[2022-05-17 07:03:15,687] {processor.py:642} INFO - Processing file /opt/airflow/dags/ej1.py for tasks to queue
[2022-05-17 07:03:15,687] {logging_mixin.py:109} INFO - [2022-05-17 07:03:15,687] {dagbag.py:500} INFO - Filling up the DagBag from /opt/airflow/dags/ej1.py
[2022-05-17 07:03:15,708] {processor.py:652} INFO - DAG(s) dict_keys(['ej1']) retrieved from /opt/airflow/dags/ej1.py
[2022-05-17 07:03:15,725] {logging_mixin.py:109} INFO - [2022-05-17 07:03:15,725] {dag.py:2398} INFO - Sync 1 DAGs
[2022-05-17 07:03:15,739] {logging_mixin.py:109} INFO - [2022-05-17 07:03:15,739] {dag.py:2937} INFO - Setting next_dagrun for ej1 to 2022-05-15T00:00:00+00:00
[2022-05-17 07:03:15,750] {processor.py:171} INFO - Processing /opt/airflow/dags/ej1.py took 0.067 seconds
[2022-05-17 07:03:46,375] {processor.py:163} INFO - Started process (PID=11233) to work on /opt/airflow/dags/ej1.py
[2022-05-17 07:03:46,377] {processor.py:642} INFO - Processing file /opt/airflow/dags/ej1.py for tasks to queue
[2022-05-17 07:03:46,377] {logging_mixin.py:109} INFO - [2022-05-17 07:03:46,377] {dagbag.py:500} INFO - Filling up the DagBag from /opt/airflow/dags/ej1.py
[2022-05-17 07:03:46,398] {processor.py:652} INFO - DAG(s) dict_keys(['ej1']) retrieved from /opt/airflow/dags/ej1.py
[2022-05-17 07:03:46,416] {logging_mixin.py:109} INFO - [2022-05-17 07:03:46,416] {dag.py:2398} INFO - Sync 1 DAGs
[2022-05-17 07:03:46,430] {logging_mixin.py:109} INFO - [2022-05-17 07:03:46,429] {dag.py:2937} INFO - Setting next_dagrun for ej1 to 2022-05-15T00:00:00+00:00
[2022-05-17 07:03:46,440] {processor.py:171} INFO - Processing /opt/airflow/dags/ej1.py took 0.068 seconds
[2022-05-17 07:04:17,126] {processor.py:163} INFO - Started process (PID=11297) to work on /opt/airflow/dags/ej1.py
[2022-05-17 07:04:17,128] {processor.py:642} INFO - Processing file /opt/airflow/dags/ej1.py for tasks to queue
[2022-05-17 07:04:17,129] {logging_mixin.py:109} INFO - [2022-05-17 07:04:17,129] {dagbag.py:500} INFO - Filling up the DagBag from /opt/airflow/dags/ej1.py
[2022-05-17 07:04:17,151] {processor.py:652} INFO - DAG(s) dict_keys(['ej1']) retrieved from /opt/airflow/dags/ej1.py
[2022-05-17 07:04:17,169] {logging_mixin.py:109} INFO - [2022-05-17 07:04:17,169] {dag.py:2398} INFO - Sync 1 DAGs
[2022-05-17 07:04:17,183] {logging_mixin.py:109} INFO - [2022-05-17 07:04:17,183] {dag.py:2937} INFO - Setting next_dagrun for ej1 to 2022-05-15T00:00:00+00:00
[2022-05-17 07:04:17,195] {processor.py:171} INFO - Processing /opt/airflow/dags/ej1.py took 0.072 seconds
[2022-05-17 07:04:47,897] {processor.py:163} INFO - Started process (PID=11368) to work on /opt/airflow/dags/ej1.py
[2022-05-17 07:04:47,899] {processor.py:642} INFO - Processing file /opt/airflow/dags/ej1.py for tasks to queue
[2022-05-17 07:04:47,899] {logging_mixin.py:109} INFO - [2022-05-17 07:04:47,899] {dagbag.py:500} INFO - Filling up the DagBag from /opt/airflow/dags/ej1.py
[2022-05-17 07:04:47,922] {processor.py:652} INFO - DAG(s) dict_keys(['ej1']) retrieved from /opt/airflow/dags/ej1.py
[2022-05-17 07:04:47,939] {logging_mixin.py:109} INFO - [2022-05-17 07:04:47,939] {dag.py:2398} INFO - Sync 1 DAGs
[2022-05-17 07:04:47,956] {logging_mixin.py:109} INFO - [2022-05-17 07:04:47,955] {dag.py:2937} INFO - Setting next_dagrun for ej1 to 2022-05-15T00:00:00+00:00
[2022-05-17 07:04:47,967] {processor.py:171} INFO - Processing /opt/airflow/dags/ej1.py took 0.073 seconds
[2022-05-17 07:05:18,658] {processor.py:163} INFO - Started process (PID=11441) to work on /opt/airflow/dags/ej1.py
[2022-05-17 07:05:18,660] {processor.py:642} INFO - Processing file /opt/airflow/dags/ej1.py for tasks to queue
[2022-05-17 07:05:18,661] {logging_mixin.py:109} INFO - [2022-05-17 07:05:18,661] {dagbag.py:500} INFO - Filling up the DagBag from /opt/airflow/dags/ej1.py
[2022-05-17 07:05:18,686] {processor.py:652} INFO - DAG(s) dict_keys(['ej1']) retrieved from /opt/airflow/dags/ej1.py
[2022-05-17 07:05:18,704] {logging_mixin.py:109} INFO - [2022-05-17 07:05:18,704] {dag.py:2398} INFO - Sync 1 DAGs
[2022-05-17 07:05:18,717] {logging_mixin.py:109} INFO - [2022-05-17 07:05:18,717] {dag.py:2937} INFO - Setting next_dagrun for ej1 to 2022-05-15T00:00:00+00:00
[2022-05-17 07:05:18,730] {processor.py:171} INFO - Processing /opt/airflow/dags/ej1.py took 0.075 seconds
[2022-05-17 07:05:49,438] {processor.py:163} INFO - Started process (PID=11504) to work on /opt/airflow/dags/ej1.py
[2022-05-17 07:05:49,439] {processor.py:642} INFO - Processing file /opt/airflow/dags/ej1.py for tasks to queue
[2022-05-17 07:05:49,440] {logging_mixin.py:109} INFO - [2022-05-17 07:05:49,440] {dagbag.py:500} INFO - Filling up the DagBag from /opt/airflow/dags/ej1.py
[2022-05-17 07:05:49,466] {processor.py:652} INFO - DAG(s) dict_keys(['ej1']) retrieved from /opt/airflow/dags/ej1.py
[2022-05-17 07:05:49,487] {logging_mixin.py:109} INFO - [2022-05-17 07:05:49,487] {dag.py:2398} INFO - Sync 1 DAGs
[2022-05-17 07:05:49,503] {logging_mixin.py:109} INFO - [2022-05-17 07:05:49,503] {dag.py:2937} INFO - Setting next_dagrun for ej1 to 2022-05-15T00:00:00+00:00
[2022-05-17 07:05:49,516] {processor.py:171} INFO - Processing /opt/airflow/dags/ej1.py took 0.082 seconds
[2022-05-17 07:06:20,106] {processor.py:163} INFO - Started process (PID=11577) to work on /opt/airflow/dags/ej1.py
[2022-05-17 07:06:20,107] {processor.py:642} INFO - Processing file /opt/airflow/dags/ej1.py for tasks to queue
[2022-05-17 07:06:20,108] {logging_mixin.py:109} INFO - [2022-05-17 07:06:20,108] {dagbag.py:500} INFO - Filling up the DagBag from /opt/airflow/dags/ej1.py
[2022-05-17 07:06:20,144] {processor.py:652} INFO - DAG(s) dict_keys(['ej1']) retrieved from /opt/airflow/dags/ej1.py
[2022-05-17 07:06:20,168] {logging_mixin.py:109} INFO - [2022-05-17 07:06:20,168] {dag.py:2398} INFO - Sync 1 DAGs
[2022-05-17 07:06:20,190] {logging_mixin.py:109} INFO - [2022-05-17 07:06:20,190] {dag.py:2937} INFO - Setting next_dagrun for ej1 to 2022-05-15T00:00:00+00:00
[2022-05-17 07:06:20,207] {processor.py:171} INFO - Processing /opt/airflow/dags/ej1.py took 0.107 seconds
[2022-05-17 07:06:50,500] {processor.py:163} INFO - Started process (PID=11640) to work on /opt/airflow/dags/ej1.py
[2022-05-17 07:06:50,504] {processor.py:642} INFO - Processing file /opt/airflow/dags/ej1.py for tasks to queue
[2022-05-17 07:06:50,505] {logging_mixin.py:109} INFO - [2022-05-17 07:06:50,505] {dagbag.py:500} INFO - Filling up the DagBag from /opt/airflow/dags/ej1.py
[2022-05-17 07:06:50,542] {processor.py:652} INFO - DAG(s) dict_keys(['ej1']) retrieved from /opt/airflow/dags/ej1.py
[2022-05-17 07:06:50,571] {logging_mixin.py:109} INFO - [2022-05-17 07:06:50,570] {dag.py:2398} INFO - Sync 1 DAGs
[2022-05-17 07:06:50,595] {logging_mixin.py:109} INFO - [2022-05-17 07:06:50,595] {dag.py:2937} INFO - Setting next_dagrun for ej1 to 2022-05-15T00:00:00+00:00
[2022-05-17 07:06:50,616] {processor.py:171} INFO - Processing /opt/airflow/dags/ej1.py took 0.120 seconds
[2022-05-17 07:07:20,884] {processor.py:163} INFO - Started process (PID=11714) to work on /opt/airflow/dags/ej1.py
[2022-05-17 07:07:20,887] {processor.py:642} INFO - Processing file /opt/airflow/dags/ej1.py for tasks to queue
[2022-05-17 07:07:20,888] {logging_mixin.py:109} INFO - [2022-05-17 07:07:20,888] {dagbag.py:500} INFO - Filling up the DagBag from /opt/airflow/dags/ej1.py
[2022-05-17 07:07:20,945] {processor.py:652} INFO - DAG(s) dict_keys(['ej1']) retrieved from /opt/airflow/dags/ej1.py
[2022-05-17 07:07:20,980] {logging_mixin.py:109} INFO - [2022-05-17 07:07:20,980] {dag.py:2398} INFO - Sync 1 DAGs
[2022-05-17 07:07:21,005] {logging_mixin.py:109} INFO - [2022-05-17 07:07:21,004] {dag.py:2937} INFO - Setting next_dagrun for ej1 to 2022-05-15T00:00:00+00:00
[2022-05-17 07:07:21,027] {processor.py:171} INFO - Processing /opt/airflow/dags/ej1.py took 0.151 seconds
[2022-05-17 07:07:51,105] {processor.py:163} INFO - Started process (PID=11778) to work on /opt/airflow/dags/ej1.py
[2022-05-17 07:07:51,106] {processor.py:642} INFO - Processing file /opt/airflow/dags/ej1.py for tasks to queue
[2022-05-17 07:07:51,107] {logging_mixin.py:109} INFO - [2022-05-17 07:07:51,107] {dagbag.py:500} INFO - Filling up the DagBag from /opt/airflow/dags/ej1.py
[2022-05-17 07:07:51,125] {processor.py:652} INFO - DAG(s) dict_keys(['ej1']) retrieved from /opt/airflow/dags/ej1.py
[2022-05-17 07:07:51,142] {logging_mixin.py:109} INFO - [2022-05-17 07:07:51,142] {dag.py:2398} INFO - Sync 1 DAGs
[2022-05-17 07:07:51,173] {logging_mixin.py:109} INFO - [2022-05-17 07:07:51,173] {dag.py:2937} INFO - Setting next_dagrun for ej1 to 2022-05-15T00:00:00+00:00
[2022-05-17 07:07:51,190] {processor.py:171} INFO - Processing /opt/airflow/dags/ej1.py took 0.088 seconds
[2022-05-17 07:08:21,430] {processor.py:163} INFO - Started process (PID=11840) to work on /opt/airflow/dags/ej1.py
[2022-05-17 07:08:21,434] {processor.py:642} INFO - Processing file /opt/airflow/dags/ej1.py for tasks to queue
[2022-05-17 07:08:21,435] {logging_mixin.py:109} INFO - [2022-05-17 07:08:21,435] {dagbag.py:500} INFO - Filling up the DagBag from /opt/airflow/dags/ej1.py
[2022-05-17 07:08:21,474] {processor.py:652} INFO - DAG(s) dict_keys(['ej1']) retrieved from /opt/airflow/dags/ej1.py
[2022-05-17 07:08:21,503] {logging_mixin.py:109} INFO - [2022-05-17 07:08:21,503] {dag.py:2398} INFO - Sync 1 DAGs
[2022-05-17 07:08:21,528] {logging_mixin.py:109} INFO - [2022-05-17 07:08:21,527] {dag.py:2937} INFO - Setting next_dagrun for ej1 to 2022-05-15T00:00:00+00:00
[2022-05-17 07:08:21,546] {processor.py:171} INFO - Processing /opt/airflow/dags/ej1.py took 0.120 seconds
[2022-05-17 07:08:51,627] {processor.py:163} INFO - Started process (PID=11903) to work on /opt/airflow/dags/ej1.py
[2022-05-17 07:08:51,629] {processor.py:642} INFO - Processing file /opt/airflow/dags/ej1.py for tasks to queue
[2022-05-17 07:08:51,630] {logging_mixin.py:109} INFO - [2022-05-17 07:08:51,630] {dagbag.py:500} INFO - Filling up the DagBag from /opt/airflow/dags/ej1.py
[2022-05-17 07:08:51,659] {processor.py:652} INFO - DAG(s) dict_keys(['ej1']) retrieved from /opt/airflow/dags/ej1.py
[2022-05-17 07:08:51,682] {logging_mixin.py:109} INFO - [2022-05-17 07:08:51,682] {dag.py:2398} INFO - Sync 1 DAGs
[2022-05-17 07:08:51,703] {logging_mixin.py:109} INFO - [2022-05-17 07:08:51,703] {dag.py:2937} INFO - Setting next_dagrun for ej1 to 2022-05-15T00:00:00+00:00
[2022-05-17 07:08:51,718] {processor.py:171} INFO - Processing /opt/airflow/dags/ej1.py took 0.095 seconds
[2022-05-17 07:09:22,238] {processor.py:163} INFO - Started process (PID=11975) to work on /opt/airflow/dags/ej1.py
[2022-05-17 07:09:22,240] {processor.py:642} INFO - Processing file /opt/airflow/dags/ej1.py for tasks to queue
[2022-05-17 07:09:22,243] {logging_mixin.py:109} INFO - [2022-05-17 07:09:22,243] {dagbag.py:500} INFO - Filling up the DagBag from /opt/airflow/dags/ej1.py
[2022-05-17 07:09:22,322] {processor.py:652} INFO - DAG(s) dict_keys(['ej1']) retrieved from /opt/airflow/dags/ej1.py
[2022-05-17 07:09:22,370] {logging_mixin.py:109} INFO - [2022-05-17 07:09:22,369] {dag.py:2398} INFO - Sync 1 DAGs
[2022-05-17 07:09:22,418] {logging_mixin.py:109} INFO - [2022-05-17 07:09:22,418] {dag.py:2937} INFO - Setting next_dagrun for ej1 to 2022-05-15T00:00:00+00:00
[2022-05-17 07:09:22,445] {processor.py:171} INFO - Processing /opt/airflow/dags/ej1.py took 0.217 seconds
[2022-05-17 07:09:53,370] {processor.py:163} INFO - Started process (PID=12039) to work on /opt/airflow/dags/ej1.py
[2022-05-17 07:09:53,372] {processor.py:642} INFO - Processing file /opt/airflow/dags/ej1.py for tasks to queue
[2022-05-17 07:09:53,375] {logging_mixin.py:109} INFO - [2022-05-17 07:09:53,374] {dagbag.py:500} INFO - Filling up the DagBag from /opt/airflow/dags/ej1.py
[2022-05-17 07:09:53,420] {processor.py:652} INFO - DAG(s) dict_keys(['ej1']) retrieved from /opt/airflow/dags/ej1.py
[2022-05-17 07:09:53,454] {logging_mixin.py:109} INFO - [2022-05-17 07:09:53,454] {dag.py:2398} INFO - Sync 1 DAGs
[2022-05-17 07:09:53,489] {logging_mixin.py:109} INFO - [2022-05-17 07:09:53,489] {dag.py:2937} INFO - Setting next_dagrun for ej1 to 2022-05-15T00:00:00+00:00
[2022-05-17 07:09:53,512] {processor.py:171} INFO - Processing /opt/airflow/dags/ej1.py took 0.148 seconds
[2022-05-17 07:10:24,129] {processor.py:163} INFO - Started process (PID=12101) to work on /opt/airflow/dags/ej1.py
[2022-05-17 07:10:24,131] {processor.py:642} INFO - Processing file /opt/airflow/dags/ej1.py for tasks to queue
[2022-05-17 07:10:24,131] {logging_mixin.py:109} INFO - [2022-05-17 07:10:24,131] {dagbag.py:500} INFO - Filling up the DagBag from /opt/airflow/dags/ej1.py
[2022-05-17 07:10:24,158] {processor.py:652} INFO - DAG(s) dict_keys(['ej1']) retrieved from /opt/airflow/dags/ej1.py
[2022-05-17 07:10:24,180] {logging_mixin.py:109} INFO - [2022-05-17 07:10:24,180] {dag.py:2398} INFO - Sync 1 DAGs
[2022-05-17 07:10:24,199] {logging_mixin.py:109} INFO - [2022-05-17 07:10:24,199] {dag.py:2937} INFO - Setting next_dagrun for ej1 to 2022-05-15T00:00:00+00:00
[2022-05-17 07:10:24,217] {processor.py:171} INFO - Processing /opt/airflow/dags/ej1.py took 0.091 seconds
[2022-05-17 07:10:54,489] {processor.py:163} INFO - Started process (PID=12166) to work on /opt/airflow/dags/ej1.py
[2022-05-17 07:10:54,491] {processor.py:642} INFO - Processing file /opt/airflow/dags/ej1.py for tasks to queue
[2022-05-17 07:10:54,492] {logging_mixin.py:109} INFO - [2022-05-17 07:10:54,492] {dagbag.py:500} INFO - Filling up the DagBag from /opt/airflow/dags/ej1.py
[2022-05-17 07:10:54,528] {processor.py:652} INFO - DAG(s) dict_keys(['ej1']) retrieved from /opt/airflow/dags/ej1.py
[2022-05-17 07:10:54,558] {logging_mixin.py:109} INFO - [2022-05-17 07:10:54,557] {dag.py:2398} INFO - Sync 1 DAGs
[2022-05-17 07:10:54,582] {logging_mixin.py:109} INFO - [2022-05-17 07:10:54,582] {dag.py:2937} INFO - Setting next_dagrun for ej1 to 2022-05-15T00:00:00+00:00
[2022-05-17 07:10:54,598] {processor.py:171} INFO - Processing /opt/airflow/dags/ej1.py took 0.113 seconds
[2022-05-17 07:11:24,687] {processor.py:163} INFO - Started process (PID=12244) to work on /opt/airflow/dags/ej1.py
[2022-05-17 07:11:24,690] {processor.py:642} INFO - Processing file /opt/airflow/dags/ej1.py for tasks to queue
[2022-05-17 07:11:24,691] {logging_mixin.py:109} INFO - [2022-05-17 07:11:24,690] {dagbag.py:500} INFO - Filling up the DagBag from /opt/airflow/dags/ej1.py
[2022-05-17 07:11:24,726] {processor.py:652} INFO - DAG(s) dict_keys(['ej1']) retrieved from /opt/airflow/dags/ej1.py
[2022-05-17 07:11:24,753] {logging_mixin.py:109} INFO - [2022-05-17 07:11:24,752] {dag.py:2398} INFO - Sync 1 DAGs
[2022-05-17 07:11:24,777] {logging_mixin.py:109} INFO - [2022-05-17 07:11:24,776] {dag.py:2937} INFO - Setting next_dagrun for ej1 to 2022-05-15T00:00:00+00:00
[2022-05-17 07:11:24,791] {processor.py:171} INFO - Processing /opt/airflow/dags/ej1.py took 0.108 seconds
[2022-05-17 07:11:55,241] {processor.py:163} INFO - Started process (PID=12305) to work on /opt/airflow/dags/ej1.py
[2022-05-17 07:11:55,243] {processor.py:642} INFO - Processing file /opt/airflow/dags/ej1.py for tasks to queue
[2022-05-17 07:11:55,244] {logging_mixin.py:109} INFO - [2022-05-17 07:11:55,244] {dagbag.py:500} INFO - Filling up the DagBag from /opt/airflow/dags/ej1.py
[2022-05-17 07:11:55,295] {processor.py:652} INFO - DAG(s) dict_keys(['ej1']) retrieved from /opt/airflow/dags/ej1.py
[2022-05-17 07:11:55,336] {logging_mixin.py:109} INFO - [2022-05-17 07:11:55,336] {dag.py:2398} INFO - Sync 1 DAGs
[2022-05-17 07:11:55,366] {logging_mixin.py:109} INFO - [2022-05-17 07:11:55,366] {dag.py:2937} INFO - Setting next_dagrun for ej1 to 2022-05-15T00:00:00+00:00
[2022-05-17 07:11:55,387] {processor.py:171} INFO - Processing /opt/airflow/dags/ej1.py took 0.150 seconds
[2022-05-17 07:12:49,072] {processor.py:163} INFO - Started process (PID=12368) to work on /opt/airflow/dags/ej1.py
[2022-05-17 07:12:49,074] {processor.py:642} INFO - Processing file /opt/airflow/dags/ej1.py for tasks to queue
[2022-05-17 07:12:49,076] {logging_mixin.py:109} INFO - [2022-05-17 07:12:49,075] {dagbag.py:500} INFO - Filling up the DagBag from /opt/airflow/dags/ej1.py
[2022-05-17 07:12:49,145] {processor.py:652} INFO - DAG(s) dict_keys(['ej1']) retrieved from /opt/airflow/dags/ej1.py
[2022-05-17 07:12:49,208] {logging_mixin.py:109} INFO - [2022-05-17 07:12:49,208] {dag.py:2398} INFO - Sync 1 DAGs
[2022-05-17 07:12:49,263] {logging_mixin.py:109} INFO - [2022-05-17 07:12:49,263] {dag.py:2937} INFO - Setting next_dagrun for ej1 to 2022-05-15T00:00:00+00:00
[2022-05-17 07:12:49,311] {processor.py:171} INFO - Processing /opt/airflow/dags/ej1.py took 0.248 seconds
[2022-05-17 07:13:19,620] {processor.py:163} INFO - Started process (PID=12432) to work on /opt/airflow/dags/ej1.py
[2022-05-17 07:13:19,622] {processor.py:642} INFO - Processing file /opt/airflow/dags/ej1.py for tasks to queue
[2022-05-17 07:13:19,623] {logging_mixin.py:109} INFO - [2022-05-17 07:13:19,622] {dagbag.py:500} INFO - Filling up the DagBag from /opt/airflow/dags/ej1.py
[2022-05-17 07:13:19,645] {processor.py:652} INFO - DAG(s) dict_keys(['ej1']) retrieved from /opt/airflow/dags/ej1.py
[2022-05-17 07:13:19,664] {logging_mixin.py:109} INFO - [2022-05-17 07:13:19,664] {dag.py:2398} INFO - Sync 1 DAGs
[2022-05-17 07:13:19,684] {logging_mixin.py:109} INFO - [2022-05-17 07:13:19,684] {dag.py:2937} INFO - Setting next_dagrun for ej1 to 2022-05-15T00:00:00+00:00
[2022-05-17 07:13:19,699] {processor.py:171} INFO - Processing /opt/airflow/dags/ej1.py took 0.082 seconds
[2022-05-17 07:13:50,708] {processor.py:163} INFO - Started process (PID=12507) to work on /opt/airflow/dags/ej1.py
[2022-05-17 07:13:50,710] {processor.py:642} INFO - Processing file /opt/airflow/dags/ej1.py for tasks to queue
[2022-05-17 07:13:50,711] {logging_mixin.py:109} INFO - [2022-05-17 07:13:50,711] {dagbag.py:500} INFO - Filling up the DagBag from /opt/airflow/dags/ej1.py
[2022-05-17 07:13:50,734] {processor.py:652} INFO - DAG(s) dict_keys(['ej1']) retrieved from /opt/airflow/dags/ej1.py
[2022-05-17 07:13:50,756] {logging_mixin.py:109} INFO - [2022-05-17 07:13:50,756] {dag.py:2398} INFO - Sync 1 DAGs
[2022-05-17 07:13:50,773] {logging_mixin.py:109} INFO - [2022-05-17 07:13:50,773] {dag.py:2937} INFO - Setting next_dagrun for ej1 to 2022-05-15T00:00:00+00:00
[2022-05-17 07:13:50,786] {processor.py:171} INFO - Processing /opt/airflow/dags/ej1.py took 0.081 seconds
[2022-05-17 07:14:20,862] {processor.py:163} INFO - Started process (PID=12573) to work on /opt/airflow/dags/ej1.py
[2022-05-17 07:14:20,863] {processor.py:642} INFO - Processing file /opt/airflow/dags/ej1.py for tasks to queue
[2022-05-17 07:14:20,864] {logging_mixin.py:109} INFO - [2022-05-17 07:14:20,864] {dagbag.py:500} INFO - Filling up the DagBag from /opt/airflow/dags/ej1.py
[2022-05-17 07:14:20,885] {processor.py:652} INFO - DAG(s) dict_keys(['ej1']) retrieved from /opt/airflow/dags/ej1.py
[2022-05-17 07:14:20,909] {logging_mixin.py:109} INFO - [2022-05-17 07:14:20,909] {dag.py:2398} INFO - Sync 1 DAGs
[2022-05-17 07:14:20,923] {logging_mixin.py:109} INFO - [2022-05-17 07:14:20,923] {dag.py:2937} INFO - Setting next_dagrun for ej1 to 2022-05-15T00:00:00+00:00
[2022-05-17 07:14:20,937] {processor.py:171} INFO - Processing /opt/airflow/dags/ej1.py took 0.077 seconds
[2022-05-17 07:14:51,983] {processor.py:163} INFO - Started process (PID=12646) to work on /opt/airflow/dags/ej1.py
[2022-05-17 07:14:51,984] {processor.py:642} INFO - Processing file /opt/airflow/dags/ej1.py for tasks to queue
[2022-05-17 07:14:51,985] {logging_mixin.py:109} INFO - [2022-05-17 07:14:51,985] {dagbag.py:500} INFO - Filling up the DagBag from /opt/airflow/dags/ej1.py
[2022-05-17 07:14:52,008] {processor.py:652} INFO - DAG(s) dict_keys(['ej1']) retrieved from /opt/airflow/dags/ej1.py
[2022-05-17 07:14:52,024] {logging_mixin.py:109} INFO - [2022-05-17 07:14:52,024] {dag.py:2398} INFO - Sync 1 DAGs
[2022-05-17 07:14:52,040] {logging_mixin.py:109} INFO - [2022-05-17 07:14:52,040] {dag.py:2937} INFO - Setting next_dagrun for ej1 to 2022-05-15T00:00:00+00:00
[2022-05-17 07:14:52,054] {processor.py:171} INFO - Processing /opt/airflow/dags/ej1.py took 0.073 seconds
[2022-05-17 07:15:22,763] {processor.py:163} INFO - Started process (PID=12710) to work on /opt/airflow/dags/ej1.py
[2022-05-17 07:15:22,765] {processor.py:642} INFO - Processing file /opt/airflow/dags/ej1.py for tasks to queue
[2022-05-17 07:15:22,766] {logging_mixin.py:109} INFO - [2022-05-17 07:15:22,766] {dagbag.py:500} INFO - Filling up the DagBag from /opt/airflow/dags/ej1.py
[2022-05-17 07:15:22,791] {processor.py:652} INFO - DAG(s) dict_keys(['ej1']) retrieved from /opt/airflow/dags/ej1.py
[2022-05-17 07:15:22,812] {logging_mixin.py:109} INFO - [2022-05-17 07:15:22,812] {dag.py:2398} INFO - Sync 1 DAGs
[2022-05-17 07:15:22,833] {logging_mixin.py:109} INFO - [2022-05-17 07:15:22,832] {dag.py:2937} INFO - Setting next_dagrun for ej1 to 2022-05-15T00:00:00+00:00
[2022-05-17 07:15:22,850] {processor.py:171} INFO - Processing /opt/airflow/dags/ej1.py took 0.091 seconds
