[2022-05-17 06:58:11,071] {processor.py:163} INFO - Started process (PID=10480) to work on /opt/airflow/dags/ej10.py
[2022-05-17 06:58:11,074] {processor.py:642} INFO - Processing file /opt/airflow/dags/ej10.py for tasks to queue
[2022-05-17 06:58:11,079] {logging_mixin.py:109} INFO - [2022-05-17 06:58:11,079] {dagbag.py:500} INFO - Filling up the DagBag from /opt/airflow/dags/ej10.py
[2022-05-17 06:58:11,119] {logging_mixin.py:109} INFO - [2022-05-17 06:58:11,115] {dagbag.py:334} ERROR - Failed to import: /opt/airflow/dags/ej10.py
Traceback (most recent call last):
  File "/home/airflow/.local/lib/python3.7/site-packages/airflow/models/dagbag.py", line 331, in _load_modules_from_file
    loader.exec_module(new_module)
  File "<frozen importlib._bootstrap_external>", line 728, in exec_module
  File "<frozen importlib._bootstrap>", line 219, in _call_with_frames_removed
  File "/opt/airflow/dags/ej10.py", line 4, in <module>
    from airflow.providers.apache.hive.operators.hive import HiveOperator
ModuleNotFoundError: No module named 'airflow.providers.apache'
[2022-05-17 06:58:11,128] {processor.py:654} WARNING - No viable dags retrieved from /opt/airflow/dags/ej10.py
[2022-05-17 06:58:11,188] {processor.py:171} INFO - Processing /opt/airflow/dags/ej10.py took 0.127 seconds
[2022-05-17 06:58:41,586] {processor.py:163} INFO - Started process (PID=10542) to work on /opt/airflow/dags/ej10.py
[2022-05-17 06:58:41,588] {processor.py:642} INFO - Processing file /opt/airflow/dags/ej10.py for tasks to queue
[2022-05-17 06:58:41,589] {logging_mixin.py:109} INFO - [2022-05-17 06:58:41,588] {dagbag.py:500} INFO - Filling up the DagBag from /opt/airflow/dags/ej10.py
[2022-05-17 06:58:41,611] {logging_mixin.py:109} INFO - [2022-05-17 06:58:41,607] {dagbag.py:334} ERROR - Failed to import: /opt/airflow/dags/ej10.py
Traceback (most recent call last):
  File "/home/airflow/.local/lib/python3.7/site-packages/airflow/models/dagbag.py", line 331, in _load_modules_from_file
    loader.exec_module(new_module)
  File "<frozen importlib._bootstrap_external>", line 728, in exec_module
  File "<frozen importlib._bootstrap>", line 219, in _call_with_frames_removed
  File "/opt/airflow/dags/ej10.py", line 4, in <module>
    from airflow.providers.apache.hive.operators.hive import HiveOperator
ModuleNotFoundError: No module named 'airflow.providers.apache'
[2022-05-17 06:58:41,612] {processor.py:654} WARNING - No viable dags retrieved from /opt/airflow/dags/ej10.py
[2022-05-17 06:58:41,634] {processor.py:171} INFO - Processing /opt/airflow/dags/ej10.py took 0.051 seconds
[2022-05-17 06:59:11,752] {processor.py:163} INFO - Started process (PID=10615) to work on /opt/airflow/dags/ej10.py
[2022-05-17 06:59:11,754] {processor.py:642} INFO - Processing file /opt/airflow/dags/ej10.py for tasks to queue
[2022-05-17 06:59:11,755] {logging_mixin.py:109} INFO - [2022-05-17 06:59:11,754] {dagbag.py:500} INFO - Filling up the DagBag from /opt/airflow/dags/ej10.py
[2022-05-17 06:59:11,775] {logging_mixin.py:109} INFO - [2022-05-17 06:59:11,771] {dagbag.py:334} ERROR - Failed to import: /opt/airflow/dags/ej10.py
Traceback (most recent call last):
  File "/home/airflow/.local/lib/python3.7/site-packages/airflow/models/dagbag.py", line 331, in _load_modules_from_file
    loader.exec_module(new_module)
  File "<frozen importlib._bootstrap_external>", line 728, in exec_module
  File "<frozen importlib._bootstrap>", line 219, in _call_with_frames_removed
  File "/opt/airflow/dags/ej10.py", line 4, in <module>
    from airflow.providers.apache.hive.operators.hive import HiveOperator
ModuleNotFoundError: No module named 'airflow.providers.apache'
[2022-05-17 06:59:11,776] {processor.py:654} WARNING - No viable dags retrieved from /opt/airflow/dags/ej10.py
[2022-05-17 06:59:11,800] {processor.py:171} INFO - Processing /opt/airflow/dags/ej10.py took 0.051 seconds
[2022-05-17 06:59:41,953] {processor.py:163} INFO - Started process (PID=10678) to work on /opt/airflow/dags/ej10.py
[2022-05-17 06:59:41,954] {processor.py:642} INFO - Processing file /opt/airflow/dags/ej10.py for tasks to queue
[2022-05-17 06:59:41,955] {logging_mixin.py:109} INFO - [2022-05-17 06:59:41,954] {dagbag.py:500} INFO - Filling up the DagBag from /opt/airflow/dags/ej10.py
[2022-05-17 06:59:41,988] {logging_mixin.py:109} INFO - [2022-05-17 06:59:41,985] {dagbag.py:334} ERROR - Failed to import: /opt/airflow/dags/ej10.py
Traceback (most recent call last):
  File "/home/airflow/.local/lib/python3.7/site-packages/airflow/models/dagbag.py", line 331, in _load_modules_from_file
    loader.exec_module(new_module)
  File "<frozen importlib._bootstrap_external>", line 728, in exec_module
  File "<frozen importlib._bootstrap>", line 219, in _call_with_frames_removed
  File "/opt/airflow/dags/ej10.py", line 4, in <module>
    from airflow.providers.apache.hive.operators.hive import HiveOperator
ModuleNotFoundError: No module named 'airflow.providers.apache'
[2022-05-17 06:59:41,989] {processor.py:654} WARNING - No viable dags retrieved from /opt/airflow/dags/ej10.py
[2022-05-17 06:59:42,012] {processor.py:171} INFO - Processing /opt/airflow/dags/ej10.py took 0.062 seconds
[2022-05-17 07:00:12,471] {processor.py:163} INFO - Started process (PID=10751) to work on /opt/airflow/dags/ej10.py
[2022-05-17 07:00:12,472] {processor.py:642} INFO - Processing file /opt/airflow/dags/ej10.py for tasks to queue
[2022-05-17 07:00:12,473] {logging_mixin.py:109} INFO - [2022-05-17 07:00:12,473] {dagbag.py:500} INFO - Filling up the DagBag from /opt/airflow/dags/ej10.py
[2022-05-17 07:00:12,491] {logging_mixin.py:109} INFO - [2022-05-17 07:00:12,488] {dagbag.py:334} ERROR - Failed to import: /opt/airflow/dags/ej10.py
Traceback (most recent call last):
  File "/home/airflow/.local/lib/python3.7/site-packages/airflow/models/dagbag.py", line 331, in _load_modules_from_file
    loader.exec_module(new_module)
  File "<frozen importlib._bootstrap_external>", line 728, in exec_module
  File "<frozen importlib._bootstrap>", line 219, in _call_with_frames_removed
  File "/opt/airflow/dags/ej10.py", line 4, in <module>
    from airflow.providers.apache.hive.operators.hive import HiveOperator
ModuleNotFoundError: No module named 'airflow.providers.apache'
[2022-05-17 07:00:12,491] {processor.py:654} WARNING - No viable dags retrieved from /opt/airflow/dags/ej10.py
[2022-05-17 07:00:12,513] {processor.py:171} INFO - Processing /opt/airflow/dags/ej10.py took 0.045 seconds
[2022-05-17 07:00:43,298] {processor.py:163} INFO - Started process (PID=10814) to work on /opt/airflow/dags/ej10.py
[2022-05-17 07:00:43,299] {processor.py:642} INFO - Processing file /opt/airflow/dags/ej10.py for tasks to queue
[2022-05-17 07:00:43,300] {logging_mixin.py:109} INFO - [2022-05-17 07:00:43,300] {dagbag.py:500} INFO - Filling up the DagBag from /opt/airflow/dags/ej10.py
[2022-05-17 07:00:43,318] {logging_mixin.py:109} INFO - [2022-05-17 07:00:43,315] {dagbag.py:334} ERROR - Failed to import: /opt/airflow/dags/ej10.py
Traceback (most recent call last):
  File "/home/airflow/.local/lib/python3.7/site-packages/airflow/models/dagbag.py", line 331, in _load_modules_from_file
    loader.exec_module(new_module)
  File "<frozen importlib._bootstrap_external>", line 728, in exec_module
  File "<frozen importlib._bootstrap>", line 219, in _call_with_frames_removed
  File "/opt/airflow/dags/ej10.py", line 4, in <module>
    from airflow.providers.apache.hive.operators.hive import HiveOperator
ModuleNotFoundError: No module named 'airflow.providers.apache'
[2022-05-17 07:00:43,319] {processor.py:654} WARNING - No viable dags retrieved from /opt/airflow/dags/ej10.py
[2022-05-17 07:00:43,339] {processor.py:171} INFO - Processing /opt/airflow/dags/ej10.py took 0.045 seconds
[2022-05-17 07:01:13,986] {processor.py:163} INFO - Started process (PID=10887) to work on /opt/airflow/dags/ej10.py
[2022-05-17 07:01:13,987] {processor.py:642} INFO - Processing file /opt/airflow/dags/ej10.py for tasks to queue
[2022-05-17 07:01:13,987] {logging_mixin.py:109} INFO - [2022-05-17 07:01:13,987] {dagbag.py:500} INFO - Filling up the DagBag from /opt/airflow/dags/ej10.py
[2022-05-17 07:01:14,006] {logging_mixin.py:109} INFO - [2022-05-17 07:01:14,003] {dagbag.py:334} ERROR - Failed to import: /opt/airflow/dags/ej10.py
Traceback (most recent call last):
  File "/home/airflow/.local/lib/python3.7/site-packages/airflow/models/dagbag.py", line 331, in _load_modules_from_file
    loader.exec_module(new_module)
  File "<frozen importlib._bootstrap_external>", line 728, in exec_module
  File "<frozen importlib._bootstrap>", line 219, in _call_with_frames_removed
  File "/opt/airflow/dags/ej10.py", line 4, in <module>
    from airflow.providers.apache.hive.operators.hive import HiveOperator
ModuleNotFoundError: No module named 'airflow.providers.apache'
[2022-05-17 07:01:14,007] {processor.py:654} WARNING - No viable dags retrieved from /opt/airflow/dags/ej10.py
[2022-05-17 07:01:14,031] {processor.py:171} INFO - Processing /opt/airflow/dags/ej10.py took 0.049 seconds
[2022-05-17 07:01:44,761] {processor.py:163} INFO - Started process (PID=10949) to work on /opt/airflow/dags/ej10.py
[2022-05-17 07:01:44,763] {processor.py:642} INFO - Processing file /opt/airflow/dags/ej10.py for tasks to queue
[2022-05-17 07:01:44,763] {logging_mixin.py:109} INFO - [2022-05-17 07:01:44,763] {dagbag.py:500} INFO - Filling up the DagBag from /opt/airflow/dags/ej10.py
[2022-05-17 07:01:44,779] {logging_mixin.py:109} INFO - [2022-05-17 07:01:44,777] {dagbag.py:334} ERROR - Failed to import: /opt/airflow/dags/ej10.py
Traceback (most recent call last):
  File "/home/airflow/.local/lib/python3.7/site-packages/airflow/models/dagbag.py", line 331, in _load_modules_from_file
    loader.exec_module(new_module)
  File "<frozen importlib._bootstrap_external>", line 728, in exec_module
  File "<frozen importlib._bootstrap>", line 219, in _call_with_frames_removed
  File "/opt/airflow/dags/ej10.py", line 4, in <module>
    from airflow.providers.apache.hive.operators.hive import HiveOperator
ModuleNotFoundError: No module named 'airflow.providers.apache'
[2022-05-17 07:01:44,780] {processor.py:654} WARNING - No viable dags retrieved from /opt/airflow/dags/ej10.py
[2022-05-17 07:01:44,800] {processor.py:171} INFO - Processing /opt/airflow/dags/ej10.py took 0.042 seconds
[2022-05-17 07:02:15,384] {processor.py:163} INFO - Started process (PID=11023) to work on /opt/airflow/dags/ej10.py
[2022-05-17 07:02:15,386] {processor.py:642} INFO - Processing file /opt/airflow/dags/ej10.py for tasks to queue
[2022-05-17 07:02:15,386] {logging_mixin.py:109} INFO - [2022-05-17 07:02:15,386] {dagbag.py:500} INFO - Filling up the DagBag from /opt/airflow/dags/ej10.py
[2022-05-17 07:02:15,403] {logging_mixin.py:109} INFO - [2022-05-17 07:02:15,401] {dagbag.py:334} ERROR - Failed to import: /opt/airflow/dags/ej10.py
Traceback (most recent call last):
  File "/home/airflow/.local/lib/python3.7/site-packages/airflow/models/dagbag.py", line 331, in _load_modules_from_file
    loader.exec_module(new_module)
  File "<frozen importlib._bootstrap_external>", line 728, in exec_module
  File "<frozen importlib._bootstrap>", line 219, in _call_with_frames_removed
  File "/opt/airflow/dags/ej10.py", line 4, in <module>
    from airflow.providers.apache.hive.operators.hive import HiveOperator
ModuleNotFoundError: No module named 'airflow.providers.apache'
[2022-05-17 07:02:15,404] {processor.py:654} WARNING - No viable dags retrieved from /opt/airflow/dags/ej10.py
[2022-05-17 07:02:15,424] {processor.py:171} INFO - Processing /opt/airflow/dags/ej10.py took 0.042 seconds
[2022-05-17 07:02:45,566] {processor.py:163} INFO - Started process (PID=11096) to work on /opt/airflow/dags/ej10.py
[2022-05-17 07:02:45,568] {processor.py:642} INFO - Processing file /opt/airflow/dags/ej10.py for tasks to queue
[2022-05-17 07:02:45,568] {logging_mixin.py:109} INFO - [2022-05-17 07:02:45,568] {dagbag.py:500} INFO - Filling up the DagBag from /opt/airflow/dags/ej10.py
[2022-05-17 07:02:45,581] {logging_mixin.py:109} INFO - [2022-05-17 07:02:45,579] {dagbag.py:334} ERROR - Failed to import: /opt/airflow/dags/ej10.py
Traceback (most recent call last):
  File "/home/airflow/.local/lib/python3.7/site-packages/airflow/models/dagbag.py", line 331, in _load_modules_from_file
    loader.exec_module(new_module)
  File "<frozen importlib._bootstrap_external>", line 728, in exec_module
  File "<frozen importlib._bootstrap>", line 219, in _call_with_frames_removed
  File "/opt/airflow/dags/ej10.py", line 4, in <module>
    from airflow.providers.apache.hive.operators.hive import HiveOperator
ModuleNotFoundError: No module named 'airflow.providers.apache'
[2022-05-17 07:02:45,582] {processor.py:654} WARNING - No viable dags retrieved from /opt/airflow/dags/ej10.py
[2022-05-17 07:02:45,601] {processor.py:171} INFO - Processing /opt/airflow/dags/ej10.py took 0.038 seconds
[2022-05-17 07:03:15,723] {processor.py:163} INFO - Started process (PID=11160) to work on /opt/airflow/dags/ej10.py
[2022-05-17 07:03:15,724] {processor.py:642} INFO - Processing file /opt/airflow/dags/ej10.py for tasks to queue
[2022-05-17 07:03:15,725] {logging_mixin.py:109} INFO - [2022-05-17 07:03:15,725] {dagbag.py:500} INFO - Filling up the DagBag from /opt/airflow/dags/ej10.py
[2022-05-17 07:03:15,742] {logging_mixin.py:109} INFO - [2022-05-17 07:03:15,740] {dagbag.py:334} ERROR - Failed to import: /opt/airflow/dags/ej10.py
Traceback (most recent call last):
  File "/home/airflow/.local/lib/python3.7/site-packages/airflow/models/dagbag.py", line 331, in _load_modules_from_file
    loader.exec_module(new_module)
  File "<frozen importlib._bootstrap_external>", line 728, in exec_module
  File "<frozen importlib._bootstrap>", line 219, in _call_with_frames_removed
  File "/opt/airflow/dags/ej10.py", line 4, in <module>
    from airflow.providers.apache.hive.operators.hive import HiveOperator
ModuleNotFoundError: No module named 'airflow.providers.apache'
[2022-05-17 07:03:15,743] {processor.py:654} WARNING - No viable dags retrieved from /opt/airflow/dags/ej10.py
[2022-05-17 07:03:15,763] {processor.py:171} INFO - Processing /opt/airflow/dags/ej10.py took 0.043 seconds
[2022-05-17 07:03:46,412] {processor.py:163} INFO - Started process (PID=11234) to work on /opt/airflow/dags/ej10.py
[2022-05-17 07:03:46,413] {processor.py:642} INFO - Processing file /opt/airflow/dags/ej10.py for tasks to queue
[2022-05-17 07:03:46,414] {logging_mixin.py:109} INFO - [2022-05-17 07:03:46,414] {dagbag.py:500} INFO - Filling up the DagBag from /opt/airflow/dags/ej10.py
[2022-05-17 07:03:46,431] {logging_mixin.py:109} INFO - [2022-05-17 07:03:46,428] {dagbag.py:334} ERROR - Failed to import: /opt/airflow/dags/ej10.py
Traceback (most recent call last):
  File "/home/airflow/.local/lib/python3.7/site-packages/airflow/models/dagbag.py", line 331, in _load_modules_from_file
    loader.exec_module(new_module)
  File "<frozen importlib._bootstrap_external>", line 728, in exec_module
  File "<frozen importlib._bootstrap>", line 219, in _call_with_frames_removed
  File "/opt/airflow/dags/ej10.py", line 4, in <module>
    from airflow.providers.apache.hive.operators.hive import HiveOperator
ModuleNotFoundError: No module named 'airflow.providers.apache'
[2022-05-17 07:03:46,432] {processor.py:654} WARNING - No viable dags retrieved from /opt/airflow/dags/ej10.py
[2022-05-17 07:03:46,453] {processor.py:171} INFO - Processing /opt/airflow/dags/ej10.py took 0.044 seconds
[2022-05-17 07:04:17,155] {processor.py:163} INFO - Started process (PID=11298) to work on /opt/airflow/dags/ej10.py
[2022-05-17 07:04:17,156] {processor.py:642} INFO - Processing file /opt/airflow/dags/ej10.py for tasks to queue
[2022-05-17 07:04:17,157] {logging_mixin.py:109} INFO - [2022-05-17 07:04:17,157] {dagbag.py:500} INFO - Filling up the DagBag from /opt/airflow/dags/ej10.py
[2022-05-17 07:04:17,174] {logging_mixin.py:109} INFO - [2022-05-17 07:04:17,171] {dagbag.py:334} ERROR - Failed to import: /opt/airflow/dags/ej10.py
Traceback (most recent call last):
  File "/home/airflow/.local/lib/python3.7/site-packages/airflow/models/dagbag.py", line 331, in _load_modules_from_file
    loader.exec_module(new_module)
  File "<frozen importlib._bootstrap_external>", line 728, in exec_module
  File "<frozen importlib._bootstrap>", line 219, in _call_with_frames_removed
  File "/opt/airflow/dags/ej10.py", line 4, in <module>
    from airflow.providers.apache.hive.operators.hive import HiveOperator
ModuleNotFoundError: No module named 'airflow.providers.apache'
[2022-05-17 07:04:17,175] {processor.py:654} WARNING - No viable dags retrieved from /opt/airflow/dags/ej10.py
[2022-05-17 07:04:17,196] {processor.py:171} INFO - Processing /opt/airflow/dags/ej10.py took 0.044 seconds
[2022-05-17 07:04:47,926] {processor.py:163} INFO - Started process (PID=11369) to work on /opt/airflow/dags/ej10.py
[2022-05-17 07:04:47,928] {processor.py:642} INFO - Processing file /opt/airflow/dags/ej10.py for tasks to queue
[2022-05-17 07:04:47,929] {logging_mixin.py:109} INFO - [2022-05-17 07:04:47,928] {dagbag.py:500} INFO - Filling up the DagBag from /opt/airflow/dags/ej10.py
[2022-05-17 07:04:47,951] {logging_mixin.py:109} INFO - [2022-05-17 07:04:47,946] {dagbag.py:334} ERROR - Failed to import: /opt/airflow/dags/ej10.py
Traceback (most recent call last):
  File "/home/airflow/.local/lib/python3.7/site-packages/airflow/models/dagbag.py", line 331, in _load_modules_from_file
    loader.exec_module(new_module)
  File "<frozen importlib._bootstrap_external>", line 728, in exec_module
  File "<frozen importlib._bootstrap>", line 219, in _call_with_frames_removed
  File "/opt/airflow/dags/ej10.py", line 4, in <module>
    from airflow.providers.apache.hive.operators.hive import HiveOperator
ModuleNotFoundError: No module named 'airflow.providers.apache'
[2022-05-17 07:04:47,952] {processor.py:654} WARNING - No viable dags retrieved from /opt/airflow/dags/ej10.py
[2022-05-17 07:04:47,974] {processor.py:171} INFO - Processing /opt/airflow/dags/ej10.py took 0.050 seconds
[2022-05-17 07:05:18,688] {processor.py:163} INFO - Started process (PID=11442) to work on /opt/airflow/dags/ej10.py
[2022-05-17 07:05:18,690] {processor.py:642} INFO - Processing file /opt/airflow/dags/ej10.py for tasks to queue
[2022-05-17 07:05:18,691] {logging_mixin.py:109} INFO - [2022-05-17 07:05:18,691] {dagbag.py:500} INFO - Filling up the DagBag from /opt/airflow/dags/ej10.py
[2022-05-17 07:05:18,711] {logging_mixin.py:109} INFO - [2022-05-17 07:05:18,707] {dagbag.py:334} ERROR - Failed to import: /opt/airflow/dags/ej10.py
Traceback (most recent call last):
  File "/home/airflow/.local/lib/python3.7/site-packages/airflow/models/dagbag.py", line 331, in _load_modules_from_file
    loader.exec_module(new_module)
  File "<frozen importlib._bootstrap_external>", line 728, in exec_module
  File "<frozen importlib._bootstrap>", line 219, in _call_with_frames_removed
  File "/opt/airflow/dags/ej10.py", line 4, in <module>
    from airflow.providers.apache.hive.operators.hive import HiveOperator
ModuleNotFoundError: No module named 'airflow.providers.apache'
[2022-05-17 07:05:18,712] {processor.py:654} WARNING - No viable dags retrieved from /opt/airflow/dags/ej10.py
[2022-05-17 07:05:18,731] {processor.py:171} INFO - Processing /opt/airflow/dags/ej10.py took 0.045 seconds
[2022-05-17 07:05:49,476] {processor.py:163} INFO - Started process (PID=11505) to work on /opt/airflow/dags/ej10.py
[2022-05-17 07:05:49,477] {processor.py:642} INFO - Processing file /opt/airflow/dags/ej10.py for tasks to queue
[2022-05-17 07:05:49,478] {logging_mixin.py:109} INFO - [2022-05-17 07:05:49,478] {dagbag.py:500} INFO - Filling up the DagBag from /opt/airflow/dags/ej10.py
[2022-05-17 07:05:49,497] {logging_mixin.py:109} INFO - [2022-05-17 07:05:49,494] {dagbag.py:334} ERROR - Failed to import: /opt/airflow/dags/ej10.py
Traceback (most recent call last):
  File "/home/airflow/.local/lib/python3.7/site-packages/airflow/models/dagbag.py", line 331, in _load_modules_from_file
    loader.exec_module(new_module)
  File "<frozen importlib._bootstrap_external>", line 728, in exec_module
  File "<frozen importlib._bootstrap>", line 219, in _call_with_frames_removed
  File "/opt/airflow/dags/ej10.py", line 4, in <module>
    from airflow.providers.apache.hive.operators.hive import HiveOperator
ModuleNotFoundError: No module named 'airflow.providers.apache'
[2022-05-17 07:05:49,499] {processor.py:654} WARNING - No viable dags retrieved from /opt/airflow/dags/ej10.py
[2022-05-17 07:05:49,524] {processor.py:171} INFO - Processing /opt/airflow/dags/ej10.py took 0.051 seconds
[2022-05-17 07:06:20,146] {processor.py:163} INFO - Started process (PID=11578) to work on /opt/airflow/dags/ej10.py
[2022-05-17 07:06:20,148] {processor.py:642} INFO - Processing file /opt/airflow/dags/ej10.py for tasks to queue
[2022-05-17 07:06:20,151] {logging_mixin.py:109} INFO - [2022-05-17 07:06:20,150] {dagbag.py:500} INFO - Filling up the DagBag from /opt/airflow/dags/ej10.py
[2022-05-17 07:06:20,174] {logging_mixin.py:109} INFO - [2022-05-17 07:06:20,171] {dagbag.py:334} ERROR - Failed to import: /opt/airflow/dags/ej10.py
Traceback (most recent call last):
  File "/home/airflow/.local/lib/python3.7/site-packages/airflow/models/dagbag.py", line 331, in _load_modules_from_file
    loader.exec_module(new_module)
  File "<frozen importlib._bootstrap_external>", line 728, in exec_module
  File "<frozen importlib._bootstrap>", line 219, in _call_with_frames_removed
  File "/opt/airflow/dags/ej10.py", line 4, in <module>
    from airflow.providers.apache.hive.operators.hive import HiveOperator
ModuleNotFoundError: No module named 'airflow.providers.apache'
[2022-05-17 07:06:20,175] {processor.py:654} WARNING - No viable dags retrieved from /opt/airflow/dags/ej10.py
[2022-05-17 07:06:20,206] {processor.py:171} INFO - Processing /opt/airflow/dags/ej10.py took 0.064 seconds
[2022-05-17 07:06:50,560] {processor.py:163} INFO - Started process (PID=11641) to work on /opt/airflow/dags/ej10.py
[2022-05-17 07:06:50,562] {processor.py:642} INFO - Processing file /opt/airflow/dags/ej10.py for tasks to queue
[2022-05-17 07:06:50,564] {logging_mixin.py:109} INFO - [2022-05-17 07:06:50,563] {dagbag.py:500} INFO - Filling up the DagBag from /opt/airflow/dags/ej10.py
[2022-05-17 07:06:50,593] {logging_mixin.py:109} INFO - [2022-05-17 07:06:50,588] {dagbag.py:334} ERROR - Failed to import: /opt/airflow/dags/ej10.py
Traceback (most recent call last):
  File "/home/airflow/.local/lib/python3.7/site-packages/airflow/models/dagbag.py", line 331, in _load_modules_from_file
    loader.exec_module(new_module)
  File "<frozen importlib._bootstrap_external>", line 728, in exec_module
  File "<frozen importlib._bootstrap>", line 219, in _call_with_frames_removed
  File "/opt/airflow/dags/ej10.py", line 4, in <module>
    from airflow.providers.apache.hive.operators.hive import HiveOperator
ModuleNotFoundError: No module named 'airflow.providers.apache'
[2022-05-17 07:06:50,594] {processor.py:654} WARNING - No viable dags retrieved from /opt/airflow/dags/ej10.py
[2022-05-17 07:06:50,629] {processor.py:171} INFO - Processing /opt/airflow/dags/ej10.py took 0.073 seconds
[2022-05-17 07:07:20,940] {processor.py:163} INFO - Started process (PID=11715) to work on /opt/airflow/dags/ej10.py
[2022-05-17 07:07:20,942] {processor.py:642} INFO - Processing file /opt/airflow/dags/ej10.py for tasks to queue
[2022-05-17 07:07:20,944] {logging_mixin.py:109} INFO - [2022-05-17 07:07:20,944] {dagbag.py:500} INFO - Filling up the DagBag from /opt/airflow/dags/ej10.py
[2022-05-17 07:07:20,978] {logging_mixin.py:109} INFO - [2022-05-17 07:07:20,973] {dagbag.py:334} ERROR - Failed to import: /opt/airflow/dags/ej10.py
Traceback (most recent call last):
  File "/home/airflow/.local/lib/python3.7/site-packages/airflow/models/dagbag.py", line 331, in _load_modules_from_file
    loader.exec_module(new_module)
  File "<frozen importlib._bootstrap_external>", line 728, in exec_module
  File "<frozen importlib._bootstrap>", line 219, in _call_with_frames_removed
  File "/opt/airflow/dags/ej10.py", line 4, in <module>
    from airflow.providers.apache.hive.operators.hive import HiveOperator
ModuleNotFoundError: No module named 'airflow.providers.apache'
[2022-05-17 07:07:20,981] {processor.py:654} WARNING - No viable dags retrieved from /opt/airflow/dags/ej10.py
[2022-05-17 07:07:21,058] {processor.py:171} INFO - Processing /opt/airflow/dags/ej10.py took 0.124 seconds
[2022-05-17 07:07:51,227] {processor.py:163} INFO - Started process (PID=11779) to work on /opt/airflow/dags/ej10.py
[2022-05-17 07:07:51,228] {processor.py:642} INFO - Processing file /opt/airflow/dags/ej10.py for tasks to queue
[2022-05-17 07:07:51,229] {logging_mixin.py:109} INFO - [2022-05-17 07:07:51,229] {dagbag.py:500} INFO - Filling up the DagBag from /opt/airflow/dags/ej10.py
[2022-05-17 07:07:51,250] {logging_mixin.py:109} INFO - [2022-05-17 07:07:51,247] {dagbag.py:334} ERROR - Failed to import: /opt/airflow/dags/ej10.py
Traceback (most recent call last):
  File "/home/airflow/.local/lib/python3.7/site-packages/airflow/models/dagbag.py", line 331, in _load_modules_from_file
    loader.exec_module(new_module)
  File "<frozen importlib._bootstrap_external>", line 728, in exec_module
  File "<frozen importlib._bootstrap>", line 219, in _call_with_frames_removed
  File "/opt/airflow/dags/ej10.py", line 4, in <module>
    from airflow.providers.apache.hive.operators.hive import HiveOperator
ModuleNotFoundError: No module named 'airflow.providers.apache'
[2022-05-17 07:07:51,251] {processor.py:654} WARNING - No viable dags retrieved from /opt/airflow/dags/ej10.py
[2022-05-17 07:07:51,278] {processor.py:171} INFO - Processing /opt/airflow/dags/ej10.py took 0.055 seconds
[2022-05-17 07:08:21,483] {processor.py:163} INFO - Started process (PID=11841) to work on /opt/airflow/dags/ej10.py
[2022-05-17 07:08:21,485] {processor.py:642} INFO - Processing file /opt/airflow/dags/ej10.py for tasks to queue
[2022-05-17 07:08:21,486] {logging_mixin.py:109} INFO - [2022-05-17 07:08:21,486] {dagbag.py:500} INFO - Filling up the DagBag from /opt/airflow/dags/ej10.py
[2022-05-17 07:08:21,517] {logging_mixin.py:109} INFO - [2022-05-17 07:08:21,511] {dagbag.py:334} ERROR - Failed to import: /opt/airflow/dags/ej10.py
Traceback (most recent call last):
  File "/home/airflow/.local/lib/python3.7/site-packages/airflow/models/dagbag.py", line 331, in _load_modules_from_file
    loader.exec_module(new_module)
  File "<frozen importlib._bootstrap_external>", line 728, in exec_module
  File "<frozen importlib._bootstrap>", line 219, in _call_with_frames_removed
  File "/opt/airflow/dags/ej10.py", line 4, in <module>
    from airflow.providers.apache.hive.operators.hive import HiveOperator
ModuleNotFoundError: No module named 'airflow.providers.apache'
[2022-05-17 07:08:21,519] {processor.py:654} WARNING - No viable dags retrieved from /opt/airflow/dags/ej10.py
[2022-05-17 07:08:21,552] {processor.py:171} INFO - Processing /opt/airflow/dags/ej10.py took 0.074 seconds
[2022-05-17 07:08:51,759] {processor.py:163} INFO - Started process (PID=11904) to work on /opt/airflow/dags/ej10.py
[2022-05-17 07:08:51,761] {processor.py:642} INFO - Processing file /opt/airflow/dags/ej10.py for tasks to queue
[2022-05-17 07:08:51,762] {logging_mixin.py:109} INFO - [2022-05-17 07:08:51,762] {dagbag.py:500} INFO - Filling up the DagBag from /opt/airflow/dags/ej10.py
[2022-05-17 07:08:51,789] {logging_mixin.py:109} INFO - [2022-05-17 07:08:51,784] {dagbag.py:334} ERROR - Failed to import: /opt/airflow/dags/ej10.py
Traceback (most recent call last):
  File "/home/airflow/.local/lib/python3.7/site-packages/airflow/models/dagbag.py", line 331, in _load_modules_from_file
    loader.exec_module(new_module)
  File "<frozen importlib._bootstrap_external>", line 728, in exec_module
  File "<frozen importlib._bootstrap>", line 219, in _call_with_frames_removed
  File "/opt/airflow/dags/ej10.py", line 4, in <module>
    from airflow.providers.apache.hive.operators.hive import HiveOperator
ModuleNotFoundError: No module named 'airflow.providers.apache'
[2022-05-17 07:08:51,791] {processor.py:654} WARNING - No viable dags retrieved from /opt/airflow/dags/ej10.py
[2022-05-17 07:08:51,816] {processor.py:171} INFO - Processing /opt/airflow/dags/ej10.py took 0.061 seconds
[2022-05-17 07:09:22,298] {processor.py:163} INFO - Started process (PID=11976) to work on /opt/airflow/dags/ej10.py
[2022-05-17 07:09:22,305] {processor.py:642} INFO - Processing file /opt/airflow/dags/ej10.py for tasks to queue
[2022-05-17 07:09:22,308] {logging_mixin.py:109} INFO - [2022-05-17 07:09:22,307] {dagbag.py:500} INFO - Filling up the DagBag from /opt/airflow/dags/ej10.py
[2022-05-17 07:09:22,367] {logging_mixin.py:109} INFO - [2022-05-17 07:09:22,355] {dagbag.py:334} ERROR - Failed to import: /opt/airflow/dags/ej10.py
Traceback (most recent call last):
  File "/home/airflow/.local/lib/python3.7/site-packages/airflow/models/dagbag.py", line 331, in _load_modules_from_file
    loader.exec_module(new_module)
  File "<frozen importlib._bootstrap_external>", line 728, in exec_module
  File "<frozen importlib._bootstrap>", line 219, in _call_with_frames_removed
  File "/opt/airflow/dags/ej10.py", line 4, in <module>
    from airflow.providers.apache.hive.operators.hive import HiveOperator
ModuleNotFoundError: No module named 'airflow.providers.apache'
[2022-05-17 07:09:22,369] {processor.py:654} WARNING - No viable dags retrieved from /opt/airflow/dags/ej10.py
[2022-05-17 07:09:22,425] {processor.py:171} INFO - Processing /opt/airflow/dags/ej10.py took 0.132 seconds
[2022-05-17 07:09:53,368] {processor.py:163} INFO - Started process (PID=12040) to work on /opt/airflow/dags/ej10.py
[2022-05-17 07:09:53,370] {processor.py:642} INFO - Processing file /opt/airflow/dags/ej10.py for tasks to queue
[2022-05-17 07:09:53,372] {logging_mixin.py:109} INFO - [2022-05-17 07:09:53,372] {dagbag.py:500} INFO - Filling up the DagBag from /opt/airflow/dags/ej10.py
[2022-05-17 07:09:53,408] {logging_mixin.py:109} INFO - [2022-05-17 07:09:53,402] {dagbag.py:334} ERROR - Failed to import: /opt/airflow/dags/ej10.py
Traceback (most recent call last):
  File "/home/airflow/.local/lib/python3.7/site-packages/airflow/models/dagbag.py", line 331, in _load_modules_from_file
    loader.exec_module(new_module)
  File "<frozen importlib._bootstrap_external>", line 728, in exec_module
  File "<frozen importlib._bootstrap>", line 219, in _call_with_frames_removed
  File "/opt/airflow/dags/ej10.py", line 4, in <module>
    from airflow.providers.apache.hive.operators.hive import HiveOperator
ModuleNotFoundError: No module named 'airflow.providers.apache'
[2022-05-17 07:09:53,413] {processor.py:654} WARNING - No viable dags retrieved from /opt/airflow/dags/ej10.py
[2022-05-17 07:09:53,458] {processor.py:171} INFO - Processing /opt/airflow/dags/ej10.py took 0.094 seconds
[2022-05-17 07:10:24,130] {processor.py:163} INFO - Started process (PID=12102) to work on /opt/airflow/dags/ej10.py
[2022-05-17 07:10:24,131] {processor.py:642} INFO - Processing file /opt/airflow/dags/ej10.py for tasks to queue
[2022-05-17 07:10:24,132] {logging_mixin.py:109} INFO - [2022-05-17 07:10:24,132] {dagbag.py:500} INFO - Filling up the DagBag from /opt/airflow/dags/ej10.py
[2022-05-17 07:10:24,151] {logging_mixin.py:109} INFO - [2022-05-17 07:10:24,148] {dagbag.py:334} ERROR - Failed to import: /opt/airflow/dags/ej10.py
Traceback (most recent call last):
  File "/home/airflow/.local/lib/python3.7/site-packages/airflow/models/dagbag.py", line 331, in _load_modules_from_file
    loader.exec_module(new_module)
  File "<frozen importlib._bootstrap_external>", line 728, in exec_module
  File "<frozen importlib._bootstrap>", line 219, in _call_with_frames_removed
  File "/opt/airflow/dags/ej10.py", line 4, in <module>
    from airflow.providers.apache.hive.operators.hive import HiveOperator
ModuleNotFoundError: No module named 'airflow.providers.apache'
[2022-05-17 07:10:24,152] {processor.py:654} WARNING - No viable dags retrieved from /opt/airflow/dags/ej10.py
[2022-05-17 07:10:24,180] {processor.py:171} INFO - Processing /opt/airflow/dags/ej10.py took 0.053 seconds
[2022-05-17 07:10:54,489] {processor.py:163} INFO - Started process (PID=12172) to work on /opt/airflow/dags/ej10.py
[2022-05-17 07:10:54,491] {processor.py:642} INFO - Processing file /opt/airflow/dags/ej10.py for tasks to queue
[2022-05-17 07:10:54,492] {logging_mixin.py:109} INFO - [2022-05-17 07:10:54,492] {dagbag.py:500} INFO - Filling up the DagBag from /opt/airflow/dags/ej10.py
[2022-05-17 07:10:54,519] {logging_mixin.py:109} INFO - [2022-05-17 07:10:54,513] {dagbag.py:334} ERROR - Failed to import: /opt/airflow/dags/ej10.py
Traceback (most recent call last):
  File "/home/airflow/.local/lib/python3.7/site-packages/airflow/models/dagbag.py", line 331, in _load_modules_from_file
    loader.exec_module(new_module)
  File "<frozen importlib._bootstrap_external>", line 728, in exec_module
  File "<frozen importlib._bootstrap>", line 219, in _call_with_frames_removed
  File "/opt/airflow/dags/ej10.py", line 4, in <module>
    from airflow.providers.apache.hive.operators.hive import HiveOperator
ModuleNotFoundError: No module named 'airflow.providers.apache'
[2022-05-17 07:10:54,522] {processor.py:654} WARNING - No viable dags retrieved from /opt/airflow/dags/ej10.py
[2022-05-17 07:10:54,554] {processor.py:171} INFO - Processing /opt/airflow/dags/ej10.py took 0.069 seconds
[2022-05-17 07:11:24,625] {processor.py:163} INFO - Started process (PID=12243) to work on /opt/airflow/dags/ej10.py
[2022-05-17 07:11:24,627] {processor.py:642} INFO - Processing file /opt/airflow/dags/ej10.py for tasks to queue
[2022-05-17 07:11:24,628] {logging_mixin.py:109} INFO - [2022-05-17 07:11:24,628] {dagbag.py:500} INFO - Filling up the DagBag from /opt/airflow/dags/ej10.py
[2022-05-17 07:11:24,654] {logging_mixin.py:109} INFO - [2022-05-17 07:11:24,650] {dagbag.py:334} ERROR - Failed to import: /opt/airflow/dags/ej10.py
Traceback (most recent call last):
  File "/home/airflow/.local/lib/python3.7/site-packages/airflow/models/dagbag.py", line 331, in _load_modules_from_file
    loader.exec_module(new_module)
  File "<frozen importlib._bootstrap_external>", line 728, in exec_module
  File "<frozen importlib._bootstrap>", line 219, in _call_with_frames_removed
  File "/opt/airflow/dags/ej10.py", line 4, in <module>
    from airflow.providers.apache.hive.operators.hive import HiveOperator
ModuleNotFoundError: No module named 'airflow.providers.apache'
[2022-05-17 07:11:24,655] {processor.py:654} WARNING - No viable dags retrieved from /opt/airflow/dags/ej10.py
[2022-05-17 07:11:24,685] {processor.py:171} INFO - Processing /opt/airflow/dags/ej10.py took 0.063 seconds
[2022-05-17 07:11:55,242] {processor.py:163} INFO - Started process (PID=12306) to work on /opt/airflow/dags/ej10.py
[2022-05-17 07:11:55,244] {processor.py:642} INFO - Processing file /opt/airflow/dags/ej10.py for tasks to queue
[2022-05-17 07:11:55,245] {logging_mixin.py:109} INFO - [2022-05-17 07:11:55,245] {dagbag.py:500} INFO - Filling up the DagBag from /opt/airflow/dags/ej10.py
[2022-05-17 07:11:55,285] {logging_mixin.py:109} INFO - [2022-05-17 07:11:55,278] {dagbag.py:334} ERROR - Failed to import: /opt/airflow/dags/ej10.py
Traceback (most recent call last):
  File "/home/airflow/.local/lib/python3.7/site-packages/airflow/models/dagbag.py", line 331, in _load_modules_from_file
    loader.exec_module(new_module)
  File "<frozen importlib._bootstrap_external>", line 728, in exec_module
  File "<frozen importlib._bootstrap>", line 219, in _call_with_frames_removed
  File "/opt/airflow/dags/ej10.py", line 4, in <module>
    from airflow.providers.apache.hive.operators.hive import HiveOperator
ModuleNotFoundError: No module named 'airflow.providers.apache'
[2022-05-17 07:11:55,287] {processor.py:654} WARNING - No viable dags retrieved from /opt/airflow/dags/ej10.py
[2022-05-17 07:11:55,327] {processor.py:171} INFO - Processing /opt/airflow/dags/ej10.py took 0.090 seconds
[2022-05-17 07:12:49,167] {processor.py:163} INFO - Started process (PID=12369) to work on /opt/airflow/dags/ej10.py
[2022-05-17 07:12:49,177] {processor.py:642} INFO - Processing file /opt/airflow/dags/ej10.py for tasks to queue
[2022-05-17 07:12:49,181] {logging_mixin.py:109} INFO - [2022-05-17 07:12:49,181] {dagbag.py:500} INFO - Filling up the DagBag from /opt/airflow/dags/ej10.py
[2022-05-17 07:12:49,280] {logging_mixin.py:109} INFO - [2022-05-17 07:12:49,269] {dagbag.py:334} ERROR - Failed to import: /opt/airflow/dags/ej10.py
Traceback (most recent call last):
  File "/home/airflow/.local/lib/python3.7/site-packages/airflow/models/dagbag.py", line 331, in _load_modules_from_file
    loader.exec_module(new_module)
  File "<frozen importlib._bootstrap_external>", line 728, in exec_module
  File "<frozen importlib._bootstrap>", line 219, in _call_with_frames_removed
  File "/opt/airflow/dags/ej10.py", line 4, in <module>
    from airflow.providers.apache.hive.operators.hive import HiveOperator
ModuleNotFoundError: No module named 'airflow.providers.apache'
[2022-05-17 07:12:49,294] {processor.py:654} WARNING - No viable dags retrieved from /opt/airflow/dags/ej10.py
[2022-05-17 07:12:49,348] {processor.py:171} INFO - Processing /opt/airflow/dags/ej10.py took 0.190 seconds
[2022-05-17 07:13:19,644] {processor.py:163} INFO - Started process (PID=12433) to work on /opt/airflow/dags/ej10.py
[2022-05-17 07:13:19,645] {processor.py:642} INFO - Processing file /opt/airflow/dags/ej10.py for tasks to queue
[2022-05-17 07:13:19,646] {logging_mixin.py:109} INFO - [2022-05-17 07:13:19,646] {dagbag.py:500} INFO - Filling up the DagBag from /opt/airflow/dags/ej10.py
[2022-05-17 07:13:19,668] {logging_mixin.py:109} INFO - [2022-05-17 07:13:19,661] {dagbag.py:334} ERROR - Failed to import: /opt/airflow/dags/ej10.py
Traceback (most recent call last):
  File "/home/airflow/.local/lib/python3.7/site-packages/airflow/models/dagbag.py", line 331, in _load_modules_from_file
    loader.exec_module(new_module)
  File "<frozen importlib._bootstrap_external>", line 728, in exec_module
  File "<frozen importlib._bootstrap>", line 219, in _call_with_frames_removed
  File "/opt/airflow/dags/ej10.py", line 4, in <module>
    from airflow.providers.apache.hive.operators.hive import HiveOperator
ModuleNotFoundError: No module named 'airflow.providers.apache'
[2022-05-17 07:13:19,669] {processor.py:654} WARNING - No viable dags retrieved from /opt/airflow/dags/ej10.py
[2022-05-17 07:13:19,697] {processor.py:171} INFO - Processing /opt/airflow/dags/ej10.py took 0.056 seconds
[2022-05-17 07:13:50,749] {processor.py:163} INFO - Started process (PID=12508) to work on /opt/airflow/dags/ej10.py
[2022-05-17 07:13:50,751] {processor.py:642} INFO - Processing file /opt/airflow/dags/ej10.py for tasks to queue
[2022-05-17 07:13:50,752] {logging_mixin.py:109} INFO - [2022-05-17 07:13:50,752] {dagbag.py:500} INFO - Filling up the DagBag from /opt/airflow/dags/ej10.py
[2022-05-17 07:13:50,771] {logging_mixin.py:109} INFO - [2022-05-17 07:13:50,768] {dagbag.py:334} ERROR - Failed to import: /opt/airflow/dags/ej10.py
Traceback (most recent call last):
  File "/home/airflow/.local/lib/python3.7/site-packages/airflow/models/dagbag.py", line 331, in _load_modules_from_file
    loader.exec_module(new_module)
  File "<frozen importlib._bootstrap_external>", line 728, in exec_module
  File "<frozen importlib._bootstrap>", line 219, in _call_with_frames_removed
  File "/opt/airflow/dags/ej10.py", line 4, in <module>
    from airflow.providers.apache.hive.operators.hive import HiveOperator
ModuleNotFoundError: No module named 'airflow.providers.apache'
[2022-05-17 07:13:50,772] {processor.py:654} WARNING - No viable dags retrieved from /opt/airflow/dags/ej10.py
[2022-05-17 07:13:50,798] {processor.py:171} INFO - Processing /opt/airflow/dags/ej10.py took 0.051 seconds
[2022-05-17 07:14:21,010] {processor.py:163} INFO - Started process (PID=12574) to work on /opt/airflow/dags/ej10.py
[2022-05-17 07:14:21,012] {processor.py:642} INFO - Processing file /opt/airflow/dags/ej10.py for tasks to queue
[2022-05-17 07:14:21,013] {logging_mixin.py:109} INFO - [2022-05-17 07:14:21,013] {dagbag.py:500} INFO - Filling up the DagBag from /opt/airflow/dags/ej10.py
[2022-05-17 07:14:21,035] {logging_mixin.py:109} INFO - [2022-05-17 07:14:21,032] {dagbag.py:334} ERROR - Failed to import: /opt/airflow/dags/ej10.py
Traceback (most recent call last):
  File "/home/airflow/.local/lib/python3.7/site-packages/airflow/models/dagbag.py", line 331, in _load_modules_from_file
    loader.exec_module(new_module)
  File "<frozen importlib._bootstrap_external>", line 728, in exec_module
  File "<frozen importlib._bootstrap>", line 219, in _call_with_frames_removed
  File "/opt/airflow/dags/ej10.py", line 4, in <module>
    from airflow.providers.apache.hive.operators.hive import HiveOperator
ModuleNotFoundError: No module named 'airflow.providers.apache'
[2022-05-17 07:14:21,036] {processor.py:654} WARNING - No viable dags retrieved from /opt/airflow/dags/ej10.py
[2022-05-17 07:14:21,056] {processor.py:171} INFO - Processing /opt/airflow/dags/ej10.py took 0.048 seconds
[2022-05-17 07:14:52,044] {processor.py:163} INFO - Started process (PID=12647) to work on /opt/airflow/dags/ej10.py
[2022-05-17 07:14:52,045] {processor.py:642} INFO - Processing file /opt/airflow/dags/ej10.py for tasks to queue
[2022-05-17 07:14:52,046] {logging_mixin.py:109} INFO - [2022-05-17 07:14:52,046] {dagbag.py:500} INFO - Filling up the DagBag from /opt/airflow/dags/ej10.py
[2022-05-17 07:14:52,066] {logging_mixin.py:109} INFO - [2022-05-17 07:14:52,062] {dagbag.py:334} ERROR - Failed to import: /opt/airflow/dags/ej10.py
Traceback (most recent call last):
  File "/home/airflow/.local/lib/python3.7/site-packages/airflow/models/dagbag.py", line 331, in _load_modules_from_file
    loader.exec_module(new_module)
  File "<frozen importlib._bootstrap_external>", line 728, in exec_module
  File "<frozen importlib._bootstrap>", line 219, in _call_with_frames_removed
  File "/opt/airflow/dags/ej10.py", line 4, in <module>
    from airflow.providers.apache.hive.operators.hive import HiveOperator
ModuleNotFoundError: No module named 'airflow.providers.apache'
[2022-05-17 07:14:52,067] {processor.py:654} WARNING - No viable dags retrieved from /opt/airflow/dags/ej10.py
[2022-05-17 07:14:52,090] {processor.py:171} INFO - Processing /opt/airflow/dags/ej10.py took 0.049 seconds
[2022-05-17 07:15:22,831] {processor.py:163} INFO - Started process (PID=12711) to work on /opt/airflow/dags/ej10.py
[2022-05-17 07:15:22,834] {processor.py:642} INFO - Processing file /opt/airflow/dags/ej10.py for tasks to queue
[2022-05-17 07:15:22,836] {logging_mixin.py:109} INFO - [2022-05-17 07:15:22,836] {dagbag.py:500} INFO - Filling up the DagBag from /opt/airflow/dags/ej10.py
[2022-05-17 07:15:22,866] {logging_mixin.py:109} INFO - [2022-05-17 07:15:22,860] {dagbag.py:334} ERROR - Failed to import: /opt/airflow/dags/ej10.py
Traceback (most recent call last):
  File "/home/airflow/.local/lib/python3.7/site-packages/airflow/models/dagbag.py", line 331, in _load_modules_from_file
    loader.exec_module(new_module)
  File "<frozen importlib._bootstrap_external>", line 728, in exec_module
  File "<frozen importlib._bootstrap>", line 219, in _call_with_frames_removed
  File "/opt/airflow/dags/ej10.py", line 4, in <module>
    from airflow.providers.apache.hive.operators.hive import HiveOperator
ModuleNotFoundError: No module named 'airflow.providers.apache'
[2022-05-17 07:15:22,868] {processor.py:654} WARNING - No viable dags retrieved from /opt/airflow/dags/ej10.py
[2022-05-17 07:15:22,893] {processor.py:171} INFO - Processing /opt/airflow/dags/ej10.py took 0.066 seconds
