[2022-05-17 06:58:11,394] {processor.py:163} INFO - Started process (PID=10483) to work on /opt/airflow/dags/ej7.py
[2022-05-17 06:58:11,406] {processor.py:642} INFO - Processing file /opt/airflow/dags/ej7.py for tasks to queue
[2022-05-17 06:58:11,422] {logging_mixin.py:109} INFO - [2022-05-17 06:58:11,422] {dagbag.py:500} INFO - Filling up the DagBag from /opt/airflow/dags/ej7.py
[2022-05-17 06:58:11,498] {processor.py:652} INFO - DAG(s) dict_keys(['ej7']) retrieved from /opt/airflow/dags/ej7.py
[2022-05-17 06:58:11,933] {logging_mixin.py:109} INFO - [2022-05-17 06:58:11,932] {dag.py:2398} INFO - Sync 1 DAGs
[2022-05-17 06:58:11,964] {logging_mixin.py:109} INFO - [2022-05-17 06:58:11,964] {dag.py:2937} INFO - Setting next_dagrun for ej7 to 2022-05-16T00:00:00+00:00
[2022-05-17 06:58:11,995] {processor.py:171} INFO - Processing /opt/airflow/dags/ej7.py took 0.605 seconds
[2022-05-17 06:58:42,760] {processor.py:163} INFO - Started process (PID=10545) to work on /opt/airflow/dags/ej7.py
[2022-05-17 06:58:42,761] {processor.py:642} INFO - Processing file /opt/airflow/dags/ej7.py for tasks to queue
[2022-05-17 06:58:42,762] {logging_mixin.py:109} INFO - [2022-05-17 06:58:42,762] {dagbag.py:500} INFO - Filling up the DagBag from /opt/airflow/dags/ej7.py
[2022-05-17 06:58:42,789] {processor.py:652} INFO - DAG(s) dict_keys(['ej7']) retrieved from /opt/airflow/dags/ej7.py
[2022-05-17 06:58:42,807] {logging_mixin.py:109} INFO - [2022-05-17 06:58:42,807] {dag.py:2398} INFO - Sync 1 DAGs
[2022-05-17 06:58:42,821] {logging_mixin.py:109} INFO - [2022-05-17 06:58:42,821] {dag.py:2937} INFO - Setting next_dagrun for ej7 to 2022-05-16T00:00:00+00:00
[2022-05-17 06:58:42,836] {processor.py:171} INFO - Processing /opt/airflow/dags/ej7.py took 0.079 seconds
[2022-05-17 06:59:12,912] {processor.py:163} INFO - Started process (PID=10618) to work on /opt/airflow/dags/ej7.py
[2022-05-17 06:59:12,914] {processor.py:642} INFO - Processing file /opt/airflow/dags/ej7.py for tasks to queue
[2022-05-17 06:59:12,915] {logging_mixin.py:109} INFO - [2022-05-17 06:59:12,915] {dagbag.py:500} INFO - Filling up the DagBag from /opt/airflow/dags/ej7.py
[2022-05-17 06:59:12,961] {processor.py:652} INFO - DAG(s) dict_keys(['ej7']) retrieved from /opt/airflow/dags/ej7.py
[2022-05-17 06:59:12,981] {logging_mixin.py:109} INFO - [2022-05-17 06:59:12,981] {dag.py:2398} INFO - Sync 1 DAGs
[2022-05-17 06:59:12,999] {logging_mixin.py:109} INFO - [2022-05-17 06:59:12,999] {dag.py:2937} INFO - Setting next_dagrun for ej7 to 2022-05-16T00:00:00+00:00
[2022-05-17 06:59:13,013] {processor.py:171} INFO - Processing /opt/airflow/dags/ej7.py took 0.105 seconds
[2022-05-17 06:59:43,164] {processor.py:163} INFO - Started process (PID=10681) to work on /opt/airflow/dags/ej7.py
[2022-05-17 06:59:43,165] {processor.py:642} INFO - Processing file /opt/airflow/dags/ej7.py for tasks to queue
[2022-05-17 06:59:43,166] {logging_mixin.py:109} INFO - [2022-05-17 06:59:43,166] {dagbag.py:500} INFO - Filling up the DagBag from /opt/airflow/dags/ej7.py
[2022-05-17 06:59:43,204] {processor.py:652} INFO - DAG(s) dict_keys(['ej7']) retrieved from /opt/airflow/dags/ej7.py
[2022-05-17 06:59:43,222] {logging_mixin.py:109} INFO - [2022-05-17 06:59:43,222] {dag.py:2398} INFO - Sync 1 DAGs
[2022-05-17 06:59:43,236] {logging_mixin.py:109} INFO - [2022-05-17 06:59:43,236] {dag.py:2937} INFO - Setting next_dagrun for ej7 to 2022-05-16T00:00:00+00:00
[2022-05-17 06:59:43,254] {processor.py:171} INFO - Processing /opt/airflow/dags/ej7.py took 0.093 seconds
[2022-05-17 07:00:13,631] {processor.py:163} INFO - Started process (PID=10754) to work on /opt/airflow/dags/ej7.py
[2022-05-17 07:00:13,633] {processor.py:642} INFO - Processing file /opt/airflow/dags/ej7.py for tasks to queue
[2022-05-17 07:00:13,634] {logging_mixin.py:109} INFO - [2022-05-17 07:00:13,634] {dagbag.py:500} INFO - Filling up the DagBag from /opt/airflow/dags/ej7.py
[2022-05-17 07:00:13,662] {processor.py:652} INFO - DAG(s) dict_keys(['ej7']) retrieved from /opt/airflow/dags/ej7.py
[2022-05-17 07:00:13,680] {logging_mixin.py:109} INFO - [2022-05-17 07:00:13,679] {dag.py:2398} INFO - Sync 1 DAGs
[2022-05-17 07:00:13,693] {logging_mixin.py:109} INFO - [2022-05-17 07:00:13,693] {dag.py:2937} INFO - Setting next_dagrun for ej7 to 2022-05-16T00:00:00+00:00
[2022-05-17 07:00:13,713] {processor.py:171} INFO - Processing /opt/airflow/dags/ej7.py took 0.084 seconds
[2022-05-17 07:00:44,454] {processor.py:163} INFO - Started process (PID=10817) to work on /opt/airflow/dags/ej7.py
[2022-05-17 07:00:44,455] {processor.py:642} INFO - Processing file /opt/airflow/dags/ej7.py for tasks to queue
[2022-05-17 07:00:44,456] {logging_mixin.py:109} INFO - [2022-05-17 07:00:44,456] {dagbag.py:500} INFO - Filling up the DagBag from /opt/airflow/dags/ej7.py
[2022-05-17 07:00:44,481] {processor.py:652} INFO - DAG(s) dict_keys(['ej7']) retrieved from /opt/airflow/dags/ej7.py
[2022-05-17 07:00:44,500] {logging_mixin.py:109} INFO - [2022-05-17 07:00:44,499] {dag.py:2398} INFO - Sync 1 DAGs
[2022-05-17 07:00:44,513] {logging_mixin.py:109} INFO - [2022-05-17 07:00:44,513] {dag.py:2937} INFO - Setting next_dagrun for ej7 to 2022-05-16T00:00:00+00:00
[2022-05-17 07:00:44,532] {processor.py:171} INFO - Processing /opt/airflow/dags/ej7.py took 0.081 seconds
[2022-05-17 07:01:15,142] {processor.py:163} INFO - Started process (PID=10890) to work on /opt/airflow/dags/ej7.py
[2022-05-17 07:01:15,143] {processor.py:642} INFO - Processing file /opt/airflow/dags/ej7.py for tasks to queue
[2022-05-17 07:01:15,144] {logging_mixin.py:109} INFO - [2022-05-17 07:01:15,144] {dagbag.py:500} INFO - Filling up the DagBag from /opt/airflow/dags/ej7.py
[2022-05-17 07:01:15,172] {processor.py:652} INFO - DAG(s) dict_keys(['ej7']) retrieved from /opt/airflow/dags/ej7.py
[2022-05-17 07:01:15,192] {logging_mixin.py:109} INFO - [2022-05-17 07:01:15,191] {dag.py:2398} INFO - Sync 1 DAGs
[2022-05-17 07:01:15,205] {logging_mixin.py:109} INFO - [2022-05-17 07:01:15,205] {dag.py:2937} INFO - Setting next_dagrun for ej7 to 2022-05-16T00:00:00+00:00
[2022-05-17 07:01:15,220] {processor.py:171} INFO - Processing /opt/airflow/dags/ej7.py took 0.081 seconds
[2022-05-17 07:01:45,905] {processor.py:163} INFO - Started process (PID=10962) to work on /opt/airflow/dags/ej7.py
[2022-05-17 07:01:45,906] {processor.py:642} INFO - Processing file /opt/airflow/dags/ej7.py for tasks to queue
[2022-05-17 07:01:45,907] {logging_mixin.py:109} INFO - [2022-05-17 07:01:45,907] {dagbag.py:500} INFO - Filling up the DagBag from /opt/airflow/dags/ej7.py
[2022-05-17 07:01:45,933] {processor.py:652} INFO - DAG(s) dict_keys(['ej7']) retrieved from /opt/airflow/dags/ej7.py
[2022-05-17 07:01:45,952] {logging_mixin.py:109} INFO - [2022-05-17 07:01:45,952] {dag.py:2398} INFO - Sync 1 DAGs
[2022-05-17 07:01:45,965] {logging_mixin.py:109} INFO - [2022-05-17 07:01:45,965] {dag.py:2937} INFO - Setting next_dagrun for ej7 to 2022-05-16T00:00:00+00:00
[2022-05-17 07:01:45,982] {processor.py:171} INFO - Processing /opt/airflow/dags/ej7.py took 0.079 seconds
[2022-05-17 07:02:16,486] {processor.py:163} INFO - Started process (PID=11026) to work on /opt/airflow/dags/ej7.py
[2022-05-17 07:02:16,488] {processor.py:642} INFO - Processing file /opt/airflow/dags/ej7.py for tasks to queue
[2022-05-17 07:02:16,488] {logging_mixin.py:109} INFO - [2022-05-17 07:02:16,488] {dagbag.py:500} INFO - Filling up the DagBag from /opt/airflow/dags/ej7.py
[2022-05-17 07:02:16,513] {processor.py:652} INFO - DAG(s) dict_keys(['ej7']) retrieved from /opt/airflow/dags/ej7.py
[2022-05-17 07:02:16,530] {logging_mixin.py:109} INFO - [2022-05-17 07:02:16,530] {dag.py:2398} INFO - Sync 1 DAGs
[2022-05-17 07:02:16,543] {logging_mixin.py:109} INFO - [2022-05-17 07:02:16,543] {dag.py:2937} INFO - Setting next_dagrun for ej7 to 2022-05-16T00:00:00+00:00
[2022-05-17 07:02:16,560] {processor.py:171} INFO - Processing /opt/airflow/dags/ej7.py took 0.076 seconds
[2022-05-17 07:02:46,698] {processor.py:163} INFO - Started process (PID=11099) to work on /opt/airflow/dags/ej7.py
[2022-05-17 07:02:46,699] {processor.py:642} INFO - Processing file /opt/airflow/dags/ej7.py for tasks to queue
[2022-05-17 07:02:46,700] {logging_mixin.py:109} INFO - [2022-05-17 07:02:46,700] {dagbag.py:500} INFO - Filling up the DagBag from /opt/airflow/dags/ej7.py
[2022-05-17 07:02:46,727] {processor.py:652} INFO - DAG(s) dict_keys(['ej7']) retrieved from /opt/airflow/dags/ej7.py
[2022-05-17 07:02:46,744] {logging_mixin.py:109} INFO - [2022-05-17 07:02:46,744] {dag.py:2398} INFO - Sync 1 DAGs
[2022-05-17 07:02:46,758] {logging_mixin.py:109} INFO - [2022-05-17 07:02:46,758] {dag.py:2937} INFO - Setting next_dagrun for ej7 to 2022-05-16T00:00:00+00:00
[2022-05-17 07:02:46,773] {processor.py:171} INFO - Processing /opt/airflow/dags/ej7.py took 0.079 seconds
[2022-05-17 07:03:16,863] {processor.py:163} INFO - Started process (PID=11163) to work on /opt/airflow/dags/ej7.py
[2022-05-17 07:03:16,865] {processor.py:642} INFO - Processing file /opt/airflow/dags/ej7.py for tasks to queue
[2022-05-17 07:03:16,865] {logging_mixin.py:109} INFO - [2022-05-17 07:03:16,865] {dagbag.py:500} INFO - Filling up the DagBag from /opt/airflow/dags/ej7.py
[2022-05-17 07:03:16,891] {processor.py:652} INFO - DAG(s) dict_keys(['ej7']) retrieved from /opt/airflow/dags/ej7.py
[2022-05-17 07:03:16,909] {logging_mixin.py:109} INFO - [2022-05-17 07:03:16,909] {dag.py:2398} INFO - Sync 1 DAGs
[2022-05-17 07:03:16,922] {logging_mixin.py:109} INFO - [2022-05-17 07:03:16,922] {dag.py:2937} INFO - Setting next_dagrun for ej7 to 2022-05-16T00:00:00+00:00
[2022-05-17 07:03:16,940] {processor.py:171} INFO - Processing /opt/airflow/dags/ej7.py took 0.079 seconds
[2022-05-17 07:03:47,539] {processor.py:163} INFO - Started process (PID=11237) to work on /opt/airflow/dags/ej7.py
[2022-05-17 07:03:47,540] {processor.py:642} INFO - Processing file /opt/airflow/dags/ej7.py for tasks to queue
[2022-05-17 07:03:47,541] {logging_mixin.py:109} INFO - [2022-05-17 07:03:47,541] {dagbag.py:500} INFO - Filling up the DagBag from /opt/airflow/dags/ej7.py
[2022-05-17 07:03:47,566] {processor.py:652} INFO - DAG(s) dict_keys(['ej7']) retrieved from /opt/airflow/dags/ej7.py
[2022-05-17 07:03:47,585] {logging_mixin.py:109} INFO - [2022-05-17 07:03:47,585] {dag.py:2398} INFO - Sync 1 DAGs
[2022-05-17 07:03:47,599] {logging_mixin.py:109} INFO - [2022-05-17 07:03:47,599] {dag.py:2937} INFO - Setting next_dagrun for ej7 to 2022-05-16T00:00:00+00:00
[2022-05-17 07:03:47,614] {processor.py:171} INFO - Processing /opt/airflow/dags/ej7.py took 0.077 seconds
[2022-05-17 07:04:18,234] {processor.py:163} INFO - Started process (PID=11310) to work on /opt/airflow/dags/ej7.py
[2022-05-17 07:04:18,235] {processor.py:642} INFO - Processing file /opt/airflow/dags/ej7.py for tasks to queue
[2022-05-17 07:04:18,236] {logging_mixin.py:109} INFO - [2022-05-17 07:04:18,236] {dagbag.py:500} INFO - Filling up the DagBag from /opt/airflow/dags/ej7.py
[2022-05-17 07:04:18,265] {processor.py:652} INFO - DAG(s) dict_keys(['ej7']) retrieved from /opt/airflow/dags/ej7.py
[2022-05-17 07:04:18,288] {logging_mixin.py:109} INFO - [2022-05-17 07:04:18,287] {dag.py:2398} INFO - Sync 1 DAGs
[2022-05-17 07:04:18,302] {logging_mixin.py:109} INFO - [2022-05-17 07:04:18,301] {dag.py:2937} INFO - Setting next_dagrun for ej7 to 2022-05-16T00:00:00+00:00
[2022-05-17 07:04:18,314] {processor.py:171} INFO - Processing /opt/airflow/dags/ej7.py took 0.083 seconds
[2022-05-17 07:04:49,096] {processor.py:163} INFO - Started process (PID=11372) to work on /opt/airflow/dags/ej7.py
[2022-05-17 07:04:49,098] {processor.py:642} INFO - Processing file /opt/airflow/dags/ej7.py for tasks to queue
[2022-05-17 07:04:49,098] {logging_mixin.py:109} INFO - [2022-05-17 07:04:49,098] {dagbag.py:500} INFO - Filling up the DagBag from /opt/airflow/dags/ej7.py
[2022-05-17 07:04:49,126] {processor.py:652} INFO - DAG(s) dict_keys(['ej7']) retrieved from /opt/airflow/dags/ej7.py
[2022-05-17 07:04:49,143] {logging_mixin.py:109} INFO - [2022-05-17 07:04:49,143] {dag.py:2398} INFO - Sync 1 DAGs
[2022-05-17 07:04:49,157] {logging_mixin.py:109} INFO - [2022-05-17 07:04:49,156] {dag.py:2937} INFO - Setting next_dagrun for ej7 to 2022-05-16T00:00:00+00:00
[2022-05-17 07:04:49,172] {processor.py:171} INFO - Processing /opt/airflow/dags/ej7.py took 0.078 seconds
[2022-05-17 07:05:19,840] {processor.py:163} INFO - Started process (PID=11445) to work on /opt/airflow/dags/ej7.py
[2022-05-17 07:05:19,841] {processor.py:642} INFO - Processing file /opt/airflow/dags/ej7.py for tasks to queue
[2022-05-17 07:05:19,842] {logging_mixin.py:109} INFO - [2022-05-17 07:05:19,841] {dagbag.py:500} INFO - Filling up the DagBag from /opt/airflow/dags/ej7.py
[2022-05-17 07:05:19,874] {processor.py:652} INFO - DAG(s) dict_keys(['ej7']) retrieved from /opt/airflow/dags/ej7.py
[2022-05-17 07:05:19,895] {logging_mixin.py:109} INFO - [2022-05-17 07:05:19,895] {dag.py:2398} INFO - Sync 1 DAGs
[2022-05-17 07:05:19,912] {logging_mixin.py:109} INFO - [2022-05-17 07:05:19,912] {dag.py:2937} INFO - Setting next_dagrun for ej7 to 2022-05-16T00:00:00+00:00
[2022-05-17 07:05:19,934] {processor.py:171} INFO - Processing /opt/airflow/dags/ej7.py took 0.097 seconds
[2022-05-17 07:05:50,569] {processor.py:163} INFO - Started process (PID=11508) to work on /opt/airflow/dags/ej7.py
[2022-05-17 07:05:50,571] {processor.py:642} INFO - Processing file /opt/airflow/dags/ej7.py for tasks to queue
[2022-05-17 07:05:50,571] {logging_mixin.py:109} INFO - [2022-05-17 07:05:50,571] {dagbag.py:500} INFO - Filling up the DagBag from /opt/airflow/dags/ej7.py
[2022-05-17 07:05:50,598] {processor.py:652} INFO - DAG(s) dict_keys(['ej7']) retrieved from /opt/airflow/dags/ej7.py
[2022-05-17 07:05:50,616] {logging_mixin.py:109} INFO - [2022-05-17 07:05:50,616] {dag.py:2398} INFO - Sync 1 DAGs
[2022-05-17 07:05:50,629] {logging_mixin.py:109} INFO - [2022-05-17 07:05:50,628] {dag.py:2937} INFO - Setting next_dagrun for ej7 to 2022-05-16T00:00:00+00:00
[2022-05-17 07:05:50,645] {processor.py:171} INFO - Processing /opt/airflow/dags/ej7.py took 0.078 seconds
[2022-05-17 07:06:21,319] {processor.py:163} INFO - Started process (PID=11581) to work on /opt/airflow/dags/ej7.py
[2022-05-17 07:06:21,320] {processor.py:642} INFO - Processing file /opt/airflow/dags/ej7.py for tasks to queue
[2022-05-17 07:06:21,321] {logging_mixin.py:109} INFO - [2022-05-17 07:06:21,321] {dagbag.py:500} INFO - Filling up the DagBag from /opt/airflow/dags/ej7.py
[2022-05-17 07:06:21,363] {processor.py:652} INFO - DAG(s) dict_keys(['ej7']) retrieved from /opt/airflow/dags/ej7.py
[2022-05-17 07:06:21,389] {logging_mixin.py:109} INFO - [2022-05-17 07:06:21,389] {dag.py:2398} INFO - Sync 1 DAGs
[2022-05-17 07:06:21,406] {logging_mixin.py:109} INFO - [2022-05-17 07:06:21,406] {dag.py:2937} INFO - Setting next_dagrun for ej7 to 2022-05-16T00:00:00+00:00
[2022-05-17 07:06:21,422] {processor.py:171} INFO - Processing /opt/airflow/dags/ej7.py took 0.107 seconds
[2022-05-17 07:06:51,684] {processor.py:163} INFO - Started process (PID=11644) to work on /opt/airflow/dags/ej7.py
[2022-05-17 07:06:51,686] {processor.py:642} INFO - Processing file /opt/airflow/dags/ej7.py for tasks to queue
[2022-05-17 07:06:51,687] {logging_mixin.py:109} INFO - [2022-05-17 07:06:51,687] {dagbag.py:500} INFO - Filling up the DagBag from /opt/airflow/dags/ej7.py
[2022-05-17 07:06:51,729] {processor.py:652} INFO - DAG(s) dict_keys(['ej7']) retrieved from /opt/airflow/dags/ej7.py
[2022-05-17 07:06:51,760] {logging_mixin.py:109} INFO - [2022-05-17 07:06:51,759] {dag.py:2398} INFO - Sync 1 DAGs
[2022-05-17 07:06:51,781] {logging_mixin.py:109} INFO - [2022-05-17 07:06:51,781] {dag.py:2937} INFO - Setting next_dagrun for ej7 to 2022-05-16T00:00:00+00:00
[2022-05-17 07:06:51,800] {processor.py:171} INFO - Processing /opt/airflow/dags/ej7.py took 0.120 seconds
[2022-05-17 07:07:22,271] {processor.py:163} INFO - Started process (PID=11718) to work on /opt/airflow/dags/ej7.py
[2022-05-17 07:07:22,273] {processor.py:642} INFO - Processing file /opt/airflow/dags/ej7.py for tasks to queue
[2022-05-17 07:07:22,274] {logging_mixin.py:109} INFO - [2022-05-17 07:07:22,274] {dagbag.py:500} INFO - Filling up the DagBag from /opt/airflow/dags/ej7.py
[2022-05-17 07:07:22,327] {processor.py:652} INFO - DAG(s) dict_keys(['ej7']) retrieved from /opt/airflow/dags/ej7.py
[2022-05-17 07:07:22,376] {logging_mixin.py:109} INFO - [2022-05-17 07:07:22,376] {dag.py:2398} INFO - Sync 1 DAGs
[2022-05-17 07:07:22,407] {logging_mixin.py:109} INFO - [2022-05-17 07:07:22,407] {dag.py:2937} INFO - Setting next_dagrun for ej7 to 2022-05-16T00:00:00+00:00
[2022-05-17 07:07:22,434] {processor.py:171} INFO - Processing /opt/airflow/dags/ej7.py took 0.168 seconds
[2022-05-17 07:07:52,494] {processor.py:163} INFO - Started process (PID=11782) to work on /opt/airflow/dags/ej7.py
[2022-05-17 07:07:52,496] {processor.py:642} INFO - Processing file /opt/airflow/dags/ej7.py for tasks to queue
[2022-05-17 07:07:52,498] {logging_mixin.py:109} INFO - [2022-05-17 07:07:52,497] {dagbag.py:500} INFO - Filling up the DagBag from /opt/airflow/dags/ej7.py
[2022-05-17 07:07:52,544] {processor.py:652} INFO - DAG(s) dict_keys(['ej7']) retrieved from /opt/airflow/dags/ej7.py
[2022-05-17 07:07:52,571] {logging_mixin.py:109} INFO - [2022-05-17 07:07:52,571] {dag.py:2398} INFO - Sync 1 DAGs
[2022-05-17 07:07:52,588] {logging_mixin.py:109} INFO - [2022-05-17 07:07:52,588] {dag.py:2937} INFO - Setting next_dagrun for ej7 to 2022-05-16T00:00:00+00:00
[2022-05-17 07:07:52,619] {processor.py:171} INFO - Processing /opt/airflow/dags/ej7.py took 0.129 seconds
[2022-05-17 07:08:22,711] {processor.py:163} INFO - Started process (PID=11844) to work on /opt/airflow/dags/ej7.py
[2022-05-17 07:08:22,713] {processor.py:642} INFO - Processing file /opt/airflow/dags/ej7.py for tasks to queue
[2022-05-17 07:08:22,714] {logging_mixin.py:109} INFO - [2022-05-17 07:08:22,714] {dagbag.py:500} INFO - Filling up the DagBag from /opt/airflow/dags/ej7.py
[2022-05-17 07:08:22,760] {processor.py:652} INFO - DAG(s) dict_keys(['ej7']) retrieved from /opt/airflow/dags/ej7.py
[2022-05-17 07:08:22,786] {logging_mixin.py:109} INFO - [2022-05-17 07:08:22,786] {dag.py:2398} INFO - Sync 1 DAGs
[2022-05-17 07:08:22,812] {logging_mixin.py:109} INFO - [2022-05-17 07:08:22,812] {dag.py:2937} INFO - Setting next_dagrun for ej7 to 2022-05-16T00:00:00+00:00
[2022-05-17 07:08:22,832] {processor.py:171} INFO - Processing /opt/airflow/dags/ej7.py took 0.126 seconds
[2022-05-17 07:08:52,866] {processor.py:163} INFO - Started process (PID=11907) to work on /opt/airflow/dags/ej7.py
[2022-05-17 07:08:52,868] {processor.py:642} INFO - Processing file /opt/airflow/dags/ej7.py for tasks to queue
[2022-05-17 07:08:52,869] {logging_mixin.py:109} INFO - [2022-05-17 07:08:52,869] {dagbag.py:500} INFO - Filling up the DagBag from /opt/airflow/dags/ej7.py
[2022-05-17 07:08:52,901] {processor.py:652} INFO - DAG(s) dict_keys(['ej7']) retrieved from /opt/airflow/dags/ej7.py
[2022-05-17 07:08:52,920] {logging_mixin.py:109} INFO - [2022-05-17 07:08:52,920] {dag.py:2398} INFO - Sync 1 DAGs
[2022-05-17 07:08:52,937] {logging_mixin.py:109} INFO - [2022-05-17 07:08:52,936] {dag.py:2937} INFO - Setting next_dagrun for ej7 to 2022-05-16T00:00:00+00:00
[2022-05-17 07:08:52,951] {processor.py:171} INFO - Processing /opt/airflow/dags/ej7.py took 0.088 seconds
[2022-05-17 07:09:23,519] {processor.py:163} INFO - Started process (PID=11979) to work on /opt/airflow/dags/ej7.py
[2022-05-17 07:09:23,521] {processor.py:642} INFO - Processing file /opt/airflow/dags/ej7.py for tasks to queue
[2022-05-17 07:09:23,524] {logging_mixin.py:109} INFO - [2022-05-17 07:09:23,524] {dagbag.py:500} INFO - Filling up the DagBag from /opt/airflow/dags/ej7.py
[2022-05-17 07:09:23,595] {processor.py:652} INFO - DAG(s) dict_keys(['ej7']) retrieved from /opt/airflow/dags/ej7.py
[2022-05-17 07:09:23,639] {logging_mixin.py:109} INFO - [2022-05-17 07:09:23,636] {dag.py:2398} INFO - Sync 1 DAGs
[2022-05-17 07:09:23,678] {logging_mixin.py:109} INFO - [2022-05-17 07:09:23,678] {dag.py:2937} INFO - Setting next_dagrun for ej7 to 2022-05-16T00:00:00+00:00
[2022-05-17 07:09:23,707] {processor.py:171} INFO - Processing /opt/airflow/dags/ej7.py took 0.194 seconds
[2022-05-17 07:09:54,639] {processor.py:163} INFO - Started process (PID=12043) to work on /opt/airflow/dags/ej7.py
[2022-05-17 07:09:54,640] {processor.py:642} INFO - Processing file /opt/airflow/dags/ej7.py for tasks to queue
[2022-05-17 07:09:54,641] {logging_mixin.py:109} INFO - [2022-05-17 07:09:54,641] {dagbag.py:500} INFO - Filling up the DagBag from /opt/airflow/dags/ej7.py
[2022-05-17 07:09:54,704] {processor.py:652} INFO - DAG(s) dict_keys(['ej7']) retrieved from /opt/airflow/dags/ej7.py
[2022-05-17 07:09:54,740] {logging_mixin.py:109} INFO - [2022-05-17 07:09:54,740] {dag.py:2398} INFO - Sync 1 DAGs
[2022-05-17 07:09:54,768] {logging_mixin.py:109} INFO - [2022-05-17 07:09:54,767] {dag.py:2937} INFO - Setting next_dagrun for ej7 to 2022-05-16T00:00:00+00:00
[2022-05-17 07:09:54,788] {processor.py:171} INFO - Processing /opt/airflow/dags/ej7.py took 0.153 seconds
[2022-05-17 07:10:25,308] {processor.py:163} INFO - Started process (PID=12105) to work on /opt/airflow/dags/ej7.py
[2022-05-17 07:10:25,309] {processor.py:642} INFO - Processing file /opt/airflow/dags/ej7.py for tasks to queue
[2022-05-17 07:10:25,310] {logging_mixin.py:109} INFO - [2022-05-17 07:10:25,310] {dagbag.py:500} INFO - Filling up the DagBag from /opt/airflow/dags/ej7.py
[2022-05-17 07:10:25,346] {processor.py:652} INFO - DAG(s) dict_keys(['ej7']) retrieved from /opt/airflow/dags/ej7.py
[2022-05-17 07:10:25,367] {logging_mixin.py:109} INFO - [2022-05-17 07:10:25,367] {dag.py:2398} INFO - Sync 1 DAGs
[2022-05-17 07:10:25,385] {logging_mixin.py:109} INFO - [2022-05-17 07:10:25,385] {dag.py:2937} INFO - Setting next_dagrun for ej7 to 2022-05-16T00:00:00+00:00
[2022-05-17 07:10:25,401] {processor.py:171} INFO - Processing /opt/airflow/dags/ej7.py took 0.096 seconds
[2022-05-17 07:10:55,715] {processor.py:163} INFO - Started process (PID=12181) to work on /opt/airflow/dags/ej7.py
[2022-05-17 07:10:55,721] {processor.py:642} INFO - Processing file /opt/airflow/dags/ej7.py for tasks to queue
[2022-05-17 07:10:55,723] {logging_mixin.py:109} INFO - [2022-05-17 07:10:55,723] {dagbag.py:500} INFO - Filling up the DagBag from /opt/airflow/dags/ej7.py
[2022-05-17 07:10:55,785] {processor.py:652} INFO - DAG(s) dict_keys(['ej7']) retrieved from /opt/airflow/dags/ej7.py
[2022-05-17 07:10:55,823] {logging_mixin.py:109} INFO - [2022-05-17 07:10:55,823] {dag.py:2398} INFO - Sync 1 DAGs
[2022-05-17 07:10:55,848] {logging_mixin.py:109} INFO - [2022-05-17 07:10:55,848] {dag.py:2937} INFO - Setting next_dagrun for ej7 to 2022-05-16T00:00:00+00:00
[2022-05-17 07:10:55,867] {processor.py:171} INFO - Processing /opt/airflow/dags/ej7.py took 0.158 seconds
[2022-05-17 07:11:25,948] {processor.py:163} INFO - Started process (PID=12247) to work on /opt/airflow/dags/ej7.py
[2022-05-17 07:11:25,950] {processor.py:642} INFO - Processing file /opt/airflow/dags/ej7.py for tasks to queue
[2022-05-17 07:11:25,951] {logging_mixin.py:109} INFO - [2022-05-17 07:11:25,951] {dagbag.py:500} INFO - Filling up the DagBag from /opt/airflow/dags/ej7.py
[2022-05-17 07:11:26,012] {processor.py:652} INFO - DAG(s) dict_keys(['ej7']) retrieved from /opt/airflow/dags/ej7.py
[2022-05-17 07:11:26,044] {logging_mixin.py:109} INFO - [2022-05-17 07:11:26,043] {dag.py:2398} INFO - Sync 1 DAGs
[2022-05-17 07:11:26,064] {logging_mixin.py:109} INFO - [2022-05-17 07:11:26,064] {dag.py:2937} INFO - Setting next_dagrun for ej7 to 2022-05-16T00:00:00+00:00
[2022-05-17 07:11:26,082] {processor.py:171} INFO - Processing /opt/airflow/dags/ej7.py took 0.138 seconds
[2022-05-17 07:11:56,522] {processor.py:163} INFO - Started process (PID=12309) to work on /opt/airflow/dags/ej7.py
[2022-05-17 07:11:56,524] {processor.py:642} INFO - Processing file /opt/airflow/dags/ej7.py for tasks to queue
[2022-05-17 07:11:56,525] {logging_mixin.py:109} INFO - [2022-05-17 07:11:56,525] {dagbag.py:500} INFO - Filling up the DagBag from /opt/airflow/dags/ej7.py
[2022-05-17 07:11:56,580] {processor.py:652} INFO - DAG(s) dict_keys(['ej7']) retrieved from /opt/airflow/dags/ej7.py
[2022-05-17 07:11:56,609] {logging_mixin.py:109} INFO - [2022-05-17 07:11:56,609] {dag.py:2398} INFO - Sync 1 DAGs
[2022-05-17 07:11:56,639] {logging_mixin.py:109} INFO - [2022-05-17 07:11:56,639] {dag.py:2937} INFO - Setting next_dagrun for ej7 to 2022-05-16T00:00:00+00:00
[2022-05-17 07:11:56,663] {processor.py:171} INFO - Processing /opt/airflow/dags/ej7.py took 0.150 seconds
[2022-05-17 07:12:49,474] {processor.py:163} INFO - Started process (PID=12372) to work on /opt/airflow/dags/ej7.py
[2022-05-17 07:12:49,476] {processor.py:642} INFO - Processing file /opt/airflow/dags/ej7.py for tasks to queue
[2022-05-17 07:12:49,477] {logging_mixin.py:109} INFO - [2022-05-17 07:12:49,477] {dagbag.py:500} INFO - Filling up the DagBag from /opt/airflow/dags/ej7.py
[2022-05-17 07:12:49,541] {processor.py:652} INFO - DAG(s) dict_keys(['ej7']) retrieved from /opt/airflow/dags/ej7.py
[2022-05-17 07:12:49,579] {logging_mixin.py:109} INFO - [2022-05-17 07:12:49,578] {dag.py:2398} INFO - Sync 1 DAGs
[2022-05-17 07:12:49,625] {logging_mixin.py:109} INFO - [2022-05-17 07:12:49,625] {dag.py:2937} INFO - Setting next_dagrun for ej7 to 2022-05-16T00:00:00+00:00
[2022-05-17 07:12:49,651] {processor.py:171} INFO - Processing /opt/airflow/dags/ej7.py took 0.182 seconds
[2022-05-17 07:13:19,829] {processor.py:163} INFO - Started process (PID=12436) to work on /opt/airflow/dags/ej7.py
[2022-05-17 07:13:19,830] {processor.py:642} INFO - Processing file /opt/airflow/dags/ej7.py for tasks to queue
[2022-05-17 07:13:19,831] {logging_mixin.py:109} INFO - [2022-05-17 07:13:19,831] {dagbag.py:500} INFO - Filling up the DagBag from /opt/airflow/dags/ej7.py
[2022-05-17 07:13:19,858] {processor.py:652} INFO - DAG(s) dict_keys(['ej7']) retrieved from /opt/airflow/dags/ej7.py
[2022-05-17 07:13:19,876] {logging_mixin.py:109} INFO - [2022-05-17 07:13:19,876] {dag.py:2398} INFO - Sync 1 DAGs
[2022-05-17 07:13:19,889] {logging_mixin.py:109} INFO - [2022-05-17 07:13:19,889] {dag.py:2937} INFO - Setting next_dagrun for ej7 to 2022-05-16T00:00:00+00:00
[2022-05-17 07:13:19,914] {processor.py:171} INFO - Processing /opt/airflow/dags/ej7.py took 0.088 seconds
[2022-05-17 07:13:50,941] {processor.py:163} INFO - Started process (PID=12513) to work on /opt/airflow/dags/ej7.py
[2022-05-17 07:13:50,943] {processor.py:642} INFO - Processing file /opt/airflow/dags/ej7.py for tasks to queue
[2022-05-17 07:13:50,943] {logging_mixin.py:109} INFO - [2022-05-17 07:13:50,943] {dagbag.py:500} INFO - Filling up the DagBag from /opt/airflow/dags/ej7.py
[2022-05-17 07:13:50,972] {processor.py:652} INFO - DAG(s) dict_keys(['ej7']) retrieved from /opt/airflow/dags/ej7.py
[2022-05-17 07:13:50,991] {logging_mixin.py:109} INFO - [2022-05-17 07:13:50,991] {dag.py:2398} INFO - Sync 1 DAGs
[2022-05-17 07:13:51,004] {logging_mixin.py:109} INFO - [2022-05-17 07:13:51,004] {dag.py:2937} INFO - Setting next_dagrun for ej7 to 2022-05-16T00:00:00+00:00
[2022-05-17 07:13:51,020] {processor.py:171} INFO - Processing /opt/airflow/dags/ej7.py took 0.081 seconds
[2022-05-17 07:14:21,149] {processor.py:163} INFO - Started process (PID=12577) to work on /opt/airflow/dags/ej7.py
[2022-05-17 07:14:21,150] {processor.py:642} INFO - Processing file /opt/airflow/dags/ej7.py for tasks to queue
[2022-05-17 07:14:21,151] {logging_mixin.py:109} INFO - [2022-05-17 07:14:21,151] {dagbag.py:500} INFO - Filling up the DagBag from /opt/airflow/dags/ej7.py
[2022-05-17 07:14:21,176] {processor.py:652} INFO - DAG(s) dict_keys(['ej7']) retrieved from /opt/airflow/dags/ej7.py
[2022-05-17 07:14:21,193] {logging_mixin.py:109} INFO - [2022-05-17 07:14:21,193] {dag.py:2398} INFO - Sync 1 DAGs
[2022-05-17 07:14:21,205] {logging_mixin.py:109} INFO - [2022-05-17 07:14:21,205] {dag.py:2937} INFO - Setting next_dagrun for ej7 to 2022-05-16T00:00:00+00:00
[2022-05-17 07:14:21,218] {processor.py:171} INFO - Processing /opt/airflow/dags/ej7.py took 0.073 seconds
[2022-05-17 07:14:52,132] {processor.py:163} INFO - Started process (PID=12650) to work on /opt/airflow/dags/ej7.py
[2022-05-17 07:14:52,133] {processor.py:642} INFO - Processing file /opt/airflow/dags/ej7.py for tasks to queue
[2022-05-17 07:14:52,134] {logging_mixin.py:109} INFO - [2022-05-17 07:14:52,134] {dagbag.py:500} INFO - Filling up the DagBag from /opt/airflow/dags/ej7.py
[2022-05-17 07:14:52,161] {processor.py:652} INFO - DAG(s) dict_keys(['ej7']) retrieved from /opt/airflow/dags/ej7.py
[2022-05-17 07:14:52,179] {logging_mixin.py:109} INFO - [2022-05-17 07:14:52,179] {dag.py:2398} INFO - Sync 1 DAGs
[2022-05-17 07:14:52,193] {logging_mixin.py:109} INFO - [2022-05-17 07:14:52,192] {dag.py:2937} INFO - Setting next_dagrun for ej7 to 2022-05-16T00:00:00+00:00
[2022-05-17 07:14:52,207] {processor.py:171} INFO - Processing /opt/airflow/dags/ej7.py took 0.078 seconds
[2022-05-17 07:15:22,944] {processor.py:163} INFO - Started process (PID=12714) to work on /opt/airflow/dags/ej7.py
[2022-05-17 07:15:22,945] {processor.py:642} INFO - Processing file /opt/airflow/dags/ej7.py for tasks to queue
[2022-05-17 07:15:22,946] {logging_mixin.py:109} INFO - [2022-05-17 07:15:22,946] {dagbag.py:500} INFO - Filling up the DagBag from /opt/airflow/dags/ej7.py
[2022-05-17 07:15:22,983] {processor.py:652} INFO - DAG(s) dict_keys(['ej7']) retrieved from /opt/airflow/dags/ej7.py
[2022-05-17 07:15:23,004] {logging_mixin.py:109} INFO - [2022-05-17 07:15:23,004] {dag.py:2398} INFO - Sync 1 DAGs
[2022-05-17 07:15:23,022] {logging_mixin.py:109} INFO - [2022-05-17 07:15:23,022] {dag.py:2937} INFO - Setting next_dagrun for ej7 to 2022-05-16T00:00:00+00:00
[2022-05-17 07:15:23,034] {processor.py:171} INFO - Processing /opt/airflow/dags/ej7.py took 0.093 seconds
