[2022-04-29 18:01:23,328] {processor.py:163} INFO - Started process (PID=14590) to work on /home/airflow/.local/lib/python3.7/site-packages/airflow/example_dags/example_dag_decorator.py
[2022-04-29 18:01:23,333] {processor.py:642} INFO - Processing file /home/airflow/.local/lib/python3.7/site-packages/airflow/example_dags/example_dag_decorator.py for tasks to queue
[2022-04-29 18:01:23,334] {logging_mixin.py:109} INFO - [2022-04-29 18:01:23,334] {dagbag.py:500} INFO - Filling up the DagBag from /home/airflow/.local/lib/python3.7/site-packages/airflow/example_dags/example_dag_decorator.py
[2022-04-29 18:01:23,386] {processor.py:652} INFO - DAG(s) dict_keys(['example_dag_decorator']) retrieved from /home/airflow/.local/lib/python3.7/site-packages/airflow/example_dags/example_dag_decorator.py
[2022-04-29 18:01:24,060] {logging_mixin.py:109} INFO - [2022-04-29 18:01:24,057] {dag.py:2398} INFO - Sync 1 DAGs
[2022-04-29 18:01:24,096] {logging_mixin.py:109} INFO - [2022-04-29 18:01:24,096] {dag.py:2937} INFO - Setting next_dagrun for example_dag_decorator to None
[2022-04-29 18:01:24,140] {processor.py:171} INFO - Processing /home/airflow/.local/lib/python3.7/site-packages/airflow/example_dags/example_dag_decorator.py took 0.820 seconds
[2022-04-29 18:01:54,427] {processor.py:163} INFO - Started process (PID=14650) to work on /home/airflow/.local/lib/python3.7/site-packages/airflow/example_dags/example_dag_decorator.py
[2022-04-29 18:01:54,430] {processor.py:642} INFO - Processing file /home/airflow/.local/lib/python3.7/site-packages/airflow/example_dags/example_dag_decorator.py for tasks to queue
[2022-04-29 18:01:54,432] {logging_mixin.py:109} INFO - [2022-04-29 18:01:54,432] {dagbag.py:500} INFO - Filling up the DagBag from /home/airflow/.local/lib/python3.7/site-packages/airflow/example_dags/example_dag_decorator.py
[2022-04-29 18:01:54,473] {processor.py:652} INFO - DAG(s) dict_keys(['example_dag_decorator']) retrieved from /home/airflow/.local/lib/python3.7/site-packages/airflow/example_dags/example_dag_decorator.py
[2022-04-29 18:01:55,102] {logging_mixin.py:109} INFO - [2022-04-29 18:01:55,101] {dag.py:2398} INFO - Sync 1 DAGs
[2022-04-29 18:01:55,132] {logging_mixin.py:109} INFO - [2022-04-29 18:01:55,132] {dag.py:2937} INFO - Setting next_dagrun for example_dag_decorator to None
[2022-04-29 18:01:55,159] {processor.py:171} INFO - Processing /home/airflow/.local/lib/python3.7/site-packages/airflow/example_dags/example_dag_decorator.py took 0.737 seconds
[2022-04-29 18:02:25,873] {processor.py:163} INFO - Started process (PID=14712) to work on /home/airflow/.local/lib/python3.7/site-packages/airflow/example_dags/example_dag_decorator.py
[2022-04-29 18:02:25,876] {processor.py:642} INFO - Processing file /home/airflow/.local/lib/python3.7/site-packages/airflow/example_dags/example_dag_decorator.py for tasks to queue
[2022-04-29 18:02:25,878] {logging_mixin.py:109} INFO - [2022-04-29 18:02:25,878] {dagbag.py:500} INFO - Filling up the DagBag from /home/airflow/.local/lib/python3.7/site-packages/airflow/example_dags/example_dag_decorator.py
[2022-04-29 18:02:25,929] {processor.py:652} INFO - DAG(s) dict_keys(['example_dag_decorator']) retrieved from /home/airflow/.local/lib/python3.7/site-packages/airflow/example_dags/example_dag_decorator.py
[2022-04-29 18:02:26,850] {logging_mixin.py:109} INFO - [2022-04-29 18:02:26,850] {dag.py:2398} INFO - Sync 1 DAGs
[2022-04-29 18:02:26,880] {logging_mixin.py:109} INFO - [2022-04-29 18:02:26,880] {dag.py:2937} INFO - Setting next_dagrun for example_dag_decorator to None
[2022-04-29 18:02:26,899] {processor.py:171} INFO - Processing /home/airflow/.local/lib/python3.7/site-packages/airflow/example_dags/example_dag_decorator.py took 1.032 seconds
[2022-04-29 18:02:56,969] {processor.py:163} INFO - Started process (PID=14772) to work on /home/airflow/.local/lib/python3.7/site-packages/airflow/example_dags/example_dag_decorator.py
[2022-04-29 18:02:56,972] {processor.py:642} INFO - Processing file /home/airflow/.local/lib/python3.7/site-packages/airflow/example_dags/example_dag_decorator.py for tasks to queue
[2022-04-29 18:02:56,973] {logging_mixin.py:109} INFO - [2022-04-29 18:02:56,973] {dagbag.py:500} INFO - Filling up the DagBag from /home/airflow/.local/lib/python3.7/site-packages/airflow/example_dags/example_dag_decorator.py
[2022-04-29 18:02:57,001] {processor.py:652} INFO - DAG(s) dict_keys(['example_dag_decorator']) retrieved from /home/airflow/.local/lib/python3.7/site-packages/airflow/example_dags/example_dag_decorator.py
[2022-04-29 18:02:57,562] {logging_mixin.py:109} INFO - [2022-04-29 18:02:57,562] {dag.py:2398} INFO - Sync 1 DAGs
[2022-04-29 18:02:57,582] {logging_mixin.py:109} INFO - [2022-04-29 18:02:57,582] {dag.py:2937} INFO - Setting next_dagrun for example_dag_decorator to None
[2022-04-29 18:02:57,607] {processor.py:171} INFO - Processing /home/airflow/.local/lib/python3.7/site-packages/airflow/example_dags/example_dag_decorator.py took 0.643 seconds
[2022-04-29 18:03:28,166] {processor.py:163} INFO - Started process (PID=14833) to work on /home/airflow/.local/lib/python3.7/site-packages/airflow/example_dags/example_dag_decorator.py
[2022-04-29 18:03:28,169] {processor.py:642} INFO - Processing file /home/airflow/.local/lib/python3.7/site-packages/airflow/example_dags/example_dag_decorator.py for tasks to queue
[2022-04-29 18:03:28,170] {logging_mixin.py:109} INFO - [2022-04-29 18:03:28,169] {dagbag.py:500} INFO - Filling up the DagBag from /home/airflow/.local/lib/python3.7/site-packages/airflow/example_dags/example_dag_decorator.py
[2022-04-29 18:03:28,187] {processor.py:652} INFO - DAG(s) dict_keys(['example_dag_decorator']) retrieved from /home/airflow/.local/lib/python3.7/site-packages/airflow/example_dags/example_dag_decorator.py
[2022-04-29 18:03:28,596] {logging_mixin.py:109} INFO - [2022-04-29 18:03:28,596] {dag.py:2398} INFO - Sync 1 DAGs
[2022-04-29 18:03:28,609] {logging_mixin.py:109} INFO - [2022-04-29 18:03:28,609] {dag.py:2937} INFO - Setting next_dagrun for example_dag_decorator to None
[2022-04-29 18:03:28,627] {processor.py:171} INFO - Processing /home/airflow/.local/lib/python3.7/site-packages/airflow/example_dags/example_dag_decorator.py took 0.465 seconds
[2022-04-29 18:03:59,274] {processor.py:163} INFO - Started process (PID=14902) to work on /home/airflow/.local/lib/python3.7/site-packages/airflow/example_dags/example_dag_decorator.py
[2022-04-29 18:03:59,276] {processor.py:642} INFO - Processing file /home/airflow/.local/lib/python3.7/site-packages/airflow/example_dags/example_dag_decorator.py for tasks to queue
[2022-04-29 18:03:59,277] {logging_mixin.py:109} INFO - [2022-04-29 18:03:59,277] {dagbag.py:500} INFO - Filling up the DagBag from /home/airflow/.local/lib/python3.7/site-packages/airflow/example_dags/example_dag_decorator.py
[2022-04-29 18:03:59,306] {processor.py:652} INFO - DAG(s) dict_keys(['example_dag_decorator']) retrieved from /home/airflow/.local/lib/python3.7/site-packages/airflow/example_dags/example_dag_decorator.py
[2022-04-29 18:03:59,775] {logging_mixin.py:109} INFO - [2022-04-29 18:03:59,775] {dag.py:2398} INFO - Sync 1 DAGs
[2022-04-29 18:03:59,799] {logging_mixin.py:109} INFO - [2022-04-29 18:03:59,799] {dag.py:2937} INFO - Setting next_dagrun for example_dag_decorator to None
[2022-04-29 18:03:59,825] {processor.py:171} INFO - Processing /home/airflow/.local/lib/python3.7/site-packages/airflow/example_dags/example_dag_decorator.py took 0.555 seconds
[2022-04-29 18:04:30,120] {processor.py:163} INFO - Started process (PID=14966) to work on /home/airflow/.local/lib/python3.7/site-packages/airflow/example_dags/example_dag_decorator.py
[2022-04-29 18:04:30,122] {processor.py:642} INFO - Processing file /home/airflow/.local/lib/python3.7/site-packages/airflow/example_dags/example_dag_decorator.py for tasks to queue
[2022-04-29 18:04:30,123] {logging_mixin.py:109} INFO - [2022-04-29 18:04:30,123] {dagbag.py:500} INFO - Filling up the DagBag from /home/airflow/.local/lib/python3.7/site-packages/airflow/example_dags/example_dag_decorator.py
[2022-04-29 18:04:30,140] {processor.py:652} INFO - DAG(s) dict_keys(['example_dag_decorator']) retrieved from /home/airflow/.local/lib/python3.7/site-packages/airflow/example_dags/example_dag_decorator.py
[2022-04-29 18:04:30,450] {logging_mixin.py:109} INFO - [2022-04-29 18:04:30,450] {dag.py:2398} INFO - Sync 1 DAGs
[2022-04-29 18:04:30,465] {logging_mixin.py:109} INFO - [2022-04-29 18:04:30,465] {dag.py:2937} INFO - Setting next_dagrun for example_dag_decorator to None
[2022-04-29 18:04:30,491] {processor.py:171} INFO - Processing /home/airflow/.local/lib/python3.7/site-packages/airflow/example_dags/example_dag_decorator.py took 0.375 seconds
[2022-04-29 18:05:01,337] {processor.py:163} INFO - Started process (PID=15037) to work on /home/airflow/.local/lib/python3.7/site-packages/airflow/example_dags/example_dag_decorator.py
[2022-04-29 18:05:01,339] {processor.py:642} INFO - Processing file /home/airflow/.local/lib/python3.7/site-packages/airflow/example_dags/example_dag_decorator.py for tasks to queue
[2022-04-29 18:05:01,340] {logging_mixin.py:109} INFO - [2022-04-29 18:05:01,340] {dagbag.py:500} INFO - Filling up the DagBag from /home/airflow/.local/lib/python3.7/site-packages/airflow/example_dags/example_dag_decorator.py
[2022-04-29 18:05:01,355] {processor.py:652} INFO - DAG(s) dict_keys(['example_dag_decorator']) retrieved from /home/airflow/.local/lib/python3.7/site-packages/airflow/example_dags/example_dag_decorator.py
[2022-04-29 18:05:01,746] {logging_mixin.py:109} INFO - [2022-04-29 18:05:01,746] {dag.py:2398} INFO - Sync 1 DAGs
[2022-04-29 18:05:01,756] {logging_mixin.py:109} INFO - [2022-04-29 18:05:01,756] {dag.py:2937} INFO - Setting next_dagrun for example_dag_decorator to None
[2022-04-29 18:05:01,768] {processor.py:171} INFO - Processing /home/airflow/.local/lib/python3.7/site-packages/airflow/example_dags/example_dag_decorator.py took 0.435 seconds
[2022-04-29 18:05:31,847] {processor.py:163} INFO - Started process (PID=15097) to work on /home/airflow/.local/lib/python3.7/site-packages/airflow/example_dags/example_dag_decorator.py
[2022-04-29 18:05:31,849] {processor.py:642} INFO - Processing file /home/airflow/.local/lib/python3.7/site-packages/airflow/example_dags/example_dag_decorator.py for tasks to queue
[2022-04-29 18:05:31,849] {logging_mixin.py:109} INFO - [2022-04-29 18:05:31,849] {dagbag.py:500} INFO - Filling up the DagBag from /home/airflow/.local/lib/python3.7/site-packages/airflow/example_dags/example_dag_decorator.py
[2022-04-29 18:05:31,863] {processor.py:652} INFO - DAG(s) dict_keys(['example_dag_decorator']) retrieved from /home/airflow/.local/lib/python3.7/site-packages/airflow/example_dags/example_dag_decorator.py
[2022-04-29 18:05:32,179] {logging_mixin.py:109} INFO - [2022-04-29 18:05:32,179] {dag.py:2398} INFO - Sync 1 DAGs
[2022-04-29 18:05:32,193] {logging_mixin.py:109} INFO - [2022-04-29 18:05:32,193] {dag.py:2937} INFO - Setting next_dagrun for example_dag_decorator to None
[2022-04-29 18:05:32,210] {processor.py:171} INFO - Processing /home/airflow/.local/lib/python3.7/site-packages/airflow/example_dags/example_dag_decorator.py took 0.366 seconds
