[2022-04-29 18:01:25,314] {processor.py:163} INFO - Started process (PID=14608) to work on /home/airflow/.local/lib/python3.7/site-packages/airflow/example_dags/example_sla_dag.py
[2022-04-29 18:01:25,318] {processor.py:642} INFO - Processing file /home/airflow/.local/lib/python3.7/site-packages/airflow/example_dags/example_sla_dag.py for tasks to queue
[2022-04-29 18:01:25,320] {logging_mixin.py:109} INFO - [2022-04-29 18:01:25,320] {dagbag.py:500} INFO - Filling up the DagBag from /home/airflow/.local/lib/python3.7/site-packages/airflow/example_dags/example_sla_dag.py
[2022-04-29 18:01:25,354] {processor.py:652} INFO - DAG(s) dict_keys(['example_sla_dag']) retrieved from /home/airflow/.local/lib/python3.7/site-packages/airflow/example_dags/example_sla_dag.py
[2022-04-29 18:01:25,488] {logging_mixin.py:109} INFO - [2022-04-29 18:01:25,486] {dag.py:2398} INFO - Sync 1 DAGs
[2022-04-29 18:01:25,532] {logging_mixin.py:109} INFO - [2022-04-29 18:01:25,532] {dag.py:2937} INFO - Setting next_dagrun for example_sla_dag to 2022-04-29T17:58:00+00:00
[2022-04-29 18:01:25,605] {processor.py:171} INFO - Processing /home/airflow/.local/lib/python3.7/site-packages/airflow/example_dags/example_sla_dag.py took 0.306 seconds
[2022-04-29 18:01:56,449] {processor.py:163} INFO - Started process (PID=14660) to work on /home/airflow/.local/lib/python3.7/site-packages/airflow/example_dags/example_sla_dag.py
[2022-04-29 18:01:56,457] {processor.py:642} INFO - Processing file /home/airflow/.local/lib/python3.7/site-packages/airflow/example_dags/example_sla_dag.py for tasks to queue
[2022-04-29 18:01:56,459] {logging_mixin.py:109} INFO - [2022-04-29 18:01:56,458] {dagbag.py:500} INFO - Filling up the DagBag from /home/airflow/.local/lib/python3.7/site-packages/airflow/example_dags/example_sla_dag.py
[2022-04-29 18:01:56,486] {processor.py:652} INFO - DAG(s) dict_keys(['example_sla_dag']) retrieved from /home/airflow/.local/lib/python3.7/site-packages/airflow/example_dags/example_sla_dag.py
[2022-04-29 18:01:56,550] {logging_mixin.py:109} INFO - [2022-04-29 18:01:56,550] {dag.py:2398} INFO - Sync 1 DAGs
[2022-04-29 18:01:56,610] {logging_mixin.py:109} INFO - [2022-04-29 18:01:56,610] {dag.py:2937} INFO - Setting next_dagrun for example_sla_dag to 2022-04-29T17:58:00+00:00
[2022-04-29 18:01:56,659] {processor.py:171} INFO - Processing /home/airflow/.local/lib/python3.7/site-packages/airflow/example_dags/example_sla_dag.py took 0.214 seconds
[2022-04-29 18:02:27,563] {processor.py:163} INFO - Started process (PID=14720) to work on /home/airflow/.local/lib/python3.7/site-packages/airflow/example_dags/example_sla_dag.py
[2022-04-29 18:02:27,576] {processor.py:642} INFO - Processing file /home/airflow/.local/lib/python3.7/site-packages/airflow/example_dags/example_sla_dag.py for tasks to queue
[2022-04-29 18:02:27,583] {logging_mixin.py:109} INFO - [2022-04-29 18:02:27,583] {dagbag.py:500} INFO - Filling up the DagBag from /home/airflow/.local/lib/python3.7/site-packages/airflow/example_dags/example_sla_dag.py
[2022-04-29 18:02:27,646] {processor.py:652} INFO - DAG(s) dict_keys(['example_sla_dag']) retrieved from /home/airflow/.local/lib/python3.7/site-packages/airflow/example_dags/example_sla_dag.py
[2022-04-29 18:02:27,710] {logging_mixin.py:109} INFO - [2022-04-29 18:02:27,710] {dag.py:2398} INFO - Sync 1 DAGs
[2022-04-29 18:02:27,775] {logging_mixin.py:109} INFO - [2022-04-29 18:02:27,774] {dag.py:2937} INFO - Setting next_dagrun for example_sla_dag to 2022-04-29T18:00:00+00:00
[2022-04-29 18:02:27,866] {processor.py:171} INFO - Processing /home/airflow/.local/lib/python3.7/site-packages/airflow/example_dags/example_sla_dag.py took 0.309 seconds
[2022-04-29 18:02:58,115] {processor.py:163} INFO - Started process (PID=14779) to work on /home/airflow/.local/lib/python3.7/site-packages/airflow/example_dags/example_sla_dag.py
[2022-04-29 18:02:58,118] {processor.py:642} INFO - Processing file /home/airflow/.local/lib/python3.7/site-packages/airflow/example_dags/example_sla_dag.py for tasks to queue
[2022-04-29 18:02:58,119] {logging_mixin.py:109} INFO - [2022-04-29 18:02:58,119] {dagbag.py:500} INFO - Filling up the DagBag from /home/airflow/.local/lib/python3.7/site-packages/airflow/example_dags/example_sla_dag.py
[2022-04-29 18:02:58,153] {processor.py:652} INFO - DAG(s) dict_keys(['example_sla_dag']) retrieved from /home/airflow/.local/lib/python3.7/site-packages/airflow/example_dags/example_sla_dag.py
[2022-04-29 18:02:58,198] {logging_mixin.py:109} INFO - [2022-04-29 18:02:58,198] {dag.py:2398} INFO - Sync 1 DAGs
[2022-04-29 18:02:58,240] {logging_mixin.py:109} INFO - [2022-04-29 18:02:58,240] {dag.py:2937} INFO - Setting next_dagrun for example_sla_dag to 2022-04-29T18:00:00+00:00
[2022-04-29 18:02:58,265] {processor.py:171} INFO - Processing /home/airflow/.local/lib/python3.7/site-packages/airflow/example_dags/example_sla_dag.py took 0.155 seconds
[2022-04-29 18:03:28,979] {processor.py:163} INFO - Started process (PID=14840) to work on /home/airflow/.local/lib/python3.7/site-packages/airflow/example_dags/example_sla_dag.py
[2022-04-29 18:03:28,981] {processor.py:642} INFO - Processing file /home/airflow/.local/lib/python3.7/site-packages/airflow/example_dags/example_sla_dag.py for tasks to queue
[2022-04-29 18:03:28,982] {logging_mixin.py:109} INFO - [2022-04-29 18:03:28,982] {dagbag.py:500} INFO - Filling up the DagBag from /home/airflow/.local/lib/python3.7/site-packages/airflow/example_dags/example_sla_dag.py
[2022-04-29 18:03:29,000] {processor.py:652} INFO - DAG(s) dict_keys(['example_sla_dag']) retrieved from /home/airflow/.local/lib/python3.7/site-packages/airflow/example_dags/example_sla_dag.py
[2022-04-29 18:03:29,037] {logging_mixin.py:109} INFO - [2022-04-29 18:03:29,037] {dag.py:2398} INFO - Sync 1 DAGs
[2022-04-29 18:03:29,070] {logging_mixin.py:109} INFO - [2022-04-29 18:03:29,070] {dag.py:2937} INFO - Setting next_dagrun for example_sla_dag to 2022-04-29T18:00:00+00:00
[2022-04-29 18:03:29,105] {processor.py:171} INFO - Processing /home/airflow/.local/lib/python3.7/site-packages/airflow/example_dags/example_sla_dag.py took 0.131 seconds
[2022-04-29 18:04:00,345] {processor.py:163} INFO - Started process (PID=14912) to work on /home/airflow/.local/lib/python3.7/site-packages/airflow/example_dags/example_sla_dag.py
[2022-04-29 18:04:00,347] {processor.py:642} INFO - Processing file /home/airflow/.local/lib/python3.7/site-packages/airflow/example_dags/example_sla_dag.py for tasks to queue
[2022-04-29 18:04:00,349] {logging_mixin.py:109} INFO - [2022-04-29 18:04:00,348] {dagbag.py:500} INFO - Filling up the DagBag from /home/airflow/.local/lib/python3.7/site-packages/airflow/example_dags/example_sla_dag.py
[2022-04-29 18:04:00,363] {processor.py:652} INFO - DAG(s) dict_keys(['example_sla_dag']) retrieved from /home/airflow/.local/lib/python3.7/site-packages/airflow/example_dags/example_sla_dag.py
[2022-04-29 18:04:00,389] {logging_mixin.py:109} INFO - [2022-04-29 18:04:00,388] {dag.py:2398} INFO - Sync 1 DAGs
[2022-04-29 18:04:00,415] {logging_mixin.py:109} INFO - [2022-04-29 18:04:00,415] {dag.py:2937} INFO - Setting next_dagrun for example_sla_dag to 2022-04-29T18:02:00+00:00
[2022-04-29 18:04:00,429] {processor.py:171} INFO - Processing /home/airflow/.local/lib/python3.7/site-packages/airflow/example_dags/example_sla_dag.py took 0.089 seconds
[2022-04-29 18:04:30,761] {processor.py:163} INFO - Started process (PID=14973) to work on /home/airflow/.local/lib/python3.7/site-packages/airflow/example_dags/example_sla_dag.py
[2022-04-29 18:04:30,763] {processor.py:642} INFO - Processing file /home/airflow/.local/lib/python3.7/site-packages/airflow/example_dags/example_sla_dag.py for tasks to queue
[2022-04-29 18:04:30,764] {logging_mixin.py:109} INFO - [2022-04-29 18:04:30,764] {dagbag.py:500} INFO - Filling up the DagBag from /home/airflow/.local/lib/python3.7/site-packages/airflow/example_dags/example_sla_dag.py
[2022-04-29 18:04:30,776] {processor.py:652} INFO - DAG(s) dict_keys(['example_sla_dag']) retrieved from /home/airflow/.local/lib/python3.7/site-packages/airflow/example_dags/example_sla_dag.py
[2022-04-29 18:04:30,793] {logging_mixin.py:109} INFO - [2022-04-29 18:04:30,793] {dag.py:2398} INFO - Sync 1 DAGs
[2022-04-29 18:04:30,807] {logging_mixin.py:109} INFO - [2022-04-29 18:04:30,807] {dag.py:2937} INFO - Setting next_dagrun for example_sla_dag to 2022-04-29T18:02:00+00:00
[2022-04-29 18:04:30,818] {processor.py:171} INFO - Processing /home/airflow/.local/lib/python3.7/site-packages/airflow/example_dags/example_sla_dag.py took 0.060 seconds
[2022-04-29 18:05:02,150] {processor.py:163} INFO - Started process (PID=15044) to work on /home/airflow/.local/lib/python3.7/site-packages/airflow/example_dags/example_sla_dag.py
[2022-04-29 18:05:02,152] {processor.py:642} INFO - Processing file /home/airflow/.local/lib/python3.7/site-packages/airflow/example_dags/example_sla_dag.py for tasks to queue
[2022-04-29 18:05:02,153] {logging_mixin.py:109} INFO - [2022-04-29 18:05:02,152] {dagbag.py:500} INFO - Filling up the DagBag from /home/airflow/.local/lib/python3.7/site-packages/airflow/example_dags/example_sla_dag.py
[2022-04-29 18:05:02,163] {processor.py:652} INFO - DAG(s) dict_keys(['example_sla_dag']) retrieved from /home/airflow/.local/lib/python3.7/site-packages/airflow/example_dags/example_sla_dag.py
[2022-04-29 18:05:02,182] {logging_mixin.py:109} INFO - [2022-04-29 18:05:02,182] {dag.py:2398} INFO - Sync 1 DAGs
[2022-04-29 18:05:02,199] {logging_mixin.py:109} INFO - [2022-04-29 18:05:02,199] {dag.py:2937} INFO - Setting next_dagrun for example_sla_dag to 2022-04-29T18:02:00+00:00
[2022-04-29 18:05:02,213] {processor.py:171} INFO - Processing /home/airflow/.local/lib/python3.7/site-packages/airflow/example_dags/example_sla_dag.py took 0.066 seconds
[2022-04-29 18:05:32,545] {processor.py:163} INFO - Started process (PID=15104) to work on /home/airflow/.local/lib/python3.7/site-packages/airflow/example_dags/example_sla_dag.py
[2022-04-29 18:05:32,546] {processor.py:642} INFO - Processing file /home/airflow/.local/lib/python3.7/site-packages/airflow/example_dags/example_sla_dag.py for tasks to queue
[2022-04-29 18:05:32,547] {logging_mixin.py:109} INFO - [2022-04-29 18:05:32,547] {dagbag.py:500} INFO - Filling up the DagBag from /home/airflow/.local/lib/python3.7/site-packages/airflow/example_dags/example_sla_dag.py
[2022-04-29 18:05:32,561] {processor.py:652} INFO - DAG(s) dict_keys(['example_sla_dag']) retrieved from /home/airflow/.local/lib/python3.7/site-packages/airflow/example_dags/example_sla_dag.py
[2022-04-29 18:05:32,585] {logging_mixin.py:109} INFO - [2022-04-29 18:05:32,585] {dag.py:2398} INFO - Sync 1 DAGs
[2022-04-29 18:05:32,606] {logging_mixin.py:109} INFO - [2022-04-29 18:05:32,606] {dag.py:2937} INFO - Setting next_dagrun for example_sla_dag to 2022-04-29T18:02:00+00:00
[2022-04-29 18:05:32,620] {processor.py:171} INFO - Processing /home/airflow/.local/lib/python3.7/site-packages/airflow/example_dags/example_sla_dag.py took 0.078 seconds
