[2022-04-29 18:01:23,595] {processor.py:163} INFO - Started process (PID=14591) to work on /home/airflow/.local/lib/python3.7/site-packages/airflow/example_dags/example_task_group.py
[2022-04-29 18:01:23,601] {processor.py:642} INFO - Processing file /home/airflow/.local/lib/python3.7/site-packages/airflow/example_dags/example_task_group.py for tasks to queue
[2022-04-29 18:01:23,603] {logging_mixin.py:109} INFO - [2022-04-29 18:01:23,603] {dagbag.py:500} INFO - Filling up the DagBag from /home/airflow/.local/lib/python3.7/site-packages/airflow/example_dags/example_task_group.py
[2022-04-29 18:01:23,643] {processor.py:652} INFO - DAG(s) dict_keys(['example_task_group']) retrieved from /home/airflow/.local/lib/python3.7/site-packages/airflow/example_dags/example_task_group.py
[2022-04-29 18:01:23,690] {logging_mixin.py:109} INFO - [2022-04-29 18:01:23,689] {dag.py:2398} INFO - Sync 1 DAGs
[2022-04-29 18:01:23,720] {logging_mixin.py:109} INFO - [2022-04-29 18:01:23,720] {dag.py:2937} INFO - Setting next_dagrun for example_task_group to 2022-04-28T18:01:23.719749+00:00
[2022-04-29 18:01:23,740] {processor.py:171} INFO - Processing /home/airflow/.local/lib/python3.7/site-packages/airflow/example_dags/example_task_group.py took 0.152 seconds
[2022-04-29 18:01:54,599] {processor.py:163} INFO - Started process (PID=14651) to work on /home/airflow/.local/lib/python3.7/site-packages/airflow/example_dags/example_task_group.py
[2022-04-29 18:01:54,603] {processor.py:642} INFO - Processing file /home/airflow/.local/lib/python3.7/site-packages/airflow/example_dags/example_task_group.py for tasks to queue
[2022-04-29 18:01:54,605] {logging_mixin.py:109} INFO - [2022-04-29 18:01:54,605] {dagbag.py:500} INFO - Filling up the DagBag from /home/airflow/.local/lib/python3.7/site-packages/airflow/example_dags/example_task_group.py
[2022-04-29 18:01:54,638] {processor.py:652} INFO - DAG(s) dict_keys(['example_task_group']) retrieved from /home/airflow/.local/lib/python3.7/site-packages/airflow/example_dags/example_task_group.py
[2022-04-29 18:01:54,670] {logging_mixin.py:109} INFO - [2022-04-29 18:01:54,669] {dag.py:2398} INFO - Sync 1 DAGs
[2022-04-29 18:01:54,687] {logging_mixin.py:109} INFO - [2022-04-29 18:01:54,687] {dag.py:2937} INFO - Setting next_dagrun for example_task_group to 2022-04-28T18:01:54.687068+00:00
[2022-04-29 18:01:54,706] {processor.py:171} INFO - Processing /home/airflow/.local/lib/python3.7/site-packages/airflow/example_dags/example_task_group.py took 0.116 seconds
[2022-04-29 18:02:25,293] {processor.py:163} INFO - Started process (PID=14710) to work on /home/airflow/.local/lib/python3.7/site-packages/airflow/example_dags/example_task_group.py
[2022-04-29 18:02:25,295] {processor.py:642} INFO - Processing file /home/airflow/.local/lib/python3.7/site-packages/airflow/example_dags/example_task_group.py for tasks to queue
[2022-04-29 18:02:25,301] {logging_mixin.py:109} INFO - [2022-04-29 18:02:25,300] {dagbag.py:500} INFO - Filling up the DagBag from /home/airflow/.local/lib/python3.7/site-packages/airflow/example_dags/example_task_group.py
[2022-04-29 18:02:25,331] {processor.py:652} INFO - DAG(s) dict_keys(['example_task_group']) retrieved from /home/airflow/.local/lib/python3.7/site-packages/airflow/example_dags/example_task_group.py
[2022-04-29 18:02:25,376] {logging_mixin.py:109} INFO - [2022-04-29 18:02:25,376] {dag.py:2398} INFO - Sync 1 DAGs
[2022-04-29 18:02:25,414] {logging_mixin.py:109} INFO - [2022-04-29 18:02:25,414] {dag.py:2937} INFO - Setting next_dagrun for example_task_group to 2022-04-28T18:02:25.413696+00:00
[2022-04-29 18:02:25,461] {processor.py:171} INFO - Processing /home/airflow/.local/lib/python3.7/site-packages/airflow/example_dags/example_task_group.py took 0.174 seconds
[2022-04-29 18:02:55,758] {processor.py:163} INFO - Started process (PID=14769) to work on /home/airflow/.local/lib/python3.7/site-packages/airflow/example_dags/example_task_group.py
[2022-04-29 18:02:55,761] {processor.py:642} INFO - Processing file /home/airflow/.local/lib/python3.7/site-packages/airflow/example_dags/example_task_group.py for tasks to queue
[2022-04-29 18:02:55,762] {logging_mixin.py:109} INFO - [2022-04-29 18:02:55,762] {dagbag.py:500} INFO - Filling up the DagBag from /home/airflow/.local/lib/python3.7/site-packages/airflow/example_dags/example_task_group.py
[2022-04-29 18:02:55,782] {processor.py:652} INFO - DAG(s) dict_keys(['example_task_group']) retrieved from /home/airflow/.local/lib/python3.7/site-packages/airflow/example_dags/example_task_group.py
[2022-04-29 18:02:55,832] {logging_mixin.py:109} INFO - [2022-04-29 18:02:55,832] {dag.py:2398} INFO - Sync 1 DAGs
[2022-04-29 18:02:55,866] {logging_mixin.py:109} INFO - [2022-04-29 18:02:55,866] {dag.py:2937} INFO - Setting next_dagrun for example_task_group to 2022-04-28T18:02:55.865498+00:00
[2022-04-29 18:02:55,891] {processor.py:171} INFO - Processing /home/airflow/.local/lib/python3.7/site-packages/airflow/example_dags/example_task_group.py took 0.138 seconds
[2022-04-29 18:03:26,026] {processor.py:163} INFO - Started process (PID=14830) to work on /home/airflow/.local/lib/python3.7/site-packages/airflow/example_dags/example_task_group.py
[2022-04-29 18:03:26,028] {processor.py:642} INFO - Processing file /home/airflow/.local/lib/python3.7/site-packages/airflow/example_dags/example_task_group.py for tasks to queue
[2022-04-29 18:03:26,029] {logging_mixin.py:109} INFO - [2022-04-29 18:03:26,029] {dagbag.py:500} INFO - Filling up the DagBag from /home/airflow/.local/lib/python3.7/site-packages/airflow/example_dags/example_task_group.py
[2022-04-29 18:03:26,039] {processor.py:652} INFO - DAG(s) dict_keys(['example_task_group']) retrieved from /home/airflow/.local/lib/python3.7/site-packages/airflow/example_dags/example_task_group.py
[2022-04-29 18:03:26,061] {logging_mixin.py:109} INFO - [2022-04-29 18:03:26,061] {dag.py:2398} INFO - Sync 1 DAGs
[2022-04-29 18:03:26,076] {logging_mixin.py:109} INFO - [2022-04-29 18:03:26,076] {dag.py:2937} INFO - Setting next_dagrun for example_task_group to 2022-04-28T18:03:26.076274+00:00
[2022-04-29 18:03:26,092] {processor.py:171} INFO - Processing /home/airflow/.local/lib/python3.7/site-packages/airflow/example_dags/example_task_group.py took 0.070 seconds
[2022-04-29 18:03:56,686] {processor.py:163} INFO - Started process (PID=14890) to work on /home/airflow/.local/lib/python3.7/site-packages/airflow/example_dags/example_task_group.py
[2022-04-29 18:03:56,688] {processor.py:642} INFO - Processing file /home/airflow/.local/lib/python3.7/site-packages/airflow/example_dags/example_task_group.py for tasks to queue
[2022-04-29 18:03:56,692] {logging_mixin.py:109} INFO - [2022-04-29 18:03:56,692] {dagbag.py:500} INFO - Filling up the DagBag from /home/airflow/.local/lib/python3.7/site-packages/airflow/example_dags/example_task_group.py
[2022-04-29 18:03:56,721] {processor.py:652} INFO - DAG(s) dict_keys(['example_task_group']) retrieved from /home/airflow/.local/lib/python3.7/site-packages/airflow/example_dags/example_task_group.py
[2022-04-29 18:03:56,782] {logging_mixin.py:109} INFO - [2022-04-29 18:03:56,781] {dag.py:2398} INFO - Sync 1 DAGs
[2022-04-29 18:03:56,819] {logging_mixin.py:109} INFO - [2022-04-29 18:03:56,819] {dag.py:2937} INFO - Setting next_dagrun for example_task_group to 2022-04-28T18:03:56.818593+00:00
[2022-04-29 18:03:56,863] {processor.py:171} INFO - Processing /home/airflow/.local/lib/python3.7/site-packages/airflow/example_dags/example_task_group.py took 0.182 seconds
[2022-04-29 18:04:26,933] {processor.py:163} INFO - Started process (PID=14963) to work on /home/airflow/.local/lib/python3.7/site-packages/airflow/example_dags/example_task_group.py
[2022-04-29 18:04:26,934] {processor.py:642} INFO - Processing file /home/airflow/.local/lib/python3.7/site-packages/airflow/example_dags/example_task_group.py for tasks to queue
[2022-04-29 18:04:26,935] {logging_mixin.py:109} INFO - [2022-04-29 18:04:26,935] {dagbag.py:500} INFO - Filling up the DagBag from /home/airflow/.local/lib/python3.7/site-packages/airflow/example_dags/example_task_group.py
[2022-04-29 18:04:26,943] {processor.py:652} INFO - DAG(s) dict_keys(['example_task_group']) retrieved from /home/airflow/.local/lib/python3.7/site-packages/airflow/example_dags/example_task_group.py
[2022-04-29 18:04:26,964] {logging_mixin.py:109} INFO - [2022-04-29 18:04:26,964] {dag.py:2398} INFO - Sync 1 DAGs
[2022-04-29 18:04:26,979] {logging_mixin.py:109} INFO - [2022-04-29 18:04:26,979] {dag.py:2937} INFO - Setting next_dagrun for example_task_group to 2022-04-28T18:04:26.979570+00:00
[2022-04-29 18:04:26,993] {processor.py:171} INFO - Processing /home/airflow/.local/lib/python3.7/site-packages/airflow/example_dags/example_task_group.py took 0.063 seconds
[2022-04-29 18:04:57,131] {processor.py:163} INFO - Started process (PID=15024) to work on /home/airflow/.local/lib/python3.7/site-packages/airflow/example_dags/example_task_group.py
[2022-04-29 18:04:57,133] {processor.py:642} INFO - Processing file /home/airflow/.local/lib/python3.7/site-packages/airflow/example_dags/example_task_group.py for tasks to queue
[2022-04-29 18:04:57,134] {logging_mixin.py:109} INFO - [2022-04-29 18:04:57,134] {dagbag.py:500} INFO - Filling up the DagBag from /home/airflow/.local/lib/python3.7/site-packages/airflow/example_dags/example_task_group.py
[2022-04-29 18:04:57,143] {processor.py:652} INFO - DAG(s) dict_keys(['example_task_group']) retrieved from /home/airflow/.local/lib/python3.7/site-packages/airflow/example_dags/example_task_group.py
[2022-04-29 18:04:57,166] {logging_mixin.py:109} INFO - [2022-04-29 18:04:57,166] {dag.py:2398} INFO - Sync 1 DAGs
[2022-04-29 18:04:57,182] {logging_mixin.py:109} INFO - [2022-04-29 18:04:57,182] {dag.py:2937} INFO - Setting next_dagrun for example_task_group to 2022-04-28T18:04:57.181918+00:00
[2022-04-29 18:04:57,197] {processor.py:171} INFO - Processing /home/airflow/.local/lib/python3.7/site-packages/airflow/example_dags/example_task_group.py took 0.069 seconds
[2022-04-29 18:05:27,559] {processor.py:163} INFO - Started process (PID=15094) to work on /home/airflow/.local/lib/python3.7/site-packages/airflow/example_dags/example_task_group.py
[2022-04-29 18:05:27,561] {processor.py:642} INFO - Processing file /home/airflow/.local/lib/python3.7/site-packages/airflow/example_dags/example_task_group.py for tasks to queue
[2022-04-29 18:05:27,562] {logging_mixin.py:109} INFO - [2022-04-29 18:05:27,562] {dagbag.py:500} INFO - Filling up the DagBag from /home/airflow/.local/lib/python3.7/site-packages/airflow/example_dags/example_task_group.py
[2022-04-29 18:05:27,572] {processor.py:652} INFO - DAG(s) dict_keys(['example_task_group']) retrieved from /home/airflow/.local/lib/python3.7/site-packages/airflow/example_dags/example_task_group.py
[2022-04-29 18:05:27,594] {logging_mixin.py:109} INFO - [2022-04-29 18:05:27,593] {dag.py:2398} INFO - Sync 1 DAGs
[2022-04-29 18:05:27,609] {logging_mixin.py:109} INFO - [2022-04-29 18:05:27,608] {dag.py:2937} INFO - Setting next_dagrun for example_task_group to 2022-04-28T18:05:27.608623+00:00
[2022-04-29 18:05:27,621] {processor.py:171} INFO - Processing /home/airflow/.local/lib/python3.7/site-packages/airflow/example_dags/example_task_group.py took 0.065 seconds
