[2022-04-29 18:01:25,700] {processor.py:163} INFO - Started process (PID=14612) to work on /home/airflow/.local/lib/python3.7/site-packages/airflow/example_dags/example_branch_operator.py
[2022-04-29 18:01:25,709] {processor.py:642} INFO - Processing file /home/airflow/.local/lib/python3.7/site-packages/airflow/example_dags/example_branch_operator.py for tasks to queue
[2022-04-29 18:01:25,711] {logging_mixin.py:109} INFO - [2022-04-29 18:01:25,711] {dagbag.py:500} INFO - Filling up the DagBag from /home/airflow/.local/lib/python3.7/site-packages/airflow/example_dags/example_branch_operator.py
[2022-04-29 18:01:25,762] {processor.py:652} INFO - DAG(s) dict_keys(['example_branch_operator']) retrieved from /home/airflow/.local/lib/python3.7/site-packages/airflow/example_dags/example_branch_operator.py
[2022-04-29 18:01:25,830] {logging_mixin.py:109} INFO - [2022-04-29 18:01:25,829] {dag.py:2398} INFO - Sync 1 DAGs
[2022-04-29 18:01:25,907] {logging_mixin.py:109} INFO - [2022-04-29 18:01:25,907] {dag.py:2937} INFO - Setting next_dagrun for example_branch_operator to 2022-04-28 00:00:00+00:00
[2022-04-29 18:01:25,971] {processor.py:171} INFO - Processing /home/airflow/.local/lib/python3.7/site-packages/airflow/example_dags/example_branch_operator.py took 0.278 seconds
[2022-04-29 18:01:56,774] {processor.py:163} INFO - Started process (PID=14661) to work on /home/airflow/.local/lib/python3.7/site-packages/airflow/example_dags/example_branch_operator.py
[2022-04-29 18:01:56,784] {processor.py:642} INFO - Processing file /home/airflow/.local/lib/python3.7/site-packages/airflow/example_dags/example_branch_operator.py for tasks to queue
[2022-04-29 18:01:56,789] {logging_mixin.py:109} INFO - [2022-04-29 18:01:56,788] {dagbag.py:500} INFO - Filling up the DagBag from /home/airflow/.local/lib/python3.7/site-packages/airflow/example_dags/example_branch_operator.py
[2022-04-29 18:01:56,814] {processor.py:652} INFO - DAG(s) dict_keys(['example_branch_operator']) retrieved from /home/airflow/.local/lib/python3.7/site-packages/airflow/example_dags/example_branch_operator.py
[2022-04-29 18:01:56,863] {logging_mixin.py:109} INFO - [2022-04-29 18:01:56,862] {dag.py:2398} INFO - Sync 1 DAGs
[2022-04-29 18:01:56,897] {logging_mixin.py:109} INFO - [2022-04-29 18:01:56,897] {dag.py:2937} INFO - Setting next_dagrun for example_branch_operator to 2022-04-28 00:00:00+00:00
[2022-04-29 18:01:56,915] {processor.py:171} INFO - Processing /home/airflow/.local/lib/python3.7/site-packages/airflow/example_dags/example_branch_operator.py took 0.147 seconds
[2022-04-29 18:02:27,938] {processor.py:163} INFO - Started process (PID=14721) to work on /home/airflow/.local/lib/python3.7/site-packages/airflow/example_dags/example_branch_operator.py
[2022-04-29 18:02:27,952] {processor.py:642} INFO - Processing file /home/airflow/.local/lib/python3.7/site-packages/airflow/example_dags/example_branch_operator.py for tasks to queue
[2022-04-29 18:02:27,954] {logging_mixin.py:109} INFO - [2022-04-29 18:02:27,954] {dagbag.py:500} INFO - Filling up the DagBag from /home/airflow/.local/lib/python3.7/site-packages/airflow/example_dags/example_branch_operator.py
[2022-04-29 18:02:27,983] {processor.py:652} INFO - DAG(s) dict_keys(['example_branch_operator']) retrieved from /home/airflow/.local/lib/python3.7/site-packages/airflow/example_dags/example_branch_operator.py
[2022-04-29 18:02:28,045] {logging_mixin.py:109} INFO - [2022-04-29 18:02:28,045] {dag.py:2398} INFO - Sync 1 DAGs
[2022-04-29 18:02:28,124] {logging_mixin.py:109} INFO - [2022-04-29 18:02:28,124] {dag.py:2937} INFO - Setting next_dagrun for example_branch_operator to 2022-04-28 00:00:00+00:00
[2022-04-29 18:02:28,154] {processor.py:171} INFO - Processing /home/airflow/.local/lib/python3.7/site-packages/airflow/example_dags/example_branch_operator.py took 0.226 seconds
[2022-04-29 18:02:59,043] {processor.py:163} INFO - Started process (PID=14781) to work on /home/airflow/.local/lib/python3.7/site-packages/airflow/example_dags/example_branch_operator.py
[2022-04-29 18:02:59,049] {processor.py:642} INFO - Processing file /home/airflow/.local/lib/python3.7/site-packages/airflow/example_dags/example_branch_operator.py for tasks to queue
[2022-04-29 18:02:59,055] {logging_mixin.py:109} INFO - [2022-04-29 18:02:59,054] {dagbag.py:500} INFO - Filling up the DagBag from /home/airflow/.local/lib/python3.7/site-packages/airflow/example_dags/example_branch_operator.py
[2022-04-29 18:02:59,081] {processor.py:652} INFO - DAG(s) dict_keys(['example_branch_operator']) retrieved from /home/airflow/.local/lib/python3.7/site-packages/airflow/example_dags/example_branch_operator.py
[2022-04-29 18:02:59,131] {logging_mixin.py:109} INFO - [2022-04-29 18:02:59,131] {dag.py:2398} INFO - Sync 1 DAGs
[2022-04-29 18:02:59,199] {logging_mixin.py:109} INFO - [2022-04-29 18:02:59,199] {dag.py:2937} INFO - Setting next_dagrun for example_branch_operator to 2022-04-28 00:00:00+00:00
[2022-04-29 18:02:59,256] {processor.py:171} INFO - Processing /home/airflow/.local/lib/python3.7/site-packages/airflow/example_dags/example_branch_operator.py took 0.219 seconds
[2022-04-29 18:03:29,506] {processor.py:163} INFO - Started process (PID=14842) to work on /home/airflow/.local/lib/python3.7/site-packages/airflow/example_dags/example_branch_operator.py
[2022-04-29 18:03:29,508] {processor.py:642} INFO - Processing file /home/airflow/.local/lib/python3.7/site-packages/airflow/example_dags/example_branch_operator.py for tasks to queue
[2022-04-29 18:03:29,509] {logging_mixin.py:109} INFO - [2022-04-29 18:03:29,509] {dagbag.py:500} INFO - Filling up the DagBag from /home/airflow/.local/lib/python3.7/site-packages/airflow/example_dags/example_branch_operator.py
[2022-04-29 18:03:29,521] {processor.py:652} INFO - DAG(s) dict_keys(['example_branch_operator']) retrieved from /home/airflow/.local/lib/python3.7/site-packages/airflow/example_dags/example_branch_operator.py
[2022-04-29 18:03:29,546] {logging_mixin.py:109} INFO - [2022-04-29 18:03:29,546] {dag.py:2398} INFO - Sync 1 DAGs
[2022-04-29 18:03:29,563] {logging_mixin.py:109} INFO - [2022-04-29 18:03:29,563] {dag.py:2937} INFO - Setting next_dagrun for example_branch_operator to 2022-04-28 00:00:00+00:00
[2022-04-29 18:03:29,578] {processor.py:171} INFO - Processing /home/airflow/.local/lib/python3.7/site-packages/airflow/example_dags/example_branch_operator.py took 0.077 seconds
[2022-04-29 18:04:01,083] {processor.py:163} INFO - Started process (PID=14914) to work on /home/airflow/.local/lib/python3.7/site-packages/airflow/example_dags/example_branch_operator.py
[2022-04-29 18:04:01,086] {processor.py:642} INFO - Processing file /home/airflow/.local/lib/python3.7/site-packages/airflow/example_dags/example_branch_operator.py for tasks to queue
[2022-04-29 18:04:01,088] {logging_mixin.py:109} INFO - [2022-04-29 18:04:01,088] {dagbag.py:500} INFO - Filling up the DagBag from /home/airflow/.local/lib/python3.7/site-packages/airflow/example_dags/example_branch_operator.py
[2022-04-29 18:04:01,108] {processor.py:652} INFO - DAG(s) dict_keys(['example_branch_operator']) retrieved from /home/airflow/.local/lib/python3.7/site-packages/airflow/example_dags/example_branch_operator.py
[2022-04-29 18:04:01,145] {logging_mixin.py:109} INFO - [2022-04-29 18:04:01,145] {dag.py:2398} INFO - Sync 1 DAGs
[2022-04-29 18:04:01,179] {logging_mixin.py:109} INFO - [2022-04-29 18:04:01,178] {dag.py:2937} INFO - Setting next_dagrun for example_branch_operator to 2022-04-28 00:00:00+00:00
[2022-04-29 18:04:01,210] {processor.py:171} INFO - Processing /home/airflow/.local/lib/python3.7/site-packages/airflow/example_dags/example_branch_operator.py took 0.132 seconds
[2022-04-29 18:04:31,816] {processor.py:163} INFO - Started process (PID=14975) to work on /home/airflow/.local/lib/python3.7/site-packages/airflow/example_dags/example_branch_operator.py
[2022-04-29 18:04:31,818] {processor.py:642} INFO - Processing file /home/airflow/.local/lib/python3.7/site-packages/airflow/example_dags/example_branch_operator.py for tasks to queue
[2022-04-29 18:04:31,820] {logging_mixin.py:109} INFO - [2022-04-29 18:04:31,819] {dagbag.py:500} INFO - Filling up the DagBag from /home/airflow/.local/lib/python3.7/site-packages/airflow/example_dags/example_branch_operator.py
[2022-04-29 18:04:31,830] {processor.py:652} INFO - DAG(s) dict_keys(['example_branch_operator']) retrieved from /home/airflow/.local/lib/python3.7/site-packages/airflow/example_dags/example_branch_operator.py
[2022-04-29 18:04:31,919] {logging_mixin.py:109} INFO - [2022-04-29 18:04:31,919] {dag.py:2398} INFO - Sync 1 DAGs
[2022-04-29 18:04:31,940] {logging_mixin.py:109} INFO - [2022-04-29 18:04:31,940] {dag.py:2937} INFO - Setting next_dagrun for example_branch_operator to 2022-04-28 00:00:00+00:00
[2022-04-29 18:04:31,954] {processor.py:171} INFO - Processing /home/airflow/.local/lib/python3.7/site-packages/airflow/example_dags/example_branch_operator.py took 0.141 seconds
[2022-04-29 18:05:02,251] {processor.py:163} INFO - Started process (PID=15045) to work on /home/airflow/.local/lib/python3.7/site-packages/airflow/example_dags/example_branch_operator.py
[2022-04-29 18:05:02,252] {processor.py:642} INFO - Processing file /home/airflow/.local/lib/python3.7/site-packages/airflow/example_dags/example_branch_operator.py for tasks to queue
[2022-04-29 18:05:02,253] {logging_mixin.py:109} INFO - [2022-04-29 18:05:02,253] {dagbag.py:500} INFO - Filling up the DagBag from /home/airflow/.local/lib/python3.7/site-packages/airflow/example_dags/example_branch_operator.py
[2022-04-29 18:05:02,264] {processor.py:652} INFO - DAG(s) dict_keys(['example_branch_operator']) retrieved from /home/airflow/.local/lib/python3.7/site-packages/airflow/example_dags/example_branch_operator.py
[2022-04-29 18:05:02,291] {logging_mixin.py:109} INFO - [2022-04-29 18:05:02,291] {dag.py:2398} INFO - Sync 1 DAGs
[2022-04-29 18:05:02,309] {logging_mixin.py:109} INFO - [2022-04-29 18:05:02,309] {dag.py:2937} INFO - Setting next_dagrun for example_branch_operator to 2022-04-28 00:00:00+00:00
[2022-04-29 18:05:02,322] {processor.py:171} INFO - Processing /home/airflow/.local/lib/python3.7/site-packages/airflow/example_dags/example_branch_operator.py took 0.075 seconds
[2022-04-29 18:05:32,670] {processor.py:163} INFO - Started process (PID=15105) to work on /home/airflow/.local/lib/python3.7/site-packages/airflow/example_dags/example_branch_operator.py
[2022-04-29 18:05:32,672] {processor.py:642} INFO - Processing file /home/airflow/.local/lib/python3.7/site-packages/airflow/example_dags/example_branch_operator.py for tasks to queue
[2022-04-29 18:05:32,673] {logging_mixin.py:109} INFO - [2022-04-29 18:05:32,673] {dagbag.py:500} INFO - Filling up the DagBag from /home/airflow/.local/lib/python3.7/site-packages/airflow/example_dags/example_branch_operator.py
[2022-04-29 18:05:32,683] {processor.py:652} INFO - DAG(s) dict_keys(['example_branch_operator']) retrieved from /home/airflow/.local/lib/python3.7/site-packages/airflow/example_dags/example_branch_operator.py
[2022-04-29 18:05:32,707] {logging_mixin.py:109} INFO - [2022-04-29 18:05:32,707] {dag.py:2398} INFO - Sync 1 DAGs
[2022-04-29 18:05:32,723] {logging_mixin.py:109} INFO - [2022-04-29 18:05:32,722] {dag.py:2937} INFO - Setting next_dagrun for example_branch_operator to 2022-04-28 00:00:00+00:00
[2022-04-29 18:05:32,735] {processor.py:171} INFO - Processing /home/airflow/.local/lib/python3.7/site-packages/airflow/example_dags/example_branch_operator.py took 0.070 seconds
