[2022-04-29 18:01:26,961] {processor.py:163} INFO - Started process (PID=14617) to work on /home/airflow/.local/lib/python3.7/site-packages/airflow/example_dags/example_task_group_decorator.py
[2022-04-29 18:01:26,964] {processor.py:642} INFO - Processing file /home/airflow/.local/lib/python3.7/site-packages/airflow/example_dags/example_task_group_decorator.py for tasks to queue
[2022-04-29 18:01:26,975] {logging_mixin.py:109} INFO - [2022-04-29 18:01:26,975] {dagbag.py:500} INFO - Filling up the DagBag from /home/airflow/.local/lib/python3.7/site-packages/airflow/example_dags/example_task_group_decorator.py
[2022-04-29 18:01:27,076] {processor.py:652} INFO - DAG(s) dict_keys(['example_task_group_decorator']) retrieved from /home/airflow/.local/lib/python3.7/site-packages/airflow/example_dags/example_task_group_decorator.py
[2022-04-29 18:01:28,496] {logging_mixin.py:109} INFO - [2022-04-29 18:01:28,496] {dag.py:2398} INFO - Sync 1 DAGs
[2022-04-29 18:01:28,582] {logging_mixin.py:109} INFO - [2022-04-29 18:01:28,582] {dag.py:2937} INFO - Setting next_dagrun for example_task_group_decorator to 2022-04-28T18:01:28.581842+00:00
[2022-04-29 18:01:30,562] {processor.py:171} INFO - Processing /home/airflow/.local/lib/python3.7/site-packages/airflow/example_dags/example_task_group_decorator.py took 3.607 seconds
[2022-04-29 18:02:08,629] {processor.py:163} INFO - Started process (PID=14681) to work on /home/airflow/.local/lib/python3.7/site-packages/airflow/example_dags/example_task_group_decorator.py
[2022-04-29 18:02:08,659] {processor.py:642} INFO - Processing file /home/airflow/.local/lib/python3.7/site-packages/airflow/example_dags/example_task_group_decorator.py for tasks to queue
[2022-04-29 18:02:08,662] {logging_mixin.py:109} INFO - [2022-04-29 18:02:08,662] {dagbag.py:500} INFO - Filling up the DagBag from /home/airflow/.local/lib/python3.7/site-packages/airflow/example_dags/example_task_group_decorator.py
[2022-04-29 18:02:08,749] {processor.py:652} INFO - DAG(s) dict_keys(['example_task_group_decorator']) retrieved from /home/airflow/.local/lib/python3.7/site-packages/airflow/example_dags/example_task_group_decorator.py
[2022-04-29 18:02:09,731] {logging_mixin.py:109} INFO - [2022-04-29 18:02:09,731] {dag.py:2398} INFO - Sync 1 DAGs
[2022-04-29 18:02:09,776] {logging_mixin.py:109} INFO - [2022-04-29 18:02:09,776] {dag.py:2937} INFO - Setting next_dagrun for example_task_group_decorator to 2022-04-28T18:02:09.775642+00:00
[2022-04-29 18:02:10,153] {processor.py:171} INFO - Processing /home/airflow/.local/lib/python3.7/site-packages/airflow/example_dags/example_task_group_decorator.py took 1.540 seconds
[2022-04-29 18:02:40,693] {processor.py:163} INFO - Started process (PID=14743) to work on /home/airflow/.local/lib/python3.7/site-packages/airflow/example_dags/example_task_group_decorator.py
[2022-04-29 18:02:40,699] {processor.py:642} INFO - Processing file /home/airflow/.local/lib/python3.7/site-packages/airflow/example_dags/example_task_group_decorator.py for tasks to queue
[2022-04-29 18:02:40,700] {logging_mixin.py:109} INFO - [2022-04-29 18:02:40,700] {dagbag.py:500} INFO - Filling up the DagBag from /home/airflow/.local/lib/python3.7/site-packages/airflow/example_dags/example_task_group_decorator.py
[2022-04-29 18:02:40,766] {processor.py:652} INFO - DAG(s) dict_keys(['example_task_group_decorator']) retrieved from /home/airflow/.local/lib/python3.7/site-packages/airflow/example_dags/example_task_group_decorator.py
[2022-04-29 18:02:41,773] {logging_mixin.py:109} INFO - [2022-04-29 18:02:41,772] {dag.py:2398} INFO - Sync 1 DAGs
[2022-04-29 18:02:41,812] {logging_mixin.py:109} INFO - [2022-04-29 18:02:41,812] {dag.py:2937} INFO - Setting next_dagrun for example_task_group_decorator to 2022-04-28T18:02:41.807665+00:00
[2022-04-29 18:02:41,844] {processor.py:171} INFO - Processing /home/airflow/.local/lib/python3.7/site-packages/airflow/example_dags/example_task_group_decorator.py took 1.156 seconds
[2022-04-29 18:03:12,180] {processor.py:163} INFO - Started process (PID=14804) to work on /home/airflow/.local/lib/python3.7/site-packages/airflow/example_dags/example_task_group_decorator.py
[2022-04-29 18:03:12,182] {processor.py:642} INFO - Processing file /home/airflow/.local/lib/python3.7/site-packages/airflow/example_dags/example_task_group_decorator.py for tasks to queue
[2022-04-29 18:03:12,183] {logging_mixin.py:109} INFO - [2022-04-29 18:03:12,182] {dagbag.py:500} INFO - Filling up the DagBag from /home/airflow/.local/lib/python3.7/site-packages/airflow/example_dags/example_task_group_decorator.py
[2022-04-29 18:03:12,204] {processor.py:652} INFO - DAG(s) dict_keys(['example_task_group_decorator']) retrieved from /home/airflow/.local/lib/python3.7/site-packages/airflow/example_dags/example_task_group_decorator.py
[2022-04-29 18:03:12,535] {logging_mixin.py:109} INFO - [2022-04-29 18:03:12,535] {dag.py:2398} INFO - Sync 1 DAGs
[2022-04-29 18:03:12,549] {logging_mixin.py:109} INFO - [2022-04-29 18:03:12,549] {dag.py:2937} INFO - Setting next_dagrun for example_task_group_decorator to 2022-04-28T18:03:12.548752+00:00
[2022-04-29 18:03:12,563] {processor.py:171} INFO - Processing /home/airflow/.local/lib/python3.7/site-packages/airflow/example_dags/example_task_group_decorator.py took 0.387 seconds
[2022-04-29 18:03:42,791] {processor.py:163} INFO - Started process (PID=14868) to work on /home/airflow/.local/lib/python3.7/site-packages/airflow/example_dags/example_task_group_decorator.py
[2022-04-29 18:03:42,793] {processor.py:642} INFO - Processing file /home/airflow/.local/lib/python3.7/site-packages/airflow/example_dags/example_task_group_decorator.py for tasks to queue
[2022-04-29 18:03:42,795] {logging_mixin.py:109} INFO - [2022-04-29 18:03:42,795] {dagbag.py:500} INFO - Filling up the DagBag from /home/airflow/.local/lib/python3.7/site-packages/airflow/example_dags/example_task_group_decorator.py
[2022-04-29 18:03:42,854] {processor.py:652} INFO - DAG(s) dict_keys(['example_task_group_decorator']) retrieved from /home/airflow/.local/lib/python3.7/site-packages/airflow/example_dags/example_task_group_decorator.py
[2022-04-29 18:03:43,441] {logging_mixin.py:109} INFO - [2022-04-29 18:03:43,441] {dag.py:2398} INFO - Sync 1 DAGs
[2022-04-29 18:03:43,466] {logging_mixin.py:109} INFO - [2022-04-29 18:03:43,466] {dag.py:2937} INFO - Setting next_dagrun for example_task_group_decorator to 2022-04-28T18:03:43.466309+00:00
[2022-04-29 18:03:43,496] {processor.py:171} INFO - Processing /home/airflow/.local/lib/python3.7/site-packages/airflow/example_dags/example_task_group_decorator.py took 0.714 seconds
[2022-04-29 18:04:14,002] {processor.py:163} INFO - Started process (PID=14941) to work on /home/airflow/.local/lib/python3.7/site-packages/airflow/example_dags/example_task_group_decorator.py
[2022-04-29 18:04:14,004] {processor.py:642} INFO - Processing file /home/airflow/.local/lib/python3.7/site-packages/airflow/example_dags/example_task_group_decorator.py for tasks to queue
[2022-04-29 18:04:14,005] {logging_mixin.py:109} INFO - [2022-04-29 18:04:14,005] {dagbag.py:500} INFO - Filling up the DagBag from /home/airflow/.local/lib/python3.7/site-packages/airflow/example_dags/example_task_group_decorator.py
[2022-04-29 18:04:14,034] {processor.py:652} INFO - DAG(s) dict_keys(['example_task_group_decorator']) retrieved from /home/airflow/.local/lib/python3.7/site-packages/airflow/example_dags/example_task_group_decorator.py
[2022-04-29 18:04:14,328] {logging_mixin.py:109} INFO - [2022-04-29 18:04:14,328] {dag.py:2398} INFO - Sync 1 DAGs
[2022-04-29 18:04:14,341] {logging_mixin.py:109} INFO - [2022-04-29 18:04:14,341] {dag.py:2937} INFO - Setting next_dagrun for example_task_group_decorator to 2022-04-28T18:04:14.341611+00:00
[2022-04-29 18:04:14,355] {processor.py:171} INFO - Processing /home/airflow/.local/lib/python3.7/site-packages/airflow/example_dags/example_task_group_decorator.py took 0.358 seconds
[2022-04-29 18:04:45,358] {processor.py:163} INFO - Started process (PID=15003) to work on /home/airflow/.local/lib/python3.7/site-packages/airflow/example_dags/example_task_group_decorator.py
[2022-04-29 18:04:45,360] {processor.py:642} INFO - Processing file /home/airflow/.local/lib/python3.7/site-packages/airflow/example_dags/example_task_group_decorator.py for tasks to queue
[2022-04-29 18:04:45,360] {logging_mixin.py:109} INFO - [2022-04-29 18:04:45,360] {dagbag.py:500} INFO - Filling up the DagBag from /home/airflow/.local/lib/python3.7/site-packages/airflow/example_dags/example_task_group_decorator.py
[2022-04-29 18:04:45,379] {processor.py:652} INFO - DAG(s) dict_keys(['example_task_group_decorator']) retrieved from /home/airflow/.local/lib/python3.7/site-packages/airflow/example_dags/example_task_group_decorator.py
[2022-04-29 18:04:45,659] {logging_mixin.py:109} INFO - [2022-04-29 18:04:45,659] {dag.py:2398} INFO - Sync 1 DAGs
[2022-04-29 18:04:45,681] {logging_mixin.py:109} INFO - [2022-04-29 18:04:45,681] {dag.py:2937} INFO - Setting next_dagrun for example_task_group_decorator to 2022-04-28T18:04:45.681180+00:00
[2022-04-29 18:04:45,723] {processor.py:171} INFO - Processing /home/airflow/.local/lib/python3.7/site-packages/airflow/example_dags/example_task_group_decorator.py took 0.368 seconds
[2022-04-29 18:05:16,732] {processor.py:163} INFO - Started process (PID=15073) to work on /home/airflow/.local/lib/python3.7/site-packages/airflow/example_dags/example_task_group_decorator.py
[2022-04-29 18:05:16,734] {processor.py:642} INFO - Processing file /home/airflow/.local/lib/python3.7/site-packages/airflow/example_dags/example_task_group_decorator.py for tasks to queue
[2022-04-29 18:05:16,735] {logging_mixin.py:109} INFO - [2022-04-29 18:05:16,735] {dagbag.py:500} INFO - Filling up the DagBag from /home/airflow/.local/lib/python3.7/site-packages/airflow/example_dags/example_task_group_decorator.py
[2022-04-29 18:05:16,753] {processor.py:652} INFO - DAG(s) dict_keys(['example_task_group_decorator']) retrieved from /home/airflow/.local/lib/python3.7/site-packages/airflow/example_dags/example_task_group_decorator.py
[2022-04-29 18:05:17,043] {logging_mixin.py:109} INFO - [2022-04-29 18:05:17,043] {dag.py:2398} INFO - Sync 1 DAGs
[2022-04-29 18:05:17,057] {logging_mixin.py:109} INFO - [2022-04-29 18:05:17,056] {dag.py:2937} INFO - Setting next_dagrun for example_task_group_decorator to 2022-04-28T18:05:17.056786+00:00
[2022-04-29 18:05:17,073] {processor.py:171} INFO - Processing /home/airflow/.local/lib/python3.7/site-packages/airflow/example_dags/example_task_group_decorator.py took 0.344 seconds
[2022-04-29 18:05:47,984] {processor.py:163} INFO - Started process (PID=15133) to work on /home/airflow/.local/lib/python3.7/site-packages/airflow/example_dags/example_task_group_decorator.py
[2022-04-29 18:05:47,985] {processor.py:642} INFO - Processing file /home/airflow/.local/lib/python3.7/site-packages/airflow/example_dags/example_task_group_decorator.py for tasks to queue
[2022-04-29 18:05:47,987] {logging_mixin.py:109} INFO - [2022-04-29 18:05:47,986] {dagbag.py:500} INFO - Filling up the DagBag from /home/airflow/.local/lib/python3.7/site-packages/airflow/example_dags/example_task_group_decorator.py
[2022-04-29 18:05:48,015] {processor.py:652} INFO - DAG(s) dict_keys(['example_task_group_decorator']) retrieved from /home/airflow/.local/lib/python3.7/site-packages/airflow/example_dags/example_task_group_decorator.py
[2022-04-29 18:05:48,358] {logging_mixin.py:109} INFO - [2022-04-29 18:05:48,358] {dag.py:2398} INFO - Sync 1 DAGs
[2022-04-29 18:05:48,372] {logging_mixin.py:109} INFO - [2022-04-29 18:05:48,372] {dag.py:2937} INFO - Setting next_dagrun for example_task_group_decorator to 2022-04-28T18:05:48.372634+00:00
[2022-04-29 18:05:48,389] {processor.py:171} INFO - Processing /home/airflow/.local/lib/python3.7/site-packages/airflow/example_dags/example_task_group_decorator.py took 0.409 seconds
