[2022-04-29 18:01:25,297] {processor.py:163} INFO - Started process (PID=14607) to work on /home/airflow/.local/lib/python3.7/site-packages/airflow/example_dags/example_python_operator.py
[2022-04-29 18:01:25,303] {processor.py:642} INFO - Processing file /home/airflow/.local/lib/python3.7/site-packages/airflow/example_dags/example_python_operator.py for tasks to queue
[2022-04-29 18:01:25,307] {logging_mixin.py:109} INFO - [2022-04-29 18:01:25,307] {dagbag.py:500} INFO - Filling up the DagBag from /home/airflow/.local/lib/python3.7/site-packages/airflow/example_dags/example_python_operator.py
[2022-04-29 18:01:25,350] {processor.py:652} INFO - DAG(s) dict_keys(['example_python_operator']) retrieved from /home/airflow/.local/lib/python3.7/site-packages/airflow/example_dags/example_python_operator.py
[2022-04-29 18:01:25,436] {logging_mixin.py:109} INFO - [2022-04-29 18:01:25,436] {dag.py:2398} INFO - Sync 1 DAGs
[2022-04-29 18:01:25,488] {logging_mixin.py:109} INFO - [2022-04-29 18:01:25,487] {dag.py:2937} INFO - Setting next_dagrun for example_python_operator to None
[2022-04-29 18:01:25,535] {processor.py:171} INFO - Processing /home/airflow/.local/lib/python3.7/site-packages/airflow/example_dags/example_python_operator.py took 0.245 seconds
[2022-04-29 18:01:56,449] {processor.py:163} INFO - Started process (PID=14659) to work on /home/airflow/.local/lib/python3.7/site-packages/airflow/example_dags/example_python_operator.py
[2022-04-29 18:01:56,456] {processor.py:642} INFO - Processing file /home/airflow/.local/lib/python3.7/site-packages/airflow/example_dags/example_python_operator.py for tasks to queue
[2022-04-29 18:01:56,457] {logging_mixin.py:109} INFO - [2022-04-29 18:01:56,457] {dagbag.py:500} INFO - Filling up the DagBag from /home/airflow/.local/lib/python3.7/site-packages/airflow/example_dags/example_python_operator.py
[2022-04-29 18:01:56,485] {processor.py:652} INFO - DAG(s) dict_keys(['example_python_operator']) retrieved from /home/airflow/.local/lib/python3.7/site-packages/airflow/example_dags/example_python_operator.py
[2022-04-29 18:01:56,544] {logging_mixin.py:109} INFO - [2022-04-29 18:01:56,544] {dag.py:2398} INFO - Sync 1 DAGs
[2022-04-29 18:01:56,597] {logging_mixin.py:109} INFO - [2022-04-29 18:01:56,597] {dag.py:2937} INFO - Setting next_dagrun for example_python_operator to None
[2022-04-29 18:01:56,656] {processor.py:171} INFO - Processing /home/airflow/.local/lib/python3.7/site-packages/airflow/example_dags/example_python_operator.py took 0.211 seconds
[2022-04-29 18:02:27,291] {processor.py:163} INFO - Started process (PID=14719) to work on /home/airflow/.local/lib/python3.7/site-packages/airflow/example_dags/example_python_operator.py
[2022-04-29 18:02:27,295] {processor.py:642} INFO - Processing file /home/airflow/.local/lib/python3.7/site-packages/airflow/example_dags/example_python_operator.py for tasks to queue
[2022-04-29 18:02:27,297] {logging_mixin.py:109} INFO - [2022-04-29 18:02:27,297] {dagbag.py:500} INFO - Filling up the DagBag from /home/airflow/.local/lib/python3.7/site-packages/airflow/example_dags/example_python_operator.py
[2022-04-29 18:02:27,350] {processor.py:652} INFO - DAG(s) dict_keys(['example_python_operator']) retrieved from /home/airflow/.local/lib/python3.7/site-packages/airflow/example_dags/example_python_operator.py
[2022-04-29 18:02:27,403] {logging_mixin.py:109} INFO - [2022-04-29 18:02:27,403] {dag.py:2398} INFO - Sync 1 DAGs
[2022-04-29 18:02:27,451] {logging_mixin.py:109} INFO - [2022-04-29 18:02:27,450] {dag.py:2937} INFO - Setting next_dagrun for example_python_operator to None
[2022-04-29 18:02:27,503] {processor.py:171} INFO - Processing /home/airflow/.local/lib/python3.7/site-packages/airflow/example_dags/example_python_operator.py took 0.221 seconds
[2022-04-29 18:02:58,094] {processor.py:163} INFO - Started process (PID=14778) to work on /home/airflow/.local/lib/python3.7/site-packages/airflow/example_dags/example_python_operator.py
[2022-04-29 18:02:58,098] {processor.py:642} INFO - Processing file /home/airflow/.local/lib/python3.7/site-packages/airflow/example_dags/example_python_operator.py for tasks to queue
[2022-04-29 18:02:58,099] {logging_mixin.py:109} INFO - [2022-04-29 18:02:58,099] {dagbag.py:500} INFO - Filling up the DagBag from /home/airflow/.local/lib/python3.7/site-packages/airflow/example_dags/example_python_operator.py
[2022-04-29 18:02:58,138] {processor.py:652} INFO - DAG(s) dict_keys(['example_python_operator']) retrieved from /home/airflow/.local/lib/python3.7/site-packages/airflow/example_dags/example_python_operator.py
[2022-04-29 18:02:58,190] {logging_mixin.py:109} INFO - [2022-04-29 18:02:58,190] {dag.py:2398} INFO - Sync 1 DAGs
[2022-04-29 18:02:58,230] {logging_mixin.py:109} INFO - [2022-04-29 18:02:58,230] {dag.py:2937} INFO - Setting next_dagrun for example_python_operator to None
[2022-04-29 18:02:58,260] {processor.py:171} INFO - Processing /home/airflow/.local/lib/python3.7/site-packages/airflow/example_dags/example_python_operator.py took 0.170 seconds
[2022-04-29 18:03:28,904] {processor.py:163} INFO - Started process (PID=14839) to work on /home/airflow/.local/lib/python3.7/site-packages/airflow/example_dags/example_python_operator.py
[2022-04-29 18:03:28,907] {processor.py:642} INFO - Processing file /home/airflow/.local/lib/python3.7/site-packages/airflow/example_dags/example_python_operator.py for tasks to queue
[2022-04-29 18:03:28,908] {logging_mixin.py:109} INFO - [2022-04-29 18:03:28,908] {dagbag.py:500} INFO - Filling up the DagBag from /home/airflow/.local/lib/python3.7/site-packages/airflow/example_dags/example_python_operator.py
[2022-04-29 18:03:28,928] {processor.py:652} INFO - DAG(s) dict_keys(['example_python_operator']) retrieved from /home/airflow/.local/lib/python3.7/site-packages/airflow/example_dags/example_python_operator.py
[2022-04-29 18:03:28,962] {logging_mixin.py:109} INFO - [2022-04-29 18:03:28,962] {dag.py:2398} INFO - Sync 1 DAGs
[2022-04-29 18:03:28,986] {logging_mixin.py:109} INFO - [2022-04-29 18:03:28,986] {dag.py:2937} INFO - Setting next_dagrun for example_python_operator to None
[2022-04-29 18:03:29,002] {processor.py:171} INFO - Processing /home/airflow/.local/lib/python3.7/site-packages/airflow/example_dags/example_python_operator.py took 0.105 seconds
[2022-04-29 18:04:00,344] {processor.py:163} INFO - Started process (PID=14911) to work on /home/airflow/.local/lib/python3.7/site-packages/airflow/example_dags/example_python_operator.py
[2022-04-29 18:04:00,345] {processor.py:642} INFO - Processing file /home/airflow/.local/lib/python3.7/site-packages/airflow/example_dags/example_python_operator.py for tasks to queue
[2022-04-29 18:04:00,347] {logging_mixin.py:109} INFO - [2022-04-29 18:04:00,346] {dagbag.py:500} INFO - Filling up the DagBag from /home/airflow/.local/lib/python3.7/site-packages/airflow/example_dags/example_python_operator.py
[2022-04-29 18:04:00,363] {processor.py:652} INFO - DAG(s) dict_keys(['example_python_operator']) retrieved from /home/airflow/.local/lib/python3.7/site-packages/airflow/example_dags/example_python_operator.py
[2022-04-29 18:04:00,388] {logging_mixin.py:109} INFO - [2022-04-29 18:04:00,388] {dag.py:2398} INFO - Sync 1 DAGs
[2022-04-29 18:04:00,409] {logging_mixin.py:109} INFO - [2022-04-29 18:04:00,408] {dag.py:2937} INFO - Setting next_dagrun for example_python_operator to None
[2022-04-29 18:04:00,423] {processor.py:171} INFO - Processing /home/airflow/.local/lib/python3.7/site-packages/airflow/example_dags/example_python_operator.py took 0.083 seconds
[2022-04-29 18:04:30,698] {processor.py:163} INFO - Started process (PID=14972) to work on /home/airflow/.local/lib/python3.7/site-packages/airflow/example_dags/example_python_operator.py
[2022-04-29 18:04:30,699] {processor.py:642} INFO - Processing file /home/airflow/.local/lib/python3.7/site-packages/airflow/example_dags/example_python_operator.py for tasks to queue
[2022-04-29 18:04:30,700] {logging_mixin.py:109} INFO - [2022-04-29 18:04:30,700] {dagbag.py:500} INFO - Filling up the DagBag from /home/airflow/.local/lib/python3.7/site-packages/airflow/example_dags/example_python_operator.py
[2022-04-29 18:04:30,711] {processor.py:652} INFO - DAG(s) dict_keys(['example_python_operator']) retrieved from /home/airflow/.local/lib/python3.7/site-packages/airflow/example_dags/example_python_operator.py
[2022-04-29 18:04:30,729] {logging_mixin.py:109} INFO - [2022-04-29 18:04:30,729] {dag.py:2398} INFO - Sync 1 DAGs
[2022-04-29 18:04:30,747] {logging_mixin.py:109} INFO - [2022-04-29 18:04:30,747] {dag.py:2937} INFO - Setting next_dagrun for example_python_operator to None
[2022-04-29 18:04:30,758] {processor.py:171} INFO - Processing /home/airflow/.local/lib/python3.7/site-packages/airflow/example_dags/example_python_operator.py took 0.064 seconds
[2022-04-29 18:05:02,151] {processor.py:163} INFO - Started process (PID=15043) to work on /home/airflow/.local/lib/python3.7/site-packages/airflow/example_dags/example_python_operator.py
[2022-04-29 18:05:02,153] {processor.py:642} INFO - Processing file /home/airflow/.local/lib/python3.7/site-packages/airflow/example_dags/example_python_operator.py for tasks to queue
[2022-04-29 18:05:02,153] {logging_mixin.py:109} INFO - [2022-04-29 18:05:02,153] {dagbag.py:500} INFO - Filling up the DagBag from /home/airflow/.local/lib/python3.7/site-packages/airflow/example_dags/example_python_operator.py
[2022-04-29 18:05:02,168] {processor.py:652} INFO - DAG(s) dict_keys(['example_python_operator']) retrieved from /home/airflow/.local/lib/python3.7/site-packages/airflow/example_dags/example_python_operator.py
[2022-04-29 18:05:02,187] {logging_mixin.py:109} INFO - [2022-04-29 18:05:02,187] {dag.py:2398} INFO - Sync 1 DAGs
[2022-04-29 18:05:02,204] {logging_mixin.py:109} INFO - [2022-04-29 18:05:02,204] {dag.py:2937} INFO - Setting next_dagrun for example_python_operator to None
[2022-04-29 18:05:02,218] {processor.py:171} INFO - Processing /home/airflow/.local/lib/python3.7/site-packages/airflow/example_dags/example_python_operator.py took 0.072 seconds
[2022-04-29 18:05:32,439] {processor.py:163} INFO - Started process (PID=15103) to work on /home/airflow/.local/lib/python3.7/site-packages/airflow/example_dags/example_python_operator.py
[2022-04-29 18:05:32,441] {processor.py:642} INFO - Processing file /home/airflow/.local/lib/python3.7/site-packages/airflow/example_dags/example_python_operator.py for tasks to queue
[2022-04-29 18:05:32,442] {logging_mixin.py:109} INFO - [2022-04-29 18:05:32,442] {dagbag.py:500} INFO - Filling up the DagBag from /home/airflow/.local/lib/python3.7/site-packages/airflow/example_dags/example_python_operator.py
[2022-04-29 18:05:32,453] {processor.py:652} INFO - DAG(s) dict_keys(['example_python_operator']) retrieved from /home/airflow/.local/lib/python3.7/site-packages/airflow/example_dags/example_python_operator.py
[2022-04-29 18:05:32,476] {logging_mixin.py:109} INFO - [2022-04-29 18:05:32,476] {dag.py:2398} INFO - Sync 1 DAGs
[2022-04-29 18:05:32,494] {logging_mixin.py:109} INFO - [2022-04-29 18:05:32,494] {dag.py:2937} INFO - Setting next_dagrun for example_python_operator to None
[2022-04-29 18:05:32,511] {processor.py:171} INFO - Processing /home/airflow/.local/lib/python3.7/site-packages/airflow/example_dags/example_python_operator.py took 0.074 seconds
