[2022-04-29 18:01:27,242] {processor.py:163} INFO - Started process (PID=14618) to work on /home/airflow/.local/lib/python3.7/site-packages/airflow/example_dags/example_branch_python_dop_operator_3.py
[2022-04-29 18:01:27,314] {processor.py:642} INFO - Processing file /home/airflow/.local/lib/python3.7/site-packages/airflow/example_dags/example_branch_python_dop_operator_3.py for tasks to queue
[2022-04-29 18:01:27,322] {logging_mixin.py:109} INFO - [2022-04-29 18:01:27,322] {dagbag.py:500} INFO - Filling up the DagBag from /home/airflow/.local/lib/python3.7/site-packages/airflow/example_dags/example_branch_python_dop_operator_3.py
[2022-04-29 18:01:27,386] {processor.py:652} INFO - DAG(s) dict_keys(['example_branch_dop_operator_v3']) retrieved from /home/airflow/.local/lib/python3.7/site-packages/airflow/example_dags/example_branch_python_dop_operator_3.py
[2022-04-29 18:01:27,477] {logging_mixin.py:109} INFO - [2022-04-29 18:01:27,477] {dag.py:2398} INFO - Sync 1 DAGs
[2022-04-29 18:01:27,570] {logging_mixin.py:109} INFO - [2022-04-29 18:01:27,570] {dag.py:2937} INFO - Setting next_dagrun for example_branch_dop_operator_v3 to 2022-04-29T18:00:00+00:00
[2022-04-29 18:01:27,794] {processor.py:171} INFO - Processing /home/airflow/.local/lib/python3.7/site-packages/airflow/example_dags/example_branch_python_dop_operator_3.py took 0.569 seconds
[2022-04-29 18:02:08,639] {processor.py:163} INFO - Started process (PID=14682) to work on /home/airflow/.local/lib/python3.7/site-packages/airflow/example_dags/example_branch_python_dop_operator_3.py
[2022-04-29 18:02:08,659] {processor.py:642} INFO - Processing file /home/airflow/.local/lib/python3.7/site-packages/airflow/example_dags/example_branch_python_dop_operator_3.py for tasks to queue
[2022-04-29 18:02:08,664] {logging_mixin.py:109} INFO - [2022-04-29 18:02:08,664] {dagbag.py:500} INFO - Filling up the DagBag from /home/airflow/.local/lib/python3.7/site-packages/airflow/example_dags/example_branch_python_dop_operator_3.py
[2022-04-29 18:02:08,702] {processor.py:652} INFO - DAG(s) dict_keys(['example_branch_dop_operator_v3']) retrieved from /home/airflow/.local/lib/python3.7/site-packages/airflow/example_dags/example_branch_python_dop_operator_3.py
[2022-04-29 18:02:08,781] {logging_mixin.py:109} INFO - [2022-04-29 18:02:08,780] {dag.py:2398} INFO - Sync 1 DAGs
[2022-04-29 18:02:08,882] {logging_mixin.py:109} INFO - [2022-04-29 18:02:08,882] {dag.py:2937} INFO - Setting next_dagrun for example_branch_dop_operator_v3 to 2022-04-29T18:01:00+00:00
[2022-04-29 18:02:08,939] {processor.py:171} INFO - Processing /home/airflow/.local/lib/python3.7/site-packages/airflow/example_dags/example_branch_python_dop_operator_3.py took 0.317 seconds
[2022-04-29 18:02:39,339] {processor.py:163} INFO - Started process (PID=14741) to work on /home/airflow/.local/lib/python3.7/site-packages/airflow/example_dags/example_branch_python_dop_operator_3.py
[2022-04-29 18:02:39,342] {processor.py:642} INFO - Processing file /home/airflow/.local/lib/python3.7/site-packages/airflow/example_dags/example_branch_python_dop_operator_3.py for tasks to queue
[2022-04-29 18:02:39,343] {logging_mixin.py:109} INFO - [2022-04-29 18:02:39,343] {dagbag.py:500} INFO - Filling up the DagBag from /home/airflow/.local/lib/python3.7/site-packages/airflow/example_dags/example_branch_python_dop_operator_3.py
[2022-04-29 18:02:39,362] {processor.py:652} INFO - DAG(s) dict_keys(['example_branch_dop_operator_v3']) retrieved from /home/airflow/.local/lib/python3.7/site-packages/airflow/example_dags/example_branch_python_dop_operator_3.py
[2022-04-29 18:02:39,402] {logging_mixin.py:109} INFO - [2022-04-29 18:02:39,401] {dag.py:2398} INFO - Sync 1 DAGs
[2022-04-29 18:02:39,434] {logging_mixin.py:109} INFO - [2022-04-29 18:02:39,434] {dag.py:2937} INFO - Setting next_dagrun for example_branch_dop_operator_v3 to 2022-04-29T18:01:00+00:00
[2022-04-29 18:02:39,461] {processor.py:171} INFO - Processing /home/airflow/.local/lib/python3.7/site-packages/airflow/example_dags/example_branch_python_dop_operator_3.py took 0.128 seconds
[2022-04-29 18:03:09,934] {processor.py:163} INFO - Started process (PID=14801) to work on /home/airflow/.local/lib/python3.7/site-packages/airflow/example_dags/example_branch_python_dop_operator_3.py
[2022-04-29 18:03:09,936] {processor.py:642} INFO - Processing file /home/airflow/.local/lib/python3.7/site-packages/airflow/example_dags/example_branch_python_dop_operator_3.py for tasks to queue
[2022-04-29 18:03:09,937] {logging_mixin.py:109} INFO - [2022-04-29 18:03:09,937] {dagbag.py:500} INFO - Filling up the DagBag from /home/airflow/.local/lib/python3.7/site-packages/airflow/example_dags/example_branch_python_dop_operator_3.py
[2022-04-29 18:03:09,948] {processor.py:652} INFO - DAG(s) dict_keys(['example_branch_dop_operator_v3']) retrieved from /home/airflow/.local/lib/python3.7/site-packages/airflow/example_dags/example_branch_python_dop_operator_3.py
[2022-04-29 18:03:09,972] {logging_mixin.py:109} INFO - [2022-04-29 18:03:09,972] {dag.py:2398} INFO - Sync 1 DAGs
[2022-04-29 18:03:09,997] {logging_mixin.py:109} INFO - [2022-04-29 18:03:09,996] {dag.py:2937} INFO - Setting next_dagrun for example_branch_dop_operator_v3 to 2022-04-29T18:02:00+00:00
[2022-04-29 18:03:10,013] {processor.py:171} INFO - Processing /home/airflow/.local/lib/python3.7/site-packages/airflow/example_dags/example_branch_python_dop_operator_3.py took 0.082 seconds
[2022-04-29 18:03:40,307] {processor.py:163} INFO - Started process (PID=14862) to work on /home/airflow/.local/lib/python3.7/site-packages/airflow/example_dags/example_branch_python_dop_operator_3.py
[2022-04-29 18:03:40,309] {processor.py:642} INFO - Processing file /home/airflow/.local/lib/python3.7/site-packages/airflow/example_dags/example_branch_python_dop_operator_3.py for tasks to queue
[2022-04-29 18:03:40,310] {logging_mixin.py:109} INFO - [2022-04-29 18:03:40,310] {dagbag.py:500} INFO - Filling up the DagBag from /home/airflow/.local/lib/python3.7/site-packages/airflow/example_dags/example_branch_python_dop_operator_3.py
[2022-04-29 18:03:40,324] {processor.py:652} INFO - DAG(s) dict_keys(['example_branch_dop_operator_v3']) retrieved from /home/airflow/.local/lib/python3.7/site-packages/airflow/example_dags/example_branch_python_dop_operator_3.py
[2022-04-29 18:03:40,354] {logging_mixin.py:109} INFO - [2022-04-29 18:03:40,354] {dag.py:2398} INFO - Sync 1 DAGs
[2022-04-29 18:03:40,382] {logging_mixin.py:109} INFO - [2022-04-29 18:03:40,382] {dag.py:2937} INFO - Setting next_dagrun for example_branch_dop_operator_v3 to 2022-04-29T18:02:00+00:00
[2022-04-29 18:03:40,399] {processor.py:171} INFO - Processing /home/airflow/.local/lib/python3.7/site-packages/airflow/example_dags/example_branch_python_dop_operator_3.py took 0.097 seconds
[2022-04-29 18:04:10,632] {processor.py:163} INFO - Started process (PID=14924) to work on /home/airflow/.local/lib/python3.7/site-packages/airflow/example_dags/example_branch_python_dop_operator_3.py
[2022-04-29 18:04:10,634] {processor.py:642} INFO - Processing file /home/airflow/.local/lib/python3.7/site-packages/airflow/example_dags/example_branch_python_dop_operator_3.py for tasks to queue
[2022-04-29 18:04:10,635] {logging_mixin.py:109} INFO - [2022-04-29 18:04:10,635] {dagbag.py:500} INFO - Filling up the DagBag from /home/airflow/.local/lib/python3.7/site-packages/airflow/example_dags/example_branch_python_dop_operator_3.py
[2022-04-29 18:04:10,647] {processor.py:652} INFO - DAG(s) dict_keys(['example_branch_dop_operator_v3']) retrieved from /home/airflow/.local/lib/python3.7/site-packages/airflow/example_dags/example_branch_python_dop_operator_3.py
[2022-04-29 18:04:10,669] {logging_mixin.py:109} INFO - [2022-04-29 18:04:10,669] {dag.py:2398} INFO - Sync 1 DAGs
[2022-04-29 18:04:10,693] {logging_mixin.py:109} INFO - [2022-04-29 18:04:10,692] {dag.py:2937} INFO - Setting next_dagrun for example_branch_dop_operator_v3 to 2022-04-29T18:03:00+00:00
[2022-04-29 18:04:10,706] {processor.py:171} INFO - Processing /home/airflow/.local/lib/python3.7/site-packages/airflow/example_dags/example_branch_python_dop_operator_3.py took 0.077 seconds
[2022-04-29 18:04:40,887] {processor.py:163} INFO - Started process (PID=14995) to work on /home/airflow/.local/lib/python3.7/site-packages/airflow/example_dags/example_branch_python_dop_operator_3.py
[2022-04-29 18:04:40,889] {processor.py:642} INFO - Processing file /home/airflow/.local/lib/python3.7/site-packages/airflow/example_dags/example_branch_python_dop_operator_3.py for tasks to queue
[2022-04-29 18:04:40,890] {logging_mixin.py:109} INFO - [2022-04-29 18:04:40,890] {dagbag.py:500} INFO - Filling up the DagBag from /home/airflow/.local/lib/python3.7/site-packages/airflow/example_dags/example_branch_python_dop_operator_3.py
[2022-04-29 18:04:40,900] {processor.py:652} INFO - DAG(s) dict_keys(['example_branch_dop_operator_v3']) retrieved from /home/airflow/.local/lib/python3.7/site-packages/airflow/example_dags/example_branch_python_dop_operator_3.py
[2022-04-29 18:04:40,922] {logging_mixin.py:109} INFO - [2022-04-29 18:04:40,922] {dag.py:2398} INFO - Sync 1 DAGs
[2022-04-29 18:04:40,944] {logging_mixin.py:109} INFO - [2022-04-29 18:04:40,944] {dag.py:2937} INFO - Setting next_dagrun for example_branch_dop_operator_v3 to 2022-04-29T18:03:00+00:00
[2022-04-29 18:04:40,957] {processor.py:171} INFO - Processing /home/airflow/.local/lib/python3.7/site-packages/airflow/example_dags/example_branch_python_dop_operator_3.py took 0.073 seconds
[2022-04-29 18:05:11,066] {processor.py:163} INFO - Started process (PID=15056) to work on /home/airflow/.local/lib/python3.7/site-packages/airflow/example_dags/example_branch_python_dop_operator_3.py
[2022-04-29 18:05:11,067] {processor.py:642} INFO - Processing file /home/airflow/.local/lib/python3.7/site-packages/airflow/example_dags/example_branch_python_dop_operator_3.py for tasks to queue
[2022-04-29 18:05:11,068] {logging_mixin.py:109} INFO - [2022-04-29 18:05:11,068] {dagbag.py:500} INFO - Filling up the DagBag from /home/airflow/.local/lib/python3.7/site-packages/airflow/example_dags/example_branch_python_dop_operator_3.py
[2022-04-29 18:05:11,079] {processor.py:652} INFO - DAG(s) dict_keys(['example_branch_dop_operator_v3']) retrieved from /home/airflow/.local/lib/python3.7/site-packages/airflow/example_dags/example_branch_python_dop_operator_3.py
[2022-04-29 18:05:11,100] {logging_mixin.py:109} INFO - [2022-04-29 18:05:11,100] {dag.py:2398} INFO - Sync 1 DAGs
[2022-04-29 18:05:11,122] {logging_mixin.py:109} INFO - [2022-04-29 18:05:11,122] {dag.py:2937} INFO - Setting next_dagrun for example_branch_dop_operator_v3 to 2022-04-29T18:04:00+00:00
[2022-04-29 18:05:11,133] {processor.py:171} INFO - Processing /home/airflow/.local/lib/python3.7/site-packages/airflow/example_dags/example_branch_python_dop_operator_3.py took 0.070 seconds
[2022-04-29 18:05:44,466] {processor.py:163} INFO - Started process (PID=15125) to work on /home/airflow/.local/lib/python3.7/site-packages/airflow/example_dags/example_branch_python_dop_operator_3.py
[2022-04-29 18:05:44,468] {processor.py:642} INFO - Processing file /home/airflow/.local/lib/python3.7/site-packages/airflow/example_dags/example_branch_python_dop_operator_3.py for tasks to queue
[2022-04-29 18:05:44,470] {logging_mixin.py:109} INFO - [2022-04-29 18:05:44,470] {dagbag.py:500} INFO - Filling up the DagBag from /home/airflow/.local/lib/python3.7/site-packages/airflow/example_dags/example_branch_python_dop_operator_3.py
[2022-04-29 18:05:44,479] {processor.py:652} INFO - DAG(s) dict_keys(['example_branch_dop_operator_v3']) retrieved from /home/airflow/.local/lib/python3.7/site-packages/airflow/example_dags/example_branch_python_dop_operator_3.py
[2022-04-29 18:05:44,501] {logging_mixin.py:109} INFO - [2022-04-29 18:05:44,501] {dag.py:2398} INFO - Sync 1 DAGs
[2022-04-29 18:05:44,522] {logging_mixin.py:109} INFO - [2022-04-29 18:05:44,522] {dag.py:2937} INFO - Setting next_dagrun for example_branch_dop_operator_v3 to 2022-04-29T18:04:00+00:00
[2022-04-29 18:05:44,536] {processor.py:171} INFO - Processing /home/airflow/.local/lib/python3.7/site-packages/airflow/example_dags/example_branch_python_dop_operator_3.py took 0.073 seconds
