[2022-04-29 18:01:28,270] {processor.py:163} INFO - Started process (PID=14620) to work on /home/airflow/.local/lib/python3.7/site-packages/airflow/example_dags/example_latest_only_with_trigger.py
[2022-04-29 18:01:28,298] {processor.py:642} INFO - Processing file /home/airflow/.local/lib/python3.7/site-packages/airflow/example_dags/example_latest_only_with_trigger.py for tasks to queue
[2022-04-29 18:01:28,329] {logging_mixin.py:109} INFO - [2022-04-29 18:01:28,329] {dagbag.py:500} INFO - Filling up the DagBag from /home/airflow/.local/lib/python3.7/site-packages/airflow/example_dags/example_latest_only_with_trigger.py
[2022-04-29 18:01:28,363] {processor.py:652} INFO - DAG(s) dict_keys(['latest_only_with_trigger']) retrieved from /home/airflow/.local/lib/python3.7/site-packages/airflow/example_dags/example_latest_only_with_trigger.py
[2022-04-29 18:01:28,495] {logging_mixin.py:109} INFO - [2022-04-29 18:01:28,495] {dag.py:2398} INFO - Sync 1 DAGs
[2022-04-29 18:01:28,643] {logging_mixin.py:109} INFO - [2022-04-29 18:01:28,642] {dag.py:2937} INFO - Setting next_dagrun for latest_only_with_trigger to 2022-04-29T14:01:28.642307+00:00
[2022-04-29 18:01:30,579] {processor.py:171} INFO - Processing /home/airflow/.local/lib/python3.7/site-packages/airflow/example_dags/example_latest_only_with_trigger.py took 2.329 seconds
[2022-04-29 18:02:09,380] {processor.py:163} INFO - Started process (PID=14684) to work on /home/airflow/.local/lib/python3.7/site-packages/airflow/example_dags/example_latest_only_with_trigger.py
[2022-04-29 18:02:09,383] {processor.py:642} INFO - Processing file /home/airflow/.local/lib/python3.7/site-packages/airflow/example_dags/example_latest_only_with_trigger.py for tasks to queue
[2022-04-29 18:02:09,385] {logging_mixin.py:109} INFO - [2022-04-29 18:02:09,385] {dagbag.py:500} INFO - Filling up the DagBag from /home/airflow/.local/lib/python3.7/site-packages/airflow/example_dags/example_latest_only_with_trigger.py
[2022-04-29 18:02:09,405] {processor.py:652} INFO - DAG(s) dict_keys(['latest_only_with_trigger']) retrieved from /home/airflow/.local/lib/python3.7/site-packages/airflow/example_dags/example_latest_only_with_trigger.py
[2022-04-29 18:02:09,469] {logging_mixin.py:109} INFO - [2022-04-29 18:02:09,469] {dag.py:2398} INFO - Sync 1 DAGs
[2022-04-29 18:02:09,553] {logging_mixin.py:109} INFO - [2022-04-29 18:02:09,553] {dag.py:2937} INFO - Setting next_dagrun for latest_only_with_trigger to 2022-04-29T14:02:09.552881+00:00
[2022-04-29 18:02:10,110] {processor.py:171} INFO - Processing /home/airflow/.local/lib/python3.7/site-packages/airflow/example_dags/example_latest_only_with_trigger.py took 0.742 seconds
[2022-04-29 18:02:40,697] {processor.py:163} INFO - Started process (PID=14744) to work on /home/airflow/.local/lib/python3.7/site-packages/airflow/example_dags/example_latest_only_with_trigger.py
[2022-04-29 18:02:40,701] {processor.py:642} INFO - Processing file /home/airflow/.local/lib/python3.7/site-packages/airflow/example_dags/example_latest_only_with_trigger.py for tasks to queue
[2022-04-29 18:02:40,705] {logging_mixin.py:109} INFO - [2022-04-29 18:02:40,705] {dagbag.py:500} INFO - Filling up the DagBag from /home/airflow/.local/lib/python3.7/site-packages/airflow/example_dags/example_latest_only_with_trigger.py
[2022-04-29 18:02:40,722] {processor.py:652} INFO - DAG(s) dict_keys(['latest_only_with_trigger']) retrieved from /home/airflow/.local/lib/python3.7/site-packages/airflow/example_dags/example_latest_only_with_trigger.py
[2022-04-29 18:02:40,777] {logging_mixin.py:109} INFO - [2022-04-29 18:02:40,777] {dag.py:2398} INFO - Sync 1 DAGs
[2022-04-29 18:02:40,832] {logging_mixin.py:109} INFO - [2022-04-29 18:02:40,831] {dag.py:2937} INFO - Setting next_dagrun for latest_only_with_trigger to 2022-04-29T14:02:40.831318+00:00
[2022-04-29 18:02:40,866] {processor.py:171} INFO - Processing /home/airflow/.local/lib/python3.7/site-packages/airflow/example_dags/example_latest_only_with_trigger.py took 0.173 seconds
[2022-04-29 18:03:11,061] {processor.py:163} INFO - Started process (PID=14803) to work on /home/airflow/.local/lib/python3.7/site-packages/airflow/example_dags/example_latest_only_with_trigger.py
[2022-04-29 18:03:11,063] {processor.py:642} INFO - Processing file /home/airflow/.local/lib/python3.7/site-packages/airflow/example_dags/example_latest_only_with_trigger.py for tasks to queue
[2022-04-29 18:03:11,064] {logging_mixin.py:109} INFO - [2022-04-29 18:03:11,064] {dagbag.py:500} INFO - Filling up the DagBag from /home/airflow/.local/lib/python3.7/site-packages/airflow/example_dags/example_latest_only_with_trigger.py
[2022-04-29 18:03:11,076] {processor.py:652} INFO - DAG(s) dict_keys(['latest_only_with_trigger']) retrieved from /home/airflow/.local/lib/python3.7/site-packages/airflow/example_dags/example_latest_only_with_trigger.py
[2022-04-29 18:03:11,101] {logging_mixin.py:109} INFO - [2022-04-29 18:03:11,101] {dag.py:2398} INFO - Sync 1 DAGs
[2022-04-29 18:03:11,122] {logging_mixin.py:109} INFO - [2022-04-29 18:03:11,122] {dag.py:2937} INFO - Setting next_dagrun for latest_only_with_trigger to 2022-04-29T14:03:11.122333+00:00
[2022-04-29 18:03:11,141] {processor.py:171} INFO - Processing /home/airflow/.local/lib/python3.7/site-packages/airflow/example_dags/example_latest_only_with_trigger.py took 0.084 seconds
[2022-04-29 18:03:41,345] {processor.py:163} INFO - Started process (PID=14864) to work on /home/airflow/.local/lib/python3.7/site-packages/airflow/example_dags/example_latest_only_with_trigger.py
[2022-04-29 18:03:41,347] {processor.py:642} INFO - Processing file /home/airflow/.local/lib/python3.7/site-packages/airflow/example_dags/example_latest_only_with_trigger.py for tasks to queue
[2022-04-29 18:03:41,348] {logging_mixin.py:109} INFO - [2022-04-29 18:03:41,348] {dagbag.py:500} INFO - Filling up the DagBag from /home/airflow/.local/lib/python3.7/site-packages/airflow/example_dags/example_latest_only_with_trigger.py
[2022-04-29 18:03:41,364] {processor.py:652} INFO - DAG(s) dict_keys(['latest_only_with_trigger']) retrieved from /home/airflow/.local/lib/python3.7/site-packages/airflow/example_dags/example_latest_only_with_trigger.py
[2022-04-29 18:03:41,407] {logging_mixin.py:109} INFO - [2022-04-29 18:03:41,407] {dag.py:2398} INFO - Sync 1 DAGs
[2022-04-29 18:03:41,441] {logging_mixin.py:109} INFO - [2022-04-29 18:03:41,440] {dag.py:2937} INFO - Setting next_dagrun for latest_only_with_trigger to 2022-04-29T14:03:41.439805+00:00
[2022-04-29 18:03:41,462] {processor.py:171} INFO - Processing /home/airflow/.local/lib/python3.7/site-packages/airflow/example_dags/example_latest_only_with_trigger.py took 0.122 seconds
[2022-04-29 18:04:11,759] {processor.py:163} INFO - Started process (PID=14926) to work on /home/airflow/.local/lib/python3.7/site-packages/airflow/example_dags/example_latest_only_with_trigger.py
[2022-04-29 18:04:11,761] {processor.py:642} INFO - Processing file /home/airflow/.local/lib/python3.7/site-packages/airflow/example_dags/example_latest_only_with_trigger.py for tasks to queue
[2022-04-29 18:04:11,762] {logging_mixin.py:109} INFO - [2022-04-29 18:04:11,762] {dagbag.py:500} INFO - Filling up the DagBag from /home/airflow/.local/lib/python3.7/site-packages/airflow/example_dags/example_latest_only_with_trigger.py
[2022-04-29 18:04:11,767] {processor.py:652} INFO - DAG(s) dict_keys(['latest_only_with_trigger']) retrieved from /home/airflow/.local/lib/python3.7/site-packages/airflow/example_dags/example_latest_only_with_trigger.py
[2022-04-29 18:04:11,792] {logging_mixin.py:109} INFO - [2022-04-29 18:04:11,791] {dag.py:2398} INFO - Sync 1 DAGs
[2022-04-29 18:04:11,805] {logging_mixin.py:109} INFO - [2022-04-29 18:04:11,805] {dag.py:2937} INFO - Setting next_dagrun for latest_only_with_trigger to 2022-04-29T14:04:11.805224+00:00
[2022-04-29 18:04:11,818] {processor.py:171} INFO - Processing /home/airflow/.local/lib/python3.7/site-packages/airflow/example_dags/example_latest_only_with_trigger.py took 0.062 seconds
[2022-04-29 18:04:42,027] {processor.py:163} INFO - Started process (PID=14997) to work on /home/airflow/.local/lib/python3.7/site-packages/airflow/example_dags/example_latest_only_with_trigger.py
[2022-04-29 18:04:42,028] {processor.py:642} INFO - Processing file /home/airflow/.local/lib/python3.7/site-packages/airflow/example_dags/example_latest_only_with_trigger.py for tasks to queue
[2022-04-29 18:04:42,029] {logging_mixin.py:109} INFO - [2022-04-29 18:04:42,029] {dagbag.py:500} INFO - Filling up the DagBag from /home/airflow/.local/lib/python3.7/site-packages/airflow/example_dags/example_latest_only_with_trigger.py
[2022-04-29 18:04:42,038] {processor.py:652} INFO - DAG(s) dict_keys(['latest_only_with_trigger']) retrieved from /home/airflow/.local/lib/python3.7/site-packages/airflow/example_dags/example_latest_only_with_trigger.py
[2022-04-29 18:04:42,066] {logging_mixin.py:109} INFO - [2022-04-29 18:04:42,065] {dag.py:2398} INFO - Sync 1 DAGs
[2022-04-29 18:04:42,083] {logging_mixin.py:109} INFO - [2022-04-29 18:04:42,083] {dag.py:2937} INFO - Setting next_dagrun for latest_only_with_trigger to 2022-04-29T14:04:42.083355+00:00
[2022-04-29 18:04:42,100] {processor.py:171} INFO - Processing /home/airflow/.local/lib/python3.7/site-packages/airflow/example_dags/example_latest_only_with_trigger.py took 0.076 seconds
[2022-04-29 18:05:12,271] {processor.py:163} INFO - Started process (PID=15058) to work on /home/airflow/.local/lib/python3.7/site-packages/airflow/example_dags/example_latest_only_with_trigger.py
[2022-04-29 18:05:12,273] {processor.py:642} INFO - Processing file /home/airflow/.local/lib/python3.7/site-packages/airflow/example_dags/example_latest_only_with_trigger.py for tasks to queue
[2022-04-29 18:05:12,274] {logging_mixin.py:109} INFO - [2022-04-29 18:05:12,273] {dagbag.py:500} INFO - Filling up the DagBag from /home/airflow/.local/lib/python3.7/site-packages/airflow/example_dags/example_latest_only_with_trigger.py
[2022-04-29 18:05:12,288] {processor.py:652} INFO - DAG(s) dict_keys(['latest_only_with_trigger']) retrieved from /home/airflow/.local/lib/python3.7/site-packages/airflow/example_dags/example_latest_only_with_trigger.py
[2022-04-29 18:05:12,313] {logging_mixin.py:109} INFO - [2022-04-29 18:05:12,313] {dag.py:2398} INFO - Sync 1 DAGs
[2022-04-29 18:05:12,327] {logging_mixin.py:109} INFO - [2022-04-29 18:05:12,327] {dag.py:2937} INFO - Setting next_dagrun for latest_only_with_trigger to 2022-04-29T14:05:12.327534+00:00
[2022-04-29 18:05:12,521] {processor.py:171} INFO - Processing /home/airflow/.local/lib/python3.7/site-packages/airflow/example_dags/example_latest_only_with_trigger.py took 0.255 seconds
[2022-04-29 18:05:44,563] {processor.py:163} INFO - Started process (PID=15127) to work on /home/airflow/.local/lib/python3.7/site-packages/airflow/example_dags/example_latest_only_with_trigger.py
[2022-04-29 18:05:44,565] {processor.py:642} INFO - Processing file /home/airflow/.local/lib/python3.7/site-packages/airflow/example_dags/example_latest_only_with_trigger.py for tasks to queue
[2022-04-29 18:05:44,566] {logging_mixin.py:109} INFO - [2022-04-29 18:05:44,566] {dagbag.py:500} INFO - Filling up the DagBag from /home/airflow/.local/lib/python3.7/site-packages/airflow/example_dags/example_latest_only_with_trigger.py
[2022-04-29 18:05:44,576] {processor.py:652} INFO - DAG(s) dict_keys(['latest_only_with_trigger']) retrieved from /home/airflow/.local/lib/python3.7/site-packages/airflow/example_dags/example_latest_only_with_trigger.py
[2022-04-29 18:05:44,597] {logging_mixin.py:109} INFO - [2022-04-29 18:05:44,597] {dag.py:2398} INFO - Sync 1 DAGs
[2022-04-29 18:05:44,615] {logging_mixin.py:109} INFO - [2022-04-29 18:05:44,614] {dag.py:2937} INFO - Setting next_dagrun for latest_only_with_trigger to 2022-04-29T14:05:44.614659+00:00
[2022-04-29 18:05:44,630] {processor.py:171} INFO - Processing /home/airflow/.local/lib/python3.7/site-packages/airflow/example_dags/example_latest_only_with_trigger.py took 0.070 seconds
