[2022-04-29 18:01:27,883] {processor.py:163} INFO - Started process (PID=14619) to work on /home/airflow/.local/lib/python3.7/site-packages/airflow/example_dags/example_trigger_controller_dag.py
[2022-04-29 18:01:27,893] {processor.py:642} INFO - Processing file /home/airflow/.local/lib/python3.7/site-packages/airflow/example_dags/example_trigger_controller_dag.py for tasks to queue
[2022-04-29 18:01:27,898] {logging_mixin.py:109} INFO - [2022-04-29 18:01:27,897] {dagbag.py:500} INFO - Filling up the DagBag from /home/airflow/.local/lib/python3.7/site-packages/airflow/example_dags/example_trigger_controller_dag.py
[2022-04-29 18:01:27,916] {processor.py:652} INFO - DAG(s) dict_keys(['example_trigger_controller_dag']) retrieved from /home/airflow/.local/lib/python3.7/site-packages/airflow/example_dags/example_trigger_controller_dag.py
[2022-04-29 18:01:27,980] {logging_mixin.py:109} INFO - [2022-04-29 18:01:27,980] {dag.py:2398} INFO - Sync 1 DAGs
[2022-04-29 18:01:28,054] {logging_mixin.py:109} INFO - [2022-04-29 18:01:28,054] {dag.py:2937} INFO - Setting next_dagrun for example_trigger_controller_dag to 2021-01-01T00:00:00+00:00
[2022-04-29 18:01:28,158] {processor.py:171} INFO - Processing /home/airflow/.local/lib/python3.7/site-packages/airflow/example_dags/example_trigger_controller_dag.py took 0.280 seconds
[2022-04-29 18:02:09,086] {processor.py:163} INFO - Started process (PID=14683) to work on /home/airflow/.local/lib/python3.7/site-packages/airflow/example_dags/example_trigger_controller_dag.py
[2022-04-29 18:02:09,089] {processor.py:642} INFO - Processing file /home/airflow/.local/lib/python3.7/site-packages/airflow/example_dags/example_trigger_controller_dag.py for tasks to queue
[2022-04-29 18:02:09,095] {logging_mixin.py:109} INFO - [2022-04-29 18:02:09,095] {dagbag.py:500} INFO - Filling up the DagBag from /home/airflow/.local/lib/python3.7/site-packages/airflow/example_dags/example_trigger_controller_dag.py
[2022-04-29 18:02:09,117] {processor.py:652} INFO - DAG(s) dict_keys(['example_trigger_controller_dag']) retrieved from /home/airflow/.local/lib/python3.7/site-packages/airflow/example_dags/example_trigger_controller_dag.py
[2022-04-29 18:02:09,197] {logging_mixin.py:109} INFO - [2022-04-29 18:02:09,197] {dag.py:2398} INFO - Sync 1 DAGs
[2022-04-29 18:02:09,261] {logging_mixin.py:109} INFO - [2022-04-29 18:02:09,260] {dag.py:2937} INFO - Setting next_dagrun for example_trigger_controller_dag to 2021-01-01T00:00:00+00:00
[2022-04-29 18:02:09,302] {processor.py:171} INFO - Processing /home/airflow/.local/lib/python3.7/site-packages/airflow/example_dags/example_trigger_controller_dag.py took 0.220 seconds
[2022-04-29 18:02:39,543] {processor.py:163} INFO - Started process (PID=14742) to work on /home/airflow/.local/lib/python3.7/site-packages/airflow/example_dags/example_trigger_controller_dag.py
[2022-04-29 18:02:39,545] {processor.py:642} INFO - Processing file /home/airflow/.local/lib/python3.7/site-packages/airflow/example_dags/example_trigger_controller_dag.py for tasks to queue
[2022-04-29 18:02:39,547] {logging_mixin.py:109} INFO - [2022-04-29 18:02:39,547] {dagbag.py:500} INFO - Filling up the DagBag from /home/airflow/.local/lib/python3.7/site-packages/airflow/example_dags/example_trigger_controller_dag.py
[2022-04-29 18:02:39,555] {processor.py:652} INFO - DAG(s) dict_keys(['example_trigger_controller_dag']) retrieved from /home/airflow/.local/lib/python3.7/site-packages/airflow/example_dags/example_trigger_controller_dag.py
[2022-04-29 18:02:39,586] {logging_mixin.py:109} INFO - [2022-04-29 18:02:39,585] {dag.py:2398} INFO - Sync 1 DAGs
[2022-04-29 18:02:39,612] {logging_mixin.py:109} INFO - [2022-04-29 18:02:39,611] {dag.py:2937} INFO - Setting next_dagrun for example_trigger_controller_dag to 2021-01-01T00:00:00+00:00
[2022-04-29 18:02:39,730] {processor.py:171} INFO - Processing /home/airflow/.local/lib/python3.7/site-packages/airflow/example_dags/example_trigger_controller_dag.py took 0.191 seconds
[2022-04-29 18:03:10,041] {processor.py:163} INFO - Started process (PID=14802) to work on /home/airflow/.local/lib/python3.7/site-packages/airflow/example_dags/example_trigger_controller_dag.py
[2022-04-29 18:03:10,043] {processor.py:642} INFO - Processing file /home/airflow/.local/lib/python3.7/site-packages/airflow/example_dags/example_trigger_controller_dag.py for tasks to queue
[2022-04-29 18:03:10,044] {logging_mixin.py:109} INFO - [2022-04-29 18:03:10,044] {dagbag.py:500} INFO - Filling up the DagBag from /home/airflow/.local/lib/python3.7/site-packages/airflow/example_dags/example_trigger_controller_dag.py
[2022-04-29 18:03:10,050] {processor.py:652} INFO - DAG(s) dict_keys(['example_trigger_controller_dag']) retrieved from /home/airflow/.local/lib/python3.7/site-packages/airflow/example_dags/example_trigger_controller_dag.py
[2022-04-29 18:03:10,075] {logging_mixin.py:109} INFO - [2022-04-29 18:03:10,075] {dag.py:2398} INFO - Sync 1 DAGs
[2022-04-29 18:03:10,092] {logging_mixin.py:109} INFO - [2022-04-29 18:03:10,092] {dag.py:2937} INFO - Setting next_dagrun for example_trigger_controller_dag to 2021-01-01T00:00:00+00:00
[2022-04-29 18:03:10,106] {processor.py:171} INFO - Processing /home/airflow/.local/lib/python3.7/site-packages/airflow/example_dags/example_trigger_controller_dag.py took 0.069 seconds
[2022-04-29 18:03:40,316] {processor.py:163} INFO - Started process (PID=14863) to work on /home/airflow/.local/lib/python3.7/site-packages/airflow/example_dags/example_trigger_controller_dag.py
[2022-04-29 18:03:40,320] {processor.py:642} INFO - Processing file /home/airflow/.local/lib/python3.7/site-packages/airflow/example_dags/example_trigger_controller_dag.py for tasks to queue
[2022-04-29 18:03:40,321] {logging_mixin.py:109} INFO - [2022-04-29 18:03:40,321] {dagbag.py:500} INFO - Filling up the DagBag from /home/airflow/.local/lib/python3.7/site-packages/airflow/example_dags/example_trigger_controller_dag.py
[2022-04-29 18:03:40,330] {processor.py:652} INFO - DAG(s) dict_keys(['example_trigger_controller_dag']) retrieved from /home/airflow/.local/lib/python3.7/site-packages/airflow/example_dags/example_trigger_controller_dag.py
[2022-04-29 18:03:40,356] {logging_mixin.py:109} INFO - [2022-04-29 18:03:40,356] {dag.py:2398} INFO - Sync 1 DAGs
[2022-04-29 18:03:40,377] {logging_mixin.py:109} INFO - [2022-04-29 18:03:40,377] {dag.py:2937} INFO - Setting next_dagrun for example_trigger_controller_dag to 2021-01-01T00:00:00+00:00
[2022-04-29 18:03:40,394] {processor.py:171} INFO - Processing /home/airflow/.local/lib/python3.7/site-packages/airflow/example_dags/example_trigger_controller_dag.py took 0.082 seconds
[2022-04-29 18:04:10,736] {processor.py:163} INFO - Started process (PID=14925) to work on /home/airflow/.local/lib/python3.7/site-packages/airflow/example_dags/example_trigger_controller_dag.py
[2022-04-29 18:04:10,738] {processor.py:642} INFO - Processing file /home/airflow/.local/lib/python3.7/site-packages/airflow/example_dags/example_trigger_controller_dag.py for tasks to queue
[2022-04-29 18:04:10,739] {logging_mixin.py:109} INFO - [2022-04-29 18:04:10,739] {dagbag.py:500} INFO - Filling up the DagBag from /home/airflow/.local/lib/python3.7/site-packages/airflow/example_dags/example_trigger_controller_dag.py
[2022-04-29 18:04:10,746] {processor.py:652} INFO - DAG(s) dict_keys(['example_trigger_controller_dag']) retrieved from /home/airflow/.local/lib/python3.7/site-packages/airflow/example_dags/example_trigger_controller_dag.py
[2022-04-29 18:04:10,772] {logging_mixin.py:109} INFO - [2022-04-29 18:04:10,772] {dag.py:2398} INFO - Sync 1 DAGs
[2022-04-29 18:04:10,796] {logging_mixin.py:109} INFO - [2022-04-29 18:04:10,796] {dag.py:2937} INFO - Setting next_dagrun for example_trigger_controller_dag to 2021-01-01T00:00:00+00:00
[2022-04-29 18:04:10,814] {processor.py:171} INFO - Processing /home/airflow/.local/lib/python3.7/site-packages/airflow/example_dags/example_trigger_controller_dag.py took 0.082 seconds
[2022-04-29 18:04:40,952] {processor.py:163} INFO - Started process (PID=14996) to work on /home/airflow/.local/lib/python3.7/site-packages/airflow/example_dags/example_trigger_controller_dag.py
[2022-04-29 18:04:40,954] {processor.py:642} INFO - Processing file /home/airflow/.local/lib/python3.7/site-packages/airflow/example_dags/example_trigger_controller_dag.py for tasks to queue
[2022-04-29 18:04:40,955] {logging_mixin.py:109} INFO - [2022-04-29 18:04:40,955] {dagbag.py:500} INFO - Filling up the DagBag from /home/airflow/.local/lib/python3.7/site-packages/airflow/example_dags/example_trigger_controller_dag.py
[2022-04-29 18:04:40,961] {processor.py:652} INFO - DAG(s) dict_keys(['example_trigger_controller_dag']) retrieved from /home/airflow/.local/lib/python3.7/site-packages/airflow/example_dags/example_trigger_controller_dag.py
[2022-04-29 18:04:40,986] {logging_mixin.py:109} INFO - [2022-04-29 18:04:40,986] {dag.py:2398} INFO - Sync 1 DAGs
[2022-04-29 18:04:41,001] {logging_mixin.py:109} INFO - [2022-04-29 18:04:41,001] {dag.py:2937} INFO - Setting next_dagrun for example_trigger_controller_dag to 2021-01-01T00:00:00+00:00
[2022-04-29 18:04:41,022] {processor.py:171} INFO - Processing /home/airflow/.local/lib/python3.7/site-packages/airflow/example_dags/example_trigger_controller_dag.py took 0.073 seconds
[2022-04-29 18:05:11,156] {processor.py:163} INFO - Started process (PID=15057) to work on /home/airflow/.local/lib/python3.7/site-packages/airflow/example_dags/example_trigger_controller_dag.py
[2022-04-29 18:05:11,158] {processor.py:642} INFO - Processing file /home/airflow/.local/lib/python3.7/site-packages/airflow/example_dags/example_trigger_controller_dag.py for tasks to queue
[2022-04-29 18:05:11,158] {logging_mixin.py:109} INFO - [2022-04-29 18:05:11,158] {dagbag.py:500} INFO - Filling up the DagBag from /home/airflow/.local/lib/python3.7/site-packages/airflow/example_dags/example_trigger_controller_dag.py
[2022-04-29 18:05:11,164] {processor.py:652} INFO - DAG(s) dict_keys(['example_trigger_controller_dag']) retrieved from /home/airflow/.local/lib/python3.7/site-packages/airflow/example_dags/example_trigger_controller_dag.py
[2022-04-29 18:05:11,188] {logging_mixin.py:109} INFO - [2022-04-29 18:05:11,188] {dag.py:2398} INFO - Sync 1 DAGs
[2022-04-29 18:05:11,204] {logging_mixin.py:109} INFO - [2022-04-29 18:05:11,204] {dag.py:2937} INFO - Setting next_dagrun for example_trigger_controller_dag to 2021-01-01T00:00:00+00:00
[2022-04-29 18:05:11,215] {processor.py:171} INFO - Processing /home/airflow/.local/lib/python3.7/site-packages/airflow/example_dags/example_trigger_controller_dag.py took 0.062 seconds
[2022-04-29 18:05:44,551] {processor.py:163} INFO - Started process (PID=15126) to work on /home/airflow/.local/lib/python3.7/site-packages/airflow/example_dags/example_trigger_controller_dag.py
[2022-04-29 18:05:44,553] {processor.py:642} INFO - Processing file /home/airflow/.local/lib/python3.7/site-packages/airflow/example_dags/example_trigger_controller_dag.py for tasks to queue
[2022-04-29 18:05:44,554] {logging_mixin.py:109} INFO - [2022-04-29 18:05:44,554] {dagbag.py:500} INFO - Filling up the DagBag from /home/airflow/.local/lib/python3.7/site-packages/airflow/example_dags/example_trigger_controller_dag.py
[2022-04-29 18:05:44,561] {processor.py:652} INFO - DAG(s) dict_keys(['example_trigger_controller_dag']) retrieved from /home/airflow/.local/lib/python3.7/site-packages/airflow/example_dags/example_trigger_controller_dag.py
[2022-04-29 18:05:44,586] {logging_mixin.py:109} INFO - [2022-04-29 18:05:44,586] {dag.py:2398} INFO - Sync 1 DAGs
[2022-04-29 18:05:44,607] {logging_mixin.py:109} INFO - [2022-04-29 18:05:44,607] {dag.py:2937} INFO - Setting next_dagrun for example_trigger_controller_dag to 2021-01-01T00:00:00+00:00
[2022-04-29 18:05:44,623] {processor.py:171} INFO - Processing /home/airflow/.local/lib/python3.7/site-packages/airflow/example_dags/example_trigger_controller_dag.py took 0.075 seconds
