[2022-04-29 18:01:23,235] {processor.py:163} INFO - Started process (PID=14589) to work on /home/airflow/.local/lib/python3.7/site-packages/airflow/example_dags/example_branch_labels.py
[2022-04-29 18:01:23,239] {processor.py:642} INFO - Processing file /home/airflow/.local/lib/python3.7/site-packages/airflow/example_dags/example_branch_labels.py for tasks to queue
[2022-04-29 18:01:23,241] {logging_mixin.py:109} INFO - [2022-04-29 18:01:23,241] {dagbag.py:500} INFO - Filling up the DagBag from /home/airflow/.local/lib/python3.7/site-packages/airflow/example_dags/example_branch_labels.py
[2022-04-29 18:01:23,257] {processor.py:652} INFO - DAG(s) dict_keys(['example_branch_labels']) retrieved from /home/airflow/.local/lib/python3.7/site-packages/airflow/example_dags/example_branch_labels.py
[2022-04-29 18:01:23,304] {logging_mixin.py:109} INFO - [2022-04-29 18:01:23,304] {dag.py:2398} INFO - Sync 1 DAGs
[2022-04-29 18:01:23,359] {logging_mixin.py:109} INFO - [2022-04-29 18:01:23,359] {dag.py:2937} INFO - Setting next_dagrun for example_branch_labels to 2022-04-28 00:00:00+00:00
[2022-04-29 18:01:23,509] {processor.py:171} INFO - Processing /home/airflow/.local/lib/python3.7/site-packages/airflow/example_dags/example_branch_labels.py took 0.282 seconds
[2022-04-29 18:01:54,381] {processor.py:163} INFO - Started process (PID=14649) to work on /home/airflow/.local/lib/python3.7/site-packages/airflow/example_dags/example_branch_labels.py
[2022-04-29 18:01:54,384] {processor.py:642} INFO - Processing file /home/airflow/.local/lib/python3.7/site-packages/airflow/example_dags/example_branch_labels.py for tasks to queue
[2022-04-29 18:01:54,389] {logging_mixin.py:109} INFO - [2022-04-29 18:01:54,388] {dagbag.py:500} INFO - Filling up the DagBag from /home/airflow/.local/lib/python3.7/site-packages/airflow/example_dags/example_branch_labels.py
[2022-04-29 18:01:54,403] {processor.py:652} INFO - DAG(s) dict_keys(['example_branch_labels']) retrieved from /home/airflow/.local/lib/python3.7/site-packages/airflow/example_dags/example_branch_labels.py
[2022-04-29 18:01:54,453] {logging_mixin.py:109} INFO - [2022-04-29 18:01:54,452] {dag.py:2398} INFO - Sync 1 DAGs
[2022-04-29 18:01:54,528] {logging_mixin.py:109} INFO - [2022-04-29 18:01:54,528] {dag.py:2937} INFO - Setting next_dagrun for example_branch_labels to 2022-04-28 00:00:00+00:00
[2022-04-29 18:01:54,554] {processor.py:171} INFO - Processing /home/airflow/.local/lib/python3.7/site-packages/airflow/example_dags/example_branch_labels.py took 0.178 seconds
[2022-04-29 18:02:25,077] {processor.py:163} INFO - Started process (PID=14709) to work on /home/airflow/.local/lib/python3.7/site-packages/airflow/example_dags/example_branch_labels.py
[2022-04-29 18:02:25,081] {processor.py:642} INFO - Processing file /home/airflow/.local/lib/python3.7/site-packages/airflow/example_dags/example_branch_labels.py for tasks to queue
[2022-04-29 18:02:25,085] {logging_mixin.py:109} INFO - [2022-04-29 18:02:25,084] {dagbag.py:500} INFO - Filling up the DagBag from /home/airflow/.local/lib/python3.7/site-packages/airflow/example_dags/example_branch_labels.py
[2022-04-29 18:02:25,101] {processor.py:652} INFO - DAG(s) dict_keys(['example_branch_labels']) retrieved from /home/airflow/.local/lib/python3.7/site-packages/airflow/example_dags/example_branch_labels.py
[2022-04-29 18:02:25,155] {logging_mixin.py:109} INFO - [2022-04-29 18:02:25,154] {dag.py:2398} INFO - Sync 1 DAGs
[2022-04-29 18:02:25,212] {logging_mixin.py:109} INFO - [2022-04-29 18:02:25,212] {dag.py:2937} INFO - Setting next_dagrun for example_branch_labels to 2022-04-28 00:00:00+00:00
[2022-04-29 18:02:25,239] {processor.py:171} INFO - Processing /home/airflow/.local/lib/python3.7/site-packages/airflow/example_dags/example_branch_labels.py took 0.168 seconds
[2022-04-29 18:02:55,756] {processor.py:163} INFO - Started process (PID=14768) to work on /home/airflow/.local/lib/python3.7/site-packages/airflow/example_dags/example_branch_labels.py
[2022-04-29 18:02:55,758] {processor.py:642} INFO - Processing file /home/airflow/.local/lib/python3.7/site-packages/airflow/example_dags/example_branch_labels.py for tasks to queue
[2022-04-29 18:02:55,762] {logging_mixin.py:109} INFO - [2022-04-29 18:02:55,762] {dagbag.py:500} INFO - Filling up the DagBag from /home/airflow/.local/lib/python3.7/site-packages/airflow/example_dags/example_branch_labels.py
[2022-04-29 18:02:55,778] {processor.py:652} INFO - DAG(s) dict_keys(['example_branch_labels']) retrieved from /home/airflow/.local/lib/python3.7/site-packages/airflow/example_dags/example_branch_labels.py
[2022-04-29 18:02:55,819] {logging_mixin.py:109} INFO - [2022-04-29 18:02:55,819] {dag.py:2398} INFO - Sync 1 DAGs
[2022-04-29 18:02:55,855] {logging_mixin.py:109} INFO - [2022-04-29 18:02:55,854] {dag.py:2937} INFO - Setting next_dagrun for example_branch_labels to 2022-04-28 00:00:00+00:00
[2022-04-29 18:02:55,878] {processor.py:171} INFO - Processing /home/airflow/.local/lib/python3.7/site-packages/airflow/example_dags/example_branch_labels.py took 0.127 seconds
[2022-04-29 18:03:26,025] {processor.py:163} INFO - Started process (PID=14829) to work on /home/airflow/.local/lib/python3.7/site-packages/airflow/example_dags/example_branch_labels.py
[2022-04-29 18:03:26,027] {processor.py:642} INFO - Processing file /home/airflow/.local/lib/python3.7/site-packages/airflow/example_dags/example_branch_labels.py for tasks to queue
[2022-04-29 18:03:26,028] {logging_mixin.py:109} INFO - [2022-04-29 18:03:26,027] {dagbag.py:500} INFO - Filling up the DagBag from /home/airflow/.local/lib/python3.7/site-packages/airflow/example_dags/example_branch_labels.py
[2022-04-29 18:03:26,036] {processor.py:652} INFO - DAG(s) dict_keys(['example_branch_labels']) retrieved from /home/airflow/.local/lib/python3.7/site-packages/airflow/example_dags/example_branch_labels.py
[2022-04-29 18:03:26,058] {logging_mixin.py:109} INFO - [2022-04-29 18:03:26,058] {dag.py:2398} INFO - Sync 1 DAGs
[2022-04-29 18:03:26,077] {logging_mixin.py:109} INFO - [2022-04-29 18:03:26,076] {dag.py:2937} INFO - Setting next_dagrun for example_branch_labels to 2022-04-28 00:00:00+00:00
[2022-04-29 18:03:26,088] {processor.py:171} INFO - Processing /home/airflow/.local/lib/python3.7/site-packages/airflow/example_dags/example_branch_labels.py took 0.067 seconds
[2022-04-29 18:03:56,508] {processor.py:163} INFO - Started process (PID=14889) to work on /home/airflow/.local/lib/python3.7/site-packages/airflow/example_dags/example_branch_labels.py
[2022-04-29 18:03:56,510] {processor.py:642} INFO - Processing file /home/airflow/.local/lib/python3.7/site-packages/airflow/example_dags/example_branch_labels.py for tasks to queue
[2022-04-29 18:03:56,512] {logging_mixin.py:109} INFO - [2022-04-29 18:03:56,511] {dagbag.py:500} INFO - Filling up the DagBag from /home/airflow/.local/lib/python3.7/site-packages/airflow/example_dags/example_branch_labels.py
[2022-04-29 18:03:56,535] {processor.py:652} INFO - DAG(s) dict_keys(['example_branch_labels']) retrieved from /home/airflow/.local/lib/python3.7/site-packages/airflow/example_dags/example_branch_labels.py
[2022-04-29 18:03:56,581] {logging_mixin.py:109} INFO - [2022-04-29 18:03:56,581] {dag.py:2398} INFO - Sync 1 DAGs
[2022-04-29 18:03:56,607] {logging_mixin.py:109} INFO - [2022-04-29 18:03:56,607] {dag.py:2937} INFO - Setting next_dagrun for example_branch_labels to 2022-04-28 00:00:00+00:00
[2022-04-29 18:03:56,639] {processor.py:171} INFO - Processing /home/airflow/.local/lib/python3.7/site-packages/airflow/example_dags/example_branch_labels.py took 0.139 seconds
[2022-04-29 18:04:26,822] {processor.py:163} INFO - Started process (PID=14962) to work on /home/airflow/.local/lib/python3.7/site-packages/airflow/example_dags/example_branch_labels.py
[2022-04-29 18:04:26,823] {processor.py:642} INFO - Processing file /home/airflow/.local/lib/python3.7/site-packages/airflow/example_dags/example_branch_labels.py for tasks to queue
[2022-04-29 18:04:26,825] {logging_mixin.py:109} INFO - [2022-04-29 18:04:26,825] {dagbag.py:500} INFO - Filling up the DagBag from /home/airflow/.local/lib/python3.7/site-packages/airflow/example_dags/example_branch_labels.py
[2022-04-29 18:04:26,832] {processor.py:652} INFO - DAG(s) dict_keys(['example_branch_labels']) retrieved from /home/airflow/.local/lib/python3.7/site-packages/airflow/example_dags/example_branch_labels.py
[2022-04-29 18:04:26,859] {logging_mixin.py:109} INFO - [2022-04-29 18:04:26,859] {dag.py:2398} INFO - Sync 1 DAGs
[2022-04-29 18:04:26,880] {logging_mixin.py:109} INFO - [2022-04-29 18:04:26,880] {dag.py:2937} INFO - Setting next_dagrun for example_branch_labels to 2022-04-28 00:00:00+00:00
[2022-04-29 18:04:26,893] {processor.py:171} INFO - Processing /home/airflow/.local/lib/python3.7/site-packages/airflow/example_dags/example_branch_labels.py took 0.075 seconds
[2022-04-29 18:04:57,047] {processor.py:163} INFO - Started process (PID=15023) to work on /home/airflow/.local/lib/python3.7/site-packages/airflow/example_dags/example_branch_labels.py
[2022-04-29 18:04:57,048] {processor.py:642} INFO - Processing file /home/airflow/.local/lib/python3.7/site-packages/airflow/example_dags/example_branch_labels.py for tasks to queue
[2022-04-29 18:04:57,049] {logging_mixin.py:109} INFO - [2022-04-29 18:04:57,049] {dagbag.py:500} INFO - Filling up the DagBag from /home/airflow/.local/lib/python3.7/site-packages/airflow/example_dags/example_branch_labels.py
[2022-04-29 18:04:57,057] {processor.py:652} INFO - DAG(s) dict_keys(['example_branch_labels']) retrieved from /home/airflow/.local/lib/python3.7/site-packages/airflow/example_dags/example_branch_labels.py
[2022-04-29 18:04:57,075] {logging_mixin.py:109} INFO - [2022-04-29 18:04:57,075] {dag.py:2398} INFO - Sync 1 DAGs
[2022-04-29 18:04:57,093] {logging_mixin.py:109} INFO - [2022-04-29 18:04:57,093] {dag.py:2937} INFO - Setting next_dagrun for example_branch_labels to 2022-04-28 00:00:00+00:00
[2022-04-29 18:04:57,105] {processor.py:171} INFO - Processing /home/airflow/.local/lib/python3.7/site-packages/airflow/example_dags/example_branch_labels.py took 0.061 seconds
[2022-04-29 18:05:27,556] {processor.py:163} INFO - Started process (PID=15093) to work on /home/airflow/.local/lib/python3.7/site-packages/airflow/example_dags/example_branch_labels.py
[2022-04-29 18:05:27,558] {processor.py:642} INFO - Processing file /home/airflow/.local/lib/python3.7/site-packages/airflow/example_dags/example_branch_labels.py for tasks to queue
[2022-04-29 18:05:27,559] {logging_mixin.py:109} INFO - [2022-04-29 18:05:27,559] {dagbag.py:500} INFO - Filling up the DagBag from /home/airflow/.local/lib/python3.7/site-packages/airflow/example_dags/example_branch_labels.py
[2022-04-29 18:05:27,565] {processor.py:652} INFO - DAG(s) dict_keys(['example_branch_labels']) retrieved from /home/airflow/.local/lib/python3.7/site-packages/airflow/example_dags/example_branch_labels.py
[2022-04-29 18:05:27,589] {logging_mixin.py:109} INFO - [2022-04-29 18:05:27,589] {dag.py:2398} INFO - Sync 1 DAGs
[2022-04-29 18:05:27,604] {logging_mixin.py:109} INFO - [2022-04-29 18:05:27,604] {dag.py:2937} INFO - Setting next_dagrun for example_branch_labels to 2022-04-28 00:00:00+00:00
[2022-04-29 18:05:27,615] {processor.py:171} INFO - Processing /home/airflow/.local/lib/python3.7/site-packages/airflow/example_dags/example_branch_labels.py took 0.062 seconds
