[2022-04-29 18:01:24,233] {processor.py:163} INFO - Started process (PID=14595) to work on /home/airflow/.local/lib/python3.7/site-packages/airflow/example_dags/tutorial_taskflow_api_etl.py
[2022-04-29 18:01:24,242] {processor.py:642} INFO - Processing file /home/airflow/.local/lib/python3.7/site-packages/airflow/example_dags/tutorial_taskflow_api_etl.py for tasks to queue
[2022-04-29 18:01:24,247] {logging_mixin.py:109} INFO - [2022-04-29 18:01:24,247] {dagbag.py:500} INFO - Filling up the DagBag from /home/airflow/.local/lib/python3.7/site-packages/airflow/example_dags/tutorial_taskflow_api_etl.py
[2022-04-29 18:01:24,281] {processor.py:652} INFO - DAG(s) dict_keys(['tutorial_taskflow_api_etl']) retrieved from /home/airflow/.local/lib/python3.7/site-packages/airflow/example_dags/tutorial_taskflow_api_etl.py
[2022-04-29 18:01:25,146] {logging_mixin.py:109} INFO - [2022-04-29 18:01:25,146] {dag.py:2398} INFO - Sync 1 DAGs
[2022-04-29 18:01:25,192] {logging_mixin.py:109} INFO - [2022-04-29 18:01:25,191] {dag.py:2937} INFO - Setting next_dagrun for tutorial_taskflow_api_etl to None
[2022-04-29 18:01:25,232] {processor.py:171} INFO - Processing /home/airflow/.local/lib/python3.7/site-packages/airflow/example_dags/tutorial_taskflow_api_etl.py took 1.005 seconds
[2022-04-29 18:01:55,470] {processor.py:163} INFO - Started process (PID=14657) to work on /home/airflow/.local/lib/python3.7/site-packages/airflow/example_dags/tutorial_taskflow_api_etl.py
[2022-04-29 18:01:55,474] {processor.py:642} INFO - Processing file /home/airflow/.local/lib/python3.7/site-packages/airflow/example_dags/tutorial_taskflow_api_etl.py for tasks to queue
[2022-04-29 18:01:55,475] {logging_mixin.py:109} INFO - [2022-04-29 18:01:55,475] {dagbag.py:500} INFO - Filling up the DagBag from /home/airflow/.local/lib/python3.7/site-packages/airflow/example_dags/tutorial_taskflow_api_etl.py
[2022-04-29 18:01:55,498] {processor.py:652} INFO - DAG(s) dict_keys(['tutorial_taskflow_api_etl']) retrieved from /home/airflow/.local/lib/python3.7/site-packages/airflow/example_dags/tutorial_taskflow_api_etl.py
[2022-04-29 18:01:56,078] {logging_mixin.py:109} INFO - [2022-04-29 18:01:56,078] {dag.py:2398} INFO - Sync 1 DAGs
[2022-04-29 18:01:56,108] {logging_mixin.py:109} INFO - [2022-04-29 18:01:56,108] {dag.py:2937} INFO - Setting next_dagrun for tutorial_taskflow_api_etl to None
[2022-04-29 18:01:56,141] {processor.py:171} INFO - Processing /home/airflow/.local/lib/python3.7/site-packages/airflow/example_dags/tutorial_taskflow_api_etl.py took 0.682 seconds
[2022-04-29 18:02:26,955] {processor.py:163} INFO - Started process (PID=14717) to work on /home/airflow/.local/lib/python3.7/site-packages/airflow/example_dags/tutorial_taskflow_api_etl.py
[2022-04-29 18:02:26,957] {processor.py:642} INFO - Processing file /home/airflow/.local/lib/python3.7/site-packages/airflow/example_dags/tutorial_taskflow_api_etl.py for tasks to queue
[2022-04-29 18:02:26,959] {logging_mixin.py:109} INFO - [2022-04-29 18:02:26,958] {dagbag.py:500} INFO - Filling up the DagBag from /home/airflow/.local/lib/python3.7/site-packages/airflow/example_dags/tutorial_taskflow_api_etl.py
[2022-04-29 18:02:26,995] {processor.py:652} INFO - DAG(s) dict_keys(['tutorial_taskflow_api_etl']) retrieved from /home/airflow/.local/lib/python3.7/site-packages/airflow/example_dags/tutorial_taskflow_api_etl.py
[2022-04-29 18:02:28,149] {logging_mixin.py:109} INFO - [2022-04-29 18:02:28,149] {dag.py:2398} INFO - Sync 1 DAGs
[2022-04-29 18:02:28,187] {logging_mixin.py:109} INFO - [2022-04-29 18:02:28,187] {dag.py:2937} INFO - Setting next_dagrun for tutorial_taskflow_api_etl to None
[2022-04-29 18:02:28,222] {processor.py:171} INFO - Processing /home/airflow/.local/lib/python3.7/site-packages/airflow/example_dags/tutorial_taskflow_api_etl.py took 1.277 seconds
[2022-04-29 18:02:58,313] {processor.py:163} INFO - Started process (PID=14780) to work on /home/airflow/.local/lib/python3.7/site-packages/airflow/example_dags/tutorial_taskflow_api_etl.py
[2022-04-29 18:02:58,315] {processor.py:642} INFO - Processing file /home/airflow/.local/lib/python3.7/site-packages/airflow/example_dags/tutorial_taskflow_api_etl.py for tasks to queue
[2022-04-29 18:02:58,317] {logging_mixin.py:109} INFO - [2022-04-29 18:02:58,316] {dagbag.py:500} INFO - Filling up the DagBag from /home/airflow/.local/lib/python3.7/site-packages/airflow/example_dags/tutorial_taskflow_api_etl.py
[2022-04-29 18:02:58,337] {processor.py:652} INFO - DAG(s) dict_keys(['tutorial_taskflow_api_etl']) retrieved from /home/airflow/.local/lib/python3.7/site-packages/airflow/example_dags/tutorial_taskflow_api_etl.py
[2022-04-29 18:02:58,923] {logging_mixin.py:109} INFO - [2022-04-29 18:02:58,923] {dag.py:2398} INFO - Sync 1 DAGs
[2022-04-29 18:02:58,953] {logging_mixin.py:109} INFO - [2022-04-29 18:02:58,953] {dag.py:2937} INFO - Setting next_dagrun for tutorial_taskflow_api_etl to None
[2022-04-29 18:02:58,978] {processor.py:171} INFO - Processing /home/airflow/.local/lib/python3.7/site-packages/airflow/example_dags/tutorial_taskflow_api_etl.py took 0.669 seconds
[2022-04-29 18:03:29,045] {processor.py:163} INFO - Started process (PID=14841) to work on /home/airflow/.local/lib/python3.7/site-packages/airflow/example_dags/tutorial_taskflow_api_etl.py
[2022-04-29 18:03:29,047] {processor.py:642} INFO - Processing file /home/airflow/.local/lib/python3.7/site-packages/airflow/example_dags/tutorial_taskflow_api_etl.py for tasks to queue
[2022-04-29 18:03:29,048] {logging_mixin.py:109} INFO - [2022-04-29 18:03:29,048] {dagbag.py:500} INFO - Filling up the DagBag from /home/airflow/.local/lib/python3.7/site-packages/airflow/example_dags/tutorial_taskflow_api_etl.py
[2022-04-29 18:03:29,068] {processor.py:652} INFO - DAG(s) dict_keys(['tutorial_taskflow_api_etl']) retrieved from /home/airflow/.local/lib/python3.7/site-packages/airflow/example_dags/tutorial_taskflow_api_etl.py
[2022-04-29 18:03:29,424] {logging_mixin.py:109} INFO - [2022-04-29 18:03:29,424] {dag.py:2398} INFO - Sync 1 DAGs
[2022-04-29 18:03:29,440] {logging_mixin.py:109} INFO - [2022-04-29 18:03:29,440] {dag.py:2937} INFO - Setting next_dagrun for tutorial_taskflow_api_etl to None
[2022-04-29 18:03:29,455] {processor.py:171} INFO - Processing /home/airflow/.local/lib/python3.7/site-packages/airflow/example_dags/tutorial_taskflow_api_etl.py took 0.415 seconds
[2022-04-29 18:04:00,465] {processor.py:163} INFO - Started process (PID=14913) to work on /home/airflow/.local/lib/python3.7/site-packages/airflow/example_dags/tutorial_taskflow_api_etl.py
[2022-04-29 18:04:00,467] {processor.py:642} INFO - Processing file /home/airflow/.local/lib/python3.7/site-packages/airflow/example_dags/tutorial_taskflow_api_etl.py for tasks to queue
[2022-04-29 18:04:00,469] {logging_mixin.py:109} INFO - [2022-04-29 18:04:00,468] {dagbag.py:500} INFO - Filling up the DagBag from /home/airflow/.local/lib/python3.7/site-packages/airflow/example_dags/tutorial_taskflow_api_etl.py
[2022-04-29 18:04:00,483] {processor.py:652} INFO - DAG(s) dict_keys(['tutorial_taskflow_api_etl']) retrieved from /home/airflow/.local/lib/python3.7/site-packages/airflow/example_dags/tutorial_taskflow_api_etl.py
[2022-04-29 18:04:00,985] {logging_mixin.py:109} INFO - [2022-04-29 18:04:00,985] {dag.py:2398} INFO - Sync 1 DAGs
[2022-04-29 18:04:01,010] {logging_mixin.py:109} INFO - [2022-04-29 18:04:01,009] {dag.py:2937} INFO - Setting next_dagrun for tutorial_taskflow_api_etl to None
[2022-04-29 18:04:01,034] {processor.py:171} INFO - Processing /home/airflow/.local/lib/python3.7/site-packages/airflow/example_dags/tutorial_taskflow_api_etl.py took 0.573 seconds
[2022-04-29 18:04:31,817] {processor.py:163} INFO - Started process (PID=14974) to work on /home/airflow/.local/lib/python3.7/site-packages/airflow/example_dags/tutorial_taskflow_api_etl.py
[2022-04-29 18:04:31,818] {processor.py:642} INFO - Processing file /home/airflow/.local/lib/python3.7/site-packages/airflow/example_dags/tutorial_taskflow_api_etl.py for tasks to queue
[2022-04-29 18:04:31,820] {logging_mixin.py:109} INFO - [2022-04-29 18:04:31,819] {dagbag.py:500} INFO - Filling up the DagBag from /home/airflow/.local/lib/python3.7/site-packages/airflow/example_dags/tutorial_taskflow_api_etl.py
[2022-04-29 18:04:31,832] {processor.py:652} INFO - DAG(s) dict_keys(['tutorial_taskflow_api_etl']) retrieved from /home/airflow/.local/lib/python3.7/site-packages/airflow/example_dags/tutorial_taskflow_api_etl.py
[2022-04-29 18:04:32,201] {logging_mixin.py:109} INFO - [2022-04-29 18:04:32,201] {dag.py:2398} INFO - Sync 1 DAGs
[2022-04-29 18:04:32,215] {logging_mixin.py:109} INFO - [2022-04-29 18:04:32,214] {dag.py:2937} INFO - Setting next_dagrun for tutorial_taskflow_api_etl to None
[2022-04-29 18:04:32,232] {processor.py:171} INFO - Processing /home/airflow/.local/lib/python3.7/site-packages/airflow/example_dags/tutorial_taskflow_api_etl.py took 0.419 seconds
[2022-04-29 18:05:02,357] {processor.py:163} INFO - Started process (PID=15046) to work on /home/airflow/.local/lib/python3.7/site-packages/airflow/example_dags/tutorial_taskflow_api_etl.py
[2022-04-29 18:05:02,359] {processor.py:642} INFO - Processing file /home/airflow/.local/lib/python3.7/site-packages/airflow/example_dags/tutorial_taskflow_api_etl.py for tasks to queue
[2022-04-29 18:05:02,360] {logging_mixin.py:109} INFO - [2022-04-29 18:05:02,360] {dagbag.py:500} INFO - Filling up the DagBag from /home/airflow/.local/lib/python3.7/site-packages/airflow/example_dags/tutorial_taskflow_api_etl.py
[2022-04-29 18:05:02,375] {processor.py:652} INFO - DAG(s) dict_keys(['tutorial_taskflow_api_etl']) retrieved from /home/airflow/.local/lib/python3.7/site-packages/airflow/example_dags/tutorial_taskflow_api_etl.py
[2022-04-29 18:05:02,672] {logging_mixin.py:109} INFO - [2022-04-29 18:05:02,672] {dag.py:2398} INFO - Sync 1 DAGs
[2022-04-29 18:05:02,684] {logging_mixin.py:109} INFO - [2022-04-29 18:05:02,684] {dag.py:2937} INFO - Setting next_dagrun for tutorial_taskflow_api_etl to None
[2022-04-29 18:05:02,701] {processor.py:171} INFO - Processing /home/airflow/.local/lib/python3.7/site-packages/airflow/example_dags/tutorial_taskflow_api_etl.py took 0.347 seconds
[2022-04-29 18:05:32,797] {processor.py:163} INFO - Started process (PID=15106) to work on /home/airflow/.local/lib/python3.7/site-packages/airflow/example_dags/tutorial_taskflow_api_etl.py
[2022-04-29 18:05:32,799] {processor.py:642} INFO - Processing file /home/airflow/.local/lib/python3.7/site-packages/airflow/example_dags/tutorial_taskflow_api_etl.py for tasks to queue
[2022-04-29 18:05:32,800] {logging_mixin.py:109} INFO - [2022-04-29 18:05:32,800] {dagbag.py:500} INFO - Filling up the DagBag from /home/airflow/.local/lib/python3.7/site-packages/airflow/example_dags/tutorial_taskflow_api_etl.py
[2022-04-29 18:05:32,812] {processor.py:652} INFO - DAG(s) dict_keys(['tutorial_taskflow_api_etl']) retrieved from /home/airflow/.local/lib/python3.7/site-packages/airflow/example_dags/tutorial_taskflow_api_etl.py
[2022-04-29 18:05:33,145] {logging_mixin.py:109} INFO - [2022-04-29 18:05:33,145] {dag.py:2398} INFO - Sync 1 DAGs
[2022-04-29 18:05:33,155] {logging_mixin.py:109} INFO - [2022-04-29 18:05:33,155] {dag.py:2937} INFO - Setting next_dagrun for tutorial_taskflow_api_etl to None
[2022-04-29 18:05:33,167] {processor.py:171} INFO - Processing /home/airflow/.local/lib/python3.7/site-packages/airflow/example_dags/tutorial_taskflow_api_etl.py took 0.374 seconds
