[2022-04-27 10:05:21,550] {taskinstance.py:1043} INFO - Dependencies all met for <TaskInstance: first.process manual__2022-04-27T10:05:20.037814+00:00 [queued]>
[2022-04-27 10:05:21,565] {taskinstance.py:1043} INFO - Dependencies all met for <TaskInstance: first.process manual__2022-04-27T10:05:20.037814+00:00 [queued]>
[2022-04-27 10:05:21,565] {taskinstance.py:1249} INFO - 
--------------------------------------------------------------------------------
[2022-04-27 10:05:21,566] {taskinstance.py:1250} INFO - Starting attempt 1 of 2
[2022-04-27 10:05:21,566] {taskinstance.py:1251} INFO - 
--------------------------------------------------------------------------------
[2022-04-27 10:05:21,586] {taskinstance.py:1270} INFO - Executing <Task(PythonOperator): process> on 2022-04-27 10:05:20.037814+00:00
[2022-04-27 10:05:21,593] {standard_task_runner.py:52} INFO - Started process 3242 to run task
[2022-04-27 10:05:21,598] {standard_task_runner.py:79} INFO - Running: ['***', 'tasks', 'run', 'first', 'process', 'manual__2022-04-27T10:05:20.037814+00:00', '--job-id', '10', '--raw', '--subdir', 'DAGS_FOLDER/first.py', '--cfg-path', '/tmp/tmpw25wzeu9', '--error-file', '/tmp/tmpc13hvux6']
[2022-04-27 10:05:21,599] {standard_task_runner.py:80} INFO - Job 10: Subtask process
[2022-04-27 10:05:21,696] {logging_mixin.py:109} INFO - Running <TaskInstance: first.process manual__2022-04-27T10:05:20.037814+00:00 [running]> on host 65467f9f0591
[2022-04-27 10:05:21,768] {taskinstance.py:1448} INFO - Exporting the following env vars:
AIRFLOW_CTX_DAG_EMAIL=***@example.com
AIRFLOW_CTX_DAG_OWNER=***
AIRFLOW_CTX_DAG_ID=first
AIRFLOW_CTX_TASK_ID=process
AIRFLOW_CTX_EXECUTION_DATE=2022-04-27T10:05:20.037814+00:00
AIRFLOW_CTX_DAG_RUN_ID=manual__2022-04-27T10:05:20.037814+00:00
[2022-04-27 10:05:21,770] {first.py:25} INFO - performing processing
[2022-04-27 10:05:21,771] {python.py:175} INFO - Done. Returned value was: None
[2022-04-27 10:05:21,787] {taskinstance.py:1288} INFO - Marking task as SUCCESS. dag_id=first, task_id=process, execution_date=20220427T100520, start_date=20220427T100521, end_date=20220427T100521
[2022-04-27 10:05:21,813] {local_task_job.py:154} INFO - Task exited with return code 0
[2022-04-27 10:05:21,860] {local_task_job.py:264} INFO - 1 downstream tasks scheduled from follow-on schedule check
