[2022-04-26 11:27:40,474] {taskinstance.py:1043} INFO - Dependencies all met for <TaskInstance: example_bash_operator.runme_1 manual__2022-04-26T11:27:38.097902+00:00 [queued]>
[2022-04-26 11:27:40,504] {taskinstance.py:1043} INFO - Dependencies all met for <TaskInstance: example_bash_operator.runme_1 manual__2022-04-26T11:27:38.097902+00:00 [queued]>
[2022-04-26 11:27:40,508] {taskinstance.py:1249} INFO - 
--------------------------------------------------------------------------------
[2022-04-26 11:27:40,511] {taskinstance.py:1250} INFO - Starting attempt 1 of 1
[2022-04-26 11:27:40,511] {taskinstance.py:1251} INFO - 
--------------------------------------------------------------------------------
[2022-04-26 11:27:40,549] {taskinstance.py:1270} INFO - Executing <Task(BashOperator): runme_1> on 2022-04-26 11:27:38.097902+00:00
[2022-04-26 11:27:40,557] {standard_task_runner.py:52} INFO - Started process 6136 to run task
[2022-04-26 11:27:40,567] {standard_task_runner.py:79} INFO - Running: ['***', 'tasks', 'run', 'example_bash_operator', 'runme_1', 'manual__2022-04-26T11:27:38.097902+00:00', '--job-id', '5', '--raw', '--subdir', '/home/***/.local/lib/python3.7/site-packages/***/example_dags/example_bash_operator.py', '--cfg-path', '/tmp/tmpy8tdypfb', '--error-file', '/tmp/tmpg807ae3o']
[2022-04-26 11:27:40,568] {standard_task_runner.py:80} INFO - Job 5: Subtask runme_1
[2022-04-26 11:27:40,768] {logging_mixin.py:109} INFO - Running <TaskInstance: example_bash_operator.runme_1 manual__2022-04-26T11:27:38.097902+00:00 [running]> on host c6f211ee236a
[2022-04-26 11:27:41,964] {taskinstance.py:1448} INFO - Exporting the following env vars:
AIRFLOW_CTX_DAG_OWNER=***
AIRFLOW_CTX_DAG_ID=example_bash_operator
AIRFLOW_CTX_TASK_ID=runme_1
AIRFLOW_CTX_EXECUTION_DATE=2022-04-26T11:27:38.097902+00:00
AIRFLOW_CTX_DAG_RUN_ID=manual__2022-04-26T11:27:38.097902+00:00
[2022-04-26 11:27:41,965] {subprocess.py:62} INFO - Tmp dir root location: 
 /tmp
[2022-04-26 11:27:41,972] {subprocess.py:74} INFO - Running command: ['bash', '-c', 'echo "example_bash_operator__runme_1__20220426" && sleep 1']
[2022-04-26 11:27:41,992] {subprocess.py:85} INFO - Output:
[2022-04-26 11:27:41,997] {subprocess.py:89} INFO - example_bash_operator__runme_1__20220426
[2022-04-26 11:27:42,999] {subprocess.py:93} INFO - Command exited with return code 0
[2022-04-26 11:27:43,029] {taskinstance.py:1288} INFO - Marking task as SUCCESS. dag_id=example_bash_operator, task_id=runme_1, execution_date=20220426T112738, start_date=20220426T112740, end_date=20220426T112743
[2022-04-26 11:27:43,063] {local_task_job.py:154} INFO - Task exited with return code 0
[2022-04-26 11:27:43,102] {local_task_job.py:264} INFO - 0 downstream tasks scheduled from follow-on schedule check
