[2022-05-04 15:27:01,869] {processor.py:163} INFO - Started process (PID=15166) to work on /opt/airflow/dags/ej1.py
[2022-05-04 15:27:01,884] {processor.py:642} INFO - Processing file /opt/airflow/dags/ej1.py for tasks to queue
[2022-05-04 15:27:01,889] {logging_mixin.py:109} INFO - [2022-05-04 15:27:01,889] {dagbag.py:500} INFO - Filling up the DagBag from /opt/airflow/dags/ej1.py
[2022-05-04 15:27:02,144] {processor.py:652} INFO - DAG(s) dict_keys(['ej1']) retrieved from /opt/airflow/dags/ej1.py
[2022-05-04 15:27:03,495] {logging_mixin.py:109} INFO - [2022-05-04 15:27:03,494] {dag.py:2398} INFO - Sync 1 DAGs
[2022-05-04 15:27:03,570] {logging_mixin.py:109} INFO - [2022-05-04 15:27:03,570] {dag.py:2937} INFO - Setting next_dagrun for ej1 to 2022-05-02T00:00:00+00:00
[2022-05-04 15:27:08,417] {processor.py:171} INFO - Processing /opt/airflow/dags/ej1.py took 6.553 seconds
[2022-05-04 15:27:38,812] {processor.py:163} INFO - Started process (PID=15227) to work on /opt/airflow/dags/ej1.py
[2022-05-04 15:27:38,815] {processor.py:642} INFO - Processing file /opt/airflow/dags/ej1.py for tasks to queue
[2022-05-04 15:27:38,817] {logging_mixin.py:109} INFO - [2022-05-04 15:27:38,816] {dagbag.py:500} INFO - Filling up the DagBag from /opt/airflow/dags/ej1.py
[2022-05-04 15:27:38,858] {processor.py:652} INFO - DAG(s) dict_keys(['ej1']) retrieved from /opt/airflow/dags/ej1.py
[2022-05-04 15:27:38,909] {logging_mixin.py:109} INFO - [2022-05-04 15:27:38,908] {dag.py:2398} INFO - Sync 1 DAGs
[2022-05-04 15:27:38,956] {logging_mixin.py:109} INFO - [2022-05-04 15:27:38,955] {dag.py:2937} INFO - Setting next_dagrun for ej1 to 2022-05-02T00:00:00+00:00
[2022-05-04 15:27:38,979] {processor.py:171} INFO - Processing /opt/airflow/dags/ej1.py took 0.174 seconds
[2022-05-04 15:28:09,313] {processor.py:163} INFO - Started process (PID=15288) to work on /opt/airflow/dags/ej1.py
[2022-05-04 15:28:09,315] {processor.py:642} INFO - Processing file /opt/airflow/dags/ej1.py for tasks to queue
[2022-05-04 15:28:09,317] {logging_mixin.py:109} INFO - [2022-05-04 15:28:09,317] {dagbag.py:500} INFO - Filling up the DagBag from /opt/airflow/dags/ej1.py
[2022-05-04 15:28:09,353] {processor.py:652} INFO - DAG(s) dict_keys(['ej1']) retrieved from /opt/airflow/dags/ej1.py
[2022-05-04 15:28:09,396] {logging_mixin.py:109} INFO - [2022-05-04 15:28:09,396] {dag.py:2398} INFO - Sync 1 DAGs
[2022-05-04 15:28:09,444] {logging_mixin.py:109} INFO - [2022-05-04 15:28:09,444] {dag.py:2937} INFO - Setting next_dagrun for ej1 to 2022-05-02T00:00:00+00:00
[2022-05-04 15:28:09,476] {processor.py:171} INFO - Processing /opt/airflow/dags/ej1.py took 0.178 seconds
[2022-05-04 15:28:39,769] {processor.py:163} INFO - Started process (PID=15349) to work on /opt/airflow/dags/ej1.py
[2022-05-04 15:28:39,772] {processor.py:642} INFO - Processing file /opt/airflow/dags/ej1.py for tasks to queue
[2022-05-04 15:28:39,774] {logging_mixin.py:109} INFO - [2022-05-04 15:28:39,773] {dagbag.py:500} INFO - Filling up the DagBag from /opt/airflow/dags/ej1.py
[2022-05-04 15:28:39,805] {processor.py:652} INFO - DAG(s) dict_keys(['ej1']) retrieved from /opt/airflow/dags/ej1.py
[2022-05-04 15:28:39,853] {logging_mixin.py:109} INFO - [2022-05-04 15:28:39,853] {dag.py:2398} INFO - Sync 1 DAGs
[2022-05-04 15:28:39,887] {logging_mixin.py:109} INFO - [2022-05-04 15:28:39,887] {dag.py:2937} INFO - Setting next_dagrun for ej1 to 2022-05-02T00:00:00+00:00
[2022-05-04 15:28:39,912] {processor.py:171} INFO - Processing /opt/airflow/dags/ej1.py took 0.148 seconds
[2022-05-04 15:29:10,248] {processor.py:163} INFO - Started process (PID=15408) to work on /opt/airflow/dags/ej1.py
[2022-05-04 15:29:10,251] {processor.py:642} INFO - Processing file /opt/airflow/dags/ej1.py for tasks to queue
[2022-05-04 15:29:10,252] {logging_mixin.py:109} INFO - [2022-05-04 15:29:10,252] {dagbag.py:500} INFO - Filling up the DagBag from /opt/airflow/dags/ej1.py
[2022-05-04 15:29:10,296] {processor.py:652} INFO - DAG(s) dict_keys(['ej1']) retrieved from /opt/airflow/dags/ej1.py
[2022-05-04 15:29:10,326] {logging_mixin.py:109} INFO - [2022-05-04 15:29:10,326] {dag.py:2398} INFO - Sync 1 DAGs
[2022-05-04 15:29:10,350] {logging_mixin.py:109} INFO - [2022-05-04 15:29:10,350] {dag.py:2937} INFO - Setting next_dagrun for ej1 to 2022-05-02T00:00:00+00:00
[2022-05-04 15:29:10,367] {processor.py:171} INFO - Processing /opt/airflow/dags/ej1.py took 0.126 seconds
[2022-05-04 15:29:40,461] {processor.py:163} INFO - Started process (PID=15467) to work on /opt/airflow/dags/ej1.py
[2022-05-04 15:29:40,463] {processor.py:642} INFO - Processing file /opt/airflow/dags/ej1.py for tasks to queue
[2022-05-04 15:29:40,464] {logging_mixin.py:109} INFO - [2022-05-04 15:29:40,464] {dagbag.py:500} INFO - Filling up the DagBag from /opt/airflow/dags/ej1.py
[2022-05-04 15:29:40,496] {processor.py:652} INFO - DAG(s) dict_keys(['ej1']) retrieved from /opt/airflow/dags/ej1.py
[2022-05-04 15:29:40,526] {logging_mixin.py:109} INFO - [2022-05-04 15:29:40,526] {dag.py:2398} INFO - Sync 1 DAGs
[2022-05-04 15:29:40,545] {logging_mixin.py:109} INFO - [2022-05-04 15:29:40,544] {dag.py:2937} INFO - Setting next_dagrun for ej1 to 2022-05-02T00:00:00+00:00
[2022-05-04 15:29:40,560] {processor.py:171} INFO - Processing /opt/airflow/dags/ej1.py took 0.103 seconds
[2022-05-04 15:30:10,950] {processor.py:163} INFO - Started process (PID=15527) to work on /opt/airflow/dags/ej1.py
[2022-05-04 15:30:10,952] {processor.py:642} INFO - Processing file /opt/airflow/dags/ej1.py for tasks to queue
[2022-05-04 15:30:10,953] {logging_mixin.py:109} INFO - [2022-05-04 15:30:10,953] {dagbag.py:500} INFO - Filling up the DagBag from /opt/airflow/dags/ej1.py
[2022-05-04 15:30:10,982] {processor.py:652} INFO - DAG(s) dict_keys(['ej1']) retrieved from /opt/airflow/dags/ej1.py
[2022-05-04 15:30:11,010] {logging_mixin.py:109} INFO - [2022-05-04 15:30:11,010] {dag.py:2398} INFO - Sync 1 DAGs
[2022-05-04 15:30:11,035] {logging_mixin.py:109} INFO - [2022-05-04 15:30:11,034] {dag.py:2937} INFO - Setting next_dagrun for ej1 to 2022-05-02T00:00:00+00:00
[2022-05-04 15:30:11,054] {processor.py:171} INFO - Processing /opt/airflow/dags/ej1.py took 0.109 seconds
[2022-05-04 15:30:41,453] {processor.py:163} INFO - Started process (PID=15596) to work on /opt/airflow/dags/ej1.py
[2022-05-04 15:30:41,457] {processor.py:642} INFO - Processing file /opt/airflow/dags/ej1.py for tasks to queue
[2022-05-04 15:30:41,458] {logging_mixin.py:109} INFO - [2022-05-04 15:30:41,458] {dagbag.py:500} INFO - Filling up the DagBag from /opt/airflow/dags/ej1.py
[2022-05-04 15:30:41,508] {processor.py:652} INFO - DAG(s) dict_keys(['ej1']) retrieved from /opt/airflow/dags/ej1.py
[2022-05-04 15:30:41,543] {logging_mixin.py:109} INFO - [2022-05-04 15:30:41,542] {dag.py:2398} INFO - Sync 1 DAGs
[2022-05-04 15:30:41,569] {logging_mixin.py:109} INFO - [2022-05-04 15:30:41,569] {dag.py:2937} INFO - Setting next_dagrun for ej1 to 2022-05-02T00:00:00+00:00
[2022-05-04 15:30:41,594] {processor.py:171} INFO - Processing /opt/airflow/dags/ej1.py took 0.147 seconds
[2022-05-04 15:31:12,274] {processor.py:163} INFO - Started process (PID=15657) to work on /opt/airflow/dags/ej1.py
[2022-05-04 15:31:12,277] {processor.py:642} INFO - Processing file /opt/airflow/dags/ej1.py for tasks to queue
[2022-05-04 15:31:12,278] {logging_mixin.py:109} INFO - [2022-05-04 15:31:12,278] {dagbag.py:500} INFO - Filling up the DagBag from /opt/airflow/dags/ej1.py
[2022-05-04 15:31:12,334] {processor.py:652} INFO - DAG(s) dict_keys(['ej1']) retrieved from /opt/airflow/dags/ej1.py
[2022-05-04 15:31:12,363] {logging_mixin.py:109} INFO - [2022-05-04 15:31:12,363] {dag.py:2398} INFO - Sync 1 DAGs
[2022-05-04 15:31:12,386] {logging_mixin.py:109} INFO - [2022-05-04 15:31:12,386] {dag.py:2937} INFO - Setting next_dagrun for ej1 to 2022-05-02T00:00:00+00:00
[2022-05-04 15:31:12,412] {processor.py:171} INFO - Processing /opt/airflow/dags/ej1.py took 0.142 seconds
[2022-05-04 15:31:42,803] {processor.py:163} INFO - Started process (PID=15717) to work on /opt/airflow/dags/ej1.py
[2022-05-04 15:31:42,805] {processor.py:642} INFO - Processing file /opt/airflow/dags/ej1.py for tasks to queue
[2022-05-04 15:31:42,806] {logging_mixin.py:109} INFO - [2022-05-04 15:31:42,806] {dagbag.py:500} INFO - Filling up the DagBag from /opt/airflow/dags/ej1.py
[2022-05-04 15:31:42,839] {processor.py:652} INFO - DAG(s) dict_keys(['ej1']) retrieved from /opt/airflow/dags/ej1.py
[2022-05-04 15:31:42,870] {logging_mixin.py:109} INFO - [2022-05-04 15:31:42,870] {dag.py:2398} INFO - Sync 1 DAGs
[2022-05-04 15:31:42,893] {logging_mixin.py:109} INFO - [2022-05-04 15:31:42,893] {dag.py:2937} INFO - Setting next_dagrun for ej1 to 2022-05-02T00:00:00+00:00
[2022-05-04 15:31:42,909] {processor.py:171} INFO - Processing /opt/airflow/dags/ej1.py took 0.112 seconds
[2022-05-04 15:32:13,632] {processor.py:163} INFO - Started process (PID=15778) to work on /opt/airflow/dags/ej1.py
[2022-05-04 15:32:13,634] {processor.py:642} INFO - Processing file /opt/airflow/dags/ej1.py for tasks to queue
[2022-05-04 15:32:13,636] {logging_mixin.py:109} INFO - [2022-05-04 15:32:13,635] {dagbag.py:500} INFO - Filling up the DagBag from /opt/airflow/dags/ej1.py
[2022-05-04 15:32:13,668] {processor.py:652} INFO - DAG(s) dict_keys(['ej1']) retrieved from /opt/airflow/dags/ej1.py
[2022-05-04 15:32:13,708] {logging_mixin.py:109} INFO - [2022-05-04 15:32:13,708] {dag.py:2398} INFO - Sync 1 DAGs
[2022-05-04 15:32:13,741] {logging_mixin.py:109} INFO - [2022-05-04 15:32:13,741] {dag.py:2937} INFO - Setting next_dagrun for ej1 to 2022-05-02T00:00:00+00:00
[2022-05-04 15:32:13,764] {processor.py:171} INFO - Processing /opt/airflow/dags/ej1.py took 0.138 seconds
[2022-05-04 15:32:44,345] {processor.py:163} INFO - Started process (PID=15848) to work on /opt/airflow/dags/ej1.py
[2022-05-04 15:32:44,348] {processor.py:642} INFO - Processing file /opt/airflow/dags/ej1.py for tasks to queue
[2022-05-04 15:32:44,350] {logging_mixin.py:109} INFO - [2022-05-04 15:32:44,350] {dagbag.py:500} INFO - Filling up the DagBag from /opt/airflow/dags/ej1.py
[2022-05-04 15:32:44,375] {processor.py:652} INFO - DAG(s) dict_keys(['ej1']) retrieved from /opt/airflow/dags/ej1.py
[2022-05-04 15:32:44,402] {logging_mixin.py:109} INFO - [2022-05-04 15:32:44,402] {dag.py:2398} INFO - Sync 1 DAGs
[2022-05-04 15:32:44,426] {logging_mixin.py:109} INFO - [2022-05-04 15:32:44,426] {dag.py:2937} INFO - Setting next_dagrun for ej1 to 2022-05-02T00:00:00+00:00
[2022-05-04 15:32:44,446] {processor.py:171} INFO - Processing /opt/airflow/dags/ej1.py took 0.106 seconds
[2022-05-04 15:33:15,081] {processor.py:163} INFO - Started process (PID=15909) to work on /opt/airflow/dags/ej1.py
[2022-05-04 15:33:15,084] {processor.py:642} INFO - Processing file /opt/airflow/dags/ej1.py for tasks to queue
[2022-05-04 15:33:15,085] {logging_mixin.py:109} INFO - [2022-05-04 15:33:15,085] {dagbag.py:500} INFO - Filling up the DagBag from /opt/airflow/dags/ej1.py
[2022-05-04 15:33:15,112] {processor.py:652} INFO - DAG(s) dict_keys(['ej1']) retrieved from /opt/airflow/dags/ej1.py
[2022-05-04 15:33:15,140] {logging_mixin.py:109} INFO - [2022-05-04 15:33:15,140] {dag.py:2398} INFO - Sync 1 DAGs
[2022-05-04 15:33:15,158] {logging_mixin.py:109} INFO - [2022-05-04 15:33:15,158] {dag.py:2937} INFO - Setting next_dagrun for ej1 to 2022-05-02T00:00:00+00:00
[2022-05-04 15:33:15,178] {processor.py:171} INFO - Processing /opt/airflow/dags/ej1.py took 0.100 seconds
[2022-05-04 15:33:45,698] {processor.py:163} INFO - Started process (PID=15970) to work on /opt/airflow/dags/ej1.py
[2022-05-04 15:33:45,701] {processor.py:642} INFO - Processing file /opt/airflow/dags/ej1.py for tasks to queue
[2022-05-04 15:33:45,702] {logging_mixin.py:109} INFO - [2022-05-04 15:33:45,702] {dagbag.py:500} INFO - Filling up the DagBag from /opt/airflow/dags/ej1.py
[2022-05-04 15:33:45,735] {processor.py:652} INFO - DAG(s) dict_keys(['ej1']) retrieved from /opt/airflow/dags/ej1.py
[2022-05-04 15:33:45,761] {logging_mixin.py:109} INFO - [2022-05-04 15:33:45,761] {dag.py:2398} INFO - Sync 1 DAGs
[2022-05-04 15:33:45,779] {logging_mixin.py:109} INFO - [2022-05-04 15:33:45,778] {dag.py:2937} INFO - Setting next_dagrun for ej1 to 2022-05-02T00:00:00+00:00
[2022-05-04 15:33:45,797] {processor.py:171} INFO - Processing /opt/airflow/dags/ej1.py took 0.103 seconds
[2022-05-04 15:34:16,140] {processor.py:163} INFO - Started process (PID=16040) to work on /opt/airflow/dags/ej1.py
[2022-05-04 15:34:16,143] {processor.py:642} INFO - Processing file /opt/airflow/dags/ej1.py for tasks to queue
[2022-05-04 15:34:16,144] {logging_mixin.py:109} INFO - [2022-05-04 15:34:16,144] {dagbag.py:500} INFO - Filling up the DagBag from /opt/airflow/dags/ej1.py
[2022-05-04 15:34:16,168] {processor.py:652} INFO - DAG(s) dict_keys(['ej1']) retrieved from /opt/airflow/dags/ej1.py
[2022-05-04 15:34:16,196] {logging_mixin.py:109} INFO - [2022-05-04 15:34:16,196] {dag.py:2398} INFO - Sync 1 DAGs
[2022-05-04 15:34:16,220] {logging_mixin.py:109} INFO - [2022-05-04 15:34:16,220] {dag.py:2937} INFO - Setting next_dagrun for ej1 to 2022-05-02T00:00:00+00:00
[2022-05-04 15:34:16,239] {processor.py:171} INFO - Processing /opt/airflow/dags/ej1.py took 0.102 seconds
[2022-05-04 15:34:46,548] {processor.py:163} INFO - Started process (PID=16100) to work on /opt/airflow/dags/ej1.py
[2022-05-04 15:34:46,550] {processor.py:642} INFO - Processing file /opt/airflow/dags/ej1.py for tasks to queue
[2022-05-04 15:34:46,551] {logging_mixin.py:109} INFO - [2022-05-04 15:34:46,551] {dagbag.py:500} INFO - Filling up the DagBag from /opt/airflow/dags/ej1.py
[2022-05-04 15:34:46,577] {processor.py:652} INFO - DAG(s) dict_keys(['ej1']) retrieved from /opt/airflow/dags/ej1.py
[2022-05-04 15:34:46,606] {logging_mixin.py:109} INFO - [2022-05-04 15:34:46,606] {dag.py:2398} INFO - Sync 1 DAGs
[2022-05-04 15:34:46,631] {logging_mixin.py:109} INFO - [2022-05-04 15:34:46,630] {dag.py:2937} INFO - Setting next_dagrun for ej1 to 2022-05-02T00:00:00+00:00
[2022-05-04 15:34:46,652] {processor.py:171} INFO - Processing /opt/airflow/dags/ej1.py took 0.107 seconds
[2022-05-04 15:35:17,250] {processor.py:163} INFO - Started process (PID=16170) to work on /opt/airflow/dags/ej1.py
[2022-05-04 15:35:17,252] {processor.py:642} INFO - Processing file /opt/airflow/dags/ej1.py for tasks to queue
[2022-05-04 15:35:17,253] {logging_mixin.py:109} INFO - [2022-05-04 15:35:17,253] {dagbag.py:500} INFO - Filling up the DagBag from /opt/airflow/dags/ej1.py
[2022-05-04 15:35:17,284] {processor.py:652} INFO - DAG(s) dict_keys(['ej1']) retrieved from /opt/airflow/dags/ej1.py
[2022-05-04 15:35:17,322] {logging_mixin.py:109} INFO - [2022-05-04 15:35:17,322] {dag.py:2398} INFO - Sync 1 DAGs
[2022-05-04 15:35:17,360] {logging_mixin.py:109} INFO - [2022-05-04 15:35:17,360] {dag.py:2937} INFO - Setting next_dagrun for ej1 to 2022-05-02T00:00:00+00:00
[2022-05-04 15:35:17,402] {processor.py:171} INFO - Processing /opt/airflow/dags/ej1.py took 0.160 seconds
[2022-05-04 15:35:47,822] {processor.py:163} INFO - Started process (PID=16230) to work on /opt/airflow/dags/ej1.py
[2022-05-04 15:35:47,823] {processor.py:642} INFO - Processing file /opt/airflow/dags/ej1.py for tasks to queue
[2022-05-04 15:35:47,824] {logging_mixin.py:109} INFO - [2022-05-04 15:35:47,824] {dagbag.py:500} INFO - Filling up the DagBag from /opt/airflow/dags/ej1.py
[2022-05-04 15:35:47,843] {processor.py:652} INFO - DAG(s) dict_keys(['ej1']) retrieved from /opt/airflow/dags/ej1.py
[2022-05-04 15:35:47,860] {logging_mixin.py:109} INFO - [2022-05-04 15:35:47,860] {dag.py:2398} INFO - Sync 1 DAGs
[2022-05-04 15:35:47,873] {logging_mixin.py:109} INFO - [2022-05-04 15:35:47,873] {dag.py:2937} INFO - Setting next_dagrun for ej1 to 2022-05-02T00:00:00+00:00
[2022-05-04 15:35:47,888] {processor.py:171} INFO - Processing /opt/airflow/dags/ej1.py took 0.070 seconds
[2022-05-04 15:36:18,091] {processor.py:163} INFO - Started process (PID=16299) to work on /opt/airflow/dags/ej1.py
[2022-05-04 15:36:18,093] {processor.py:642} INFO - Processing file /opt/airflow/dags/ej1.py for tasks to queue
[2022-05-04 15:36:18,094] {logging_mixin.py:109} INFO - [2022-05-04 15:36:18,094] {dagbag.py:500} INFO - Filling up the DagBag from /opt/airflow/dags/ej1.py
[2022-05-04 15:36:18,118] {processor.py:652} INFO - DAG(s) dict_keys(['ej1']) retrieved from /opt/airflow/dags/ej1.py
[2022-05-04 15:36:18,139] {logging_mixin.py:109} INFO - [2022-05-04 15:36:18,139] {dag.py:2398} INFO - Sync 1 DAGs
[2022-05-04 15:36:18,152] {logging_mixin.py:109} INFO - [2022-05-04 15:36:18,152] {dag.py:2937} INFO - Setting next_dagrun for ej1 to 2022-05-02T00:00:00+00:00
[2022-05-04 15:36:18,164] {processor.py:171} INFO - Processing /opt/airflow/dags/ej1.py took 0.076 seconds
[2022-05-04 15:36:48,695] {processor.py:163} INFO - Started process (PID=16360) to work on /opt/airflow/dags/ej1.py
[2022-05-04 15:36:48,696] {processor.py:642} INFO - Processing file /opt/airflow/dags/ej1.py for tasks to queue
[2022-05-04 15:36:48,697] {logging_mixin.py:109} INFO - [2022-05-04 15:36:48,697] {dagbag.py:500} INFO - Filling up the DagBag from /opt/airflow/dags/ej1.py
[2022-05-04 15:36:48,719] {processor.py:652} INFO - DAG(s) dict_keys(['ej1']) retrieved from /opt/airflow/dags/ej1.py
[2022-05-04 15:36:48,741] {logging_mixin.py:109} INFO - [2022-05-04 15:36:48,741] {dag.py:2398} INFO - Sync 1 DAGs
[2022-05-04 15:36:48,757] {logging_mixin.py:109} INFO - [2022-05-04 15:36:48,757] {dag.py:2937} INFO - Setting next_dagrun for ej1 to 2022-05-02T00:00:00+00:00
[2022-05-04 15:36:48,775] {processor.py:171} INFO - Processing /opt/airflow/dags/ej1.py took 0.084 seconds
[2022-05-04 15:37:18,944] {processor.py:163} INFO - Started process (PID=16430) to work on /opt/airflow/dags/ej1.py
[2022-05-04 15:37:18,945] {processor.py:642} INFO - Processing file /opt/airflow/dags/ej1.py for tasks to queue
[2022-05-04 15:37:18,947] {logging_mixin.py:109} INFO - [2022-05-04 15:37:18,946] {dagbag.py:500} INFO - Filling up the DagBag from /opt/airflow/dags/ej1.py
[2022-05-04 15:37:18,964] {processor.py:652} INFO - DAG(s) dict_keys(['ej1']) retrieved from /opt/airflow/dags/ej1.py
[2022-05-04 15:37:18,987] {logging_mixin.py:109} INFO - [2022-05-04 15:37:18,987] {dag.py:2398} INFO - Sync 1 DAGs
[2022-05-04 15:37:19,003] {logging_mixin.py:109} INFO - [2022-05-04 15:37:19,003] {dag.py:2937} INFO - Setting next_dagrun for ej1 to 2022-05-02T00:00:00+00:00
[2022-05-04 15:37:19,024] {processor.py:171} INFO - Processing /opt/airflow/dags/ej1.py took 0.083 seconds
[2022-05-04 15:37:49,183] {processor.py:163} INFO - Started process (PID=16494) to work on /opt/airflow/dags/ej1.py
[2022-05-04 15:37:49,184] {processor.py:642} INFO - Processing file /opt/airflow/dags/ej1.py for tasks to queue
[2022-05-04 15:37:49,185] {logging_mixin.py:109} INFO - [2022-05-04 15:37:49,185] {dagbag.py:500} INFO - Filling up the DagBag from /opt/airflow/dags/ej1.py
[2022-05-04 15:37:49,202] {processor.py:652} INFO - DAG(s) dict_keys(['ej1']) retrieved from /opt/airflow/dags/ej1.py
[2022-05-04 15:37:49,226] {logging_mixin.py:109} INFO - [2022-05-04 15:37:49,226] {dag.py:2398} INFO - Sync 1 DAGs
[2022-05-04 15:37:49,253] {logging_mixin.py:109} INFO - [2022-05-04 15:37:49,253] {dag.py:2937} INFO - Setting next_dagrun for ej1 to 2022-05-02T00:00:00+00:00
[2022-05-04 15:37:49,271] {processor.py:171} INFO - Processing /opt/airflow/dags/ej1.py took 0.091 seconds
[2022-05-04 15:38:19,396] {processor.py:163} INFO - Started process (PID=16563) to work on /opt/airflow/dags/ej1.py
[2022-05-04 15:38:19,399] {processor.py:642} INFO - Processing file /opt/airflow/dags/ej1.py for tasks to queue
[2022-05-04 15:38:19,401] {logging_mixin.py:109} INFO - [2022-05-04 15:38:19,400] {dagbag.py:500} INFO - Filling up the DagBag from /opt/airflow/dags/ej1.py
[2022-05-04 15:38:19,417] {processor.py:652} INFO - DAG(s) dict_keys(['ej1']) retrieved from /opt/airflow/dags/ej1.py
[2022-05-04 15:38:19,457] {logging_mixin.py:109} INFO - [2022-05-04 15:38:19,457] {dag.py:2398} INFO - Sync 1 DAGs
[2022-05-04 15:38:19,480] {logging_mixin.py:109} INFO - [2022-05-04 15:38:19,480] {dag.py:2937} INFO - Setting next_dagrun for ej1 to 2022-05-02T00:00:00+00:00
[2022-05-04 15:38:19,495] {processor.py:171} INFO - Processing /opt/airflow/dags/ej1.py took 0.102 seconds
[2022-05-04 15:38:49,884] {processor.py:163} INFO - Started process (PID=16622) to work on /opt/airflow/dags/ej1.py
[2022-05-04 15:38:49,885] {processor.py:642} INFO - Processing file /opt/airflow/dags/ej1.py for tasks to queue
[2022-05-04 15:38:49,886] {logging_mixin.py:109} INFO - [2022-05-04 15:38:49,886] {dagbag.py:500} INFO - Filling up the DagBag from /opt/airflow/dags/ej1.py
[2022-05-04 15:38:49,905] {processor.py:652} INFO - DAG(s) dict_keys(['ej1']) retrieved from /opt/airflow/dags/ej1.py
[2022-05-04 15:38:49,923] {logging_mixin.py:109} INFO - [2022-05-04 15:38:49,922] {dag.py:2398} INFO - Sync 1 DAGs
[2022-05-04 15:38:49,937] {logging_mixin.py:109} INFO - [2022-05-04 15:38:49,937] {dag.py:2937} INFO - Setting next_dagrun for ej1 to 2022-05-02T00:00:00+00:00
[2022-05-04 15:38:49,953] {processor.py:171} INFO - Processing /opt/airflow/dags/ej1.py took 0.072 seconds
[2022-05-04 15:39:20,162] {processor.py:163} INFO - Started process (PID=16693) to work on /opt/airflow/dags/ej1.py
[2022-05-04 15:39:20,167] {processor.py:642} INFO - Processing file /opt/airflow/dags/ej1.py for tasks to queue
[2022-05-04 15:39:20,169] {logging_mixin.py:109} INFO - [2022-05-04 15:39:20,169] {dagbag.py:500} INFO - Filling up the DagBag from /opt/airflow/dags/ej1.py
[2022-05-04 15:39:20,186] {processor.py:652} INFO - DAG(s) dict_keys(['ej1']) retrieved from /opt/airflow/dags/ej1.py
[2022-05-04 15:39:20,210] {logging_mixin.py:109} INFO - [2022-05-04 15:39:20,210] {dag.py:2398} INFO - Sync 1 DAGs
[2022-05-04 15:39:20,227] {logging_mixin.py:109} INFO - [2022-05-04 15:39:20,227] {dag.py:2937} INFO - Setting next_dagrun for ej1 to 2022-05-02T00:00:00+00:00
[2022-05-04 15:39:20,241] {processor.py:171} INFO - Processing /opt/airflow/dags/ej1.py took 0.085 seconds
[2022-05-04 15:39:50,455] {processor.py:163} INFO - Started process (PID=16753) to work on /opt/airflow/dags/ej1.py
[2022-05-04 15:39:50,457] {processor.py:642} INFO - Processing file /opt/airflow/dags/ej1.py for tasks to queue
[2022-05-04 15:39:50,457] {logging_mixin.py:109} INFO - [2022-05-04 15:39:50,457] {dagbag.py:500} INFO - Filling up the DagBag from /opt/airflow/dags/ej1.py
[2022-05-04 15:39:50,476] {processor.py:652} INFO - DAG(s) dict_keys(['ej1']) retrieved from /opt/airflow/dags/ej1.py
[2022-05-04 15:39:50,518] {logging_mixin.py:109} INFO - [2022-05-04 15:39:50,518] {dag.py:2398} INFO - Sync 1 DAGs
[2022-05-04 15:39:50,540] {logging_mixin.py:109} INFO - [2022-05-04 15:39:50,540] {dag.py:2937} INFO - Setting next_dagrun for ej1 to 2022-05-02T00:00:00+00:00
[2022-05-04 15:39:50,556] {processor.py:171} INFO - Processing /opt/airflow/dags/ej1.py took 0.104 seconds
[2022-05-04 15:40:20,603] {processor.py:163} INFO - Started process (PID=16822) to work on /opt/airflow/dags/ej1.py
[2022-05-04 15:40:20,605] {processor.py:642} INFO - Processing file /opt/airflow/dags/ej1.py for tasks to queue
[2022-05-04 15:40:20,606] {logging_mixin.py:109} INFO - [2022-05-04 15:40:20,606] {dagbag.py:500} INFO - Filling up the DagBag from /opt/airflow/dags/ej1.py
[2022-05-04 15:40:20,627] {processor.py:652} INFO - DAG(s) dict_keys(['ej1']) retrieved from /opt/airflow/dags/ej1.py
[2022-05-04 15:40:20,658] {logging_mixin.py:109} INFO - [2022-05-04 15:40:20,658] {dag.py:2398} INFO - Sync 1 DAGs
[2022-05-04 15:40:20,677] {logging_mixin.py:109} INFO - [2022-05-04 15:40:20,677] {dag.py:2937} INFO - Setting next_dagrun for ej1 to 2022-05-02T00:00:00+00:00
[2022-05-04 15:40:20,693] {processor.py:171} INFO - Processing /opt/airflow/dags/ej1.py took 0.094 seconds
[2022-05-04 15:40:50,971] {processor.py:163} INFO - Started process (PID=16882) to work on /opt/airflow/dags/ej1.py
[2022-05-04 15:40:50,973] {processor.py:642} INFO - Processing file /opt/airflow/dags/ej1.py for tasks to queue
[2022-05-04 15:40:50,974] {logging_mixin.py:109} INFO - [2022-05-04 15:40:50,974] {dagbag.py:500} INFO - Filling up the DagBag from /opt/airflow/dags/ej1.py
[2022-05-04 15:40:50,995] {processor.py:652} INFO - DAG(s) dict_keys(['ej1']) retrieved from /opt/airflow/dags/ej1.py
[2022-05-04 15:40:51,020] {logging_mixin.py:109} INFO - [2022-05-04 15:40:51,020] {dag.py:2398} INFO - Sync 1 DAGs
[2022-05-04 15:40:51,036] {logging_mixin.py:109} INFO - [2022-05-04 15:40:51,036] {dag.py:2937} INFO - Setting next_dagrun for ej1 to 2022-05-02T00:00:00+00:00
[2022-05-04 15:40:51,052] {processor.py:171} INFO - Processing /opt/airflow/dags/ej1.py took 0.086 seconds
[2022-05-04 15:41:21,273] {processor.py:163} INFO - Started process (PID=16950) to work on /opt/airflow/dags/ej1.py
[2022-05-04 15:41:21,275] {processor.py:642} INFO - Processing file /opt/airflow/dags/ej1.py for tasks to queue
[2022-05-04 15:41:21,276] {logging_mixin.py:109} INFO - [2022-05-04 15:41:21,276] {dagbag.py:500} INFO - Filling up the DagBag from /opt/airflow/dags/ej1.py
[2022-05-04 15:41:21,301] {processor.py:652} INFO - DAG(s) dict_keys(['ej1']) retrieved from /opt/airflow/dags/ej1.py
[2022-05-04 15:41:21,335] {logging_mixin.py:109} INFO - [2022-05-04 15:41:21,335] {dag.py:2398} INFO - Sync 1 DAGs
[2022-05-04 15:41:21,365] {logging_mixin.py:109} INFO - [2022-05-04 15:41:21,365] {dag.py:2937} INFO - Setting next_dagrun for ej1 to 2022-05-02T00:00:00+00:00
[2022-05-04 15:41:21,384] {processor.py:171} INFO - Processing /opt/airflow/dags/ej1.py took 0.116 seconds
[2022-05-04 15:41:52,180] {processor.py:163} INFO - Started process (PID=17010) to work on /opt/airflow/dags/ej1.py
[2022-05-04 15:41:52,181] {processor.py:642} INFO - Processing file /opt/airflow/dags/ej1.py for tasks to queue
[2022-05-04 15:41:52,182] {logging_mixin.py:109} INFO - [2022-05-04 15:41:52,182] {dagbag.py:500} INFO - Filling up the DagBag from /opt/airflow/dags/ej1.py
[2022-05-04 15:41:52,204] {processor.py:652} INFO - DAG(s) dict_keys(['ej1']) retrieved from /opt/airflow/dags/ej1.py
[2022-05-04 15:41:52,224] {logging_mixin.py:109} INFO - [2022-05-04 15:41:52,224] {dag.py:2398} INFO - Sync 1 DAGs
[2022-05-04 15:41:52,239] {logging_mixin.py:109} INFO - [2022-05-04 15:41:52,239] {dag.py:2937} INFO - Setting next_dagrun for ej1 to 2022-05-02T00:00:00+00:00
[2022-05-04 15:41:52,250] {processor.py:171} INFO - Processing /opt/airflow/dags/ej1.py took 0.074 seconds
[2022-05-04 15:42:22,879] {processor.py:163} INFO - Started process (PID=17079) to work on /opt/airflow/dags/ej1.py
[2022-05-04 15:42:22,880] {processor.py:642} INFO - Processing file /opt/airflow/dags/ej1.py for tasks to queue
[2022-05-04 15:42:22,881] {logging_mixin.py:109} INFO - [2022-05-04 15:42:22,881] {dagbag.py:500} INFO - Filling up the DagBag from /opt/airflow/dags/ej1.py
[2022-05-04 15:42:22,896] {processor.py:652} INFO - DAG(s) dict_keys(['ej1']) retrieved from /opt/airflow/dags/ej1.py
[2022-05-04 15:42:22,918] {logging_mixin.py:109} INFO - [2022-05-04 15:42:22,918] {dag.py:2398} INFO - Sync 1 DAGs
[2022-05-04 15:42:22,931] {logging_mixin.py:109} INFO - [2022-05-04 15:42:22,931] {dag.py:2937} INFO - Setting next_dagrun for ej1 to 2022-05-02T00:00:00+00:00
[2022-05-04 15:42:22,948] {processor.py:171} INFO - Processing /opt/airflow/dags/ej1.py took 0.071 seconds
[2022-05-04 15:43:03,907] {processor.py:163} INFO - Started process (PID=17107) to work on /opt/airflow/dags/ej1.py
[2022-05-04 15:43:03,908] {processor.py:642} INFO - Processing file /opt/airflow/dags/ej1.py for tasks to queue
[2022-05-04 15:43:03,910] {logging_mixin.py:109} INFO - [2022-05-04 15:43:03,909] {dagbag.py:500} INFO - Filling up the DagBag from /opt/airflow/dags/ej1.py
[2022-05-04 15:43:03,941] {processor.py:652} INFO - DAG(s) dict_keys(['ej1']) retrieved from /opt/airflow/dags/ej1.py
[2022-05-04 15:43:03,966] {logging_mixin.py:109} INFO - [2022-05-04 15:43:03,965] {dag.py:2398} INFO - Sync 1 DAGs
[2022-05-04 15:43:03,995] {logging_mixin.py:109} INFO - [2022-05-04 15:43:03,995] {dag.py:2937} INFO - Setting next_dagrun for ej1 to 2022-05-02T00:00:00+00:00
[2022-05-04 15:43:04,027] {processor.py:171} INFO - Processing /opt/airflow/dags/ej1.py took 0.124 seconds
[2022-05-04 15:48:01,425] {processor.py:163} INFO - Started process (PID=17147) to work on /opt/airflow/dags/ej1.py
[2022-05-04 15:48:01,428] {processor.py:642} INFO - Processing file /opt/airflow/dags/ej1.py for tasks to queue
[2022-05-04 15:48:01,429] {logging_mixin.py:109} INFO - [2022-05-04 15:48:01,429] {dagbag.py:500} INFO - Filling up the DagBag from /opt/airflow/dags/ej1.py
[2022-05-04 15:48:01,450] {processor.py:652} INFO - DAG(s) dict_keys(['ej1']) retrieved from /opt/airflow/dags/ej1.py
[2022-05-04 15:48:01,472] {logging_mixin.py:109} INFO - [2022-05-04 15:48:01,472] {dag.py:2398} INFO - Sync 1 DAGs
[2022-05-04 15:48:01,494] {logging_mixin.py:109} INFO - [2022-05-04 15:48:01,494] {dag.py:2937} INFO - Setting next_dagrun for ej1 to 2022-05-02T00:00:00+00:00
[2022-05-04 15:48:01,513] {processor.py:171} INFO - Processing /opt/airflow/dags/ej1.py took 0.093 seconds
[2022-05-04 15:48:31,866] {processor.py:163} INFO - Started process (PID=17206) to work on /opt/airflow/dags/ej1.py
[2022-05-04 15:48:31,868] {processor.py:642} INFO - Processing file /opt/airflow/dags/ej1.py for tasks to queue
[2022-05-04 15:48:31,869] {logging_mixin.py:109} INFO - [2022-05-04 15:48:31,869] {dagbag.py:500} INFO - Filling up the DagBag from /opt/airflow/dags/ej1.py
[2022-05-04 15:48:31,897] {processor.py:652} INFO - DAG(s) dict_keys(['ej1']) retrieved from /opt/airflow/dags/ej1.py
[2022-05-04 15:48:31,917] {logging_mixin.py:109} INFO - [2022-05-04 15:48:31,917] {dag.py:2398} INFO - Sync 1 DAGs
[2022-05-04 15:48:31,932] {logging_mixin.py:109} INFO - [2022-05-04 15:48:31,932] {dag.py:2937} INFO - Setting next_dagrun for ej1 to 2022-05-02T00:00:00+00:00
[2022-05-04 15:48:31,947] {processor.py:171} INFO - Processing /opt/airflow/dags/ej1.py took 0.086 seconds
[2022-05-04 15:49:01,983] {processor.py:163} INFO - Started process (PID=17274) to work on /opt/airflow/dags/ej1.py
[2022-05-04 15:49:01,984] {processor.py:642} INFO - Processing file /opt/airflow/dags/ej1.py for tasks to queue
[2022-05-04 15:49:01,985] {logging_mixin.py:109} INFO - [2022-05-04 15:49:01,985] {dagbag.py:500} INFO - Filling up the DagBag from /opt/airflow/dags/ej1.py
[2022-05-04 15:49:02,009] {processor.py:652} INFO - DAG(s) dict_keys(['ej1']) retrieved from /opt/airflow/dags/ej1.py
[2022-05-04 15:49:02,031] {logging_mixin.py:109} INFO - [2022-05-04 15:49:02,031] {dag.py:2398} INFO - Sync 1 DAGs
[2022-05-04 15:49:02,050] {logging_mixin.py:109} INFO - [2022-05-04 15:49:02,050] {dag.py:2937} INFO - Setting next_dagrun for ej1 to 2022-05-02T00:00:00+00:00
[2022-05-04 15:49:02,063] {processor.py:171} INFO - Processing /opt/airflow/dags/ej1.py took 0.083 seconds
[2022-05-04 15:49:32,987] {processor.py:163} INFO - Started process (PID=17336) to work on /opt/airflow/dags/ej1.py
[2022-05-04 15:49:32,991] {processor.py:642} INFO - Processing file /opt/airflow/dags/ej1.py for tasks to queue
[2022-05-04 15:49:32,993] {logging_mixin.py:109} INFO - [2022-05-04 15:49:32,992] {dagbag.py:500} INFO - Filling up the DagBag from /opt/airflow/dags/ej1.py
[2022-05-04 15:49:33,025] {processor.py:652} INFO - DAG(s) dict_keys(['ej1']) retrieved from /opt/airflow/dags/ej1.py
[2022-05-04 15:49:33,049] {logging_mixin.py:109} INFO - [2022-05-04 15:49:33,049] {dag.py:2398} INFO - Sync 1 DAGs
[2022-05-04 15:49:33,063] {logging_mixin.py:109} INFO - [2022-05-04 15:49:33,063] {dag.py:2937} INFO - Setting next_dagrun for ej1 to 2022-05-02T00:00:00+00:00
[2022-05-04 15:49:33,076] {processor.py:171} INFO - Processing /opt/airflow/dags/ej1.py took 0.098 seconds
[2022-05-04 15:50:03,552] {processor.py:163} INFO - Started process (PID=17404) to work on /opt/airflow/dags/ej1.py
[2022-05-04 15:50:03,554] {processor.py:642} INFO - Processing file /opt/airflow/dags/ej1.py for tasks to queue
[2022-05-04 15:50:03,555] {logging_mixin.py:109} INFO - [2022-05-04 15:50:03,555] {dagbag.py:500} INFO - Filling up the DagBag from /opt/airflow/dags/ej1.py
[2022-05-04 15:50:03,578] {processor.py:652} INFO - DAG(s) dict_keys(['ej1']) retrieved from /opt/airflow/dags/ej1.py
[2022-05-04 15:50:03,601] {logging_mixin.py:109} INFO - [2022-05-04 15:50:03,601] {dag.py:2398} INFO - Sync 1 DAGs
[2022-05-04 15:50:03,618] {logging_mixin.py:109} INFO - [2022-05-04 15:50:03,617] {dag.py:2937} INFO - Setting next_dagrun for ej1 to 2022-05-02T00:00:00+00:00
[2022-05-04 15:50:03,636] {processor.py:171} INFO - Processing /opt/airflow/dags/ej1.py took 0.088 seconds
[2022-05-04 15:50:34,287] {processor.py:163} INFO - Started process (PID=17465) to work on /opt/airflow/dags/ej1.py
[2022-05-04 15:50:34,289] {processor.py:642} INFO - Processing file /opt/airflow/dags/ej1.py for tasks to queue
[2022-05-04 15:50:34,290] {logging_mixin.py:109} INFO - [2022-05-04 15:50:34,290] {dagbag.py:500} INFO - Filling up the DagBag from /opt/airflow/dags/ej1.py
[2022-05-04 15:50:34,331] {processor.py:652} INFO - DAG(s) dict_keys(['ej1']) retrieved from /opt/airflow/dags/ej1.py
[2022-05-04 15:50:34,361] {logging_mixin.py:109} INFO - [2022-05-04 15:50:34,361] {dag.py:2398} INFO - Sync 1 DAGs
[2022-05-04 15:50:34,382] {logging_mixin.py:109} INFO - [2022-05-04 15:50:34,381] {dag.py:2937} INFO - Setting next_dagrun for ej1 to 2022-05-02T00:00:00+00:00
[2022-05-04 15:50:34,397] {processor.py:171} INFO - Processing /opt/airflow/dags/ej1.py took 0.113 seconds
[2022-05-04 15:51:04,979] {processor.py:163} INFO - Started process (PID=17535) to work on /opt/airflow/dags/ej1.py
[2022-05-04 15:51:04,980] {processor.py:642} INFO - Processing file /opt/airflow/dags/ej1.py for tasks to queue
[2022-05-04 15:51:04,981] {logging_mixin.py:109} INFO - [2022-05-04 15:51:04,981] {dagbag.py:500} INFO - Filling up the DagBag from /opt/airflow/dags/ej1.py
[2022-05-04 15:51:05,004] {processor.py:652} INFO - DAG(s) dict_keys(['ej1']) retrieved from /opt/airflow/dags/ej1.py
[2022-05-04 15:51:05,023] {logging_mixin.py:109} INFO - [2022-05-04 15:51:05,023] {dag.py:2398} INFO - Sync 1 DAGs
[2022-05-04 15:51:05,036] {logging_mixin.py:109} INFO - [2022-05-04 15:51:05,036] {dag.py:2937} INFO - Setting next_dagrun for ej1 to 2022-05-02T00:00:00+00:00
[2022-05-04 15:51:05,049] {processor.py:171} INFO - Processing /opt/airflow/dags/ej1.py took 0.073 seconds
[2022-05-04 15:51:35,348] {processor.py:163} INFO - Started process (PID=17595) to work on /opt/airflow/dags/ej1.py
[2022-05-04 15:51:35,349] {processor.py:642} INFO - Processing file /opt/airflow/dags/ej1.py for tasks to queue
[2022-05-04 15:51:35,350] {logging_mixin.py:109} INFO - [2022-05-04 15:51:35,350] {dagbag.py:500} INFO - Filling up the DagBag from /opt/airflow/dags/ej1.py
[2022-05-04 15:51:35,376] {processor.py:652} INFO - DAG(s) dict_keys(['ej1']) retrieved from /opt/airflow/dags/ej1.py
[2022-05-04 15:51:35,411] {logging_mixin.py:109} INFO - [2022-05-04 15:51:35,411] {dag.py:2398} INFO - Sync 1 DAGs
[2022-05-04 15:51:35,432] {logging_mixin.py:109} INFO - [2022-05-04 15:51:35,432] {dag.py:2937} INFO - Setting next_dagrun for ej1 to 2022-05-02T00:00:00+00:00
[2022-05-04 15:51:35,447] {processor.py:171} INFO - Processing /opt/airflow/dags/ej1.py took 0.103 seconds
[2022-05-04 15:52:05,981] {processor.py:163} INFO - Started process (PID=17665) to work on /opt/airflow/dags/ej1.py
[2022-05-04 15:52:05,984] {processor.py:642} INFO - Processing file /opt/airflow/dags/ej1.py for tasks to queue
[2022-05-04 15:52:05,985] {logging_mixin.py:109} INFO - [2022-05-04 15:52:05,985] {dagbag.py:500} INFO - Filling up the DagBag from /opt/airflow/dags/ej1.py
[2022-05-04 15:52:06,013] {processor.py:652} INFO - DAG(s) dict_keys(['ej1']) retrieved from /opt/airflow/dags/ej1.py
[2022-05-04 15:52:06,032] {logging_mixin.py:109} INFO - [2022-05-04 15:52:06,032] {dag.py:2398} INFO - Sync 1 DAGs
[2022-05-04 15:52:06,046] {logging_mixin.py:109} INFO - [2022-05-04 15:52:06,046] {dag.py:2937} INFO - Setting next_dagrun for ej1 to 2022-05-02T00:00:00+00:00
[2022-05-04 15:52:06,062] {processor.py:171} INFO - Processing /opt/airflow/dags/ej1.py took 0.086 seconds
[2022-05-04 15:52:36,933] {processor.py:163} INFO - Started process (PID=17735) to work on /opt/airflow/dags/ej1.py
[2022-05-04 15:52:36,935] {processor.py:642} INFO - Processing file /opt/airflow/dags/ej1.py for tasks to queue
[2022-05-04 15:52:36,936] {logging_mixin.py:109} INFO - [2022-05-04 15:52:36,936] {dagbag.py:500} INFO - Filling up the DagBag from /opt/airflow/dags/ej1.py
[2022-05-04 15:52:36,963] {processor.py:652} INFO - DAG(s) dict_keys(['ej1']) retrieved from /opt/airflow/dags/ej1.py
[2022-05-04 15:52:36,985] {logging_mixin.py:109} INFO - [2022-05-04 15:52:36,985] {dag.py:2398} INFO - Sync 1 DAGs
[2022-05-04 15:52:37,002] {logging_mixin.py:109} INFO - [2022-05-04 15:52:37,002] {dag.py:2937} INFO - Setting next_dagrun for ej1 to 2022-05-02T00:00:00+00:00
[2022-05-04 15:52:37,018] {processor.py:171} INFO - Processing /opt/airflow/dags/ej1.py took 0.089 seconds
[2022-05-04 15:53:07,416] {processor.py:163} INFO - Started process (PID=17795) to work on /opt/airflow/dags/ej1.py
[2022-05-04 15:53:07,419] {processor.py:642} INFO - Processing file /opt/airflow/dags/ej1.py for tasks to queue
[2022-05-04 15:53:07,420] {logging_mixin.py:109} INFO - [2022-05-04 15:53:07,420] {dagbag.py:500} INFO - Filling up the DagBag from /opt/airflow/dags/ej1.py
[2022-05-04 15:53:07,456] {processor.py:652} INFO - DAG(s) dict_keys(['ej1']) retrieved from /opt/airflow/dags/ej1.py
[2022-05-04 15:53:07,479] {logging_mixin.py:109} INFO - [2022-05-04 15:53:07,479] {dag.py:2398} INFO - Sync 1 DAGs
[2022-05-04 15:53:07,500] {logging_mixin.py:109} INFO - [2022-05-04 15:53:07,500] {dag.py:2937} INFO - Setting next_dagrun for ej1 to 2022-05-02T00:00:00+00:00
[2022-05-04 15:53:07,515] {processor.py:171} INFO - Processing /opt/airflow/dags/ej1.py took 0.102 seconds
[2022-05-04 15:53:38,098] {processor.py:163} INFO - Started process (PID=17864) to work on /opt/airflow/dags/ej1.py
[2022-05-04 15:53:38,099] {processor.py:642} INFO - Processing file /opt/airflow/dags/ej1.py for tasks to queue
[2022-05-04 15:53:38,100] {logging_mixin.py:109} INFO - [2022-05-04 15:53:38,100] {dagbag.py:500} INFO - Filling up the DagBag from /opt/airflow/dags/ej1.py
[2022-05-04 15:53:38,127] {processor.py:652} INFO - DAG(s) dict_keys(['ej1']) retrieved from /opt/airflow/dags/ej1.py
[2022-05-04 15:53:38,149] {logging_mixin.py:109} INFO - [2022-05-04 15:53:38,149] {dag.py:2398} INFO - Sync 1 DAGs
[2022-05-04 15:53:38,162] {logging_mixin.py:109} INFO - [2022-05-04 15:53:38,162] {dag.py:2937} INFO - Setting next_dagrun for ej1 to 2022-05-02T00:00:00+00:00
[2022-05-04 15:53:38,176] {processor.py:171} INFO - Processing /opt/airflow/dags/ej1.py took 0.081 seconds
[2022-05-04 15:54:08,576] {processor.py:163} INFO - Started process (PID=17924) to work on /opt/airflow/dags/ej1.py
[2022-05-04 15:54:08,577] {processor.py:642} INFO - Processing file /opt/airflow/dags/ej1.py for tasks to queue
[2022-05-04 15:54:08,579] {logging_mixin.py:109} INFO - [2022-05-04 15:54:08,578] {dagbag.py:500} INFO - Filling up the DagBag from /opt/airflow/dags/ej1.py
[2022-05-04 15:54:08,615] {processor.py:652} INFO - DAG(s) dict_keys(['ej1']) retrieved from /opt/airflow/dags/ej1.py
[2022-05-04 15:54:08,636] {logging_mixin.py:109} INFO - [2022-05-04 15:54:08,636] {dag.py:2398} INFO - Sync 1 DAGs
[2022-05-04 15:54:08,652] {logging_mixin.py:109} INFO - [2022-05-04 15:54:08,652] {dag.py:2937} INFO - Setting next_dagrun for ej1 to 2022-05-02T00:00:00+00:00
[2022-05-04 15:54:08,667] {processor.py:171} INFO - Processing /opt/airflow/dags/ej1.py took 0.094 seconds
[2022-05-04 15:54:38,934] {processor.py:163} INFO - Started process (PID=17993) to work on /opt/airflow/dags/ej1.py
[2022-05-04 15:54:38,936] {processor.py:642} INFO - Processing file /opt/airflow/dags/ej1.py for tasks to queue
[2022-05-04 15:54:38,937] {logging_mixin.py:109} INFO - [2022-05-04 15:54:38,937] {dagbag.py:500} INFO - Filling up the DagBag from /opt/airflow/dags/ej1.py
[2022-05-04 15:54:38,972] {processor.py:652} INFO - DAG(s) dict_keys(['ej1']) retrieved from /opt/airflow/dags/ej1.py
[2022-05-04 15:54:38,994] {logging_mixin.py:109} INFO - [2022-05-04 15:54:38,993] {dag.py:2398} INFO - Sync 1 DAGs
[2022-05-04 15:54:39,010] {logging_mixin.py:109} INFO - [2022-05-04 15:54:39,010] {dag.py:2937} INFO - Setting next_dagrun for ej1 to 2022-05-02T00:00:00+00:00
[2022-05-04 15:54:39,026] {processor.py:171} INFO - Processing /opt/airflow/dags/ej1.py took 0.096 seconds
[2022-05-04 15:55:09,534] {processor.py:163} INFO - Started process (PID=18063) to work on /opt/airflow/dags/ej1.py
[2022-05-04 15:55:09,536] {processor.py:642} INFO - Processing file /opt/airflow/dags/ej1.py for tasks to queue
[2022-05-04 15:55:09,537] {logging_mixin.py:109} INFO - [2022-05-04 15:55:09,537] {dagbag.py:500} INFO - Filling up the DagBag from /opt/airflow/dags/ej1.py
[2022-05-04 15:55:09,585] {processor.py:652} INFO - DAG(s) dict_keys(['ej1']) retrieved from /opt/airflow/dags/ej1.py
[2022-05-04 15:55:09,615] {logging_mixin.py:109} INFO - [2022-05-04 15:55:09,615] {dag.py:2398} INFO - Sync 1 DAGs
[2022-05-04 15:55:09,634] {logging_mixin.py:109} INFO - [2022-05-04 15:55:09,634] {dag.py:2937} INFO - Setting next_dagrun for ej1 to 2022-05-02T00:00:00+00:00
[2022-05-04 15:55:09,650] {processor.py:171} INFO - Processing /opt/airflow/dags/ej1.py took 0.120 seconds
[2022-05-04 15:55:40,185] {processor.py:163} INFO - Started process (PID=18124) to work on /opt/airflow/dags/ej1.py
[2022-05-04 15:55:40,187] {processor.py:642} INFO - Processing file /opt/airflow/dags/ej1.py for tasks to queue
[2022-05-04 15:55:40,189] {logging_mixin.py:109} INFO - [2022-05-04 15:55:40,189] {dagbag.py:500} INFO - Filling up the DagBag from /opt/airflow/dags/ej1.py
[2022-05-04 15:55:40,226] {processor.py:652} INFO - DAG(s) dict_keys(['ej1']) retrieved from /opt/airflow/dags/ej1.py
[2022-05-04 15:55:40,255] {logging_mixin.py:109} INFO - [2022-05-04 15:55:40,255] {dag.py:2398} INFO - Sync 1 DAGs
[2022-05-04 15:55:40,275] {logging_mixin.py:109} INFO - [2022-05-04 15:55:40,275] {dag.py:2937} INFO - Setting next_dagrun for ej1 to 2022-05-02T00:00:00+00:00
[2022-05-04 15:55:40,291] {processor.py:171} INFO - Processing /opt/airflow/dags/ej1.py took 0.110 seconds
[2022-05-04 15:56:10,942] {processor.py:163} INFO - Started process (PID=18193) to work on /opt/airflow/dags/ej1.py
[2022-05-04 15:56:10,943] {processor.py:642} INFO - Processing file /opt/airflow/dags/ej1.py for tasks to queue
[2022-05-04 15:56:10,944] {logging_mixin.py:109} INFO - [2022-05-04 15:56:10,944] {dagbag.py:500} INFO - Filling up the DagBag from /opt/airflow/dags/ej1.py
[2022-05-04 15:56:10,996] {processor.py:652} INFO - DAG(s) dict_keys(['ej1']) retrieved from /opt/airflow/dags/ej1.py
[2022-05-04 15:56:11,024] {logging_mixin.py:109} INFO - [2022-05-04 15:56:11,024] {dag.py:2398} INFO - Sync 1 DAGs
[2022-05-04 15:56:11,040] {logging_mixin.py:109} INFO - [2022-05-04 15:56:11,039] {dag.py:2937} INFO - Setting next_dagrun for ej1 to 2022-05-02T00:00:00+00:00
[2022-05-04 15:56:11,053] {processor.py:171} INFO - Processing /opt/airflow/dags/ej1.py took 0.115 seconds
[2022-05-04 15:56:41,597] {processor.py:163} INFO - Started process (PID=18253) to work on /opt/airflow/dags/ej1.py
[2022-05-04 15:56:41,599] {processor.py:642} INFO - Processing file /opt/airflow/dags/ej1.py for tasks to queue
[2022-05-04 15:56:41,600] {logging_mixin.py:109} INFO - [2022-05-04 15:56:41,599] {dagbag.py:500} INFO - Filling up the DagBag from /opt/airflow/dags/ej1.py
[2022-05-04 15:56:41,630] {processor.py:652} INFO - DAG(s) dict_keys(['ej1']) retrieved from /opt/airflow/dags/ej1.py
[2022-05-04 15:56:41,650] {logging_mixin.py:109} INFO - [2022-05-04 15:56:41,650] {dag.py:2398} INFO - Sync 1 DAGs
[2022-05-04 15:56:41,665] {logging_mixin.py:109} INFO - [2022-05-04 15:56:41,665] {dag.py:2937} INFO - Setting next_dagrun for ej1 to 2022-05-02T00:00:00+00:00
[2022-05-04 15:56:41,682] {processor.py:171} INFO - Processing /opt/airflow/dags/ej1.py took 0.087 seconds
[2022-05-04 15:57:11,766] {processor.py:163} INFO - Started process (PID=18322) to work on /opt/airflow/dags/ej1.py
[2022-05-04 15:57:11,768] {processor.py:642} INFO - Processing file /opt/airflow/dags/ej1.py for tasks to queue
[2022-05-04 15:57:11,769] {logging_mixin.py:109} INFO - [2022-05-04 15:57:11,769] {dagbag.py:500} INFO - Filling up the DagBag from /opt/airflow/dags/ej1.py
[2022-05-04 15:57:11,808] {processor.py:652} INFO - DAG(s) dict_keys(['ej1']) retrieved from /opt/airflow/dags/ej1.py
[2022-05-04 15:57:11,834] {logging_mixin.py:109} INFO - [2022-05-04 15:57:11,833] {dag.py:2398} INFO - Sync 1 DAGs
[2022-05-04 15:57:11,846] {logging_mixin.py:109} INFO - [2022-05-04 15:57:11,846] {dag.py:2937} INFO - Setting next_dagrun for ej1 to 2022-05-02T00:00:00+00:00
[2022-05-04 15:57:11,862] {processor.py:171} INFO - Processing /opt/airflow/dags/ej1.py took 0.099 seconds
[2022-05-04 15:57:41,995] {processor.py:163} INFO - Started process (PID=18383) to work on /opt/airflow/dags/ej1.py
[2022-05-04 15:57:41,996] {processor.py:642} INFO - Processing file /opt/airflow/dags/ej1.py for tasks to queue
[2022-05-04 15:57:41,997] {logging_mixin.py:109} INFO - [2022-05-04 15:57:41,997] {dagbag.py:500} INFO - Filling up the DagBag from /opt/airflow/dags/ej1.py
[2022-05-04 15:57:42,029] {processor.py:652} INFO - DAG(s) dict_keys(['ej1']) retrieved from /opt/airflow/dags/ej1.py
[2022-05-04 15:57:42,045] {logging_mixin.py:109} INFO - [2022-05-04 15:57:42,045] {dag.py:2398} INFO - Sync 1 DAGs
[2022-05-04 15:57:42,060] {logging_mixin.py:109} INFO - [2022-05-04 15:57:42,060] {dag.py:2937} INFO - Setting next_dagrun for ej1 to 2022-05-02T00:00:00+00:00
[2022-05-04 15:57:42,076] {processor.py:171} INFO - Processing /opt/airflow/dags/ej1.py took 0.084 seconds
[2022-05-04 15:58:12,925] {processor.py:163} INFO - Started process (PID=18452) to work on /opt/airflow/dags/ej1.py
[2022-05-04 15:58:12,927] {processor.py:642} INFO - Processing file /opt/airflow/dags/ej1.py for tasks to queue
[2022-05-04 15:58:12,928] {logging_mixin.py:109} INFO - [2022-05-04 15:58:12,927] {dagbag.py:500} INFO - Filling up the DagBag from /opt/airflow/dags/ej1.py
[2022-05-04 15:58:12,952] {processor.py:652} INFO - DAG(s) dict_keys(['ej1']) retrieved from /opt/airflow/dags/ej1.py
[2022-05-04 15:58:12,973] {logging_mixin.py:109} INFO - [2022-05-04 15:58:12,973] {dag.py:2398} INFO - Sync 1 DAGs
[2022-05-04 15:58:12,989] {logging_mixin.py:109} INFO - [2022-05-04 15:58:12,989] {dag.py:2937} INFO - Setting next_dagrun for ej1 to 2022-05-02T00:00:00+00:00
[2022-05-04 15:58:13,004] {processor.py:171} INFO - Processing /opt/airflow/dags/ej1.py took 0.081 seconds
[2022-05-04 15:58:43,342] {processor.py:163} INFO - Started process (PID=18521) to work on /opt/airflow/dags/ej1.py
[2022-05-04 15:58:43,344] {processor.py:642} INFO - Processing file /opt/airflow/dags/ej1.py for tasks to queue
[2022-05-04 15:58:43,345] {logging_mixin.py:109} INFO - [2022-05-04 15:58:43,345] {dagbag.py:500} INFO - Filling up the DagBag from /opt/airflow/dags/ej1.py
[2022-05-04 15:58:43,378] {processor.py:652} INFO - DAG(s) dict_keys(['ej1']) retrieved from /opt/airflow/dags/ej1.py
[2022-05-04 15:58:43,401] {logging_mixin.py:109} INFO - [2022-05-04 15:58:43,401] {dag.py:2398} INFO - Sync 1 DAGs
[2022-05-04 15:58:43,418] {logging_mixin.py:109} INFO - [2022-05-04 15:58:43,418] {dag.py:2937} INFO - Setting next_dagrun for ej1 to 2022-05-02T00:00:00+00:00
[2022-05-04 15:58:43,435] {processor.py:171} INFO - Processing /opt/airflow/dags/ej1.py took 0.096 seconds
[2022-05-04 15:59:14,184] {processor.py:163} INFO - Started process (PID=18580) to work on /opt/airflow/dags/ej1.py
[2022-05-04 15:59:14,186] {processor.py:642} INFO - Processing file /opt/airflow/dags/ej1.py for tasks to queue
[2022-05-04 15:59:14,186] {logging_mixin.py:109} INFO - [2022-05-04 15:59:14,186] {dagbag.py:500} INFO - Filling up the DagBag from /opt/airflow/dags/ej1.py
[2022-05-04 15:59:14,212] {processor.py:652} INFO - DAG(s) dict_keys(['ej1']) retrieved from /opt/airflow/dags/ej1.py
[2022-05-04 15:59:14,233] {logging_mixin.py:109} INFO - [2022-05-04 15:59:14,233] {dag.py:2398} INFO - Sync 1 DAGs
[2022-05-04 15:59:14,249] {logging_mixin.py:109} INFO - [2022-05-04 15:59:14,249] {dag.py:2937} INFO - Setting next_dagrun for ej1 to 2022-05-02T00:00:00+00:00
[2022-05-04 15:59:14,263] {processor.py:171} INFO - Processing /opt/airflow/dags/ej1.py took 0.082 seconds
[2022-05-04 15:59:44,833] {processor.py:163} INFO - Started process (PID=18649) to work on /opt/airflow/dags/ej1.py
[2022-05-04 15:59:44,835] {processor.py:642} INFO - Processing file /opt/airflow/dags/ej1.py for tasks to queue
[2022-05-04 15:59:44,836] {logging_mixin.py:109} INFO - [2022-05-04 15:59:44,836] {dagbag.py:500} INFO - Filling up the DagBag from /opt/airflow/dags/ej1.py
[2022-05-04 15:59:44,859] {processor.py:652} INFO - DAG(s) dict_keys(['ej1']) retrieved from /opt/airflow/dags/ej1.py
[2022-05-04 15:59:44,876] {logging_mixin.py:109} INFO - [2022-05-04 15:59:44,875] {dag.py:2398} INFO - Sync 1 DAGs
[2022-05-04 15:59:44,888] {logging_mixin.py:109} INFO - [2022-05-04 15:59:44,888] {dag.py:2937} INFO - Setting next_dagrun for ej1 to 2022-05-02T00:00:00+00:00
[2022-05-04 15:59:44,903] {processor.py:171} INFO - Processing /opt/airflow/dags/ej1.py took 0.072 seconds
[2022-05-04 16:00:15,473] {processor.py:163} INFO - Started process (PID=18708) to work on /opt/airflow/dags/ej1.py
[2022-05-04 16:00:15,475] {processor.py:642} INFO - Processing file /opt/airflow/dags/ej1.py for tasks to queue
[2022-05-04 16:00:15,476] {logging_mixin.py:109} INFO - [2022-05-04 16:00:15,476] {dagbag.py:500} INFO - Filling up the DagBag from /opt/airflow/dags/ej1.py
[2022-05-04 16:00:15,500] {processor.py:652} INFO - DAG(s) dict_keys(['ej1']) retrieved from /opt/airflow/dags/ej1.py
[2022-05-04 16:00:15,526] {logging_mixin.py:109} INFO - [2022-05-04 16:00:15,526] {dag.py:2398} INFO - Sync 1 DAGs
[2022-05-04 16:00:15,545] {logging_mixin.py:109} INFO - [2022-05-04 16:00:15,545] {dag.py:2937} INFO - Setting next_dagrun for ej1 to 2022-05-02T00:00:00+00:00
[2022-05-04 16:00:15,565] {processor.py:171} INFO - Processing /opt/airflow/dags/ej1.py took 0.096 seconds
[2022-05-04 16:00:46,096] {processor.py:163} INFO - Started process (PID=18779) to work on /opt/airflow/dags/ej1.py
[2022-05-04 16:00:46,098] {processor.py:642} INFO - Processing file /opt/airflow/dags/ej1.py for tasks to queue
[2022-05-04 16:00:46,099] {logging_mixin.py:109} INFO - [2022-05-04 16:00:46,099] {dagbag.py:500} INFO - Filling up the DagBag from /opt/airflow/dags/ej1.py
[2022-05-04 16:00:46,118] {processor.py:652} INFO - DAG(s) dict_keys(['ej1']) retrieved from /opt/airflow/dags/ej1.py
[2022-05-04 16:00:46,142] {logging_mixin.py:109} INFO - [2022-05-04 16:00:46,142] {dag.py:2398} INFO - Sync 1 DAGs
[2022-05-04 16:00:46,163] {logging_mixin.py:109} INFO - [2022-05-04 16:00:46,163] {dag.py:2937} INFO - Setting next_dagrun for ej1 to 2022-05-02T00:00:00+00:00
[2022-05-04 16:00:46,183] {processor.py:171} INFO - Processing /opt/airflow/dags/ej1.py took 0.090 seconds
[2022-05-04 16:01:16,602] {processor.py:163} INFO - Started process (PID=18839) to work on /opt/airflow/dags/ej1.py
[2022-05-04 16:01:16,604] {processor.py:642} INFO - Processing file /opt/airflow/dags/ej1.py for tasks to queue
[2022-05-04 16:01:16,606] {logging_mixin.py:109} INFO - [2022-05-04 16:01:16,605] {dagbag.py:500} INFO - Filling up the DagBag from /opt/airflow/dags/ej1.py
[2022-05-04 16:01:16,631] {processor.py:652} INFO - DAG(s) dict_keys(['ej1']) retrieved from /opt/airflow/dags/ej1.py
[2022-05-04 16:01:16,652] {logging_mixin.py:109} INFO - [2022-05-04 16:01:16,652] {dag.py:2398} INFO - Sync 1 DAGs
[2022-05-04 16:01:16,668] {logging_mixin.py:109} INFO - [2022-05-04 16:01:16,668] {dag.py:2937} INFO - Setting next_dagrun for ej1 to 2022-05-02T00:00:00+00:00
[2022-05-04 16:01:16,684] {processor.py:171} INFO - Processing /opt/airflow/dags/ej1.py took 0.087 seconds
[2022-05-04 16:01:47,182] {processor.py:163} INFO - Started process (PID=18908) to work on /opt/airflow/dags/ej1.py
[2022-05-04 16:01:47,184] {processor.py:642} INFO - Processing file /opt/airflow/dags/ej1.py for tasks to queue
[2022-05-04 16:01:47,185] {logging_mixin.py:109} INFO - [2022-05-04 16:01:47,185] {dagbag.py:500} INFO - Filling up the DagBag from /opt/airflow/dags/ej1.py
[2022-05-04 16:01:47,204] {processor.py:652} INFO - DAG(s) dict_keys(['ej1']) retrieved from /opt/airflow/dags/ej1.py
[2022-05-04 16:01:47,225] {logging_mixin.py:109} INFO - [2022-05-04 16:01:47,225] {dag.py:2398} INFO - Sync 1 DAGs
[2022-05-04 16:01:47,242] {logging_mixin.py:109} INFO - [2022-05-04 16:01:47,242] {dag.py:2937} INFO - Setting next_dagrun for ej1 to 2022-05-02T00:00:00+00:00
[2022-05-04 16:01:47,257] {processor.py:171} INFO - Processing /opt/airflow/dags/ej1.py took 0.079 seconds
[2022-05-04 16:02:18,062] {processor.py:163} INFO - Started process (PID=18967) to work on /opt/airflow/dags/ej1.py
[2022-05-04 16:02:18,064] {processor.py:642} INFO - Processing file /opt/airflow/dags/ej1.py for tasks to queue
[2022-05-04 16:02:18,065] {logging_mixin.py:109} INFO - [2022-05-04 16:02:18,065] {dagbag.py:500} INFO - Filling up the DagBag from /opt/airflow/dags/ej1.py
[2022-05-04 16:02:18,086] {processor.py:652} INFO - DAG(s) dict_keys(['ej1']) retrieved from /opt/airflow/dags/ej1.py
[2022-05-04 16:02:18,119] {logging_mixin.py:109} INFO - [2022-05-04 16:02:18,119] {dag.py:2398} INFO - Sync 1 DAGs
[2022-05-04 16:02:18,143] {logging_mixin.py:109} INFO - [2022-05-04 16:02:18,143] {dag.py:2937} INFO - Setting next_dagrun for ej1 to 2022-05-02T00:00:00+00:00
[2022-05-04 16:02:18,156] {processor.py:171} INFO - Processing /opt/airflow/dags/ej1.py took 0.098 seconds
[2022-05-04 16:02:48,548] {processor.py:163} INFO - Started process (PID=19037) to work on /opt/airflow/dags/ej1.py
[2022-05-04 16:02:48,550] {processor.py:642} INFO - Processing file /opt/airflow/dags/ej1.py for tasks to queue
[2022-05-04 16:02:48,552] {logging_mixin.py:109} INFO - [2022-05-04 16:02:48,552] {dagbag.py:500} INFO - Filling up the DagBag from /opt/airflow/dags/ej1.py
[2022-05-04 16:02:48,593] {processor.py:652} INFO - DAG(s) dict_keys(['ej1']) retrieved from /opt/airflow/dags/ej1.py
[2022-05-04 16:02:48,650] {logging_mixin.py:109} INFO - [2022-05-04 16:02:48,650] {dag.py:2398} INFO - Sync 1 DAGs
[2022-05-04 16:02:48,690] {logging_mixin.py:109} INFO - [2022-05-04 16:02:48,690] {dag.py:2937} INFO - Setting next_dagrun for ej1 to 2022-05-02T00:00:00+00:00
[2022-05-04 16:02:48,726] {processor.py:171} INFO - Processing /opt/airflow/dags/ej1.py took 0.182 seconds
[2022-05-04 16:03:18,848] {processor.py:163} INFO - Started process (PID=19098) to work on /opt/airflow/dags/ej1.py
[2022-05-04 16:03:18,850] {processor.py:642} INFO - Processing file /opt/airflow/dags/ej1.py for tasks to queue
[2022-05-04 16:03:18,851] {logging_mixin.py:109} INFO - [2022-05-04 16:03:18,851] {dagbag.py:500} INFO - Filling up the DagBag from /opt/airflow/dags/ej1.py
[2022-05-04 16:03:18,883] {processor.py:652} INFO - DAG(s) dict_keys(['ej1']) retrieved from /opt/airflow/dags/ej1.py
[2022-05-04 16:03:18,908] {logging_mixin.py:109} INFO - [2022-05-04 16:03:18,908] {dag.py:2398} INFO - Sync 1 DAGs
[2022-05-04 16:03:18,928] {logging_mixin.py:109} INFO - [2022-05-04 16:03:18,927] {dag.py:2937} INFO - Setting next_dagrun for ej1 to 2022-05-02T00:00:00+00:00
[2022-05-04 16:03:18,945] {processor.py:171} INFO - Processing /opt/airflow/dags/ej1.py took 0.101 seconds
[2022-05-04 16:03:49,066] {processor.py:163} INFO - Started process (PID=19167) to work on /opt/airflow/dags/ej1.py
[2022-05-04 16:03:49,067] {processor.py:642} INFO - Processing file /opt/airflow/dags/ej1.py for tasks to queue
[2022-05-04 16:03:49,069] {logging_mixin.py:109} INFO - [2022-05-04 16:03:49,069] {dagbag.py:500} INFO - Filling up the DagBag from /opt/airflow/dags/ej1.py
[2022-05-04 16:03:49,095] {processor.py:652} INFO - DAG(s) dict_keys(['ej1']) retrieved from /opt/airflow/dags/ej1.py
[2022-05-04 16:03:49,118] {logging_mixin.py:109} INFO - [2022-05-04 16:03:49,118] {dag.py:2398} INFO - Sync 1 DAGs
[2022-05-04 16:03:49,139] {logging_mixin.py:109} INFO - [2022-05-04 16:03:49,139] {dag.py:2937} INFO - Setting next_dagrun for ej1 to 2022-05-02T00:00:00+00:00
[2022-05-04 16:03:49,156] {processor.py:171} INFO - Processing /opt/airflow/dags/ej1.py took 0.094 seconds
[2022-05-04 16:04:19,623] {processor.py:163} INFO - Started process (PID=19227) to work on /opt/airflow/dags/ej1.py
[2022-05-04 16:04:19,625] {processor.py:642} INFO - Processing file /opt/airflow/dags/ej1.py for tasks to queue
[2022-05-04 16:04:19,627] {logging_mixin.py:109} INFO - [2022-05-04 16:04:19,627] {dagbag.py:500} INFO - Filling up the DagBag from /opt/airflow/dags/ej1.py
[2022-05-04 16:04:19,666] {processor.py:652} INFO - DAG(s) dict_keys(['ej1']) retrieved from /opt/airflow/dags/ej1.py
[2022-05-04 16:04:19,694] {logging_mixin.py:109} INFO - [2022-05-04 16:04:19,693] {dag.py:2398} INFO - Sync 1 DAGs
[2022-05-04 16:04:19,716] {logging_mixin.py:109} INFO - [2022-05-04 16:04:19,715] {dag.py:2937} INFO - Setting next_dagrun for ej1 to 2022-05-02T00:00:00+00:00
[2022-05-04 16:04:19,735] {processor.py:171} INFO - Processing /opt/airflow/dags/ej1.py took 0.116 seconds
[2022-05-04 16:04:50,028] {processor.py:163} INFO - Started process (PID=19294) to work on /opt/airflow/dags/ej1.py
[2022-05-04 16:04:50,030] {processor.py:642} INFO - Processing file /opt/airflow/dags/ej1.py for tasks to queue
[2022-05-04 16:04:50,031] {logging_mixin.py:109} INFO - [2022-05-04 16:04:50,031] {dagbag.py:500} INFO - Filling up the DagBag from /opt/airflow/dags/ej1.py
[2022-05-04 16:04:50,056] {processor.py:652} INFO - DAG(s) dict_keys(['ej1']) retrieved from /opt/airflow/dags/ej1.py
[2022-05-04 16:04:50,088] {logging_mixin.py:109} INFO - [2022-05-04 16:04:50,088] {dag.py:2398} INFO - Sync 1 DAGs
[2022-05-04 16:04:50,123] {logging_mixin.py:109} INFO - [2022-05-04 16:04:50,123] {dag.py:2937} INFO - Setting next_dagrun for ej1 to 2022-05-02T00:00:00+00:00
[2022-05-04 16:04:50,143] {processor.py:171} INFO - Processing /opt/airflow/dags/ej1.py took 0.118 seconds
[2022-05-04 16:05:20,577] {processor.py:163} INFO - Started process (PID=19358) to work on /opt/airflow/dags/ej1.py
[2022-05-04 16:05:20,579] {processor.py:642} INFO - Processing file /opt/airflow/dags/ej1.py for tasks to queue
[2022-05-04 16:05:20,580] {logging_mixin.py:109} INFO - [2022-05-04 16:05:20,580] {dagbag.py:500} INFO - Filling up the DagBag from /opt/airflow/dags/ej1.py
[2022-05-04 16:05:20,610] {processor.py:652} INFO - DAG(s) dict_keys(['ej1']) retrieved from /opt/airflow/dags/ej1.py
[2022-05-04 16:05:20,633] {logging_mixin.py:109} INFO - [2022-05-04 16:05:20,633] {dag.py:2398} INFO - Sync 1 DAGs
[2022-05-04 16:05:20,650] {logging_mixin.py:109} INFO - [2022-05-04 16:05:20,650] {dag.py:2937} INFO - Setting next_dagrun for ej1 to 2022-05-02T00:00:00+00:00
[2022-05-04 16:05:20,667] {processor.py:171} INFO - Processing /opt/airflow/dags/ej1.py took 0.094 seconds
[2022-05-04 16:05:51,010] {processor.py:163} INFO - Started process (PID=19419) to work on /opt/airflow/dags/ej1.py
[2022-05-04 16:05:51,013] {processor.py:642} INFO - Processing file /opt/airflow/dags/ej1.py for tasks to queue
[2022-05-04 16:05:51,014] {logging_mixin.py:109} INFO - [2022-05-04 16:05:51,014] {dagbag.py:500} INFO - Filling up the DagBag from /opt/airflow/dags/ej1.py
[2022-05-04 16:05:51,054] {processor.py:652} INFO - DAG(s) dict_keys(['ej1']) retrieved from /opt/airflow/dags/ej1.py
[2022-05-04 16:05:51,077] {logging_mixin.py:109} INFO - [2022-05-04 16:05:51,077] {dag.py:2398} INFO - Sync 1 DAGs
[2022-05-04 16:05:51,094] {logging_mixin.py:109} INFO - [2022-05-04 16:05:51,094] {dag.py:2937} INFO - Setting next_dagrun for ej1 to 2022-05-02T00:00:00+00:00
[2022-05-04 16:05:51,110] {processor.py:171} INFO - Processing /opt/airflow/dags/ej1.py took 0.103 seconds
[2022-05-04 16:06:21,507] {processor.py:163} INFO - Started process (PID=19490) to work on /opt/airflow/dags/ej1.py
[2022-05-04 16:06:21,508] {processor.py:642} INFO - Processing file /opt/airflow/dags/ej1.py for tasks to queue
[2022-05-04 16:06:21,509] {logging_mixin.py:109} INFO - [2022-05-04 16:06:21,509] {dagbag.py:500} INFO - Filling up the DagBag from /opt/airflow/dags/ej1.py
[2022-05-04 16:06:21,537] {processor.py:652} INFO - DAG(s) dict_keys(['ej1']) retrieved from /opt/airflow/dags/ej1.py
[2022-05-04 16:06:21,560] {logging_mixin.py:109} INFO - [2022-05-04 16:06:21,560] {dag.py:2398} INFO - Sync 1 DAGs
[2022-05-04 16:06:21,581] {logging_mixin.py:109} INFO - [2022-05-04 16:06:21,581] {dag.py:2937} INFO - Setting next_dagrun for ej1 to 2022-05-02T00:00:00+00:00
[2022-05-04 16:06:21,599] {processor.py:171} INFO - Processing /opt/airflow/dags/ej1.py took 0.095 seconds
[2022-05-04 16:06:52,406] {processor.py:163} INFO - Started process (PID=19549) to work on /opt/airflow/dags/ej1.py
[2022-05-04 16:06:52,408] {processor.py:642} INFO - Processing file /opt/airflow/dags/ej1.py for tasks to queue
[2022-05-04 16:06:52,409] {logging_mixin.py:109} INFO - [2022-05-04 16:06:52,409] {dagbag.py:500} INFO - Filling up the DagBag from /opt/airflow/dags/ej1.py
[2022-05-04 16:06:52,442] {processor.py:652} INFO - DAG(s) dict_keys(['ej1']) retrieved from /opt/airflow/dags/ej1.py
[2022-05-04 16:06:52,472] {logging_mixin.py:109} INFO - [2022-05-04 16:06:52,472] {dag.py:2398} INFO - Sync 1 DAGs
[2022-05-04 16:06:52,495] {logging_mixin.py:109} INFO - [2022-05-04 16:06:52,495] {dag.py:2937} INFO - Setting next_dagrun for ej1 to 2022-05-02T00:00:00+00:00
[2022-05-04 16:06:52,518] {processor.py:171} INFO - Processing /opt/airflow/dags/ej1.py took 0.115 seconds
[2022-05-04 16:07:23,252] {processor.py:163} INFO - Started process (PID=19617) to work on /opt/airflow/dags/ej1.py
[2022-05-04 16:07:23,254] {processor.py:642} INFO - Processing file /opt/airflow/dags/ej1.py for tasks to queue
[2022-05-04 16:07:23,255] {logging_mixin.py:109} INFO - [2022-05-04 16:07:23,255] {dagbag.py:500} INFO - Filling up the DagBag from /opt/airflow/dags/ej1.py
[2022-05-04 16:07:23,284] {processor.py:652} INFO - DAG(s) dict_keys(['ej1']) retrieved from /opt/airflow/dags/ej1.py
[2022-05-04 16:07:23,319] {logging_mixin.py:109} INFO - [2022-05-04 16:07:23,318] {dag.py:2398} INFO - Sync 1 DAGs
[2022-05-04 16:07:23,340] {logging_mixin.py:109} INFO - [2022-05-04 16:07:23,340] {dag.py:2937} INFO - Setting next_dagrun for ej1 to 2022-05-02T00:00:00+00:00
[2022-05-04 16:07:23,354] {processor.py:171} INFO - Processing /opt/airflow/dags/ej1.py took 0.107 seconds
[2022-05-04 16:07:53,820] {processor.py:163} INFO - Started process (PID=19677) to work on /opt/airflow/dags/ej1.py
[2022-05-04 16:07:53,822] {processor.py:642} INFO - Processing file /opt/airflow/dags/ej1.py for tasks to queue
[2022-05-04 16:07:53,823] {logging_mixin.py:109} INFO - [2022-05-04 16:07:53,823] {dagbag.py:500} INFO - Filling up the DagBag from /opt/airflow/dags/ej1.py
[2022-05-04 16:07:53,852] {processor.py:652} INFO - DAG(s) dict_keys(['ej1']) retrieved from /opt/airflow/dags/ej1.py
[2022-05-04 16:07:53,881] {logging_mixin.py:109} INFO - [2022-05-04 16:07:53,880] {dag.py:2398} INFO - Sync 1 DAGs
[2022-05-04 16:07:53,898] {logging_mixin.py:109} INFO - [2022-05-04 16:07:53,898] {dag.py:2937} INFO - Setting next_dagrun for ej1 to 2022-05-02T00:00:00+00:00
[2022-05-04 16:07:53,913] {processor.py:171} INFO - Processing /opt/airflow/dags/ej1.py took 0.100 seconds
[2022-05-04 16:08:24,024] {processor.py:163} INFO - Started process (PID=19747) to work on /opt/airflow/dags/ej1.py
[2022-05-04 16:08:24,026] {processor.py:642} INFO - Processing file /opt/airflow/dags/ej1.py for tasks to queue
[2022-05-04 16:08:24,027] {logging_mixin.py:109} INFO - [2022-05-04 16:08:24,027] {dagbag.py:500} INFO - Filling up the DagBag from /opt/airflow/dags/ej1.py
[2022-05-04 16:08:24,063] {processor.py:652} INFO - DAG(s) dict_keys(['ej1']) retrieved from /opt/airflow/dags/ej1.py
[2022-05-04 16:08:24,091] {logging_mixin.py:109} INFO - [2022-05-04 16:08:24,091] {dag.py:2398} INFO - Sync 1 DAGs
[2022-05-04 16:08:24,116] {logging_mixin.py:109} INFO - [2022-05-04 16:08:24,115] {dag.py:2937} INFO - Setting next_dagrun for ej1 to 2022-05-02T00:00:00+00:00
[2022-05-04 16:08:24,137] {processor.py:171} INFO - Processing /opt/airflow/dags/ej1.py took 0.116 seconds
[2022-05-04 16:08:54,306] {processor.py:163} INFO - Started process (PID=19807) to work on /opt/airflow/dags/ej1.py
[2022-05-04 16:08:54,308] {processor.py:642} INFO - Processing file /opt/airflow/dags/ej1.py for tasks to queue
[2022-05-04 16:08:54,309] {logging_mixin.py:109} INFO - [2022-05-04 16:08:54,309] {dagbag.py:500} INFO - Filling up the DagBag from /opt/airflow/dags/ej1.py
[2022-05-04 16:08:54,333] {processor.py:652} INFO - DAG(s) dict_keys(['ej1']) retrieved from /opt/airflow/dags/ej1.py
[2022-05-04 16:08:54,357] {logging_mixin.py:109} INFO - [2022-05-04 16:08:54,357] {dag.py:2398} INFO - Sync 1 DAGs
[2022-05-04 16:08:54,376] {logging_mixin.py:109} INFO - [2022-05-04 16:08:54,375] {dag.py:2937} INFO - Setting next_dagrun for ej1 to 2022-05-02T00:00:00+00:00
[2022-05-04 16:08:54,392] {processor.py:171} INFO - Processing /opt/airflow/dags/ej1.py took 0.090 seconds
[2022-05-04 16:09:24,909] {processor.py:163} INFO - Started process (PID=19878) to work on /opt/airflow/dags/ej1.py
[2022-05-04 16:09:24,911] {processor.py:642} INFO - Processing file /opt/airflow/dags/ej1.py for tasks to queue
[2022-05-04 16:09:24,912] {logging_mixin.py:109} INFO - [2022-05-04 16:09:24,912] {dagbag.py:500} INFO - Filling up the DagBag from /opt/airflow/dags/ej1.py
[2022-05-04 16:09:24,933] {processor.py:652} INFO - DAG(s) dict_keys(['ej1']) retrieved from /opt/airflow/dags/ej1.py
[2022-05-04 16:09:24,954] {logging_mixin.py:109} INFO - [2022-05-04 16:09:24,954] {dag.py:2398} INFO - Sync 1 DAGs
[2022-05-04 16:09:24,975] {logging_mixin.py:109} INFO - [2022-05-04 16:09:24,975] {dag.py:2937} INFO - Setting next_dagrun for ej1 to 2022-05-02T00:00:00+00:00
[2022-05-04 16:09:24,991] {processor.py:171} INFO - Processing /opt/airflow/dags/ej1.py took 0.085 seconds
[2022-05-04 16:09:55,492] {processor.py:163} INFO - Started process (PID=19939) to work on /opt/airflow/dags/ej1.py
[2022-05-04 16:09:55,495] {processor.py:642} INFO - Processing file /opt/airflow/dags/ej1.py for tasks to queue
[2022-05-04 16:09:55,496] {logging_mixin.py:109} INFO - [2022-05-04 16:09:55,496] {dagbag.py:500} INFO - Filling up the DagBag from /opt/airflow/dags/ej1.py
[2022-05-04 16:09:55,526] {processor.py:652} INFO - DAG(s) dict_keys(['ej1']) retrieved from /opt/airflow/dags/ej1.py
[2022-05-04 16:09:55,557] {logging_mixin.py:109} INFO - [2022-05-04 16:09:55,557] {dag.py:2398} INFO - Sync 1 DAGs
[2022-05-04 16:09:55,575] {logging_mixin.py:109} INFO - [2022-05-04 16:09:55,574] {dag.py:2937} INFO - Setting next_dagrun for ej1 to 2022-05-02T00:00:00+00:00
[2022-05-04 16:09:55,590] {processor.py:171} INFO - Processing /opt/airflow/dags/ej1.py took 0.104 seconds
[2022-05-04 16:10:25,918] {processor.py:163} INFO - Started process (PID=20008) to work on /opt/airflow/dags/ej1.py
[2022-05-04 16:10:25,921] {processor.py:642} INFO - Processing file /opt/airflow/dags/ej1.py for tasks to queue
[2022-05-04 16:10:25,922] {logging_mixin.py:109} INFO - [2022-05-04 16:10:25,922] {dagbag.py:500} INFO - Filling up the DagBag from /opt/airflow/dags/ej1.py
[2022-05-04 16:10:25,960] {processor.py:652} INFO - DAG(s) dict_keys(['ej1']) retrieved from /opt/airflow/dags/ej1.py
[2022-05-04 16:10:25,987] {logging_mixin.py:109} INFO - [2022-05-04 16:10:25,987] {dag.py:2398} INFO - Sync 1 DAGs
[2022-05-04 16:10:26,007] {logging_mixin.py:109} INFO - [2022-05-04 16:10:26,007] {dag.py:2937} INFO - Setting next_dagrun for ej1 to 2022-05-02T00:00:00+00:00
[2022-05-04 16:10:26,027] {processor.py:171} INFO - Processing /opt/airflow/dags/ej1.py took 0.115 seconds
[2022-05-04 16:10:56,216] {processor.py:163} INFO - Started process (PID=20068) to work on /opt/airflow/dags/ej1.py
[2022-05-04 16:10:56,217] {processor.py:642} INFO - Processing file /opt/airflow/dags/ej1.py for tasks to queue
[2022-05-04 16:10:56,218] {logging_mixin.py:109} INFO - [2022-05-04 16:10:56,218] {dagbag.py:500} INFO - Filling up the DagBag from /opt/airflow/dags/ej1.py
[2022-05-04 16:10:56,253] {processor.py:652} INFO - DAG(s) dict_keys(['ej1']) retrieved from /opt/airflow/dags/ej1.py
[2022-05-04 16:10:56,275] {logging_mixin.py:109} INFO - [2022-05-04 16:10:56,275] {dag.py:2398} INFO - Sync 1 DAGs
[2022-05-04 16:10:56,290] {logging_mixin.py:109} INFO - [2022-05-04 16:10:56,290] {dag.py:2937} INFO - Setting next_dagrun for ej1 to 2022-05-02T00:00:00+00:00
[2022-05-04 16:10:56,307] {processor.py:171} INFO - Processing /opt/airflow/dags/ej1.py took 0.096 seconds
[2022-05-04 16:11:26,713] {processor.py:163} INFO - Started process (PID=20138) to work on /opt/airflow/dags/ej1.py
[2022-05-04 16:11:26,715] {processor.py:642} INFO - Processing file /opt/airflow/dags/ej1.py for tasks to queue
[2022-05-04 16:11:26,716] {logging_mixin.py:109} INFO - [2022-05-04 16:11:26,716] {dagbag.py:500} INFO - Filling up the DagBag from /opt/airflow/dags/ej1.py
[2022-05-04 16:11:26,739] {processor.py:652} INFO - DAG(s) dict_keys(['ej1']) retrieved from /opt/airflow/dags/ej1.py
[2022-05-04 16:11:26,765] {logging_mixin.py:109} INFO - [2022-05-04 16:11:26,765] {dag.py:2398} INFO - Sync 1 DAGs
[2022-05-04 16:11:26,783] {logging_mixin.py:109} INFO - [2022-05-04 16:11:26,782] {dag.py:2937} INFO - Setting next_dagrun for ej1 to 2022-05-02T00:00:00+00:00
[2022-05-04 16:11:26,799] {processor.py:171} INFO - Processing /opt/airflow/dags/ej1.py took 0.091 seconds
[2022-05-04 16:11:57,267] {processor.py:163} INFO - Started process (PID=20197) to work on /opt/airflow/dags/ej1.py
[2022-05-04 16:11:57,269] {processor.py:642} INFO - Processing file /opt/airflow/dags/ej1.py for tasks to queue
[2022-05-04 16:11:57,270] {logging_mixin.py:109} INFO - [2022-05-04 16:11:57,270] {dagbag.py:500} INFO - Filling up the DagBag from /opt/airflow/dags/ej1.py
[2022-05-04 16:11:57,302] {processor.py:652} INFO - DAG(s) dict_keys(['ej1']) retrieved from /opt/airflow/dags/ej1.py
[2022-05-04 16:11:57,325] {logging_mixin.py:109} INFO - [2022-05-04 16:11:57,325] {dag.py:2398} INFO - Sync 1 DAGs
[2022-05-04 16:11:57,342] {logging_mixin.py:109} INFO - [2022-05-04 16:11:57,342] {dag.py:2937} INFO - Setting next_dagrun for ej1 to 2022-05-02T00:00:00+00:00
[2022-05-04 16:11:57,358] {processor.py:171} INFO - Processing /opt/airflow/dags/ej1.py took 0.094 seconds
[2022-05-04 16:12:27,526] {processor.py:163} INFO - Started process (PID=20266) to work on /opt/airflow/dags/ej1.py
[2022-05-04 16:12:27,527] {processor.py:642} INFO - Processing file /opt/airflow/dags/ej1.py for tasks to queue
[2022-05-04 16:12:27,528] {logging_mixin.py:109} INFO - [2022-05-04 16:12:27,528] {dagbag.py:500} INFO - Filling up the DagBag from /opt/airflow/dags/ej1.py
[2022-05-04 16:12:27,558] {processor.py:652} INFO - DAG(s) dict_keys(['ej1']) retrieved from /opt/airflow/dags/ej1.py
[2022-05-04 16:12:27,584] {logging_mixin.py:109} INFO - [2022-05-04 16:12:27,584] {dag.py:2398} INFO - Sync 1 DAGs
[2022-05-04 16:12:27,604] {logging_mixin.py:109} INFO - [2022-05-04 16:12:27,604] {dag.py:2937} INFO - Setting next_dagrun for ej1 to 2022-05-02T00:00:00+00:00
[2022-05-04 16:12:27,620] {processor.py:171} INFO - Processing /opt/airflow/dags/ej1.py took 0.098 seconds
[2022-05-04 16:12:57,753] {processor.py:163} INFO - Started process (PID=20326) to work on /opt/airflow/dags/ej1.py
[2022-05-04 16:12:57,755] {processor.py:642} INFO - Processing file /opt/airflow/dags/ej1.py for tasks to queue
[2022-05-04 16:12:57,756] {logging_mixin.py:109} INFO - [2022-05-04 16:12:57,756] {dagbag.py:500} INFO - Filling up the DagBag from /opt/airflow/dags/ej1.py
[2022-05-04 16:12:57,791] {processor.py:652} INFO - DAG(s) dict_keys(['ej1']) retrieved from /opt/airflow/dags/ej1.py
[2022-05-04 16:12:57,818] {logging_mixin.py:109} INFO - [2022-05-04 16:12:57,818] {dag.py:2398} INFO - Sync 1 DAGs
[2022-05-04 16:12:57,841] {logging_mixin.py:109} INFO - [2022-05-04 16:12:57,841] {dag.py:2937} INFO - Setting next_dagrun for ej1 to 2022-05-02T00:00:00+00:00
[2022-05-04 16:12:57,869] {processor.py:171} INFO - Processing /opt/airflow/dags/ej1.py took 0.119 seconds
[2022-05-04 16:13:28,163] {processor.py:163} INFO - Started process (PID=20387) to work on /opt/airflow/dags/ej1.py
[2022-05-04 16:13:28,165] {processor.py:642} INFO - Processing file /opt/airflow/dags/ej1.py for tasks to queue
[2022-05-04 16:13:28,166] {logging_mixin.py:109} INFO - [2022-05-04 16:13:28,166] {dagbag.py:500} INFO - Filling up the DagBag from /opt/airflow/dags/ej1.py
[2022-05-04 16:13:28,200] {processor.py:652} INFO - DAG(s) dict_keys(['ej1']) retrieved from /opt/airflow/dags/ej1.py
[2022-05-04 16:13:28,228] {logging_mixin.py:109} INFO - [2022-05-04 16:13:28,228] {dag.py:2398} INFO - Sync 1 DAGs
[2022-05-04 16:13:28,251] {logging_mixin.py:109} INFO - [2022-05-04 16:13:28,251] {dag.py:2937} INFO - Setting next_dagrun for ej1 to 2022-05-02T00:00:00+00:00
[2022-05-04 16:13:28,270] {processor.py:171} INFO - Processing /opt/airflow/dags/ej1.py took 0.111 seconds
[2022-05-04 16:13:58,530] {processor.py:163} INFO - Started process (PID=20459) to work on /opt/airflow/dags/ej1.py
[2022-05-04 16:13:58,534] {processor.py:642} INFO - Processing file /opt/airflow/dags/ej1.py for tasks to queue
[2022-05-04 16:13:58,537] {logging_mixin.py:109} INFO - [2022-05-04 16:13:58,536] {dagbag.py:500} INFO - Filling up the DagBag from /opt/airflow/dags/ej1.py
[2022-05-04 16:13:58,598] {processor.py:652} INFO - DAG(s) dict_keys(['ej1']) retrieved from /opt/airflow/dags/ej1.py
[2022-05-04 16:13:58,635] {logging_mixin.py:109} INFO - [2022-05-04 16:13:58,635] {dag.py:2398} INFO - Sync 1 DAGs
[2022-05-04 16:13:58,661] {logging_mixin.py:109} INFO - [2022-05-04 16:13:58,661] {dag.py:2937} INFO - Setting next_dagrun for ej1 to 2022-05-02T00:00:00+00:00
[2022-05-04 16:13:58,679] {processor.py:171} INFO - Processing /opt/airflow/dags/ej1.py took 0.157 seconds
[2022-05-04 16:14:28,776] {processor.py:163} INFO - Started process (PID=20519) to work on /opt/airflow/dags/ej1.py
[2022-05-04 16:14:28,778] {processor.py:642} INFO - Processing file /opt/airflow/dags/ej1.py for tasks to queue
[2022-05-04 16:14:28,779] {logging_mixin.py:109} INFO - [2022-05-04 16:14:28,779] {dagbag.py:500} INFO - Filling up the DagBag from /opt/airflow/dags/ej1.py
[2022-05-04 16:14:28,807] {processor.py:652} INFO - DAG(s) dict_keys(['ej1']) retrieved from /opt/airflow/dags/ej1.py
[2022-05-04 16:14:28,831] {logging_mixin.py:109} INFO - [2022-05-04 16:14:28,831] {dag.py:2398} INFO - Sync 1 DAGs
[2022-05-04 16:14:28,851] {logging_mixin.py:109} INFO - [2022-05-04 16:14:28,851] {dag.py:2937} INFO - Setting next_dagrun for ej1 to 2022-05-02T00:00:00+00:00
[2022-05-04 16:14:28,867] {processor.py:171} INFO - Processing /opt/airflow/dags/ej1.py took 0.094 seconds
[2022-05-04 16:14:59,461] {processor.py:163} INFO - Started process (PID=20589) to work on /opt/airflow/dags/ej1.py
[2022-05-04 16:14:59,463] {processor.py:642} INFO - Processing file /opt/airflow/dags/ej1.py for tasks to queue
[2022-05-04 16:14:59,464] {logging_mixin.py:109} INFO - [2022-05-04 16:14:59,464] {dagbag.py:500} INFO - Filling up the DagBag from /opt/airflow/dags/ej1.py
[2022-05-04 16:14:59,494] {processor.py:652} INFO - DAG(s) dict_keys(['ej1']) retrieved from /opt/airflow/dags/ej1.py
[2022-05-04 16:14:59,517] {logging_mixin.py:109} INFO - [2022-05-04 16:14:59,517] {dag.py:2398} INFO - Sync 1 DAGs
[2022-05-04 16:14:59,538] {logging_mixin.py:109} INFO - [2022-05-04 16:14:59,538] {dag.py:2937} INFO - Setting next_dagrun for ej1 to 2022-05-02T00:00:00+00:00
[2022-05-04 16:14:59,557] {processor.py:171} INFO - Processing /opt/airflow/dags/ej1.py took 0.100 seconds
[2022-05-04 16:15:29,820] {processor.py:163} INFO - Started process (PID=20649) to work on /opt/airflow/dags/ej1.py
[2022-05-04 16:15:29,822] {processor.py:642} INFO - Processing file /opt/airflow/dags/ej1.py for tasks to queue
[2022-05-04 16:15:29,824] {logging_mixin.py:109} INFO - [2022-05-04 16:15:29,824] {dagbag.py:500} INFO - Filling up the DagBag from /opt/airflow/dags/ej1.py
[2022-05-04 16:15:29,860] {processor.py:652} INFO - DAG(s) dict_keys(['ej1']) retrieved from /opt/airflow/dags/ej1.py
[2022-05-04 16:15:29,893] {logging_mixin.py:109} INFO - [2022-05-04 16:15:29,892] {dag.py:2398} INFO - Sync 1 DAGs
[2022-05-04 16:15:29,933] {logging_mixin.py:109} INFO - [2022-05-04 16:15:29,933] {dag.py:2937} INFO - Setting next_dagrun for ej1 to 2022-05-02T00:00:00+00:00
[2022-05-04 16:15:29,960] {processor.py:171} INFO - Processing /opt/airflow/dags/ej1.py took 0.145 seconds
[2022-05-04 16:16:00,292] {processor.py:163} INFO - Started process (PID=20719) to work on /opt/airflow/dags/ej1.py
[2022-05-04 16:16:00,294] {processor.py:642} INFO - Processing file /opt/airflow/dags/ej1.py for tasks to queue
[2022-05-04 16:16:00,296] {logging_mixin.py:109} INFO - [2022-05-04 16:16:00,296] {dagbag.py:500} INFO - Filling up the DagBag from /opt/airflow/dags/ej1.py
[2022-05-04 16:16:00,334] {processor.py:652} INFO - DAG(s) dict_keys(['ej1']) retrieved from /opt/airflow/dags/ej1.py
[2022-05-04 16:16:00,360] {logging_mixin.py:109} INFO - [2022-05-04 16:16:00,360] {dag.py:2398} INFO - Sync 1 DAGs
[2022-05-04 16:16:00,378] {logging_mixin.py:109} INFO - [2022-05-04 16:16:00,378] {dag.py:2937} INFO - Setting next_dagrun for ej1 to 2022-05-02T00:00:00+00:00
[2022-05-04 16:16:00,394] {processor.py:171} INFO - Processing /opt/airflow/dags/ej1.py took 0.107 seconds
[2022-05-04 16:16:30,757] {processor.py:163} INFO - Started process (PID=20780) to work on /opt/airflow/dags/ej1.py
[2022-05-04 16:16:30,758] {processor.py:642} INFO - Processing file /opt/airflow/dags/ej1.py for tasks to queue
[2022-05-04 16:16:30,760] {logging_mixin.py:109} INFO - [2022-05-04 16:16:30,759] {dagbag.py:500} INFO - Filling up the DagBag from /opt/airflow/dags/ej1.py
[2022-05-04 16:16:30,789] {processor.py:652} INFO - DAG(s) dict_keys(['ej1']) retrieved from /opt/airflow/dags/ej1.py
[2022-05-04 16:16:30,815] {logging_mixin.py:109} INFO - [2022-05-04 16:16:30,815] {dag.py:2398} INFO - Sync 1 DAGs
[2022-05-04 16:16:30,833] {logging_mixin.py:109} INFO - [2022-05-04 16:16:30,833] {dag.py:2937} INFO - Setting next_dagrun for ej1 to 2022-05-02T00:00:00+00:00
[2022-05-04 16:16:30,851] {processor.py:171} INFO - Processing /opt/airflow/dags/ej1.py took 0.098 seconds
[2022-05-04 16:17:01,082] {processor.py:163} INFO - Started process (PID=20850) to work on /opt/airflow/dags/ej1.py
[2022-05-04 16:17:01,084] {processor.py:642} INFO - Processing file /opt/airflow/dags/ej1.py for tasks to queue
[2022-05-04 16:17:01,085] {logging_mixin.py:109} INFO - [2022-05-04 16:17:01,085] {dagbag.py:500} INFO - Filling up the DagBag from /opt/airflow/dags/ej1.py
[2022-05-04 16:17:01,111] {processor.py:652} INFO - DAG(s) dict_keys(['ej1']) retrieved from /opt/airflow/dags/ej1.py
[2022-05-04 16:17:01,135] {logging_mixin.py:109} INFO - [2022-05-04 16:17:01,135] {dag.py:2398} INFO - Sync 1 DAGs
[2022-05-04 16:17:01,152] {logging_mixin.py:109} INFO - [2022-05-04 16:17:01,152] {dag.py:2937} INFO - Setting next_dagrun for ej1 to 2022-05-02T00:00:00+00:00
[2022-05-04 16:17:01,167] {processor.py:171} INFO - Processing /opt/airflow/dags/ej1.py took 0.090 seconds
[2022-05-04 16:17:31,314] {processor.py:163} INFO - Started process (PID=20910) to work on /opt/airflow/dags/ej1.py
[2022-05-04 16:17:31,315] {processor.py:642} INFO - Processing file /opt/airflow/dags/ej1.py for tasks to queue
[2022-05-04 16:17:31,316] {logging_mixin.py:109} INFO - [2022-05-04 16:17:31,316] {dagbag.py:500} INFO - Filling up the DagBag from /opt/airflow/dags/ej1.py
[2022-05-04 16:17:31,350] {processor.py:652} INFO - DAG(s) dict_keys(['ej1']) retrieved from /opt/airflow/dags/ej1.py
[2022-05-04 16:17:31,374] {logging_mixin.py:109} INFO - [2022-05-04 16:17:31,374] {dag.py:2398} INFO - Sync 1 DAGs
[2022-05-04 16:17:31,403] {logging_mixin.py:109} INFO - [2022-05-04 16:17:31,403] {dag.py:2937} INFO - Setting next_dagrun for ej1 to 2022-05-02T00:00:00+00:00
[2022-05-04 16:17:31,428] {processor.py:171} INFO - Processing /opt/airflow/dags/ej1.py took 0.118 seconds
[2022-05-04 16:18:01,900] {processor.py:163} INFO - Started process (PID=20980) to work on /opt/airflow/dags/ej1.py
[2022-05-04 16:18:01,902] {processor.py:642} INFO - Processing file /opt/airflow/dags/ej1.py for tasks to queue
[2022-05-04 16:18:01,903] {logging_mixin.py:109} INFO - [2022-05-04 16:18:01,903] {dagbag.py:500} INFO - Filling up the DagBag from /opt/airflow/dags/ej1.py
[2022-05-04 16:18:01,927] {processor.py:652} INFO - DAG(s) dict_keys(['ej1']) retrieved from /opt/airflow/dags/ej1.py
[2022-05-04 16:18:01,952] {logging_mixin.py:109} INFO - [2022-05-04 16:18:01,951] {dag.py:2398} INFO - Sync 1 DAGs
[2022-05-04 16:18:01,971] {logging_mixin.py:109} INFO - [2022-05-04 16:18:01,970] {dag.py:2937} INFO - Setting next_dagrun for ej1 to 2022-05-02T00:00:00+00:00
[2022-05-04 16:18:01,985] {processor.py:171} INFO - Processing /opt/airflow/dags/ej1.py took 0.090 seconds
[2022-05-04 16:18:32,339] {processor.py:163} INFO - Started process (PID=21040) to work on /opt/airflow/dags/ej1.py
[2022-05-04 16:18:32,343] {processor.py:642} INFO - Processing file /opt/airflow/dags/ej1.py for tasks to queue
[2022-05-04 16:18:32,346] {logging_mixin.py:109} INFO - [2022-05-04 16:18:32,346] {dagbag.py:500} INFO - Filling up the DagBag from /opt/airflow/dags/ej1.py
[2022-05-04 16:18:32,387] {processor.py:652} INFO - DAG(s) dict_keys(['ej1']) retrieved from /opt/airflow/dags/ej1.py
[2022-05-04 16:18:32,445] {logging_mixin.py:109} INFO - [2022-05-04 16:18:32,444] {dag.py:2398} INFO - Sync 1 DAGs
[2022-05-04 16:18:32,486] {logging_mixin.py:109} INFO - [2022-05-04 16:18:32,486] {dag.py:2937} INFO - Setting next_dagrun for ej1 to 2022-05-02T00:00:00+00:00
[2022-05-04 16:18:32,508] {processor.py:171} INFO - Processing /opt/airflow/dags/ej1.py took 0.180 seconds
[2022-05-04 16:19:03,045] {processor.py:163} INFO - Started process (PID=21111) to work on /opt/airflow/dags/ej1.py
[2022-05-04 16:19:03,048] {processor.py:642} INFO - Processing file /opt/airflow/dags/ej1.py for tasks to queue
[2022-05-04 16:19:03,049] {logging_mixin.py:109} INFO - [2022-05-04 16:19:03,049] {dagbag.py:500} INFO - Filling up the DagBag from /opt/airflow/dags/ej1.py
[2022-05-04 16:19:03,080] {processor.py:652} INFO - DAG(s) dict_keys(['ej1']) retrieved from /opt/airflow/dags/ej1.py
[2022-05-04 16:19:03,106] {logging_mixin.py:109} INFO - [2022-05-04 16:19:03,106] {dag.py:2398} INFO - Sync 1 DAGs
[2022-05-04 16:19:03,124] {logging_mixin.py:109} INFO - [2022-05-04 16:19:03,124] {dag.py:2937} INFO - Setting next_dagrun for ej1 to 2022-05-02T00:00:00+00:00
[2022-05-04 16:19:03,145] {processor.py:171} INFO - Processing /opt/airflow/dags/ej1.py took 0.104 seconds
[2022-05-04 16:19:33,502] {processor.py:163} INFO - Started process (PID=21170) to work on /opt/airflow/dags/ej1.py
[2022-05-04 16:19:33,504] {processor.py:642} INFO - Processing file /opt/airflow/dags/ej1.py for tasks to queue
[2022-05-04 16:19:33,505] {logging_mixin.py:109} INFO - [2022-05-04 16:19:33,505] {dagbag.py:500} INFO - Filling up the DagBag from /opt/airflow/dags/ej1.py
[2022-05-04 16:19:33,528] {processor.py:652} INFO - DAG(s) dict_keys(['ej1']) retrieved from /opt/airflow/dags/ej1.py
[2022-05-04 16:19:33,556] {logging_mixin.py:109} INFO - [2022-05-04 16:19:33,556] {dag.py:2398} INFO - Sync 1 DAGs
[2022-05-04 16:19:33,573] {logging_mixin.py:109} INFO - [2022-05-04 16:19:33,573] {dag.py:2937} INFO - Setting next_dagrun for ej1 to 2022-05-02T00:00:00+00:00
[2022-05-04 16:19:33,587] {processor.py:171} INFO - Processing /opt/airflow/dags/ej1.py took 0.091 seconds
[2022-05-04 16:20:04,204] {processor.py:163} INFO - Started process (PID=21230) to work on /opt/airflow/dags/ej1.py
[2022-05-04 16:20:04,208] {processor.py:642} INFO - Processing file /opt/airflow/dags/ej1.py for tasks to queue
[2022-05-04 16:20:04,210] {logging_mixin.py:109} INFO - [2022-05-04 16:20:04,209] {dagbag.py:500} INFO - Filling up the DagBag from /opt/airflow/dags/ej1.py
[2022-05-04 16:20:04,233] {processor.py:652} INFO - DAG(s) dict_keys(['ej1']) retrieved from /opt/airflow/dags/ej1.py
[2022-05-04 16:20:04,291] {logging_mixin.py:109} INFO - [2022-05-04 16:20:04,291] {dag.py:2398} INFO - Sync 1 DAGs
[2022-05-04 16:20:04,330] {logging_mixin.py:109} INFO - [2022-05-04 16:20:04,329] {dag.py:2937} INFO - Setting next_dagrun for ej1 to 2022-05-02T00:00:00+00:00
[2022-05-04 16:20:04,357] {processor.py:171} INFO - Processing /opt/airflow/dags/ej1.py took 0.158 seconds
[2022-05-04 16:20:34,840] {processor.py:163} INFO - Started process (PID=21301) to work on /opt/airflow/dags/ej1.py
[2022-05-04 16:20:34,842] {processor.py:642} INFO - Processing file /opt/airflow/dags/ej1.py for tasks to queue
[2022-05-04 16:20:34,844] {logging_mixin.py:109} INFO - [2022-05-04 16:20:34,844] {dagbag.py:500} INFO - Filling up the DagBag from /opt/airflow/dags/ej1.py
[2022-05-04 16:20:34,875] {processor.py:652} INFO - DAG(s) dict_keys(['ej1']) retrieved from /opt/airflow/dags/ej1.py
[2022-05-04 16:20:34,901] {logging_mixin.py:109} INFO - [2022-05-04 16:20:34,901] {dag.py:2398} INFO - Sync 1 DAGs
[2022-05-04 16:20:34,920] {logging_mixin.py:109} INFO - [2022-05-04 16:20:34,920] {dag.py:2937} INFO - Setting next_dagrun for ej1 to 2022-05-02T00:00:00+00:00
[2022-05-04 16:20:34,936] {processor.py:171} INFO - Processing /opt/airflow/dags/ej1.py took 0.102 seconds
[2022-05-04 16:21:05,449] {processor.py:163} INFO - Started process (PID=21361) to work on /opt/airflow/dags/ej1.py
[2022-05-04 16:21:05,451] {processor.py:642} INFO - Processing file /opt/airflow/dags/ej1.py for tasks to queue
[2022-05-04 16:21:05,452] {logging_mixin.py:109} INFO - [2022-05-04 16:21:05,452] {dagbag.py:500} INFO - Filling up the DagBag from /opt/airflow/dags/ej1.py
[2022-05-04 16:21:05,479] {processor.py:652} INFO - DAG(s) dict_keys(['ej1']) retrieved from /opt/airflow/dags/ej1.py
[2022-05-04 16:21:05,504] {logging_mixin.py:109} INFO - [2022-05-04 16:21:05,504] {dag.py:2398} INFO - Sync 1 DAGs
[2022-05-04 16:21:05,525] {logging_mixin.py:109} INFO - [2022-05-04 16:21:05,525] {dag.py:2937} INFO - Setting next_dagrun for ej1 to 2022-05-02T00:00:00+00:00
[2022-05-04 16:21:05,544] {processor.py:171} INFO - Processing /opt/airflow/dags/ej1.py took 0.098 seconds
[2022-05-04 16:21:36,183] {processor.py:163} INFO - Started process (PID=21431) to work on /opt/airflow/dags/ej1.py
[2022-05-04 16:21:36,185] {processor.py:642} INFO - Processing file /opt/airflow/dags/ej1.py for tasks to queue
[2022-05-04 16:21:36,186] {logging_mixin.py:109} INFO - [2022-05-04 16:21:36,186] {dagbag.py:500} INFO - Filling up the DagBag from /opt/airflow/dags/ej1.py
[2022-05-04 16:21:36,213] {processor.py:652} INFO - DAG(s) dict_keys(['ej1']) retrieved from /opt/airflow/dags/ej1.py
[2022-05-04 16:21:36,236] {logging_mixin.py:109} INFO - [2022-05-04 16:21:36,236] {dag.py:2398} INFO - Sync 1 DAGs
[2022-05-04 16:21:36,253] {logging_mixin.py:109} INFO - [2022-05-04 16:21:36,253] {dag.py:2937} INFO - Setting next_dagrun for ej1 to 2022-05-02T00:00:00+00:00
[2022-05-04 16:21:36,269] {processor.py:171} INFO - Processing /opt/airflow/dags/ej1.py took 0.089 seconds
[2022-05-04 16:22:06,937] {processor.py:163} INFO - Started process (PID=21490) to work on /opt/airflow/dags/ej1.py
[2022-05-04 16:22:06,941] {processor.py:642} INFO - Processing file /opt/airflow/dags/ej1.py for tasks to queue
[2022-05-04 16:22:06,943] {logging_mixin.py:109} INFO - [2022-05-04 16:22:06,942] {dagbag.py:500} INFO - Filling up the DagBag from /opt/airflow/dags/ej1.py
[2022-05-04 16:22:06,969] {processor.py:652} INFO - DAG(s) dict_keys(['ej1']) retrieved from /opt/airflow/dags/ej1.py
[2022-05-04 16:22:06,991] {logging_mixin.py:109} INFO - [2022-05-04 16:22:06,991] {dag.py:2398} INFO - Sync 1 DAGs
[2022-05-04 16:22:07,009] {logging_mixin.py:109} INFO - [2022-05-04 16:22:07,008] {dag.py:2937} INFO - Setting next_dagrun for ej1 to 2022-05-02T00:00:00+00:00
[2022-05-04 16:22:07,023] {processor.py:171} INFO - Processing /opt/airflow/dags/ej1.py took 0.090 seconds
[2022-05-04 16:22:37,636] {processor.py:163} INFO - Started process (PID=21560) to work on /opt/airflow/dags/ej1.py
[2022-05-04 16:22:37,638] {processor.py:642} INFO - Processing file /opt/airflow/dags/ej1.py for tasks to queue
[2022-05-04 16:22:37,639] {logging_mixin.py:109} INFO - [2022-05-04 16:22:37,639] {dagbag.py:500} INFO - Filling up the DagBag from /opt/airflow/dags/ej1.py
[2022-05-04 16:22:37,665] {processor.py:652} INFO - DAG(s) dict_keys(['ej1']) retrieved from /opt/airflow/dags/ej1.py
[2022-05-04 16:22:37,694] {logging_mixin.py:109} INFO - [2022-05-04 16:22:37,693] {dag.py:2398} INFO - Sync 1 DAGs
[2022-05-04 16:22:37,714] {logging_mixin.py:109} INFO - [2022-05-04 16:22:37,714] {dag.py:2937} INFO - Setting next_dagrun for ej1 to 2022-05-02T00:00:00+00:00
[2022-05-04 16:22:37,730] {processor.py:171} INFO - Processing /opt/airflow/dags/ej1.py took 0.098 seconds
[2022-05-04 16:23:08,150] {processor.py:163} INFO - Started process (PID=21620) to work on /opt/airflow/dags/ej1.py
[2022-05-04 16:23:08,152] {processor.py:642} INFO - Processing file /opt/airflow/dags/ej1.py for tasks to queue
[2022-05-04 16:23:08,154] {logging_mixin.py:109} INFO - [2022-05-04 16:23:08,153] {dagbag.py:500} INFO - Filling up the DagBag from /opt/airflow/dags/ej1.py
[2022-05-04 16:23:08,184] {processor.py:652} INFO - DAG(s) dict_keys(['ej1']) retrieved from /opt/airflow/dags/ej1.py
[2022-05-04 16:23:08,213] {logging_mixin.py:109} INFO - [2022-05-04 16:23:08,213] {dag.py:2398} INFO - Sync 1 DAGs
[2022-05-04 16:23:08,234] {logging_mixin.py:109} INFO - [2022-05-04 16:23:08,234] {dag.py:2937} INFO - Setting next_dagrun for ej1 to 2022-05-02T00:00:00+00:00
[2022-05-04 16:23:08,250] {processor.py:171} INFO - Processing /opt/airflow/dags/ej1.py took 0.105 seconds
[2022-05-04 16:23:38,823] {processor.py:163} INFO - Started process (PID=21691) to work on /opt/airflow/dags/ej1.py
[2022-05-04 16:23:38,824] {processor.py:642} INFO - Processing file /opt/airflow/dags/ej1.py for tasks to queue
[2022-05-04 16:23:38,825] {logging_mixin.py:109} INFO - [2022-05-04 16:23:38,825] {dagbag.py:500} INFO - Filling up the DagBag from /opt/airflow/dags/ej1.py
[2022-05-04 16:23:38,854] {processor.py:652} INFO - DAG(s) dict_keys(['ej1']) retrieved from /opt/airflow/dags/ej1.py
[2022-05-04 16:23:38,878] {logging_mixin.py:109} INFO - [2022-05-04 16:23:38,878] {dag.py:2398} INFO - Sync 1 DAGs
[2022-05-04 16:23:38,895] {logging_mixin.py:109} INFO - [2022-05-04 16:23:38,895] {dag.py:2937} INFO - Setting next_dagrun for ej1 to 2022-05-02T00:00:00+00:00
[2022-05-04 16:23:38,911] {processor.py:171} INFO - Processing /opt/airflow/dags/ej1.py took 0.092 seconds
[2022-05-04 16:24:09,598] {processor.py:163} INFO - Started process (PID=21752) to work on /opt/airflow/dags/ej1.py
[2022-05-04 16:24:09,600] {processor.py:642} INFO - Processing file /opt/airflow/dags/ej1.py for tasks to queue
[2022-05-04 16:24:09,601] {logging_mixin.py:109} INFO - [2022-05-04 16:24:09,600] {dagbag.py:500} INFO - Filling up the DagBag from /opt/airflow/dags/ej1.py
[2022-05-04 16:24:09,623] {processor.py:652} INFO - DAG(s) dict_keys(['ej1']) retrieved from /opt/airflow/dags/ej1.py
[2022-05-04 16:24:09,646] {logging_mixin.py:109} INFO - [2022-05-04 16:24:09,646] {dag.py:2398} INFO - Sync 1 DAGs
[2022-05-04 16:24:09,664] {logging_mixin.py:109} INFO - [2022-05-04 16:24:09,664] {dag.py:2937} INFO - Setting next_dagrun for ej1 to 2022-05-02T00:00:00+00:00
[2022-05-04 16:24:09,679] {processor.py:171} INFO - Processing /opt/airflow/dags/ej1.py took 0.085 seconds
[2022-05-04 16:24:40,309] {processor.py:163} INFO - Started process (PID=21821) to work on /opt/airflow/dags/ej1.py
[2022-05-04 16:24:40,311] {processor.py:642} INFO - Processing file /opt/airflow/dags/ej1.py for tasks to queue
[2022-05-04 16:24:40,313] {logging_mixin.py:109} INFO - [2022-05-04 16:24:40,313] {dagbag.py:500} INFO - Filling up the DagBag from /opt/airflow/dags/ej1.py
[2022-05-04 16:24:40,360] {processor.py:652} INFO - DAG(s) dict_keys(['ej1']) retrieved from /opt/airflow/dags/ej1.py
[2022-05-04 16:24:40,390] {logging_mixin.py:109} INFO - [2022-05-04 16:24:40,389] {dag.py:2398} INFO - Sync 1 DAGs
[2022-05-04 16:24:40,406] {logging_mixin.py:109} INFO - [2022-05-04 16:24:40,405] {dag.py:2937} INFO - Setting next_dagrun for ej1 to 2022-05-02T00:00:00+00:00
[2022-05-04 16:24:40,423] {processor.py:171} INFO - Processing /opt/airflow/dags/ej1.py took 0.117 seconds
[2022-05-04 17:29:32,750] {processor.py:163} INFO - Started process (PID=21892) to work on /opt/airflow/dags/ej1.py
[2022-05-04 17:29:32,754] {processor.py:642} INFO - Processing file /opt/airflow/dags/ej1.py for tasks to queue
[2022-05-04 17:29:32,782] {logging_mixin.py:109} INFO - [2022-05-04 17:29:32,781] {dagbag.py:500} INFO - Filling up the DagBag from /opt/airflow/dags/ej1.py
[2022-05-04 17:29:32,930] {processor.py:652} INFO - DAG(s) dict_keys(['ej1']) retrieved from /opt/airflow/dags/ej1.py
[2022-05-04 17:29:33,009] {logging_mixin.py:109} INFO - [2022-05-04 17:29:33,009] {dag.py:2398} INFO - Sync 1 DAGs
[2022-05-04 17:29:33,110] {logging_mixin.py:109} INFO - [2022-05-04 17:29:33,109] {dag.py:2937} INFO - Setting next_dagrun for ej1 to 2022-05-02T00:00:00+00:00
[2022-05-04 17:29:33,215] {processor.py:171} INFO - Processing /opt/airflow/dags/ej1.py took 0.488 seconds
[2022-05-04 17:30:03,564] {processor.py:163} INFO - Started process (PID=21953) to work on /opt/airflow/dags/ej1.py
[2022-05-04 17:30:03,566] {processor.py:642} INFO - Processing file /opt/airflow/dags/ej1.py for tasks to queue
[2022-05-04 17:30:03,567] {logging_mixin.py:109} INFO - [2022-05-04 17:30:03,567] {dagbag.py:500} INFO - Filling up the DagBag from /opt/airflow/dags/ej1.py
[2022-05-04 17:30:03,591] {processor.py:652} INFO - DAG(s) dict_keys(['ej1']) retrieved from /opt/airflow/dags/ej1.py
[2022-05-04 17:30:03,617] {logging_mixin.py:109} INFO - [2022-05-04 17:30:03,617] {dag.py:2398} INFO - Sync 1 DAGs
[2022-05-04 17:30:03,640] {logging_mixin.py:109} INFO - [2022-05-04 17:30:03,640] {dag.py:2937} INFO - Setting next_dagrun for ej1 to 2022-05-02T00:00:00+00:00
[2022-05-04 17:30:03,655] {processor.py:171} INFO - Processing /opt/airflow/dags/ej1.py took 0.097 seconds
[2022-05-04 17:30:34,049] {processor.py:163} INFO - Started process (PID=22013) to work on /opt/airflow/dags/ej1.py
[2022-05-04 17:30:34,052] {processor.py:642} INFO - Processing file /opt/airflow/dags/ej1.py for tasks to queue
[2022-05-04 17:30:34,053] {logging_mixin.py:109} INFO - [2022-05-04 17:30:34,053] {dagbag.py:500} INFO - Filling up the DagBag from /opt/airflow/dags/ej1.py
[2022-05-04 17:30:34,083] {processor.py:652} INFO - DAG(s) dict_keys(['ej1']) retrieved from /opt/airflow/dags/ej1.py
[2022-05-04 17:30:34,114] {logging_mixin.py:109} INFO - [2022-05-04 17:30:34,114] {dag.py:2398} INFO - Sync 1 DAGs
[2022-05-04 17:30:34,138] {logging_mixin.py:109} INFO - [2022-05-04 17:30:34,138] {dag.py:2937} INFO - Setting next_dagrun for ej1 to 2022-05-02T00:00:00+00:00
[2022-05-04 17:30:34,155] {processor.py:171} INFO - Processing /opt/airflow/dags/ej1.py took 0.110 seconds
[2022-05-04 17:31:04,997] {processor.py:163} INFO - Started process (PID=22081) to work on /opt/airflow/dags/ej1.py
[2022-05-04 17:31:05,000] {processor.py:642} INFO - Processing file /opt/airflow/dags/ej1.py for tasks to queue
[2022-05-04 17:31:05,004] {logging_mixin.py:109} INFO - [2022-05-04 17:31:05,003] {dagbag.py:500} INFO - Filling up the DagBag from /opt/airflow/dags/ej1.py
[2022-05-04 17:31:05,040] {processor.py:652} INFO - DAG(s) dict_keys(['ej1']) retrieved from /opt/airflow/dags/ej1.py
[2022-05-04 17:31:05,080] {logging_mixin.py:109} INFO - [2022-05-04 17:31:05,080] {dag.py:2398} INFO - Sync 1 DAGs
[2022-05-04 17:31:05,101] {logging_mixin.py:109} INFO - [2022-05-04 17:31:05,100] {dag.py:2937} INFO - Setting next_dagrun for ej1 to 2022-05-02T00:00:00+00:00
[2022-05-04 17:31:05,116] {processor.py:171} INFO - Processing /opt/airflow/dags/ej1.py took 0.127 seconds
