[2022-05-04 15:27:09,113] {processor.py:163} INFO - Started process (PID=15177) to work on /opt/airflow/dags/ej3.py
[2022-05-04 15:27:09,127] {processor.py:642} INFO - Processing file /opt/airflow/dags/ej3.py for tasks to queue
[2022-05-04 15:27:09,157] {logging_mixin.py:109} INFO - [2022-05-04 15:27:09,157] {dagbag.py:500} INFO - Filling up the DagBag from /opt/airflow/dags/ej3.py
[2022-05-04 15:27:09,897] {processor.py:652} INFO - DAG(s) dict_keys(['ej3']) retrieved from /opt/airflow/dags/ej3.py
[2022-05-04 15:27:12,218] {logging_mixin.py:109} INFO - [2022-05-04 15:27:12,210] {dag.py:2398} INFO - Sync 1 DAGs
[2022-05-04 15:27:12,608] {logging_mixin.py:109} INFO - [2022-05-04 15:27:12,608] {dag.py:2937} INFO - Setting next_dagrun for ej3 to 2022-05-03T00:01:00+00:00
[2022-05-04 15:27:15,296] {processor.py:171} INFO - Processing /opt/airflow/dags/ej3.py took 6.249 seconds
[2022-05-04 15:27:46,017] {processor.py:163} INFO - Started process (PID=15235) to work on /opt/airflow/dags/ej3.py
[2022-05-04 15:27:46,023] {processor.py:642} INFO - Processing file /opt/airflow/dags/ej3.py for tasks to queue
[2022-05-04 15:27:46,025] {logging_mixin.py:109} INFO - [2022-05-04 15:27:46,025] {dagbag.py:500} INFO - Filling up the DagBag from /opt/airflow/dags/ej3.py
[2022-05-04 15:27:46,085] {processor.py:652} INFO - DAG(s) dict_keys(['ej3']) retrieved from /opt/airflow/dags/ej3.py
[2022-05-04 15:27:46,164] {logging_mixin.py:109} INFO - [2022-05-04 15:27:46,164] {dag.py:2398} INFO - Sync 1 DAGs
[2022-05-04 15:27:46,224] {logging_mixin.py:109} INFO - [2022-05-04 15:27:46,224] {dag.py:2937} INFO - Setting next_dagrun for ej3 to 2022-05-03T00:01:00+00:00
[2022-05-04 15:27:46,273] {processor.py:171} INFO - Processing /opt/airflow/dags/ej3.py took 0.263 seconds
[2022-05-04 15:28:16,530] {processor.py:163} INFO - Started process (PID=15289) to work on /opt/airflow/dags/ej3.py
[2022-05-04 15:28:16,533] {processor.py:642} INFO - Processing file /opt/airflow/dags/ej3.py for tasks to queue
[2022-05-04 15:28:16,535] {logging_mixin.py:109} INFO - [2022-05-04 15:28:16,534] {dagbag.py:500} INFO - Filling up the DagBag from /opt/airflow/dags/ej3.py
[2022-05-04 15:28:16,569] {processor.py:652} INFO - DAG(s) dict_keys(['ej3']) retrieved from /opt/airflow/dags/ej3.py
[2022-05-04 15:28:16,601] {logging_mixin.py:109} INFO - [2022-05-04 15:28:16,601] {dag.py:2398} INFO - Sync 1 DAGs
[2022-05-04 15:28:16,631] {logging_mixin.py:109} INFO - [2022-05-04 15:28:16,631] {dag.py:2937} INFO - Setting next_dagrun for ej3 to 2022-05-03T00:01:00+00:00
[2022-05-04 15:28:16,665] {processor.py:171} INFO - Processing /opt/airflow/dags/ej3.py took 0.141 seconds
[2022-05-04 15:28:46,895] {processor.py:163} INFO - Started process (PID=15350) to work on /opt/airflow/dags/ej3.py
[2022-05-04 15:28:46,898] {processor.py:642} INFO - Processing file /opt/airflow/dags/ej3.py for tasks to queue
[2022-05-04 15:28:46,902] {logging_mixin.py:109} INFO - [2022-05-04 15:28:46,901] {dagbag.py:500} INFO - Filling up the DagBag from /opt/airflow/dags/ej3.py
[2022-05-04 15:28:46,943] {processor.py:652} INFO - DAG(s) dict_keys(['ej3']) retrieved from /opt/airflow/dags/ej3.py
[2022-05-04 15:28:46,989] {logging_mixin.py:109} INFO - [2022-05-04 15:28:46,989] {dag.py:2398} INFO - Sync 1 DAGs
[2022-05-04 15:28:47,015] {logging_mixin.py:109} INFO - [2022-05-04 15:28:47,014] {dag.py:2937} INFO - Setting next_dagrun for ej3 to 2022-05-03T00:01:00+00:00
[2022-05-04 15:28:47,049] {processor.py:171} INFO - Processing /opt/airflow/dags/ej3.py took 0.159 seconds
[2022-05-04 15:29:17,355] {processor.py:163} INFO - Started process (PID=15409) to work on /opt/airflow/dags/ej3.py
[2022-05-04 15:29:17,360] {processor.py:642} INFO - Processing file /opt/airflow/dags/ej3.py for tasks to queue
[2022-05-04 15:29:17,362] {logging_mixin.py:109} INFO - [2022-05-04 15:29:17,361] {dagbag.py:500} INFO - Filling up the DagBag from /opt/airflow/dags/ej3.py
[2022-05-04 15:29:17,404] {processor.py:652} INFO - DAG(s) dict_keys(['ej3']) retrieved from /opt/airflow/dags/ej3.py
[2022-05-04 15:29:17,438] {logging_mixin.py:109} INFO - [2022-05-04 15:29:17,438] {dag.py:2398} INFO - Sync 1 DAGs
[2022-05-04 15:29:17,462] {logging_mixin.py:109} INFO - [2022-05-04 15:29:17,462] {dag.py:2937} INFO - Setting next_dagrun for ej3 to 2022-05-03T00:01:00+00:00
[2022-05-04 15:29:17,487] {processor.py:171} INFO - Processing /opt/airflow/dags/ej3.py took 0.140 seconds
[2022-05-04 15:29:47,571] {processor.py:163} INFO - Started process (PID=15478) to work on /opt/airflow/dags/ej3.py
[2022-05-04 15:29:47,574] {processor.py:642} INFO - Processing file /opt/airflow/dags/ej3.py for tasks to queue
[2022-05-04 15:29:47,575] {logging_mixin.py:109} INFO - [2022-05-04 15:29:47,575] {dagbag.py:500} INFO - Filling up the DagBag from /opt/airflow/dags/ej3.py
[2022-05-04 15:29:47,605] {processor.py:652} INFO - DAG(s) dict_keys(['ej3']) retrieved from /opt/airflow/dags/ej3.py
[2022-05-04 15:29:47,634] {logging_mixin.py:109} INFO - [2022-05-04 15:29:47,634] {dag.py:2398} INFO - Sync 1 DAGs
[2022-05-04 15:29:47,656] {logging_mixin.py:109} INFO - [2022-05-04 15:29:47,655] {dag.py:2937} INFO - Setting next_dagrun for ej3 to 2022-05-03T00:01:00+00:00
[2022-05-04 15:29:47,672] {processor.py:171} INFO - Processing /opt/airflow/dags/ej3.py took 0.106 seconds
[2022-05-04 15:30:18,102] {processor.py:163} INFO - Started process (PID=15537) to work on /opt/airflow/dags/ej3.py
[2022-05-04 15:30:18,104] {processor.py:642} INFO - Processing file /opt/airflow/dags/ej3.py for tasks to queue
[2022-05-04 15:30:18,106] {logging_mixin.py:109} INFO - [2022-05-04 15:30:18,106] {dagbag.py:500} INFO - Filling up the DagBag from /opt/airflow/dags/ej3.py
[2022-05-04 15:30:18,142] {processor.py:652} INFO - DAG(s) dict_keys(['ej3']) retrieved from /opt/airflow/dags/ej3.py
[2022-05-04 15:30:18,178] {logging_mixin.py:109} INFO - [2022-05-04 15:30:18,178] {dag.py:2398} INFO - Sync 1 DAGs
[2022-05-04 15:30:18,216] {logging_mixin.py:109} INFO - [2022-05-04 15:30:18,216] {dag.py:2937} INFO - Setting next_dagrun for ej3 to 2022-05-03T00:01:00+00:00
[2022-05-04 15:30:18,243] {processor.py:171} INFO - Processing /opt/airflow/dags/ej3.py took 0.147 seconds
[2022-05-04 15:30:48,591] {processor.py:163} INFO - Started process (PID=15597) to work on /opt/airflow/dags/ej3.py
[2022-05-04 15:30:48,593] {processor.py:642} INFO - Processing file /opt/airflow/dags/ej3.py for tasks to queue
[2022-05-04 15:30:48,594] {logging_mixin.py:109} INFO - [2022-05-04 15:30:48,594] {dagbag.py:500} INFO - Filling up the DagBag from /opt/airflow/dags/ej3.py
[2022-05-04 15:30:48,656] {processor.py:652} INFO - DAG(s) dict_keys(['ej3']) retrieved from /opt/airflow/dags/ej3.py
[2022-05-04 15:30:48,681] {logging_mixin.py:109} INFO - [2022-05-04 15:30:48,681] {dag.py:2398} INFO - Sync 1 DAGs
[2022-05-04 15:30:48,708] {logging_mixin.py:109} INFO - [2022-05-04 15:30:48,707] {dag.py:2937} INFO - Setting next_dagrun for ej3 to 2022-05-03T00:01:00+00:00
[2022-05-04 15:30:48,723] {processor.py:171} INFO - Processing /opt/airflow/dags/ej3.py took 0.137 seconds
[2022-05-04 15:31:19,562] {processor.py:163} INFO - Started process (PID=15658) to work on /opt/airflow/dags/ej3.py
[2022-05-04 15:31:19,563] {processor.py:642} INFO - Processing file /opt/airflow/dags/ej3.py for tasks to queue
[2022-05-04 15:31:19,564] {logging_mixin.py:109} INFO - [2022-05-04 15:31:19,564] {dagbag.py:500} INFO - Filling up the DagBag from /opt/airflow/dags/ej3.py
[2022-05-04 15:31:19,614] {processor.py:652} INFO - DAG(s) dict_keys(['ej3']) retrieved from /opt/airflow/dags/ej3.py
[2022-05-04 15:31:19,640] {logging_mixin.py:109} INFO - [2022-05-04 15:31:19,640] {dag.py:2398} INFO - Sync 1 DAGs
[2022-05-04 15:31:19,661] {logging_mixin.py:109} INFO - [2022-05-04 15:31:19,661] {dag.py:2937} INFO - Setting next_dagrun for ej3 to 2022-05-03T00:01:00+00:00
[2022-05-04 15:31:19,675] {processor.py:171} INFO - Processing /opt/airflow/dags/ej3.py took 0.117 seconds
[2022-05-04 15:31:50,422] {processor.py:163} INFO - Started process (PID=15728) to work on /opt/airflow/dags/ej3.py
[2022-05-04 15:31:50,425] {processor.py:642} INFO - Processing file /opt/airflow/dags/ej3.py for tasks to queue
[2022-05-04 15:31:50,427] {logging_mixin.py:109} INFO - [2022-05-04 15:31:50,427] {dagbag.py:500} INFO - Filling up the DagBag from /opt/airflow/dags/ej3.py
[2022-05-04 15:31:50,462] {processor.py:652} INFO - DAG(s) dict_keys(['ej3']) retrieved from /opt/airflow/dags/ej3.py
[2022-05-04 15:31:50,502] {logging_mixin.py:109} INFO - [2022-05-04 15:31:50,502] {dag.py:2398} INFO - Sync 1 DAGs
[2022-05-04 15:31:50,531] {logging_mixin.py:109} INFO - [2022-05-04 15:31:50,531] {dag.py:2937} INFO - Setting next_dagrun for ej3 to 2022-05-03T00:01:00+00:00
[2022-05-04 15:31:50,551] {processor.py:171} INFO - Processing /opt/airflow/dags/ej3.py took 0.134 seconds
[2022-05-04 15:32:20,805] {processor.py:163} INFO - Started process (PID=15789) to work on /opt/airflow/dags/ej3.py
[2022-05-04 15:32:20,807] {processor.py:642} INFO - Processing file /opt/airflow/dags/ej3.py for tasks to queue
[2022-05-04 15:32:20,809] {logging_mixin.py:109} INFO - [2022-05-04 15:32:20,808] {dagbag.py:500} INFO - Filling up the DagBag from /opt/airflow/dags/ej3.py
[2022-05-04 15:32:20,835] {processor.py:652} INFO - DAG(s) dict_keys(['ej3']) retrieved from /opt/airflow/dags/ej3.py
[2022-05-04 15:32:20,858] {logging_mixin.py:109} INFO - [2022-05-04 15:32:20,857] {dag.py:2398} INFO - Sync 1 DAGs
[2022-05-04 15:32:20,881] {logging_mixin.py:109} INFO - [2022-05-04 15:32:20,881] {dag.py:2937} INFO - Setting next_dagrun for ej3 to 2022-05-03T00:01:00+00:00
[2022-05-04 15:32:20,900] {processor.py:171} INFO - Processing /opt/airflow/dags/ej3.py took 0.099 seconds
[2022-05-04 15:32:51,464] {processor.py:163} INFO - Started process (PID=15849) to work on /opt/airflow/dags/ej3.py
[2022-05-04 15:32:51,467] {processor.py:642} INFO - Processing file /opt/airflow/dags/ej3.py for tasks to queue
[2022-05-04 15:32:51,468] {logging_mixin.py:109} INFO - [2022-05-04 15:32:51,468] {dagbag.py:500} INFO - Filling up the DagBag from /opt/airflow/dags/ej3.py
[2022-05-04 15:32:51,497] {processor.py:652} INFO - DAG(s) dict_keys(['ej3']) retrieved from /opt/airflow/dags/ej3.py
[2022-05-04 15:32:51,523] {logging_mixin.py:109} INFO - [2022-05-04 15:32:51,522] {dag.py:2398} INFO - Sync 1 DAGs
[2022-05-04 15:32:51,539] {logging_mixin.py:109} INFO - [2022-05-04 15:32:51,539] {dag.py:2937} INFO - Setting next_dagrun for ej3 to 2022-05-03T00:01:00+00:00
[2022-05-04 15:32:51,556] {processor.py:171} INFO - Processing /opt/airflow/dags/ej3.py took 0.097 seconds
[2022-05-04 15:33:22,239] {processor.py:163} INFO - Started process (PID=15920) to work on /opt/airflow/dags/ej3.py
[2022-05-04 15:33:22,242] {processor.py:642} INFO - Processing file /opt/airflow/dags/ej3.py for tasks to queue
[2022-05-04 15:33:22,243] {logging_mixin.py:109} INFO - [2022-05-04 15:33:22,243] {dagbag.py:500} INFO - Filling up the DagBag from /opt/airflow/dags/ej3.py
[2022-05-04 15:33:22,285] {processor.py:652} INFO - DAG(s) dict_keys(['ej3']) retrieved from /opt/airflow/dags/ej3.py
[2022-05-04 15:33:22,322] {logging_mixin.py:109} INFO - [2022-05-04 15:33:22,322] {dag.py:2398} INFO - Sync 1 DAGs
[2022-05-04 15:33:22,352] {logging_mixin.py:109} INFO - [2022-05-04 15:33:22,352] {dag.py:2937} INFO - Setting next_dagrun for ej3 to 2022-05-03T00:01:00+00:00
[2022-05-04 15:33:22,368] {processor.py:171} INFO - Processing /opt/airflow/dags/ej3.py took 0.134 seconds
[2022-05-04 15:33:52,823] {processor.py:163} INFO - Started process (PID=15980) to work on /opt/airflow/dags/ej3.py
[2022-05-04 15:33:52,825] {processor.py:642} INFO - Processing file /opt/airflow/dags/ej3.py for tasks to queue
[2022-05-04 15:33:52,826] {logging_mixin.py:109} INFO - [2022-05-04 15:33:52,825] {dagbag.py:500} INFO - Filling up the DagBag from /opt/airflow/dags/ej3.py
[2022-05-04 15:33:52,850] {processor.py:652} INFO - DAG(s) dict_keys(['ej3']) retrieved from /opt/airflow/dags/ej3.py
[2022-05-04 15:33:52,874] {logging_mixin.py:109} INFO - [2022-05-04 15:33:52,874] {dag.py:2398} INFO - Sync 1 DAGs
[2022-05-04 15:33:52,894] {logging_mixin.py:109} INFO - [2022-05-04 15:33:52,894] {dag.py:2937} INFO - Setting next_dagrun for ej3 to 2022-05-03T00:01:00+00:00
[2022-05-04 15:33:52,912] {processor.py:171} INFO - Processing /opt/airflow/dags/ej3.py took 0.092 seconds
[2022-05-04 15:34:23,268] {processor.py:163} INFO - Started process (PID=16041) to work on /opt/airflow/dags/ej3.py
[2022-05-04 15:34:23,271] {processor.py:642} INFO - Processing file /opt/airflow/dags/ej3.py for tasks to queue
[2022-05-04 15:34:23,272] {logging_mixin.py:109} INFO - [2022-05-04 15:34:23,272] {dagbag.py:500} INFO - Filling up the DagBag from /opt/airflow/dags/ej3.py
[2022-05-04 15:34:23,297] {processor.py:652} INFO - DAG(s) dict_keys(['ej3']) retrieved from /opt/airflow/dags/ej3.py
[2022-05-04 15:34:23,322] {logging_mixin.py:109} INFO - [2022-05-04 15:34:23,322] {dag.py:2398} INFO - Sync 1 DAGs
[2022-05-04 15:34:23,338] {logging_mixin.py:109} INFO - [2022-05-04 15:34:23,338] {dag.py:2937} INFO - Setting next_dagrun for ej3 to 2022-05-03T00:01:00+00:00
[2022-05-04 15:34:23,355] {processor.py:171} INFO - Processing /opt/airflow/dags/ej3.py took 0.090 seconds
[2022-05-04 15:34:53,690] {processor.py:163} INFO - Started process (PID=16110) to work on /opt/airflow/dags/ej3.py
[2022-05-04 15:34:53,692] {processor.py:642} INFO - Processing file /opt/airflow/dags/ej3.py for tasks to queue
[2022-05-04 15:34:53,693] {logging_mixin.py:109} INFO - [2022-05-04 15:34:53,693] {dagbag.py:500} INFO - Filling up the DagBag from /opt/airflow/dags/ej3.py
[2022-05-04 15:34:53,723] {processor.py:652} INFO - DAG(s) dict_keys(['ej3']) retrieved from /opt/airflow/dags/ej3.py
[2022-05-04 15:34:53,749] {logging_mixin.py:109} INFO - [2022-05-04 15:34:53,749] {dag.py:2398} INFO - Sync 1 DAGs
[2022-05-04 15:34:53,768] {logging_mixin.py:109} INFO - [2022-05-04 15:34:53,768] {dag.py:2937} INFO - Setting next_dagrun for ej3 to 2022-05-03T00:01:00+00:00
[2022-05-04 15:34:53,786] {processor.py:171} INFO - Processing /opt/airflow/dags/ej3.py took 0.100 seconds
[2022-05-04 15:35:24,310] {processor.py:163} INFO - Started process (PID=16171) to work on /opt/airflow/dags/ej3.py
[2022-05-04 15:35:24,312] {processor.py:642} INFO - Processing file /opt/airflow/dags/ej3.py for tasks to queue
[2022-05-04 15:35:24,313] {logging_mixin.py:109} INFO - [2022-05-04 15:35:24,313] {dagbag.py:500} INFO - Filling up the DagBag from /opt/airflow/dags/ej3.py
[2022-05-04 15:35:24,334] {processor.py:652} INFO - DAG(s) dict_keys(['ej3']) retrieved from /opt/airflow/dags/ej3.py
[2022-05-04 15:35:24,358] {logging_mixin.py:109} INFO - [2022-05-04 15:35:24,357] {dag.py:2398} INFO - Sync 1 DAGs
[2022-05-04 15:35:24,395] {logging_mixin.py:109} INFO - [2022-05-04 15:35:24,395] {dag.py:2937} INFO - Setting next_dagrun for ej3 to 2022-05-03T00:01:00+00:00
[2022-05-04 15:35:24,429] {processor.py:171} INFO - Processing /opt/airflow/dags/ej3.py took 0.123 seconds
[2022-05-04 15:35:54,904] {processor.py:163} INFO - Started process (PID=16240) to work on /opt/airflow/dags/ej3.py
[2022-05-04 15:35:54,905] {processor.py:642} INFO - Processing file /opt/airflow/dags/ej3.py for tasks to queue
[2022-05-04 15:35:54,905] {logging_mixin.py:109} INFO - [2022-05-04 15:35:54,905] {dagbag.py:500} INFO - Filling up the DagBag from /opt/airflow/dags/ej3.py
[2022-05-04 15:35:54,922] {processor.py:652} INFO - DAG(s) dict_keys(['ej3']) retrieved from /opt/airflow/dags/ej3.py
[2022-05-04 15:35:54,940] {logging_mixin.py:109} INFO - [2022-05-04 15:35:54,940] {dag.py:2398} INFO - Sync 1 DAGs
[2022-05-04 15:35:54,954] {logging_mixin.py:109} INFO - [2022-05-04 15:35:54,954] {dag.py:2937} INFO - Setting next_dagrun for ej3 to 2022-05-03T00:01:00+00:00
[2022-05-04 15:35:54,967] {processor.py:171} INFO - Processing /opt/airflow/dags/ej3.py took 0.066 seconds
[2022-05-04 15:36:25,194] {processor.py:163} INFO - Started process (PID=16300) to work on /opt/airflow/dags/ej3.py
[2022-05-04 15:36:25,195] {processor.py:642} INFO - Processing file /opt/airflow/dags/ej3.py for tasks to queue
[2022-05-04 15:36:25,196] {logging_mixin.py:109} INFO - [2022-05-04 15:36:25,196] {dagbag.py:500} INFO - Filling up the DagBag from /opt/airflow/dags/ej3.py
[2022-05-04 15:36:25,212] {processor.py:652} INFO - DAG(s) dict_keys(['ej3']) retrieved from /opt/airflow/dags/ej3.py
[2022-05-04 15:36:25,229] {logging_mixin.py:109} INFO - [2022-05-04 15:36:25,229] {dag.py:2398} INFO - Sync 1 DAGs
[2022-05-04 15:36:25,242] {logging_mixin.py:109} INFO - [2022-05-04 15:36:25,242] {dag.py:2937} INFO - Setting next_dagrun for ej3 to 2022-05-03T00:01:00+00:00
[2022-05-04 15:36:25,257] {processor.py:171} INFO - Processing /opt/airflow/dags/ej3.py took 0.066 seconds
[2022-05-04 15:36:55,949] {processor.py:163} INFO - Started process (PID=16370) to work on /opt/airflow/dags/ej3.py
[2022-05-04 15:36:55,950] {processor.py:642} INFO - Processing file /opt/airflow/dags/ej3.py for tasks to queue
[2022-05-04 15:36:55,951] {logging_mixin.py:109} INFO - [2022-05-04 15:36:55,951] {dagbag.py:500} INFO - Filling up the DagBag from /opt/airflow/dags/ej3.py
[2022-05-04 15:36:55,967] {processor.py:652} INFO - DAG(s) dict_keys(['ej3']) retrieved from /opt/airflow/dags/ej3.py
[2022-05-04 15:36:55,988] {logging_mixin.py:109} INFO - [2022-05-04 15:36:55,988] {dag.py:2398} INFO - Sync 1 DAGs
[2022-05-04 15:36:56,005] {logging_mixin.py:109} INFO - [2022-05-04 15:36:56,005] {dag.py:2937} INFO - Setting next_dagrun for ej3 to 2022-05-03T00:01:00+00:00
[2022-05-04 15:36:56,021] {processor.py:171} INFO - Processing /opt/airflow/dags/ej3.py took 0.076 seconds
[2022-05-04 15:37:26,133] {processor.py:163} INFO - Started process (PID=16431) to work on /opt/airflow/dags/ej3.py
[2022-05-04 15:37:26,134] {processor.py:642} INFO - Processing file /opt/airflow/dags/ej3.py for tasks to queue
[2022-05-04 15:37:26,135] {logging_mixin.py:109} INFO - [2022-05-04 15:37:26,135] {dagbag.py:500} INFO - Filling up the DagBag from /opt/airflow/dags/ej3.py
[2022-05-04 15:37:26,153] {processor.py:652} INFO - DAG(s) dict_keys(['ej3']) retrieved from /opt/airflow/dags/ej3.py
[2022-05-04 15:37:26,172] {logging_mixin.py:109} INFO - [2022-05-04 15:37:26,172] {dag.py:2398} INFO - Sync 1 DAGs
[2022-05-04 15:37:26,188] {logging_mixin.py:109} INFO - [2022-05-04 15:37:26,188] {dag.py:2937} INFO - Setting next_dagrun for ej3 to 2022-05-03T00:01:00+00:00
[2022-05-04 15:37:26,204] {processor.py:171} INFO - Processing /opt/airflow/dags/ej3.py took 0.074 seconds
[2022-05-04 15:37:56,277] {processor.py:163} INFO - Started process (PID=16504) to work on /opt/airflow/dags/ej3.py
[2022-05-04 15:37:56,279] {processor.py:642} INFO - Processing file /opt/airflow/dags/ej3.py for tasks to queue
[2022-05-04 15:37:56,279] {logging_mixin.py:109} INFO - [2022-05-04 15:37:56,279] {dagbag.py:500} INFO - Filling up the DagBag from /opt/airflow/dags/ej3.py
[2022-05-04 15:37:56,300] {processor.py:652} INFO - DAG(s) dict_keys(['ej3']) retrieved from /opt/airflow/dags/ej3.py
[2022-05-04 15:37:56,326] {logging_mixin.py:109} INFO - [2022-05-04 15:37:56,326] {dag.py:2398} INFO - Sync 1 DAGs
[2022-05-04 15:37:56,345] {logging_mixin.py:109} INFO - [2022-05-04 15:37:56,345] {dag.py:2937} INFO - Setting next_dagrun for ej3 to 2022-05-03T00:01:00+00:00
[2022-05-04 15:37:56,362] {processor.py:171} INFO - Processing /opt/airflow/dags/ej3.py took 0.088 seconds
[2022-05-04 15:38:26,511] {processor.py:163} INFO - Started process (PID=16564) to work on /opt/airflow/dags/ej3.py
[2022-05-04 15:38:26,512] {processor.py:642} INFO - Processing file /opt/airflow/dags/ej3.py for tasks to queue
[2022-05-04 15:38:26,513] {logging_mixin.py:109} INFO - [2022-05-04 15:38:26,513] {dagbag.py:500} INFO - Filling up the DagBag from /opt/airflow/dags/ej3.py
[2022-05-04 15:38:26,530] {processor.py:652} INFO - DAG(s) dict_keys(['ej3']) retrieved from /opt/airflow/dags/ej3.py
[2022-05-04 15:38:26,549] {logging_mixin.py:109} INFO - [2022-05-04 15:38:26,549] {dag.py:2398} INFO - Sync 1 DAGs
[2022-05-04 15:38:26,567] {logging_mixin.py:109} INFO - [2022-05-04 15:38:26,567] {dag.py:2937} INFO - Setting next_dagrun for ej3 to 2022-05-03T00:01:00+00:00
[2022-05-04 15:38:26,585] {processor.py:171} INFO - Processing /opt/airflow/dags/ej3.py took 0.077 seconds
[2022-05-04 15:38:56,991] {processor.py:163} INFO - Started process (PID=16633) to work on /opt/airflow/dags/ej3.py
[2022-05-04 15:38:56,992] {processor.py:642} INFO - Processing file /opt/airflow/dags/ej3.py for tasks to queue
[2022-05-04 15:38:56,993] {logging_mixin.py:109} INFO - [2022-05-04 15:38:56,993] {dagbag.py:500} INFO - Filling up the DagBag from /opt/airflow/dags/ej3.py
[2022-05-04 15:38:57,010] {processor.py:652} INFO - DAG(s) dict_keys(['ej3']) retrieved from /opt/airflow/dags/ej3.py
[2022-05-04 15:38:57,028] {logging_mixin.py:109} INFO - [2022-05-04 15:38:57,028] {dag.py:2398} INFO - Sync 1 DAGs
[2022-05-04 15:38:57,046] {logging_mixin.py:109} INFO - [2022-05-04 15:38:57,045] {dag.py:2937} INFO - Setting next_dagrun for ej3 to 2022-05-03T00:01:00+00:00
[2022-05-04 15:38:57,059] {processor.py:171} INFO - Processing /opt/airflow/dags/ej3.py took 0.071 seconds
[2022-05-04 15:39:27,251] {processor.py:163} INFO - Started process (PID=16694) to work on /opt/airflow/dags/ej3.py
[2022-05-04 15:39:27,253] {processor.py:642} INFO - Processing file /opt/airflow/dags/ej3.py for tasks to queue
[2022-05-04 15:39:27,254] {logging_mixin.py:109} INFO - [2022-05-04 15:39:27,254] {dagbag.py:500} INFO - Filling up the DagBag from /opt/airflow/dags/ej3.py
[2022-05-04 15:39:27,273] {processor.py:652} INFO - DAG(s) dict_keys(['ej3']) retrieved from /opt/airflow/dags/ej3.py
[2022-05-04 15:39:27,294] {logging_mixin.py:109} INFO - [2022-05-04 15:39:27,294] {dag.py:2398} INFO - Sync 1 DAGs
[2022-05-04 15:39:27,313] {logging_mixin.py:109} INFO - [2022-05-04 15:39:27,312] {dag.py:2937} INFO - Setting next_dagrun for ej3 to 2022-05-03T00:01:00+00:00
[2022-05-04 15:39:27,330] {processor.py:171} INFO - Processing /opt/airflow/dags/ej3.py took 0.085 seconds
[2022-05-04 15:39:57,631] {processor.py:163} INFO - Started process (PID=16763) to work on /opt/airflow/dags/ej3.py
[2022-05-04 15:39:57,633] {processor.py:642} INFO - Processing file /opt/airflow/dags/ej3.py for tasks to queue
[2022-05-04 15:39:57,635] {logging_mixin.py:109} INFO - [2022-05-04 15:39:57,634] {dagbag.py:500} INFO - Filling up the DagBag from /opt/airflow/dags/ej3.py
[2022-05-04 15:39:57,660] {processor.py:652} INFO - DAG(s) dict_keys(['ej3']) retrieved from /opt/airflow/dags/ej3.py
[2022-05-04 15:39:57,682] {logging_mixin.py:109} INFO - [2022-05-04 15:39:57,682] {dag.py:2398} INFO - Sync 1 DAGs
[2022-05-04 15:39:57,702] {logging_mixin.py:109} INFO - [2022-05-04 15:39:57,702] {dag.py:2937} INFO - Setting next_dagrun for ej3 to 2022-05-03T00:01:00+00:00
[2022-05-04 15:39:57,718] {processor.py:171} INFO - Processing /opt/airflow/dags/ej3.py took 0.091 seconds
[2022-05-04 15:40:27,820] {processor.py:163} INFO - Started process (PID=16824) to work on /opt/airflow/dags/ej3.py
[2022-05-04 15:40:27,822] {processor.py:642} INFO - Processing file /opt/airflow/dags/ej3.py for tasks to queue
[2022-05-04 15:40:27,823] {logging_mixin.py:109} INFO - [2022-05-04 15:40:27,823] {dagbag.py:500} INFO - Filling up the DagBag from /opt/airflow/dags/ej3.py
[2022-05-04 15:40:27,840] {processor.py:652} INFO - DAG(s) dict_keys(['ej3']) retrieved from /opt/airflow/dags/ej3.py
[2022-05-04 15:40:27,861] {logging_mixin.py:109} INFO - [2022-05-04 15:40:27,861] {dag.py:2398} INFO - Sync 1 DAGs
[2022-05-04 15:40:27,878] {logging_mixin.py:109} INFO - [2022-05-04 15:40:27,878] {dag.py:2937} INFO - Setting next_dagrun for ej3 to 2022-05-03T00:01:00+00:00
[2022-05-04 15:40:27,894] {processor.py:171} INFO - Processing /opt/airflow/dags/ej3.py took 0.077 seconds
[2022-05-04 15:40:58,167] {processor.py:163} INFO - Started process (PID=16893) to work on /opt/airflow/dags/ej3.py
[2022-05-04 15:40:58,170] {processor.py:642} INFO - Processing file /opt/airflow/dags/ej3.py for tasks to queue
[2022-05-04 15:40:58,171] {logging_mixin.py:109} INFO - [2022-05-04 15:40:58,170] {dagbag.py:500} INFO - Filling up the DagBag from /opt/airflow/dags/ej3.py
[2022-05-04 15:40:58,189] {processor.py:652} INFO - DAG(s) dict_keys(['ej3']) retrieved from /opt/airflow/dags/ej3.py
[2022-05-04 15:40:58,210] {logging_mixin.py:109} INFO - [2022-05-04 15:40:58,209] {dag.py:2398} INFO - Sync 1 DAGs
[2022-05-04 15:40:58,226] {logging_mixin.py:109} INFO - [2022-05-04 15:40:58,226] {dag.py:2937} INFO - Setting next_dagrun for ej3 to 2022-05-03T00:01:00+00:00
[2022-05-04 15:40:58,244] {processor.py:171} INFO - Processing /opt/airflow/dags/ej3.py took 0.080 seconds
[2022-05-04 15:41:28,537] {processor.py:163} INFO - Started process (PID=16952) to work on /opt/airflow/dags/ej3.py
[2022-05-04 15:41:28,538] {processor.py:642} INFO - Processing file /opt/airflow/dags/ej3.py for tasks to queue
[2022-05-04 15:41:28,539] {logging_mixin.py:109} INFO - [2022-05-04 15:41:28,539] {dagbag.py:500} INFO - Filling up the DagBag from /opt/airflow/dags/ej3.py
[2022-05-04 15:41:28,553] {processor.py:652} INFO - DAG(s) dict_keys(['ej3']) retrieved from /opt/airflow/dags/ej3.py
[2022-05-04 15:41:28,568] {logging_mixin.py:109} INFO - [2022-05-04 15:41:28,568] {dag.py:2398} INFO - Sync 1 DAGs
[2022-05-04 15:41:28,581] {logging_mixin.py:109} INFO - [2022-05-04 15:41:28,581] {dag.py:2937} INFO - Setting next_dagrun for ej3 to 2022-05-03T00:01:00+00:00
[2022-05-04 15:41:28,595] {processor.py:171} INFO - Processing /opt/airflow/dags/ej3.py took 0.061 seconds
[2022-05-04 15:41:59,392] {processor.py:163} INFO - Started process (PID=17021) to work on /opt/airflow/dags/ej3.py
[2022-05-04 15:41:59,393] {processor.py:642} INFO - Processing file /opt/airflow/dags/ej3.py for tasks to queue
[2022-05-04 15:41:59,394] {logging_mixin.py:109} INFO - [2022-05-04 15:41:59,393] {dagbag.py:500} INFO - Filling up the DagBag from /opt/airflow/dags/ej3.py
[2022-05-04 15:41:59,406] {processor.py:652} INFO - DAG(s) dict_keys(['ej3']) retrieved from /opt/airflow/dags/ej3.py
[2022-05-04 15:41:59,424] {logging_mixin.py:109} INFO - [2022-05-04 15:41:59,423] {dag.py:2398} INFO - Sync 1 DAGs
[2022-05-04 15:41:59,438] {logging_mixin.py:109} INFO - [2022-05-04 15:41:59,438] {dag.py:2937} INFO - Setting next_dagrun for ej3 to 2022-05-03T00:01:00+00:00
[2022-05-04 15:41:59,451] {processor.py:171} INFO - Processing /opt/airflow/dags/ej3.py took 0.063 seconds
[2022-05-04 15:42:30,093] {processor.py:163} INFO - Started process (PID=17081) to work on /opt/airflow/dags/ej3.py
[2022-05-04 15:42:30,095] {processor.py:642} INFO - Processing file /opt/airflow/dags/ej3.py for tasks to queue
[2022-05-04 15:42:30,095] {logging_mixin.py:109} INFO - [2022-05-04 15:42:30,095] {dagbag.py:500} INFO - Filling up the DagBag from /opt/airflow/dags/ej3.py
[2022-05-04 15:42:30,109] {processor.py:652} INFO - DAG(s) dict_keys(['ej3']) retrieved from /opt/airflow/dags/ej3.py
[2022-05-04 15:42:30,126] {logging_mixin.py:109} INFO - [2022-05-04 15:42:30,126] {dag.py:2398} INFO - Sync 1 DAGs
[2022-05-04 15:42:30,139] {logging_mixin.py:109} INFO - [2022-05-04 15:42:30,139] {dag.py:2937} INFO - Setting next_dagrun for ej3 to 2022-05-03T00:01:00+00:00
[2022-05-04 15:42:30,153] {processor.py:171} INFO - Processing /opt/airflow/dags/ej3.py took 0.062 seconds
[2022-05-04 15:43:04,017] {processor.py:163} INFO - Started process (PID=17110) to work on /opt/airflow/dags/ej3.py
[2022-05-04 15:43:04,019] {processor.py:642} INFO - Processing file /opt/airflow/dags/ej3.py for tasks to queue
[2022-05-04 15:43:04,022] {logging_mixin.py:109} INFO - [2022-05-04 15:43:04,022] {dagbag.py:500} INFO - Filling up the DagBag from /opt/airflow/dags/ej3.py
[2022-05-04 15:43:04,063] {processor.py:652} INFO - DAG(s) dict_keys(['ej3']) retrieved from /opt/airflow/dags/ej3.py
[2022-05-04 15:43:04,098] {logging_mixin.py:109} INFO - [2022-05-04 15:43:04,098] {dag.py:2398} INFO - Sync 1 DAGs
[2022-05-04 15:43:04,120] {logging_mixin.py:109} INFO - [2022-05-04 15:43:04,120] {dag.py:2937} INFO - Setting next_dagrun for ej3 to 2022-05-03T00:01:00+00:00
[2022-05-04 15:43:04,145] {processor.py:171} INFO - Processing /opt/airflow/dags/ej3.py took 0.136 seconds
[2022-05-04 15:48:01,528] {processor.py:163} INFO - Started process (PID=17148) to work on /opt/airflow/dags/ej3.py
[2022-05-04 15:48:01,530] {processor.py:642} INFO - Processing file /opt/airflow/dags/ej3.py for tasks to queue
[2022-05-04 15:48:01,531] {logging_mixin.py:109} INFO - [2022-05-04 15:48:01,531] {dagbag.py:500} INFO - Filling up the DagBag from /opt/airflow/dags/ej3.py
[2022-05-04 15:48:01,552] {processor.py:652} INFO - DAG(s) dict_keys(['ej3']) retrieved from /opt/airflow/dags/ej3.py
[2022-05-04 15:48:01,580] {logging_mixin.py:109} INFO - [2022-05-04 15:48:01,579] {dag.py:2398} INFO - Sync 1 DAGs
[2022-05-04 15:48:01,607] {logging_mixin.py:109} INFO - [2022-05-04 15:48:01,607] {dag.py:2937} INFO - Setting next_dagrun for ej3 to 2022-05-03T00:01:00+00:00
[2022-05-04 15:48:01,629] {processor.py:171} INFO - Processing /opt/airflow/dags/ej3.py took 0.105 seconds
[2022-05-04 15:48:31,985] {processor.py:163} INFO - Started process (PID=17207) to work on /opt/airflow/dags/ej3.py
[2022-05-04 15:48:31,987] {processor.py:642} INFO - Processing file /opt/airflow/dags/ej3.py for tasks to queue
[2022-05-04 15:48:31,988] {logging_mixin.py:109} INFO - [2022-05-04 15:48:31,988] {dagbag.py:500} INFO - Filling up the DagBag from /opt/airflow/dags/ej3.py
[2022-05-04 15:48:32,033] {processor.py:652} INFO - DAG(s) dict_keys(['ej3']) retrieved from /opt/airflow/dags/ej3.py
[2022-05-04 15:48:32,056] {logging_mixin.py:109} INFO - [2022-05-04 15:48:32,056] {dag.py:2398} INFO - Sync 1 DAGs
[2022-05-04 15:48:32,071] {logging_mixin.py:109} INFO - [2022-05-04 15:48:32,071] {dag.py:2937} INFO - Setting next_dagrun for ej3 to 2022-05-03T00:01:00+00:00
[2022-05-04 15:48:32,086] {processor.py:171} INFO - Processing /opt/airflow/dags/ej3.py took 0.105 seconds
[2022-05-04 15:49:02,215] {processor.py:163} INFO - Started process (PID=17276) to work on /opt/airflow/dags/ej3.py
[2022-05-04 15:49:02,217] {processor.py:642} INFO - Processing file /opt/airflow/dags/ej3.py for tasks to queue
[2022-05-04 15:49:02,218] {logging_mixin.py:109} INFO - [2022-05-04 15:49:02,218] {dagbag.py:500} INFO - Filling up the DagBag from /opt/airflow/dags/ej3.py
[2022-05-04 15:49:02,240] {processor.py:652} INFO - DAG(s) dict_keys(['ej3']) retrieved from /opt/airflow/dags/ej3.py
[2022-05-04 15:49:02,260] {logging_mixin.py:109} INFO - [2022-05-04 15:49:02,259] {dag.py:2398} INFO - Sync 1 DAGs
[2022-05-04 15:49:02,274] {logging_mixin.py:109} INFO - [2022-05-04 15:49:02,274] {dag.py:2937} INFO - Setting next_dagrun for ej3 to 2022-05-03T00:01:00+00:00
[2022-05-04 15:49:02,292] {processor.py:171} INFO - Processing /opt/airflow/dags/ej3.py took 0.079 seconds
[2022-05-04 15:49:32,992] {processor.py:163} INFO - Started process (PID=17337) to work on /opt/airflow/dags/ej3.py
[2022-05-04 15:49:32,995] {processor.py:642} INFO - Processing file /opt/airflow/dags/ej3.py for tasks to queue
[2022-05-04 15:49:32,998] {logging_mixin.py:109} INFO - [2022-05-04 15:49:32,997] {dagbag.py:500} INFO - Filling up the DagBag from /opt/airflow/dags/ej3.py
[2022-05-04 15:49:33,027] {processor.py:652} INFO - DAG(s) dict_keys(['ej3']) retrieved from /opt/airflow/dags/ej3.py
[2022-05-04 15:49:33,050] {logging_mixin.py:109} INFO - [2022-05-04 15:49:33,050] {dag.py:2398} INFO - Sync 1 DAGs
[2022-05-04 15:49:33,065] {logging_mixin.py:109} INFO - [2022-05-04 15:49:33,065] {dag.py:2937} INFO - Setting next_dagrun for ej3 to 2022-05-03T00:01:00+00:00
[2022-05-04 15:49:33,080] {processor.py:171} INFO - Processing /opt/airflow/dags/ej3.py took 0.099 seconds
[2022-05-04 15:50:03,554] {processor.py:163} INFO - Started process (PID=17405) to work on /opt/airflow/dags/ej3.py
[2022-05-04 15:50:03,556] {processor.py:642} INFO - Processing file /opt/airflow/dags/ej3.py for tasks to queue
[2022-05-04 15:50:03,557] {logging_mixin.py:109} INFO - [2022-05-04 15:50:03,557] {dagbag.py:500} INFO - Filling up the DagBag from /opt/airflow/dags/ej3.py
[2022-05-04 15:50:03,582] {processor.py:652} INFO - DAG(s) dict_keys(['ej3']) retrieved from /opt/airflow/dags/ej3.py
[2022-05-04 15:50:03,603] {logging_mixin.py:109} INFO - [2022-05-04 15:50:03,603] {dag.py:2398} INFO - Sync 1 DAGs
[2022-05-04 15:50:03,622] {logging_mixin.py:109} INFO - [2022-05-04 15:50:03,622] {dag.py:2937} INFO - Setting next_dagrun for ej3 to 2022-05-03T00:01:00+00:00
[2022-05-04 15:50:03,640] {processor.py:171} INFO - Processing /opt/airflow/dags/ej3.py took 0.090 seconds
[2022-05-04 15:50:34,439] {processor.py:163} INFO - Started process (PID=17466) to work on /opt/airflow/dags/ej3.py
[2022-05-04 15:50:34,441] {processor.py:642} INFO - Processing file /opt/airflow/dags/ej3.py for tasks to queue
[2022-05-04 15:50:34,443] {logging_mixin.py:109} INFO - [2022-05-04 15:50:34,442] {dagbag.py:500} INFO - Filling up the DagBag from /opt/airflow/dags/ej3.py
[2022-05-04 15:50:34,492] {processor.py:652} INFO - DAG(s) dict_keys(['ej3']) retrieved from /opt/airflow/dags/ej3.py
[2022-05-04 15:50:34,518] {logging_mixin.py:109} INFO - [2022-05-04 15:50:34,517] {dag.py:2398} INFO - Sync 1 DAGs
[2022-05-04 15:50:34,533] {logging_mixin.py:109} INFO - [2022-05-04 15:50:34,533] {dag.py:2937} INFO - Setting next_dagrun for ej3 to 2022-05-03T00:01:00+00:00
[2022-05-04 15:50:34,550] {processor.py:171} INFO - Processing /opt/airflow/dags/ej3.py took 0.117 seconds
[2022-05-04 15:51:05,086] {processor.py:163} INFO - Started process (PID=17536) to work on /opt/airflow/dags/ej3.py
[2022-05-04 15:51:05,088] {processor.py:642} INFO - Processing file /opt/airflow/dags/ej3.py for tasks to queue
[2022-05-04 15:51:05,089] {logging_mixin.py:109} INFO - [2022-05-04 15:51:05,089] {dagbag.py:500} INFO - Filling up the DagBag from /opt/airflow/dags/ej3.py
[2022-05-04 15:51:05,115] {processor.py:652} INFO - DAG(s) dict_keys(['ej3']) retrieved from /opt/airflow/dags/ej3.py
[2022-05-04 15:51:05,134] {logging_mixin.py:109} INFO - [2022-05-04 15:51:05,134] {dag.py:2398} INFO - Sync 1 DAGs
[2022-05-04 15:51:05,153] {logging_mixin.py:109} INFO - [2022-05-04 15:51:05,153] {dag.py:2937} INFO - Setting next_dagrun for ej3 to 2022-05-03T00:01:00+00:00
[2022-05-04 15:51:05,167] {processor.py:171} INFO - Processing /opt/airflow/dags/ej3.py took 0.084 seconds
[2022-05-04 15:51:35,352] {processor.py:163} INFO - Started process (PID=17596) to work on /opt/airflow/dags/ej3.py
[2022-05-04 15:51:35,354] {processor.py:642} INFO - Processing file /opt/airflow/dags/ej3.py for tasks to queue
[2022-05-04 15:51:35,355] {logging_mixin.py:109} INFO - [2022-05-04 15:51:35,355] {dagbag.py:500} INFO - Filling up the DagBag from /opt/airflow/dags/ej3.py
[2022-05-04 15:51:35,380] {processor.py:652} INFO - DAG(s) dict_keys(['ej3']) retrieved from /opt/airflow/dags/ej3.py
[2022-05-04 15:51:35,411] {logging_mixin.py:109} INFO - [2022-05-04 15:51:35,411] {dag.py:2398} INFO - Sync 1 DAGs
[2022-05-04 15:51:35,435] {logging_mixin.py:109} INFO - [2022-05-04 15:51:35,435] {dag.py:2937} INFO - Setting next_dagrun for ej3 to 2022-05-03T00:01:00+00:00
[2022-05-04 15:51:35,451] {processor.py:171} INFO - Processing /opt/airflow/dags/ej3.py took 0.103 seconds
[2022-05-04 15:52:06,102] {processor.py:163} INFO - Started process (PID=17666) to work on /opt/airflow/dags/ej3.py
[2022-05-04 15:52:06,103] {processor.py:642} INFO - Processing file /opt/airflow/dags/ej3.py for tasks to queue
[2022-05-04 15:52:06,104] {logging_mixin.py:109} INFO - [2022-05-04 15:52:06,104] {dagbag.py:500} INFO - Filling up the DagBag from /opt/airflow/dags/ej3.py
[2022-05-04 15:52:06,145] {processor.py:652} INFO - DAG(s) dict_keys(['ej3']) retrieved from /opt/airflow/dags/ej3.py
[2022-05-04 15:52:06,167] {logging_mixin.py:109} INFO - [2022-05-04 15:52:06,167] {dag.py:2398} INFO - Sync 1 DAGs
[2022-05-04 15:52:06,184] {logging_mixin.py:109} INFO - [2022-05-04 15:52:06,184] {dag.py:2937} INFO - Setting next_dagrun for ej3 to 2022-05-03T00:01:00+00:00
[2022-05-04 15:52:06,198] {processor.py:171} INFO - Processing /opt/airflow/dags/ej3.py took 0.099 seconds
[2022-05-04 15:52:36,940] {processor.py:163} INFO - Started process (PID=17736) to work on /opt/airflow/dags/ej3.py
[2022-05-04 15:52:36,942] {processor.py:642} INFO - Processing file /opt/airflow/dags/ej3.py for tasks to queue
[2022-05-04 15:52:36,943] {logging_mixin.py:109} INFO - [2022-05-04 15:52:36,943] {dagbag.py:500} INFO - Filling up the DagBag from /opt/airflow/dags/ej3.py
[2022-05-04 15:52:36,969] {processor.py:652} INFO - DAG(s) dict_keys(['ej3']) retrieved from /opt/airflow/dags/ej3.py
[2022-05-04 15:52:36,989] {logging_mixin.py:109} INFO - [2022-05-04 15:52:36,989] {dag.py:2398} INFO - Sync 1 DAGs
[2022-05-04 15:52:37,009] {logging_mixin.py:109} INFO - [2022-05-04 15:52:37,008] {dag.py:2937} INFO - Setting next_dagrun for ej3 to 2022-05-03T00:01:00+00:00
[2022-05-04 15:52:37,025] {processor.py:171} INFO - Processing /opt/airflow/dags/ej3.py took 0.091 seconds
[2022-05-04 15:53:07,419] {processor.py:163} INFO - Started process (PID=17796) to work on /opt/airflow/dags/ej3.py
[2022-05-04 15:53:07,421] {processor.py:642} INFO - Processing file /opt/airflow/dags/ej3.py for tasks to queue
[2022-05-04 15:53:07,423] {logging_mixin.py:109} INFO - [2022-05-04 15:53:07,422] {dagbag.py:500} INFO - Filling up the DagBag from /opt/airflow/dags/ej3.py
[2022-05-04 15:53:07,459] {processor.py:652} INFO - DAG(s) dict_keys(['ej3']) retrieved from /opt/airflow/dags/ej3.py
[2022-05-04 15:53:07,483] {logging_mixin.py:109} INFO - [2022-05-04 15:53:07,483] {dag.py:2398} INFO - Sync 1 DAGs
[2022-05-04 15:53:07,505] {logging_mixin.py:109} INFO - [2022-05-04 15:53:07,505] {dag.py:2937} INFO - Setting next_dagrun for ej3 to 2022-05-03T00:01:00+00:00
[2022-05-04 15:53:07,521] {processor.py:171} INFO - Processing /opt/airflow/dags/ej3.py took 0.106 seconds
[2022-05-04 15:53:38,202] {processor.py:163} INFO - Started process (PID=17865) to work on /opt/airflow/dags/ej3.py
[2022-05-04 15:53:38,204] {processor.py:642} INFO - Processing file /opt/airflow/dags/ej3.py for tasks to queue
[2022-05-04 15:53:38,205] {logging_mixin.py:109} INFO - [2022-05-04 15:53:38,205] {dagbag.py:500} INFO - Filling up the DagBag from /opt/airflow/dags/ej3.py
[2022-05-04 15:53:38,230] {processor.py:652} INFO - DAG(s) dict_keys(['ej3']) retrieved from /opt/airflow/dags/ej3.py
[2022-05-04 15:53:38,251] {logging_mixin.py:109} INFO - [2022-05-04 15:53:38,251] {dag.py:2398} INFO - Sync 1 DAGs
[2022-05-04 15:53:38,267] {logging_mixin.py:109} INFO - [2022-05-04 15:53:38,267] {dag.py:2937} INFO - Setting next_dagrun for ej3 to 2022-05-03T00:01:00+00:00
[2022-05-04 15:53:38,283] {processor.py:171} INFO - Processing /opt/airflow/dags/ej3.py took 0.084 seconds
[2022-05-04 15:54:08,701] {processor.py:163} INFO - Started process (PID=17925) to work on /opt/airflow/dags/ej3.py
[2022-05-04 15:54:08,703] {processor.py:642} INFO - Processing file /opt/airflow/dags/ej3.py for tasks to queue
[2022-05-04 15:54:08,704] {logging_mixin.py:109} INFO - [2022-05-04 15:54:08,704] {dagbag.py:500} INFO - Filling up the DagBag from /opt/airflow/dags/ej3.py
[2022-05-04 15:54:08,733] {processor.py:652} INFO - DAG(s) dict_keys(['ej3']) retrieved from /opt/airflow/dags/ej3.py
[2022-05-04 15:54:08,754] {logging_mixin.py:109} INFO - [2022-05-04 15:54:08,754] {dag.py:2398} INFO - Sync 1 DAGs
[2022-05-04 15:54:08,770] {logging_mixin.py:109} INFO - [2022-05-04 15:54:08,769] {dag.py:2937} INFO - Setting next_dagrun for ej3 to 2022-05-03T00:01:00+00:00
[2022-05-04 15:54:08,784] {processor.py:171} INFO - Processing /opt/airflow/dags/ej3.py took 0.087 seconds
[2022-05-04 15:54:39,065] {processor.py:163} INFO - Started process (PID=17994) to work on /opt/airflow/dags/ej3.py
[2022-05-04 15:54:39,066] {processor.py:642} INFO - Processing file /opt/airflow/dags/ej3.py for tasks to queue
[2022-05-04 15:54:39,067] {logging_mixin.py:109} INFO - [2022-05-04 15:54:39,067] {dagbag.py:500} INFO - Filling up the DagBag from /opt/airflow/dags/ej3.py
[2022-05-04 15:54:39,099] {processor.py:652} INFO - DAG(s) dict_keys(['ej3']) retrieved from /opt/airflow/dags/ej3.py
[2022-05-04 15:54:39,120] {logging_mixin.py:109} INFO - [2022-05-04 15:54:39,120] {dag.py:2398} INFO - Sync 1 DAGs
[2022-05-04 15:54:39,142] {logging_mixin.py:109} INFO - [2022-05-04 15:54:39,142] {dag.py:2937} INFO - Setting next_dagrun for ej3 to 2022-05-03T00:01:00+00:00
[2022-05-04 15:54:39,154] {processor.py:171} INFO - Processing /opt/airflow/dags/ej3.py took 0.093 seconds
[2022-05-04 15:55:09,685] {processor.py:163} INFO - Started process (PID=18064) to work on /opt/airflow/dags/ej3.py
[2022-05-04 15:55:09,686] {processor.py:642} INFO - Processing file /opt/airflow/dags/ej3.py for tasks to queue
[2022-05-04 15:55:09,687] {logging_mixin.py:109} INFO - [2022-05-04 15:55:09,687] {dagbag.py:500} INFO - Filling up the DagBag from /opt/airflow/dags/ej3.py
[2022-05-04 15:55:09,712] {processor.py:652} INFO - DAG(s) dict_keys(['ej3']) retrieved from /opt/airflow/dags/ej3.py
[2022-05-04 15:55:09,731] {logging_mixin.py:109} INFO - [2022-05-04 15:55:09,731] {dag.py:2398} INFO - Sync 1 DAGs
[2022-05-04 15:55:09,749] {logging_mixin.py:109} INFO - [2022-05-04 15:55:09,749] {dag.py:2937} INFO - Setting next_dagrun for ej3 to 2022-05-03T00:01:00+00:00
[2022-05-04 15:55:09,763] {processor.py:171} INFO - Processing /opt/airflow/dags/ej3.py took 0.081 seconds
[2022-05-04 15:55:40,322] {processor.py:163} INFO - Started process (PID=18125) to work on /opt/airflow/dags/ej3.py
[2022-05-04 15:55:40,324] {processor.py:642} INFO - Processing file /opt/airflow/dags/ej3.py for tasks to queue
[2022-05-04 15:55:40,325] {logging_mixin.py:109} INFO - [2022-05-04 15:55:40,325] {dagbag.py:500} INFO - Filling up the DagBag from /opt/airflow/dags/ej3.py
[2022-05-04 15:55:40,354] {processor.py:652} INFO - DAG(s) dict_keys(['ej3']) retrieved from /opt/airflow/dags/ej3.py
[2022-05-04 15:55:40,378] {logging_mixin.py:109} INFO - [2022-05-04 15:55:40,378] {dag.py:2398} INFO - Sync 1 DAGs
[2022-05-04 15:55:40,396] {logging_mixin.py:109} INFO - [2022-05-04 15:55:40,396] {dag.py:2937} INFO - Setting next_dagrun for ej3 to 2022-05-03T00:01:00+00:00
[2022-05-04 15:55:40,413] {processor.py:171} INFO - Processing /opt/airflow/dags/ej3.py took 0.096 seconds
[2022-05-04 15:56:11,089] {processor.py:163} INFO - Started process (PID=18194) to work on /opt/airflow/dags/ej3.py
[2022-05-04 15:56:11,090] {processor.py:642} INFO - Processing file /opt/airflow/dags/ej3.py for tasks to queue
[2022-05-04 15:56:11,091] {logging_mixin.py:109} INFO - [2022-05-04 15:56:11,091] {dagbag.py:500} INFO - Filling up the DagBag from /opt/airflow/dags/ej3.py
[2022-05-04 15:56:11,131] {processor.py:652} INFO - DAG(s) dict_keys(['ej3']) retrieved from /opt/airflow/dags/ej3.py
[2022-05-04 15:56:11,152] {logging_mixin.py:109} INFO - [2022-05-04 15:56:11,152] {dag.py:2398} INFO - Sync 1 DAGs
[2022-05-04 15:56:11,167] {logging_mixin.py:109} INFO - [2022-05-04 15:56:11,167] {dag.py:2937} INFO - Setting next_dagrun for ej3 to 2022-05-03T00:01:00+00:00
[2022-05-04 15:56:11,186] {processor.py:171} INFO - Processing /opt/airflow/dags/ej3.py took 0.100 seconds
[2022-05-04 15:56:41,611] {processor.py:163} INFO - Started process (PID=18254) to work on /opt/airflow/dags/ej3.py
[2022-05-04 15:56:41,613] {processor.py:642} INFO - Processing file /opt/airflow/dags/ej3.py for tasks to queue
[2022-05-04 15:56:41,613] {logging_mixin.py:109} INFO - [2022-05-04 15:56:41,613] {dagbag.py:500} INFO - Filling up the DagBag from /opt/airflow/dags/ej3.py
[2022-05-04 15:56:41,641] {processor.py:652} INFO - DAG(s) dict_keys(['ej3']) retrieved from /opt/airflow/dags/ej3.py
[2022-05-04 15:56:41,721] {logging_mixin.py:109} INFO - [2022-05-04 15:56:41,721] {dag.py:2398} INFO - Sync 1 DAGs
[2022-05-04 15:56:41,753] {logging_mixin.py:109} INFO - [2022-05-04 15:56:41,752] {dag.py:2937} INFO - Setting next_dagrun for ej3 to 2022-05-03T00:01:00+00:00
[2022-05-04 15:56:41,773] {processor.py:171} INFO - Processing /opt/airflow/dags/ej3.py took 0.166 seconds
[2022-05-04 15:57:11,902] {processor.py:163} INFO - Started process (PID=18323) to work on /opt/airflow/dags/ej3.py
[2022-05-04 15:57:11,904] {processor.py:642} INFO - Processing file /opt/airflow/dags/ej3.py for tasks to queue
[2022-05-04 15:57:11,905] {logging_mixin.py:109} INFO - [2022-05-04 15:57:11,905] {dagbag.py:500} INFO - Filling up the DagBag from /opt/airflow/dags/ej3.py
[2022-05-04 15:57:11,936] {processor.py:652} INFO - DAG(s) dict_keys(['ej3']) retrieved from /opt/airflow/dags/ej3.py
[2022-05-04 15:57:11,956] {logging_mixin.py:109} INFO - [2022-05-04 15:57:11,956] {dag.py:2398} INFO - Sync 1 DAGs
[2022-05-04 15:57:11,980] {logging_mixin.py:109} INFO - [2022-05-04 15:57:11,980] {dag.py:2937} INFO - Setting next_dagrun for ej3 to 2022-05-03T00:01:00+00:00
[2022-05-04 15:57:11,999] {processor.py:171} INFO - Processing /opt/airflow/dags/ej3.py took 0.099 seconds
[2022-05-04 15:57:42,121] {processor.py:163} INFO - Started process (PID=18384) to work on /opt/airflow/dags/ej3.py
[2022-05-04 15:57:42,123] {processor.py:642} INFO - Processing file /opt/airflow/dags/ej3.py for tasks to queue
[2022-05-04 15:57:42,123] {logging_mixin.py:109} INFO - [2022-05-04 15:57:42,123] {dagbag.py:500} INFO - Filling up the DagBag from /opt/airflow/dags/ej3.py
[2022-05-04 15:57:42,155] {processor.py:652} INFO - DAG(s) dict_keys(['ej3']) retrieved from /opt/airflow/dags/ej3.py
[2022-05-04 15:57:42,177] {logging_mixin.py:109} INFO - [2022-05-04 15:57:42,177] {dag.py:2398} INFO - Sync 1 DAGs
[2022-05-04 15:57:42,193] {logging_mixin.py:109} INFO - [2022-05-04 15:57:42,193] {dag.py:2937} INFO - Setting next_dagrun for ej3 to 2022-05-03T00:01:00+00:00
[2022-05-04 15:57:42,210] {processor.py:171} INFO - Processing /opt/airflow/dags/ej3.py took 0.092 seconds
[2022-05-04 15:58:13,033] {processor.py:163} INFO - Started process (PID=18453) to work on /opt/airflow/dags/ej3.py
[2022-05-04 15:58:13,035] {processor.py:642} INFO - Processing file /opt/airflow/dags/ej3.py for tasks to queue
[2022-05-04 15:58:13,036] {logging_mixin.py:109} INFO - [2022-05-04 15:58:13,036] {dagbag.py:500} INFO - Filling up the DagBag from /opt/airflow/dags/ej3.py
[2022-05-04 15:58:13,069] {processor.py:652} INFO - DAG(s) dict_keys(['ej3']) retrieved from /opt/airflow/dags/ej3.py
[2022-05-04 15:58:13,088] {logging_mixin.py:109} INFO - [2022-05-04 15:58:13,087] {dag.py:2398} INFO - Sync 1 DAGs
[2022-05-04 15:58:13,103] {logging_mixin.py:109} INFO - [2022-05-04 15:58:13,103] {dag.py:2937} INFO - Setting next_dagrun for ej3 to 2022-05-03T00:01:00+00:00
[2022-05-04 15:58:13,118] {processor.py:171} INFO - Processing /opt/airflow/dags/ej3.py took 0.089 seconds
[2022-05-04 15:58:43,468] {processor.py:163} INFO - Started process (PID=18522) to work on /opt/airflow/dags/ej3.py
[2022-05-04 15:58:43,470] {processor.py:642} INFO - Processing file /opt/airflow/dags/ej3.py for tasks to queue
[2022-05-04 15:58:43,471] {logging_mixin.py:109} INFO - [2022-05-04 15:58:43,471] {dagbag.py:500} INFO - Filling up the DagBag from /opt/airflow/dags/ej3.py
[2022-05-04 15:58:43,502] {processor.py:652} INFO - DAG(s) dict_keys(['ej3']) retrieved from /opt/airflow/dags/ej3.py
[2022-05-04 15:58:43,524] {logging_mixin.py:109} INFO - [2022-05-04 15:58:43,523] {dag.py:2398} INFO - Sync 1 DAGs
[2022-05-04 15:58:43,541] {logging_mixin.py:109} INFO - [2022-05-04 15:58:43,541] {dag.py:2937} INFO - Setting next_dagrun for ej3 to 2022-05-03T00:01:00+00:00
[2022-05-04 15:58:43,554] {processor.py:171} INFO - Processing /opt/airflow/dags/ej3.py took 0.089 seconds
[2022-05-04 15:59:14,184] {processor.py:163} INFO - Started process (PID=18581) to work on /opt/airflow/dags/ej3.py
[2022-05-04 15:59:14,186] {processor.py:642} INFO - Processing file /opt/airflow/dags/ej3.py for tasks to queue
[2022-05-04 15:59:14,187] {logging_mixin.py:109} INFO - [2022-05-04 15:59:14,186] {dagbag.py:500} INFO - Filling up the DagBag from /opt/airflow/dags/ej3.py
[2022-05-04 15:59:14,212] {processor.py:652} INFO - DAG(s) dict_keys(['ej3']) retrieved from /opt/airflow/dags/ej3.py
[2022-05-04 15:59:14,238] {logging_mixin.py:109} INFO - [2022-05-04 15:59:14,237] {dag.py:2398} INFO - Sync 1 DAGs
[2022-05-04 15:59:14,253] {logging_mixin.py:109} INFO - [2022-05-04 15:59:14,253] {dag.py:2937} INFO - Setting next_dagrun for ej3 to 2022-05-03T00:01:00+00:00
[2022-05-04 15:59:14,267] {processor.py:171} INFO - Processing /opt/airflow/dags/ej3.py took 0.086 seconds
[2022-05-04 15:59:44,932] {processor.py:163} INFO - Started process (PID=18650) to work on /opt/airflow/dags/ej3.py
[2022-05-04 15:59:44,934] {processor.py:642} INFO - Processing file /opt/airflow/dags/ej3.py for tasks to queue
[2022-05-04 15:59:44,936] {logging_mixin.py:109} INFO - [2022-05-04 15:59:44,936] {dagbag.py:500} INFO - Filling up the DagBag from /opt/airflow/dags/ej3.py
[2022-05-04 15:59:44,963] {processor.py:652} INFO - DAG(s) dict_keys(['ej3']) retrieved from /opt/airflow/dags/ej3.py
[2022-05-04 15:59:44,981] {logging_mixin.py:109} INFO - [2022-05-04 15:59:44,981] {dag.py:2398} INFO - Sync 1 DAGs
[2022-05-04 15:59:44,999] {logging_mixin.py:109} INFO - [2022-05-04 15:59:44,998] {dag.py:2937} INFO - Setting next_dagrun for ej3 to 2022-05-03T00:01:00+00:00
[2022-05-04 15:59:45,012] {processor.py:171} INFO - Processing /opt/airflow/dags/ej3.py took 0.083 seconds
[2022-05-04 16:00:15,488] {processor.py:163} INFO - Started process (PID=18709) to work on /opt/airflow/dags/ej3.py
[2022-05-04 16:00:15,490] {processor.py:642} INFO - Processing file /opt/airflow/dags/ej3.py for tasks to queue
[2022-05-04 16:00:15,491] {logging_mixin.py:109} INFO - [2022-05-04 16:00:15,491] {dagbag.py:500} INFO - Filling up the DagBag from /opt/airflow/dags/ej3.py
[2022-05-04 16:00:15,516] {processor.py:652} INFO - DAG(s) dict_keys(['ej3']) retrieved from /opt/airflow/dags/ej3.py
[2022-05-04 16:00:15,544] {logging_mixin.py:109} INFO - [2022-05-04 16:00:15,544] {dag.py:2398} INFO - Sync 1 DAGs
[2022-05-04 16:00:15,573] {logging_mixin.py:109} INFO - [2022-05-04 16:00:15,573] {dag.py:2937} INFO - Setting next_dagrun for ej3 to 2022-05-03T00:01:00+00:00
[2022-05-04 16:00:15,593] {processor.py:171} INFO - Processing /opt/airflow/dags/ej3.py took 0.110 seconds
[2022-05-04 16:00:46,227] {processor.py:163} INFO - Started process (PID=18780) to work on /opt/airflow/dags/ej3.py
[2022-05-04 16:00:46,230] {processor.py:642} INFO - Processing file /opt/airflow/dags/ej3.py for tasks to queue
[2022-05-04 16:00:46,232] {logging_mixin.py:109} INFO - [2022-05-04 16:00:46,231] {dagbag.py:500} INFO - Filling up the DagBag from /opt/airflow/dags/ej3.py
[2022-05-04 16:00:46,282] {processor.py:652} INFO - DAG(s) dict_keys(['ej3']) retrieved from /opt/airflow/dags/ej3.py
[2022-05-04 16:00:46,323] {logging_mixin.py:109} INFO - [2022-05-04 16:00:46,323] {dag.py:2398} INFO - Sync 1 DAGs
[2022-05-04 16:00:46,350] {logging_mixin.py:109} INFO - [2022-05-04 16:00:46,350] {dag.py:2937} INFO - Setting next_dagrun for ej3 to 2022-05-03T00:01:00+00:00
[2022-05-04 16:00:46,374] {processor.py:171} INFO - Processing /opt/airflow/dags/ej3.py took 0.154 seconds
[2022-05-04 16:01:16,730] {processor.py:163} INFO - Started process (PID=18840) to work on /opt/airflow/dags/ej3.py
[2022-05-04 16:01:16,732] {processor.py:642} INFO - Processing file /opt/airflow/dags/ej3.py for tasks to queue
[2022-05-04 16:01:16,733] {logging_mixin.py:109} INFO - [2022-05-04 16:01:16,733] {dagbag.py:500} INFO - Filling up the DagBag from /opt/airflow/dags/ej3.py
[2022-05-04 16:01:16,765] {processor.py:652} INFO - DAG(s) dict_keys(['ej3']) retrieved from /opt/airflow/dags/ej3.py
[2022-05-04 16:01:16,792] {logging_mixin.py:109} INFO - [2022-05-04 16:01:16,792] {dag.py:2398} INFO - Sync 1 DAGs
[2022-05-04 16:01:16,816] {logging_mixin.py:109} INFO - [2022-05-04 16:01:16,816] {dag.py:2937} INFO - Setting next_dagrun for ej3 to 2022-05-03T00:01:00+00:00
[2022-05-04 16:01:16,840] {processor.py:171} INFO - Processing /opt/airflow/dags/ej3.py took 0.115 seconds
[2022-05-04 16:01:47,296] {processor.py:163} INFO - Started process (PID=18909) to work on /opt/airflow/dags/ej3.py
[2022-05-04 16:01:47,298] {processor.py:642} INFO - Processing file /opt/airflow/dags/ej3.py for tasks to queue
[2022-05-04 16:01:47,299] {logging_mixin.py:109} INFO - [2022-05-04 16:01:47,299] {dagbag.py:500} INFO - Filling up the DagBag from /opt/airflow/dags/ej3.py
[2022-05-04 16:01:47,325] {processor.py:652} INFO - DAG(s) dict_keys(['ej3']) retrieved from /opt/airflow/dags/ej3.py
[2022-05-04 16:01:47,354] {logging_mixin.py:109} INFO - [2022-05-04 16:01:47,354] {dag.py:2398} INFO - Sync 1 DAGs
[2022-05-04 16:01:47,377] {logging_mixin.py:109} INFO - [2022-05-04 16:01:47,377] {dag.py:2937} INFO - Setting next_dagrun for ej3 to 2022-05-03T00:01:00+00:00
[2022-05-04 16:01:47,393] {processor.py:171} INFO - Processing /opt/airflow/dags/ej3.py took 0.101 seconds
[2022-05-04 16:02:18,190] {processor.py:163} INFO - Started process (PID=18968) to work on /opt/airflow/dags/ej3.py
[2022-05-04 16:02:18,192] {processor.py:642} INFO - Processing file /opt/airflow/dags/ej3.py for tasks to queue
[2022-05-04 16:02:18,193] {logging_mixin.py:109} INFO - [2022-05-04 16:02:18,193] {dagbag.py:500} INFO - Filling up the DagBag from /opt/airflow/dags/ej3.py
[2022-05-04 16:02:18,217] {processor.py:652} INFO - DAG(s) dict_keys(['ej3']) retrieved from /opt/airflow/dags/ej3.py
[2022-05-04 16:02:18,245] {logging_mixin.py:109} INFO - [2022-05-04 16:02:18,245] {dag.py:2398} INFO - Sync 1 DAGs
[2022-05-04 16:02:18,264] {logging_mixin.py:109} INFO - [2022-05-04 16:02:18,264] {dag.py:2937} INFO - Setting next_dagrun for ej3 to 2022-05-03T00:01:00+00:00
[2022-05-04 16:02:18,280] {processor.py:171} INFO - Processing /opt/airflow/dags/ej3.py took 0.093 seconds
[2022-05-04 16:02:48,784] {processor.py:163} INFO - Started process (PID=19038) to work on /opt/airflow/dags/ej3.py
[2022-05-04 16:02:48,786] {processor.py:642} INFO - Processing file /opt/airflow/dags/ej3.py for tasks to queue
[2022-05-04 16:02:48,788] {logging_mixin.py:109} INFO - [2022-05-04 16:02:48,787] {dagbag.py:500} INFO - Filling up the DagBag from /opt/airflow/dags/ej3.py
[2022-05-04 16:02:48,818] {processor.py:652} INFO - DAG(s) dict_keys(['ej3']) retrieved from /opt/airflow/dags/ej3.py
[2022-05-04 16:02:48,841] {logging_mixin.py:109} INFO - [2022-05-04 16:02:48,841] {dag.py:2398} INFO - Sync 1 DAGs
[2022-05-04 16:02:48,861] {logging_mixin.py:109} INFO - [2022-05-04 16:02:48,860] {dag.py:2937} INFO - Setting next_dagrun for ej3 to 2022-05-03T00:01:00+00:00
[2022-05-04 16:02:48,876] {processor.py:171} INFO - Processing /opt/airflow/dags/ej3.py took 0.101 seconds
[2022-05-04 16:03:18,977] {processor.py:163} INFO - Started process (PID=19099) to work on /opt/airflow/dags/ej3.py
[2022-05-04 16:03:18,980] {processor.py:642} INFO - Processing file /opt/airflow/dags/ej3.py for tasks to queue
[2022-05-04 16:03:18,981] {logging_mixin.py:109} INFO - [2022-05-04 16:03:18,981] {dagbag.py:500} INFO - Filling up the DagBag from /opt/airflow/dags/ej3.py
[2022-05-04 16:03:19,012] {processor.py:652} INFO - DAG(s) dict_keys(['ej3']) retrieved from /opt/airflow/dags/ej3.py
[2022-05-04 16:03:19,037] {logging_mixin.py:109} INFO - [2022-05-04 16:03:19,036] {dag.py:2398} INFO - Sync 1 DAGs
[2022-05-04 16:03:19,057] {logging_mixin.py:109} INFO - [2022-05-04 16:03:19,057] {dag.py:2937} INFO - Setting next_dagrun for ej3 to 2022-05-03T00:01:00+00:00
[2022-05-04 16:03:19,074] {processor.py:171} INFO - Processing /opt/airflow/dags/ej3.py took 0.101 seconds
[2022-05-04 16:03:49,191] {processor.py:163} INFO - Started process (PID=19168) to work on /opt/airflow/dags/ej3.py
[2022-05-04 16:03:49,193] {processor.py:642} INFO - Processing file /opt/airflow/dags/ej3.py for tasks to queue
[2022-05-04 16:03:49,194] {logging_mixin.py:109} INFO - [2022-05-04 16:03:49,194] {dagbag.py:500} INFO - Filling up the DagBag from /opt/airflow/dags/ej3.py
[2022-05-04 16:03:49,218] {processor.py:652} INFO - DAG(s) dict_keys(['ej3']) retrieved from /opt/airflow/dags/ej3.py
[2022-05-04 16:03:49,248] {logging_mixin.py:109} INFO - [2022-05-04 16:03:49,248] {dag.py:2398} INFO - Sync 1 DAGs
[2022-05-04 16:03:49,273] {logging_mixin.py:109} INFO - [2022-05-04 16:03:49,273] {dag.py:2937} INFO - Setting next_dagrun for ej3 to 2022-05-03T00:01:00+00:00
[2022-05-04 16:03:49,291] {processor.py:171} INFO - Processing /opt/airflow/dags/ej3.py took 0.103 seconds
[2022-05-04 16:04:19,775] {processor.py:163} INFO - Started process (PID=19228) to work on /opt/airflow/dags/ej3.py
[2022-05-04 16:04:19,777] {processor.py:642} INFO - Processing file /opt/airflow/dags/ej3.py for tasks to queue
[2022-05-04 16:04:19,779] {logging_mixin.py:109} INFO - [2022-05-04 16:04:19,779] {dagbag.py:500} INFO - Filling up the DagBag from /opt/airflow/dags/ej3.py
[2022-05-04 16:04:19,830] {processor.py:652} INFO - DAG(s) dict_keys(['ej3']) retrieved from /opt/airflow/dags/ej3.py
[2022-05-04 16:04:19,867] {logging_mixin.py:109} INFO - [2022-05-04 16:04:19,867] {dag.py:2398} INFO - Sync 1 DAGs
[2022-05-04 16:04:19,890] {logging_mixin.py:109} INFO - [2022-05-04 16:04:19,889] {dag.py:2937} INFO - Setting next_dagrun for ej3 to 2022-05-03T00:01:00+00:00
[2022-05-04 16:04:19,914] {processor.py:171} INFO - Processing /opt/airflow/dags/ej3.py took 0.143 seconds
[2022-05-04 16:04:50,187] {processor.py:163} INFO - Started process (PID=19298) to work on /opt/airflow/dags/ej3.py
[2022-05-04 16:04:50,188] {processor.py:642} INFO - Processing file /opt/airflow/dags/ej3.py for tasks to queue
[2022-05-04 16:04:50,190] {logging_mixin.py:109} INFO - [2022-05-04 16:04:50,189] {dagbag.py:500} INFO - Filling up the DagBag from /opt/airflow/dags/ej3.py
[2022-05-04 16:04:50,218] {processor.py:652} INFO - DAG(s) dict_keys(['ej3']) retrieved from /opt/airflow/dags/ej3.py
[2022-05-04 16:04:50,240] {logging_mixin.py:109} INFO - [2022-05-04 16:04:50,240] {dag.py:2398} INFO - Sync 1 DAGs
[2022-05-04 16:04:50,261] {logging_mixin.py:109} INFO - [2022-05-04 16:04:50,261] {dag.py:2937} INFO - Setting next_dagrun for ej3 to 2022-05-03T00:01:00+00:00
[2022-05-04 16:04:50,280] {processor.py:171} INFO - Processing /opt/airflow/dags/ej3.py took 0.096 seconds
[2022-05-04 16:05:20,696] {processor.py:163} INFO - Started process (PID=19359) to work on /opt/airflow/dags/ej3.py
[2022-05-04 16:05:20,698] {processor.py:642} INFO - Processing file /opt/airflow/dags/ej3.py for tasks to queue
[2022-05-04 16:05:20,699] {logging_mixin.py:109} INFO - [2022-05-04 16:05:20,699] {dagbag.py:500} INFO - Filling up the DagBag from /opt/airflow/dags/ej3.py
[2022-05-04 16:05:20,721] {processor.py:652} INFO - DAG(s) dict_keys(['ej3']) retrieved from /opt/airflow/dags/ej3.py
[2022-05-04 16:05:20,748] {logging_mixin.py:109} INFO - [2022-05-04 16:05:20,747] {dag.py:2398} INFO - Sync 1 DAGs
[2022-05-04 16:05:20,774] {logging_mixin.py:109} INFO - [2022-05-04 16:05:20,774] {dag.py:2937} INFO - Setting next_dagrun for ej3 to 2022-05-03T00:01:00+00:00
[2022-05-04 16:05:20,796] {processor.py:171} INFO - Processing /opt/airflow/dags/ej3.py took 0.104 seconds
[2022-05-04 16:05:51,147] {processor.py:163} INFO - Started process (PID=19420) to work on /opt/airflow/dags/ej3.py
[2022-05-04 16:05:51,149] {processor.py:642} INFO - Processing file /opt/airflow/dags/ej3.py for tasks to queue
[2022-05-04 16:05:51,151] {logging_mixin.py:109} INFO - [2022-05-04 16:05:51,150] {dagbag.py:500} INFO - Filling up the DagBag from /opt/airflow/dags/ej3.py
[2022-05-04 16:05:51,201] {processor.py:652} INFO - DAG(s) dict_keys(['ej3']) retrieved from /opt/airflow/dags/ej3.py
[2022-05-04 16:05:51,231] {logging_mixin.py:109} INFO - [2022-05-04 16:05:51,231] {dag.py:2398} INFO - Sync 1 DAGs
[2022-05-04 16:05:51,249] {logging_mixin.py:109} INFO - [2022-05-04 16:05:51,249] {dag.py:2937} INFO - Setting next_dagrun for ej3 to 2022-05-03T00:01:00+00:00
[2022-05-04 16:05:51,266] {processor.py:171} INFO - Processing /opt/airflow/dags/ej3.py took 0.123 seconds
[2022-05-04 16:06:21,633] {processor.py:163} INFO - Started process (PID=19491) to work on /opt/airflow/dags/ej3.py
[2022-05-04 16:06:21,634] {processor.py:642} INFO - Processing file /opt/airflow/dags/ej3.py for tasks to queue
[2022-05-04 16:06:21,635] {logging_mixin.py:109} INFO - [2022-05-04 16:06:21,635] {dagbag.py:500} INFO - Filling up the DagBag from /opt/airflow/dags/ej3.py
[2022-05-04 16:06:21,662] {processor.py:652} INFO - DAG(s) dict_keys(['ej3']) retrieved from /opt/airflow/dags/ej3.py
[2022-05-04 16:06:21,683] {logging_mixin.py:109} INFO - [2022-05-04 16:06:21,683] {dag.py:2398} INFO - Sync 1 DAGs
[2022-05-04 16:06:21,702] {logging_mixin.py:109} INFO - [2022-05-04 16:06:21,702] {dag.py:2937} INFO - Setting next_dagrun for ej3 to 2022-05-03T00:01:00+00:00
[2022-05-04 16:06:21,719] {processor.py:171} INFO - Processing /opt/airflow/dags/ej3.py took 0.090 seconds
[2022-05-04 16:06:52,563] {processor.py:163} INFO - Started process (PID=19550) to work on /opt/airflow/dags/ej3.py
[2022-05-04 16:06:52,565] {processor.py:642} INFO - Processing file /opt/airflow/dags/ej3.py for tasks to queue
[2022-05-04 16:06:52,566] {logging_mixin.py:109} INFO - [2022-05-04 16:06:52,566] {dagbag.py:500} INFO - Filling up the DagBag from /opt/airflow/dags/ej3.py
[2022-05-04 16:06:52,604] {processor.py:652} INFO - DAG(s) dict_keys(['ej3']) retrieved from /opt/airflow/dags/ej3.py
[2022-05-04 16:06:52,632] {logging_mixin.py:109} INFO - [2022-05-04 16:06:52,632] {dag.py:2398} INFO - Sync 1 DAGs
[2022-05-04 16:06:52,653] {logging_mixin.py:109} INFO - [2022-05-04 16:06:52,653] {dag.py:2937} INFO - Setting next_dagrun for ej3 to 2022-05-03T00:01:00+00:00
[2022-05-04 16:06:52,671] {processor.py:171} INFO - Processing /opt/airflow/dags/ej3.py took 0.114 seconds
[2022-05-04 16:07:23,270] {processor.py:163} INFO - Started process (PID=19618) to work on /opt/airflow/dags/ej3.py
[2022-05-04 16:07:23,273] {processor.py:642} INFO - Processing file /opt/airflow/dags/ej3.py for tasks to queue
[2022-05-04 16:07:23,275] {logging_mixin.py:109} INFO - [2022-05-04 16:07:23,274] {dagbag.py:500} INFO - Filling up the DagBag from /opt/airflow/dags/ej3.py
[2022-05-04 16:07:23,310] {processor.py:652} INFO - DAG(s) dict_keys(['ej3']) retrieved from /opt/airflow/dags/ej3.py
[2022-05-04 16:07:23,335] {logging_mixin.py:109} INFO - [2022-05-04 16:07:23,335] {dag.py:2398} INFO - Sync 1 DAGs
[2022-05-04 16:07:23,356] {logging_mixin.py:109} INFO - [2022-05-04 16:07:23,356] {dag.py:2937} INFO - Setting next_dagrun for ej3 to 2022-05-03T00:01:00+00:00
[2022-05-04 16:07:23,373] {processor.py:171} INFO - Processing /opt/airflow/dags/ej3.py took 0.110 seconds
[2022-05-04 16:07:53,832] {processor.py:163} INFO - Started process (PID=19678) to work on /opt/airflow/dags/ej3.py
[2022-05-04 16:07:53,834] {processor.py:642} INFO - Processing file /opt/airflow/dags/ej3.py for tasks to queue
[2022-05-04 16:07:53,836] {logging_mixin.py:109} INFO - [2022-05-04 16:07:53,836] {dagbag.py:500} INFO - Filling up the DagBag from /opt/airflow/dags/ej3.py
[2022-05-04 16:07:53,874] {processor.py:652} INFO - DAG(s) dict_keys(['ej3']) retrieved from /opt/airflow/dags/ej3.py
[2022-05-04 16:07:53,896] {logging_mixin.py:109} INFO - [2022-05-04 16:07:53,895] {dag.py:2398} INFO - Sync 1 DAGs
[2022-05-04 16:07:53,915] {logging_mixin.py:109} INFO - [2022-05-04 16:07:53,915] {dag.py:2937} INFO - Setting next_dagrun for ej3 to 2022-05-03T00:01:00+00:00
[2022-05-04 16:07:53,931] {processor.py:171} INFO - Processing /opt/airflow/dags/ej3.py took 0.104 seconds
[2022-05-04 16:08:24,179] {processor.py:163} INFO - Started process (PID=19748) to work on /opt/airflow/dags/ej3.py
[2022-05-04 16:08:24,182] {processor.py:642} INFO - Processing file /opt/airflow/dags/ej3.py for tasks to queue
[2022-05-04 16:08:24,183] {logging_mixin.py:109} INFO - [2022-05-04 16:08:24,183] {dagbag.py:500} INFO - Filling up the DagBag from /opt/airflow/dags/ej3.py
[2022-05-04 16:08:24,239] {processor.py:652} INFO - DAG(s) dict_keys(['ej3']) retrieved from /opt/airflow/dags/ej3.py
[2022-05-04 16:08:24,277] {logging_mixin.py:109} INFO - [2022-05-04 16:08:24,277] {dag.py:2398} INFO - Sync 1 DAGs
[2022-05-04 16:08:24,310] {logging_mixin.py:109} INFO - [2022-05-04 16:08:24,310] {dag.py:2937} INFO - Setting next_dagrun for ej3 to 2022-05-03T00:01:00+00:00
[2022-05-04 16:08:24,338] {processor.py:171} INFO - Processing /opt/airflow/dags/ej3.py took 0.165 seconds
[2022-05-04 16:08:54,439] {processor.py:163} INFO - Started process (PID=19808) to work on /opt/airflow/dags/ej3.py
[2022-05-04 16:08:54,441] {processor.py:642} INFO - Processing file /opt/airflow/dags/ej3.py for tasks to queue
[2022-05-04 16:08:54,443] {logging_mixin.py:109} INFO - [2022-05-04 16:08:54,442] {dagbag.py:500} INFO - Filling up the DagBag from /opt/airflow/dags/ej3.py
[2022-05-04 16:08:54,476] {processor.py:652} INFO - DAG(s) dict_keys(['ej3']) retrieved from /opt/airflow/dags/ej3.py
[2022-05-04 16:08:54,503] {logging_mixin.py:109} INFO - [2022-05-04 16:08:54,503] {dag.py:2398} INFO - Sync 1 DAGs
[2022-05-04 16:08:54,524] {logging_mixin.py:109} INFO - [2022-05-04 16:08:54,524] {dag.py:2937} INFO - Setting next_dagrun for ej3 to 2022-05-03T00:01:00+00:00
[2022-05-04 16:08:54,545] {processor.py:171} INFO - Processing /opt/airflow/dags/ej3.py took 0.110 seconds
[2022-05-04 16:09:25,033] {processor.py:163} INFO - Started process (PID=19879) to work on /opt/airflow/dags/ej3.py
[2022-05-04 16:09:25,035] {processor.py:642} INFO - Processing file /opt/airflow/dags/ej3.py for tasks to queue
[2022-05-04 16:09:25,036] {logging_mixin.py:109} INFO - [2022-05-04 16:09:25,036] {dagbag.py:500} INFO - Filling up the DagBag from /opt/airflow/dags/ej3.py
[2022-05-04 16:09:25,060] {processor.py:652} INFO - DAG(s) dict_keys(['ej3']) retrieved from /opt/airflow/dags/ej3.py
[2022-05-04 16:09:25,083] {logging_mixin.py:109} INFO - [2022-05-04 16:09:25,083] {dag.py:2398} INFO - Sync 1 DAGs
[2022-05-04 16:09:25,110] {logging_mixin.py:109} INFO - [2022-05-04 16:09:25,110] {dag.py:2937} INFO - Setting next_dagrun for ej3 to 2022-05-03T00:01:00+00:00
[2022-05-04 16:09:25,135] {processor.py:171} INFO - Processing /opt/airflow/dags/ej3.py took 0.106 seconds
[2022-05-04 16:09:55,721] {processor.py:163} INFO - Started process (PID=19940) to work on /opt/airflow/dags/ej3.py
[2022-05-04 16:09:55,725] {processor.py:642} INFO - Processing file /opt/airflow/dags/ej3.py for tasks to queue
[2022-05-04 16:09:55,727] {logging_mixin.py:109} INFO - [2022-05-04 16:09:55,726] {dagbag.py:500} INFO - Filling up the DagBag from /opt/airflow/dags/ej3.py
[2022-05-04 16:09:55,771] {processor.py:652} INFO - DAG(s) dict_keys(['ej3']) retrieved from /opt/airflow/dags/ej3.py
[2022-05-04 16:09:55,815] {logging_mixin.py:109} INFO - [2022-05-04 16:09:55,814] {dag.py:2398} INFO - Sync 1 DAGs
[2022-05-04 16:09:55,842] {logging_mixin.py:109} INFO - [2022-05-04 16:09:55,842] {dag.py:2937} INFO - Setting next_dagrun for ej3 to 2022-05-03T00:01:00+00:00
[2022-05-04 16:09:55,860] {processor.py:171} INFO - Processing /opt/airflow/dags/ej3.py took 0.147 seconds
[2022-05-04 16:10:26,069] {processor.py:163} INFO - Started process (PID=20009) to work on /opt/airflow/dags/ej3.py
[2022-05-04 16:10:26,071] {processor.py:642} INFO - Processing file /opt/airflow/dags/ej3.py for tasks to queue
[2022-05-04 16:10:26,072] {logging_mixin.py:109} INFO - [2022-05-04 16:10:26,072] {dagbag.py:500} INFO - Filling up the DagBag from /opt/airflow/dags/ej3.py
[2022-05-04 16:10:26,099] {processor.py:652} INFO - DAG(s) dict_keys(['ej3']) retrieved from /opt/airflow/dags/ej3.py
[2022-05-04 16:10:26,132] {logging_mixin.py:109} INFO - [2022-05-04 16:10:26,132] {dag.py:2398} INFO - Sync 1 DAGs
[2022-05-04 16:10:26,152] {logging_mixin.py:109} INFO - [2022-05-04 16:10:26,151] {dag.py:2937} INFO - Setting next_dagrun for ej3 to 2022-05-03T00:01:00+00:00
[2022-05-04 16:10:26,172] {processor.py:171} INFO - Processing /opt/airflow/dags/ej3.py took 0.107 seconds
[2022-05-04 16:10:56,356] {processor.py:163} INFO - Started process (PID=20069) to work on /opt/airflow/dags/ej3.py
[2022-05-04 16:10:56,358] {processor.py:642} INFO - Processing file /opt/airflow/dags/ej3.py for tasks to queue
[2022-05-04 16:10:56,359] {logging_mixin.py:109} INFO - [2022-05-04 16:10:56,359] {dagbag.py:500} INFO - Filling up the DagBag from /opt/airflow/dags/ej3.py
[2022-05-04 16:10:56,408] {processor.py:652} INFO - DAG(s) dict_keys(['ej3']) retrieved from /opt/airflow/dags/ej3.py
[2022-05-04 16:10:56,445] {logging_mixin.py:109} INFO - [2022-05-04 16:10:56,445] {dag.py:2398} INFO - Sync 1 DAGs
[2022-05-04 16:10:56,468] {logging_mixin.py:109} INFO - [2022-05-04 16:10:56,468] {dag.py:2937} INFO - Setting next_dagrun for ej3 to 2022-05-03T00:01:00+00:00
[2022-05-04 16:10:56,488] {processor.py:171} INFO - Processing /opt/airflow/dags/ej3.py took 0.137 seconds
[2022-05-04 16:11:26,728] {processor.py:163} INFO - Started process (PID=20139) to work on /opt/airflow/dags/ej3.py
[2022-05-04 16:11:26,730] {processor.py:642} INFO - Processing file /opt/airflow/dags/ej3.py for tasks to queue
[2022-05-04 16:11:26,731] {logging_mixin.py:109} INFO - [2022-05-04 16:11:26,731] {dagbag.py:500} INFO - Filling up the DagBag from /opt/airflow/dags/ej3.py
[2022-05-04 16:11:26,756] {processor.py:652} INFO - DAG(s) dict_keys(['ej3']) retrieved from /opt/airflow/dags/ej3.py
[2022-05-04 16:11:26,779] {logging_mixin.py:109} INFO - [2022-05-04 16:11:26,779] {dag.py:2398} INFO - Sync 1 DAGs
[2022-05-04 16:11:26,798] {logging_mixin.py:109} INFO - [2022-05-04 16:11:26,798] {dag.py:2937} INFO - Setting next_dagrun for ej3 to 2022-05-03T00:01:00+00:00
[2022-05-04 16:11:26,814] {processor.py:171} INFO - Processing /opt/airflow/dags/ej3.py took 0.092 seconds
[2022-05-04 16:11:57,390] {processor.py:163} INFO - Started process (PID=20198) to work on /opt/airflow/dags/ej3.py
[2022-05-04 16:11:57,393] {processor.py:642} INFO - Processing file /opt/airflow/dags/ej3.py for tasks to queue
[2022-05-04 16:11:57,394] {logging_mixin.py:109} INFO - [2022-05-04 16:11:57,394] {dagbag.py:500} INFO - Filling up the DagBag from /opt/airflow/dags/ej3.py
[2022-05-04 16:11:57,423] {processor.py:652} INFO - DAG(s) dict_keys(['ej3']) retrieved from /opt/airflow/dags/ej3.py
[2022-05-04 16:11:57,445] {logging_mixin.py:109} INFO - [2022-05-04 16:11:57,445] {dag.py:2398} INFO - Sync 1 DAGs
[2022-05-04 16:11:57,463] {logging_mixin.py:109} INFO - [2022-05-04 16:11:57,463] {dag.py:2937} INFO - Setting next_dagrun for ej3 to 2022-05-03T00:01:00+00:00
[2022-05-04 16:11:57,476] {processor.py:171} INFO - Processing /opt/airflow/dags/ej3.py took 0.089 seconds
[2022-05-04 16:12:27,659] {processor.py:163} INFO - Started process (PID=20267) to work on /opt/airflow/dags/ej3.py
[2022-05-04 16:12:27,661] {processor.py:642} INFO - Processing file /opt/airflow/dags/ej3.py for tasks to queue
[2022-05-04 16:12:27,662] {logging_mixin.py:109} INFO - [2022-05-04 16:12:27,662] {dagbag.py:500} INFO - Filling up the DagBag from /opt/airflow/dags/ej3.py
[2022-05-04 16:12:27,701] {processor.py:652} INFO - DAG(s) dict_keys(['ej3']) retrieved from /opt/airflow/dags/ej3.py
[2022-05-04 16:12:27,725] {logging_mixin.py:109} INFO - [2022-05-04 16:12:27,725] {dag.py:2398} INFO - Sync 1 DAGs
[2022-05-04 16:12:27,743] {logging_mixin.py:109} INFO - [2022-05-04 16:12:27,743] {dag.py:2937} INFO - Setting next_dagrun for ej3 to 2022-05-03T00:01:00+00:00
[2022-05-04 16:12:27,761] {processor.py:171} INFO - Processing /opt/airflow/dags/ej3.py took 0.106 seconds
[2022-05-04 16:12:57,934] {processor.py:163} INFO - Started process (PID=20327) to work on /opt/airflow/dags/ej3.py
[2022-05-04 16:12:57,937] {processor.py:642} INFO - Processing file /opt/airflow/dags/ej3.py for tasks to queue
[2022-05-04 16:12:57,939] {logging_mixin.py:109} INFO - [2022-05-04 16:12:57,938] {dagbag.py:500} INFO - Filling up the DagBag from /opt/airflow/dags/ej3.py
[2022-05-04 16:12:57,989] {processor.py:652} INFO - DAG(s) dict_keys(['ej3']) retrieved from /opt/airflow/dags/ej3.py
[2022-05-04 16:12:58,021] {logging_mixin.py:109} INFO - [2022-05-04 16:12:58,021] {dag.py:2398} INFO - Sync 1 DAGs
[2022-05-04 16:12:58,049] {logging_mixin.py:109} INFO - [2022-05-04 16:12:58,049] {dag.py:2937} INFO - Setting next_dagrun for ej3 to 2022-05-03T00:01:00+00:00
[2022-05-04 16:12:58,069] {processor.py:171} INFO - Processing /opt/airflow/dags/ej3.py took 0.140 seconds
[2022-05-04 16:13:28,178] {processor.py:163} INFO - Started process (PID=20388) to work on /opt/airflow/dags/ej3.py
[2022-05-04 16:13:28,181] {processor.py:642} INFO - Processing file /opt/airflow/dags/ej3.py for tasks to queue
[2022-05-04 16:13:28,182] {logging_mixin.py:109} INFO - [2022-05-04 16:13:28,182] {dagbag.py:500} INFO - Filling up the DagBag from /opt/airflow/dags/ej3.py
[2022-05-04 16:13:28,215] {processor.py:652} INFO - DAG(s) dict_keys(['ej3']) retrieved from /opt/airflow/dags/ej3.py
[2022-05-04 16:13:28,240] {logging_mixin.py:109} INFO - [2022-05-04 16:13:28,240] {dag.py:2398} INFO - Sync 1 DAGs
[2022-05-04 16:13:28,267] {logging_mixin.py:109} INFO - [2022-05-04 16:13:28,267] {dag.py:2937} INFO - Setting next_dagrun for ej3 to 2022-05-03T00:01:00+00:00
[2022-05-04 16:13:28,286] {processor.py:171} INFO - Processing /opt/airflow/dags/ej3.py took 0.113 seconds
[2022-05-04 16:13:58,580] {processor.py:163} INFO - Started process (PID=20460) to work on /opt/airflow/dags/ej3.py
[2022-05-04 16:13:58,584] {processor.py:642} INFO - Processing file /opt/airflow/dags/ej3.py for tasks to queue
[2022-05-04 16:13:58,586] {logging_mixin.py:109} INFO - [2022-05-04 16:13:58,586] {dagbag.py:500} INFO - Filling up the DagBag from /opt/airflow/dags/ej3.py
[2022-05-04 16:13:58,629] {processor.py:652} INFO - DAG(s) dict_keys(['ej3']) retrieved from /opt/airflow/dags/ej3.py
[2022-05-04 16:13:58,660] {logging_mixin.py:109} INFO - [2022-05-04 16:13:58,660] {dag.py:2398} INFO - Sync 1 DAGs
[2022-05-04 16:13:58,686] {logging_mixin.py:109} INFO - [2022-05-04 16:13:58,686] {dag.py:2937} INFO - Setting next_dagrun for ej3 to 2022-05-03T00:01:00+00:00
[2022-05-04 16:13:58,703] {processor.py:171} INFO - Processing /opt/airflow/dags/ej3.py took 0.133 seconds
[2022-05-04 16:14:28,777] {processor.py:163} INFO - Started process (PID=20520) to work on /opt/airflow/dags/ej3.py
[2022-05-04 16:14:28,779] {processor.py:642} INFO - Processing file /opt/airflow/dags/ej3.py for tasks to queue
[2022-05-04 16:14:28,780] {logging_mixin.py:109} INFO - [2022-05-04 16:14:28,780] {dagbag.py:500} INFO - Filling up the DagBag from /opt/airflow/dags/ej3.py
[2022-05-04 16:14:28,808] {processor.py:652} INFO - DAG(s) dict_keys(['ej3']) retrieved from /opt/airflow/dags/ej3.py
[2022-05-04 16:14:28,831] {logging_mixin.py:109} INFO - [2022-05-04 16:14:28,831] {dag.py:2398} INFO - Sync 1 DAGs
[2022-05-04 16:14:28,852] {logging_mixin.py:109} INFO - [2022-05-04 16:14:28,852] {dag.py:2937} INFO - Setting next_dagrun for ej3 to 2022-05-03T00:01:00+00:00
[2022-05-04 16:14:28,871] {processor.py:171} INFO - Processing /opt/airflow/dags/ej3.py took 0.097 seconds
[2022-05-04 16:14:59,593] {processor.py:163} INFO - Started process (PID=20590) to work on /opt/airflow/dags/ej3.py
[2022-05-04 16:14:59,595] {processor.py:642} INFO - Processing file /opt/airflow/dags/ej3.py for tasks to queue
[2022-05-04 16:14:59,596] {logging_mixin.py:109} INFO - [2022-05-04 16:14:59,596] {dagbag.py:500} INFO - Filling up the DagBag from /opt/airflow/dags/ej3.py
[2022-05-04 16:14:59,627] {processor.py:652} INFO - DAG(s) dict_keys(['ej3']) retrieved from /opt/airflow/dags/ej3.py
[2022-05-04 16:14:59,651] {logging_mixin.py:109} INFO - [2022-05-04 16:14:59,651] {dag.py:2398} INFO - Sync 1 DAGs
[2022-05-04 16:14:59,670] {logging_mixin.py:109} INFO - [2022-05-04 16:14:59,670] {dag.py:2937} INFO - Setting next_dagrun for ej3 to 2022-05-03T00:01:00+00:00
[2022-05-04 16:14:59,687] {processor.py:171} INFO - Processing /opt/airflow/dags/ej3.py took 0.098 seconds
[2022-05-04 16:15:29,819] {processor.py:163} INFO - Started process (PID=20650) to work on /opt/airflow/dags/ej3.py
[2022-05-04 16:15:29,822] {processor.py:642} INFO - Processing file /opt/airflow/dags/ej3.py for tasks to queue
[2022-05-04 16:15:29,824] {logging_mixin.py:109} INFO - [2022-05-04 16:15:29,824] {dagbag.py:500} INFO - Filling up the DagBag from /opt/airflow/dags/ej3.py
[2022-05-04 16:15:29,859] {processor.py:652} INFO - DAG(s) dict_keys(['ej3']) retrieved from /opt/airflow/dags/ej3.py
[2022-05-04 16:15:29,892] {logging_mixin.py:109} INFO - [2022-05-04 16:15:29,892] {dag.py:2398} INFO - Sync 1 DAGs
[2022-05-04 16:15:29,937] {logging_mixin.py:109} INFO - [2022-05-04 16:15:29,937] {dag.py:2937} INFO - Setting next_dagrun for ej3 to 2022-05-03T00:01:00+00:00
[2022-05-04 16:15:29,963] {processor.py:171} INFO - Processing /opt/airflow/dags/ej3.py took 0.148 seconds
[2022-05-04 16:16:00,429] {processor.py:163} INFO - Started process (PID=20720) to work on /opt/airflow/dags/ej3.py
[2022-05-04 16:16:00,431] {processor.py:642} INFO - Processing file /opt/airflow/dags/ej3.py for tasks to queue
[2022-05-04 16:16:00,432] {logging_mixin.py:109} INFO - [2022-05-04 16:16:00,432] {dagbag.py:500} INFO - Filling up the DagBag from /opt/airflow/dags/ej3.py
[2022-05-04 16:16:00,465] {processor.py:652} INFO - DAG(s) dict_keys(['ej3']) retrieved from /opt/airflow/dags/ej3.py
[2022-05-04 16:16:00,491] {logging_mixin.py:109} INFO - [2022-05-04 16:16:00,490] {dag.py:2398} INFO - Sync 1 DAGs
[2022-05-04 16:16:00,514] {logging_mixin.py:109} INFO - [2022-05-04 16:16:00,514] {dag.py:2937} INFO - Setting next_dagrun for ej3 to 2022-05-03T00:01:00+00:00
[2022-05-04 16:16:00,531] {processor.py:171} INFO - Processing /opt/airflow/dags/ej3.py took 0.106 seconds
[2022-05-04 16:16:30,885] {processor.py:163} INFO - Started process (PID=20781) to work on /opt/airflow/dags/ej3.py
[2022-05-04 16:16:30,888] {processor.py:642} INFO - Processing file /opt/airflow/dags/ej3.py for tasks to queue
[2022-05-04 16:16:30,889] {logging_mixin.py:109} INFO - [2022-05-04 16:16:30,889] {dagbag.py:500} INFO - Filling up the DagBag from /opt/airflow/dags/ej3.py
[2022-05-04 16:16:30,919] {processor.py:652} INFO - DAG(s) dict_keys(['ej3']) retrieved from /opt/airflow/dags/ej3.py
[2022-05-04 16:16:30,948] {logging_mixin.py:109} INFO - [2022-05-04 16:16:30,948] {dag.py:2398} INFO - Sync 1 DAGs
[2022-05-04 16:16:30,979] {logging_mixin.py:109} INFO - [2022-05-04 16:16:30,979] {dag.py:2937} INFO - Setting next_dagrun for ej3 to 2022-05-03T00:01:00+00:00
[2022-05-04 16:16:31,001] {processor.py:171} INFO - Processing /opt/airflow/dags/ej3.py took 0.121 seconds
[2022-05-04 16:17:01,098] {processor.py:163} INFO - Started process (PID=20851) to work on /opt/airflow/dags/ej3.py
[2022-05-04 16:17:01,100] {processor.py:642} INFO - Processing file /opt/airflow/dags/ej3.py for tasks to queue
[2022-05-04 16:17:01,101] {logging_mixin.py:109} INFO - [2022-05-04 16:17:01,101] {dagbag.py:500} INFO - Filling up the DagBag from /opt/airflow/dags/ej3.py
[2022-05-04 16:17:01,123] {processor.py:652} INFO - DAG(s) dict_keys(['ej3']) retrieved from /opt/airflow/dags/ej3.py
[2022-05-04 16:17:01,145] {logging_mixin.py:109} INFO - [2022-05-04 16:17:01,145] {dag.py:2398} INFO - Sync 1 DAGs
[2022-05-04 16:17:01,165] {logging_mixin.py:109} INFO - [2022-05-04 16:17:01,164] {dag.py:2937} INFO - Setting next_dagrun for ej3 to 2022-05-03T00:01:00+00:00
[2022-05-04 16:17:01,181] {processor.py:171} INFO - Processing /opt/airflow/dags/ej3.py took 0.088 seconds
[2022-05-04 16:17:31,471] {processor.py:163} INFO - Started process (PID=20911) to work on /opt/airflow/dags/ej3.py
[2022-05-04 16:17:31,472] {processor.py:642} INFO - Processing file /opt/airflow/dags/ej3.py for tasks to queue
[2022-05-04 16:17:31,473] {logging_mixin.py:109} INFO - [2022-05-04 16:17:31,473] {dagbag.py:500} INFO - Filling up the DagBag from /opt/airflow/dags/ej3.py
[2022-05-04 16:17:31,498] {processor.py:652} INFO - DAG(s) dict_keys(['ej3']) retrieved from /opt/airflow/dags/ej3.py
[2022-05-04 16:17:31,523] {logging_mixin.py:109} INFO - [2022-05-04 16:17:31,523] {dag.py:2398} INFO - Sync 1 DAGs
[2022-05-04 16:17:31,544] {logging_mixin.py:109} INFO - [2022-05-04 16:17:31,544] {dag.py:2937} INFO - Setting next_dagrun for ej3 to 2022-05-03T00:01:00+00:00
[2022-05-04 16:17:31,559] {processor.py:171} INFO - Processing /opt/airflow/dags/ej3.py took 0.092 seconds
[2022-05-04 16:18:02,025] {processor.py:163} INFO - Started process (PID=20981) to work on /opt/airflow/dags/ej3.py
[2022-05-04 16:18:02,027] {processor.py:642} INFO - Processing file /opt/airflow/dags/ej3.py for tasks to queue
[2022-05-04 16:18:02,028] {logging_mixin.py:109} INFO - [2022-05-04 16:18:02,028] {dagbag.py:500} INFO - Filling up the DagBag from /opt/airflow/dags/ej3.py
[2022-05-04 16:18:02,050] {processor.py:652} INFO - DAG(s) dict_keys(['ej3']) retrieved from /opt/airflow/dags/ej3.py
[2022-05-04 16:18:02,074] {logging_mixin.py:109} INFO - [2022-05-04 16:18:02,074] {dag.py:2398} INFO - Sync 1 DAGs
[2022-05-04 16:18:02,091] {logging_mixin.py:109} INFO - [2022-05-04 16:18:02,091] {dag.py:2937} INFO - Setting next_dagrun for ej3 to 2022-05-03T00:01:00+00:00
[2022-05-04 16:18:02,108] {processor.py:171} INFO - Processing /opt/airflow/dags/ej3.py took 0.088 seconds
[2022-05-04 16:18:32,580] {processor.py:163} INFO - Started process (PID=21041) to work on /opt/airflow/dags/ej3.py
[2022-05-04 16:18:32,582] {processor.py:642} INFO - Processing file /opt/airflow/dags/ej3.py for tasks to queue
[2022-05-04 16:18:32,584] {logging_mixin.py:109} INFO - [2022-05-04 16:18:32,584] {dagbag.py:500} INFO - Filling up the DagBag from /opt/airflow/dags/ej3.py
[2022-05-04 16:18:32,616] {processor.py:652} INFO - DAG(s) dict_keys(['ej3']) retrieved from /opt/airflow/dags/ej3.py
[2022-05-04 16:18:32,647] {logging_mixin.py:109} INFO - [2022-05-04 16:18:32,647] {dag.py:2398} INFO - Sync 1 DAGs
[2022-05-04 16:18:32,671] {logging_mixin.py:109} INFO - [2022-05-04 16:18:32,671] {dag.py:2937} INFO - Setting next_dagrun for ej3 to 2022-05-03T00:01:00+00:00
[2022-05-04 16:18:32,692] {processor.py:171} INFO - Processing /opt/airflow/dags/ej3.py took 0.117 seconds
[2022-05-04 16:19:03,197] {processor.py:163} INFO - Started process (PID=21112) to work on /opt/airflow/dags/ej3.py
[2022-05-04 16:19:03,199] {processor.py:642} INFO - Processing file /opt/airflow/dags/ej3.py for tasks to queue
[2022-05-04 16:19:03,200] {logging_mixin.py:109} INFO - [2022-05-04 16:19:03,200] {dagbag.py:500} INFO - Filling up the DagBag from /opt/airflow/dags/ej3.py
[2022-05-04 16:19:03,240] {processor.py:652} INFO - DAG(s) dict_keys(['ej3']) retrieved from /opt/airflow/dags/ej3.py
[2022-05-04 16:19:03,266] {logging_mixin.py:109} INFO - [2022-05-04 16:19:03,266] {dag.py:2398} INFO - Sync 1 DAGs
[2022-05-04 16:19:03,285] {logging_mixin.py:109} INFO - [2022-05-04 16:19:03,285] {dag.py:2937} INFO - Setting next_dagrun for ej3 to 2022-05-03T00:01:00+00:00
[2022-05-04 16:19:03,302] {processor.py:171} INFO - Processing /opt/airflow/dags/ej3.py took 0.109 seconds
[2022-05-04 16:19:33,637] {processor.py:163} INFO - Started process (PID=21171) to work on /opt/airflow/dags/ej3.py
[2022-05-04 16:19:33,640] {processor.py:642} INFO - Processing file /opt/airflow/dags/ej3.py for tasks to queue
[2022-05-04 16:19:33,642] {logging_mixin.py:109} INFO - [2022-05-04 16:19:33,642] {dagbag.py:500} INFO - Filling up the DagBag from /opt/airflow/dags/ej3.py
[2022-05-04 16:19:33,678] {processor.py:652} INFO - DAG(s) dict_keys(['ej3']) retrieved from /opt/airflow/dags/ej3.py
[2022-05-04 16:19:33,701] {logging_mixin.py:109} INFO - [2022-05-04 16:19:33,701] {dag.py:2398} INFO - Sync 1 DAGs
[2022-05-04 16:19:33,719] {logging_mixin.py:109} INFO - [2022-05-04 16:19:33,718] {dag.py:2937} INFO - Setting next_dagrun for ej3 to 2022-05-03T00:01:00+00:00
[2022-05-04 16:19:33,735] {processor.py:171} INFO - Processing /opt/airflow/dags/ej3.py took 0.106 seconds
[2022-05-04 16:20:04,413] {processor.py:163} INFO - Started process (PID=21239) to work on /opt/airflow/dags/ej3.py
[2022-05-04 16:20:04,417] {processor.py:642} INFO - Processing file /opt/airflow/dags/ej3.py for tasks to queue
[2022-05-04 16:20:04,419] {logging_mixin.py:109} INFO - [2022-05-04 16:20:04,418] {dagbag.py:500} INFO - Filling up the DagBag from /opt/airflow/dags/ej3.py
[2022-05-04 16:20:04,456] {processor.py:652} INFO - DAG(s) dict_keys(['ej3']) retrieved from /opt/airflow/dags/ej3.py
[2022-05-04 16:20:04,483] {logging_mixin.py:109} INFO - [2022-05-04 16:20:04,483] {dag.py:2398} INFO - Sync 1 DAGs
[2022-05-04 16:20:04,504] {logging_mixin.py:109} INFO - [2022-05-04 16:20:04,504] {dag.py:2937} INFO - Setting next_dagrun for ej3 to 2022-05-03T00:01:00+00:00
[2022-05-04 16:20:04,520] {processor.py:171} INFO - Processing /opt/airflow/dags/ej3.py took 0.116 seconds
[2022-05-04 16:20:34,840] {processor.py:163} INFO - Started process (PID=21302) to work on /opt/airflow/dags/ej3.py
[2022-05-04 16:20:34,843] {processor.py:642} INFO - Processing file /opt/airflow/dags/ej3.py for tasks to queue
[2022-05-04 16:20:34,844] {logging_mixin.py:109} INFO - [2022-05-04 16:20:34,844] {dagbag.py:500} INFO - Filling up the DagBag from /opt/airflow/dags/ej3.py
[2022-05-04 16:20:34,877] {processor.py:652} INFO - DAG(s) dict_keys(['ej3']) retrieved from /opt/airflow/dags/ej3.py
[2022-05-04 16:20:34,901] {logging_mixin.py:109} INFO - [2022-05-04 16:20:34,901] {dag.py:2398} INFO - Sync 1 DAGs
[2022-05-04 16:20:34,921] {logging_mixin.py:109} INFO - [2022-05-04 16:20:34,921] {dag.py:2937} INFO - Setting next_dagrun for ej3 to 2022-05-03T00:01:00+00:00
[2022-05-04 16:20:34,938] {processor.py:171} INFO - Processing /opt/airflow/dags/ej3.py took 0.104 seconds
[2022-05-04 16:21:05,579] {processor.py:163} INFO - Started process (PID=21362) to work on /opt/airflow/dags/ej3.py
[2022-05-04 16:21:05,581] {processor.py:642} INFO - Processing file /opt/airflow/dags/ej3.py for tasks to queue
[2022-05-04 16:21:05,582] {logging_mixin.py:109} INFO - [2022-05-04 16:21:05,582] {dagbag.py:500} INFO - Filling up the DagBag from /opt/airflow/dags/ej3.py
[2022-05-04 16:21:05,608] {processor.py:652} INFO - DAG(s) dict_keys(['ej3']) retrieved from /opt/airflow/dags/ej3.py
[2022-05-04 16:21:05,631] {logging_mixin.py:109} INFO - [2022-05-04 16:21:05,630] {dag.py:2398} INFO - Sync 1 DAGs
[2022-05-04 16:21:05,663] {logging_mixin.py:109} INFO - [2022-05-04 16:21:05,663] {dag.py:2937} INFO - Setting next_dagrun for ej3 to 2022-05-03T00:01:00+00:00
[2022-05-04 16:21:05,682] {processor.py:171} INFO - Processing /opt/airflow/dags/ej3.py took 0.107 seconds
[2022-05-04 16:21:36,202] {processor.py:163} INFO - Started process (PID=21432) to work on /opt/airflow/dags/ej3.py
[2022-05-04 16:21:36,204] {processor.py:642} INFO - Processing file /opt/airflow/dags/ej3.py for tasks to queue
[2022-05-04 16:21:36,205] {logging_mixin.py:109} INFO - [2022-05-04 16:21:36,205] {dagbag.py:500} INFO - Filling up the DagBag from /opt/airflow/dags/ej3.py
[2022-05-04 16:21:36,227] {processor.py:652} INFO - DAG(s) dict_keys(['ej3']) retrieved from /opt/airflow/dags/ej3.py
[2022-05-04 16:21:36,248] {logging_mixin.py:109} INFO - [2022-05-04 16:21:36,248] {dag.py:2398} INFO - Sync 1 DAGs
[2022-05-04 16:21:36,268] {logging_mixin.py:109} INFO - [2022-05-04 16:21:36,268] {dag.py:2937} INFO - Setting next_dagrun for ej3 to 2022-05-03T00:01:00+00:00
[2022-05-04 16:21:36,284] {processor.py:171} INFO - Processing /opt/airflow/dags/ej3.py took 0.086 seconds
[2022-05-04 16:22:07,054] {processor.py:163} INFO - Started process (PID=21491) to work on /opt/airflow/dags/ej3.py
[2022-05-04 16:22:07,056] {processor.py:642} INFO - Processing file /opt/airflow/dags/ej3.py for tasks to queue
[2022-05-04 16:22:07,057] {logging_mixin.py:109} INFO - [2022-05-04 16:22:07,057] {dagbag.py:500} INFO - Filling up the DagBag from /opt/airflow/dags/ej3.py
[2022-05-04 16:22:07,085] {processor.py:652} INFO - DAG(s) dict_keys(['ej3']) retrieved from /opt/airflow/dags/ej3.py
[2022-05-04 16:22:07,106] {logging_mixin.py:109} INFO - [2022-05-04 16:22:07,106] {dag.py:2398} INFO - Sync 1 DAGs
[2022-05-04 16:22:07,124] {logging_mixin.py:109} INFO - [2022-05-04 16:22:07,124] {dag.py:2937} INFO - Setting next_dagrun for ej3 to 2022-05-03T00:01:00+00:00
[2022-05-04 16:22:07,139] {processor.py:171} INFO - Processing /opt/airflow/dags/ej3.py took 0.089 seconds
[2022-05-04 16:22:37,640] {processor.py:163} INFO - Started process (PID=21561) to work on /opt/airflow/dags/ej3.py
[2022-05-04 16:22:37,642] {processor.py:642} INFO - Processing file /opt/airflow/dags/ej3.py for tasks to queue
[2022-05-04 16:22:37,644] {logging_mixin.py:109} INFO - [2022-05-04 16:22:37,643] {dagbag.py:500} INFO - Filling up the DagBag from /opt/airflow/dags/ej3.py
[2022-05-04 16:22:37,672] {processor.py:652} INFO - DAG(s) dict_keys(['ej3']) retrieved from /opt/airflow/dags/ej3.py
[2022-05-04 16:22:37,703] {logging_mixin.py:109} INFO - [2022-05-04 16:22:37,703] {dag.py:2398} INFO - Sync 1 DAGs
[2022-05-04 16:22:37,724] {logging_mixin.py:109} INFO - [2022-05-04 16:22:37,724] {dag.py:2937} INFO - Setting next_dagrun for ej3 to 2022-05-03T00:01:00+00:00
[2022-05-04 16:22:37,744] {processor.py:171} INFO - Processing /opt/airflow/dags/ej3.py took 0.108 seconds
[2022-05-04 16:23:08,150] {processor.py:163} INFO - Started process (PID=21621) to work on /opt/airflow/dags/ej3.py
[2022-05-04 16:23:08,152] {processor.py:642} INFO - Processing file /opt/airflow/dags/ej3.py for tasks to queue
[2022-05-04 16:23:08,153] {logging_mixin.py:109} INFO - [2022-05-04 16:23:08,153] {dagbag.py:500} INFO - Filling up the DagBag from /opt/airflow/dags/ej3.py
[2022-05-04 16:23:08,186] {processor.py:652} INFO - DAG(s) dict_keys(['ej3']) retrieved from /opt/airflow/dags/ej3.py
[2022-05-04 16:23:08,219] {logging_mixin.py:109} INFO - [2022-05-04 16:23:08,218] {dag.py:2398} INFO - Sync 1 DAGs
[2022-05-04 16:23:08,239] {logging_mixin.py:109} INFO - [2022-05-04 16:23:08,239] {dag.py:2937} INFO - Setting next_dagrun for ej3 to 2022-05-03T00:01:00+00:00
[2022-05-04 16:23:08,254] {processor.py:171} INFO - Processing /opt/airflow/dags/ej3.py took 0.108 seconds
[2022-05-04 16:23:38,942] {processor.py:163} INFO - Started process (PID=21692) to work on /opt/airflow/dags/ej3.py
[2022-05-04 16:23:38,944] {processor.py:642} INFO - Processing file /opt/airflow/dags/ej3.py for tasks to queue
[2022-05-04 16:23:38,945] {logging_mixin.py:109} INFO - [2022-05-04 16:23:38,945] {dagbag.py:500} INFO - Filling up the DagBag from /opt/airflow/dags/ej3.py
[2022-05-04 16:23:38,967] {processor.py:652} INFO - DAG(s) dict_keys(['ej3']) retrieved from /opt/airflow/dags/ej3.py
[2022-05-04 16:23:38,987] {logging_mixin.py:109} INFO - [2022-05-04 16:23:38,987] {dag.py:2398} INFO - Sync 1 DAGs
[2022-05-04 16:23:39,006] {logging_mixin.py:109} INFO - [2022-05-04 16:23:39,006] {dag.py:2937} INFO - Setting next_dagrun for ej3 to 2022-05-03T00:01:00+00:00
[2022-05-04 16:23:39,024] {processor.py:171} INFO - Processing /opt/airflow/dags/ej3.py took 0.086 seconds
[2022-05-04 16:24:09,599] {processor.py:163} INFO - Started process (PID=21753) to work on /opt/airflow/dags/ej3.py
[2022-05-04 16:24:09,601] {processor.py:642} INFO - Processing file /opt/airflow/dags/ej3.py for tasks to queue
[2022-05-04 16:24:09,601] {logging_mixin.py:109} INFO - [2022-05-04 16:24:09,601] {dagbag.py:500} INFO - Filling up the DagBag from /opt/airflow/dags/ej3.py
[2022-05-04 16:24:09,624] {processor.py:652} INFO - DAG(s) dict_keys(['ej3']) retrieved from /opt/airflow/dags/ej3.py
[2022-05-04 16:24:09,646] {logging_mixin.py:109} INFO - [2022-05-04 16:24:09,646] {dag.py:2398} INFO - Sync 1 DAGs
[2022-05-04 16:24:09,665] {logging_mixin.py:109} INFO - [2022-05-04 16:24:09,665] {dag.py:2937} INFO - Setting next_dagrun for ej3 to 2022-05-03T00:01:00+00:00
[2022-05-04 16:24:09,682] {processor.py:171} INFO - Processing /opt/airflow/dags/ej3.py took 0.087 seconds
[2022-05-04 16:24:40,463] {processor.py:163} INFO - Started process (PID=21822) to work on /opt/airflow/dags/ej3.py
[2022-05-04 16:24:40,465] {processor.py:642} INFO - Processing file /opt/airflow/dags/ej3.py for tasks to queue
[2022-05-04 16:24:40,466] {logging_mixin.py:109} INFO - [2022-05-04 16:24:40,466] {dagbag.py:500} INFO - Filling up the DagBag from /opt/airflow/dags/ej3.py
[2022-05-04 16:24:40,513] {processor.py:652} INFO - DAG(s) dict_keys(['ej3']) retrieved from /opt/airflow/dags/ej3.py
[2022-05-04 16:24:40,542] {logging_mixin.py:109} INFO - [2022-05-04 16:24:40,542] {dag.py:2398} INFO - Sync 1 DAGs
[2022-05-04 16:24:40,567] {logging_mixin.py:109} INFO - [2022-05-04 16:24:40,567] {dag.py:2937} INFO - Setting next_dagrun for ej3 to 2022-05-03T00:01:00+00:00
[2022-05-04 16:24:40,587] {processor.py:171} INFO - Processing /opt/airflow/dags/ej3.py took 0.129 seconds
[2022-05-04 17:29:33,157] {processor.py:163} INFO - Started process (PID=21893) to work on /opt/airflow/dags/ej3.py
[2022-05-04 17:29:33,167] {processor.py:642} INFO - Processing file /opt/airflow/dags/ej3.py for tasks to queue
[2022-05-04 17:29:33,173] {logging_mixin.py:109} INFO - [2022-05-04 17:29:33,173] {dagbag.py:500} INFO - Filling up the DagBag from /opt/airflow/dags/ej3.py
[2022-05-04 17:29:33,309] {processor.py:652} INFO - DAG(s) dict_keys(['ej3']) retrieved from /opt/airflow/dags/ej3.py
[2022-05-04 17:29:33,398] {logging_mixin.py:109} INFO - [2022-05-04 17:29:33,398] {dag.py:2398} INFO - Sync 1 DAGs
[2022-05-04 17:29:33,505] {logging_mixin.py:109} INFO - [2022-05-04 17:29:33,502] {dag.py:2937} INFO - Setting next_dagrun for ej3 to 2022-05-03T00:01:00+00:00
[2022-05-04 17:29:33,561] {processor.py:171} INFO - Processing /opt/airflow/dags/ej3.py took 0.420 seconds
[2022-05-04 17:30:03,707] {processor.py:163} INFO - Started process (PID=21954) to work on /opt/airflow/dags/ej3.py
[2022-05-04 17:30:03,709] {processor.py:642} INFO - Processing file /opt/airflow/dags/ej3.py for tasks to queue
[2022-05-04 17:30:03,710] {logging_mixin.py:109} INFO - [2022-05-04 17:30:03,710] {dagbag.py:500} INFO - Filling up the DagBag from /opt/airflow/dags/ej3.py
[2022-05-04 17:30:03,745] {processor.py:652} INFO - DAG(s) dict_keys(['ej3']) retrieved from /opt/airflow/dags/ej3.py
[2022-05-04 17:30:03,774] {logging_mixin.py:109} INFO - [2022-05-04 17:30:03,774] {dag.py:2398} INFO - Sync 1 DAGs
[2022-05-04 17:30:03,805] {logging_mixin.py:109} INFO - [2022-05-04 17:30:03,805] {dag.py:2937} INFO - Setting next_dagrun for ej3 to 2022-05-03T00:01:00+00:00
[2022-05-04 17:30:03,821] {processor.py:171} INFO - Processing /opt/airflow/dags/ej3.py took 0.119 seconds
[2022-05-04 17:30:34,052] {processor.py:163} INFO - Started process (PID=22014) to work on /opt/airflow/dags/ej3.py
[2022-05-04 17:30:34,054] {processor.py:642} INFO - Processing file /opt/airflow/dags/ej3.py for tasks to queue
[2022-05-04 17:30:34,055] {logging_mixin.py:109} INFO - [2022-05-04 17:30:34,055] {dagbag.py:500} INFO - Filling up the DagBag from /opt/airflow/dags/ej3.py
[2022-05-04 17:30:34,085] {processor.py:652} INFO - DAG(s) dict_keys(['ej3']) retrieved from /opt/airflow/dags/ej3.py
[2022-05-04 17:30:34,114] {logging_mixin.py:109} INFO - [2022-05-04 17:30:34,114] {dag.py:2398} INFO - Sync 1 DAGs
[2022-05-04 17:30:34,139] {logging_mixin.py:109} INFO - [2022-05-04 17:30:34,139] {dag.py:2937} INFO - Setting next_dagrun for ej3 to 2022-05-03T00:01:00+00:00
[2022-05-04 17:30:34,158] {processor.py:171} INFO - Processing /opt/airflow/dags/ej3.py took 0.111 seconds
[2022-05-04 17:31:05,006] {processor.py:163} INFO - Started process (PID=22082) to work on /opt/airflow/dags/ej3.py
[2022-05-04 17:31:05,010] {processor.py:642} INFO - Processing file /opt/airflow/dags/ej3.py for tasks to queue
[2022-05-04 17:31:05,013] {logging_mixin.py:109} INFO - [2022-05-04 17:31:05,012] {dagbag.py:500} INFO - Filling up the DagBag from /opt/airflow/dags/ej3.py
[2022-05-04 17:31:05,046] {processor.py:652} INFO - DAG(s) dict_keys(['ej3']) retrieved from /opt/airflow/dags/ej3.py
[2022-05-04 17:31:05,085] {logging_mixin.py:109} INFO - [2022-05-04 17:31:05,085] {dag.py:2398} INFO - Sync 1 DAGs
[2022-05-04 17:31:05,106] {logging_mixin.py:109} INFO - [2022-05-04 17:31:05,106] {dag.py:2937} INFO - Setting next_dagrun for ej3 to 2022-05-03T00:01:00+00:00
[2022-05-04 17:31:05,124] {processor.py:171} INFO - Processing /opt/airflow/dags/ej3.py took 0.125 seconds
