[2022-05-04 15:26:58,826] {processor.py:163} INFO - Started process (PID=15164) to work on /opt/airflow/dags/ej6.py
[2022-05-04 15:26:58,845] {processor.py:642} INFO - Processing file /opt/airflow/dags/ej6.py for tasks to queue
[2022-05-04 15:26:58,858] {logging_mixin.py:109} INFO - [2022-05-04 15:26:58,858] {dagbag.py:500} INFO - Filling up the DagBag from /opt/airflow/dags/ej6.py
[2022-05-04 15:26:59,278] {processor.py:652} INFO - DAG(s) dict_keys(['ej6']) retrieved from /opt/airflow/dags/ej6.py
[2022-05-04 15:27:00,583] {logging_mixin.py:109} INFO - [2022-05-04 15:27:00,583] {dag.py:2398} INFO - Sync 1 DAGs
[2022-05-04 15:27:00,701] {logging_mixin.py:109} INFO - [2022-05-04 15:27:00,701] {dag.py:2937} INFO - Setting next_dagrun for ej6 to 2022-05-03T00:00:00+00:00
[2022-05-04 15:27:00,925] {processor.py:171} INFO - Processing /opt/airflow/dags/ej6.py took 2.115 seconds
[2022-05-04 15:27:33,437] {processor.py:163} INFO - Started process (PID=15225) to work on /opt/airflow/dags/ej6.py
[2022-05-04 15:27:33,452] {processor.py:642} INFO - Processing file /opt/airflow/dags/ej6.py for tasks to queue
[2022-05-04 15:27:33,467] {logging_mixin.py:109} INFO - [2022-05-04 15:27:33,466] {dagbag.py:500} INFO - Filling up the DagBag from /opt/airflow/dags/ej6.py
[2022-05-04 15:27:33,723] {processor.py:652} INFO - DAG(s) dict_keys(['ej6']) retrieved from /opt/airflow/dags/ej6.py
[2022-05-04 15:27:33,807] {logging_mixin.py:109} INFO - [2022-05-04 15:27:33,807] {dag.py:2398} INFO - Sync 1 DAGs
[2022-05-04 15:27:33,875] {logging_mixin.py:109} INFO - [2022-05-04 15:27:33,874] {dag.py:2937} INFO - Setting next_dagrun for ej6 to 2022-05-03T00:00:00+00:00
[2022-05-04 15:27:33,930] {processor.py:171} INFO - Processing /opt/airflow/dags/ej6.py took 0.507 seconds
[2022-05-04 15:28:04,017] {processor.py:163} INFO - Started process (PID=15286) to work on /opt/airflow/dags/ej6.py
[2022-05-04 15:28:04,031] {processor.py:642} INFO - Processing file /opt/airflow/dags/ej6.py for tasks to queue
[2022-05-04 15:28:04,040] {logging_mixin.py:109} INFO - [2022-05-04 15:28:04,040] {dagbag.py:500} INFO - Filling up the DagBag from /opt/airflow/dags/ej6.py
[2022-05-04 15:28:04,125] {processor.py:652} INFO - DAG(s) dict_keys(['ej6']) retrieved from /opt/airflow/dags/ej6.py
[2022-05-04 15:28:04,173] {logging_mixin.py:109} INFO - [2022-05-04 15:28:04,173] {dag.py:2398} INFO - Sync 1 DAGs
[2022-05-04 15:28:04,209] {logging_mixin.py:109} INFO - [2022-05-04 15:28:04,209] {dag.py:2937} INFO - Setting next_dagrun for ej6 to 2022-05-03T00:00:00+00:00
[2022-05-04 15:28:04,238] {processor.py:171} INFO - Processing /opt/airflow/dags/ej6.py took 0.226 seconds
[2022-05-04 15:28:34,447] {processor.py:163} INFO - Started process (PID=15336) to work on /opt/airflow/dags/ej6.py
[2022-05-04 15:28:34,451] {processor.py:642} INFO - Processing file /opt/airflow/dags/ej6.py for tasks to queue
[2022-05-04 15:28:34,453] {logging_mixin.py:109} INFO - [2022-05-04 15:28:34,452] {dagbag.py:500} INFO - Filling up the DagBag from /opt/airflow/dags/ej6.py
[2022-05-04 15:28:34,521] {processor.py:652} INFO - DAG(s) dict_keys(['ej6']) retrieved from /opt/airflow/dags/ej6.py
[2022-05-04 15:28:34,571] {logging_mixin.py:109} INFO - [2022-05-04 15:28:34,570] {dag.py:2398} INFO - Sync 1 DAGs
[2022-05-04 15:28:34,603] {logging_mixin.py:109} INFO - [2022-05-04 15:28:34,603] {dag.py:2937} INFO - Setting next_dagrun for ej6 to 2022-05-03T00:00:00+00:00
[2022-05-04 15:28:34,630] {processor.py:171} INFO - Processing /opt/airflow/dags/ej6.py took 0.190 seconds
[2022-05-04 15:29:05,358] {processor.py:163} INFO - Started process (PID=15403) to work on /opt/airflow/dags/ej6.py
[2022-05-04 15:29:05,370] {processor.py:642} INFO - Processing file /opt/airflow/dags/ej6.py for tasks to queue
[2022-05-04 15:29:05,371] {logging_mixin.py:109} INFO - [2022-05-04 15:29:05,371] {dagbag.py:500} INFO - Filling up the DagBag from /opt/airflow/dags/ej6.py
[2022-05-04 15:29:05,454] {processor.py:652} INFO - DAG(s) dict_keys(['ej6']) retrieved from /opt/airflow/dags/ej6.py
[2022-05-04 15:29:05,519] {logging_mixin.py:109} INFO - [2022-05-04 15:29:05,519] {dag.py:2398} INFO - Sync 1 DAGs
[2022-05-04 15:29:05,575] {logging_mixin.py:109} INFO - [2022-05-04 15:29:05,573] {dag.py:2937} INFO - Setting next_dagrun for ej6 to 2022-05-03T00:00:00+00:00
[2022-05-04 15:29:05,608] {processor.py:171} INFO - Processing /opt/airflow/dags/ej6.py took 0.256 seconds
[2022-05-04 15:29:36,192] {processor.py:163} INFO - Started process (PID=15464) to work on /opt/airflow/dags/ej6.py
[2022-05-04 15:29:36,195] {processor.py:642} INFO - Processing file /opt/airflow/dags/ej6.py for tasks to queue
[2022-05-04 15:29:36,197] {logging_mixin.py:109} INFO - [2022-05-04 15:29:36,196] {dagbag.py:500} INFO - Filling up the DagBag from /opt/airflow/dags/ej6.py
[2022-05-04 15:29:36,262] {processor.py:652} INFO - DAG(s) dict_keys(['ej6']) retrieved from /opt/airflow/dags/ej6.py
[2022-05-04 15:29:36,299] {logging_mixin.py:109} INFO - [2022-05-04 15:29:36,298] {dag.py:2398} INFO - Sync 1 DAGs
[2022-05-04 15:29:36,326] {logging_mixin.py:109} INFO - [2022-05-04 15:29:36,326] {dag.py:2937} INFO - Setting next_dagrun for ej6 to 2022-05-03T00:00:00+00:00
[2022-05-04 15:29:36,345] {processor.py:171} INFO - Processing /opt/airflow/dags/ej6.py took 0.162 seconds
[2022-05-04 15:30:06,707] {processor.py:163} INFO - Started process (PID=15524) to work on /opt/airflow/dags/ej6.py
[2022-05-04 15:30:06,709] {processor.py:642} INFO - Processing file /opt/airflow/dags/ej6.py for tasks to queue
[2022-05-04 15:30:06,710] {logging_mixin.py:109} INFO - [2022-05-04 15:30:06,710] {dagbag.py:500} INFO - Filling up the DagBag from /opt/airflow/dags/ej6.py
[2022-05-04 15:30:06,752] {processor.py:652} INFO - DAG(s) dict_keys(['ej6']) retrieved from /opt/airflow/dags/ej6.py
[2022-05-04 15:30:06,784] {logging_mixin.py:109} INFO - [2022-05-04 15:30:06,784] {dag.py:2398} INFO - Sync 1 DAGs
[2022-05-04 15:30:06,809] {logging_mixin.py:109} INFO - [2022-05-04 15:30:06,809] {dag.py:2937} INFO - Setting next_dagrun for ej6 to 2022-05-03T00:00:00+00:00
[2022-05-04 15:30:06,838] {processor.py:171} INFO - Processing /opt/airflow/dags/ej6.py took 0.136 seconds
[2022-05-04 15:30:37,207] {processor.py:163} INFO - Started process (PID=15584) to work on /opt/airflow/dags/ej6.py
[2022-05-04 15:30:37,210] {processor.py:642} INFO - Processing file /opt/airflow/dags/ej6.py for tasks to queue
[2022-05-04 15:30:37,213] {logging_mixin.py:109} INFO - [2022-05-04 15:30:37,212] {dagbag.py:500} INFO - Filling up the DagBag from /opt/airflow/dags/ej6.py
[2022-05-04 15:30:37,278] {processor.py:652} INFO - DAG(s) dict_keys(['ej6']) retrieved from /opt/airflow/dags/ej6.py
[2022-05-04 15:30:37,312] {logging_mixin.py:109} INFO - [2022-05-04 15:30:37,312] {dag.py:2398} INFO - Sync 1 DAGs
[2022-05-04 15:30:37,333] {logging_mixin.py:109} INFO - [2022-05-04 15:30:37,333] {dag.py:2937} INFO - Setting next_dagrun for ej6 to 2022-05-03T00:00:00+00:00
[2022-05-04 15:30:37,348] {processor.py:171} INFO - Processing /opt/airflow/dags/ej6.py took 0.147 seconds
[2022-05-04 15:31:07,887] {processor.py:163} INFO - Started process (PID=15644) to work on /opt/airflow/dags/ej6.py
[2022-05-04 15:31:07,890] {processor.py:642} INFO - Processing file /opt/airflow/dags/ej6.py for tasks to queue
[2022-05-04 15:31:07,891] {logging_mixin.py:109} INFO - [2022-05-04 15:31:07,891] {dagbag.py:500} INFO - Filling up the DagBag from /opt/airflow/dags/ej6.py
[2022-05-04 15:31:07,964] {processor.py:652} INFO - DAG(s) dict_keys(['ej6']) retrieved from /opt/airflow/dags/ej6.py
[2022-05-04 15:31:08,052] {logging_mixin.py:109} INFO - [2022-05-04 15:31:08,051] {dag.py:2398} INFO - Sync 1 DAGs
[2022-05-04 15:31:08,094] {logging_mixin.py:109} INFO - [2022-05-04 15:31:08,093] {dag.py:2937} INFO - Setting next_dagrun for ej6 to 2022-05-03T00:00:00+00:00
[2022-05-04 15:31:08,119] {processor.py:171} INFO - Processing /opt/airflow/dags/ej6.py took 0.236 seconds
[2022-05-04 15:31:38,566] {processor.py:163} INFO - Started process (PID=15714) to work on /opt/airflow/dags/ej6.py
[2022-05-04 15:31:38,570] {processor.py:642} INFO - Processing file /opt/airflow/dags/ej6.py for tasks to queue
[2022-05-04 15:31:38,572] {logging_mixin.py:109} INFO - [2022-05-04 15:31:38,572] {dagbag.py:500} INFO - Filling up the DagBag from /opt/airflow/dags/ej6.py
[2022-05-04 15:31:38,608] {processor.py:652} INFO - DAG(s) dict_keys(['ej6']) retrieved from /opt/airflow/dags/ej6.py
[2022-05-04 15:31:38,638] {logging_mixin.py:109} INFO - [2022-05-04 15:31:38,638] {dag.py:2398} INFO - Sync 1 DAGs
[2022-05-04 15:31:38,662] {logging_mixin.py:109} INFO - [2022-05-04 15:31:38,661] {dag.py:2937} INFO - Setting next_dagrun for ej6 to 2022-05-03T00:00:00+00:00
[2022-05-04 15:31:38,684] {processor.py:171} INFO - Processing /opt/airflow/dags/ej6.py took 0.122 seconds
[2022-05-04 15:32:09,351] {processor.py:163} INFO - Started process (PID=15775) to work on /opt/airflow/dags/ej6.py
[2022-05-04 15:32:09,354] {processor.py:642} INFO - Processing file /opt/airflow/dags/ej6.py for tasks to queue
[2022-05-04 15:32:09,356] {logging_mixin.py:109} INFO - [2022-05-04 15:32:09,356] {dagbag.py:500} INFO - Filling up the DagBag from /opt/airflow/dags/ej6.py
[2022-05-04 15:32:09,428] {processor.py:652} INFO - DAG(s) dict_keys(['ej6']) retrieved from /opt/airflow/dags/ej6.py
[2022-05-04 15:32:09,471] {logging_mixin.py:109} INFO - [2022-05-04 15:32:09,471] {dag.py:2398} INFO - Sync 1 DAGs
[2022-05-04 15:32:09,498] {logging_mixin.py:109} INFO - [2022-05-04 15:32:09,498] {dag.py:2937} INFO - Setting next_dagrun for ej6 to 2022-05-03T00:00:00+00:00
[2022-05-04 15:32:09,523] {processor.py:171} INFO - Processing /opt/airflow/dags/ej6.py took 0.182 seconds
[2022-05-04 15:32:40,085] {processor.py:163} INFO - Started process (PID=15835) to work on /opt/airflow/dags/ej6.py
[2022-05-04 15:32:40,087] {processor.py:642} INFO - Processing file /opt/airflow/dags/ej6.py for tasks to queue
[2022-05-04 15:32:40,088] {logging_mixin.py:109} INFO - [2022-05-04 15:32:40,088] {dagbag.py:500} INFO - Filling up the DagBag from /opt/airflow/dags/ej6.py
[2022-05-04 15:32:40,119] {processor.py:652} INFO - DAG(s) dict_keys(['ej6']) retrieved from /opt/airflow/dags/ej6.py
[2022-05-04 15:32:40,146] {logging_mixin.py:109} INFO - [2022-05-04 15:32:40,145] {dag.py:2398} INFO - Sync 1 DAGs
[2022-05-04 15:32:40,170] {logging_mixin.py:109} INFO - [2022-05-04 15:32:40,170] {dag.py:2937} INFO - Setting next_dagrun for ej6 to 2022-05-03T00:00:00+00:00
[2022-05-04 15:32:40,190] {processor.py:171} INFO - Processing /opt/airflow/dags/ej6.py took 0.109 seconds
[2022-05-04 15:33:10,777] {processor.py:163} INFO - Started process (PID=15906) to work on /opt/airflow/dags/ej6.py
[2022-05-04 15:33:10,780] {processor.py:642} INFO - Processing file /opt/airflow/dags/ej6.py for tasks to queue
[2022-05-04 15:33:10,782] {logging_mixin.py:109} INFO - [2022-05-04 15:33:10,782] {dagbag.py:500} INFO - Filling up the DagBag from /opt/airflow/dags/ej6.py
[2022-05-04 15:33:10,849] {processor.py:652} INFO - DAG(s) dict_keys(['ej6']) retrieved from /opt/airflow/dags/ej6.py
[2022-05-04 15:33:10,901] {logging_mixin.py:109} INFO - [2022-05-04 15:33:10,900] {dag.py:2398} INFO - Sync 1 DAGs
[2022-05-04 15:33:10,938] {logging_mixin.py:109} INFO - [2022-05-04 15:33:10,938] {dag.py:2937} INFO - Setting next_dagrun for ej6 to 2022-05-03T00:00:00+00:00
[2022-05-04 15:33:10,977] {processor.py:171} INFO - Processing /opt/airflow/dags/ej6.py took 0.206 seconds
[2022-05-04 15:33:41,481] {processor.py:163} INFO - Started process (PID=15967) to work on /opt/airflow/dags/ej6.py
[2022-05-04 15:33:41,484] {processor.py:642} INFO - Processing file /opt/airflow/dags/ej6.py for tasks to queue
[2022-05-04 15:33:41,485] {logging_mixin.py:109} INFO - [2022-05-04 15:33:41,485] {dagbag.py:500} INFO - Filling up the DagBag from /opt/airflow/dags/ej6.py
[2022-05-04 15:33:41,526] {processor.py:652} INFO - DAG(s) dict_keys(['ej6']) retrieved from /opt/airflow/dags/ej6.py
[2022-05-04 15:33:41,554] {logging_mixin.py:109} INFO - [2022-05-04 15:33:41,553] {dag.py:2398} INFO - Sync 1 DAGs
[2022-05-04 15:33:41,571] {logging_mixin.py:109} INFO - [2022-05-04 15:33:41,571] {dag.py:2937} INFO - Setting next_dagrun for ej6 to 2022-05-03T00:00:00+00:00
[2022-05-04 15:33:41,591] {processor.py:171} INFO - Processing /opt/airflow/dags/ej6.py took 0.114 seconds
[2022-05-04 15:34:11,917] {processor.py:163} INFO - Started process (PID=16035) to work on /opt/airflow/dags/ej6.py
[2022-05-04 15:34:11,919] {processor.py:642} INFO - Processing file /opt/airflow/dags/ej6.py for tasks to queue
[2022-05-04 15:34:11,920] {logging_mixin.py:109} INFO - [2022-05-04 15:34:11,920] {dagbag.py:500} INFO - Filling up the DagBag from /opt/airflow/dags/ej6.py
[2022-05-04 15:34:11,956] {processor.py:652} INFO - DAG(s) dict_keys(['ej6']) retrieved from /opt/airflow/dags/ej6.py
[2022-05-04 15:34:11,987] {logging_mixin.py:109} INFO - [2022-05-04 15:34:11,987] {dag.py:2398} INFO - Sync 1 DAGs
[2022-05-04 15:34:12,011] {logging_mixin.py:109} INFO - [2022-05-04 15:34:12,011] {dag.py:2937} INFO - Setting next_dagrun for ej6 to 2022-05-03T00:00:00+00:00
[2022-05-04 15:34:12,033] {processor.py:171} INFO - Processing /opt/airflow/dags/ej6.py took 0.121 seconds
[2022-05-04 15:34:42,340] {processor.py:163} INFO - Started process (PID=16097) to work on /opt/airflow/dags/ej6.py
[2022-05-04 15:34:42,342] {processor.py:642} INFO - Processing file /opt/airflow/dags/ej6.py for tasks to queue
[2022-05-04 15:34:42,344] {logging_mixin.py:109} INFO - [2022-05-04 15:34:42,343] {dagbag.py:500} INFO - Filling up the DagBag from /opt/airflow/dags/ej6.py
[2022-05-04 15:34:42,383] {processor.py:652} INFO - DAG(s) dict_keys(['ej6']) retrieved from /opt/airflow/dags/ej6.py
[2022-05-04 15:34:42,413] {logging_mixin.py:109} INFO - [2022-05-04 15:34:42,412] {dag.py:2398} INFO - Sync 1 DAGs
[2022-05-04 15:34:42,433] {logging_mixin.py:109} INFO - [2022-05-04 15:34:42,433] {dag.py:2937} INFO - Setting next_dagrun for ej6 to 2022-05-03T00:00:00+00:00
[2022-05-04 15:34:42,455] {processor.py:171} INFO - Processing /opt/airflow/dags/ej6.py took 0.119 seconds
[2022-05-04 15:35:13,066] {processor.py:163} INFO - Started process (PID=16157) to work on /opt/airflow/dags/ej6.py
[2022-05-04 15:35:13,068] {processor.py:642} INFO - Processing file /opt/airflow/dags/ej6.py for tasks to queue
[2022-05-04 15:35:13,068] {logging_mixin.py:109} INFO - [2022-05-04 15:35:13,068] {dagbag.py:500} INFO - Filling up the DagBag from /opt/airflow/dags/ej6.py
[2022-05-04 15:35:13,093] {processor.py:652} INFO - DAG(s) dict_keys(['ej6']) retrieved from /opt/airflow/dags/ej6.py
[2022-05-04 15:35:13,112] {logging_mixin.py:109} INFO - [2022-05-04 15:35:13,112] {dag.py:2398} INFO - Sync 1 DAGs
[2022-05-04 15:35:13,130] {logging_mixin.py:109} INFO - [2022-05-04 15:35:13,130] {dag.py:2937} INFO - Setting next_dagrun for ej6 to 2022-05-03T00:00:00+00:00
[2022-05-04 15:35:13,145] {processor.py:171} INFO - Processing /opt/airflow/dags/ej6.py took 0.082 seconds
[2022-05-04 15:35:43,674] {processor.py:163} INFO - Started process (PID=16227) to work on /opt/airflow/dags/ej6.py
[2022-05-04 15:35:43,675] {processor.py:642} INFO - Processing file /opt/airflow/dags/ej6.py for tasks to queue
[2022-05-04 15:35:43,676] {logging_mixin.py:109} INFO - [2022-05-04 15:35:43,676] {dagbag.py:500} INFO - Filling up the DagBag from /opt/airflow/dags/ej6.py
[2022-05-04 15:35:43,701] {processor.py:652} INFO - DAG(s) dict_keys(['ej6']) retrieved from /opt/airflow/dags/ej6.py
[2022-05-04 15:35:43,720] {logging_mixin.py:109} INFO - [2022-05-04 15:35:43,720] {dag.py:2398} INFO - Sync 1 DAGs
[2022-05-04 15:35:43,738] {logging_mixin.py:109} INFO - [2022-05-04 15:35:43,737] {dag.py:2937} INFO - Setting next_dagrun for ej6 to 2022-05-03T00:00:00+00:00
[2022-05-04 15:35:43,756] {processor.py:171} INFO - Processing /opt/airflow/dags/ej6.py took 0.085 seconds
[2022-05-04 15:36:13,907] {processor.py:163} INFO - Started process (PID=16286) to work on /opt/airflow/dags/ej6.py
[2022-05-04 15:36:13,909] {processor.py:642} INFO - Processing file /opt/airflow/dags/ej6.py for tasks to queue
[2022-05-04 15:36:13,910] {logging_mixin.py:109} INFO - [2022-05-04 15:36:13,910] {dagbag.py:500} INFO - Filling up the DagBag from /opt/airflow/dags/ej6.py
[2022-05-04 15:36:13,940] {processor.py:652} INFO - DAG(s) dict_keys(['ej6']) retrieved from /opt/airflow/dags/ej6.py
[2022-05-04 15:36:13,962] {logging_mixin.py:109} INFO - [2022-05-04 15:36:13,962] {dag.py:2398} INFO - Sync 1 DAGs
[2022-05-04 15:36:13,976] {logging_mixin.py:109} INFO - [2022-05-04 15:36:13,976] {dag.py:2937} INFO - Setting next_dagrun for ej6 to 2022-05-03T00:00:00+00:00
[2022-05-04 15:36:13,992] {processor.py:171} INFO - Processing /opt/airflow/dags/ej6.py took 0.092 seconds
[2022-05-04 15:36:44,516] {processor.py:163} INFO - Started process (PID=16357) to work on /opt/airflow/dags/ej6.py
[2022-05-04 15:36:44,518] {processor.py:642} INFO - Processing file /opt/airflow/dags/ej6.py for tasks to queue
[2022-05-04 15:36:44,520] {logging_mixin.py:109} INFO - [2022-05-04 15:36:44,520] {dagbag.py:500} INFO - Filling up the DagBag from /opt/airflow/dags/ej6.py
[2022-05-04 15:36:44,545] {processor.py:652} INFO - DAG(s) dict_keys(['ej6']) retrieved from /opt/airflow/dags/ej6.py
[2022-05-04 15:36:44,566] {logging_mixin.py:109} INFO - [2022-05-04 15:36:44,566] {dag.py:2398} INFO - Sync 1 DAGs
[2022-05-04 15:36:44,582] {logging_mixin.py:109} INFO - [2022-05-04 15:36:44,582] {dag.py:2937} INFO - Setting next_dagrun for ej6 to 2022-05-03T00:00:00+00:00
[2022-05-04 15:36:44,602] {processor.py:171} INFO - Processing /opt/airflow/dags/ej6.py took 0.089 seconds
[2022-05-04 15:37:14,753] {processor.py:163} INFO - Started process (PID=16417) to work on /opt/airflow/dags/ej6.py
[2022-05-04 15:37:14,754] {processor.py:642} INFO - Processing file /opt/airflow/dags/ej6.py for tasks to queue
[2022-05-04 15:37:14,755] {logging_mixin.py:109} INFO - [2022-05-04 15:37:14,755] {dagbag.py:500} INFO - Filling up the DagBag from /opt/airflow/dags/ej6.py
[2022-05-04 15:37:14,781] {processor.py:652} INFO - DAG(s) dict_keys(['ej6']) retrieved from /opt/airflow/dags/ej6.py
[2022-05-04 15:37:14,804] {logging_mixin.py:109} INFO - [2022-05-04 15:37:14,803] {dag.py:2398} INFO - Sync 1 DAGs
[2022-05-04 15:37:14,821] {logging_mixin.py:109} INFO - [2022-05-04 15:37:14,821] {dag.py:2937} INFO - Setting next_dagrun for ej6 to 2022-05-03T00:00:00+00:00
[2022-05-04 15:37:14,840] {processor.py:171} INFO - Processing /opt/airflow/dags/ej6.py took 0.090 seconds
[2022-05-04 15:37:45,027] {processor.py:163} INFO - Started process (PID=16491) to work on /opt/airflow/dags/ej6.py
[2022-05-04 15:37:45,028] {processor.py:642} INFO - Processing file /opt/airflow/dags/ej6.py for tasks to queue
[2022-05-04 15:37:45,029] {logging_mixin.py:109} INFO - [2022-05-04 15:37:45,029] {dagbag.py:500} INFO - Filling up the DagBag from /opt/airflow/dags/ej6.py
[2022-05-04 15:37:45,057] {processor.py:652} INFO - DAG(s) dict_keys(['ej6']) retrieved from /opt/airflow/dags/ej6.py
[2022-05-04 15:37:45,078] {logging_mixin.py:109} INFO - [2022-05-04 15:37:45,078] {dag.py:2398} INFO - Sync 1 DAGs
[2022-05-04 15:37:45,091] {logging_mixin.py:109} INFO - [2022-05-04 15:37:45,091] {dag.py:2937} INFO - Setting next_dagrun for ej6 to 2022-05-03T00:00:00+00:00
[2022-05-04 15:37:45,109] {processor.py:171} INFO - Processing /opt/airflow/dags/ej6.py took 0.086 seconds
[2022-05-04 15:38:15,993] {processor.py:163} INFO - Started process (PID=16550) to work on /opt/airflow/dags/ej6.py
[2022-05-04 15:38:15,995] {processor.py:642} INFO - Processing file /opt/airflow/dags/ej6.py for tasks to queue
[2022-05-04 15:38:15,997] {logging_mixin.py:109} INFO - [2022-05-04 15:38:15,997] {dagbag.py:500} INFO - Filling up the DagBag from /opt/airflow/dags/ej6.py
[2022-05-04 15:38:16,022] {processor.py:652} INFO - DAG(s) dict_keys(['ej6']) retrieved from /opt/airflow/dags/ej6.py
[2022-05-04 15:38:16,048] {logging_mixin.py:109} INFO - [2022-05-04 15:38:16,048] {dag.py:2398} INFO - Sync 1 DAGs
[2022-05-04 15:38:16,063] {logging_mixin.py:109} INFO - [2022-05-04 15:38:16,063] {dag.py:2937} INFO - Setting next_dagrun for ej6 to 2022-05-03T00:00:00+00:00
[2022-05-04 15:38:16,079] {processor.py:171} INFO - Processing /opt/airflow/dags/ej6.py took 0.089 seconds
[2022-05-04 15:38:46,713] {processor.py:163} INFO - Started process (PID=16619) to work on /opt/airflow/dags/ej6.py
[2022-05-04 15:38:46,715] {processor.py:642} INFO - Processing file /opt/airflow/dags/ej6.py for tasks to queue
[2022-05-04 15:38:46,716] {logging_mixin.py:109} INFO - [2022-05-04 15:38:46,716] {dagbag.py:500} INFO - Filling up the DagBag from /opt/airflow/dags/ej6.py
[2022-05-04 15:38:46,745] {processor.py:652} INFO - DAG(s) dict_keys(['ej6']) retrieved from /opt/airflow/dags/ej6.py
[2022-05-04 15:38:46,770] {logging_mixin.py:109} INFO - [2022-05-04 15:38:46,770] {dag.py:2398} INFO - Sync 1 DAGs
[2022-05-04 15:38:46,790] {logging_mixin.py:109} INFO - [2022-05-04 15:38:46,790] {dag.py:2937} INFO - Setting next_dagrun for ej6 to 2022-05-03T00:00:00+00:00
[2022-05-04 15:38:46,804] {processor.py:171} INFO - Processing /opt/airflow/dags/ej6.py took 0.095 seconds
[2022-05-04 15:39:17,727] {processor.py:163} INFO - Started process (PID=16680) to work on /opt/airflow/dags/ej6.py
[2022-05-04 15:39:17,728] {processor.py:642} INFO - Processing file /opt/airflow/dags/ej6.py for tasks to queue
[2022-05-04 15:39:17,729] {logging_mixin.py:109} INFO - [2022-05-04 15:39:17,729] {dagbag.py:500} INFO - Filling up the DagBag from /opt/airflow/dags/ej6.py
[2022-05-04 15:39:17,754] {processor.py:652} INFO - DAG(s) dict_keys(['ej6']) retrieved from /opt/airflow/dags/ej6.py
[2022-05-04 15:39:17,777] {logging_mixin.py:109} INFO - [2022-05-04 15:39:17,777] {dag.py:2398} INFO - Sync 1 DAGs
[2022-05-04 15:39:17,794] {logging_mixin.py:109} INFO - [2022-05-04 15:39:17,794] {dag.py:2937} INFO - Setting next_dagrun for ej6 to 2022-05-03T00:00:00+00:00
[2022-05-04 15:39:17,811] {processor.py:171} INFO - Processing /opt/airflow/dags/ej6.py took 0.087 seconds
[2022-05-04 15:39:48,200] {processor.py:163} INFO - Started process (PID=16750) to work on /opt/airflow/dags/ej6.py
[2022-05-04 15:39:48,201] {processor.py:642} INFO - Processing file /opt/airflow/dags/ej6.py for tasks to queue
[2022-05-04 15:39:48,202] {logging_mixin.py:109} INFO - [2022-05-04 15:39:48,202] {dagbag.py:500} INFO - Filling up the DagBag from /opt/airflow/dags/ej6.py
[2022-05-04 15:39:48,228] {processor.py:652} INFO - DAG(s) dict_keys(['ej6']) retrieved from /opt/airflow/dags/ej6.py
[2022-05-04 15:39:48,254] {logging_mixin.py:109} INFO - [2022-05-04 15:39:48,253] {dag.py:2398} INFO - Sync 1 DAGs
[2022-05-04 15:39:48,268] {logging_mixin.py:109} INFO - [2022-05-04 15:39:48,268] {dag.py:2937} INFO - Setting next_dagrun for ej6 to 2022-05-03T00:00:00+00:00
[2022-05-04 15:39:48,285] {processor.py:171} INFO - Processing /opt/airflow/dags/ej6.py took 0.089 seconds
[2022-05-04 15:40:18,466] {processor.py:163} INFO - Started process (PID=16810) to work on /opt/airflow/dags/ej6.py
[2022-05-04 15:40:18,468] {processor.py:642} INFO - Processing file /opt/airflow/dags/ej6.py for tasks to queue
[2022-05-04 15:40:18,469] {logging_mixin.py:109} INFO - [2022-05-04 15:40:18,469] {dagbag.py:500} INFO - Filling up the DagBag from /opt/airflow/dags/ej6.py
[2022-05-04 15:40:18,493] {processor.py:652} INFO - DAG(s) dict_keys(['ej6']) retrieved from /opt/airflow/dags/ej6.py
[2022-05-04 15:40:18,514] {logging_mixin.py:109} INFO - [2022-05-04 15:40:18,514] {dag.py:2398} INFO - Sync 1 DAGs
[2022-05-04 15:40:18,530] {logging_mixin.py:109} INFO - [2022-05-04 15:40:18,529] {dag.py:2937} INFO - Setting next_dagrun for ej6 to 2022-05-03T00:00:00+00:00
[2022-05-04 15:40:18,546] {processor.py:171} INFO - Processing /opt/airflow/dags/ej6.py took 0.084 seconds
[2022-05-04 15:40:48,925] {processor.py:163} INFO - Started process (PID=16880) to work on /opt/airflow/dags/ej6.py
[2022-05-04 15:40:48,927] {processor.py:642} INFO - Processing file /opt/airflow/dags/ej6.py for tasks to queue
[2022-05-04 15:40:48,928] {logging_mixin.py:109} INFO - [2022-05-04 15:40:48,928] {dagbag.py:500} INFO - Filling up the DagBag from /opt/airflow/dags/ej6.py
[2022-05-04 15:40:48,964] {processor.py:652} INFO - DAG(s) dict_keys(['ej6']) retrieved from /opt/airflow/dags/ej6.py
[2022-05-04 15:40:48,994] {logging_mixin.py:109} INFO - [2022-05-04 15:40:48,994] {dag.py:2398} INFO - Sync 1 DAGs
[2022-05-04 15:40:49,014] {logging_mixin.py:109} INFO - [2022-05-04 15:40:49,014] {dag.py:2937} INFO - Setting next_dagrun for ej6 to 2022-05-03T00:00:00+00:00
[2022-05-04 15:40:49,031] {processor.py:171} INFO - Processing /opt/airflow/dags/ej6.py took 0.110 seconds
[2022-05-04 15:41:19,225] {processor.py:163} INFO - Started process (PID=16939) to work on /opt/airflow/dags/ej6.py
[2022-05-04 15:41:19,227] {processor.py:642} INFO - Processing file /opt/airflow/dags/ej6.py for tasks to queue
[2022-05-04 15:41:19,228] {logging_mixin.py:109} INFO - [2022-05-04 15:41:19,228] {dagbag.py:500} INFO - Filling up the DagBag from /opt/airflow/dags/ej6.py
[2022-05-04 15:41:19,250] {processor.py:652} INFO - DAG(s) dict_keys(['ej6']) retrieved from /opt/airflow/dags/ej6.py
[2022-05-04 15:41:19,272] {logging_mixin.py:109} INFO - [2022-05-04 15:41:19,272] {dag.py:2398} INFO - Sync 1 DAGs
[2022-05-04 15:41:19,290] {logging_mixin.py:109} INFO - [2022-05-04 15:41:19,289] {dag.py:2937} INFO - Setting next_dagrun for ej6 to 2022-05-03T00:00:00+00:00
[2022-05-04 15:41:19,306] {processor.py:171} INFO - Processing /opt/airflow/dags/ej6.py took 0.085 seconds
[2022-05-04 15:41:49,887] {processor.py:163} INFO - Started process (PID=17008) to work on /opt/airflow/dags/ej6.py
[2022-05-04 15:41:49,889] {processor.py:642} INFO - Processing file /opt/airflow/dags/ej6.py for tasks to queue
[2022-05-04 15:41:49,890] {logging_mixin.py:109} INFO - [2022-05-04 15:41:49,890] {dagbag.py:500} INFO - Filling up the DagBag from /opt/airflow/dags/ej6.py
[2022-05-04 15:41:49,918] {processor.py:652} INFO - DAG(s) dict_keys(['ej6']) retrieved from /opt/airflow/dags/ej6.py
[2022-05-04 15:41:49,942] {logging_mixin.py:109} INFO - [2022-05-04 15:41:49,941] {dag.py:2398} INFO - Sync 1 DAGs
[2022-05-04 15:41:49,956] {logging_mixin.py:109} INFO - [2022-05-04 15:41:49,955] {dag.py:2937} INFO - Setting next_dagrun for ej6 to 2022-05-03T00:00:00+00:00
[2022-05-04 15:41:49,970] {processor.py:171} INFO - Processing /opt/airflow/dags/ej6.py took 0.088 seconds
[2022-05-04 15:42:20,825] {processor.py:163} INFO - Started process (PID=17077) to work on /opt/airflow/dags/ej6.py
[2022-05-04 15:42:20,827] {processor.py:642} INFO - Processing file /opt/airflow/dags/ej6.py for tasks to queue
[2022-05-04 15:42:20,828] {logging_mixin.py:109} INFO - [2022-05-04 15:42:20,828] {dagbag.py:500} INFO - Filling up the DagBag from /opt/airflow/dags/ej6.py
[2022-05-04 15:42:20,852] {processor.py:652} INFO - DAG(s) dict_keys(['ej6']) retrieved from /opt/airflow/dags/ej6.py
[2022-05-04 15:42:20,873] {logging_mixin.py:109} INFO - [2022-05-04 15:42:20,873] {dag.py:2398} INFO - Sync 1 DAGs
[2022-05-04 15:42:20,889] {logging_mixin.py:109} INFO - [2022-05-04 15:42:20,889] {dag.py:2937} INFO - Setting next_dagrun for ej6 to 2022-05-03T00:00:00+00:00
[2022-05-04 15:42:20,903] {processor.py:171} INFO - Processing /opt/airflow/dags/ej6.py took 0.082 seconds
[2022-05-04 15:43:03,689] {processor.py:163} INFO - Started process (PID=17105) to work on /opt/airflow/dags/ej6.py
[2022-05-04 15:43:03,691] {processor.py:642} INFO - Processing file /opt/airflow/dags/ej6.py for tasks to queue
[2022-05-04 15:43:03,691] {logging_mixin.py:109} INFO - [2022-05-04 15:43:03,691] {dagbag.py:500} INFO - Filling up the DagBag from /opt/airflow/dags/ej6.py
[2022-05-04 15:43:03,718] {processor.py:652} INFO - DAG(s) dict_keys(['ej6']) retrieved from /opt/airflow/dags/ej6.py
[2022-05-04 15:43:03,750] {logging_mixin.py:109} INFO - [2022-05-04 15:43:03,750] {dag.py:2398} INFO - Sync 1 DAGs
[2022-05-04 15:43:03,787] {logging_mixin.py:109} INFO - [2022-05-04 15:43:03,787] {dag.py:2937} INFO - Setting next_dagrun for ej6 to 2022-05-03T00:00:00+00:00
[2022-05-04 15:43:03,833] {processor.py:171} INFO - Processing /opt/airflow/dags/ej6.py took 0.148 seconds
[2022-05-04 15:48:01,261] {processor.py:163} INFO - Started process (PID=17145) to work on /opt/airflow/dags/ej6.py
[2022-05-04 15:48:01,265] {processor.py:642} INFO - Processing file /opt/airflow/dags/ej6.py for tasks to queue
[2022-05-04 15:48:01,266] {logging_mixin.py:109} INFO - [2022-05-04 15:48:01,266] {dagbag.py:500} INFO - Filling up the DagBag from /opt/airflow/dags/ej6.py
[2022-05-04 15:48:01,305] {processor.py:652} INFO - DAG(s) dict_keys(['ej6']) retrieved from /opt/airflow/dags/ej6.py
[2022-05-04 15:48:01,354] {logging_mixin.py:109} INFO - [2022-05-04 15:48:01,354] {dag.py:2398} INFO - Sync 1 DAGs
[2022-05-04 15:48:01,383] {logging_mixin.py:109} INFO - [2022-05-04 15:48:01,382] {dag.py:2937} INFO - Setting next_dagrun for ej6 to 2022-05-03T00:00:00+00:00
[2022-05-04 15:48:01,398] {processor.py:171} INFO - Processing /opt/airflow/dags/ej6.py took 0.142 seconds
[2022-05-04 15:48:31,741] {processor.py:163} INFO - Started process (PID=17204) to work on /opt/airflow/dags/ej6.py
[2022-05-04 15:48:31,743] {processor.py:642} INFO - Processing file /opt/airflow/dags/ej6.py for tasks to queue
[2022-05-04 15:48:31,744] {logging_mixin.py:109} INFO - [2022-05-04 15:48:31,744] {dagbag.py:500} INFO - Filling up the DagBag from /opt/airflow/dags/ej6.py
[2022-05-04 15:48:31,774] {processor.py:652} INFO - DAG(s) dict_keys(['ej6']) retrieved from /opt/airflow/dags/ej6.py
[2022-05-04 15:48:31,793] {logging_mixin.py:109} INFO - [2022-05-04 15:48:31,793] {dag.py:2398} INFO - Sync 1 DAGs
[2022-05-04 15:48:31,808] {logging_mixin.py:109} INFO - [2022-05-04 15:48:31,808] {dag.py:2937} INFO - Setting next_dagrun for ej6 to 2022-05-03T00:00:00+00:00
[2022-05-04 15:48:31,823] {processor.py:171} INFO - Processing /opt/airflow/dags/ej6.py took 0.086 seconds
[2022-05-04 15:49:01,981] {processor.py:163} INFO - Started process (PID=17273) to work on /opt/airflow/dags/ej6.py
[2022-05-04 15:49:01,983] {processor.py:642} INFO - Processing file /opt/airflow/dags/ej6.py for tasks to queue
[2022-05-04 15:49:01,984] {logging_mixin.py:109} INFO - [2022-05-04 15:49:01,983] {dagbag.py:500} INFO - Filling up the DagBag from /opt/airflow/dags/ej6.py
[2022-05-04 15:49:02,014] {processor.py:652} INFO - DAG(s) dict_keys(['ej6']) retrieved from /opt/airflow/dags/ej6.py
[2022-05-04 15:49:02,037] {logging_mixin.py:109} INFO - [2022-05-04 15:49:02,037] {dag.py:2398} INFO - Sync 1 DAGs
[2022-05-04 15:49:02,052] {logging_mixin.py:109} INFO - [2022-05-04 15:49:02,052] {dag.py:2937} INFO - Setting next_dagrun for ej6 to 2022-05-03T00:00:00+00:00
[2022-05-04 15:49:02,066] {processor.py:171} INFO - Processing /opt/airflow/dags/ej6.py took 0.088 seconds
[2022-05-04 15:49:32,693] {processor.py:163} INFO - Started process (PID=17334) to work on /opt/airflow/dags/ej6.py
[2022-05-04 15:49:32,695] {processor.py:642} INFO - Processing file /opt/airflow/dags/ej6.py for tasks to queue
[2022-05-04 15:49:32,697] {logging_mixin.py:109} INFO - [2022-05-04 15:49:32,697] {dagbag.py:500} INFO - Filling up the DagBag from /opt/airflow/dags/ej6.py
[2022-05-04 15:49:32,752] {processor.py:652} INFO - DAG(s) dict_keys(['ej6']) retrieved from /opt/airflow/dags/ej6.py
[2022-05-04 15:49:32,783] {logging_mixin.py:109} INFO - [2022-05-04 15:49:32,783] {dag.py:2398} INFO - Sync 1 DAGs
[2022-05-04 15:49:32,810] {logging_mixin.py:109} INFO - [2022-05-04 15:49:32,810] {dag.py:2937} INFO - Setting next_dagrun for ej6 to 2022-05-03T00:00:00+00:00
[2022-05-04 15:49:32,826] {processor.py:171} INFO - Processing /opt/airflow/dags/ej6.py took 0.137 seconds
[2022-05-04 15:50:03,436] {processor.py:163} INFO - Started process (PID=17402) to work on /opt/airflow/dags/ej6.py
[2022-05-04 15:50:03,438] {processor.py:642} INFO - Processing file /opt/airflow/dags/ej6.py for tasks to queue
[2022-05-04 15:50:03,439] {logging_mixin.py:109} INFO - [2022-05-04 15:50:03,439] {dagbag.py:500} INFO - Filling up the DagBag from /opt/airflow/dags/ej6.py
[2022-05-04 15:50:03,470] {processor.py:652} INFO - DAG(s) dict_keys(['ej6']) retrieved from /opt/airflow/dags/ej6.py
[2022-05-04 15:50:03,492] {logging_mixin.py:109} INFO - [2022-05-04 15:50:03,492] {dag.py:2398} INFO - Sync 1 DAGs
[2022-05-04 15:50:03,510] {logging_mixin.py:109} INFO - [2022-05-04 15:50:03,510] {dag.py:2937} INFO - Setting next_dagrun for ej6 to 2022-05-03T00:00:00+00:00
[2022-05-04 15:50:03,526] {processor.py:171} INFO - Processing /opt/airflow/dags/ej6.py took 0.093 seconds
[2022-05-04 15:50:34,148] {processor.py:163} INFO - Started process (PID=17463) to work on /opt/airflow/dags/ej6.py
[2022-05-04 15:50:34,150] {processor.py:642} INFO - Processing file /opt/airflow/dags/ej6.py for tasks to queue
[2022-05-04 15:50:34,151] {logging_mixin.py:109} INFO - [2022-05-04 15:50:34,151] {dagbag.py:500} INFO - Filling up the DagBag from /opt/airflow/dags/ej6.py
[2022-05-04 15:50:34,196] {processor.py:652} INFO - DAG(s) dict_keys(['ej6']) retrieved from /opt/airflow/dags/ej6.py
[2022-05-04 15:50:34,219] {logging_mixin.py:109} INFO - [2022-05-04 15:50:34,219] {dag.py:2398} INFO - Sync 1 DAGs
[2022-05-04 15:50:34,234] {logging_mixin.py:109} INFO - [2022-05-04 15:50:34,234] {dag.py:2937} INFO - Setting next_dagrun for ej6 to 2022-05-03T00:00:00+00:00
[2022-05-04 15:50:34,252] {processor.py:171} INFO - Processing /opt/airflow/dags/ej6.py took 0.106 seconds
[2022-05-04 15:51:04,860] {processor.py:163} INFO - Started process (PID=17533) to work on /opt/airflow/dags/ej6.py
[2022-05-04 15:51:04,861] {processor.py:642} INFO - Processing file /opt/airflow/dags/ej6.py for tasks to queue
[2022-05-04 15:51:04,862] {logging_mixin.py:109} INFO - [2022-05-04 15:51:04,862] {dagbag.py:500} INFO - Filling up the DagBag from /opt/airflow/dags/ej6.py
[2022-05-04 15:51:04,902] {processor.py:652} INFO - DAG(s) dict_keys(['ej6']) retrieved from /opt/airflow/dags/ej6.py
[2022-05-04 15:51:04,924] {logging_mixin.py:109} INFO - [2022-05-04 15:51:04,924] {dag.py:2398} INFO - Sync 1 DAGs
[2022-05-04 15:51:04,940] {logging_mixin.py:109} INFO - [2022-05-04 15:51:04,940] {dag.py:2937} INFO - Setting next_dagrun for ej6 to 2022-05-03T00:00:00+00:00
[2022-05-04 15:51:04,953] {processor.py:171} INFO - Processing /opt/airflow/dags/ej6.py took 0.096 seconds
[2022-05-04 15:51:35,216] {processor.py:163} INFO - Started process (PID=17593) to work on /opt/airflow/dags/ej6.py
[2022-05-04 15:51:35,218] {processor.py:642} INFO - Processing file /opt/airflow/dags/ej6.py for tasks to queue
[2022-05-04 15:51:35,219] {logging_mixin.py:109} INFO - [2022-05-04 15:51:35,219] {dagbag.py:500} INFO - Filling up the DagBag from /opt/airflow/dags/ej6.py
[2022-05-04 15:51:35,265] {processor.py:652} INFO - DAG(s) dict_keys(['ej6']) retrieved from /opt/airflow/dags/ej6.py
[2022-05-04 15:51:35,291] {logging_mixin.py:109} INFO - [2022-05-04 15:51:35,291] {dag.py:2398} INFO - Sync 1 DAGs
[2022-05-04 15:51:35,310] {logging_mixin.py:109} INFO - [2022-05-04 15:51:35,310] {dag.py:2937} INFO - Setting next_dagrun for ej6 to 2022-05-03T00:00:00+00:00
[2022-05-04 15:51:35,324] {processor.py:171} INFO - Processing /opt/airflow/dags/ej6.py took 0.111 seconds
[2022-05-04 15:52:05,812] {processor.py:163} INFO - Started process (PID=17663) to work on /opt/airflow/dags/ej6.py
[2022-05-04 15:52:05,813] {processor.py:642} INFO - Processing file /opt/airflow/dags/ej6.py for tasks to queue
[2022-05-04 15:52:05,814] {logging_mixin.py:109} INFO - [2022-05-04 15:52:05,814] {dagbag.py:500} INFO - Filling up the DagBag from /opt/airflow/dags/ej6.py
[2022-05-04 15:52:05,853] {processor.py:652} INFO - DAG(s) dict_keys(['ej6']) retrieved from /opt/airflow/dags/ej6.py
[2022-05-04 15:52:05,873] {logging_mixin.py:109} INFO - [2022-05-04 15:52:05,872] {dag.py:2398} INFO - Sync 1 DAGs
[2022-05-04 15:52:05,890] {logging_mixin.py:109} INFO - [2022-05-04 15:52:05,890] {dag.py:2937} INFO - Setting next_dagrun for ej6 to 2022-05-03T00:00:00+00:00
[2022-05-04 15:52:05,906] {processor.py:171} INFO - Processing /opt/airflow/dags/ej6.py took 0.097 seconds
[2022-05-04 15:52:36,817] {processor.py:163} INFO - Started process (PID=17733) to work on /opt/airflow/dags/ej6.py
[2022-05-04 15:52:36,819] {processor.py:642} INFO - Processing file /opt/airflow/dags/ej6.py for tasks to queue
[2022-05-04 15:52:36,821] {logging_mixin.py:109} INFO - [2022-05-04 15:52:36,821] {dagbag.py:500} INFO - Filling up the DagBag from /opt/airflow/dags/ej6.py
[2022-05-04 15:52:36,855] {processor.py:652} INFO - DAG(s) dict_keys(['ej6']) retrieved from /opt/airflow/dags/ej6.py
[2022-05-04 15:52:36,878] {logging_mixin.py:109} INFO - [2022-05-04 15:52:36,878] {dag.py:2398} INFO - Sync 1 DAGs
[2022-05-04 15:52:36,892] {logging_mixin.py:109} INFO - [2022-05-04 15:52:36,892] {dag.py:2937} INFO - Setting next_dagrun for ej6 to 2022-05-03T00:00:00+00:00
[2022-05-04 15:52:36,905] {processor.py:171} INFO - Processing /opt/airflow/dags/ej6.py took 0.094 seconds
[2022-05-04 15:53:07,111] {processor.py:163} INFO - Started process (PID=17793) to work on /opt/airflow/dags/ej6.py
[2022-05-04 15:53:07,113] {processor.py:642} INFO - Processing file /opt/airflow/dags/ej6.py for tasks to queue
[2022-05-04 15:53:07,114] {logging_mixin.py:109} INFO - [2022-05-04 15:53:07,114] {dagbag.py:500} INFO - Filling up the DagBag from /opt/airflow/dags/ej6.py
[2022-05-04 15:53:07,156] {processor.py:652} INFO - DAG(s) dict_keys(['ej6']) retrieved from /opt/airflow/dags/ej6.py
[2022-05-04 15:53:07,179] {logging_mixin.py:109} INFO - [2022-05-04 15:53:07,179] {dag.py:2398} INFO - Sync 1 DAGs
[2022-05-04 15:53:07,195] {logging_mixin.py:109} INFO - [2022-05-04 15:53:07,195] {dag.py:2937} INFO - Setting next_dagrun for ej6 to 2022-05-03T00:00:00+00:00
[2022-05-04 15:53:07,216] {processor.py:171} INFO - Processing /opt/airflow/dags/ej6.py took 0.109 seconds
[2022-05-04 15:53:37,980] {processor.py:163} INFO - Started process (PID=17862) to work on /opt/airflow/dags/ej6.py
[2022-05-04 15:53:37,981] {processor.py:642} INFO - Processing file /opt/airflow/dags/ej6.py for tasks to queue
[2022-05-04 15:53:37,982] {logging_mixin.py:109} INFO - [2022-05-04 15:53:37,982] {dagbag.py:500} INFO - Filling up the DagBag from /opt/airflow/dags/ej6.py
[2022-05-04 15:53:38,023] {processor.py:652} INFO - DAG(s) dict_keys(['ej6']) retrieved from /opt/airflow/dags/ej6.py
[2022-05-04 15:53:38,043] {logging_mixin.py:109} INFO - [2022-05-04 15:53:38,043] {dag.py:2398} INFO - Sync 1 DAGs
[2022-05-04 15:53:38,061] {logging_mixin.py:109} INFO - [2022-05-04 15:53:38,061] {dag.py:2937} INFO - Setting next_dagrun for ej6 to 2022-05-03T00:00:00+00:00
[2022-05-04 15:53:38,076] {processor.py:171} INFO - Processing /opt/airflow/dags/ej6.py took 0.099 seconds
[2022-05-04 15:54:08,439] {processor.py:163} INFO - Started process (PID=17922) to work on /opt/airflow/dags/ej6.py
[2022-05-04 15:54:08,441] {processor.py:642} INFO - Processing file /opt/airflow/dags/ej6.py for tasks to queue
[2022-05-04 15:54:08,442] {logging_mixin.py:109} INFO - [2022-05-04 15:54:08,442] {dagbag.py:500} INFO - Filling up the DagBag from /opt/airflow/dags/ej6.py
[2022-05-04 15:54:08,479] {processor.py:652} INFO - DAG(s) dict_keys(['ej6']) retrieved from /opt/airflow/dags/ej6.py
[2022-05-04 15:54:08,502] {logging_mixin.py:109} INFO - [2022-05-04 15:54:08,502] {dag.py:2398} INFO - Sync 1 DAGs
[2022-05-04 15:54:08,516] {logging_mixin.py:109} INFO - [2022-05-04 15:54:08,516] {dag.py:2937} INFO - Setting next_dagrun for ej6 to 2022-05-03T00:00:00+00:00
[2022-05-04 15:54:08,532] {processor.py:171} INFO - Processing /opt/airflow/dags/ej6.py took 0.096 seconds
[2022-05-04 15:54:38,810] {processor.py:163} INFO - Started process (PID=17991) to work on /opt/airflow/dags/ej6.py
[2022-05-04 15:54:38,812] {processor.py:642} INFO - Processing file /opt/airflow/dags/ej6.py for tasks to queue
[2022-05-04 15:54:38,814] {logging_mixin.py:109} INFO - [2022-05-04 15:54:38,813] {dagbag.py:500} INFO - Filling up the DagBag from /opt/airflow/dags/ej6.py
[2022-05-04 15:54:38,849] {processor.py:652} INFO - DAG(s) dict_keys(['ej6']) retrieved from /opt/airflow/dags/ej6.py
[2022-05-04 15:54:38,874] {logging_mixin.py:109} INFO - [2022-05-04 15:54:38,874] {dag.py:2398} INFO - Sync 1 DAGs
[2022-05-04 15:54:38,890] {logging_mixin.py:109} INFO - [2022-05-04 15:54:38,890] {dag.py:2937} INFO - Setting next_dagrun for ej6 to 2022-05-03T00:00:00+00:00
[2022-05-04 15:54:38,905] {processor.py:171} INFO - Processing /opt/airflow/dags/ej6.py took 0.098 seconds
[2022-05-04 15:55:09,393] {processor.py:163} INFO - Started process (PID=18061) to work on /opt/airflow/dags/ej6.py
[2022-05-04 15:55:09,395] {processor.py:642} INFO - Processing file /opt/airflow/dags/ej6.py for tasks to queue
[2022-05-04 15:55:09,396] {logging_mixin.py:109} INFO - [2022-05-04 15:55:09,396] {dagbag.py:500} INFO - Filling up the DagBag from /opt/airflow/dags/ej6.py
[2022-05-04 15:55:09,440] {processor.py:652} INFO - DAG(s) dict_keys(['ej6']) retrieved from /opt/airflow/dags/ej6.py
[2022-05-04 15:55:09,461] {logging_mixin.py:109} INFO - [2022-05-04 15:55:09,461] {dag.py:2398} INFO - Sync 1 DAGs
[2022-05-04 15:55:09,477] {logging_mixin.py:109} INFO - [2022-05-04 15:55:09,477] {dag.py:2937} INFO - Setting next_dagrun for ej6 to 2022-05-03T00:00:00+00:00
[2022-05-04 15:55:09,493] {processor.py:171} INFO - Processing /opt/airflow/dags/ej6.py took 0.102 seconds
[2022-05-04 15:55:40,036] {processor.py:163} INFO - Started process (PID=18122) to work on /opt/airflow/dags/ej6.py
[2022-05-04 15:55:40,039] {processor.py:642} INFO - Processing file /opt/airflow/dags/ej6.py for tasks to queue
[2022-05-04 15:55:40,040] {logging_mixin.py:109} INFO - [2022-05-04 15:55:40,040] {dagbag.py:500} INFO - Filling up the DagBag from /opt/airflow/dags/ej6.py
[2022-05-04 15:55:40,081] {processor.py:652} INFO - DAG(s) dict_keys(['ej6']) retrieved from /opt/airflow/dags/ej6.py
[2022-05-04 15:55:40,104] {logging_mixin.py:109} INFO - [2022-05-04 15:55:40,104] {dag.py:2398} INFO - Sync 1 DAGs
[2022-05-04 15:55:40,118] {logging_mixin.py:109} INFO - [2022-05-04 15:55:40,118] {dag.py:2937} INFO - Setting next_dagrun for ej6 to 2022-05-03T00:00:00+00:00
[2022-05-04 15:55:40,135] {processor.py:171} INFO - Processing /opt/airflow/dags/ej6.py took 0.104 seconds
[2022-05-04 15:56:10,814] {processor.py:163} INFO - Started process (PID=18191) to work on /opt/airflow/dags/ej6.py
[2022-05-04 15:56:10,816] {processor.py:642} INFO - Processing file /opt/airflow/dags/ej6.py for tasks to queue
[2022-05-04 15:56:10,817] {logging_mixin.py:109} INFO - [2022-05-04 15:56:10,817] {dagbag.py:500} INFO - Filling up the DagBag from /opt/airflow/dags/ej6.py
[2022-05-04 15:56:10,865] {processor.py:652} INFO - DAG(s) dict_keys(['ej6']) retrieved from /opt/airflow/dags/ej6.py
[2022-05-04 15:56:10,885] {logging_mixin.py:109} INFO - [2022-05-04 15:56:10,885] {dag.py:2398} INFO - Sync 1 DAGs
[2022-05-04 15:56:10,900] {logging_mixin.py:109} INFO - [2022-05-04 15:56:10,900] {dag.py:2937} INFO - Setting next_dagrun for ej6 to 2022-05-03T00:00:00+00:00
[2022-05-04 15:56:10,914] {processor.py:171} INFO - Processing /opt/airflow/dags/ej6.py took 0.104 seconds
[2022-05-04 15:56:41,476] {processor.py:163} INFO - Started process (PID=18251) to work on /opt/airflow/dags/ej6.py
[2022-05-04 15:56:41,478] {processor.py:642} INFO - Processing file /opt/airflow/dags/ej6.py for tasks to queue
[2022-05-04 15:56:41,480] {logging_mixin.py:109} INFO - [2022-05-04 15:56:41,479] {dagbag.py:500} INFO - Filling up the DagBag from /opt/airflow/dags/ej6.py
[2022-05-04 15:56:41,516] {processor.py:652} INFO - DAG(s) dict_keys(['ej6']) retrieved from /opt/airflow/dags/ej6.py
[2022-05-04 15:56:41,545] {logging_mixin.py:109} INFO - [2022-05-04 15:56:41,545] {dag.py:2398} INFO - Sync 1 DAGs
[2022-05-04 15:56:41,562] {logging_mixin.py:109} INFO - [2022-05-04 15:56:41,561] {dag.py:2937} INFO - Setting next_dagrun for ej6 to 2022-05-03T00:00:00+00:00
[2022-05-04 15:56:41,574] {processor.py:171} INFO - Processing /opt/airflow/dags/ej6.py took 0.104 seconds
[2022-05-04 15:57:11,634] {processor.py:163} INFO - Started process (PID=18320) to work on /opt/airflow/dags/ej6.py
[2022-05-04 15:57:11,636] {processor.py:642} INFO - Processing file /opt/airflow/dags/ej6.py for tasks to queue
[2022-05-04 15:57:11,637] {logging_mixin.py:109} INFO - [2022-05-04 15:57:11,637] {dagbag.py:500} INFO - Filling up the DagBag from /opt/airflow/dags/ej6.py
[2022-05-04 15:57:11,678] {processor.py:652} INFO - DAG(s) dict_keys(['ej6']) retrieved from /opt/airflow/dags/ej6.py
[2022-05-04 15:57:11,697] {logging_mixin.py:109} INFO - [2022-05-04 15:57:11,696] {dag.py:2398} INFO - Sync 1 DAGs
[2022-05-04 15:57:11,711] {logging_mixin.py:109} INFO - [2022-05-04 15:57:11,711] {dag.py:2937} INFO - Setting next_dagrun for ej6 to 2022-05-03T00:00:00+00:00
[2022-05-04 15:57:11,724] {processor.py:171} INFO - Processing /opt/airflow/dags/ej6.py took 0.093 seconds
[2022-05-04 15:57:41,840] {processor.py:163} INFO - Started process (PID=18381) to work on /opt/airflow/dags/ej6.py
[2022-05-04 15:57:41,842] {processor.py:642} INFO - Processing file /opt/airflow/dags/ej6.py for tasks to queue
[2022-05-04 15:57:41,843] {logging_mixin.py:109} INFO - [2022-05-04 15:57:41,843] {dagbag.py:500} INFO - Filling up the DagBag from /opt/airflow/dags/ej6.py
[2022-05-04 15:57:41,897] {processor.py:652} INFO - DAG(s) dict_keys(['ej6']) retrieved from /opt/airflow/dags/ej6.py
[2022-05-04 15:57:41,919] {logging_mixin.py:109} INFO - [2022-05-04 15:57:41,919] {dag.py:2398} INFO - Sync 1 DAGs
[2022-05-04 15:57:41,933] {logging_mixin.py:109} INFO - [2022-05-04 15:57:41,932] {dag.py:2937} INFO - Setting next_dagrun for ej6 to 2022-05-03T00:00:00+00:00
[2022-05-04 15:57:41,947] {processor.py:171} INFO - Processing /opt/airflow/dags/ej6.py took 0.111 seconds
[2022-05-04 15:58:12,813] {processor.py:163} INFO - Started process (PID=18450) to work on /opt/airflow/dags/ej6.py
[2022-05-04 15:58:12,815] {processor.py:642} INFO - Processing file /opt/airflow/dags/ej6.py for tasks to queue
[2022-05-04 15:58:12,816] {logging_mixin.py:109} INFO - [2022-05-04 15:58:12,816] {dagbag.py:500} INFO - Filling up the DagBag from /opt/airflow/dags/ej6.py
[2022-05-04 15:58:12,852] {processor.py:652} INFO - DAG(s) dict_keys(['ej6']) retrieved from /opt/airflow/dags/ej6.py
[2022-05-04 15:58:12,872] {logging_mixin.py:109} INFO - [2022-05-04 15:58:12,872] {dag.py:2398} INFO - Sync 1 DAGs
[2022-05-04 15:58:12,885] {logging_mixin.py:109} INFO - [2022-05-04 15:58:12,885] {dag.py:2937} INFO - Setting next_dagrun for ej6 to 2022-05-03T00:00:00+00:00
[2022-05-04 15:58:12,898] {processor.py:171} INFO - Processing /opt/airflow/dags/ej6.py took 0.088 seconds
[2022-05-04 15:58:43,231] {processor.py:163} INFO - Started process (PID=18519) to work on /opt/airflow/dags/ej6.py
[2022-05-04 15:58:43,232] {processor.py:642} INFO - Processing file /opt/airflow/dags/ej6.py for tasks to queue
[2022-05-04 15:58:43,233] {logging_mixin.py:109} INFO - [2022-05-04 15:58:43,233] {dagbag.py:500} INFO - Filling up the DagBag from /opt/airflow/dags/ej6.py
[2022-05-04 15:58:43,258] {processor.py:652} INFO - DAG(s) dict_keys(['ej6']) retrieved from /opt/airflow/dags/ej6.py
[2022-05-04 15:58:43,279] {logging_mixin.py:109} INFO - [2022-05-04 15:58:43,279] {dag.py:2398} INFO - Sync 1 DAGs
[2022-05-04 15:58:43,295] {logging_mixin.py:109} INFO - [2022-05-04 15:58:43,295] {dag.py:2937} INFO - Setting next_dagrun for ej6 to 2022-05-03T00:00:00+00:00
[2022-05-04 15:58:43,310] {processor.py:171} INFO - Processing /opt/airflow/dags/ej6.py took 0.084 seconds
[2022-05-04 15:59:14,064] {processor.py:163} INFO - Started process (PID=18578) to work on /opt/airflow/dags/ej6.py
[2022-05-04 15:59:14,066] {processor.py:642} INFO - Processing file /opt/airflow/dags/ej6.py for tasks to queue
[2022-05-04 15:59:14,067] {logging_mixin.py:109} INFO - [2022-05-04 15:59:14,067] {dagbag.py:500} INFO - Filling up the DagBag from /opt/airflow/dags/ej6.py
[2022-05-04 15:59:14,103] {processor.py:652} INFO - DAG(s) dict_keys(['ej6']) retrieved from /opt/airflow/dags/ej6.py
[2022-05-04 15:59:14,125] {logging_mixin.py:109} INFO - [2022-05-04 15:59:14,125] {dag.py:2398} INFO - Sync 1 DAGs
[2022-05-04 15:59:14,140] {logging_mixin.py:109} INFO - [2022-05-04 15:59:14,140] {dag.py:2937} INFO - Setting next_dagrun for ej6 to 2022-05-03T00:00:00+00:00
[2022-05-04 15:59:14,155] {processor.py:171} INFO - Processing /opt/airflow/dags/ej6.py took 0.094 seconds
[2022-05-04 15:59:44,720] {processor.py:163} INFO - Started process (PID=18647) to work on /opt/airflow/dags/ej6.py
[2022-05-04 15:59:44,722] {processor.py:642} INFO - Processing file /opt/airflow/dags/ej6.py for tasks to queue
[2022-05-04 15:59:44,723] {logging_mixin.py:109} INFO - [2022-05-04 15:59:44,723] {dagbag.py:500} INFO - Filling up the DagBag from /opt/airflow/dags/ej6.py
[2022-05-04 15:59:44,758] {processor.py:652} INFO - DAG(s) dict_keys(['ej6']) retrieved from /opt/airflow/dags/ej6.py
[2022-05-04 15:59:44,778] {logging_mixin.py:109} INFO - [2022-05-04 15:59:44,778] {dag.py:2398} INFO - Sync 1 DAGs
[2022-05-04 15:59:44,794] {logging_mixin.py:109} INFO - [2022-05-04 15:59:44,794] {dag.py:2937} INFO - Setting next_dagrun for ej6 to 2022-05-03T00:00:00+00:00
[2022-05-04 15:59:44,806] {processor.py:171} INFO - Processing /opt/airflow/dags/ej6.py took 0.088 seconds
[2022-05-04 16:00:15,328] {processor.py:163} INFO - Started process (PID=18706) to work on /opt/airflow/dags/ej6.py
[2022-05-04 16:00:15,330] {processor.py:642} INFO - Processing file /opt/airflow/dags/ej6.py for tasks to queue
[2022-05-04 16:00:15,332] {logging_mixin.py:109} INFO - [2022-05-04 16:00:15,331] {dagbag.py:500} INFO - Filling up the DagBag from /opt/airflow/dags/ej6.py
[2022-05-04 16:00:15,374] {processor.py:652} INFO - DAG(s) dict_keys(['ej6']) retrieved from /opt/airflow/dags/ej6.py
[2022-05-04 16:00:15,402] {logging_mixin.py:109} INFO - [2022-05-04 16:00:15,402] {dag.py:2398} INFO - Sync 1 DAGs
[2022-05-04 16:00:15,430] {logging_mixin.py:109} INFO - [2022-05-04 16:00:15,429] {dag.py:2937} INFO - Setting next_dagrun for ej6 to 2022-05-03T00:00:00+00:00
[2022-05-04 16:00:15,446] {processor.py:171} INFO - Processing /opt/airflow/dags/ej6.py took 0.123 seconds
[2022-05-04 16:00:45,975] {processor.py:163} INFO - Started process (PID=18777) to work on /opt/airflow/dags/ej6.py
[2022-05-04 16:00:45,977] {processor.py:642} INFO - Processing file /opt/airflow/dags/ej6.py for tasks to queue
[2022-05-04 16:00:45,978] {logging_mixin.py:109} INFO - [2022-05-04 16:00:45,978] {dagbag.py:500} INFO - Filling up the DagBag from /opt/airflow/dags/ej6.py
[2022-05-04 16:00:46,014] {processor.py:652} INFO - DAG(s) dict_keys(['ej6']) retrieved from /opt/airflow/dags/ej6.py
[2022-05-04 16:00:46,038] {logging_mixin.py:109} INFO - [2022-05-04 16:00:46,038] {dag.py:2398} INFO - Sync 1 DAGs
[2022-05-04 16:00:46,054] {logging_mixin.py:109} INFO - [2022-05-04 16:00:46,054] {dag.py:2937} INFO - Setting next_dagrun for ej6 to 2022-05-03T00:00:00+00:00
[2022-05-04 16:00:46,069] {processor.py:171} INFO - Processing /opt/airflow/dags/ej6.py took 0.098 seconds
[2022-05-04 16:01:16,463] {processor.py:163} INFO - Started process (PID=18837) to work on /opt/airflow/dags/ej6.py
[2022-05-04 16:01:16,465] {processor.py:642} INFO - Processing file /opt/airflow/dags/ej6.py for tasks to queue
[2022-05-04 16:01:16,466] {logging_mixin.py:109} INFO - [2022-05-04 16:01:16,466] {dagbag.py:500} INFO - Filling up the DagBag from /opt/airflow/dags/ej6.py
[2022-05-04 16:01:16,505] {processor.py:652} INFO - DAG(s) dict_keys(['ej6']) retrieved from /opt/airflow/dags/ej6.py
[2022-05-04 16:01:16,533] {logging_mixin.py:109} INFO - [2022-05-04 16:01:16,533] {dag.py:2398} INFO - Sync 1 DAGs
[2022-05-04 16:01:16,553] {logging_mixin.py:109} INFO - [2022-05-04 16:01:16,552] {dag.py:2937} INFO - Setting next_dagrun for ej6 to 2022-05-03T00:00:00+00:00
[2022-05-04 16:01:16,568] {processor.py:171} INFO - Processing /opt/airflow/dags/ej6.py took 0.108 seconds
[2022-05-04 16:01:47,057] {processor.py:163} INFO - Started process (PID=18906) to work on /opt/airflow/dags/ej6.py
[2022-05-04 16:01:47,060] {processor.py:642} INFO - Processing file /opt/airflow/dags/ej6.py for tasks to queue
[2022-05-04 16:01:47,061] {logging_mixin.py:109} INFO - [2022-05-04 16:01:47,061] {dagbag.py:500} INFO - Filling up the DagBag from /opt/airflow/dags/ej6.py
[2022-05-04 16:01:47,097] {processor.py:652} INFO - DAG(s) dict_keys(['ej6']) retrieved from /opt/airflow/dags/ej6.py
[2022-05-04 16:01:47,122] {logging_mixin.py:109} INFO - [2022-05-04 16:01:47,122] {dag.py:2398} INFO - Sync 1 DAGs
[2022-05-04 16:01:47,141] {logging_mixin.py:109} INFO - [2022-05-04 16:01:47,141] {dag.py:2937} INFO - Setting next_dagrun for ej6 to 2022-05-03T00:00:00+00:00
[2022-05-04 16:01:47,155] {processor.py:171} INFO - Processing /opt/airflow/dags/ej6.py took 0.103 seconds
[2022-05-04 16:02:17,938] {processor.py:163} INFO - Started process (PID=18965) to work on /opt/airflow/dags/ej6.py
[2022-05-04 16:02:17,940] {processor.py:642} INFO - Processing file /opt/airflow/dags/ej6.py for tasks to queue
[2022-05-04 16:02:17,941] {logging_mixin.py:109} INFO - [2022-05-04 16:02:17,941] {dagbag.py:500} INFO - Filling up the DagBag from /opt/airflow/dags/ej6.py
[2022-05-04 16:02:17,976] {processor.py:652} INFO - DAG(s) dict_keys(['ej6']) retrieved from /opt/airflow/dags/ej6.py
[2022-05-04 16:02:18,003] {logging_mixin.py:109} INFO - [2022-05-04 16:02:18,003] {dag.py:2398} INFO - Sync 1 DAGs
[2022-05-04 16:02:18,022] {logging_mixin.py:109} INFO - [2022-05-04 16:02:18,022] {dag.py:2937} INFO - Setting next_dagrun for ej6 to 2022-05-03T00:00:00+00:00
[2022-05-04 16:02:18,037] {processor.py:171} INFO - Processing /opt/airflow/dags/ej6.py took 0.103 seconds
[2022-05-04 16:02:48,370] {processor.py:163} INFO - Started process (PID=19035) to work on /opt/airflow/dags/ej6.py
[2022-05-04 16:02:48,373] {processor.py:642} INFO - Processing file /opt/airflow/dags/ej6.py for tasks to queue
[2022-05-04 16:02:48,374] {logging_mixin.py:109} INFO - [2022-05-04 16:02:48,374] {dagbag.py:500} INFO - Filling up the DagBag from /opt/airflow/dags/ej6.py
[2022-05-04 16:02:48,424] {processor.py:652} INFO - DAG(s) dict_keys(['ej6']) retrieved from /opt/airflow/dags/ej6.py
[2022-05-04 16:02:48,453] {logging_mixin.py:109} INFO - [2022-05-04 16:02:48,453] {dag.py:2398} INFO - Sync 1 DAGs
[2022-05-04 16:02:48,472] {logging_mixin.py:109} INFO - [2022-05-04 16:02:48,471] {dag.py:2937} INFO - Setting next_dagrun for ej6 to 2022-05-03T00:00:00+00:00
[2022-05-04 16:02:48,486] {processor.py:171} INFO - Processing /opt/airflow/dags/ej6.py took 0.122 seconds
[2022-05-04 16:03:18,568] {processor.py:163} INFO - Started process (PID=19096) to work on /opt/airflow/dags/ej6.py
[2022-05-04 16:03:18,571] {processor.py:642} INFO - Processing file /opt/airflow/dags/ej6.py for tasks to queue
[2022-05-04 16:03:18,573] {logging_mixin.py:109} INFO - [2022-05-04 16:03:18,572] {dagbag.py:500} INFO - Filling up the DagBag from /opt/airflow/dags/ej6.py
[2022-05-04 16:03:18,638] {processor.py:652} INFO - DAG(s) dict_keys(['ej6']) retrieved from /opt/airflow/dags/ej6.py
[2022-05-04 16:03:18,687] {logging_mixin.py:109} INFO - [2022-05-04 16:03:18,687] {dag.py:2398} INFO - Sync 1 DAGs
[2022-05-04 16:03:18,720] {logging_mixin.py:109} INFO - [2022-05-04 16:03:18,720] {dag.py:2937} INFO - Setting next_dagrun for ej6 to 2022-05-03T00:00:00+00:00
[2022-05-04 16:03:18,751] {processor.py:171} INFO - Processing /opt/airflow/dags/ej6.py took 0.188 seconds
[2022-05-04 16:03:48,945] {processor.py:163} INFO - Started process (PID=19165) to work on /opt/airflow/dags/ej6.py
[2022-05-04 16:03:48,947] {processor.py:642} INFO - Processing file /opt/airflow/dags/ej6.py for tasks to queue
[2022-05-04 16:03:48,948] {logging_mixin.py:109} INFO - [2022-05-04 16:03:48,948] {dagbag.py:500} INFO - Filling up the DagBag from /opt/airflow/dags/ej6.py
[2022-05-04 16:03:48,973] {processor.py:652} INFO - DAG(s) dict_keys(['ej6']) retrieved from /opt/airflow/dags/ej6.py
[2022-05-04 16:03:48,993] {logging_mixin.py:109} INFO - [2022-05-04 16:03:48,993] {dag.py:2398} INFO - Sync 1 DAGs
[2022-05-04 16:03:49,010] {logging_mixin.py:109} INFO - [2022-05-04 16:03:49,010] {dag.py:2937} INFO - Setting next_dagrun for ej6 to 2022-05-03T00:00:00+00:00
[2022-05-04 16:03:49,024] {processor.py:171} INFO - Processing /opt/airflow/dags/ej6.py took 0.082 seconds
[2022-05-04 16:04:19,442] {processor.py:163} INFO - Started process (PID=19225) to work on /opt/airflow/dags/ej6.py
[2022-05-04 16:04:19,445] {processor.py:642} INFO - Processing file /opt/airflow/dags/ej6.py for tasks to queue
[2022-05-04 16:04:19,447] {logging_mixin.py:109} INFO - [2022-05-04 16:04:19,447] {dagbag.py:500} INFO - Filling up the DagBag from /opt/airflow/dags/ej6.py
[2022-05-04 16:04:19,513] {processor.py:652} INFO - DAG(s) dict_keys(['ej6']) retrieved from /opt/airflow/dags/ej6.py
[2022-05-04 16:04:19,536] {logging_mixin.py:109} INFO - [2022-05-04 16:04:19,536] {dag.py:2398} INFO - Sync 1 DAGs
[2022-05-04 16:04:19,553] {logging_mixin.py:109} INFO - [2022-05-04 16:04:19,553] {dag.py:2937} INFO - Setting next_dagrun for ej6 to 2022-05-03T00:00:00+00:00
[2022-05-04 16:04:19,571] {processor.py:171} INFO - Processing /opt/airflow/dags/ej6.py took 0.136 seconds
[2022-05-04 16:04:49,894] {processor.py:163} INFO - Started process (PID=19293) to work on /opt/airflow/dags/ej6.py
[2022-05-04 16:04:49,896] {processor.py:642} INFO - Processing file /opt/airflow/dags/ej6.py for tasks to queue
[2022-05-04 16:04:49,897] {logging_mixin.py:109} INFO - [2022-05-04 16:04:49,897] {dagbag.py:500} INFO - Filling up the DagBag from /opt/airflow/dags/ej6.py
[2022-05-04 16:04:49,930] {processor.py:652} INFO - DAG(s) dict_keys(['ej6']) retrieved from /opt/airflow/dags/ej6.py
[2022-05-04 16:04:49,956] {logging_mixin.py:109} INFO - [2022-05-04 16:04:49,956] {dag.py:2398} INFO - Sync 1 DAGs
[2022-05-04 16:04:49,977] {logging_mixin.py:109} INFO - [2022-05-04 16:04:49,977] {dag.py:2937} INFO - Setting next_dagrun for ej6 to 2022-05-03T00:00:00+00:00
[2022-05-04 16:04:49,996] {processor.py:171} INFO - Processing /opt/airflow/dags/ej6.py took 0.107 seconds
[2022-05-04 16:05:20,336] {processor.py:163} INFO - Started process (PID=19356) to work on /opt/airflow/dags/ej6.py
[2022-05-04 16:05:20,339] {processor.py:642} INFO - Processing file /opt/airflow/dags/ej6.py for tasks to queue
[2022-05-04 16:05:20,341] {logging_mixin.py:109} INFO - [2022-05-04 16:05:20,341] {dagbag.py:500} INFO - Filling up the DagBag from /opt/airflow/dags/ej6.py
[2022-05-04 16:05:20,414] {processor.py:652} INFO - DAG(s) dict_keys(['ej6']) retrieved from /opt/airflow/dags/ej6.py
[2022-05-04 16:05:20,462] {logging_mixin.py:109} INFO - [2022-05-04 16:05:20,462] {dag.py:2398} INFO - Sync 1 DAGs
[2022-05-04 16:05:20,495] {logging_mixin.py:109} INFO - [2022-05-04 16:05:20,495] {dag.py:2937} INFO - Setting next_dagrun for ej6 to 2022-05-03T00:00:00+00:00
[2022-05-04 16:05:20,522] {processor.py:171} INFO - Processing /opt/airflow/dags/ej6.py took 0.195 seconds
[2022-05-04 16:05:50,870] {processor.py:163} INFO - Started process (PID=19417) to work on /opt/airflow/dags/ej6.py
[2022-05-04 16:05:50,872] {processor.py:642} INFO - Processing file /opt/airflow/dags/ej6.py for tasks to queue
[2022-05-04 16:05:50,873] {logging_mixin.py:109} INFO - [2022-05-04 16:05:50,873] {dagbag.py:500} INFO - Filling up the DagBag from /opt/airflow/dags/ej6.py
[2022-05-04 16:05:50,916] {processor.py:652} INFO - DAG(s) dict_keys(['ej6']) retrieved from /opt/airflow/dags/ej6.py
[2022-05-04 16:05:50,942] {logging_mixin.py:109} INFO - [2022-05-04 16:05:50,942] {dag.py:2398} INFO - Sync 1 DAGs
[2022-05-04 16:05:50,959] {logging_mixin.py:109} INFO - [2022-05-04 16:05:50,959] {dag.py:2937} INFO - Setting next_dagrun for ej6 to 2022-05-03T00:00:00+00:00
[2022-05-04 16:05:50,973] {processor.py:171} INFO - Processing /opt/airflow/dags/ej6.py took 0.108 seconds
[2022-05-04 16:06:21,369] {processor.py:163} INFO - Started process (PID=19488) to work on /opt/airflow/dags/ej6.py
[2022-05-04 16:06:21,371] {processor.py:642} INFO - Processing file /opt/airflow/dags/ej6.py for tasks to queue
[2022-05-04 16:06:21,372] {logging_mixin.py:109} INFO - [2022-05-04 16:06:21,372] {dagbag.py:500} INFO - Filling up the DagBag from /opt/airflow/dags/ej6.py
[2022-05-04 16:06:21,412] {processor.py:652} INFO - DAG(s) dict_keys(['ej6']) retrieved from /opt/airflow/dags/ej6.py
[2022-05-04 16:06:21,435] {logging_mixin.py:109} INFO - [2022-05-04 16:06:21,435] {dag.py:2398} INFO - Sync 1 DAGs
[2022-05-04 16:06:21,452] {logging_mixin.py:109} INFO - [2022-05-04 16:06:21,452] {dag.py:2937} INFO - Setting next_dagrun for ej6 to 2022-05-03T00:00:00+00:00
[2022-05-04 16:06:21,467] {processor.py:171} INFO - Processing /opt/airflow/dags/ej6.py took 0.102 seconds
[2022-05-04 16:06:52,278] {processor.py:163} INFO - Started process (PID=19547) to work on /opt/airflow/dags/ej6.py
[2022-05-04 16:06:52,280] {processor.py:642} INFO - Processing file /opt/airflow/dags/ej6.py for tasks to queue
[2022-05-04 16:06:52,282] {logging_mixin.py:109} INFO - [2022-05-04 16:06:52,282] {dagbag.py:500} INFO - Filling up the DagBag from /opt/airflow/dags/ej6.py
[2022-05-04 16:06:52,320] {processor.py:652} INFO - DAG(s) dict_keys(['ej6']) retrieved from /opt/airflow/dags/ej6.py
[2022-05-04 16:06:52,345] {logging_mixin.py:109} INFO - [2022-05-04 16:06:52,345] {dag.py:2398} INFO - Sync 1 DAGs
[2022-05-04 16:06:52,363] {logging_mixin.py:109} INFO - [2022-05-04 16:06:52,362] {dag.py:2937} INFO - Setting next_dagrun for ej6 to 2022-05-03T00:00:00+00:00
[2022-05-04 16:06:52,378] {processor.py:171} INFO - Processing /opt/airflow/dags/ej6.py took 0.104 seconds
[2022-05-04 16:07:23,108] {processor.py:163} INFO - Started process (PID=19615) to work on /opt/airflow/dags/ej6.py
[2022-05-04 16:07:23,110] {processor.py:642} INFO - Processing file /opt/airflow/dags/ej6.py for tasks to queue
[2022-05-04 16:07:23,111] {logging_mixin.py:109} INFO - [2022-05-04 16:07:23,111] {dagbag.py:500} INFO - Filling up the DagBag from /opt/airflow/dags/ej6.py
[2022-05-04 16:07:23,155] {processor.py:652} INFO - DAG(s) dict_keys(['ej6']) retrieved from /opt/airflow/dags/ej6.py
[2022-05-04 16:07:23,182] {logging_mixin.py:109} INFO - [2022-05-04 16:07:23,181] {dag.py:2398} INFO - Sync 1 DAGs
[2022-05-04 16:07:23,201] {logging_mixin.py:109} INFO - [2022-05-04 16:07:23,201] {dag.py:2937} INFO - Setting next_dagrun for ej6 to 2022-05-03T00:00:00+00:00
[2022-05-04 16:07:23,219] {processor.py:171} INFO - Processing /opt/airflow/dags/ej6.py took 0.116 seconds
[2022-05-04 16:07:53,686] {processor.py:163} INFO - Started process (PID=19675) to work on /opt/airflow/dags/ej6.py
[2022-05-04 16:07:53,689] {processor.py:642} INFO - Processing file /opt/airflow/dags/ej6.py for tasks to queue
[2022-05-04 16:07:53,690] {logging_mixin.py:109} INFO - [2022-05-04 16:07:53,690] {dagbag.py:500} INFO - Filling up the DagBag from /opt/airflow/dags/ej6.py
[2022-05-04 16:07:53,731] {processor.py:652} INFO - DAG(s) dict_keys(['ej6']) retrieved from /opt/airflow/dags/ej6.py
[2022-05-04 16:07:53,762] {logging_mixin.py:109} INFO - [2022-05-04 16:07:53,762] {dag.py:2398} INFO - Sync 1 DAGs
[2022-05-04 16:07:53,782] {logging_mixin.py:109} INFO - [2022-05-04 16:07:53,782] {dag.py:2937} INFO - Setting next_dagrun for ej6 to 2022-05-03T00:00:00+00:00
[2022-05-04 16:07:53,800] {processor.py:171} INFO - Processing /opt/airflow/dags/ej6.py took 0.118 seconds
[2022-05-04 16:08:23,888] {processor.py:163} INFO - Started process (PID=19745) to work on /opt/airflow/dags/ej6.py
[2022-05-04 16:08:23,890] {processor.py:642} INFO - Processing file /opt/airflow/dags/ej6.py for tasks to queue
[2022-05-04 16:08:23,891] {logging_mixin.py:109} INFO - [2022-05-04 16:08:23,891] {dagbag.py:500} INFO - Filling up the DagBag from /opt/airflow/dags/ej6.py
[2022-05-04 16:08:23,929] {processor.py:652} INFO - DAG(s) dict_keys(['ej6']) retrieved from /opt/airflow/dags/ej6.py
[2022-05-04 16:08:23,950] {logging_mixin.py:109} INFO - [2022-05-04 16:08:23,950] {dag.py:2398} INFO - Sync 1 DAGs
[2022-05-04 16:08:23,967] {logging_mixin.py:109} INFO - [2022-05-04 16:08:23,967] {dag.py:2937} INFO - Setting next_dagrun for ej6 to 2022-05-03T00:00:00+00:00
[2022-05-04 16:08:23,981] {processor.py:171} INFO - Processing /opt/airflow/dags/ej6.py took 0.097 seconds
[2022-05-04 16:08:54,157] {processor.py:163} INFO - Started process (PID=19805) to work on /opt/airflow/dags/ej6.py
[2022-05-04 16:08:54,159] {processor.py:642} INFO - Processing file /opt/airflow/dags/ej6.py for tasks to queue
[2022-05-04 16:08:54,161] {logging_mixin.py:109} INFO - [2022-05-04 16:08:54,161] {dagbag.py:500} INFO - Filling up the DagBag from /opt/airflow/dags/ej6.py
[2022-05-04 16:08:54,203] {processor.py:652} INFO - DAG(s) dict_keys(['ej6']) retrieved from /opt/airflow/dags/ej6.py
[2022-05-04 16:08:54,231] {logging_mixin.py:109} INFO - [2022-05-04 16:08:54,231] {dag.py:2398} INFO - Sync 1 DAGs
[2022-05-04 16:08:54,253] {logging_mixin.py:109} INFO - [2022-05-04 16:08:54,253] {dag.py:2937} INFO - Setting next_dagrun for ej6 to 2022-05-03T00:00:00+00:00
[2022-05-04 16:08:54,269] {processor.py:171} INFO - Processing /opt/airflow/dags/ej6.py took 0.117 seconds
[2022-05-04 16:09:24,799] {processor.py:163} INFO - Started process (PID=19876) to work on /opt/airflow/dags/ej6.py
[2022-05-04 16:09:24,802] {processor.py:642} INFO - Processing file /opt/airflow/dags/ej6.py for tasks to queue
[2022-05-04 16:09:24,803] {logging_mixin.py:109} INFO - [2022-05-04 16:09:24,803] {dagbag.py:500} INFO - Filling up the DagBag from /opt/airflow/dags/ej6.py
[2022-05-04 16:09:24,832] {processor.py:652} INFO - DAG(s) dict_keys(['ej6']) retrieved from /opt/airflow/dags/ej6.py
[2022-05-04 16:09:24,855] {logging_mixin.py:109} INFO - [2022-05-04 16:09:24,855] {dag.py:2398} INFO - Sync 1 DAGs
[2022-05-04 16:09:24,873] {logging_mixin.py:109} INFO - [2022-05-04 16:09:24,872] {dag.py:2937} INFO - Setting next_dagrun for ej6 to 2022-05-03T00:00:00+00:00
[2022-05-04 16:09:24,886] {processor.py:171} INFO - Processing /opt/airflow/dags/ej6.py took 0.091 seconds
[2022-05-04 16:09:55,251] {processor.py:163} INFO - Started process (PID=19937) to work on /opt/airflow/dags/ej6.py
[2022-05-04 16:09:55,253] {processor.py:642} INFO - Processing file /opt/airflow/dags/ej6.py for tasks to queue
[2022-05-04 16:09:55,254] {logging_mixin.py:109} INFO - [2022-05-04 16:09:55,254] {dagbag.py:500} INFO - Filling up the DagBag from /opt/airflow/dags/ej6.py
[2022-05-04 16:09:55,283] {processor.py:652} INFO - DAG(s) dict_keys(['ej6']) retrieved from /opt/airflow/dags/ej6.py
[2022-05-04 16:09:55,305] {logging_mixin.py:109} INFO - [2022-05-04 16:09:55,305] {dag.py:2398} INFO - Sync 1 DAGs
[2022-05-04 16:09:55,324] {logging_mixin.py:109} INFO - [2022-05-04 16:09:55,324] {dag.py:2937} INFO - Setting next_dagrun for ej6 to 2022-05-03T00:00:00+00:00
[2022-05-04 16:09:55,338] {processor.py:171} INFO - Processing /opt/airflow/dags/ej6.py took 0.090 seconds
[2022-05-04 16:10:25,748] {processor.py:163} INFO - Started process (PID=20006) to work on /opt/airflow/dags/ej6.py
[2022-05-04 16:10:25,750] {processor.py:642} INFO - Processing file /opt/airflow/dags/ej6.py for tasks to queue
[2022-05-04 16:10:25,752] {logging_mixin.py:109} INFO - [2022-05-04 16:10:25,751] {dagbag.py:500} INFO - Filling up the DagBag from /opt/airflow/dags/ej6.py
[2022-05-04 16:10:25,796] {processor.py:652} INFO - DAG(s) dict_keys(['ej6']) retrieved from /opt/airflow/dags/ej6.py
[2022-05-04 16:10:25,821] {logging_mixin.py:109} INFO - [2022-05-04 16:10:25,821] {dag.py:2398} INFO - Sync 1 DAGs
[2022-05-04 16:10:25,840] {logging_mixin.py:109} INFO - [2022-05-04 16:10:25,840] {dag.py:2937} INFO - Setting next_dagrun for ej6 to 2022-05-03T00:00:00+00:00
[2022-05-04 16:10:25,858] {processor.py:171} INFO - Processing /opt/airflow/dags/ej6.py took 0.115 seconds
[2022-05-04 16:10:56,056] {processor.py:163} INFO - Started process (PID=20066) to work on /opt/airflow/dags/ej6.py
[2022-05-04 16:10:56,058] {processor.py:642} INFO - Processing file /opt/airflow/dags/ej6.py for tasks to queue
[2022-05-04 16:10:56,060] {logging_mixin.py:109} INFO - [2022-05-04 16:10:56,060] {dagbag.py:500} INFO - Filling up the DagBag from /opt/airflow/dags/ej6.py
[2022-05-04 16:10:56,110] {processor.py:652} INFO - DAG(s) dict_keys(['ej6']) retrieved from /opt/airflow/dags/ej6.py
[2022-05-04 16:10:56,132] {logging_mixin.py:109} INFO - [2022-05-04 16:10:56,132] {dag.py:2398} INFO - Sync 1 DAGs
[2022-05-04 16:10:56,148] {logging_mixin.py:109} INFO - [2022-05-04 16:10:56,148] {dag.py:2937} INFO - Setting next_dagrun for ej6 to 2022-05-03T00:00:00+00:00
[2022-05-04 16:10:56,164] {processor.py:171} INFO - Processing /opt/airflow/dags/ej6.py took 0.114 seconds
[2022-05-04 16:11:26,594] {processor.py:163} INFO - Started process (PID=20136) to work on /opt/airflow/dags/ej6.py
[2022-05-04 16:11:26,596] {processor.py:642} INFO - Processing file /opt/airflow/dags/ej6.py for tasks to queue
[2022-05-04 16:11:26,597] {logging_mixin.py:109} INFO - [2022-05-04 16:11:26,597] {dagbag.py:500} INFO - Filling up the DagBag from /opt/airflow/dags/ej6.py
[2022-05-04 16:11:26,628] {processor.py:652} INFO - DAG(s) dict_keys(['ej6']) retrieved from /opt/airflow/dags/ej6.py
[2022-05-04 16:11:26,652] {logging_mixin.py:109} INFO - [2022-05-04 16:11:26,652] {dag.py:2398} INFO - Sync 1 DAGs
[2022-05-04 16:11:26,671] {logging_mixin.py:109} INFO - [2022-05-04 16:11:26,671] {dag.py:2937} INFO - Setting next_dagrun for ej6 to 2022-05-03T00:00:00+00:00
[2022-05-04 16:11:26,686] {processor.py:171} INFO - Processing /opt/airflow/dags/ej6.py took 0.096 seconds
[2022-05-04 16:11:57,133] {processor.py:163} INFO - Started process (PID=20195) to work on /opt/airflow/dags/ej6.py
[2022-05-04 16:11:57,136] {processor.py:642} INFO - Processing file /opt/airflow/dags/ej6.py for tasks to queue
[2022-05-04 16:11:57,137] {logging_mixin.py:109} INFO - [2022-05-04 16:11:57,137] {dagbag.py:500} INFO - Filling up the DagBag from /opt/airflow/dags/ej6.py
[2022-05-04 16:11:57,178] {processor.py:652} INFO - DAG(s) dict_keys(['ej6']) retrieved from /opt/airflow/dags/ej6.py
[2022-05-04 16:11:57,202] {logging_mixin.py:109} INFO - [2022-05-04 16:11:57,202] {dag.py:2398} INFO - Sync 1 DAGs
[2022-05-04 16:11:57,222] {logging_mixin.py:109} INFO - [2022-05-04 16:11:57,222] {dag.py:2937} INFO - Setting next_dagrun for ej6 to 2022-05-03T00:00:00+00:00
[2022-05-04 16:11:57,238] {processor.py:171} INFO - Processing /opt/airflow/dags/ej6.py took 0.110 seconds
[2022-05-04 16:12:27,335] {processor.py:163} INFO - Started process (PID=20262) to work on /opt/airflow/dags/ej6.py
[2022-05-04 16:12:27,337] {processor.py:642} INFO - Processing file /opt/airflow/dags/ej6.py for tasks to queue
[2022-05-04 16:12:27,338] {logging_mixin.py:109} INFO - [2022-05-04 16:12:27,338] {dagbag.py:500} INFO - Filling up the DagBag from /opt/airflow/dags/ej6.py
[2022-05-04 16:12:27,387] {processor.py:652} INFO - DAG(s) dict_keys(['ej6']) retrieved from /opt/airflow/dags/ej6.py
[2022-05-04 16:12:27,430] {logging_mixin.py:109} INFO - [2022-05-04 16:12:27,429] {dag.py:2398} INFO - Sync 1 DAGs
[2022-05-04 16:12:27,469] {logging_mixin.py:109} INFO - [2022-05-04 16:12:27,469] {dag.py:2937} INFO - Setting next_dagrun for ej6 to 2022-05-03T00:00:00+00:00
[2022-05-04 16:12:27,493] {processor.py:171} INFO - Processing /opt/airflow/dags/ej6.py took 0.162 seconds
[2022-05-04 16:12:57,608] {processor.py:163} INFO - Started process (PID=20324) to work on /opt/airflow/dags/ej6.py
[2022-05-04 16:12:57,611] {processor.py:642} INFO - Processing file /opt/airflow/dags/ej6.py for tasks to queue
[2022-05-04 16:12:57,612] {logging_mixin.py:109} INFO - [2022-05-04 16:12:57,612] {dagbag.py:500} INFO - Filling up the DagBag from /opt/airflow/dags/ej6.py
[2022-05-04 16:12:57,657] {processor.py:652} INFO - DAG(s) dict_keys(['ej6']) retrieved from /opt/airflow/dags/ej6.py
[2022-05-04 16:12:57,683] {logging_mixin.py:109} INFO - [2022-05-04 16:12:57,682] {dag.py:2398} INFO - Sync 1 DAGs
[2022-05-04 16:12:57,702] {logging_mixin.py:109} INFO - [2022-05-04 16:12:57,702] {dag.py:2937} INFO - Setting next_dagrun for ej6 to 2022-05-03T00:00:00+00:00
[2022-05-04 16:12:57,717] {processor.py:171} INFO - Processing /opt/airflow/dags/ej6.py took 0.114 seconds
[2022-05-04 16:13:28,027] {processor.py:163} INFO - Started process (PID=20385) to work on /opt/airflow/dags/ej6.py
[2022-05-04 16:13:28,029] {processor.py:642} INFO - Processing file /opt/airflow/dags/ej6.py for tasks to queue
[2022-05-04 16:13:28,030] {logging_mixin.py:109} INFO - [2022-05-04 16:13:28,030] {dagbag.py:500} INFO - Filling up the DagBag from /opt/airflow/dags/ej6.py
[2022-05-04 16:13:28,065] {processor.py:652} INFO - DAG(s) dict_keys(['ej6']) retrieved from /opt/airflow/dags/ej6.py
[2022-05-04 16:13:28,091] {logging_mixin.py:109} INFO - [2022-05-04 16:13:28,091] {dag.py:2398} INFO - Sync 1 DAGs
[2022-05-04 16:13:28,110] {logging_mixin.py:109} INFO - [2022-05-04 16:13:28,109] {dag.py:2937} INFO - Setting next_dagrun for ej6 to 2022-05-03T00:00:00+00:00
[2022-05-04 16:13:28,126] {processor.py:171} INFO - Processing /opt/airflow/dags/ej6.py took 0.103 seconds
[2022-05-04 16:13:58,324] {processor.py:163} INFO - Started process (PID=20457) to work on /opt/airflow/dags/ej6.py
[2022-05-04 16:13:58,327] {processor.py:642} INFO - Processing file /opt/airflow/dags/ej6.py for tasks to queue
[2022-05-04 16:13:58,328] {logging_mixin.py:109} INFO - [2022-05-04 16:13:58,328] {dagbag.py:500} INFO - Filling up the DagBag from /opt/airflow/dags/ej6.py
[2022-05-04 16:13:58,374] {processor.py:652} INFO - DAG(s) dict_keys(['ej6']) retrieved from /opt/airflow/dags/ej6.py
[2022-05-04 16:13:58,397] {logging_mixin.py:109} INFO - [2022-05-04 16:13:58,397] {dag.py:2398} INFO - Sync 1 DAGs
[2022-05-04 16:13:58,423] {logging_mixin.py:109} INFO - [2022-05-04 16:13:58,423] {dag.py:2937} INFO - Setting next_dagrun for ej6 to 2022-05-03T00:00:00+00:00
[2022-05-04 16:13:58,439] {processor.py:171} INFO - Processing /opt/airflow/dags/ej6.py took 0.120 seconds
[2022-05-04 16:14:28,646] {processor.py:163} INFO - Started process (PID=20518) to work on /opt/airflow/dags/ej6.py
[2022-05-04 16:14:28,648] {processor.py:642} INFO - Processing file /opt/airflow/dags/ej6.py for tasks to queue
[2022-05-04 16:14:28,649] {logging_mixin.py:109} INFO - [2022-05-04 16:14:28,649] {dagbag.py:500} INFO - Filling up the DagBag from /opt/airflow/dags/ej6.py
[2022-05-04 16:14:28,680] {processor.py:652} INFO - DAG(s) dict_keys(['ej6']) retrieved from /opt/airflow/dags/ej6.py
[2022-05-04 16:14:28,705] {logging_mixin.py:109} INFO - [2022-05-04 16:14:28,705] {dag.py:2398} INFO - Sync 1 DAGs
[2022-05-04 16:14:28,724] {logging_mixin.py:109} INFO - [2022-05-04 16:14:28,724] {dag.py:2937} INFO - Setting next_dagrun for ej6 to 2022-05-03T00:00:00+00:00
[2022-05-04 16:14:28,737] {processor.py:171} INFO - Processing /opt/airflow/dags/ej6.py took 0.094 seconds
[2022-05-04 16:14:59,317] {processor.py:163} INFO - Started process (PID=20587) to work on /opt/airflow/dags/ej6.py
[2022-05-04 16:14:59,320] {processor.py:642} INFO - Processing file /opt/airflow/dags/ej6.py for tasks to queue
[2022-05-04 16:14:59,321] {logging_mixin.py:109} INFO - [2022-05-04 16:14:59,321] {dagbag.py:500} INFO - Filling up the DagBag from /opt/airflow/dags/ej6.py
[2022-05-04 16:14:59,360] {processor.py:652} INFO - DAG(s) dict_keys(['ej6']) retrieved from /opt/airflow/dags/ej6.py
[2022-05-04 16:14:59,388] {logging_mixin.py:109} INFO - [2022-05-04 16:14:59,388] {dag.py:2398} INFO - Sync 1 DAGs
[2022-05-04 16:14:59,408] {logging_mixin.py:109} INFO - [2022-05-04 16:14:59,408] {dag.py:2937} INFO - Setting next_dagrun for ej6 to 2022-05-03T00:00:00+00:00
[2022-05-04 16:14:59,426] {processor.py:171} INFO - Processing /opt/airflow/dags/ej6.py took 0.114 seconds
[2022-05-04 16:15:29,477] {processor.py:163} INFO - Started process (PID=20647) to work on /opt/airflow/dags/ej6.py
[2022-05-04 16:15:29,479] {processor.py:642} INFO - Processing file /opt/airflow/dags/ej6.py for tasks to queue
[2022-05-04 16:15:29,480] {logging_mixin.py:109} INFO - [2022-05-04 16:15:29,480] {dagbag.py:500} INFO - Filling up the DagBag from /opt/airflow/dags/ej6.py
[2022-05-04 16:15:29,515] {processor.py:652} INFO - DAG(s) dict_keys(['ej6']) retrieved from /opt/airflow/dags/ej6.py
[2022-05-04 16:15:29,540] {logging_mixin.py:109} INFO - [2022-05-04 16:15:29,540] {dag.py:2398} INFO - Sync 1 DAGs
[2022-05-04 16:15:29,557] {logging_mixin.py:109} INFO - [2022-05-04 16:15:29,556] {dag.py:2937} INFO - Setting next_dagrun for ej6 to 2022-05-03T00:00:00+00:00
[2022-05-04 16:15:29,572] {processor.py:171} INFO - Processing /opt/airflow/dags/ej6.py took 0.099 seconds
[2022-05-04 16:16:00,118] {processor.py:163} INFO - Started process (PID=20717) to work on /opt/airflow/dags/ej6.py
[2022-05-04 16:16:00,121] {processor.py:642} INFO - Processing file /opt/airflow/dags/ej6.py for tasks to queue
[2022-05-04 16:16:00,123] {logging_mixin.py:109} INFO - [2022-05-04 16:16:00,123] {dagbag.py:500} INFO - Filling up the DagBag from /opt/airflow/dags/ej6.py
[2022-05-04 16:16:00,182] {processor.py:652} INFO - DAG(s) dict_keys(['ej6']) retrieved from /opt/airflow/dags/ej6.py
[2022-05-04 16:16:00,206] {logging_mixin.py:109} INFO - [2022-05-04 16:16:00,206] {dag.py:2398} INFO - Sync 1 DAGs
[2022-05-04 16:16:00,223] {logging_mixin.py:109} INFO - [2022-05-04 16:16:00,223] {dag.py:2937} INFO - Setting next_dagrun for ej6 to 2022-05-03T00:00:00+00:00
[2022-05-04 16:16:00,239] {processor.py:171} INFO - Processing /opt/airflow/dags/ej6.py took 0.127 seconds
[2022-05-04 16:16:30,593] {processor.py:163} INFO - Started process (PID=20778) to work on /opt/airflow/dags/ej6.py
[2022-05-04 16:16:30,595] {processor.py:642} INFO - Processing file /opt/airflow/dags/ej6.py for tasks to queue
[2022-05-04 16:16:30,596] {logging_mixin.py:109} INFO - [2022-05-04 16:16:30,596] {dagbag.py:500} INFO - Filling up the DagBag from /opt/airflow/dags/ej6.py
[2022-05-04 16:16:30,644] {processor.py:652} INFO - DAG(s) dict_keys(['ej6']) retrieved from /opt/airflow/dags/ej6.py
[2022-05-04 16:16:30,672] {logging_mixin.py:109} INFO - [2022-05-04 16:16:30,672] {dag.py:2398} INFO - Sync 1 DAGs
[2022-05-04 16:16:30,689] {logging_mixin.py:109} INFO - [2022-05-04 16:16:30,689] {dag.py:2937} INFO - Setting next_dagrun for ej6 to 2022-05-03T00:00:00+00:00
[2022-05-04 16:16:30,707] {processor.py:171} INFO - Processing /opt/airflow/dags/ej6.py took 0.118 seconds
[2022-05-04 16:17:00,950] {processor.py:163} INFO - Started process (PID=20848) to work on /opt/airflow/dags/ej6.py
[2022-05-04 16:17:00,953] {processor.py:642} INFO - Processing file /opt/airflow/dags/ej6.py for tasks to queue
[2022-05-04 16:17:00,953] {logging_mixin.py:109} INFO - [2022-05-04 16:17:00,953] {dagbag.py:500} INFO - Filling up the DagBag from /opt/airflow/dags/ej6.py
[2022-05-04 16:17:00,997] {processor.py:652} INFO - DAG(s) dict_keys(['ej6']) retrieved from /opt/airflow/dags/ej6.py
[2022-05-04 16:17:01,021] {logging_mixin.py:109} INFO - [2022-05-04 16:17:01,020] {dag.py:2398} INFO - Sync 1 DAGs
[2022-05-04 16:17:01,039] {logging_mixin.py:109} INFO - [2022-05-04 16:17:01,039] {dag.py:2937} INFO - Setting next_dagrun for ej6 to 2022-05-03T00:00:00+00:00
[2022-05-04 16:17:01,054] {processor.py:171} INFO - Processing /opt/airflow/dags/ej6.py took 0.109 seconds
[2022-05-04 16:17:31,182] {processor.py:163} INFO - Started process (PID=20908) to work on /opt/airflow/dags/ej6.py
[2022-05-04 16:17:31,184] {processor.py:642} INFO - Processing file /opt/airflow/dags/ej6.py for tasks to queue
[2022-05-04 16:17:31,185] {logging_mixin.py:109} INFO - [2022-05-04 16:17:31,185] {dagbag.py:500} INFO - Filling up the DagBag from /opt/airflow/dags/ej6.py
[2022-05-04 16:17:31,220] {processor.py:652} INFO - DAG(s) dict_keys(['ej6']) retrieved from /opt/airflow/dags/ej6.py
[2022-05-04 16:17:31,244] {logging_mixin.py:109} INFO - [2022-05-04 16:17:31,244] {dag.py:2398} INFO - Sync 1 DAGs
[2022-05-04 16:17:31,260] {logging_mixin.py:109} INFO - [2022-05-04 16:17:31,260] {dag.py:2937} INFO - Setting next_dagrun for ej6 to 2022-05-03T00:00:00+00:00
[2022-05-04 16:17:31,275] {processor.py:171} INFO - Processing /opt/airflow/dags/ej6.py took 0.097 seconds
[2022-05-04 16:18:01,761] {processor.py:163} INFO - Started process (PID=20978) to work on /opt/airflow/dags/ej6.py
[2022-05-04 16:18:01,764] {processor.py:642} INFO - Processing file /opt/airflow/dags/ej6.py for tasks to queue
[2022-05-04 16:18:01,765] {logging_mixin.py:109} INFO - [2022-05-04 16:18:01,765] {dagbag.py:500} INFO - Filling up the DagBag from /opt/airflow/dags/ej6.py
[2022-05-04 16:18:01,804] {processor.py:652} INFO - DAG(s) dict_keys(['ej6']) retrieved from /opt/airflow/dags/ej6.py
[2022-05-04 16:18:01,831] {logging_mixin.py:109} INFO - [2022-05-04 16:18:01,831] {dag.py:2398} INFO - Sync 1 DAGs
[2022-05-04 16:18:01,852] {logging_mixin.py:109} INFO - [2022-05-04 16:18:01,852] {dag.py:2937} INFO - Setting next_dagrun for ej6 to 2022-05-03T00:00:00+00:00
[2022-05-04 16:18:01,868] {processor.py:171} INFO - Processing /opt/airflow/dags/ej6.py took 0.113 seconds
[2022-05-04 16:18:32,157] {processor.py:163} INFO - Started process (PID=21038) to work on /opt/airflow/dags/ej6.py
[2022-05-04 16:18:32,159] {processor.py:642} INFO - Processing file /opt/airflow/dags/ej6.py for tasks to queue
[2022-05-04 16:18:32,160] {logging_mixin.py:109} INFO - [2022-05-04 16:18:32,160] {dagbag.py:500} INFO - Filling up the DagBag from /opt/airflow/dags/ej6.py
[2022-05-04 16:18:32,200] {processor.py:652} INFO - DAG(s) dict_keys(['ej6']) retrieved from /opt/airflow/dags/ej6.py
[2022-05-04 16:18:32,229] {logging_mixin.py:109} INFO - [2022-05-04 16:18:32,229] {dag.py:2398} INFO - Sync 1 DAGs
[2022-05-04 16:18:32,248] {logging_mixin.py:109} INFO - [2022-05-04 16:18:32,248] {dag.py:2937} INFO - Setting next_dagrun for ej6 to 2022-05-03T00:00:00+00:00
[2022-05-04 16:18:32,261] {processor.py:171} INFO - Processing /opt/airflow/dags/ej6.py took 0.109 seconds
[2022-05-04 16:19:02,900] {processor.py:163} INFO - Started process (PID=21109) to work on /opt/airflow/dags/ej6.py
[2022-05-04 16:19:02,902] {processor.py:642} INFO - Processing file /opt/airflow/dags/ej6.py for tasks to queue
[2022-05-04 16:19:02,904] {logging_mixin.py:109} INFO - [2022-05-04 16:19:02,903] {dagbag.py:500} INFO - Filling up the DagBag from /opt/airflow/dags/ej6.py
[2022-05-04 16:19:02,948] {processor.py:652} INFO - DAG(s) dict_keys(['ej6']) retrieved from /opt/airflow/dags/ej6.py
[2022-05-04 16:19:02,976] {logging_mixin.py:109} INFO - [2022-05-04 16:19:02,976] {dag.py:2398} INFO - Sync 1 DAGs
[2022-05-04 16:19:02,995] {logging_mixin.py:109} INFO - [2022-05-04 16:19:02,995] {dag.py:2937} INFO - Setting next_dagrun for ej6 to 2022-05-03T00:00:00+00:00
[2022-05-04 16:19:03,013] {processor.py:171} INFO - Processing /opt/airflow/dags/ej6.py took 0.118 seconds
[2022-05-04 16:19:33,367] {processor.py:163} INFO - Started process (PID=21168) to work on /opt/airflow/dags/ej6.py
[2022-05-04 16:19:33,370] {processor.py:642} INFO - Processing file /opt/airflow/dags/ej6.py for tasks to queue
[2022-05-04 16:19:33,371] {logging_mixin.py:109} INFO - [2022-05-04 16:19:33,371] {dagbag.py:500} INFO - Filling up the DagBag from /opt/airflow/dags/ej6.py
[2022-05-04 16:19:33,404] {processor.py:652} INFO - DAG(s) dict_keys(['ej6']) retrieved from /opt/airflow/dags/ej6.py
[2022-05-04 16:19:33,427] {logging_mixin.py:109} INFO - [2022-05-04 16:19:33,427] {dag.py:2398} INFO - Sync 1 DAGs
[2022-05-04 16:19:33,446] {logging_mixin.py:109} INFO - [2022-05-04 16:19:33,445] {dag.py:2937} INFO - Setting next_dagrun for ej6 to 2022-05-03T00:00:00+00:00
[2022-05-04 16:19:33,460] {processor.py:171} INFO - Processing /opt/airflow/dags/ej6.py took 0.098 seconds
[2022-05-04 16:20:04,063] {processor.py:163} INFO - Started process (PID=21228) to work on /opt/airflow/dags/ej6.py
[2022-05-04 16:20:04,065] {processor.py:642} INFO - Processing file /opt/airflow/dags/ej6.py for tasks to queue
[2022-05-04 16:20:04,066] {logging_mixin.py:109} INFO - [2022-05-04 16:20:04,066] {dagbag.py:500} INFO - Filling up the DagBag from /opt/airflow/dags/ej6.py
[2022-05-04 16:20:04,107] {processor.py:652} INFO - DAG(s) dict_keys(['ej6']) retrieved from /opt/airflow/dags/ej6.py
[2022-05-04 16:20:04,130] {logging_mixin.py:109} INFO - [2022-05-04 16:20:04,130] {dag.py:2398} INFO - Sync 1 DAGs
[2022-05-04 16:20:04,146] {logging_mixin.py:109} INFO - [2022-05-04 16:20:04,146] {dag.py:2937} INFO - Setting next_dagrun for ej6 to 2022-05-03T00:00:00+00:00
[2022-05-04 16:20:04,164] {processor.py:171} INFO - Processing /opt/airflow/dags/ej6.py took 0.106 seconds
[2022-05-04 16:20:34,541] {processor.py:163} INFO - Started process (PID=21299) to work on /opt/airflow/dags/ej6.py
[2022-05-04 16:20:34,544] {processor.py:642} INFO - Processing file /opt/airflow/dags/ej6.py for tasks to queue
[2022-05-04 16:20:34,544] {logging_mixin.py:109} INFO - [2022-05-04 16:20:34,544] {dagbag.py:500} INFO - Filling up the DagBag from /opt/airflow/dags/ej6.py
[2022-05-04 16:20:34,575] {processor.py:652} INFO - DAG(s) dict_keys(['ej6']) retrieved from /opt/airflow/dags/ej6.py
[2022-05-04 16:20:34,598] {logging_mixin.py:109} INFO - [2022-05-04 16:20:34,598] {dag.py:2398} INFO - Sync 1 DAGs
[2022-05-04 16:20:34,617] {logging_mixin.py:109} INFO - [2022-05-04 16:20:34,617] {dag.py:2937} INFO - Setting next_dagrun for ej6 to 2022-05-03T00:00:00+00:00
[2022-05-04 16:20:34,632] {processor.py:171} INFO - Processing /opt/airflow/dags/ej6.py took 0.094 seconds
[2022-05-04 16:21:05,312] {processor.py:163} INFO - Started process (PID=21359) to work on /opt/airflow/dags/ej6.py
[2022-05-04 16:21:05,314] {processor.py:642} INFO - Processing file /opt/airflow/dags/ej6.py for tasks to queue
[2022-05-04 16:21:05,315] {logging_mixin.py:109} INFO - [2022-05-04 16:21:05,315] {dagbag.py:500} INFO - Filling up the DagBag from /opt/airflow/dags/ej6.py
[2022-05-04 16:21:05,353] {processor.py:652} INFO - DAG(s) dict_keys(['ej6']) retrieved from /opt/airflow/dags/ej6.py
[2022-05-04 16:21:05,381] {logging_mixin.py:109} INFO - [2022-05-04 16:21:05,381] {dag.py:2398} INFO - Sync 1 DAGs
[2022-05-04 16:21:05,407] {logging_mixin.py:109} INFO - [2022-05-04 16:21:05,407] {dag.py:2937} INFO - Setting next_dagrun for ej6 to 2022-05-03T00:00:00+00:00
[2022-05-04 16:21:05,423] {processor.py:171} INFO - Processing /opt/airflow/dags/ej6.py took 0.116 seconds
[2022-05-04 16:21:36,055] {processor.py:163} INFO - Started process (PID=21429) to work on /opt/airflow/dags/ej6.py
[2022-05-04 16:21:36,058] {processor.py:642} INFO - Processing file /opt/airflow/dags/ej6.py for tasks to queue
[2022-05-04 16:21:36,059] {logging_mixin.py:109} INFO - [2022-05-04 16:21:36,059] {dagbag.py:500} INFO - Filling up the DagBag from /opt/airflow/dags/ej6.py
[2022-05-04 16:21:36,102] {processor.py:652} INFO - DAG(s) dict_keys(['ej6']) retrieved from /opt/airflow/dags/ej6.py
[2022-05-04 16:21:36,127] {logging_mixin.py:109} INFO - [2022-05-04 16:21:36,127] {dag.py:2398} INFO - Sync 1 DAGs
[2022-05-04 16:21:36,143] {logging_mixin.py:109} INFO - [2022-05-04 16:21:36,143] {dag.py:2937} INFO - Setting next_dagrun for ej6 to 2022-05-03T00:00:00+00:00
[2022-05-04 16:21:36,159] {processor.py:171} INFO - Processing /opt/airflow/dags/ej6.py took 0.109 seconds
[2022-05-04 16:22:06,800] {processor.py:163} INFO - Started process (PID=21488) to work on /opt/airflow/dags/ej6.py
[2022-05-04 16:22:06,802] {processor.py:642} INFO - Processing file /opt/airflow/dags/ej6.py for tasks to queue
[2022-05-04 16:22:06,803] {logging_mixin.py:109} INFO - [2022-05-04 16:22:06,803] {dagbag.py:500} INFO - Filling up the DagBag from /opt/airflow/dags/ej6.py
[2022-05-04 16:22:06,845] {processor.py:652} INFO - DAG(s) dict_keys(['ej6']) retrieved from /opt/airflow/dags/ej6.py
[2022-05-04 16:22:06,870] {logging_mixin.py:109} INFO - [2022-05-04 16:22:06,870] {dag.py:2398} INFO - Sync 1 DAGs
[2022-05-04 16:22:06,887] {logging_mixin.py:109} INFO - [2022-05-04 16:22:06,887] {dag.py:2937} INFO - Setting next_dagrun for ej6 to 2022-05-03T00:00:00+00:00
[2022-05-04 16:22:06,904] {processor.py:171} INFO - Processing /opt/airflow/dags/ej6.py took 0.108 seconds
[2022-05-04 16:22:37,515] {processor.py:163} INFO - Started process (PID=21558) to work on /opt/airflow/dags/ej6.py
[2022-05-04 16:22:37,517] {processor.py:642} INFO - Processing file /opt/airflow/dags/ej6.py for tasks to queue
[2022-05-04 16:22:37,519] {logging_mixin.py:109} INFO - [2022-05-04 16:22:37,518] {dagbag.py:500} INFO - Filling up the DagBag from /opt/airflow/dags/ej6.py
[2022-05-04 16:22:37,555] {processor.py:652} INFO - DAG(s) dict_keys(['ej6']) retrieved from /opt/airflow/dags/ej6.py
[2022-05-04 16:22:37,579] {logging_mixin.py:109} INFO - [2022-05-04 16:22:37,579] {dag.py:2398} INFO - Sync 1 DAGs
[2022-05-04 16:22:37,596] {logging_mixin.py:109} INFO - [2022-05-04 16:22:37,596] {dag.py:2937} INFO - Setting next_dagrun for ej6 to 2022-05-03T00:00:00+00:00
[2022-05-04 16:22:37,611] {processor.py:171} INFO - Processing /opt/airflow/dags/ej6.py took 0.102 seconds
[2022-05-04 16:23:07,874] {processor.py:163} INFO - Started process (PID=21618) to work on /opt/airflow/dags/ej6.py
[2022-05-04 16:23:07,875] {processor.py:642} INFO - Processing file /opt/airflow/dags/ej6.py for tasks to queue
[2022-05-04 16:23:07,876] {logging_mixin.py:109} INFO - [2022-05-04 16:23:07,876] {dagbag.py:500} INFO - Filling up the DagBag from /opt/airflow/dags/ej6.py
[2022-05-04 16:23:07,909] {processor.py:652} INFO - DAG(s) dict_keys(['ej6']) retrieved from /opt/airflow/dags/ej6.py
[2022-05-04 16:23:07,933] {logging_mixin.py:109} INFO - [2022-05-04 16:23:07,933] {dag.py:2398} INFO - Sync 1 DAGs
[2022-05-04 16:23:07,948] {logging_mixin.py:109} INFO - [2022-05-04 16:23:07,948] {dag.py:2937} INFO - Setting next_dagrun for ej6 to 2022-05-03T00:00:00+00:00
[2022-05-04 16:23:07,967] {processor.py:171} INFO - Processing /opt/airflow/dags/ej6.py took 0.098 seconds
[2022-05-04 16:23:38,691] {processor.py:163} INFO - Started process (PID=21689) to work on /opt/airflow/dags/ej6.py
[2022-05-04 16:23:38,692] {processor.py:642} INFO - Processing file /opt/airflow/dags/ej6.py for tasks to queue
[2022-05-04 16:23:38,693] {logging_mixin.py:109} INFO - [2022-05-04 16:23:38,693] {dagbag.py:500} INFO - Filling up the DagBag from /opt/airflow/dags/ej6.py
[2022-05-04 16:23:38,732] {processor.py:652} INFO - DAG(s) dict_keys(['ej6']) retrieved from /opt/airflow/dags/ej6.py
[2022-05-04 16:23:38,757] {logging_mixin.py:109} INFO - [2022-05-04 16:23:38,757] {dag.py:2398} INFO - Sync 1 DAGs
[2022-05-04 16:23:38,774] {logging_mixin.py:109} INFO - [2022-05-04 16:23:38,774] {dag.py:2937} INFO - Setting next_dagrun for ej6 to 2022-05-03T00:00:00+00:00
[2022-05-04 16:23:38,788] {processor.py:171} INFO - Processing /opt/airflow/dags/ej6.py took 0.101 seconds
[2022-05-04 16:24:09,334] {processor.py:163} INFO - Started process (PID=21750) to work on /opt/airflow/dags/ej6.py
[2022-05-04 16:24:09,337] {processor.py:642} INFO - Processing file /opt/airflow/dags/ej6.py for tasks to queue
[2022-05-04 16:24:09,338] {logging_mixin.py:109} INFO - [2022-05-04 16:24:09,338] {dagbag.py:500} INFO - Filling up the DagBag from /opt/airflow/dags/ej6.py
[2022-05-04 16:24:09,377] {processor.py:652} INFO - DAG(s) dict_keys(['ej6']) retrieved from /opt/airflow/dags/ej6.py
[2022-05-04 16:24:09,404] {logging_mixin.py:109} INFO - [2022-05-04 16:24:09,404] {dag.py:2398} INFO - Sync 1 DAGs
[2022-05-04 16:24:09,420] {logging_mixin.py:109} INFO - [2022-05-04 16:24:09,420] {dag.py:2937} INFO - Setting next_dagrun for ej6 to 2022-05-03T00:00:00+00:00
[2022-05-04 16:24:09,438] {processor.py:171} INFO - Processing /opt/airflow/dags/ej6.py took 0.109 seconds
[2022-05-04 16:24:40,171] {processor.py:163} INFO - Started process (PID=21819) to work on /opt/airflow/dags/ej6.py
[2022-05-04 16:24:40,173] {processor.py:642} INFO - Processing file /opt/airflow/dags/ej6.py for tasks to queue
[2022-05-04 16:24:40,174] {logging_mixin.py:109} INFO - [2022-05-04 16:24:40,174] {dagbag.py:500} INFO - Filling up the DagBag from /opt/airflow/dags/ej6.py
[2022-05-04 16:24:40,215] {processor.py:652} INFO - DAG(s) dict_keys(['ej6']) retrieved from /opt/airflow/dags/ej6.py
[2022-05-04 16:24:40,239] {logging_mixin.py:109} INFO - [2022-05-04 16:24:40,238] {dag.py:2398} INFO - Sync 1 DAGs
[2022-05-04 16:24:40,255] {logging_mixin.py:109} INFO - [2022-05-04 16:24:40,255] {dag.py:2937} INFO - Setting next_dagrun for ej6 to 2022-05-03T00:00:00+00:00
[2022-05-04 16:24:40,275] {processor.py:171} INFO - Processing /opt/airflow/dags/ej6.py took 0.109 seconds
[2022-05-04 17:29:32,217] {processor.py:163} INFO - Started process (PID=21890) to work on /opt/airflow/dags/ej6.py
[2022-05-04 17:29:32,229] {processor.py:642} INFO - Processing file /opt/airflow/dags/ej6.py for tasks to queue
[2022-05-04 17:29:32,230] {logging_mixin.py:109} INFO - [2022-05-04 17:29:32,230] {dagbag.py:500} INFO - Filling up the DagBag from /opt/airflow/dags/ej6.py
[2022-05-04 17:29:32,335] {processor.py:652} INFO - DAG(s) dict_keys(['ej6']) retrieved from /opt/airflow/dags/ej6.py
[2022-05-04 17:29:32,424] {logging_mixin.py:109} INFO - [2022-05-04 17:29:32,424] {dag.py:2398} INFO - Sync 1 DAGs
[2022-05-04 17:29:32,473] {logging_mixin.py:109} INFO - [2022-05-04 17:29:32,473] {dag.py:2937} INFO - Setting next_dagrun for ej6 to 2022-05-03T00:00:00+00:00
[2022-05-04 17:29:32,585] {processor.py:171} INFO - Processing /opt/airflow/dags/ej6.py took 0.375 seconds
[2022-05-04 17:30:03,238] {processor.py:163} INFO - Started process (PID=21951) to work on /opt/airflow/dags/ej6.py
[2022-05-04 17:30:03,240] {processor.py:642} INFO - Processing file /opt/airflow/dags/ej6.py for tasks to queue
[2022-05-04 17:30:03,242] {logging_mixin.py:109} INFO - [2022-05-04 17:30:03,241] {dagbag.py:500} INFO - Filling up the DagBag from /opt/airflow/dags/ej6.py
[2022-05-04 17:30:03,287] {processor.py:652} INFO - DAG(s) dict_keys(['ej6']) retrieved from /opt/airflow/dags/ej6.py
[2022-05-04 17:30:03,335] {logging_mixin.py:109} INFO - [2022-05-04 17:30:03,335] {dag.py:2398} INFO - Sync 1 DAGs
[2022-05-04 17:30:03,366] {logging_mixin.py:109} INFO - [2022-05-04 17:30:03,366] {dag.py:2937} INFO - Setting next_dagrun for ej6 to 2022-05-03T00:00:00+00:00
[2022-05-04 17:30:03,386] {processor.py:171} INFO - Processing /opt/airflow/dags/ej6.py took 0.155 seconds
[2022-05-04 17:30:33,706] {processor.py:163} INFO - Started process (PID=22011) to work on /opt/airflow/dags/ej6.py
[2022-05-04 17:30:33,709] {processor.py:642} INFO - Processing file /opt/airflow/dags/ej6.py for tasks to queue
[2022-05-04 17:30:33,710] {logging_mixin.py:109} INFO - [2022-05-04 17:30:33,710] {dagbag.py:500} INFO - Filling up the DagBag from /opt/airflow/dags/ej6.py
[2022-05-04 17:30:33,754] {processor.py:652} INFO - DAG(s) dict_keys(['ej6']) retrieved from /opt/airflow/dags/ej6.py
[2022-05-04 17:30:33,788] {logging_mixin.py:109} INFO - [2022-05-04 17:30:33,788] {dag.py:2398} INFO - Sync 1 DAGs
[2022-05-04 17:30:33,808] {logging_mixin.py:109} INFO - [2022-05-04 17:30:33,808] {dag.py:2937} INFO - Setting next_dagrun for ej6 to 2022-05-03T00:00:00+00:00
[2022-05-04 17:30:33,825] {processor.py:171} INFO - Processing /opt/airflow/dags/ej6.py took 0.122 seconds
[2022-05-04 17:31:04,471] {processor.py:163} INFO - Started process (PID=22071) to work on /opt/airflow/dags/ej6.py
[2022-05-04 17:31:04,474] {processor.py:642} INFO - Processing file /opt/airflow/dags/ej6.py for tasks to queue
[2022-05-04 17:31:04,475] {logging_mixin.py:109} INFO - [2022-05-04 17:31:04,475] {dagbag.py:500} INFO - Filling up the DagBag from /opt/airflow/dags/ej6.py
[2022-05-04 17:31:04,524] {processor.py:652} INFO - DAG(s) dict_keys(['ej6']) retrieved from /opt/airflow/dags/ej6.py
[2022-05-04 17:31:04,643] {logging_mixin.py:109} INFO - [2022-05-04 17:31:04,643] {dag.py:2398} INFO - Sync 1 DAGs
[2022-05-04 17:31:04,695] {logging_mixin.py:109} INFO - [2022-05-04 17:31:04,695] {dag.py:2937} INFO - Setting next_dagrun for ej6 to 2022-05-03T00:00:00+00:00
[2022-05-04 17:31:04,726] {processor.py:171} INFO - Processing /opt/airflow/dags/ej6.py took 0.261 seconds
