[2022-04-28 07:25:43,694] {taskinstance.py:1043} INFO - Dependencies all met for <TaskInstance: first.process scheduled__2022-04-27T00:00:00+00:00 [queued]>
[2022-04-28 07:25:43,779] {taskinstance.py:1043} INFO - Dependencies all met for <TaskInstance: first.process scheduled__2022-04-27T00:00:00+00:00 [queued]>
[2022-04-28 07:25:43,804] {taskinstance.py:1249} INFO - 
--------------------------------------------------------------------------------
[2022-04-28 07:25:43,852] {taskinstance.py:1250} INFO - Starting attempt 1 of 2
[2022-04-28 07:25:43,882] {taskinstance.py:1251} INFO - 
--------------------------------------------------------------------------------
[2022-04-28 07:25:43,932] {taskinstance.py:1270} INFO - Executing <Task(PythonOperator): process> on 2022-04-27 00:00:00+00:00
[2022-04-28 07:25:43,993] {standard_task_runner.py:52} INFO - Started process 10196 to run task
[2022-04-28 07:25:43,998] {standard_task_runner.py:79} INFO - Running: ['***', 'tasks', 'run', 'first', 'process', 'scheduled__2022-04-27T00:00:00+00:00', '--job-id', '13', '--raw', '--subdir', 'DAGS_FOLDER/first.py', '--cfg-path', '/tmp/tmpba1q3z6j', '--error-file', '/tmp/tmpqljwoekh']
[2022-04-28 07:25:44,012] {standard_task_runner.py:80} INFO - Job 13: Subtask process
[2022-04-28 07:25:44,266] {logging_mixin.py:109} INFO - Running <TaskInstance: first.process scheduled__2022-04-27T00:00:00+00:00 [running]> on host 65467f9f0591
[2022-04-28 07:25:44,495] {taskinstance.py:1448} INFO - Exporting the following env vars:
AIRFLOW_CTX_DAG_EMAIL=***@example.com
AIRFLOW_CTX_DAG_OWNER=***
AIRFLOW_CTX_DAG_ID=first
AIRFLOW_CTX_TASK_ID=process
AIRFLOW_CTX_EXECUTION_DATE=2022-04-27T00:00:00+00:00
AIRFLOW_CTX_DAG_RUN_ID=scheduled__2022-04-27T00:00:00+00:00
[2022-04-28 07:25:44,510] {first.py:25} INFO - performing processing
[2022-04-28 07:25:44,510] {python.py:175} INFO - Done. Returned value was: None
[2022-04-28 07:25:44,544] {taskinstance.py:1288} INFO - Marking task as SUCCESS. dag_id=first, task_id=process, execution_date=20220427T000000, start_date=20220428T072543, end_date=20220428T072544
[2022-04-28 07:25:44,717] {local_task_job.py:154} INFO - Task exited with return code 0
[2022-04-28 07:25:44,835] {local_task_job.py:264} INFO - 1 downstream tasks scheduled from follow-on schedule check
